8exyTVQipMdjxQVqF0N6knH6/5p989rz67uDvf66SY00ovWcFYmKeB8bUZ4iJ3dtB9ErnciomtokhqozX8PDFLIldsC7Y37JP1MqQVIWeX75g7m1ke/HyFvB5KRPXcWyHuGVgz5vWX46pWwzJGnrAdriJEvXYYsuOw27Gk0t7OgqObiTxydUKfa9vbTG
m7QgzH5YiqAB2Z8lZUgAoVp5Fz12WgZpbif5Yiwx3HUBntVYAtZXRWgirXmW2prIjc5c+q1VcRR30mvjPJDRBxxhjcegwdiCy9ab59Pl2ysFAKkVzoRlSbe6HOWfk9SLu1YI8SZzbj1ZqTgGzttd5QmmSZkRuuf5HiDo/fLDrUM2AcSpt7TM
OOS7IhDb/XperW7UBaPTxYKyv/vqWHBJFt2Yh4RQRSQAQN7K/FbMDSBDbl8S8p2DzLmX14xsKEOLjuxChffnUUKUROtcytSA7lY7HXzSmREPf2TgmZ7oAgEVHSyDAv+LgHDNL2jRGR+MwfRaX2bvz88FZ0OR0F0tosTJsQPqCM1jM0jjj6YcqUrzguVN2QzuUnshzR12/eG9egvBanB8FU6jsWvCsVDxm7Tg
EmYi3M6Hgz0UmoTTyPraCo0+I+tYXgbzYW/XnApbtjArHV4u8w5GBG4geuc4ZIWmypI+mBk9mN4RAUWm9ZmBn8yeiviNop2krYiUMrdnNNL3cnbPP357O31GUgPjP1NJE2yVe0yfgwKDZNIyG5gqcGe7jFtHMwtilevlL1tOtMs=
PmFEbrzdixIDIEaqUS0kBywjOaDQXSxEL2grbhvU2Qk5DybTWTaL4WIvNryzue6SO9On6JYkavsQUMXqkvZO5JGpOHKpxZV6HW2Bk9S6usTF9v3I1QwErh/T9B4vloYzN2pbF0UCAl+LS9PFi8glx4RLY+57YMIuM6xqPD/f/CfPp6vOLS8187O6tMc=
uyJ9hilKnwOoneMfygnwhCwjOaDQXSxEL2grbhvU2Qk5Hi7dXzmKs2IvNryzue6SO9Kn6JYkavsQUMXqkvZO5JGpOHKpxZV6HW2Bk9S6usTF9v3I1QwErh/T9B4vloYzN2pbF0UCAl+LS9PFi8glx4RLY+57YMIuM6xqPD/f/CfPp6vOLS8187O6tMc=
kpy0WQRPoxYV9d9aCRhKxEla+JPq0QVekbo2aS5gehbmEaheLiFbHgxIy7GdlWtt+c78WkMjMZP5auwoGtZPtaCC1ek8H3P4la4UKlXVyUQ/8nMTFNC5l6SBRfe4wcCyAzYjd7ul89sdIOFFdgSdmf/aBNV3U3wbw/bAAT5zdk0RCcCWZps11RFGgclpOl8p1gDwjdoDRdOOYYyZr7TU
QSC0r8D6AtnzPl81423syHZ8EeSJQSxEJ2o9fE/Z0BdrDyCaDXjes2IvNryzue6SO9Cn6JYkavsQUMXqkvZO5JGpOHKpxZV6HW2Bk9S6usTF9v3I1QwErh/T9B4vloYzN2pbF0UCAl+LS9PFi8glx4RLY+57YMIuM6xqPD/f/CfPp6vOLS8187O6tMc=
BmwviuobvB8m7JukT+4bUyg7VrjcFyxELHUtex3Qw1l1DyXISDPes2IvNryzue6SO9en6JYkavsQUMXqkvZO5JGpOHKpxZV6HW2Bk9S6usTF9v3I1QwErh/T9B4vloYzN2pbF0UCAl+LS9PFi8glx4RLY+57YMIuM6xqPD/f/CfPp6vOLS8187O6tMc=
92zD/4CmJvRgkEg6vspF61M5LVAtcdntqbUJHph3ERPXX0/yaoTMFpmZpprjJd2v9ZQjdvImQ7WfiNlqxX9S4F+bktkDWy5BVh5FbhV7XZW1t6u4B4kgZIuVGQKyufHjmtf17sYt6LOg4ZeRdlqAqzO5J55nRf9aCeUwGMbhnLOjXzg5yrW5tMI=
1SJ1XhXTRWAnr77gUFRbAmaOwf7EWghXTR1xivt3vve7TDEyls0mbfZ6f0M2XI+H157KjsIl9LJlTD5sNooFG6jkVU8dxJnvARVYACJKMWRNfklmbDC7cRT4w0w+nWMYC0H5yMqhT4mTg8eyfYmwmZMYp0rqcFfOShoTxQTJ25W72FElPc23uLTB
tyiSbsgTnIj6Ka4kcfEqZjlbEW+h2Umn1cYwrqoIWdCGVtPN9LLBAfC+/5AhfuAyaZW13IsihzsYsPU/MHGRz6TB3IrXxrff98X/8+nwVd0KRKGBCwqwvfvzsPPXxpR5ovPqtcU51P4qO7k9pRb10VX6o7FiUISl1uOJexoR2KGztMg=
Q+vdOhy/hhi6335ybuaIXvSxexo2+Z7d5NrS3CAj00NkkWSrlTpQwI5W290cUjnRLn5HIHkeiELhFT1sI4Jfy+BwLe8IUbnfrMHUmv/mjw8vBQcDMVD9bYLEKfFjaugNQzNoIy8mfGmq8+KlrVmsrnJ7AY199h0h3XorAcrw3NWuo9ErIjHwsbu0wA==
H1Jy7VZAJBGCGJqj7LeMNpcwLqm8vUKJhEQ9EogI5Y81ZyzPHxj6tlsr3J/0myg5tKlpuPH0s55CmgWBoBRAWqszqTQ2rJtcUuqZrf0ObJVihlijqSTFs+puZLVr19dk70r7Kgovy0PK/64AloudJFQYG5ZiI0aI0rEkfKBbNsRJ5xqNpVTaG2Xnr8lvp+zncEV4eLLW52XYYp3ZoF6KaF2OjNo9VeF0p5K7gywQIWfsIX2nUMEo4juWa4cjZctL1UB5dV6E9Wln+sxFjxPkK4sWuNGWc94d6WkIpv5bTUVZZhm5gbp3GU7guB3iQ92jRsG0Sce0vA==
zumdKRPRbCsLmLipHcn0Y+35EqfIhf/njUmOhbOAhQ0T3dK13Ok+fD3tyxJndk+rAfVhO9qztigbVT5WY6eG3Z4oWt9oDAU+elreYAkV2IZhieUeJXGBh/zW6oAdCl18XYC0CucPtEpHupY3L1Y7Yw3O8rsz11NRIyT1A9w3Q9pzbPIKS/Cq6NdzbKNXG0s65WNFl4umtNM=
ESkJBzIBS0ZA2HHu/A8OBDnGeL3FBSKz0In/44VVnnGL7KUp++Gi4QQlfjh1MRumH9qvT6mJ0a9CPzask8muIttLJnn2lKoLMEDF+rIGjlTxObjiSXXVCj19gYP0yvp0JWZ9WLW8xF4/w/QOD2ZGg1f624elskIvq1vT1au4ZXdk2+N+G9AC3hO8aiwfLzyXrzcrXs2fdYOTqrTX
23QJxzfK4kCjqU4cyYD10JaDssY6T56+Nl4Of2IH1hrsDWMtUEFqLnSasu6JB4LvC4lFN6YD8m1K7FiWDXFqyp895E4gLH8Gfo63davg1VoZh4ZAKwMuCc9zOkFCNom+qeMpNWFPd4gL4RSkfz2Vcu4BJQOuz4m+CsV8MzSJ20GKQrTLZwH7buvtixo9DTwompnIE1fHhGmGna201g==
n3jPHhyEsVvNh5jnWCeH5JVgCDhCoNEbOrncj//hgVuWa5f6tdvPn5oLKENeGpEfc5zj7N8dfVeJ5Y75du7XB2Z4h532y4IqUqFc5iUYFmgmrk1PCHDd602AsfsBAXBEcu658O0qAUJ8NJMlVKxryK45K0wrVfHsmuXnHRMXb/YtrbiNs0zv7nr0/5oKTjvBFO2TwRtM2YFtiZ+stNU=
XlHIdH57kfmXAQTW+KsV8mBmCfWJSCxEL2grbhvU2Qk5DybTWTaLwWIvNryzue6SO9ql6ZYkavsQUMXqkvZO5JGpOHKpxZV6HW2Bk9S6usTF9v3I1QwErh/T9B4vloYzN2pbF0UCAl+LS9PFi8glx4RLY+57YMIuM6xqPD/f/CfPp6vOLS8187O6tMc=
kVkPgNp8NBSmAjU6hSxPZmzZjKCWMEZVQRpwlt53qf3vD3Rm06kmbfZ6f0M2XI+A0ZDKjsIl9LJlTD5sNooFG6jkVU8dxJnvARVYACJKMWRNfklmbDC7cRT4w0w+nWMYC0H5yMqhT4mTg8eyfYmwmZMYp0rqcFfOShoTxQTJ25W72FElPc23uLTB
2TSKKonoDcB5bRAyW+OSqa9z/8nLIY32RinOmXaOl6fmmEe38aTCitJBnMYlOFYIpg6NrwhQnYvNIHEbAeGw5PKO+dDtysHi/FTTBVSMqygumWssK3UxDBpFp30Tdy9WrU14rbMsr076FD+6Cm57oZRNUyEbbJnh7SlfTLQ1
RXJTKsEqln21lCuR7QchdOQVMSDMbxOixix4li0xCko//Q9JD2zfhh7Ol3VLIHXaecfmQAvDzolvM1pBInYpPkkjCTUBDxcIqyH0pF999fJOQQUDTg8pPmqFXDMUSTvBKgLUy0fBW+4LLasaXU2cqHpZKBN3h+TpJl1NtDY=
6OgyTfigaIOzpcFuzYZ/e61z/9jJN4n2RinOmXaOl6fmmEex8aTCitJBnMYlOFYIpg6NrwhQnYvNIHEbAeGw5PKO+dDtysHi/FTTBVSMqygumWssK3UxDBpFp30Tdy9WrU14rbMsr076FD+6Cm57oZRNUyEbbJnh7SlfTLQ1
ckpD84vJEORNmO+1E4Iq1OQVNzbQchOixix4li0xCko//QlJD2zfhh7Ol3VLIHXaecfmQAvDzolvM1pBInYpPkkjCTUBDxcIqyH0pF999fJOQQUDTg8pPmqFXDMUSTvBKgLUy0fBW+4LLasaXU2cqHpZKBN3h+TpJl1NtDY=
cdjSS1KiMcG7z2RhkUqOL+QVNiDCdxOixix4li0xCko//QpJD2zfhh7Ol3VLIHXaecfmQAvDzolvM1pBInYpPkkjCTUBDxcIqyH0pF999fJOQQUDTg8pPmqFXDMUSTvBKgLUy0fBW+4LLasaXU2cqHpZKBN3h+TpJl1NtDY=
Dw/r72icPqzpOB+HBCZuMZRSde7NhJTq5cHV0aGdm0utix6o1OYTdGb4jEgK1l9VkMKFScac7JglbsQKJdX5pO+yA7OEUAn39EG116jB0JLz9nMXCyVje21gMaVGBO25Lxq0tefTjLuTtvDhLnNmLSHJEDYWG6U1oQbR6Zk4b0mGwAAtSoP1M14h/Lm/tMQ=
P+ZXGjRKYZANP9UFGjEuHBOvNB/H9nEMYTQqGOYO+AAofv17YztcQJvb7KK5mhKk/QrBWSSuE6CeVss9LBJJcZ792IApXthiERUNDHPCjytw8F2PuJFJ/7zBxLoPJj9vX4WX4+EQrQ2yxNnRMyq4rdOz2INfZkyJuvPyxZ2ZXA7C+5EtrTbNAa14G+EaMIy1PiMhy5JxgJGrtNA=
6dI0HX05S8LCHPmNPmt7QVA/hsxtcXzVZ+wELq8m/ij5dT8IMkEWd8W9sk7wzlX39K25JgZUt+xXu1mNX275LdMrcwJmz8zwrptH82ia6OMeEZzE6hNV15FcEKHckPFHfOFtB4DB+EIrVvun8+U7a2WACdXuhAUJVzq8pb+TNEsb1qgxxnMOffkpmEau230lqSYpWfG4x7m+oAg9ksONg9aBpOmXtOw=
6dI0HX05S8LCHPmNPmt7QVA/hsxtcXzVZ+wELq8m/ij5dT8IMkEWd8W9sk7wzlX39K25JgZUt+xXu1mNX275LdMrcwJmz8zwrptH82ia6OMeEZzE6hNV15FcEKHckPFHfOFtB4DB+EIrVvun8+U7a2WACdXuhAUJVzq8pb+TNEsb1qgxxnMOffkpmEau230lqSYpWfG4x7m+oAg9ksONg9aBpOmXtOw=
HiQyCG3KI9fuO8gc4fQ7ueXCx8TApoo7Dv7A4+Pp2DUe5mtjrj2BvGh4onoPWyMNWJJPFVP5GKn4G9CN4c7OmhzbcYeTp9wmVIvIQi3gwvirom2cy/t35AOiDZUk1SJKxpaXKaOyKxXOC0YdY3zVjqhVD28IEB1LzWDx2wEhMKTyTnmQ7QpBovyUU0VUTCtoLlnrbCu1sUwahSc9Ezevlq0N+G2zbC+O+lS/eg4u+2GUDdPhGywZIe1p34y09Q==
V/6dCZth0/2kXQyzLnF8lEcMGbPNA013HCgUR3WSGYoqlr97/KOa0T6W9KJdyc42ohfVjAtYP988PRxUmX0oezZecKz4unhhOaB7QAAzSquY6i9QmNIn3ac8jUfJ/wFDVNFdt2FHQETCLEu6bfXE+219vGq4/Jjz2wvfZB79EuAfG1LZQ9vuQZaeBW7V+x2V9TdruEcJYGRLFVkCcjkx49pXNe4GraizYGHXkTbaQKtzOWeep8W/Xsll8BiGYVyzY994OQo1+bSC
xH7gMM9XfGHyecAnKxtl3SBQz2tr09hnhNT/8NrspTQCa/vrCYsYGstGObuCedl5iOHJycjvEms6JHsWmrb7NWcYccqdDxqgl0tqOStrNkFOLm2O7auV1f3H8xivGdjkMwVxYuoJOSNSB83Orl3ws7gRf7FOCsjrewn/fo/VR95xdZi4HhFUc+sPQFnihaG02g==
m0mN7T3YtWeGCksLx/RKi5n2Kg1W7WlcFDFGCERNJTInykldUrwQCG95o+QZ9//w1Tv2J3M9InoSkbz2JQh2WOZ+7T+IwD07DfCR6wERUDQyPllAbVqhkrwE8zVUvIv47mmLvKvlkbxaFccNEwdPBu392D0zvE++OsQfig5eW/HUPTOxm/w5US35v7y0xQ==
8tl1h/jBYHdt4Ej75CIl2BHwceNAc3KpuDEXxJ2rN7XGfkhz0iuOF6vpTz6fdbfdwRWIeO4xBPPb79AZkiVxtAo=
XAlisNPFX6Bym34zK9gMiOX9Hq/Nsaz9g3TBlanJ5g9A5+6b7fwtbj6ojQ1xNQWrCeFqGLfq5g4veCQvZfjcg8IoQ84lEUM6eRzQewsV2IZhieUeJXGBh/zW6oAdCl18XYC0CucPtEpHupY3L1Y7Yw3O8rsz11NRIyT1A9w3Q9pzbPIKS/Ct6NdzbKNXG0s65WNFl4umtNM=
T0OEReWWUavWsLJZhlfqjenX12u6PRI/nF9QL63dmqereXqjWzkW7kys5YNdlk+0GBfIB0NoQ0YWuH/ZYBO1eTrG4FI+R9DBtPnlBXaxJncySzK9M5SB0CVOBBOXRRisj5fcB/Zfo9jnknsDbBBh5ywhPSeQwehie5arB2Nli8sVQDn1HoQ16Sf6DMVPE6SrSxZ4UdZzHp2paUgmPlsNxRlm2TnBvbeZjuD4nSJDHSMGwXTJh7T8
iQy5ppwmw1miG62U1irehild1vo8sT8wEDoMD3CO6dQUHX2Wli7e34zSDVJ/wTfc/9gnCuow1w5NWpMFBAlb1bsY0eU9jTd4tAE=
kID+vZud2wtDEJlEVyRmY5yzTw1KpHa8NZdfPKyFLM6+mdZMJwQ87vO+ipIeRCnpyy1xpKqO52G9GRFlQwDo1E201QNUR4eDlRVfhuso4ibjRO3U79fcb1/P66Y9Z5V7Y1K0Lw==
Q9HOdFgpXnjgf7GsSwjU+jHe5PvT8cM9bd3TNrhiRmGEUl4WDWXH+KO1gUJbRB/lHPVaIXV43ZNcSzZJPGnr1LFjUzUiNmRjrvMKd2/RU84z/VOd5R3kyHJJwNPfN2yJfm1VtC4=
N5ZXDXsXr+30IfsXKFxbUiy9lQathGIWMZ3jiGd9LSL3zJt1uC0GYamguYNYQ1pp0KGvZFXbL7XejgDTartmV4PZV97XpQ9dOUVAWPbBbDNzfyh5WhVptBI=
CnuuEoRI3gi7omEF44vKFckSiGRQhmA3s5FmFjWV/5iLRUkCE5S3hYRlwqHt6EUzNJv+CXRZA/TJU6s1WgacQ8bDwrcngbtuq23LHX2NfCjaGQgTl0dEaUYdbbQW
+fQNC2cch82fosO5eBQyQeAhp0FhtEEthJFmFjWV/5iLRUkCE5S3hYRlwqHt6EUzNJv+CXRZA/TJU6s1WgacQ8bDwrcngbtuq23LHX2NfCjaGQgTl0dEaUYdbbQW
vUCkArc55ajjhx+ktpwmKfrAoBn2jzM/4JazGXkAHcm/smU4IR0iiWTBSwTja+I3iLmCFVUsDx/t9RxKWpuQjzSHUa1tNo2B7X1bYVowzDV+I2FLUnFAEWu0EA==
n7luyV6pz4x/+0v20ayY3lA/hsxtcXzVZ+wELq8m/ij5dT8IMkEWd8W9sk7wzlX39K25JgZUt+xXu1mNX275LdMrcwJmz8zwrptH82ia6OMeEZzE6hNV15FcEKHckPFHfOFtB4DB+EIrVvun8+U7a2WACdXuhAUJVzq8pb+TNEsb1qgxxnMOffkpmEau230lqSYpWfG9x7m+oAg9ksONg9aBpOmXtOw=
Y8o/higYAD4xkBwuQR5Zwild1vs8sT8wEDoMD3CO6dQUHX2Wli7e34zSDVJ/wTfc/9gnCuow1w5NWpMFBAlb1bsY0eU9jTd4tAE=
sCtya9XoIQXkbkhKs9Avs8h6o6hnuKqpwATC5ywZJS9gcwSNZIgMaF03Of9P9SuViWPmKCPBMtGUWlqWFdk2+l5cY+3hPJuizhvRsF6631mTrXO0wmL+byCu7E1euVBBUPuW5KuiB8lQ+iewwGLPXQ/M22PD7zmDDGHV19mXKEQqfPNa5UUcu1VttEpgjDBzs7sHBBbtaiDHa9p5OwvGQb5Ofc5di8VVjSdj2J+5COTjZYEieikJowLnvQ6+/UCzCLFv8b5qGGtLKW++/zUX3SHVqPiOcaTzOy/wmfJl0bSq
5LvjJNUmGDpBGBSmjrtiRE6Snp7Dn5E0LaTSxDhaaqOpGpChThMggbRxt4InLN8Ht6R77As2hVCJEcGNU2WYvvKGwEfRO8pn8Xrc81RwKSJfwMB3lEkXmVRXMeNH78HReRVgLiSAQdlwrDxN7EDNnl5I91Z5rhuV+05LRAm35EveEP6A4/sTPMdf5g0i38PCCfSwY1udmL7RIcVGtTmB/wy+ChjNAp3EbagU0vfHNLI3UvYvf957W71m0uOjn1Mp00wVmww/g2JDRFLSWzgtEKebDLsHkwsCVctlzxvutKs=
2+CJpTfi/dTRJilnu8cJlf3gzraD0paY4cp1QPCS2PdmnJlFITn0ovODfCe1+rZS/UrHdXkvo3UIbkDPrPhBfzO3ZXw3N2jPcLrHMGCir10vjDDmZC9ZgywhNVd5V0hEyjxT2oWFPLu1LRTKAEwQc1P7p4R2LUogJyt6+VvL5kGejh1O/cslVa3nA1g/+ejkw6Xhotpp6aMiJ92OHr2gs2hxz3FeKjhrK+nPPh91N91BFQh4bjGE81vvUBkSJfG0ig==
Y7BDbXiTdu1tMKZAkPHa5p1V23Bq2Cejqn0Lnd7i/B2+f5H78Tth1Bw77frLsBL6att163BontnCk0B10ATEL/BjZEOWZTuR0ZF7l//XXbwGN5ukg1D4HT9cxaPHzwh12c0z1cHXdQd4MADqcS9M7nSCLBWzOLLzjuj9JIsDZ6zjKr1NJA2Swibeh9HjCrtd7gM2xeMkJYaInZ/XyGgNg63oQYMBeYAskoZp6C2y0WrcnKMd1JRbYA4Re9RrTaEE+g2X5RPvHx5NReiV89S/xtpcz6KMdgtptMVDWdtUCemN4W/UtK0=
pjexQfdL+4dtrav4otjbd51V23Bq2Cejqn0Lnd7i/B2+f5H78Tth1Bw77frLsBL6att163BontnFkUB10ATEL/BjZUOWZTuR0ZF7l//XXbwGN5ukg1D4HT9cxaPHzwh12c0z1cHXdQd4MADqcS9M7nSCLBWzOLLzjuj9JIsDZ6zjKr1NJA2Swibeh9HjCrtd7gM2xeMkJYaInZ/XyGgNg63oQYMBeYAskoZp6C2y0WrcnKMd1JRbYA4Re9RrTaEE+g2X5RPvHx5NReiV89S/xtpcz6KMdgtptMVDWdtUCemN4W/UtK0=
uIG2TtSNvtw4CW+BKQbK4p1V23Bq2Cejqn0Lnd7i/B2+f5H78Tth1Bw77frLsBL6att163BontnCk0B10ATEL/BjakOWZTuR0ZF7l//XXbwGN5ukg1D4HT9cxaPHzwh12c0z1cHXdQd4MADqcS9M7nSCLBWzOLLzjuj9JIsDZ6zjKr1NJA2Swibeh9HjCrtd7gM2xeMkJYaInZ/XyGgNg63oQYMBeYAskoZp6C2y0WrcnKMd1JRbYA4Re9RrTaEE+g2X5RPvHx5NReiV89S/xtpcz6KMdgtptMVDWdtUCemN4W/UtK0=
r9Et/KaLkmdSBk5XfItt6Z1V23Bq2Cejqn0Lnd7i/B2+f5H78Tth1Bw77frLsBL6att163BontnFkUB10ATEL/Bja0OWZTuR0ZF7l//XXbwGN5ukg1D4HT9cxaPHzwh12c0z1cHXdQd4MADqcS9M7nSCLBWzOLLzjuj9JIsDZ6zjKr1NJA2Swibeh9HjCrtd7gM2xeMkJYaInZ/XyGgNg63oQYMBeYAskoZp6C2y0WrcnKMd1JRbYA4Re9RrTaEE+g2X5RPvHx5NReiV89S/xtpcz6KMdgtptMVDWdtUCemN4W/UtK0=
lPmkCIyYE/B+Hd+a3qddWZ1V23Bq2Cejqn0Lnd7i/B2+f5H78Tth1Bw77frLsBL6att163BontnCk0B10ATEL/BjaEOWZTuR0ZF7l//XXbwGN5ukg1D4HT9cxaPHzwh12c0z1cHXdQd4MADqcS9M7nSCLBWzOLLzjuj9JIsDZ6zjKr1NJA2Swibeh9HjCrtd7gM2xeMkJYaInZ/XyGgNg63oQYMBeYAskoZp6C2y0WrcnKMd1JRbYA4Re9RrTaEE+g2X5RPvHx5NReiV89S/xtpcz6KMdgtptMVDWdtUCemN4W/UtK0=
dGhnk5kB0EL08PykXCuLIJ1V23Bq2Cejqn0Lnd7i/B2+f5H78Tth1Bw77frLsBL6att163BontnFkUB10ATEL/BjaUOWZTuR0ZF7l//XXbwGN5ukg1D4HT9cxaPHzwh12c0z1cHXdQd4MADqcS9M7nSCLBWzOLLzjuj9JIsDZ6zjKr1NJA2Swibeh9HjCrtd7gM2xeMkJYaInZ/XyGgNg63oQYMBeYAskoZp6C2y0WrcnKMd1JRbYA4Re9RrTaEE+g2X5RPvHx5NReiV89S/xtpcz6KMdgtptMVDWdtUCemN4W/UtK0=
Sbo6N6D/kNyPVY18AtaN751V23Bq2Cejqn0Lnd7i/B2+f5H78Tth1Bw77frLsBL6att163BontnCk0B10ATEL/BjbkOWZTuR0ZF7l//XXbwGN5ukg1D4HT9cxaPHzwh12c0z1cHXdQd4MADqcS9M7nSCLBWzOLLzjuj9JIsDZ6zjKr1NJA2Swibeh9HjCrtd7gM2xeMkJYaInZ/XyGgNg63oQYMBeYAskoZp6C2y0WrcnKMd1JRbYA4Re9RrTaEE+g2X5RPvHx5NReiV89S/xtpcz6KMdgtptMVDWdtUCemN4W/UtK0=
CdCx6CiSZVYHvnE41LYePp1V23Bq2Cejqn0Lnd7i/B2+f5H78Tth1Bw77frLsBL6att163BontnFkUB10ATEL/Bjb0OWZTuR0ZF7l//XXbwGN5ukg1D4HT9cxaPHzwh12c0z1cHXdQd4MADqcS9M7nSCLBWzOLLzjuj9JIsDZ6zjKr1NJA2Swibeh9HjCrtd7gM2xeMkJYaInZ/XyGgNg63oQYMBeYAskoZp6C2y0WrcnKMd1JRbYA4Re9RrTaEE+g2X5RPvHx5NReiV89S/xtpcz6KMdgtptMVDWdtUCemN4W/UtK0=
SmWM3DpdsNWpsZ0PjcIQYp1V23Bq2Cejqn0Lnd7i/B2+f5H78Tth1Bw77frLsBL6att163BontnCk0B10ATEL/BjbEOWZTuR0ZF7l//XXbwGN5ukg1D4HT9cxaPHzwh12c0z1cHXdQd4MADqcS9M7nSCLBWzOLLzjuj9JIsDZ6zjKr1NJA2Swibeh9HjCrtd7gM2xeMkJYaInZ/XyGgNg63oQYMBeYAskoZp6C2y0WrcnKMd1JRbYA4Re9RrTaEE+g2X5RPvHx5NReiV89S/xtpcz6KMdgtptMVDWdtUCemN4W/UtK0=
Tl4t54EMi7pHeFILqfdSyZ1V23Bq2Cejqn0Lnd7i/B2+f5H78Tth1Bw77frLsBL6att163BontnFkUB10ATEL/BjbUOWZTuR0ZF7l//XXbwGN5ukg1D4HT9cxaPHzwh12c0z1cHXdQd4MADqcS9M7nSCLBWzOLLzjuj9JIsDZ6zjKr1NJA2Swibeh9HjCrtd7gM2xeMkJYaInZ/XyGgNg63oQYMBeYAskoZp6C2y0WrcnKMd1JRbYA4Re9RrTaEE+g2X5RPvHx5NReiV89S/xtpcz6KMdgtptMVDWdtUCemN4W/UtK0=
E1XWZDJa/lgQTk/s2diMYZ1V23Bq2Cejqn0Lnd7i/B2+f5H78Tth1Bw77frLsBL6att163BontnCk0B10ATEL/BjZEKWZTuR0ZF7l//XXbwGN5ukg1D4HT9cxaPHzwh12c0z1cHXdQd4MADqcS9M7nSCLBWzOLLzjuj9JIsDZ6zjKr1NJA2Swibeh9HjCrtd7gM2xeMkJYaInZ/XyGgNg63oQYMBeYAskoZp6C2y0WrcnKMd1JRbYA4Re9RrTaEE+g2X5RPvHx5NReiV89S/xtpcz6KMdgtptMVDWdtUCemN4W/UtK0=
j9FFtG3yngUdISJdnQzu9J1V23Bq2Cejqn0Lnd7i/B2+f5H78Tth1Bw77frLsBL6att163BontnFkUB10ATEL/BjZUKWZTuR0ZF7l//XXbwGN5ukg1D4HT9cxaPHzwh12c0z1cHXdQd4MADqcS9M7nSCLBWzOLLzjuj9JIsDZ6zjKr1NJA2Swibeh9HjCrtd7gM2xeMkJYaInZ/XyGgNg63oQYMBeYAskoZp6C2y0WrcnKMd1JRbYA4Re9RrTaEE+g2X5RPvHx5NReiV89S/xtpcz6KMdgtptMVDWdtUCemN4W/UtK0=
W7ng5Zdxgtu1JBC2tDFNGZ1V23Bq2Cejqn0Lnd7i/B2+f5H78Tth1Bw77frLsBL6att163BontnCk0B10ATEL/BjakKWZTuR0ZF7l//XXbwGN5ukg1D4HT9cxaPHzwh12c0z1cHXdQd4MADqcS9M7nSCLBWzOLLzjuj9JIsDZ6zjKr1NJA2Swibeh9HjCrtd7gM2xeMkJYaInZ/XyGgNg63oQYMBeYAskoZp6C2y0WrcnKMd1JRbYA4Re9RrTaEE+g2X5RPvHx5NReiV89S/xtpcz6KMdgtptMVDWdtUCemN4W/UtK0=
q30EileqDiBb5XGy6KtADZ1V23Bq2Cejqn0Lnd7i/B2+f5H78Tth1Bw77frLsBL6att163BontnFkUB10ATEL/Bja0KWZTuR0ZF7l//XXbwGN5ukg1D4HT9cxaPHzwh12c0z1cHXdQd4MADqcS9M7nSCLBWzOLLzjuj9JIsDZ6zjKr1NJA2Swibeh9HjCrtd7gM2xeMkJYaInZ/XyGgNg63oQYMBeYAskoZp6C2y0WrcnKMd1JRbYA4Re9RrTaEE+g2X5RPvHx5NReiV89S/xtpcz6KMdgtptMVDWdtUCemN4W/UtK0=
gDl62kVi80Yhevu+5cIZWFOs+N9hxj0QH651Soy0pjmNPA3vs5Eh7PNZA6fPO3wdKHFancojp7ywZFadM7pMfnckM65NnAh16vUxWK/C6qFmRqNnnyvUxha3rumXtS2tMzWG7SLtbDYB34N2TwD9fydTsOmpkQvJwctNWwisuHaR83SyBJ8Axm3kCmb/tEX4ax9fsJN2BdGkkSqeVsK/zQPWAwGen44ZI/gdmvjBpwso9LUf3bR5nwFluHDiGtF0zW7pNqyAm8EUSOP8fk3DCItRmRiKUS95k3OnQj1Z0IkTCAeaqsB3fkyqM3XEmXuFO8ixdf29V8i0sQ==
8klTe3K/6hs+ws23rxc/n51V23Bq2Cejqn0Lnd7i/B2+f5H78Tth1Bw77frLsBL6att163BontnFkUB10ATEL/BjaEKWZTuR0ZF7l//XXbwGN5ukg1D4HT9cxaPHzwh12c0z1cHXdQd4MADqcS9M7nSCLBWzOLLzjuj9JIsDZ6zjKr1NJA2Swibeh9HjCrtd7gM2xeMkJYaInZ/XyGgNg63oQYMBeYAskoZp6C2y0WrcnKMd1JRbYA4Re9RrTaEE+g2X5RPvHx5NReiV89S/xtpcz6KMdgtptMVDWdtUCemN4W/UtK0=
CbtOhi8PygnsKR0s+WVgRKJhi8Z8dje0YUtkJ7+jWhuH5sXFKF4Szvm18eA8OsEBDHQ/1RTwGaXWuaZuM/uXupBNXIJpdvMTNaJPxoDP1Cmd9+Zqqn6Q+rWxPnGpeyWTdD9qah5lPK1aQVrv9MxZZk2Z+h6VOEL2Jf1lmBmr8YsTkwZlp/87Q2IEYKgR8pfBliv/CQaCothaU1mvBQwkCUBwja8o0VmfTME02h9mr0+PBafDUdCdreLEiTFD6shNozOIY8+mXCkK80JljdnMbhJ7YU1ddj1hfXzLQSpwPJUOo3HrArGQcdu0oA==
gDl62kVi80Yhevu+5cIZWFOs+N9hxj0QH651Soy0pjmNPA3vs5Eh7PNZA6fPO3wdKHFancojp7ywZFadM7pMfnckM65NnAh16vUxWK/C6qFmRqNnnyvUxha3rumXtS2tMzWG7SLtbDYB34N2TwD9fydTsOmpkQvJwctNWwisuHaR83SyBJ8Axm3kCmb/tEX4ax9fsJN2BdGkkSqeVsK/zQPWAwGen44ZI/gdmvjBpwso9LUf3bR5nwFluHDiGtF0zW7pNqyAm8EUSOP8fk3DCItRmRiKUS95k3OnQj1Z0IkTCAeaqsB3fkyqM3XEmXuFO8ixdf29V8i0sQ==
CbtOhi8PygnsKR0s+WVgRKJhi8Z8dje0YUtkJ7+jWhuH5sXFKF4Szvm18eA8OsEBDHQ/1RTwGaXWuaZuM/uXupBNXIJpdvMTNaJPxoDP1Cmd9+Zqqn6Q+rWxPnGpeyWTdD9qah5lPK1aQVrv9MxZZk2Z+h6VOEL2Jf1lmBmr8YsTkwZlp/87Q2IEYKgR8pfBliv/CQaCothaU1mvBQwkCUBwja8o0VmfTME02h9mr0+PBafDUdCdreLEiTFD6shNozOIY8+mXCkK80JljdnMbhJ7YU1ddj1hfXzLQSpwPJUOo3HrArGQcdu0oA==
gDl62kVi80Yhevu+5cIZWFOs+N9hxj0QH651Soy0pjmNPA3vs5Eh7PNZA6fPO3wdKHFancojp7ywZFadM7pMfnckM65NnAh16vUxWK/C6qFmRqNnnyvUxha3rumXtS2tMzWG7SLtbDYB34N2TwD9fydTsOmpkQvJwctNWwisuHaR83SyBJ8Axm3kCmb/tEX4ax9fsJN2BdGkkSqeVsK/zQPWAwGen44ZI/gdmvjBpwso9LUf3bR5nwFluHDiGtF0zW7pNqyAm8EUSOP8fk3DCItRmRiKUS95k3OnQj1Z0IkTCAeaqsB3fkyqM3XEmXuFO8ixdf29V8i0sQ==
CbtOhi8PygnsKR0s+WVgRKJhi8Z8dje0YUtkJ7+jWhuH5sXFKF4Szvm18eA8OsEBDHQ/1RTwGaXWuaZuM/uXupBNXIJpdvMTNaJPxoDP1Cmd9+Zqqn6Q+rWxPnGpeyWTdD9qah5lPK1aQVrv9MxZZk2Z+h6VOEL2Jf1lmBmr8YsTkwZlp/87Q2IEYKgR8pfBliv/CQaCothaU1mvBQwkCUBwja8o0VmfTME02h9mr0+PBafDUdCdreLEiTFD6shNozOIY8+mXCkK80JljdnMbhJ7YU1ddj1hfXzLQSpwPJUOo3HrArGQcdu0oA==
gDl62kVi80Yhevu+5cIZWFOs+N9hxj0QH651Soy0pjmNPA3vs5Eh7PNZA6fPO3wdKHFancojp7ywZFadM7pMfnckM65NnAh16vUxWK/C6qFmRqNnnyvUxha3rumXtS2tMzWG7SLtbDYB34N2TwD9fydTsOmpkQvJwctNWwisuHaR83SyBJ8Axm3kCmb/tEX4ax9fsJN2BdGkkSqeVsK/zQPWAwGen44ZI/gdmvjBpwso9LUf3bR5nwFluHDiGtF0zW7pNqyAm8EUSOP8fk3DCItRmRiKUS95k3OnQj1Z0IkTCAeaqsB3fkyqM3XEmXuFO8ixdf29V8i0sQ==
CbtOhi8PygnsKR0s+WVgRKJhi8Z8dje0YUtkJ7+jWhuH5sXFKF4Szvm18eA8OsEBDHQ/1RTwGaXWuaZuM/uXupBNXIJpdvMTNaJPxoDP1Cmd9+Zqqn6Q+rWxPnGpeyWTdD9qah5lPK1aQVrv9MxZZk2Z+h6VOEL2Jf1lmBmr8YsTkwZlp/87Q2IEYKgR8pfBliv/CQaCothaU1mvBQwkCUBwja8o0VmfTME02h9mr0+PBafDUdCdreLEiTFD6shNozOIY8+mXCkK80JljdnMbhJ7YU1ddj1hfXzLQSpwPJUOo3HrArGQcdu0oA==
gDl62kVi80Yhevu+5cIZWFOs+N9hxj0QH651Soy0pjmNPA3vs5Eh7PNZA6fPO3wdKHFancojp7ywZFadM7pMfnckM65NnAh16vUxWK/C6qFmRqNnnyvUxha3rumXtS2tMzWG7SLtbDYB34N2TwD9fydTsOmpkQvJwctNWwisuHaR83SyBJ8Axm3kCmb/tEX4ax9fsJN2BdGkkSqeVsK/zQPWAwGen44ZI/gdmvjBpwso9LUf3bR5nwFluHDiGtF0zW7pNqyAm8EUSOP8fk3DCItRmRiKUS95k3OnQj1Z0IkTCAeaqsB3fkyqM3XEmXuFO8ixdf29V8i0sQ==
CbtOhi8PygnsKR0s+WVgRKJhi8Z8dje0YUtkJ7+jWhuH5sXFKF4Szvm18eA8OsEBDHQ/1RTwGaXWuaZuM/uXupBNXIJpdvMTNaJPxoDP1Cmd9+Zqqn6Q+rWxPnGpeyWTdD9qah5lPK1aQVrv9MxZZk2Z+h6VOEL2Jf1lmBmr8YsTkwZlp/87Q2IEYKgR8pfBliv/CQaCothaU1mvBQwkCUBwja8o0VmfTME02h9mr0+PBafDUdCdreLEiTFD6shNozOIY8+mXCkK80JljdnMbhJ7YU1ddj1hfXzLQSpwPJUOo3HrArGQcdu0oA==
gDl62kVi80Yhevu+5cIZWFOs+N9hxj0QH651Soy0pjmNPA3vs5Eh7PNZA6fPO3wdKHFancojp7ywZFadM7pMfnckM65NnAh16vUxWK/C6qFmRqNnnyvUxha3rumXtS2tMzWG7SLtbDYB34N2TwD9fydTsOmpkQvJwctNWwisuHaR83SyBJ8Axm3kCmb/tEX4ax9fsJN2BdGkkSqeVsK/zQPWAwGen44ZI/gdmvjBpwso9LUf3bR5nwFluHDiGtF0zW7pNqyAm8EUSOP8fk3DCItRmRiKUS95k3OnQj1Z0IkTCAeaqsB3fkyqM3XEmXuFO8ixdf29V8i0sQ==
CbtOhi8PygnsKR0s+WVgRKJhi8Z8dje0YUtkJ7+jWhuH5sXFKF4Szvm18eA8OsEBDHQ/1RTwGaXWuaZuM/uXupBNXIJpdvMTNaJPxoDP1Cmd9+Zqqn6Q+rWxPnGpeyWTdD9qah5lPK1aQVrv9MxZZk2Z+h6VOEL2Jf1lmBmr8YsTkwZlp/87Q2IEYKgR8pfBliv/CQaCothaU1mvBQwkCUBwja8o0VmfTME02h9mr0+PBafDUdCdreLEiTFD6shNozOIY8+mXCkK80JljdnMbhJ7YU1ddj1hfXzLQSpwPJUOo3HrArGQcdu0oA==
gDl62kVi80Yhevu+5cIZWFOs+N9hxj0QH651Soy0pjmNPA3vs5Eh7PNZA6fPO3wdKHFancojp7ywZFadM7pMfnckM65NnAh16vUxWK/C6qFmRqNnnyvUxha3rumXtS2tMzWG7SLtbDYB34N2TwD9fydTsOmpkQvJwctNWwisuHaR83SyBJ8Axm3kCmb/tEX4ax9fsJN2BdGkkSqeVsK/zQPWAwGen44ZI/gdmvjBpwso9LUf3bR5nwFluHDiGtF0zW7pNqyAm8EUSOP8fk3DCItRmRiKUS95k3OnQj1Z0IkTCAeaqsB3fkyqM3XEmXuFO8ixdf29V8i0sQ==
CbtOhi8PygnsKR0s+WVgRKJhi8Z8dje0YUtkJ7+jWhuH5sXFKF4Szvm18eA8OsEBDHQ/1RTwGaXWuaZuM/uXupBNXIJpdvMTNaJPxoDP1Cmd9+Zqqn6Q+rWxPnGpeyWTdD9qah5lPK1aQVrv9MxZZk2Z+h6VOEL2Jf1lmBmr8YsTkwZlp/87Q2IEYKgR8pfBliv/CQaCothaU1mvBQwkCUBwja8o0VmfTME02h9mr0+PBafDUdCdreLEiTFD6shNozOIY8+mXCkK80JljdnMbhJ7YU1ddj1hfXzLQSpwPJUOo3HrArGQcdu0oA==
CbtOhi8PygnsKR0s+WVgRKJhi8Z8dje0YUtkJ7+jWhuH5sXFKF4Szvm18eA8OsEBDHQ/1RTwGaXWuaZuM/uXupBNXIJpdvMTNaJPxoDP1Cmd9+Zqqn6Q+rWxPnGpeyWTdD9qah5lPK1aQVrv9MxZZk2Z+h6VOEL2Jf1lmBmr8YsTkwZlp/87Q2IEYKgR8pfBliv/CQaCothaU1mvBQwkCUBwja8o0VmfTME02h9mr0+PBafDUdCdreLEiTFD6shNozOIY8+mXCkK80JljdnMbhJ7YU1ddj1hfXzLQSpwPJUOo3HrArGQcdu0oA==
53bj3XqTzScI6xy2kRaaScXSv8VuqDuJe64HyrCl1qvIBgA9U3j/N341kUrzk7UpRQXYMRdEVtwdkNhFYkNk8pJrCbKoWt/OJLZmp0x9BYSIPi/JJ1ezhhXPBbbKVhbkNZA7qbqO7Jrnv60NEpmMeeSFHqQh5vXM7s27IDJIfqMfrP0pNsOQQSgTx7fRqlwa09iklezOaLPOD6ca7A546t1YFCotnnK98T2K9bSKwWc7Db/SIGJhOx+ES6IMv5V0XpbQY/UV1zGUODOuLGbQJdVRCsnAtge+e8W3KiQS4dxMFBB15v5QCNWnPFYSeJ3ko/ww5F8RXXHvPllnP3bLWcwfWroPBXP1uI5Qj1xYEX9jF5U8J9fYT6Cat/Dx1pBDXyyiqVfPCQPcASWXyTeYRJrc45qVpUw7ZU0kCpDs4HNjGzfEhg0aoJdLajkrazZBTi5tju2rldX9x/MYrxnY5DMFcWLqCTkjUgfNzq5d8LO4EX+xTgrI63sJ/36P1UfccXWYuB4RVHPrD0BZ4oWhtNo=
04AmMDCkW/6CdLvumAJ6tKo9pxtdZByKd1Un1BDgcbTR2HUl0bpsHig+kegBjXiN/gxHNmuiUFSyGYV/h54pjjRNl6wLWlGTf66WGWSRawU7RkRN9OCdVgkIbvhtospT4IV0gApELTsAZyJ6zTqh+38vGYEvsVDwWK6Eow98/AseDZPKViINV627WdUB8LvYrF8a1tKrgd3Qk5vjbcAmNfiruqgCK+7sUDnFrI9dGR0sosee51BmsRz6s5IGzD51KSaEyyxPB1S7POkpakTi5aATZZAbRR0xaDzWFueQ1j0k8sx5Du9x5/BbMMhVK3p7Hr4ERtYfkA4vhrkifB47hqA46ZllBR7u69htxRznA9Xekv/mnRqolkmj5w14UEyooMOTqvYd7RaBwvsBM3L74BF7ZL+2jK6EW1czaE8jFmn60wN2ISggpyNx+KqZnfViLXWBi+Si2pz1Lj0QZVRkNq9LdIafDuZrh7Kbz3VaYke7U9Pdu9BFn7STozbLOKK2gzTspI9HnH9/f2sWHXdV64OitN8=
lR93yMNE0Wiue9Y+ii+T72ZpaBfsBcG4zYVQDfrp72tqhC5X3WDx56BO+mJFJeTYQNPebmLLLoegeVQ45Rsae2SBZLdf5Xgmn3jEWTI353mHNwENGOakp68wMv0C2ASycH8KEbMEPlJpETFb1bbTY5MubJoghAOcHfHsImoqgfN7FRT1urlS6Zg896qT/Ojh7XiUxMjDqWDbMSDvVvFOn1Fvl8ZqGuW04k16Qg4DCCOxAsrCzopr1LJye7J0jZdxXG0y5nenDWG5yvYuB4uZKB36KrOjFGhadvtjuREB8jQldmoKZqVjPUwR1rphjr1pIbKC3te8ehg2LbBS1riz6+pOFBSrJBWQtnyJXTtB6RIPP5n6fTl603yiGSm1Rd4CxlcaNCd/VXvT5LFbvv9mtqHo1xomI+mgBPEB4w8zuk3zD09bLoSssOWCQ+kqi+PhclK24NYTVdeRXBCh3JDxR3zhbQeAwfhCK1b7p/PlO2tlgAnV7oQFCVc6vKW/kzRLG9aoMcZzDn35KZhGrtt9JakmKVnxvMe5vqAIPZLDjYPWgaTpl7Ts
tWM3QYvWK4rceI+9Ea1yjo3I6O7gGZlDZugHn4ERMjTg4w+2zFvrfmwypnGq1cgIS9EosKqt5sBtPIGV6Xz4omixNUcUtYeXkDMsOOZd5S4PMuNSv+m2+2kSfOk3exDD9DW7SVNyRHGMpG36gZyOJDXG2l/I8bR8ssCd18gzAmbVHvE3l5uZPdd1INxQuuT/15hsh7b507ZuJj075W/5SZlUa5TEaxrqqu9xcVgHez81pDY50N96VLqvXgCYbeWwl3lJ0cQWRyIflBadFO7Tzt4orvmB0sS3FEs3OPPoSbXy4DKpyCdlrGMB7Z3gqDbKv/TGMQyGDIW2a8ELOA8Q1E0PKrf2CoT6LtvgIieS2X6k+qsKCMyp5V0BLoKjDM1ZhEPTmbam/9rlXlg6wTcH0SA0XKSIt1NWTpld+kmW2x0rVqss+c/kA05I3qhTQ1M0l8eG5VInQwoZLBDLa6VYNgE5JS5FQYG3nOYqMH263cw9MHQ6hz+0eieKVodP5rvTbX4yi1PnU2FDFDWzvIfDahPcMjorwKzYt0OsEzery4qF04Wn65a04w==
kGJ7GRKAA4axvVfVTMawKRkJ/pai3AFF1aA9Uz1pLgzqDepKfRIEQFQrsJXf2Wtt8sz4Xg05YcOYPpwoGtZPtaCC1ek4H22glb1ZdEv93Hk/8nMTFNC5l6SBRfe4wcCyAzYjd7ul89sdIOFFdgSdmf/aBNV3U3wbw/bAAT5zdk0RCcCWZps11RFGgclpOFsp0QDwjdoDRdOOYYyZr7TU
0eXfpjfCNNEgBO8JYf/Mu/ITVhG4bVksMMGbXHqchsIr3TciTi7JQ9Dq1kZk2FqtRcx5Fxj2J2vJtPFa3+w3H8h2AygprRDRL2LKBRofW9Gj40LKrHTTX/lshEIoofBAiZYHKUhJeBrh5DH7ItWWtfaizyvW9N94lDhC5nHA2nTNAfPElmJVo2iched9LCm3AU3o6ELi4RyNxhmOzJhLKZQgs+Se9bOgS7mpYCrJ/1GTW3fanSHgYdOgdyJK2CcWyEbjaqQhiy17oIGNXSUH4LSZ
JiId7cb7qKKVPgHlqYQtJPy+rWoag+H4bF9njt99J5IlMo6h+bt2wl70TCAGbNaWv8hGz1naFEqS4TJED2z87jOb86E4M5c9h3cjynSho/rySi3XXUUwvBGu34IdBJ83CIqDqmEz9nSVpSC2ptIFebh560dt5/jtq2g/kmf+1XACQ3GgKUu+xve53Csexo6Ucfm4osk11Uq9PYHDdIr6NKUmfZg1fMSevwP0zo+mRkPXOtvHJfJCbysb05Ur+GU35JvjvpsQAh6TfGjon+g8Vy/3Kx5N33XDE+q0lw==
mNVDllctIxjDy+J+Ho6/XlFf/vl0P9rRstaWtG/f2+KCistPqe8Nx5KhRNRCBeTKMSFLzqfMzVgfTGtDdl1lLlYkLqU26La5gA4Wl3M6IzgHJGcR/C1c8quZbqiKciO6M8xyqosQqAwX1OwDF3tLWqXDxTdLRrQz
psHiOawKv3aYRT3pkc37qk4mKxY3c8f9s/AKPph6ERPaXyCUBO3bH+Hp3uDxfJj57cs8Yv9heqyOpNlqxX9S4F+bktkDWy5BVh5FbhV7XZW1t6u4B4kgZIuVGQKyufHjmtf17sYt6LOg4ZeRdlqAqzO5J55nRf9YDeU3GMbhnLOjXzg5yrW5tMI=
sAzbtDILFk/n+W88MGpMU3H16IF45svO67uDvf28SY00ovXzfueMBHhlX59lYSJwXcQ8mYmTkNIjqb5sSuyFGqkndsC7Y37JP1MqQVIWeX75g7m1ke/HyFvB5KRPXcWyHuGVgz5vWX46pWwzJGnrAdriJEvXYYsuOw27GEkt6+gqObiTxydUKfa9vbTG
nKLd7uqk8V2CjCfY/8VMNunX12u6PRI/nF9QL63dmqereXqjWzkW7kys5YNdlk+0GBfIB0NoQ0YWuH/ZYBO1eTrG4FI+R9DBtPnlBXaxJncySzK9M5SB0CVOBBOXRRisj5fcB/Zfo9jnknsDbBBh5ywhPSeQwehie5arB2Nli8sVQDn1HoQ16Sf6DMVPE6SrSxZ4UdZzHp2paUgmPlsNxRlm2TnBuLOZieD4nSJDHSMGwXTJh7T8
TMOi5HyLx4PHFqW5NPincTZmA/GJSGVeJXQtbA7a+Vk0SmuXDRe43Qs4P8TDwZSAYpPx8Mk7fvZXadz7vvZO5JGpOHKpxZV6HW2Bk9S6usTF9v3I1QwErh/T9B4vloYzN2pbF0UCAl+LS9PFi8glx4RLY+57YMIuM6xoOD/Y/CfPp6vOLS8187O6tMc=
4xTJw76MEi37dMBWH/OtsFA/iMRpL3nSertQIeBf3wDDXQwnAWgWdsn8/Um13Uzg6ay5Lwkdt+hbhRbmX2P0Q84sanF138/1sNgf4DaJo9cyWrH99ExA+NdSC6PckPFHfOFtB4DB+EIrVvun8+U7a2WACdXuhAUJVzq8pb+TNEsb1qgxxnMOffkpmEau230lqSYpWfG4w7m5oAg9ksONg9aBpOmXtOw=
3SBaxszrBaCHwfSfC2RitXiXKlYwZ3Qd4H0BOwNXxo+0eGlPGR2nyAtFxkbP4wTjvuyaUQXfP9XAmO9ARgkzd2IaYd3kTFAYhxLbQ0wQQafMoV3nsMHIohsWS0dDZauLtcBZNf6EFSmHeuwFLxNE6+uW2BE2c35dCeno5l5b7YV55nl54bjT2WlgWF0CQz3jZkGUiae03A==
qO6T8IEfl/IgK/r3SQ7mjR9RJG9tAIgxV8UgQbC2o45TK3s9RSwxLZxyPTM2l+QkYJVHn30ROlC1NPTZwcM4cts5BuwyfD36Qfc+gPNTViknYzJBSiZhntGz8fXZPy8o41GcJPfNPRK2sd3D9p+xXiLVdDM8mfMhspJsix+xI45DnQOYsb1TiEJpcFMPF3xJ7o2ltN4=
O/rgdI9t6IsMYOc3y1a7AqICD28adnpdb5oJScb6zlIUILI+L7LV9EmgYWdPkbNOUz1zmAFdQ0jSCSDT//fMCZ4tdbQO
baYQ+IVX6QR3aiEcUIulQKMCD28adnpdb5oJScb6zlIUILI+L7LV9EmgYWdPkbNOUz1zmAFdQ0jSCSDT//fMCZ4tdbQO
NVRe7tpuUAS4/a+DtfPsuqACD28adnpdb5oJScb6zlIUILI+L7LV9EmgYWdPkbNOUz1zmAFdQ0jSCSDT//fMCZ4tdbQO
agbtLw5Obl0XfG4Urj1yFKECD28adnpdb5oJScb6zlIUILI+L7LV9EmgYWdPkbNOUz1zmAFdQ0jSCSDT//fMCZ4tdbQO
k46j+ooCYRRz9ucQhT6+XhZq66/TFsEv1g6ODbsytelaErqigLg+vqMqQYS9yP3H8znnnifFP1hNZXcYBmHcs+Pf+DmKNXm0Ag==
qE7rarBO27ldMv7eBF1unCYziATcsfy14eDQY1E31oqTlEAPOuvCCKCgv1OUcUmK3L7RR2B9Duk+jd5WYG5wvPYmjz6bkAKek/xoaJ9oPNcvdyueTV91QxNqtBc=
Fv1YufKjsDue1WQwAls+2xZw7a/PDsAv1g6ODbsytelaErqigLg+vqMqQYS9yP3H8znnnifFP1hNZXcYBmHcs+Pf+DmKNXm0Ag==
QD8ZvqI9VOmmwjzoDIniNdFOOuPan5Pj59uB36Gd31ijpR72h6NMM0bMsiEd3ycl6LiXEI7J+8c6eslNHMzoiO+yA7OEUAn39EG116jB0JLz9nMXCyVje21gMaVGBO25Lxq0tefTjLuTtvDhLnNmLSHJEDYWG6U1oQbR6Zk4a0mBwAAtSoP1M14h/Lm/tMQ=
JXEnIj8yfxksEHzRltJ4yy4Qjiw/xt98gMn/tJ/jv30BZP3dQMpZU5IPGLTsHcMf+Zm2wMmsUDkle2QCl/HCLHY0ccqdDxqgl0tqOStrNkFOLm2O7auV1f3H8xivGdjkMwVxYuoJOSNSB83Orl3ws7gRf7FOCsjrewn/fo/VR9h1dZ+4HhFUc+sPQFnihaG02g==
HCepgBT+IWvaHPC3r7rS3IK16emBCr63CLnWJyoeP8aV7K30vkKZAYSSq089T9jFOyA/3PPZ9NhSSzEoeWMebufxXGMObi68IXH4qpmd9WItdYGL5KLanPUuPRBlVGQ2r0t0hp8O5muHspvPdVpiR7tT09270EWftJOjNss4oraDNOigj0Ccf39/axYdd1Xrg6K03w==
jGhV6HK1WmMHRQIt7pfjMKLklg29t1lrtj1ACAcocc7NkpJoYd+wwPt54bUQi39i/xo/E6ymBvnB/sU5dsBDE/zFYgSWItXjaNwFJ33sqfcBDWgoQiJhXI2Gmc7MWMvplGAzpJ41M2BLeSkgKol/kZOb95qdYWCh02D34kqYp1bIhmOqpGELbXvgAU1d5YegtNk=
mLYzrVq0lK5iRVGitDm95BeWkDdom5lJ/9uaLPTD9Ea+GZ8eW/CCPtMcaIjfyLy371crvg2/9ePTCrR3
SChUGTqFvlntlEXDwAPEuovi24qXuBKagAREubF/y+HakkhxTOAasy+Q13IKqEeGyNYDmmTxKx370OHdHZUncLQJ
HGPkZ3IJEBXVvQ6ITJvcdGJE+Rpb2v/LobqQsg+As/UgV+mthyca2JwvpILmxb8KU/yyGusgqDx3ZCwzd8vL6sXzBYcrdrQD
RTDEa2EfsSkD/qYqzsNbdhYprrXHFeUvmlPJROc5t+scWry1gLkI+rl+TICnwOLX8znnnifFP1hNZXcYBmHcs+Pf+DmKNXm0Ag==
QV9MQxGn/mXmWW2ZQrxQnCV6u6RUKGCX/Ixt51P4SaiovAt6o+McdQHTU21aHtDd/CxCX098z346hJ/KCJrbNtR9s/GbPLkRLbk/fLQF
MdZRkaI7VXxaSMyKyQ1kAkcAu69YJXiX/Ixt51P4SaiovAt6o+McdQHTU21aHtDd/CxCX098z346hJ/KCJrbNtR9s/GbPLkRLbk/fLQF
4Dc+BYiHDLuLTK+vUiUbzSN7u6RUKGCX/Ixt51P4SaiovAt6o+McdQHTU21aHtDd/CxCX098z346hJ/KCJrbNtR9s/GbPLkRLbk/fLQF
lPEQwX8uNOp0ZpKA8G8kkA2ev8VJcz3Jyz0U6slFMwYVEnDK38jzLVC/yZWXLxrArAfEerYNf1KjlBKie6gopMfMzEung4sytRslvzt+tBs=
r+uArE99/41bZ8CACqxyhuzQtw/6nXYoqpa9SmQRXN22snAlMwAs3ijJAhPjbO0tlbveDhY9Ch3aumtaRoiNlCCHUa1tNo2B7XhfYV0wzDV+I2FLUnFAEWu0EA==
HOeLfGQk7cYaUR3DJb2xnmCqZpoa78BU9p8/JqmY9BZuHF+V0pKUHU8w4JZsCcZbr5xRVTFbepaKrYaVXjrv0soYEQyE5/VV0UZBSak4m6kRADANGgOFU05hTBlvtBQ=
XtVVw9NVyhmN1tAGr1gav38qis46k0hqU2xmalr0gK9FDQsZ2s3HkGy1QL9Z96mY6GyrCiNTfKXBo3N9Wg7wrTz8Iu/PDG+uerR/2giKuwYULRMBG4xZQW1JH2y0FQ==
tTNI5tyw9YmwE1EzLKDXW0Udq6BfaXrZtoUgr1nnSaiovAt6o+McdQHTU21aHtDd/CxCX098z346hJ/KCJrbNtR9s/GbPLkRLbk/fLQF
r+uArE99/41bZ8CACqxyhuzQtw/6nXYoqpa9SmQRXN22snAlMwAs3ijJAhPjbO0tlbveDhY9Ch3aumtaRoiNlCCHUa1tNo2B7XhfYV0wzDV+I2FLUnFAEWu0EA==
XtVVw9NVyhmN1tAGr1gav38qis46k0hqU2xmalr0gK9FDQsZ2s3HkGy1QL9Z96mY6GyrCiNTfKXBo3N9Wg7wrTz8Iu/PDG+uerR/2giKuwYULRMBG4xZQW1JH2y0FQ==
tk0r1WU3rfYRtPY9ZDLyBUQdq6BfaXrZtoUgr1nnSaiovAt6o+McdQHTU21aHtDd/CxCX098z346hJ/KCJrbNtR9s/GbPLkRLbk/fLQF
r+uArE99/41bZ8CACqxyhuzQtw/6nXYoqpa9SmQRXN22snAlMwAs3ijJAhPjbO0tlbveDhY9Ch3aumtaRoiNlCCHUa1tNo2B7XhfYV0wzDV+I2FLUnFAEWu0EA==
fRVJPZ9JUHDTE8U11es9038pis46k0hqU2xmalr0gK9FDQsZ2s3HkGy1QL9Z96mY6GyrCiNTfKXBo3N9Wg7wrTz8Iu/PDG+uerR/2giKuwYULRMBG4xZQW1JH2y0FQ==
BOr0QsTbmyagl7Q77pl4SUMdq6BfaXrZtoUgr1nnSaiovAt6o+McdQHTU21aHtDd/CxCX098z346hJ/KCJrbNtR9s/GbPLkRLbk/fLQF
r+uArE99/41bZ8CACqxyhuzQtw/6nXYoqpa9SmQRXN22snAlMwAs3ijJAhPjbO0tlbveDhY9Ch3aumtaRoiNlCCHUa1tNo2B7XhfYV0wzDV+I2FLUnFAEWu0EA==
fRVJPZ9JUHDTE8U11es9038pis46k0hqU2xmalr0gK9FDQsZ2s3HkGy1QL9Z96mY6GyrCiNTfKXBo3N9Wg7wrTz8Iu/PDG+uerR/2giKuwYULRMBG4xZQW1JH2y0FQ==
Vif0vMXoWrusnkl/6DRE8kIdq6BfaXrZtoUgr1nnSaiovAt6o+McdQHTU21aHtDd/CxCX098z346hJ/KCJrbNtR9s/GbPLkRLbk/fLQF
LwCUMzYc23WlhzOVnAD0ChB1YyxEK25pVvyIu1UZI/36qe9EPOGIexkzYcy4uANug7fUMVE3+/naing5rGiKC29ox3oq4LceSE5zUkT5O2U7aHFVfV0XaLQR
mhVijDn7ST1HnhDgIjFkwReWkDdynZlV59qaLPTZ8kaiAZ4eW/CCPtMcaIjfyLy371crvg2/9ePTCrR3
gAxRYAodQra5wnsK3yGFJYvi24qXuBKagARev7Fj0+DakkhrSuAGqy6Q13IKqEeGyNYDmmTxKx370OHdHZUncLQJ
Y41BQBi0mgm5ofC+ELkhhUcdq+4JLmfw/9Ft7x+tTaiovAt6o+MGcwHPS2xaHtDH+ixeR058z346hJ/KCJrbNtR9s/GbPLkRLbk/fLQF
X7wR0ZfVjkyyPh2GXvV5alLG4MBbJiHUgnJZ44QNORkVEnDK38jzLUq5yYmPLhrArB3CeqoVflKjlBKie6gopMfMzEung4sytRslvzt+tBs=
wRRjkWcNZIYPZFik/zxe0a+2ly8bjbCgUEYuo76fbrd8UXndXd6gvgd0k8niFTkdN7KaRCSRUs4y6d72S/iidgN06OAPgJy//79rVp03VasDYrQf
Z52fLoF2k2D0klt6RA/qc38qitFqi1EuAHFsYE30zK5EEhoS19yOxDbzCvRK7amY6GyrCiNTZqPBv2t8Wg7wtzr8PvfODG+uerR/2giKuwYULRMBG4xZQW1JH2y0FQ==
nHt+tqfG7Q99rWLPgJKaAko1J3AIPTojC6iZ70MSMrXptKYQZqfCMAopYcy4uANug7fON1Er4/jaingjqmiWE25ox3oq4LceSE5zUkT5O2U7aHFVfV0XaLQR
OXox/i6peXFt4JkrHdaSRmaG33mUvFmaxatC0LzqOhfTNnCHxp2LGn1ZC1jem/m2sjY+/R7uqrvlWhDSz6Cz1foxaVHfBhr43NUi4jr9viqTnDL6qwCoHDeErFO368vKBZOFZ2tWtCM=
ygTiiYg+kdX0yBhUUAMJ5F3+bGXtyfNCYzqApbZfUQSzih6sr5pU61c8OYXpG0J8pM2CnVc658LI/jlgpCatBTnmOfkhuBNZqWCY3UJDfWMmQVQJZ7Qc
nCeclVIi/qhqrTd24nxu2n8pitFqi1EuAHFsYE30zK5EEhoS19yOxDbzCvRK7amY6GyrCiNTZqPBv2t8Wg7wtzr8PvfODG+uerR/2giKuwYULRMBG4xZQW1JH2y0FQ==
Yk5BkytE32DDA9ZFRswr/WaG33mUvFmaxatC0LzqORfQNnCHxp2LGn1ZC1jem/m2sjY+/R7uqrvlWhDSz6Cz1foxaVHfBhr43NUi4jr9viqTnDL6qwCoHDeErFO368vKBZOFZ2tWtCM=
RkUfwsyfHgYlx9GmB9b11X0pOx2/MjCr8A8JxXdfGtCMN4Sq1v3/wgMk0vKb2Ci05/yMm8dzC6IVq+Xv2w60Cw==
TcgxavSDvqLxcSxQiqhj72sWx7IXWwJ7z4XtWadIz262IBCayMtZGR+rmlwUkzQWHqkfrvsgwu6z7Gh4vxj8Z0/nqw6t7zWzM3q0Bw==
wQrUwh8J0RKzRpkwtuY2jvctNglVOD0TPI8UR9ypi1QRI7M1QvbE406zandPkbNOUz1zmAFdQ0jSCSDT//fMCZ4tdbQO
oTP9qQBS8Qoork3mYoM8A/ctNglVOD0TPIsWSdypi1QRI7M1QvbE406zandPkbNOUz1zmAFdQ0jSCSDT//fMCZ4tdbQO
xsGj8Hz90jhbq1YLKF7NseX9Hq/Nsaz9g3TBlanJ5g9A5+6b7fwtbj6ojQ1xNQWrCeFqGLfq5g4veCQvZfjcg8IoQ84lEUM6eRzQewsV2IZhieUeJXGBh/zW6oAdCl18XYC0CucPtEpHupY3L1Y7Yw3O8rsz11NRIyT1A9w3Q9pzbPIKS/Co7Nd0bKNXG0s65WNFl4umtNM=
TjfsAzrMaG13B2pRscFDqtG70I+EsA6KxURPr7Y22NeUzQh2D/EfrTqQ13IKqEeGyNYDmmTxKx370OHdHZUncLQJ
wClYmksEt2XqmCocFxXpGZtYPfnBkJTgpMbEyIDU3lWlrx72h6NMM0bMsiEd3ycl6LiXEI7J+8c6eslNHMzoiO+yA7OEUAn39EG116jB0JLz9nMXCyVje21gMaVGBO25Lxq0tefTjLuTtvDhLnNmLSHJEDYWG6U1oQbR6Zk4a0mBwAAtSoP1M14h/Lm/tMQ=
FbaxHe0gw+7dMP1wZcm1L43I6O7gGZlDZugHn4ERMjTg4w+2zFvrfmwypnGq1cgIS9EosKqt5sBtPIGV6Xz4omixNUcUtYeXkDMsOOZd5S4PMuNSv+m2+2kSfOk3exDD9DW7SVNyRHGMpG36gZyOJDXG2l/I8bR8ssCd18gzAmbVHvE3l5uZPdd1INxQuuT/15hsh7b507ZuJj075W/5SZlUa5TEaxrqqu9xcVgHez81pDY50N96VLqvXgCYbeWwl3lJ0cQWRyIflBadFO7Tzt4orvmB0sS3FEs3OPPoSbXy4DKpyCdlrGMB7Z3gqDbKv/TGMQyGDIW2a8ELOA8Q1E0PKrf2CoT6LtvgIieS2X6k+qsKCMyp5V0BLoKjDM1ZhEPTmbam/9rlXlg6wTcH0SA0XKSIt1NWTpld+kmW2x0rVqss+c/kA05I3qhTQ1M0l8eG5VInQwoZLBDLa6VYNgE5JS5FQYG3nOYqMH263cw9MHQ6hz+0eieKVodP5rvTbX4yi1PnU2FDFDWzvIfDahPcMjorwK/ct0SsEzery4qF04Wn65a04w==
b0wwF5whGUy3jAJlzBHUJrJjNC3i6qW5sIy7MbZHSRotcOwfdD6peaA8PmnXj6ms+pYEQqGsVKII/SH/Dmh2DJjnK8IbqieLMBTjM6LnFQAPhh2TA5Fr5d7jpfPEx2AGNSRF1r7CCbTSUdzrVKr+gmVprJmS4EmMWVkjYdlL+5c4wlSwlNkrqiRJYqNzIOKkhcVBBSmPxQaDurBRGtzGzakvHM3LWYlWvrdERRoCdm0mPnxH9baLa2E/8GyH1LP2jgOQZCNooppmt9UI5KEYSQ9G1wIZ8y4yWgc8neUaj6O1QyTiBiyDhs4/GJzsU/opObVcpYBS0Z2C2ULwxIwCOfg8I5ipWFjI48Tclglz0YOWfAdmHZ/YETu3wpz/7Il8gGSF/be3nMbUKhwtMwCCWyXErbzLGzdEg8LNtST14ipGNtfJo5LrdU6rBv1jHBUuKLVPTwhw3etNgLH7AQFwRHLuufDtKgFCfDSTJVSsa8iuOStMK1Xx7Jrl5x0TF2/2La24jbNM7+569P+aD0o7xhTtk8EbTNmBbYmfrLTV
AlxS9TTY22FqOFjIK02craYCD28adnpdb5oJScb6zlIUILI+L7LV9EmgYWdPkbNOUz1zmwBdQ0jSCSDT//fMCZ4tdbQO
ZpB2fflfLyskfwNNsNsyenJIo5j2Walj3B7BQKFjm9gUCLqigLg+vqMqQZeyzOfH8znnnifFP1tMZXcYBmHcs+Pf+DmKNXm0Ag==
pukKjaBAMKvwwFN14daqfKcCD28adnpdb5oJScb6zlIUILI+L7LV9EmgYWdPkbNOUz1zmQBdQ0jSCSDT//fMCZ4tdbQO
eQkQj5r5jaKttM6Bh1GiNnJIo5j2Walj3B7BQKFim9gUCLqigLg+vqMqQZeyzOfH8znnnifFP1lMZXcYBmHcs+Pf+DmKNXm0Ag==
fJ2KAnWMcBF3iwqOdpQ4nu30EN7vEL8e7QSGYeHZy+Pvww8mu48p5hbFKiCoy/ddiU+DkjbezIhcoW7AiTnHrfd21rF7IHfv/q4Lo92ejWh4TlS1lk+VilFtowKt2AuW0pa44IOF9vC129IjHuRUHpGaF32d6DXxYYKQLDbKhduopNUPHQQZrwFV2MAiCrEkTb7JJmxwO7EUuEOMPl3jWAuBeQjK4c9Jk0NH8n1JMFmTWCeK6rDXjkLfk4IEiVtVu5jRZT0NN/i0gQ==
1CZZio9KwSipSNpU4I1WVIPwVTDmIvfmCaMfKWpxSmWWVP8ZmiUM4eHsVktm0KRaxAxsEBnbWUK/KmjHR/x0es6V+2yqu3Mec+3+qAeZxZD5ekh4SN9+UbGoMYvP2JX23+QCwIQqy3uyMnWdHlnGquDM4WxL1zW20ZPBJDy2TiQRaTgyKYWVup0tgdNUerqERbb9CFXMBO6fE/Ter9aG87eqW1fFQgKfCwvThQsIJYcEC2Mu+6DCbrNsYvm/mPznT2erjq1vNTMz+rSH
wHCmXJahX0SvK74dKEYNoS10e7mzaUMDdkNsBWSQGZ1Hvoglm8eboz7UldEu09Un8R3WrUUVMMpvUi8Xm30vYAFYLP+n9W5+LY0mUQEHEeDF6jgCuOcb4d41l1G3kT96DdYd5yJUUVW4NEayW/7H6XFJ0Cm/54Cx0SaZagX/EuAfG1LZQ9vuQZaeBW7V+x2V9TdruEcJYGRLFVkCcjkx49pXNe4GraizYGHXkTbaQKtzOWeep8W/Usxl9xiGYVyzY994OQo1+bSC
Hetcf9J6230QN6TW8GiJrS10e7mzaUMDdkNsBWSQGZ1Hvoglm8ebrj7Uldwu09Un8R3WrUUVMMpvUgMAm3QzbhZYLP+n9W5+LY0mUQEHEeDF6jgCuOcb4d41l1G3kT96DdYd5yJUUVW4NEayW/7H6XFJ0Cm/54Cx0SaZagX/EuAfG1LZQ9vuQZaeBW7V+x2V9TdruEcJYGRLFVkCcjkx49pXNe4GraizYGHXkTbaQKtzOWeep8W/Usxl9xiGYVyzY994OQo1+bSC
oRgsDzmDEYqxB1cn0xyCvDs3l7KLR7nl87zGbJYnrTaiCHVG+6Rem1Wu/NCvFiB4oPTWAEqm+CsGslv7SOqBYxd78Sw2953xbH4viRxZG3Pj8PfeIurCAznB/FFtOW2lDap/IkcvGBCTFXpw/HoBCrU5w/0KQUWDIhFzwuOCn0ugcO1vyFH5X2zBFBq/5k+P7wVHg/FQPe3CxOlxo2qojYMzqKNvJrzpavOiJe1ZbC4ye0ENvfZdoZ1y7oGN8JxVbqORq2IxMDH7tIA=
c/TWcbafu/yAN/s+E7IQZi10e7mzaUMDdkNsBWSQGZ1Hvoglm8ebrj7Uldwu09Un8R3WrUUVMMpvUi8Xm2MyYQtYLP+n9W5+LY0mUQEHEeDF6jgCuOcb4d41l1G3kT96DdYd5yJUUVW4NEayW/7H6XFJ0Cm/54Cx0SaZagX/EuAfG1LZQ9vuQZaeBW7V+x2V9TdruEcJYGRLFVkCcjkx49pXNe4GraizYGHXkTbaQKtzOWeep8W/Usxl9xiGYVyzY994OQo1+bSC
KAmjI71nVOsNSqlp/qtEkjs3l7KLR7nl87zGbJYnrTaiCHVG+6RellWu/N2vFiB4oPTWAEqm+CsGskr9Sv+Fdxd78Sw2953xbH4viRxZG3Pj8PfeIurCAznB/FFtOW2lDap/IkcvGBCTFXpw/HoBCrU5w/0KQUWDIhFzwuOCn0ugcO1vyFH5X2zBFBq/5k+P7wVHg/FQPe3CxOlxo2qojYMzqKNvJrzpavOiJe1ZbC4ye0ENvfZdoZ1y7oGN8JxVbqORq2IxMDH7tIA=
5wcp//uHvuitpfdWC7XgSawaHeyzmF+5MIwJ6TSvVjQb/OoMCjjax+4uYJNvPN6e4k0ol7fkq5ud5qUx7KWSmcKnQypr4f6sD6XVhIGWaFxgg44laeRxT4ckxSJnSOKkbLZ7zyq+9RmW5VY+GKBByOMLRUKJXwFg9MqecClFWNZBmaWOhSGB11xGqpA9Wt0sfZD0mkdftBrnKtYnDwa7My3esiuTh1MBg7S1E/xnw4pTfLKa66CivXfkLLN3S8tqxXMFByv2tIM=
n+fwhZuC1b+vtWexEZ4UyqwaHeyzmF+5MIwJ6TSvVjQb/OoMCjjax+4uYJNvPN6e4k0ol7fkq5ud5qwi5riSm8KnQypr4f6sD6XVhIGWaFxgg44laeRxT4ckxSJnSOKkbLZ7zyq+9RmW5VY+GKBByOMLRUKJXwFg9MqecClFWNZBmaWOhSGB11xGqpA9Wt0sfZD0mkdftBrnKtYnDwa7My3esiuTh1MBg7S1E/xnw4pTfLKa66CivXfkLLN3S8tqxXMFByv2tIM=
fgZkuJJQlZ34atyil1dt9rQQFzSvtOLUXVP3jr/B3Y0r+moOJiIxg1hjrWqWA/bBa2ON03qhat+1aJBRAzkh/VZsNo3VWb5FaxR/6/6qA5fNauVMWGq8wUZ73U4Rqeu2fazjMnIy0BQTMX50NV9al44QPLoxPv8JTVx9NSFG2Bjmvm3/iIC9+w0wEasBUdD0Mv7ZAG2aIVK8RHN1VHwLOO4pC/yrJRH8WlVHzRPHz0btvVj9M/zP/joEn0oCG9u21P2zcZu8uZEtOT/8tIU=
j5Ye6XiwAO8r4ICATHwks9PMwr7RZHvz7tEz7SK99ce1TCBVuglMEQF609yq2ZO1JmhaPqjLFmft/3reANGYvJciX3st68+7hvznQxgHnMgTeYceh4UfUygllpimofyzwx+YuWp1WbQi
+SIQ/O1jX7N6vn6RfZ7c19PMwr7RZHrz7tEz7SK99ce1TCBVuglMEQF609yq2ZO1JmhaPqjLFmft/3reANGYvZciX3st68+7hvznQxgHnMgTeYceh4UfXy0llZimofyzwx+YuWp1WbQi
+x8oWx7/qOG3R857E1zhDRkJ/pai3AFF1aA9Uz1pLgzqDepKfRIEQFQrsJXf2Wtt8sz4Xg05YcOYPpwoGtZPtaCC1ek4H22glb1ZdEv93Hk/8nMTFNC5l6SBRfe4wcCyAzYjd7ul89sdIOFFdgSdmf/aBNV3U3wbw/bAAT5zdk0RCcCWZps11RFGgclpO1kp0QPwjtoDRdOOYYyZr7TU
aYB1EkAxmhlMs2G4YQGBPiMZJMHP3Tv40hkGnlD64gImr2PGwYOCmaUelK3jJ63oXbB+DHaD9AM6arD5hSpY+Rr+I3vaoZl7/0qvjxliczEzcZTiIh2C4MentduoYrBoTfaV12Uz+UhC+zfc0Xt6UybCjH19qmuiUbhjS1CVllzRcIkj1SP5kaT4L4FfPQCuwvfjABq2uk2aI6pQbQhpHdwxfT7tNNR2G5kvpT68xKYpWUVbhK6QoB5WSz2sEslxG/xJ2KlNFTyPPZgx88IPK/Dw3Y84kcn/PMFEuo8mv2/fhRfjYRAtDTLEWdGzKjitU7NYg99mzIk683LFHZncDkL7ES0tNk0BLXud4Z0zDLa+I6HLEnEAkSu0UA==
Uv6Jf20wlDVkvPbPwndHeFy97KwVBk5Jwkab4crn+iQOhf5TCbUNQvolvGnvog94UuNsiC2/Xdzll2MzQgJMe8p7dKwW/T+gjNuRUM1YJAP6IMGpiOltlkxPJsr1nrDiZ5xlEWH4Fos8E2YPtNIB3tl6fB0NpvHMxCSZXm4K1F3O3fJaHR03eLsl/JuwcrDbUOkYU4P26teflD1VVic2TMFv0V/7b3/7Qn4Ny9sLUJo5G+ow38S5Ufz+brMmd7RksLU3n4s1ZZFlVORZ8aMIsmtZluyiXM06MVfOAOPzhml3g4JB+sYx3gET4XUpn1/oE3EMJGetjdKG0e1D5v9hnnL1hDNMuSNh4nJ8Cy9RE87zfZObI50jy7LKANMftyyJPu0VtG4=
efZSybVbWbQWDSxKFMobWBkJ/pai3AFF1aA9Uz1pLgzqDepKfRIEQFQrsJXf2Wtt8sz4Xg05YcOYPpwoGtZPtaCC1ek4H22glb1ZdEv93Hk/8nMTFNC5l6SBRfe4wcCyAzYjd7ul89sdIOFFdgSdmf/aBNV3U3wbw/bAAT5zdk0RCcCWZps11RFGgclpO1gp0QPwjtoDRdOOYYyZr7TU
/sy+SHagN7ldwrEWxyWFVSMZJMHP3Tv40hkGnlD64gImr2PGwYOCmaUelK3jJ63oXbB+DHaD9AM6arD5hSpY+Rr+I3vaoZl7/0qvjxliczEzcZTiIh2C4MentduoYrBoTfaV12Uz+UhC+zfc0Xt6UybCjH19qmuiUbhjS1CVllzRcIkj1SP5kaT4L4FfPQCuwvfjABq2uk2aI6pQbQhpHdwxfT7tNNR2G5kvpT68xKYpWUVbhK6QoB5WSz2sEslxG/xJ2KlNFTyPPZgx88IPK/Dw3Y84kcn/PMFEuo8mv2/fhRfjYRAtDTLEWdGzKjitU7NYg99mzIk683LFHZncDkL7ES0tNk0BLXuc4Z0zDLa+I6HLEnEAkSu0UA==
aokVaOk7bLuOVym2Kkm2qFy97KwVBk5Jwkab4crn+iQOhf5TCbUNQvolvGnvog94UuNsiC2/Xdzll2MzQgJMe8p7dKwW/T+gjNuRUM1YJAP6IMGpiOltlkxPJsr1nrDiZ5xlEWH4Fos8E2YPtNIB3tl6fB0NpvHMxCSZXm4K1F3O3fJaHR03eLsl/JuwcrDbUOkYU4P26teflD1VVic2TMFv0V/7b3/7Qn4Ny9sLUJo5G+ow38S5Ufz+brMmd7RksLU3n4s1ZZFlVORZ8aMIsmtZluyiXM06MVfOAOPzhml3g4JB+sYx3gET4XUpn1/oE3EMJGetjdKG0e1D5v9hnnL1hDNMuSNh4nJ8Cy9RE87zfZObIp0jy7LKANMftyyJPu0VtG4=
J/4ZqhDTHFG58/ROiuKyDm+XAWy43Cpm+Sg4BVoWr0kWSiP93RublElpABLzcK3HCFKV0cAEP0ZK1KyAzqD/1P3cv72uFYJTF9mjeCPb3rTPn8aXydcqqpXkqNYh1dU9b4gHGqpAd/5OLTPyxxl4BTtIsfX9PVdItDE=
uyzF2y1dAKKFEZIbe1+YksfXeQQlnlnVSt2I1GohwHvxW44sW3RTaVRnz4W0SLe4atnC3gM9KOPdsKmQPXsBEzqfgBSkLTsfgal+YFE8+PkNC1ziX6FarO5kOeplP3Lgf9vyWeObDkF23qXudTt9lZX3CzjnSUBkq1W5gtJ5EeP6l1VuZm2Is0AhNxHWmmCrU/nHHscF313upVebZiK8s4Of2Lmq9Zm04g==
twLIpjj/WfM4SACQUI4/6FUuUueUikKiP5NYcoZmzX+Y0O7e6dv5RjlH2iJAzb8jeniX9ZNifvDc/jlE2w3pUcDPF9Z/rldXfEIOjeEKDV3mRKunvPGKAIZGHRfIqI3DrajBwwE5AGySxukoLXJRqtxcI93U1NsgDlH7lGsNIcT6zRclEy+f3k2FaNXzlD+G2hxP4o2xi663BcCZ25SJqY2h75S07Q==
XxeetJiuFmV0qkeMs1FDeeuO2RMt2ShHZoPXbQEO0Brfy+i6xi49J7go/tbp0+m+GR8qagAFD3uawAd9E+ruSLwmiQwbxZmJ4LcH3n+mRy9cmn5FIUK9hYb8Oy88eRq4Zh6t34jgfZuNUNHLATEQlLKeGWBtuuHyPOSzVVRcS5huiUvcq8VRHNq1By0TJ4+mbV0YHTPcj166pN9qDTkbFlddcFGb3HnxrVn/nLTl
Yk1cWRTWucIdy1XCTg4OPRB10lyo2g+NgU0HYYoAKX3qIMc9/IjWIDEtsC761OnN1aRhCR548CsjkfLmIx/z1LKy5BBdfssL1UOo8cOcv3g79eTMiheRrNEvLprfjZyHhgL+aDltGG7xEQXWVUmBr6wOSgit8h0UTZjUQhe3NOKX4rY/Hy77i51WEnND71N5c/xVi2zPA7JjdJJCu0gtRwcsT6tkY4vSdfulX/uetPs=
mCrdje0FIKy6uhx1tjLuWP/4oRElyaLofUgnhaxAlnjBBZDW6tzp1eVMATHOMDDzUzlSnrOXc0wC2gSoDbaLUyVriAnTlL9gCx2E9FpfUXShh47iTwUcHzZqHtBppVg2ATklLkVBgbec5iowfbrdzD0wdDqHP7R6J4pWh0/mu9NtfjKLU+dTYUMUNbO8h8NqE9wyOivArd+3RK8TNKvLioXThafrlrTj
rSX25Ldai/kwPgRnq0trEIzecwN1ilzOU8vbk3A6127xW44sW3RTaVRnz4W0SLe4atnC3gM9KOPdsKmQPXsBEzqfgBSkLTsfgal+YFE8+PkNC1ziX6FarO5kOeplP3Lgf9vyWeObDkF23qXudTt9lZX3CzjnSUBkq1W5gtJ5EeP6l1VuZm2Is0AhNxHWmmCrU/nHHscF313upVebZiK8s4Of2Lmq9Zm04g==
FoDEAe20GubFDhh5Flc83f/4vB0j27nhTUgnhaxAlnjBBZDW6tzp1eVMATHOMDDzUzlSnrOXc0wC2gSoDbaLUyVriAnTlL9gCx2E9FpfUXShh47iTwUcHzZqHtBppVg2ATklLkVBgbec5iowfbrdzD0wdDqHP7R6J4pWh0/mu9NtfjKLU+dTYUMUNbO8h8NqE9wyOivArd+3RK8TNKvLioXThafrlrTj
B9VVFio6/THXyur18ghpzhggGbmYCniS1YbVuVdZci3VX8rGrxfQ5iYyBTvINMbK6c/RomkDEnbgWTen6hw/IdO2VpTM+jFQ+1khFZArv0L/Ov+zLAbG2cEeBVn2IINz/CUiZBbClYNo/EWH/Uzp1wEtKIjCgiF8jebZLkw4iwmUAPNEHlXzgEtZ6YCqKb+xk7s3Oh3BoIHTgDeCynhnNs1lI8ongUgNe8BB7d1Fx4C0+Q==
5kq0nnz5wYkB7bsGmV91QBImfxsWOp64/41+KhV099GUrPZcKRmgIvLQ6dHtsBElNhwQF3tloqrrWzMIymZUfLXaa/dN9zh9Sxg/5INhFGAi8/EQCVv+VpdJ3Nt+Vs6EUUk4EuklFdpdTYGzlBo6JIWW/SgVbIQO3/P0Pu82BlP3ilt3BeKC/8tr0+XLaKUnxCtjDrsAQo7zjG0b/3h/RwxHq65tz7VT85q05w==
a1foXV6Cjyu2RJjNAcKWDRMvYgwQOdeqr4NiIBA1w5+Ytv5JKRmgIvLQ6dHtsBElNhwQF3tloqrrWzMIymZUfLXaa/dN9zh9Sxg/5INhFGAi8/EQCVv+VpdJ3Nt+Vs6EUUk4EuklFdpdTYGzlBo6JIWW/SgVbIQO3/P0Pu82BlP3ilt3BeKC/8tr0+XLaKUnxCtjDrsAQo7zjG0b/3h/RwxHq65tz7VT85q05w==
UjRW+ONVI2HgH/er4UN0Xc7RUkHLkaU+ij8oliEVVX1vSIfaqgD3Pk1tszLHWfhFO4gxtf391wi0cQ==
or+y3Ammd8+WjgH02p6N749d8kREad3BNHTEIZs7jcWZZlk5Qb0wmQnjeJ6iQ50jhsH0yQe0fA==
dcd03qMIC4IUNBIog9NLQB+zeuFcYXO7qSFU1IL+N7/9P08j3jWEAqvpTz6fdbfdxhWPe+4yBPPb79AZkiVxtAo=
Z4POr0dkfb5D7BmpuShx+pcBvR3SSuonovc+c4uISPXl7yg6kSUYe15Heb1lFrVRlf3kMaVTxCYW48n72hGYIXO0CA==
TsZTIOtkdxE/967fB4xTTjYhPAqwJDDm9gMU2HBjGo/KPpSxy//twgMk0vKb2C235/yPm8RzC6IVq+Xv2w60Cw==
UjRW+ONVI2HgH/er4UN0Xc7RUkHLkaU+ij8oliEVVX1vSIfaqgD3Pk1tszLHWfhFO4gxtf391wi0cQ==
or+y3Ammd8+WjgH02p6N749d8kREad3BNHTEIZs7jcWZZlk5Qb0wmQnjeJ6iQ50jhsH0yQe0fA==
J2E/kaO/EqLvDjNgx+9/jt60on7k8Htjj9JZRVtuXVGCZyJcNnQqq3AgxZrypg60MRm4wgkVVar9nYFjNGp6FGVGfXh1XET+f6P0bk/GxmOX2tun5dLCj2u70zVrGOUXJPvjXtswgn5T3G1LX4i/d2wXK36N//UjU0q0Nw==
wlZ3yy74Y0EValRGpmZhvvrAoBn2jzM/4JazGXkAHcm/smU4IR0iiWTBSwTja+IzireCFVUsDx/t9RxKWpuQjzSHUa1tNo2B7X1cYV0zzDZ+I2FLUnFAEWu0EA==
pCUe2m4mLMPyvG1vgsiG4eAhp0FhtEEthJFmFjWV/5iLRUkCE5S3hYRlwqHt6EUzNJ/8B3RZA/TJU6s1WgacQ8bDwrcngbtuq23LHXqNeyvaGggTl0dEaUYdbbQW
FEc8dPOaF8koib9pGxgeSskSiGRQhmA3s5FmFjWV/5iLRUkCE5S3hYRlwqHt6EUzNJ/8B3RZA/TJU6s1WgacQ8bDwrcngbtuq23LHXqNeyvaGggTl0dEaUYdbbQW
MqTDe03fgVHW2Qjv2+Fn/Cy9lQathGIWMZ3jiGd9LSL3zJt1uC0GYamguYNYR1hn0KGvZFXbL7XejgDTartmV4PZV97XpQ9dPkVHW/bCbDNzfyh5WhVptBI=
Ac4dxcjCyAZVHAFYBHW0VDHe5PvT8cM9bd3TNrhiRmGEUl4WDWXH+KO1gUJbRB/lHPVaIXV43ZNcTzRHPGnr1LFjUzUiNmRjrvMKd2/RU84z/VOd4h3jy3JKwNPfN2yJfm1VtC4=
g2RkAn41JrWGLJgHQ3iYs5yzTw1KpHa8NZdfPKyFLM6+mdZMJwQ87vO+ipIeRCnpyy1xpKqO52G5Gx9lQwDo1E201QNUR4eDlRVfhuso4ibjRO3T79Dfb1zP66Y9Z5V7Y1K0Lw==
9qWLBPDjS+4X7O36Cvn89BEMbyIkGII8A88xR6uytoFTKX0gASowCMg+c3p2xc42DvFd+QxpRVm0dLKK3ZwnZtZ+P/UjUD36Qfc+gPNTViknYzJBSiZhntGz8fXZPy8o41GcJPfNPRK2sd3D9p+xXiLVdDM8mfMhspJsix+xI45DnQOdsr1Ti0JqcFMPF3xJ7o2ltN4=
/slyG33nzexn02NVMkinIgl+bz9ce25+TeGGoEQFOva3uedQLrXOPFEuKcXx5ApvievfN0sw48mJ2Sxxv2yiBHlox3oq4LceTU1zUkf5OGU7aHFVfV0XaLQR
OeFBOSeiDEyWRmMVxZ/apdPLyRgQhfdiZRSKLEWD28NihRGnB0Eb7sut6x2azdurutpoE7cHpOnm3Q20dg==
OeFBOSeiDEyWRmMVxZ/apdPLyRgQhfdiZRSKLEWD28NihRGnB0Eb7sut6x2azdurutpoE7cHpOnm3Q20dg==
DDOgsy39u8xjiykUTDVkyb9O0TBsn0ZKcAtAnn8NWi/h3kLUnHpOUDLSetGrM55nIz7H8oWWsNeIuuGGzVR2DVdN/Sr+oGRn/YoNGV4sWhEkdRXzMUkSV3l6naZABoIIwifH4krlpknSv2FeOgBG8MDHCDwB5kA=
