Xw32F/3cPpLKi2ocEVtSUHH6/5p989rz67uDvf66SY00ovWcFYmKeB8bUZ4iJ3dtB9ErnciomtokhqozX8PDFLIldsC7Y37JP1MqQVIWeX75g7m1ke/HyFvB5KRPXcWyHuGVgz5vWX46pWwzJGnrAdriJEvXYYsuOw27E0kt6e0qMLmTxydUKfa9vbTG
WvM1sVoQiKdCB91cZ9x7AFp5Fz12WgZpbif5Yiwx3HUBntVYAtZXRWgirXmW2prIjc5c+q1VcRR30mvjPJDRBxxhjcegwdiCy9ab59Pl2ysFAKkVzoRlSbe6HOWfk9SLu1YI8SZzbj1ZqTgGzttd5QmmSZkRs+P5GyXo9PPDrUM2AcSpt7TM
vpSX6Ko3KZiUhQq5zTP1zYKyv/vqWHBJFt2Yh4RQRSQAQN7K/FbMDSBDbl8S8p2DzLmX14xsKEOLjuxChffnUUKUROtcytSA7lY7HXzSmREPf2TgmZ7oAgEVHSyDAv+LgHDNL2jRGR+MwfRaX2bvz88FZ0OR0F0tosTJsQPqCM1jM0jjj6YcqUrzguVN2QzuUnshzR12/eG9cw/Bb3V8HE+jsWvCsVDxm7Tg
llxTMdq0U8PM3XPFPUTa4Y0+I+tYXgbzYW/XnApbtjArHV4u8w5GBG4geuc4ZIWmypI+mBk9mN4RAUWm9ZmBn8yeiviNop2krYiUMrdnNNL3cnbPP357O31GUgPjP1NJE2yVe0yfgwKDZNIyG5gjdGe+iVtOMgtilevlL1tOtMs=
57g+XxI5gRepfAVx2V+iKCwjOaDQXSxEL2grbhvU2Qk5DybTWTaL4WIvNryzue6SO9On6JYkavsQUMXqkvZO5JGpOHKpxZV6HW2Bk9S6usTF9v3I1QwErh/T9B4vloYzN2pbF0UCAl+LS9PFi8glx4RLY+57YMIuM6xjOD/a+SfGpqvOLS8187O6tMc=
SSrmtJKVvTypTpqvSxVe5iwjOaDQXSxEL2grbhvU2Qk5Hi7dXzmKs2IvNryzue6SO9Kn6JYkavsQUMXqkvZO5JGpOHKpxZV6HW2Bk9S6usTF9v3I1QwErh/T9B4vloYzN2pbF0UCAl+LS9PFi8glx4RLY+57YMIuM6xjOD/a+SfGpqvOLS8187O6tMc=
rcxC6546lx9yGwC69GGt8kla+JPq0QVekbo2aS5gehbmEaheLiFbHgxIy7GdlWtt+c78WkMjMZP5auwoGtZPtaCC1ek8H3P4la4UKlXVyUQ/8nMTFNC5l6SBRfe4wcCyAzYjd7ul89sdIOFFdgSdmf/aBNV3U3wbw/bAAT5zdk0RCcCWZps11RFGgclpM1sp0wXwhNsDRdOOYYyZr7TU
2iiM77ysi2SOayRr53DtgHZ8EeSJQSxEJ2o9fE/Z0BdrDyCaDXjes2IvNryzue6SO9Cn6JYkavsQUMXqkvZO5JGpOHKpxZV6HW2Bk9S6usTF9v3I1QwErh/T9B4vloYzN2pbF0UCAl+LS9PFi8glx4RLY+57YMIuM6xjOD/a+SfGpqvOLS8187O6tMc=
1wYC26gFR0ZY9/ijV5Sriig7VrjcFyxELHUtex3Qw1l1DyXISDPes2IvNryzue6SO9en6JYkavsQUMXqkvZO5JGpOHKpxZV6HW2Bk9S6usTF9v3I1QwErh/T9B4vloYzN2pbF0UCAl+LS9PFi8glx4RLY+57YMIuM6xjOD/a+SfGpqvOLS8187O6tMc=
a278W3MTrMJuhM59v5UqflM5LVAtcdntqbUJHph3ERPXX0/yaoTMFpmZpprjJd2v9ZQjdvImQ7WfiNlqxX9S4F+bktkDWy5BVh5FbhV7XZW1t6u4B4kgZIuVGQKyufHjmtf17sYt6LOg4ZeRdlqAqzO5J55nRf9TDeU1HcbonbOjXzg5yrW5tMI=
FQHH1SOGawtOB2KD8P1RtmaOwf7EWghXTR1xivt3vve7TDEyls0mbfZ6f0M2XI+H157KjsIl9LJlTD5sNooFG6jkVU8dxJnvARVYACJKMWRNfklmbDC7cRT4w0w+nWMYC0H5yMqhT4mTg8eyfYmwmZMYp0rqcFfOQx4TwAHJ0pS72FElPc23uLTB
+e12IVFfyLz/wbAyN/Wu8zlbEW+h2Umn1cYwrqoIWdCGVtPN9LLBAfC+/5AhfuAyaZW13IsihzsYsPU/MHGRz6TB3IrXxrff98X/8+nwVd0KRKGBCwqwvfvzsPPXxpR5ovPqtcU51P4qO7k9pRb10VXzp7FnVYSs1+OJexoR2KGztMg=
YxTjxNtM92EOhSRcXNtGDd6j+veRHfyISa+LPSsYHoGd8LS98g3vEInV+QM9IL6rUjc2pIOhjsoLD2YwJnwKY6DIRXIibi68IXH4qpmd9WItdYGL5KLanPUuPRBlVGQ2r0t0hp8O5muHspvPdVpiR7tT09270EWftJOjNss4oraDNOOgj0KZf3Z+axYdd1Xrg6K03w==
LMfTO4Ew06njqpbxjhA54PSxexo2+Z7d5NrS3CAj0ENkkWSrlTpQwI5W290cUjnRLn5HIHkeiELhFT1sI4Jfy+BwLe8IUbnfrMHUmv/mjw8vBQcDMVD9bYLEKfFjaugNQzNoIy8mfGmq8+KlrVmsrnJ7AY199h0h3XMvAc/13Nyvo9ErIjHwsbu0wA==
wNM59ShX1r2QGeEe5BPJ+ZcwLqm8vUKJhEQ9EogI5Y81ZyzPHxj6tlsr3J/0myg5tKlpuPH0s55CmgWBoBRAWqszqTQ2rJtcUuqZrf0ObJVihlijqSTFs+puZLVr19dk70r7Kgovy0PK/64AloudJFQYG5ZiI0aI0rEkfKBbNsRJ5xqNpVTaG2Xnr8lvp+zncEV4eLLW52XYYp3ZoF6KaF2OjNo9VeF0p5K7gywQIWfsIX2nUMEo4juWa4cjZctL1UB5dV6E9Wln+sxFjxPkK4sWuNGWc94d6WkIpv5bTUVZZhm5gbNzGUvluBTjQ92jRsG0Sce0vA==
5npgL6qrHIlgO4m5Gx5Qte35EqfIhf/njUmOhbOAhQ0T3dK13Ok+fD3tyxJndk+rAfVhO9qztigbVT5WY6eG3Z4oWt9oDAU+elreYAkV2IZhieUeJXGBh/zW6oAdCl18XYC0CucPtEpHupY3L1Y7Yw3O8rsz11NRIyT1A9w3Q9pzbPIKS/Cj7Nd2aaNeGks65WNFl4umtNM=
aGzwoFrcnneOR8uKebJb+2BmCfWJSCxEL2grbhvU2Qk5DybTWTaLwWIvNryzue6SO9ql6ZYkavsQUMXqkvZO5JGpOHKpxZV6HW2Bk9S6usTF9v3I1QwErh/T9B4vloYzN2pbF0UCAl+LS9PFi8glx4RLY+57YMIuM6xjOD/a+SfGpqvOLS8187O6tMc=
1XBjfVC30zJHwD9xB3sZyWzZjKCWMEZVQRpwlt53qf3vD3Rm06kmbfZ6f0M2XI+A0ZDKjsIl9LJlTD5sNooFG6jkVU8dxJnvARVYACJKMWRNfklmbDC7cRT4w0w+nWMYC0H5yMqhT4mTg8eyfYmwmZMYp0rqcFfOQx4TwAHJ0pS72FElPc23uLTB
C9IvSboSWTTSSxBm0BpQXa9z/8nLIY32RinOmXaOl6fmmEe38aTCitJBnMYlOFYIpg6NrwhQnYvNIHEbAeGw5PKO+dDtysHi/FTTBVSMqygumWssK3UxDBpFp30Tdy9WrU14rbMsr076FD+6A2p7pJFNWiAbbJnh7SlfTLQ1
e5QhjalRzHzJ781DRT+11+QVMSDMbxOixix4li0xCko//Q9JD2zfhh7Ol3VLIHXaecfmQAvDzolvM1pBInYpPkkjCTUBDxcIqyH0pF999fJOQQUDTg8pPmqFXDMUSTvBKgLUy0fBW+4LLasTWU2ZrXpQKRN3h+TpJl1NtDY=
iCRsmG9A6kZzOuduyP8IEq1z/9jJN4n2RinOmXaOl6fmmEex8aTCitJBnMYlOFYIpg6NrwhQnYvNIHEbAeGw5PKO+dDtysHi/FTTBVSMqygumWssK3UxDBpFp30Tdy9WrU14rbMsr076FD+6A2p7pJFNWiAbbJnh7SlfTLQ1
zXQ+VQV5B4bafulmMZmVf+QVNzbQchOixix4li0xCko//QlJD2zfhh7Ol3VLIHXaecfmQAvDzolvM1pBInYpPkkjCTUBDxcIqyH0pF999fJOQQUDTg8pPmqFXDMUSTvBKgLUy0fBW+4LLasTWU2ZrXpQKRN3h+TpJl1NtDY=
cuyF62eflcJN3tC2xltl/eQVNiDCdxOixix4li0xCko//QpJD2zfhh7Ol3VLIHXaecfmQAvDzolvM1pBInYpPkkjCTUBDxcIqyH0pF999fJOQQUDTg8pPmqFXDMUSTvBKgLUy0fBW+4LLasTWU2ZrXpQKRN3h+TpJl1NtDY=
qo1g6UWybkZirNZDxw0KTxOhgKTp/Zl8uJmgsthVbCHxiqyBl5JJkp9rhvcewk4htMGe8Xbmxx9GALdeNo3ykrI5zG6lkIbwRha9h0g47RNtmKHzAQlgXFIWibit4vH6HKwDrdQk+1BOgVsE653BlLr99xUTH3/uDdWIRXMEn1aabG8Sg8KrXHFVaghbBOl5TZGPpLTd
+6objPyPZ/xLaCYqALT1uTNiZxOHLmHVIXDxypWc8QETGScu/vfDCWIa+EO1ShjzlQTtKTlITvo1ZcuIouE9k5qRi9LbYvebqDBl3+Cxoe+0wcyq5wZnP2dFT1OZsAX9OkRRYdvKAN2LcyBTBwZkmbLz+tW1eYReurtJ3RVWpbEl8peRt5V0DGdjGRtKUeiBo7TY
80ChWMwWNzZOnAmO+i3o8zNiZxOHLmHVIXDxypWc8QETGScu/vfDCWIa+EO1ShjzlQTtKTlITvo1ZcuIouE9k5qRi9LbYvebqDBl3+Cxoe+0wcyq5wZnP2dFT1OZsAX9OkRRYdvKAN2LcyBTBwZkmbLz+tW1eYReurtJ3RVWpbEl+ZKRuZV0DGdjGRtKUeiBo7TY
DDOgsy39u8xjiykUTDVkyb9O0TBsn0ZKcAtAnn8NWi/h3kLUnHpOUDLSetGrM55nIz7H8oWWsNeIuuGGzVR2DVdN/Sr+oGRn/YoNGV4sWhEkdRXzMUkSV3l6naZABoIIwifH4krlpknSv2FeOgBG8MDHCDwB5kA=
