2wqD3pTKFqoYodhQkkSmW3H6/5p989rz67uDvf66SY00ovWcFYmKeB8bUZ4iJ3dtB9ErnciomtokhqozX8PDFLIldsC7Y37JP1MqQVIWeX75g7m1ke/HyFvB5KRPXcWyHuGVgz5vWX46pWwzJGnrAdriJEvXYYsuOw27HEkt7usqPLiTxydUKfa9vbTG
lMA8v9IylTKgUPpiOYN7Dlp5Fz12WgZpbif5Yiwx3HUBntVYAtZXRWgirXmW2prIjc5c+q1VcRR30mvjPJDRBxxhjcegwdiCy9ab59Pl2ysFAKkVzoRlSbe6HOWfk9SLu1YI8SZzbj1ZqTgGzttd5QmmSZkRvOP5HCPo+PLDrUM2AcSpt7TM
Ee3KPJseE+PJNo3LIYlwcoKyv/vqWHBJFt2Yh4RQRSQAQN7K/FbMDSBDbl8S8p2DzLmX14xsKEOLjuxChffnUUKUROtcytSA7lY7HXzSmREPf2TgmZ7oAgEVHSyDAv+LgHDNL2jRGR+MwfRaX2bvz88FZ0OR0F0tosTJsQPqCM1jM0jjj6YcqUrzguVN2QzuUnshzR12/eG9fA/BaHN8EE6jsWvCsVDxm7Tg
Ka2GZ6IJCc8OZv8/PnL9Ko0+I+tYXgbzYW/XnApbtjArHV4u8w5GBG4geuc4ZIWmypI+mBk9mN4RAUWm9ZmBn8yeiviNop2krYiUMrdnNNL3cnbPP357O31GUgPjP1NJE2yVe0yfgwKDZNIyG5gsdGe5j1tCMwtilevlL1tOtMs=
uLqjnEnm8orEbLJBHW6hbywjOaDQXSxEL2grbhvU2Qk5DybTWTaL4WIvNryzue6SO9On6JYkavsQUMXqkvZO5JGpOHKpxZV6HW2Bk9S6usTF9v3I1QwErh/T9B4vloYzN2pbF0UCAl+LS9PFi8glx4RLY+57YMIuM6xsOD/d/yfKp6vOLS8187O6tMc=
NMQMdWGl9w78bkc4GbW8kywjOaDQXSxEL2grbhvU2Qk5Hi7dXzmKs2IvNryzue6SO9Kn6JYkavsQUMXqkvZO5JGpOHKpxZV6HW2Bk9S6usTF9v3I1QwErh/T9B4vloYzN2pbF0UCAl+LS9PFi8glx4RLY+57YMIuM6xsOD/d/yfKp6vOLS8187O6tMc=
BJ34aU0XcuOSSqdIvFh2x0la+JPq0QVekbo2aS5gehbmEaheLiFbHgxIy7GdlWtt+c78WkMjMZP5auwoGtZPtaCC1ek8H3P4la4UKlXVyUQ/8nMTFNC5l6SBRfe4wcCyAzYjd7ul89sdIOFFdgSdmf/aBNV3U3wbw/bAAT5zdk0RCcCWZps11RFGgclpPFsp1APwiNoDRdOOYYyZr7TU
hhcG+RYg/joGH68yKPYNu3Z8EeSJQSxEJ2o9fE/Z0BdrDyCaDXjes2IvNryzue6SO9Cn6JYkavsQUMXqkvZO5JGpOHKpxZV6HW2Bk9S6usTF9v3I1QwErh/T9B4vloYzN2pbF0UCAl+LS9PFi8glx4RLY+57YMIuM6xsOD/d/yfKp6vOLS8187O6tMc=
O2SSrN7a87I3Bak0nMRTsyg7VrjcFyxELHUtex3Qw1l1DyXISDPes2IvNryzue6SO9en6JYkavsQUMXqkvZO5JGpOHKpxZV6HW2Bk9S6usTF9v3I1QwErh/T9B4vloYzN2pbF0UCAl+LS9PFi8glx4RLY+57YMIuM6xsOD/d/yfKp6vOLS8187O6tMc=
nQdfF6JCY8y3rq2WYVkjMlM5LVAtcdntqbUJHph3ERPXX0/yaoTMFpmZpprjJd2v9ZQjdvImQ7WfiNlqxX9S4F+bktkDWy5BVh5FbhV7XZW1t6u4B4kgZIuVGQKyufHjmtf17sYt6LOg4ZeRdlqAqzO5J55nRf9cDeUyG8bknLOjXzg5yrW5tMI=
Hd73tH3E4RRMqk9JdIk2OmaOwf7EWghXTR1xivt3vve7TDEyls0mbfZ6f0M2XI+H157KjsIl9LJlTD5sNooFG6jkVU8dxJnvARVYACJKMWRNfklmbDC7cRT4w0w+nWMYC0H5yMqhT4mTg8eyfYmwmZMYp0rqcFfOTB4TxwfJ3pW72FElPc23uLTB
avidhXUdN/ATSgIWm9cYszlbEW+h2Umn1cYwrqoIWdCGVtPN9LLBAfC+/5AhfuAyaZW13IsihzsYsPU/MHGRz6TB3IrXxrff98X/8+nwVd0KRKGBCwqwvfvzsPPXxpR5ovPqtcU51P4qO7k9pRb10VX8p7FgU4Sg1uOJexoR2KGztMg=
z+m+A8g+R/UtQJFHOsMM2vSxexo2+Z7d5NrS3CAj00NkkWSrlTpQwI5W290cUjnRLn5HIHkeiELhFT1sI4Jfy+BwLe8IUbnfrMHUmv/mjw8vBQcDMVD9bYLEKfFjaugNQzNoIy8mfGmq8+KlrVmsrnJ7AY199h0h3XwvAcjz3NCuo9ErIjHwsbu0wA==
XTLuGlB8+LJ2BMGKzUydLJcwLqm8vUKJhEQ9EogI5Y81ZyzPHxj6tlsr3J/0myg5tKlpuPH0s55CmgWBoBRAWqszqTQ2rJtcUuqZrf0ObJVihlijqSTFs+puZLVr19dk70r7Kgovy0PK/64AloudJFQYG5ZiI0aI0rEkfKBbNsRJ5xqNpVTaG2Xnr8lvp+zncEV4eLLW52XYYp3ZoF6KaF2OjNo9VeF0p5K7gywQIWfsIX2nUMEo4juWa4cjZctL1UB5dV6E9Wln+sxFjxPkK4sWuNGWc94d6WkIpv5bTUVZZhm5gbxzGUzjuBjiQ92jRsG0Sce0vA==
nQi/HDCOdj/EVuPzWXVTgO35EqfIhf/njUmOhbOAhQ0T3dK13Ok+fD3tyxJndk+rAfVhO9qztigbVT5WY6eG3Z4oWt9oDAU+elreYAkV2IZhieUeJXGBh/zW6oAdCl18XYC0CucPtEpHupY3L1Y7Yw3O8rsz11NRIyT1A9w3Q9pzbPIKS/Cs7Ndxb6NSG0s65WNFl4umtNM=
I3tK6cdzF0aciYs7zKNstznGeL3FBSKz0In/44VVnnGL7KUp++Gi4QQlfjh1MRumH9qvT6mJ0a9CPzask8muIttLJnn2lKoLMEDF+rIGjlTxObjiSXXVCj19gYP0yvp0JWZ9WLW8xF4/w/QOD2ZGg1f624elskIvq1vT1au4ZXdk2+N+G9AC3hO8bCgfLT+XqjcrXs2fdYOTqrTX
yaOkTHkFZ1ZCg9VDkSIvKpaDssY6T56+Nl4Of2IH1hrsDWMtUEFqLnSasu6JB4LvC4lFN6YD8m1K7FiWDXFqyp895E4gLH8Gfo63davg1VoZh4ZAKwMuCc9zOkFCNom+qeMpNWFPd4gL4RSkfz2Vcu4BJQOuz4m+CsV8MzSJ20GKQrTLZwH7buvtixw5DT4rmpzIE1fHhGmGna201g==
b3i2AtuEKSMdpXtCvIjbJZVgCDhCoNEbOrncj//hgVuWa5f6tdvPn5oLKENeGpEfc5zj7N8dfVeJ5Y75du7XB2Z4h532y4IqUqFc5iUYFmgmrk1PCHDd602AsfsBAXBEcu658O0qAUJ8NJMlVKxryK45K0wrVfHsmuXnHRMXb/YtrbiNs0zv7nr0/5oMSjvDF+2WwRtM2YFtiZ+stNU=
jUqnVqPlYlzdaexPgh0+EWBmCfWJSCxEL2grbhvU2Qk5DybTWTaLwWIvNryzue6SO9ql6ZYkavsQUMXqkvZO5JGpOHKpxZV6HW2Bk9S6usTF9v3I1QwErh/T9B4vloYzN2pbF0UCAl+LS9PFi8glx4RLY+57YMIuM6xsOD/d/yfKp6vOLS8187O6tMc=
+uXaht95ZilPStplHpHXnWzZjKCWMEZVQRpwlt53qf3vD3Rm06kmbfZ6f0M2XI+A0ZDKjsIl9LJlTD5sNooFG6jkVU8dxJnvARVYACJKMWRNfklmbDC7cRT4w0w+nWMYC0H5yMqhT4mTg8eyfYmwmZMYp0rqcFfOTB4TxwfJ3pW72FElPc23uLTB
QxWL8gcCZWe0H94tlj42K69z/8nLIY32RinOmXaOl6fmmEe38aTCitJBnMYlOFYIpg6NrwhQnYvNIHEbAeGw5PKO+dDtysHi/FTTBVSMqygumWssK3UxDBpFp30Tdy9WrU14rbMsr076FD+6DGp7o5dNViEbbJnh7SlfTLQ1
RRk8Q7xyedXBGwKIjj73ruQVMSDMbxOixix4li0xCko//Q9JD2zfhh7Ol3VLIHXaecfmQAvDzolvM1pBInYpPkkjCTUBDxcIqyH0pF999fJOQQUDTg8pPmqFXDMUSTvBKgLUy0fBW+4LLascWU2eq3pcKBN3h+TpJl1NtDY=
TIMGnmV3R+RY8SpwFFvJFK1z/9jJN4n2RinOmXaOl6fmmEex8aTCitJBnMYlOFYIpg6NrwhQnYvNIHEbAeGw5PKO+dDtysHi/FTTBVSMqygumWssK3UxDBpFp30Tdy9WrU14rbMsr076FD+6DGp7o5dNViEbbJnh7SlfTLQ1
3ZAkOH5I1lbjNk3cDxCZ2+QVNzbQchOixix4li0xCko//QlJD2zfhh7Ol3VLIHXaecfmQAvDzolvM1pBInYpPkkjCTUBDxcIqyH0pF999fJOQQUDTg8pPmqFXDMUSTvBKgLUy0fBW+4LLascWU2eq3pcKBN3h+TpJl1NtDY=
5033W/jboka2Zm3KZj2jeeQVNiDCdxOixix4li0xCko//QpJD2zfhh7Ol3VLIHXaecfmQAvDzolvM1pBInYpPkkjCTUBDxcIqyH0pF999fJOQQUDTg8pPmqFXDMUSTvBKgLUy0fBW+4LLascWU2eq3pcKBN3h+TpJl1NtDY=
+oFAsUrDlJZE0O1Ag8YmtpRSde7NhJTq5cHV0aGdm0utix6o1OYTdGb4jEgK1l9VkMKFScac7JglbsQKJdX5pO+yA7OEUAn39EG116jB0JLz9nMXCyVje21gMaVGBO25Lxq0tefTjLuTtvDhLnNmLSHJEDYWG6U1oQbR6Zkya0mEwwAoSoP1M14h/Lm/tMQ=
wGrGwrKaa68opAx31efeohOvNB/H9nEMYTQqGOYO+AAofv17YztcQJvb7KK5mhKk/QrBWSSuE6CeVss9LBJJcZ792IApXthiERUNDHPCjytw8F2PuJFJ/7zBxLoPJj9vX4WX4+EQrQ2yxNnRMyq4rdOz2INfZkyJuvPyxZ2ZXA7C+5EtrTbNAa1yH+EYM4ywPiMhy5JxgJGrtNA=
6+AB1eRpeLI7R+upkCkw71A/hsxtcXzVZ+wELq8m/ij5dT8IMkEWd8W9sk7wzlX39K25JgZUt+xXu1mNX275LdMrcwJmz8zwrptH82ia6OMeEZzE6hNV15FcEKHckPFHfOFtB4DB+EIrVvun8+U7a2WACdXuhAUJVzq8pb+TNEsb1qgxxnMOffkpmEau230lqSYpWfGyw7m8owg4ksONg9aBpOmXtOw=
6vklEiVuEsSl29wtID4JDFA/hsxtcXzVZ+wELq8m/ij5dT8IMkEWd8W9sk7wzlX39K25JgZUt+xXu1mNX275LdMrcwJmz8zwrptH82ia6OMeEZzE6hNV15FcEKHckPFHfOFtB4DB+EIrVvun8+U7a2WACdXuhAUJVzq8pb+TNEsb1qgxxnMOffkpmEau230lqSYpWfG7wrm8owg4ksONg9aBpOmXtOw=
mzO6R20iFuAVPVNcdl6EcOXCx8TApoo7Dv7A4+Pp2DUe5mtjrj2BvGh4onoPWyMNWJJPFVP5GKn4G9CN4c7OmhzbcYeTp9wmVIvIQi3gwvirom2cy/t35AOiDZUk1SJKxpaXKaOyKxXOC0YdY3zVjqhVD28IEB1LzWDx2wEhMKTyTnmQ7QpBovyUU0VUTCtoLlnrbCu1sUwahSc9Ezevlq0N+G2zbC+O+lS/egor+2OXDdbhGywZIe1p34y09Q==
vwmEZK5A7ob37v09jAnyx0cMGbPNA013HCgUR3WSGYoqlr97/KOa0T6W9KJdyc42ohfVjAtYP988PRxUmX0oezZecKz4unhhOaB7QAAzSquY6i9QmNIn3ac8jUfJ/wFDVNFdt2FHQETCLEu6bfXE+219vGq4/Jjz2wvfZB79EuAfG1LZQ9vuQZaeBW7V+x2V9TdruEcJYGRLFVkCcjkx49pXNe4GraizYGHXkTbaQKtzOWeep8W/Wsxl8huGZFyzY994OQo1+bSC
bYozKb/g4CJFQe9WOhxFwCBQz2tr09hnhNT/8NrspTQCa/vrCYsYGstGObuCedl5iOHJycjvEms6JHsWmrb7NWcYccqdDxqgl0tqOStrNkFOLm2O7auV1f3H8xivGdjkMwVxYuoJOSNSB83Orl3ws7gRf7FOCsjrewn/fo/VR9l0dZq7HhRUc+sPQFnihaG02g==
+JqGMJ1nWex5NzDl8WN3BJn2Kg1W7WlcFDFGCERNJTInykldUrwQCG95o+QZ9//w1Tv2J3M9InoSkbz2JQh2WOZ+7T+IwD07DfCR6wERUDQyPllAbVqhkrwE8zVUvIv47mmLvKvlkbxaFccNEwdPBu392D0zvE++OsQfiglbW/PXPTaxm/w5US35v7y0xQ==
D39urcXBOFLNPuQrQErctBHwceNAc3KpuDEXxJ2rN7XGfkhz0iuOF6vpTz6fdbfZxBWKe+40BPPb79AZkiVxtAo=
TG6xcvdjh9momndNlhoN6OX9Hq/Nsaz9g3TBlanJ5g9A5+6b7fwtbj6ojQ1xNQWrCeFqGLfq5g4veCQvZfjcg8IoQ84lEUM6eRzQewsV2IZhieUeJXGBh/zW6oAdCl18XYC0CucPtEpHupY3L1Y7Yw3O8rsz11NRIyT1A9w3Q9pzbPIKS/Cp7ddxb6NSG0s65WNFl4umtNM=
8V7z2UIsbjgKNPYfxfy/KunX12u6PRI/nF9QL63dmqereXqjWzkW7kys5YNdlk+0GBfIB0NoQ0YWuH/ZYBO1eTrG4FI+R9DBtPnlBXaxJncySzK9M5SB0CVOBBOXRRisj5fcB/Zfo9jnknsDbBBh5ywhPSeQwehie5arB2Nli8sVQDn1HoQ16Sf6DMVPE6SrSxZ4UdZzHp2paUgmPlsNxRlm2TnBuLKZjOP4mCJDHSMGwXTJh7T8
pQlBjzOK13VRyI2aGcedBCld1vo8sT8wEDoMD3CO6dQUHX2Wli7e34zSDVJ/wTfc/9gnCuow1w5IX5MHBwle1bsY0eU9jTd4tAE=
WHJGbztGOOFMFMR+Y06mxJyzTw1KpHa8NZdfPKyFLM6+mdZMJwQ87vO+ipIeRCnpyy1xpKqO52G9GRFlQwDo1E201QNUR4eDlRVfhuso4ibjROjR79Xfb1rP66Y9Z5V7Y1K0Lw==
EphCRJ/cV/HUrbKeE8YXXzHe5PvT8cM9bd3TNrhiRmGEUl4WDWXH+KO1gUJbRB/lHPVaIXV43ZNcSzZJPGnr1LFjUzUiNmRjrvMKd2/RU84z/VOY4B3my3JMwNPfN2yJfm1VtC4=
Kv9No6A0vd7gZiED1bUTnyy9lQathGIWMZ3jiGd9LSL3zJt1uC0GYamguYNYQ1pp0KGvZFXbL7XejgDTartmV4PZV97XpQ9YPEVCW/bEbDNzfyh5WhVptBI=
5Y9F9OeLxnbdeyh4BdK438kSiGRQhmA3s5FmFjWV/5iLRUkCE5S3hYRlwqHt6EUzNJv+CXRZA/TJU6s1WgacQ8bDwrcngbtuq23LGHiNfivaHAgTl0dEaUYdbbQW
/Nzrz+Mjm9Vk1Qi19q4ci+Ahp0FhtEEthJFmFjWV/5iLRUkCE5S3hYRlwqHt6EUzNJv+CXRZA/TJU6s1WgacQ8bDwrcngbtuq23LGHiNfivaHAgTl0dEaUYdbbQW
IoSWljxa4G0RSvRprhq8GvrAoBn2jzM/4JazGXkAHcm/smU4IR0iiWTBSwTja+I3iLmCFVUsDx/t9RxKWpuQjzSHUa1tNo2B7XheYVgzzDB+I2FLUnFAEWu0EA==
82UVPNYkGjZuY1WwOVTPwlA/hsxtcXzVZ+wELq8m/ij5dT8IMkEWd8W9sk7wzlX39K25JgZUt+xXu1mNX275LdMrcwJmz8zwrptH82ia6OMeEZzE6hNV15FcEKHckPFHfOFtB4DB+EIrVvun8+U7a2WACdXuhAUJVzq8pb+TNEsb1qgxxnMOffkpmEau230lqSYpWfG4wrm8owg4ksONg9aBpOmXtOw=
k5ucd16gfykh6rCR/0rlVild1vs8sT8wEDoMD3CO6dQUHX2Wli7e34zSDVJ/wTfc/9gnCuow1w5IX5MHBwle1bsY0eU9jTd4tAE=
jY8NOCp2Mx5+skhjvY+W3Mh6o6hnuKqpwATC5ywZJS9gcwSNZIgMaF03Of9P9SuViWPmKCPBMtGUWlqWFdk2+l5cY+3hPJuizhvRsF6631mTrXO0wmL+byCu7E1euVBBUPuW5KuiB8lQ+iewwGLPXQ/M22PD7zmDDGHV19mXKEQqfPNa5UUcu1VttEpgjDBzs7sHBBbtaiDHa9p5OwvGQb5Ofc5di8VVjSdj2J+5COTjZYEieikJowLnvQ6+/UCzCLFv8b5qGGtLKW++/zUX2CTVqvuOdKTzOy/wmfJl0bSq
FUoOoXaQ8olktuwMF7OSe06Snp7Dn5E0LaTSxDhaaqOpGpChThMggbRxt4InLN8Ht6R77As2hVCJEcGNU2WYvvKGwEfRO8pn8Xrc81RwKSJfwMB3lEkXmVRXMeNH78HReRVgLiSAQdlwrDxN7EDNnl5I91Z5rhuV+05LRAm35EveEP6A4/sTPMdf5g0i38PCCfSwY1udmL7RIcVGtTmB/wy+ChjNAp3EbagU0vfHNLI3UvYvf957W71m0uOjn1Mp00wVmww/g2JDRFLSWzgoFaeZD7sCkwsCVctlzxvutKs=
TOUXxI/07s7Y7F21unrXI8XSv8VuqDuJe64HyrCl1qvIBgA9U3j/N341kUrzk7UpRQXYMRdEVtwdkNhFYkNk8pJrCbKoWt/OJLZmp0x9BYSIPi/JJ1ezhhXPBbbKVhbkNZA7qbqO7Jrnv60NEpmMeeSFHqQh5vXM7s27IDJIfqMfrP0pNsOQQSgTx7fRqlwa09iklezOaLPOD6ca7A546t1YFCotnnK98T2K9bSKwWc7Db/SIGJhOx+ES6IMv5V0XpbQY/UV1zGUODOuLGbQJdVRCsnAtge+e8W3KiQS4dxMFBB15v5QCNWnPFYSeJ3ko/ww5F8RXXHvPllnP3bLWcwfWroPBXP1uI5Qj1xYEX9jF5U8J9fYT6Cat/Dx1pBDXyyiqVfPCQPcASWXyTeYRJrc45qVpUw7ZU0kCpDs4HNjGzfEhg0aoJdLajkrazZBTi5tju2rldX9x/MYrxnY5DMFcWLqCTkjUgfNzq5d8LO4EX+xTgrI63sJ/36P1UffdHWaux4UVHPrD0BZ4oWhtNo=
oYsGg3nzYU9XQLBj7I1tJ6o9pxtdZByKd1Un1BDgcbTR2HUl0bpsHig+kegBjXiN/gxHNmuiUFSyGYV/h54pjjRNl6wLWlGTf66WGWSRawU7RkRN9OCdVgkIbvhtospT4IV0gApELTsAZyJ6zTqh+38vGYEvsVDwWK6Eow98/AseDZPKViINV627WdUB8LvYrF8a1tKrgd3Qk5vjbcAmNfiruqgCK+7sUDnFrI9dGR0sosee51BmsRz6s5IGzD51KSaEyyxPB1S7POkpakTi5aATZZAbRR0xaDzWFueQ1j0k8sx5Du9x5/BbMMhVK3p7Hr4ERtYfkA4vhrkifB47hqA46ZllBR7u69htxRznA9Xekv/mnRqolkmj5w14UEyooMOTqvYd7RaBwvsBM3L74BF7ZL+2jK6EW1czaE8jFmn60wN2ISggpyNx+KqZnfViLXWBi+Si2pz1Lj0QZVRkNq9LdIafDuZrh7Kbz3VaYke7U9Pdu9BFn7STozbLOKK2gzTvoY9Fn396f2sWHXdV64OitN8=
XUGiJUJA0flJ/LrK8En2lWZpaBfsBcG4zYVQDfrp72tqhC5X3WDx56BO+mJFJeTYQNPebmLLLoegeVQ45Rsae2SBZLdf5Xgmn3jEWTI353mHNwENGOakp68wMv0C2ASycH8KEbMEPlJpETFb1bbTY5MubJoghAOcHfHsImoqgfN7FRT1urlS6Zg896qT/Ojh7XiUxMjDqWDbMSDvVvFOn1Fvl8ZqGuW04k16Qg4DCCOxAsrCzopr1LJye7J0jZdxXG0y5nenDWG5yvYuB4uZKB36KrOjFGhadvtjuREB8jQldmoKZqVjPUwR1rphjr1pIbKC3te8ehg2LbBS1riz6+pOFBSrJBWQtnyJXTtB6RIPP5n6fTl603yiGSm1Rd4CxlcaNCd/VXvT5LFbvv9mtqHo1xomI+mgBPEB4w8zuk3zD09bLoSssOWCQ+kqi+PhclK24NYTVdeRXBCh3JDxR3zhbQeAwfhCK1b7p/PlO2tlgAnV7oQFCVc6vKW/kzRLG9aoMcZzDn35KZhGrtt9JakmKVnxv8K5vKMIOJLDjYPWgaTpl7Ts
Ly+zEMHkW5w/E4tj6AeVZI3I6O7gGZlDZugHn4ERMjTg4w+2zFvrfmwypnGq1cgIS9EosKqt5sBtPIGV6Xz4omixNUcUtYeXkDMsOOZd5S4PMuNSv+m2+2kSfOk3exDD9DW7SVNyRHGMpG36gZyOJDXG2l/I8bR8ssCd18gzAmbVHvE3l5uZPdd1INxQuuT/15hsh7b507ZuJj075W/5SZlUa5TEaxrqqu9xcVgHez81pDY50N96VLqvXgCYbeWwl3lJ0cQWRyIflBadFO7Tzt4orvmB0sS3FEs3OPPoSbXy4DKpyCdlrGMB7Z3gqDbKv/TGMQyGDIW2a8ELOA8Q1E0PKrf2CoT6LtvgIieS2X6k+qsKCMyp5V0BLoKjDM1ZhEPTmbam/9rlXlg6wTcH0SA0XKSIt1NWTpld+kmW2x0rVqss+c/kA05I3qhTQ1M0l8eG5VInQwoZLBDLa6VYNgE5JS5FQYG3nOYqMH263cw9MHQ6hz+0eieKVodP5rvTbX4yi1PnU2FDFDWzvIfDahPcMjorwK/dt0GvEzKry4qF04Wn65a04w==
Eya1xwg9V285sQB9PvCZAv3gzraD0paY4cp1QPCS2PdmnJlFITn0ovODfCe1+rZS/UrHdXkvo3UIbkDPrPhBfzO3ZXw3N2jPcLrHMGCir10vjDDmZC9ZgywhNVd5V0hEyjxT2oWFPLu1LRTKAEwQc1P7p4R2LUogJyt6+VvL5kGejh1O/cslVa3nA1g/+ejkw6Xhotpp6aMiJ92OHr2gs2hxz3FeKjhrK+nPPh91N99EFQp7bjSE81vvUBkSJfG0ig==
T3c37odJS5iicYokcnw7TJ1V23Bq2Cejqn0Lnd7i/B2+f5H78Tth1Bw77frLsBL6att163BontnCk0B10ATEL/BjZEOWZTuR0ZF7l//XXbwGN5ukg1D4HT9cxaPHzwh12c0z1cHXdQd4MADqcS9M7nSCLBWzOLLzjuj9JIsDZ6zjKr1NJA2Swibeh9HjCrtd7gM2xeMkJYaInZ/XyGgNg63oQYMBeYAskoZp6C2y0WrcnKMd1JRbYA4Re9RrTaEE+g2X5RPvHx5NReiV89S/xtpcz6KPcwtrt8VGWdtUCemN4W/UtK0=
CBEoZiyM6Khti/ey9fHEF51V23Bq2Cejqn0Lnd7i/B2+f5H78Tth1Bw77frLsBL6att163BontnFkUB10ATEL/BjZUOWZTuR0ZF7l//XXbwGN5ukg1D4HT9cxaPHzwh12c0z1cHXdQd4MADqcS9M7nSCLBWzOLLzjuj9JIsDZ6zjKr1NJA2Swibeh9HjCrtd7gM2xeMkJYaInZ/XyGgNg63oQYMBeYAskoZp6C2y0WrcnKMd1JRbYA4Re9RrTaEE+g2X5RPvHx5NReiV89S/xtpcz6KPcwtrt8VGWdtUCemN4W/UtK0=
ArY5luVEjP2eQkZvTVO9K51V23Bq2Cejqn0Lnd7i/B2+f5H78Tth1Bw77frLsBL6att163BontnCk0B10ATEL/BjakOWZTuR0ZF7l//XXbwGN5ukg1D4HT9cxaPHzwh12c0z1cHXdQd4MADqcS9M7nSCLBWzOLLzjuj9JIsDZ6zjKr1NJA2Swibeh9HjCrtd7gM2xeMkJYaInZ/XyGgNg63oQYMBeYAskoZp6C2y0WrcnKMd1JRbYA4Re9RrTaEE+g2X5RPvHx5NReiV89S/xtpcz6KPcwtrt8VGWdtUCemN4W/UtK0=
KO+pyxsUd/A/Slv8giQHu51V23Bq2Cejqn0Lnd7i/B2+f5H78Tth1Bw77frLsBL6att163BontnFkUB10ATEL/Bja0OWZTuR0ZF7l//XXbwGN5ukg1D4HT9cxaPHzwh12c0z1cHXdQd4MADqcS9M7nSCLBWzOLLzjuj9JIsDZ6zjKr1NJA2Swibeh9HjCrtd7gM2xeMkJYaInZ/XyGgNg63oQYMBeYAskoZp6C2y0WrcnKMd1JRbYA4Re9RrTaEE+g2X5RPvHx5NReiV89S/xtpcz6KPcwtrt8VGWdtUCemN4W/UtK0=
d+eYh7zAQcNMHSKkboPsV51V23Bq2Cejqn0Lnd7i/B2+f5H78Tth1Bw77frLsBL6att163BontnCk0B10ATEL/BjaEOWZTuR0ZF7l//XXbwGN5ukg1D4HT9cxaPHzwh12c0z1cHXdQd4MADqcS9M7nSCLBWzOLLzjuj9JIsDZ6zjKr1NJA2Swibeh9HjCrtd7gM2xeMkJYaInZ/XyGgNg63oQYMBeYAskoZp6C2y0WrcnKMd1JRbYA4Re9RrTaEE+g2X5RPvHx5NReiV89S/xtpcz6KPcwtrt8VGWdtUCemN4W/UtK0=
nljlhHfzb/Q4SARF5kMeIp1V23Bq2Cejqn0Lnd7i/B2+f5H78Tth1Bw77frLsBL6att163BontnFkUB10ATEL/BjaUOWZTuR0ZF7l//XXbwGN5ukg1D4HT9cxaPHzwh12c0z1cHXdQd4MADqcS9M7nSCLBWzOLLzjuj9JIsDZ6zjKr1NJA2Swibeh9HjCrtd7gM2xeMkJYaInZ/XyGgNg63oQYMBeYAskoZp6C2y0WrcnKMd1JRbYA4Re9RrTaEE+g2X5RPvHx5NReiV89S/xtpcz6KPcwtrt8VGWdtUCemN4W/UtK0=
UFsfKJJ+V/PwSJ7fSIActp1V23Bq2Cejqn0Lnd7i/B2+f5H78Tth1Bw77frLsBL6att163BontnCk0B10ATEL/BjbkOWZTuR0ZF7l//XXbwGN5ukg1D4HT9cxaPHzwh12c0z1cHXdQd4MADqcS9M7nSCLBWzOLLzjuj9JIsDZ6zjKr1NJA2Swibeh9HjCrtd7gM2xeMkJYaInZ/XyGgNg63oQYMBeYAskoZp6C2y0WrcnKMd1JRbYA4Re9RrTaEE+g2X5RPvHx5NReiV89S/xtpcz6KPcwtrt8VGWdtUCemN4W/UtK0=
uwXBuFlkZyUgIfPjKX2bCp1V23Bq2Cejqn0Lnd7i/B2+f5H78Tth1Bw77frLsBL6att163BontnFkUB10ATEL/Bjb0OWZTuR0ZF7l//XXbwGN5ukg1D4HT9cxaPHzwh12c0z1cHXdQd4MADqcS9M7nSCLBWzOLLzjuj9JIsDZ6zjKr1NJA2Swibeh9HjCrtd7gM2xeMkJYaInZ/XyGgNg63oQYMBeYAskoZp6C2y0WrcnKMd1JRbYA4Re9RrTaEE+g2X5RPvHx5NReiV89S/xtpcz6KPcwtrt8VGWdtUCemN4W/UtK0=
ljISLU9pj7NxyqcQJFxc0p1V23Bq2Cejqn0Lnd7i/B2+f5H78Tth1Bw77frLsBL6att163BontnCk0B10ATEL/BjbEOWZTuR0ZF7l//XXbwGN5ukg1D4HT9cxaPHzwh12c0z1cHXdQd4MADqcS9M7nSCLBWzOLLzjuj9JIsDZ6zjKr1NJA2Swibeh9HjCrtd7gM2xeMkJYaInZ/XyGgNg63oQYMBeYAskoZp6C2y0WrcnKMd1JRbYA4Re9RrTaEE+g2X5RPvHx5NReiV89S/xtpcz6KPcwtrt8VGWdtUCemN4W/UtK0=
itpc2f+/Ui8SEIxmaLKtRZ1V23Bq2Cejqn0Lnd7i/B2+f5H78Tth1Bw77frLsBL6att163BontnFkUB10ATEL/BjbUOWZTuR0ZF7l//XXbwGN5ukg1D4HT9cxaPHzwh12c0z1cHXdQd4MADqcS9M7nSCLBWzOLLzjuj9JIsDZ6zjKr1NJA2Swibeh9HjCrtd7gM2xeMkJYaInZ/XyGgNg63oQYMBeYAskoZp6C2y0WrcnKMd1JRbYA4Re9RrTaEE+g2X5RPvHx5NReiV89S/xtpcz6KPcwtrt8VGWdtUCemN4W/UtK0=
WvCWnv+mlOauBL40KbrDrJ1V23Bq2Cejqn0Lnd7i/B2+f5H78Tth1Bw77frLsBL6att163BontnCk0B10ATEL/BjZEKWZTuR0ZF7l//XXbwGN5ukg1D4HT9cxaPHzwh12c0z1cHXdQd4MADqcS9M7nSCLBWzOLLzjuj9JIsDZ6zjKr1NJA2Swibeh9HjCrtd7gM2xeMkJYaInZ/XyGgNg63oQYMBeYAskoZp6C2y0WrcnKMd1JRbYA4Re9RrTaEE+g2X5RPvHx5NReiV89S/xtpcz6KPcwtrt8VGWdtUCemN4W/UtK0=
4xm4bZAGn8i5BIBj4iw3yZ1V23Bq2Cejqn0Lnd7i/B2+f5H78Tth1Bw77frLsBL6att163BontnFkUB10ATEL/BjZUKWZTuR0ZF7l//XXbwGN5ukg1D4HT9cxaPHzwh12c0z1cHXdQd4MADqcS9M7nSCLBWzOLLzjuj9JIsDZ6zjKr1NJA2Swibeh9HjCrtd7gM2xeMkJYaInZ/XyGgNg63oQYMBeYAskoZp6C2y0WrcnKMd1JRbYA4Re9RrTaEE+g2X5RPvHx5NReiV89S/xtpcz6KPcwtrt8VGWdtUCemN4W/UtK0=
wBlEKcldN0LgH5k7GcYD451V23Bq2Cejqn0Lnd7i/B2+f5H78Tth1Bw77frLsBL6att163BontnCk0B10ATEL/BjakKWZTuR0ZF7l//XXbwGN5ukg1D4HT9cxaPHzwh12c0z1cHXdQd4MADqcS9M7nSCLBWzOLLzjuj9JIsDZ6zjKr1NJA2Swibeh9HjCrtd7gM2xeMkJYaInZ/XyGgNg63oQYMBeYAskoZp6C2y0WrcnKMd1JRbYA4Re9RrTaEE+g2X5RPvHx5NReiV89S/xtpcz6KPcwtrt8VGWdtUCemN4W/UtK0=
fyCFMUHn+5BuMhIdDW1sop1V23Bq2Cejqn0Lnd7i/B2+f5H78Tth1Bw77frLsBL6att163BontnFkUB10ATEL/Bja0KWZTuR0ZF7l//XXbwGN5ukg1D4HT9cxaPHzwh12c0z1cHXdQd4MADqcS9M7nSCLBWzOLLzjuj9JIsDZ6zjKr1NJA2Swibeh9HjCrtd7gM2xeMkJYaInZ/XyGgNg63oQYMBeYAskoZp6C2y0WrcnKMd1JRbYA4Re9RrTaEE+g2X5RPvHx5NReiV89S/xtpcz6KPcwtrt8VGWdtUCemN4W/UtK0=
h78GghMK7cWoTEXsy/RNfFOs+N9hxj0QH651Soy0pjmNPA3vs5Eh7PNZA6fPO3wdKHFancojp7ywZFadM7pMfnckM65NnAh16vUxWK/C6qFmRqNnnyvUxha3rumXtS2tMzWG7SLtbDYB34N2TwD9fydTsOmpkQvJwctNWwisuHaR83SyBJ8Axm3kCmb/tEX4ax9fsJN2BdGkkSqeVsK/zQPWAwGen44ZI/gdmvjBpwso9LUf3bR5nwFluHDiGtF0zW7pNqyAm8EUSOP8fk3DCItRmRiKUS95k3OnQj1Z0IkTCAeaqsB3fk+vM3fHmX6FO8ixdf29V8i0sQ==
OpHTNxI8UdlDYEQ9VCUk6p1V23Bq2Cejqn0Lnd7i/B2+f5H78Tth1Bw77frLsBL6att163BontnFkUB10ATEL/BjaEKWZTuR0ZF7l//XXbwGN5ukg1D4HT9cxaPHzwh12c0z1cHXdQd4MADqcS9M7nSCLBWzOLLzjuj9JIsDZ6zjKr1NJA2Swibeh9HjCrtd7gM2xeMkJYaInZ/XyGgNg63oQYMBeYAskoZp6C2y0WrcnKMd1JRbYA4Re9RrTaEE+g2X5RPvHx5NReiV89S/xtpcz6KPcwtrt8VGWdtUCemN4W/UtK0=
4wUbj8XJVo9MHlHi/Lm7aqJhi8Z8dje0YUtkJ7+jWhuH5sXFKF4Szvm18eA8OsEBDHQ/1RTwGaXWuaZuM/uXupBNXIJpdvMTNaJPxoDP1Cmd9+Zqqn6Q+rWxPnGpeyWTdD9qah5lPK1aQVrv9MxZZk2Z+h6VOEL2Jf1lmBmr8YsTkwZlp/87Q2IEYKgR8pfBliv/CQaCothaU1mvBQwkCUBwja8o0VmfTME02h9mr0+PBafDUdCdreLEiTFD6shNozOIY8+mXCkK80JljdnMbhJ7YU1ddj1hfX/OQShzPJAOo3HrArGQcdu0oA==
h78GghMK7cWoTEXsy/RNfFOs+N9hxj0QH651Soy0pjmNPA3vs5Eh7PNZA6fPO3wdKHFancojp7ywZFadM7pMfnckM65NnAh16vUxWK/C6qFmRqNnnyvUxha3rumXtS2tMzWG7SLtbDYB34N2TwD9fydTsOmpkQvJwctNWwisuHaR83SyBJ8Axm3kCmb/tEX4ax9fsJN2BdGkkSqeVsK/zQPWAwGen44ZI/gdmvjBpwso9LUf3bR5nwFluHDiGtF0zW7pNqyAm8EUSOP8fk3DCItRmRiKUS95k3OnQj1Z0IkTCAeaqsB3fk+vM3fHmX6FO8ixdf29V8i0sQ==
4wUbj8XJVo9MHlHi/Lm7aqJhi8Z8dje0YUtkJ7+jWhuH5sXFKF4Szvm18eA8OsEBDHQ/1RTwGaXWuaZuM/uXupBNXIJpdvMTNaJPxoDP1Cmd9+Zqqn6Q+rWxPnGpeyWTdD9qah5lPK1aQVrv9MxZZk2Z+h6VOEL2Jf1lmBmr8YsTkwZlp/87Q2IEYKgR8pfBliv/CQaCothaU1mvBQwkCUBwja8o0VmfTME02h9mr0+PBafDUdCdreLEiTFD6shNozOIY8+mXCkK80JljdnMbhJ7YU1ddj1hfX/OQShzPJAOo3HrArGQcdu0oA==
h78GghMK7cWoTEXsy/RNfFOs+N9hxj0QH651Soy0pjmNPA3vs5Eh7PNZA6fPO3wdKHFancojp7ywZFadM7pMfnckM65NnAh16vUxWK/C6qFmRqNnnyvUxha3rumXtS2tMzWG7SLtbDYB34N2TwD9fydTsOmpkQvJwctNWwisuHaR83SyBJ8Axm3kCmb/tEX4ax9fsJN2BdGkkSqeVsK/zQPWAwGen44ZI/gdmvjBpwso9LUf3bR5nwFluHDiGtF0zW7pNqyAm8EUSOP8fk3DCItRmRiKUS95k3OnQj1Z0IkTCAeaqsB3fk+vM3fHmX6FO8ixdf29V8i0sQ==
4wUbj8XJVo9MHlHi/Lm7aqJhi8Z8dje0YUtkJ7+jWhuH5sXFKF4Szvm18eA8OsEBDHQ/1RTwGaXWuaZuM/uXupBNXIJpdvMTNaJPxoDP1Cmd9+Zqqn6Q+rWxPnGpeyWTdD9qah5lPK1aQVrv9MxZZk2Z+h6VOEL2Jf1lmBmr8YsTkwZlp/87Q2IEYKgR8pfBliv/CQaCothaU1mvBQwkCUBwja8o0VmfTME02h9mr0+PBafDUdCdreLEiTFD6shNozOIY8+mXCkK80JljdnMbhJ7YU1ddj1hfX/OQShzPJAOo3HrArGQcdu0oA==
h78GghMK7cWoTEXsy/RNfFOs+N9hxj0QH651Soy0pjmNPA3vs5Eh7PNZA6fPO3wdKHFancojp7ywZFadM7pMfnckM65NnAh16vUxWK/C6qFmRqNnnyvUxha3rumXtS2tMzWG7SLtbDYB34N2TwD9fydTsOmpkQvJwctNWwisuHaR83SyBJ8Axm3kCmb/tEX4ax9fsJN2BdGkkSqeVsK/zQPWAwGen44ZI/gdmvjBpwso9LUf3bR5nwFluHDiGtF0zW7pNqyAm8EUSOP8fk3DCItRmRiKUS95k3OnQj1Z0IkTCAeaqsB3fk+vM3fHmX6FO8ixdf29V8i0sQ==
4wUbj8XJVo9MHlHi/Lm7aqJhi8Z8dje0YUtkJ7+jWhuH5sXFKF4Szvm18eA8OsEBDHQ/1RTwGaXWuaZuM/uXupBNXIJpdvMTNaJPxoDP1Cmd9+Zqqn6Q+rWxPnGpeyWTdD9qah5lPK1aQVrv9MxZZk2Z+h6VOEL2Jf1lmBmr8YsTkwZlp/87Q2IEYKgR8pfBliv/CQaCothaU1mvBQwkCUBwja8o0VmfTME02h9mr0+PBafDUdCdreLEiTFD6shNozOIY8+mXCkK80JljdnMbhJ7YU1ddj1hfX/OQShzPJAOo3HrArGQcdu0oA==
h78GghMK7cWoTEXsy/RNfFOs+N9hxj0QH651Soy0pjmNPA3vs5Eh7PNZA6fPO3wdKHFancojp7ywZFadM7pMfnckM65NnAh16vUxWK/C6qFmRqNnnyvUxha3rumXtS2tMzWG7SLtbDYB34N2TwD9fydTsOmpkQvJwctNWwisuHaR83SyBJ8Axm3kCmb/tEX4ax9fsJN2BdGkkSqeVsK/zQPWAwGen44ZI/gdmvjBpwso9LUf3bR5nwFluHDiGtF0zW7pNqyAm8EUSOP8fk3DCItRmRiKUS95k3OnQj1Z0IkTCAeaqsB3fk+vM3fHmX6FO8ixdf29V8i0sQ==
4wUbj8XJVo9MHlHi/Lm7aqJhi8Z8dje0YUtkJ7+jWhuH5sXFKF4Szvm18eA8OsEBDHQ/1RTwGaXWuaZuM/uXupBNXIJpdvMTNaJPxoDP1Cmd9+Zqqn6Q+rWxPnGpeyWTdD9qah5lPK1aQVrv9MxZZk2Z+h6VOEL2Jf1lmBmr8YsTkwZlp/87Q2IEYKgR8pfBliv/CQaCothaU1mvBQwkCUBwja8o0VmfTME02h9mr0+PBafDUdCdreLEiTFD6shNozOIY8+mXCkK80JljdnMbhJ7YU1ddj1hfX/OQShzPJAOo3HrArGQcdu0oA==
h78GghMK7cWoTEXsy/RNfFOs+N9hxj0QH651Soy0pjmNPA3vs5Eh7PNZA6fPO3wdKHFancojp7ywZFadM7pMfnckM65NnAh16vUxWK/C6qFmRqNnnyvUxha3rumXtS2tMzWG7SLtbDYB34N2TwD9fydTsOmpkQvJwctNWwisuHaR83SyBJ8Axm3kCmb/tEX4ax9fsJN2BdGkkSqeVsK/zQPWAwGen44ZI/gdmvjBpwso9LUf3bR5nwFluHDiGtF0zW7pNqyAm8EUSOP8fk3DCItRmRiKUS95k3OnQj1Z0IkTCAeaqsB3fk+vM3fHmX6FO8ixdf29V8i0sQ==
4wUbj8XJVo9MHlHi/Lm7aqJhi8Z8dje0YUtkJ7+jWhuH5sXFKF4Szvm18eA8OsEBDHQ/1RTwGaXWuaZuM/uXupBNXIJpdvMTNaJPxoDP1Cmd9+Zqqn6Q+rWxPnGpeyWTdD9qah5lPK1aQVrv9MxZZk2Z+h6VOEL2Jf1lmBmr8YsTkwZlp/87Q2IEYKgR8pfBliv/CQaCothaU1mvBQwkCUBwja8o0VmfTME02h9mr0+PBafDUdCdreLEiTFD6shNozOIY8+mXCkK80JljdnMbhJ7YU1ddj1hfX/OQShzPJAOo3HrArGQcdu0oA==
h78GghMK7cWoTEXsy/RNfFOs+N9hxj0QH651Soy0pjmNPA3vs5Eh7PNZA6fPO3wdKHFancojp7ywZFadM7pMfnckM65NnAh16vUxWK/C6qFmRqNnnyvUxha3rumXtS2tMzWG7SLtbDYB34N2TwD9fydTsOmpkQvJwctNWwisuHaR83SyBJ8Axm3kCmb/tEX4ax9fsJN2BdGkkSqeVsK/zQPWAwGen44ZI/gdmvjBpwso9LUf3bR5nwFluHDiGtF0zW7pNqyAm8EUSOP8fk3DCItRmRiKUS95k3OnQj1Z0IkTCAeaqsB3fk+vM3fHmX6FO8ixdf29V8i0sQ==
4wUbj8XJVo9MHlHi/Lm7aqJhi8Z8dje0YUtkJ7+jWhuH5sXFKF4Szvm18eA8OsEBDHQ/1RTwGaXWuaZuM/uXupBNXIJpdvMTNaJPxoDP1Cmd9+Zqqn6Q+rWxPnGpeyWTdD9qah5lPK1aQVrv9MxZZk2Z+h6VOEL2Jf1lmBmr8YsTkwZlp/87Q2IEYKgR8pfBliv/CQaCothaU1mvBQwkCUBwja8o0VmfTME02h9mr0+PBafDUdCdreLEiTFD6shNozOIY8+mXCkK80JljdnMbhJ7YU1ddj1hfX/OQShzPJAOo3HrArGQcdu0oA==
4wUbj8XJVo9MHlHi/Lm7aqJhi8Z8dje0YUtkJ7+jWhuH5sXFKF4Szvm18eA8OsEBDHQ/1RTwGaXWuaZuM/uXupBNXIJpdvMTNaJPxoDP1Cmd9+Zqqn6Q+rWxPnGpeyWTdD9qah5lPK1aQVrv9MxZZk2Z+h6VOEL2Jf1lmBmr8YsTkwZlp/87Q2IEYKgR8pfBliv/CQaCothaU1mvBQwkCUBwja8o0VmfTME02h9mr0+PBafDUdCdreLEiTFD6shNozOIY8+mXCkK80JljdnMbhJ7YU1ddj1hfX/OQShzPJAOo3HrArGQcdu0oA==
OdTB2f+Q/9eZytrwy2bS7aICD28adnpdb5oJScb6zlIUILI+L7LV9EmgYWdPkbNOUz1zkwNdRkvSDCDT//fMCZ4tdbQO
zZqMhQcS9LcC2BGQFPe7v3JIo5j2Walj3B7BQKFnm9gUCLqigLg+vqMqQZeyzOfH8znnnifFP1NPZXIbBmTcs+Pf+DmKNXm0Ag==
MIH8i24MksEO6v11NI/+caMCD28adnpdb5oJScb6zlIUILI+L7LV9EmgYWdPkbNOUz1zmwJdRkvSDCDT//fMCZ4tdbQO
5025fVejw6E9tlxOIc5CNnJIo5j2Walj3B7BQKFmm9gUCLqigLg+vqMqQZeyzOfH8znnnifFP1tOZXIbBmTcs+Pf+DmKNXm0Ag==
yIiYF2AaufwmNX3yHl3kSqACD28adnpdb5oJScb6zlIUILI+L7LV9EmgYWdPkbNOUz1zmQJdRkvSDCDT//fMCZ4tdbQO
ISwdXFyRSKGRU0o8wUEiiHJIo5j2Walj3B7BQKFlm9gUCLqigLg+vqMqQZeyzOfH8znnnifFP1lOZXIbBmTcs+Pf+DmKNXm0Ag==
wDt7tFoLRZbLKLMsfKbT0ikfg7dh+DkSXyVYWzGU6NwBATyHhmfa356ADGRowiLk/9gnCuow1w5PWpMHBwle1bsY0eU9jTd4tAE=
1UaSGAfgCbi6ySpNnDgQgpKp9QgdN4WUlEF8xtC2wGLkD9P8iZFdWlBIrozISiIM5P55HmN/wMjd1wld1VZlMWX/0xHwk7SApmNZmwpRqAFjtBg=
qbRQgBi14SFoTCsTipWnjCgfg7dh+DkSXyVYWzGU6NwBATyHhmfa356ADGRowiLk/9gnCuow1w5CWpMHBwle1bsY0eU9jTd4tAE=
+pBBB1nRtTlS8wGi3+5rNJKp9QgdN4WUlEF8xtC2wGLkD9L8iZFdWlBIrozISiIM5P55HmN/wMjd1wld1VZlMWXy0xHwk7SApmNZmwpRqAFjtBg=
ecQ1ubXQOXWjW3Qr/95YsRZw7a/PDsAv1g6ODbsytelaErqigLg+vqMqQYS9yP3H8znnnifFP1hNZXEbBmTcs+Pf+DmKNXm0Ag==
g+mjM5utCVVYVkjGz5lvMiYziATcsfy14eDQY1E31oqTlEAPOuvCCKCgv1OUcUmK3L7RR2B9Duk+jd5WYG5wvPYmjz6bkAKek/xoaJ9uP9cqdyueTV91QxNqtBc=
jY2y5Z9S2tbw7CSpPzJoVdeZf31gS2c+jXImUyzFiBS9r2hTfUSwBlZekalfOHew/5fcXB1rejRXIQYKfuTlXu0sbP30OTvd3pSgoer1rqFupd5+MCbDO2KUzxaLmCLWw1TowM8mH986X2s23dfVC0NCtD8=
6yuPX0bDisHWyyzyvU6LzA6qxvlMWaK43EhsF2uNhOIh2i4uLY7nG1zYgoJoyCa+u9opt4qcL4c7ib9+T1WH2LX12btelJRzK48AWaIFYbQa
WWYxfH8KzwxkklJg1jetNhdw7a/PDsAv1g6ODbsytelaErqigLg+vqMqQYS9yP3H8znnnifFP15NZXEbBmTcs+Pf+DmKNXm0Ag==
tXWspqe6kRTvJtPmw/uD4Q6qxvlMWaK43EhsF2uNhOIh2y4uLY7nG1zYgoJoyCa+u9opt4qcL4c7ib9+T1WH3rX12btelJRzK48AWaIFYbQa
kin+EO4TwjwYc1cvgvlc0xZq66/TFsEv1g6ODbsytelaErqigLg+vqMqQYS9yP3H8znnnifFP1hMZXEbBmTcs+Pf+DmKNXm0Ag==
aBvsgSQL7u0Vlvq8mZS4PTZDkOpaEwtqi4/yDPBTzHSsLGKZms1OGR6d3kZAniMDEqwPrvsgwu6z7Gh5vx7/Z0rnqw6t7zWzM3q0Bw==
gVVV+UHjQxH8IOMMWDgNtaECD28adnpdb5oJScb6zlIUILI+L7LV9EmgYWdPkbNOUz1zkgBdRUvSDCDT//fMCZ4tdbQO
E1OPX99B8tovg9aAD2hyzHJIo5j2Walj3B7BQKFkm9gUCLqigLg+vqMqQZeyzOfH8znnnifFP1JMZXEbBmTcs+Pf+DmKNXm0Ag==
v4xLiusCGg81DXA9DmoiB6YCD28adnpdb5oJScb6zlIUILI+L7LV9EmgYWdPkbNOUz1zmQNdRUvSDCDT//fMCZ4tdbQO
TeyNNjMpdWrTtYeRF+CpIXJIo5j2Walj3B7BQKFjm9gUCLqigLg+vqMqQZeyzOfH8znnnifFP1lPZXEbBmTcs+Pf+DmKNXm0Ag==
zf+seRtBufTilKkhxgyMwKcCD28adnpdb5oJScb6zlIUILI+L7LV9EmgYWdPkbNOUz1znwNdRUvSDCDT//fMCZ4tdbQO
XydV7jUfb9y44OCi4jaIl3JIo5j2Walj3B7BQKFim9gUCLqigLg+vqMqQZeyzOfH8znnnifFP19PZXEbBmTcs+Pf+DmKNXm0Ag==
ab3/yhHZ1jt3RASPE665rO30EN7vEL8e7QSGYeHZy+Pvww8mu48p5hbFKiCoy/ddiU+DkjbezIhcoW7AiTnHrfd21rF7IHfv/q4Lo92ejWh4TlS1lk+VilFtowKt2AuW0pa44IOF9vC129IjHuRUHpGaF32d6DXxYYKQLDbKhduopNUPHQQZrwFV2MAiCrEkTb7JJmxwO7EUuEOMPl3jWAuBeQjK4c9Jk0NH8n1JMFmTWCeK6rDXjk/dk4QHiV5Vu5jRZT0NN/i0gQ==
1wLgtFqw6udQMCHGLlDa3YPwVTDmIvfmCaMfKWpxSmWWVP8ZmiUM4eHsVktm0KRaxAxsEBnbWUK/KmjHR/x0es6V+2yqu3Mec+3+qAeZxZD5ekh4SN9+UbGoMYvP2JX23+QCwIQqy3uyMnWdHlnGquDM4WxL1zW20ZPBJDy2TiQRaTgyKYWVup0tgdNUerqERbb9CFXMBO6fE/Ter9aG87eqW1fFQgKfCwvThQsIJYcEC2Mu+6DCbrNsb/u/nv/nSmerjq1vNTMz+rSH
mEz7OCQXotn+1X8oWuKlOy10e7mzaUMDdkNsBWSQGZ1Hvoglm8eboz7UldEu09Un8R3WrUUVMMpvUi8Xm30vYAFYLP+n9W5+LY0mUQEHEeDF6jgCuOcb4d41l1G3kT96DdYd5yJUUVW4NEayW/7H6XFJ0Cm/54Cx0SaZagX/EuAfG1LZQ9vuQZaeBW7V+x2V9TdruEcJYGRLFVkCcjkx49pXNe4GraizYGHXkTbaQKtzOWeep8W/X85l8RuGZFyzY994OQo1+bSC
AOGsDq8k83GMqr64oDll0S10e7mzaUMDdkNsBWSQGZ1Hvoglm8ebrj7Uldwu09Un8R3WrUUVMMpvUgMAm3QzbhZYLP+n9W5+LY0mUQEHEeDF6jgCuOcb4d41l1G3kT96DdYd5yJUUVW4NEayW/7H6XFJ0Cm/54Cx0SaZagX/EuAfG1LZQ9vuQZaeBW7V+x2V9TdruEcJYGRLFVkCcjkx49pXNe4GraizYGHXkTbaQKtzOWeep8W/X85l8RuGZFyzY994OQo1+bSC
X44X6PlDM5/HPDWZ9x7oVzs3l7KLR7nl87zGbJYnrTaiCHVG+6Rem1Wu/NCvFiB4oPTWAEqm+CsGslv7SOqBYxd78Sw2953xbH4viRxZG3Pj8PfeIurCAznB/FFtOW2lDap/IkcvGBCTFXpw/HoBCrU5w/0KQUWDIhFzwuOCn0ugcO1vyFH5X2zBFBq/5k+P7wVHg/FQPe3CxOlxo2qojYMzqKNvJrzpavOiJe1ZbC4ye0ENvfZdoZ1/7IGL85xQbqORq2IxMDH7tIA=
8wltH/KdHDU81HcBZ5ymqC10e7mzaUMDdkNsBWSQGZ1Hvoglm8ebrj7Uldwu09Un8R3WrUUVMMpvUi8Xm2MyYQtYLP+n9W5+LY0mUQEHEeDF6jgCuOcb4d41l1G3kT96DdYd5yJUUVW4NEayW/7H6XFJ0Cm/54Cx0SaZagX/EuAfG1LZQ9vuQZaeBW7V+x2V9TdruEcJYGRLFVkCcjkx49pXNe4GraizYGHXkTbaQKtzOWeep8W/X85l8RuGZFyzY994OQo1+bSC
hoizY6LnzSNSsbqrYG683js3l7KLR7nl87zGbJYnrTaiCHVG+6RellWu/N2vFiB4oPTWAEqm+CsGskr9Sv+Fdxd78Sw2953xbH4viRxZG3Pj8PfeIurCAznB/FFtOW2lDap/IkcvGBCTFXpw/HoBCrU5w/0KQUWDIhFzwuOCn0ugcO1vyFH5X2zBFBq/5k+P7wVHg/FQPe3CxOlxo2qojYMzqKNvJrzpavOiJe1ZbC4ye0ENvfZdoZ1/7IGL85xQbqORq2IxMDH7tIA=
V6kHN97fyho9UzYl/U/veawaHeyzmF+5MIwJ6TSvVjQb/OoMCjjax+4uYJNvPN6e4k0ol7fkq5ud5qUx7KWSmcKnQypr4f6sD6XVhIGWaFxgg44laeRxT4ckxSJnSOKkbLZ7zyq+9RmW5VY+GKBByOMLRUKJXwFg9MqecClFWNZBmaWOhSGB11xGqpA9Wt0sfZD0mkdftBrnKtYnDwa7My3esiuTh1MBg7S1E/xnw4pTfLKa66Cvv3fiL7NyS8tqxXMFByv2tIM=
KOxQyD/ybcCFzN5jWnWC4qwaHeyzmF+5MIwJ6TSvVjQb/OoMCjjax+4uYJNvPN6e4k0ol7fkq5ud5qwi5riSm8KnQypr4f6sD6XVhIGWaFxgg44laeRxT4ckxSJnSOKkbLZ7zyq+9RmW5VY+GKBByOMLRUKJXwFg9MqecClFWNZBmaWOhSGB11xGqpA9Wt0sfZD0mkdftBrnKtYnDwa7My3esiuTh1MBg7S1E/xnw4pTfLKa66Cvv3fiL7NyS8tqxXMFByv2tIM=
tOY6HQjz5+mp+BmaSQb2m7QQFzSvtOLUXVP3jr/B3Y0r+moOJiIxg1hjrWqWA/bBa2ON03qhat+1aJBRAzkh/VZsNo3VWb5FaxR/6/6qA5fNauVMWGq8wUZ73U4Rqeu2fazjMnIy0BQTMX50NV9al44QPLoxPv8JTVx9NSFG2Bjmvm3/iIC9+w0wEasBUdD0Mv7ZAG2aIVK8RHN1VHwLOO4pC/yrJRH8WlVHzRPHz0btvVj9M/zP/joEn0oPGduw1/22cZu8uZEtOT/8tIU=
ZBE/8oTp8h7jb+opmzwZaNPMwr7RZHzz7tEz7SK99ce1TCBVuglMEQF609yq2ZO1JmhaPqjLFmft/3reANGYuJciX3st68+7hvznQxgHnMgTeYceh4UfXC4lkZumpPyzwx+YuWp1WbQi
MgAYj8VOdpNm8qNEAqIqBNPMwr7RZH/z7tEz7SK99ce1TCBVuglMEQF609yq2ZO1JmhaPqjLFmft/3reANGYuZciX3st68+7hvznQxgHnMgTeYceh4UfWyklkZumpPyzwx+YuWp1WbQi
7Pz+soSpIA+4Wd93M3S2YdPMwr7RZH7z7tEz7SK99ce1TCBVuglMEQF609yq2ZO1JmhaPqjLFmft/3reANGYupciX3st68+7hvznQxgHnMgTeYceh4UfWCklkZumpPyzwx+YuWp1WbQi
Vl46Rg+xdsNwURqJWo2qAdPMwr7RZHzz7tEz7SK99ce1TCBVuglNEQF609yq2ZO1JmhaPqjLFmft/3reANGYu5ciX3st68+7hvznQxgHnMgTeYceh4UfXCklkZumpPyzwx+YuWp1WbQi
fLjP2VSJJ6+PTq8N4EdU4NPMwr7RZH/z7tEz7SK99ce1TCBVuglNEQF609yq2ZO1JmhaPqjLFmft/3reANGYvJciX3st68+7hvznQxgHnMgTeYceh4UfWSglkZumpPyzwx+YuWp1WbQi
Nx/pw6bErlbOwExWvqGEHNPMwr7RZH7z7tEz7SK99ce1TCBVuglNEQF609yq2ZO1JmhaPqjLFmft/3reANGYvZciX3st68+7hvznQxgHnMgTeYceh4UfXCglkZumpPyzwx+YuWp1WbQi
HZ/7/OblMtwr0qFmfe/EyV9Cv01iAHrehzyg3SQ9nqN8ygwQ6h37zo4mEWkZyrSrw73rlVxHPDI3sQYSTI/iD3DSxoGpnOeWz36BahthUnY/k4VhUJwPHrpkX6oDf5tRV532kZsc+bGtGX9ctCU=
p3JSYn0Rw60sYxJiUHC8cF9Cv01iAH6F0ia31j4ss6NK3zlRnU+u0oM7Ck5qha//16KvhFdbKz8rgDcVXqiEHzPf0ZupmeSWz36BahthUnY/k4VhUJwPHrpkX6oDeptWV532kZsc+bGtGX9ctCU=
IKJ1W4gYh+6N+79/6kIzxuZ9eH0/wgPGkoSXmOBrAhDJ4ZDqOddChFgHz9HDczRRGYnXp/PrjY+8nQJOW/AZ25hbW1MBlHhdVRheCr/iOfab/erqTw89/bBAt0LKOOd2zqejCifBzk17AMGt3QVHQLQ5
yicrebA6SLtDirdsIFEaveZ9eH0/wgfGkoSXmOBrAhDJ4YrpHpAbqxtD1MPkJjR3GdaMt7Kh04m8mwRuR+0+zoxTWlMAjn5dSQBfCr/iOfab/erqTw89/bBAt0LKOOd2wqejCifBzk17AMGt3QVHQLQ5
VaCY9OgSkcRbfcbdn42fQxeWkDdom5lJ/9uaLPXD9Ea+GZ8eW/CCPtMcY43fy7+36lcrvg2/9ePTCrR3
tl50/dFvzyHBqCsi+rK+hJlD8gDVSPE2prg9fp6dUu3CunMrnigFZEhHeb1lFrVRlf/nMalTxCAW48n72hGYIXO0CA==
yfzr7SGhnIi9v06yIlsZzvQvMCxVZzYfNJEBCIuyyEUUIYR6NefY8FOofndPkbNOUz1znQNdT0vSDCDT//fMCZ4tdbQO
K3uL/5Tiachrnk1QaCa74Uu0s2vNc5Nex2y6PiCg7C0h60NlWhbB5dx0shePNH+mWnwPQo8WS0I3JQY52/TJyQ2BL3S0DQ==
CKdRrCN39NS6QH8RM61sq9PMwr7RZH7z7tEz7SK99ce1TCBVuglNEQF609yq2ZO1JmhaPqjLFmft/3reANGYvZciX3st68+/j+vgQxgHnMgTeYceh4UfUiglmpumpPyzwx+YuWp1WbQi
j/P5Yra1b2RgMgMw3zz9qtPMwr7RZH7z7tEz7SK99ce1TCBVuglNEQF609yq2ZO1JmhaPqjLFmft/3reANGYvZciX3st68+7hvznQxgHnMgTeYceh4UfWC0lk5ympPyzwx+YuWp1WbQi
6cHgwg58D6Zkx35rm5i3Jk87Lhj+hsPfxepiChnZkP3lL2X1jSMXvJbY49Kp2Yv27AVwJV4UPmYN60TQIRze0NiFD/ja0bXNeSNbpwl7QLCRG77rCniF9QGGcSm5Po6JZUTg6KqDFfO+oRx5X7Qk
qTvYJXbxOpZ8IOQv2Y4HVHYE3SD07GeHmsdYCFaaYErYavv6pV/IBLga3gU+7Pf1JtGiS4rAuAtV7vRsqQDyavo/tOYL5mbln1dmoeae6U5QEWDvk8Aepeb4YIqcbxYZtwQ6WnUB3WOxljc7v95Q0uRER9ThQYD6zkolC9eFiH0+OdZhBKxb0jccTLkByOgMDIPtqOdBDDcy0aqnPX+Lzm4a4bz+XRZ66iNs+51y9gqKyq8czsKX6tBtMwnw/a5u8yeJ6SVaWtaj6z3wcUrW++fUrBJKC0/h9SGWDMlmdgJipWc1UAE6ggWuWTENQr6WE3w+UMqd3Ipy2BcTRt6InC+kkRgq7CUln6FNSuOP5TK5eT4bQNI18dFlOjqqRwY8I39Rc8/03WNa3wJujZjr0mJjLWh4Qe27q9MeNV+f09OqBCg4eRLvEY7rRzke4kqoktORn62sPPk4sJV/kPFxD4TB/Eo3Rhefl8XfM0lwNZ0qREFBq4rQfRvzkLO3RjS5QvOK9WW5ND4KO9l9RZZVkTX5h3GA1CTg9uNpu7qRuOGTtOg=
tY2dZBLVgWfdKblZa8Op7HEEjoXFgsXfHEYOxmtBi2v66q1Jzhu/AIdFho+Rn5rwiz0r4NHT0rvz1iIzs7pSehZyAKSlc85FuGyELhrmPrCCS/lo9DF0aPIeFuecnTWEuN7/iVf3Iwalr1V2OnYG5CVwC+nqLhwad98dzcK5/HkUpU7kkQZlTJ5ta+ACKG6jD4yNaeYjIMG4szd3gcpsGuO49FUcbvgzfu93WpwuaOrNOCTq/T4CPWHdOrXkqjFnSy1vEpAC8bvvJBviPF+FdE62IKOldWexBJhD7vyG4CXlsdqJsBaXPsul5+rUMvHcXPQgNbZeoIhFx4yWwljt5FPcYKTv8c3xn56Jpw8W21ncPyr63+XDdSguoE8MOCF/U3fF/Nd3SM8QemewgfaAQ09MkmmHb3mDTOGV15kXaETq/DNaJcXcu5XtdEqgDPBzczvHBNZtqiAH6xp5+4sGQX7Ovc6dCwVVTaej2F85yOQj5UEiuqnJo8JnfQ5+fYCzSDEv8f7qWGsLqS++v7VX0mdV6vzO9OTze6+wmbLlkbTq
tY2dZBLVgWfdKblZa8Op7HEEjoXFgsXfHEYOxmtBi2v66q1Jzhu/AIdFho+Rn5rwiz0r4NHT0rvz1iIzs7pSehZyAKSlc85FuGyELhrmPrCCS/lo9DF0aPIeFuecnTWEuN7/iVf3Iwalr1V2OnYG5CVwC+nqLhwad98dzcK5/HkUpU7kkQZlTJ5ta+ACKG6jD4yNaeYjIMG4szd3gcpsGuO49FUcbvgzfu93WpwuaOrNOCTq/T4CPWHdOrXkqjFnSy1vEpAC8bvvJBviPF+FdE62IKOldWexBJhD7vyG4CXlsdqJsBaXPsul5+rUMvHcXPQgNbZeoIhFx4yWwljt5FPcYKTv8c3xn56Jpw8W21ncPyr63+XDdSguoE8MOCF/U3fF/Nd3SM8QemewgfaAQ09MkmmHb3mDTOGV15kXaETq/DNaJcXcu5XtdEqgDPBzczvHBNZtqiAH6xp5+4sGQX7Ovc6dCwVVTaej2F85yOQj5UEiuqnJo8JnfQ5+fYCzSDEv8f7qWGsLqS++v7VX0mdV6vzO9OTze6+wmbLlkbTq
LQ9pmvY836ic3bXJpQvfzJcBvR3SSuonovc+c4uISPXl7yg6kSUYe15Heb1lFrVRlfLmMaNUxCAW48n72hGYIXO0CA==
So6oZsT0vqMSuRPbDtXvOjYhPAqwJDDm9gMU2HBjGo/KPpSxy//twgMk0vKb2CK15/qIm8JzC6IVq+Xv2w60Cw==
KeTCvZhmzb1s3ziLcHtqAs7RUkHLkaU+ij8oliEVVX1vSIfaqgD3PkJvszTAWf5FO4gxtf391wi0cQ==
yNFikN8i8PJYfdW5Ik5qoY9d8kREad3BNHTEIZs7jcWZZlk5QbIymQ/keJiiQ50jhsH0yQe0fA==
R4TtJwT7D3+fvI5RJDMLKqo9pxtdZByKd1Un1BDgcbTR2HUl0bpsHig+kegBjXiN/gxHNmuiUFSyGYV/h54pjzRNl6wLWlGTf66WGWSRawU7RkRN9OCdVgkIbvhtospT4IV0gApELTsAZyJ6zTqh+38vGYEvsVDwWK6Eow98/AseDZPKViINV627WdUB8LvYrF8a1tKrgd3Qk5vjbcAmNfiruqgCK+7sUDnFrI9dGR0sosee51BmsRz6s5IGzD51KSaEyyxPB1S7POkpakTi5aATZZAbRR0xaDzWFueQ1j0k8sx5Du9x5/BbMMhVK3p7Hr4ERtYfkA4vhrkifB47hqA46ZllBR7u69htxRznA9Xekv/mnRqolkmj5w14UEyooMOTqvYd7RaBwvsBM3L74BF7ZL+2jK6EW1czaE8jFmn60wN2ISggpyNx+KqZnfViLXWBi+Si2pz1Lj0QZVRkNq9LdIafDuZrh7Kbz3VaYke7U9Pdu9BFn7STozbLOKK2gzTroo9GmH96f2sWHXdV64OitN8=
5F8NBLTLrFXqH3j48yxLEglfU3p/bRAztGrCxMy7vHTo0UYelhJvPvUBcY1AdQ0MS310M4M8QF73OwzsM43Mz49OgjDKN2na1c/TJUe9oHWvnu5ytA8u6Y8EAqpNYfWTedZ/6xe+yEJ8xN9EeeHoKgYKbTs/pfBNxjmuUfyMM+L/3ATp6WhwnJQDdTh/oaRn+hHi1xWfs75WGtnMxr0+CqLjpKs1km6aEko3jFZif7qYrfs5mN1WXosncdlderLm66v1IBnqTmt/VDSC0mvnMb1hXvzhBk7yWqVfxWhhEnLN7hHhpSImBov8psBSPbRauphfI67+8KzXpOko0sxNFVdhBRoLL32iIfmmi9gynaEZpXJKgqc+TBt/aQP3FPUTEh/KPiV4c0L647X44OEF6+MT1gU3vyvj0gTQCAEyByHGq4/pdkLSOApTCQ81zJQpcPBdj7iRSf+8wcS6DyY/b1+Fl+PhEK0NssTZ0TMquK3Ts9iDX2ZMibrz8sWdmVwOwvuRLa02zQGtex3hGzSMsD4jIcuScYCRq7TQ
LHj6RQxtQOkaDZfCf2ASGhkJ/pai3AFF1aA9Uz1pLgzqDepKfRIEQFQrsJXf2Wtt8sz4Xg05YcOYPpwoGtZPtaCC1ek4H22glb1ZdEv93Hk/8nMTFNC5l6SBRfe4wcCyAzYjd7ul89sdIOFFdgSdmf/aBNV3U3wbw/bAAT5zdk0RCcCWZps11RFGgclpPVkp1wTwiNoDRdOOYYyZr7TU
4T8EgqR7LJmb2xqk0BjUQkP1rPI80sDsllcm/nkvU39fUTHlWGFyraAhwVlndTsTMQiIP9qUDN4jE4actcUgQJKYfNp2W4W2zZmwpPtN2b4VZKdOu4morNdGIV8sl5+ITpvC3Tfno9k2BETmT7kpJqC8EMM8likMk4cAe4Qckc71pbpXOsO2WPsl/iaD3gSyJliJ4tZiLVunKh4Q6WVY9oH5JW7FAYH3HKYq8P163Qy98HR6B3+0OqfKVkfPJrsT7b4yy9OnUyHDVDVzPEfDqpMcMnqrgK2eNwKo07Jry0oFE4Xna9a0ow==
DPLnoBxW1mYaCbOF1xEDEQq/ejqxb1PsR/Xmp8348CQK/Y9EOOSYAH8KB9frAePt6QpJ/g/kJjF+AJUp/iTqviwu+k6OwBsy1pEV6PxMhotyqpPuhFj3QcPfFOFfm/P9gwRIw7vsFnB9SdG3mPpFhN+sQUYnwYwQ85SNIf4SoW/AONpw3a+cA/uZoVWQaz+C//x7/C1GRhnBXoUZ9uADs/xloiQWAhVDaLzFR/2MaZcBbahIwkKhPI0mWe5MeAtJlMBzhB4Vc8BLmWnAqmk/cZN7t3odgSBB08C3wsq45/bNJKOMIEHOzXuAwS3dhUfAtLk=
3u5x9akyyElaIenOs3Py0vctNglVOD0TPI8UR9ypi1QRI7M1QvbE406zandPkbNOUz1znQNdRUzSDCDT//fMCZ4tdbQO
IROoZAEF296txDOyRtT4xN60on7k8Htjj9JZRVtuXVGCZyJcNnQqq3AgxZrypg60MRm4wgkVVar9nYFjNGp6FGVGfXh1XET+f6P0bk/GxmOX2tun5dLCj2u70zVrGOUXJPvjXtswgn5T3GxKX464d2oXK36N//UjU0q0Nw==
eVH/AE6ehnS9hYHzfoq84vrAoBn2jzM/4JazGXkAHcm/smU4IR0iiWTBSwTja+IzireCFVUsDx/t9RxKWpuQjzSHUa1tNo2B7XxdYVs0zDB+I2FLUnFAEWu0EA==
Y32rUXUKBBYTv4O8SBboBuAhp0FhtEEthJFmFjWV/5iLRUkCE5S3hYRlwqHt6EUzNJ/8B3RZA/TJU6s1WgacQ8bDwrcngbtuq23LHHuNfSzaHAgTl0dEaUYdbbQW
EHH1axqFYLJbgZ9z4KXgH8kSiGRQhmA3s5FmFjWV/5iLRUkCE5S3hYRlwqHt6EUzNJ/8B3RZA/TJU6s1WgacQ8bDwrcngbtuq23LHHuNfSzaHAgTl0dEaUYdbbQW
dUNM4U95u+V+Xxnh9F8owyy9lQathGIWMZ3jiGd9LSL3zJt1uC0GYamguYNYR1hn0KGvZFXbL7XejgDTartmV4PZV97XpQ9cP0VBXPbEbDNzfyh5WhVptBI=
EjyyL9lSCNTKeN5bQ2ZGEDHe5PvT8cM9bd3TNrhiRmGEUl4WDWXH+KO1gUJbRB/lHPVaIXV43ZNcTzRHPGnr1LFjUzUiNmRjrvMKd2/RU84z/VOc4x3lzHJMwNPfN2yJfm1VtC4=
67vVSywCsgHBVNZ1NdNHH5yzTw1KpHa8NZdfPKyFLM6+mdZMJwQ87vO+ipIeRCnpyy1xpKqO52G5Gx9lQwDo1E201QNUR4eDlRVfhuso4ibjROzS79bYb1rP66Y9Z5V7Y1K0Lw==
obIMjfBmLhwdLam3nYrYDxEMbyIkGII8A88xR6uytoFTKX0gASowCMg+c3p2xc42DvFd+QxpRVm0dLKK3ZwnZtZ+P/UjUD36Qfc+gPNTViknYzJBSiZhntGz8fXZPy8o41GcJPfNPRK2sd3D9p+xXiLVdDM8mfMhspJsix+xI45DnQOcs71VjEJscFMPF3xJ7o2ltN4=
AZzcYkTjT6ZlETVgAjG8nwl+bz9ce25+TeGGoEQFOva3uedQLrXOPFEuKcXx5ApvievfN0sw48mJ2Sxxv2yiBHlox3oq4LceTExzVED5PmU7aHFVfV0XaLQR
Zs07zmLwPNdki297cGkc59PLyRgQhfdiZRSKLEWD28NihRGnB0Eb7sut6xybzd2sutxoE7cHpOnm3Q20dg==
Zs07zmLwPNdki297cGkc59PLyRgQhfdiZRSKLEWD28NihRGnB0Eb7sut6xybzd2sutxoE7cHpOnm3Q20dg==
DDOgsy39u8xjiykUTDVkyb9O0TBsn0ZKcAtAnn8NWi/h3kLUnHpOUDLSetGrM55nIz7H8oWWsNeIuuGGzVR2DVdN/Sr+oGRn/YoNGV4sWhEkdRXzMUkSV3l6naZABoIIwifH4krlpknSv2FeOgBG8MDHCDwB5kA=
