Fd1nvgFbyMnR9+uxO5SLx3H6/5p989rz67uDvf66SY00ovWcFYmKeB8bUZ4iJ3dtB9ErnciomtokhqozX8PDFLIldsC7Y37JP1MqQVIWeX75g7m1ke/HyFvB5KRPXcWyHuGVgz5vWX46pWwzJGnrAdriJEvXYYsuOw27HUkt6e0qMLmTxydUKfa9vbTG
MqV2ALcl8kTKAzLmU79nHlp5Fz12WgZpbif5Yiwx3HUBntVYAtZXRWgirXmW2prIjc5c+q1VcRR30mvjPJDRBxxhjcegwdiCy9ab59Pl2ysFAKkVzoRlSbe6HOWfk9SLu1YI8SZzbj1ZqTgGzttd5QmmSZkRveP5GyXo9PPDrUM2AcSpt7TM
NXxrk+LUa6Fhg/kVWJqRvIKyv/vqWHBJFt2Yh4RQRSQAQN7K/FbMDSBDbl8S8p2DzLmX14xsKEOLjuxChffnUUKUROtcytSA7lY7HXzSmREPf2TgmZ7oAgEVHSyDAv+LgHDNL2jRGR+MwfRaX2bvz88FZ0OR0F0tosTJsQPqCM1jM0jjj6YcqUrzguVN2QzuUnshzR12/eG9fQ/Bb3V8HE+jsWvCsVDxm7Tg
S76DM+sxhCNX/KMFjlM5WY0+I+tYXgbzYW/XnApbtjArHV4u8w5GBG4geuc4ZIWmypI+mBk9mN4RAUWm9ZmBn8yeiviNop2krYiUMrdnNNL3cnbPP357O31GUgPjP1NJE2yVe0yfgwKDZNIyG5gtdGe+iVtOMgtilevlL1tOtMs=
A/sD+ajv20bYPYDlN8URkCwjOaDQXSxEL2grbhvU2Qk5DybTWTaL4WIvNryzue6SO9On6JYkavsQUMXqkvZO5JGpOHKpxZV6HW2Bk9S6usTF9v3I1QwErh/T9B4vloYzN2pbF0UCAl+LS9PFi8glx4RLY+57YMIuM6xtOD/a+SfGpqvOLS8187O6tMc=
pRAykiq3XWs0v83pYY5v/SwjOaDQXSxEL2grbhvU2Qk5Hi7dXzmKs2IvNryzue6SO9Kn6JYkavsQUMXqkvZO5JGpOHKpxZV6HW2Bk9S6usTF9v3I1QwErh/T9B4vloYzN2pbF0UCAl+LS9PFi8glx4RLY+57YMIuM6xtOD/a+SfGpqvOLS8187O6tMc=
DEVfd+p6a3nQoCeGW5JxCUla+JPq0QVekbo2aS5gehbmEaheLiFbHgxIy7GdlWtt+c78WkMjMZP5auwoGtZPtaCC1ek8H3P4la4UKlXVyUQ/8nMTFNC5l6SBRfe4wcCyAzYjd7ul89sdIOFFdgSdmf/aBNV3U3wbw/bAAT5zdk0RCcCWZps11RFGgclpPVsp0wXwhNsDRdOOYYyZr7TU
7fAZ+w9ePEbG/fTqEQc5pnZ8EeSJQSxEJ2o9fE/Z0BdrDyCaDXjes2IvNryzue6SO9Cn6JYkavsQUMXqkvZO5JGpOHKpxZV6HW2Bk9S6usTF9v3I1QwErh/T9B4vloYzN2pbF0UCAl+LS9PFi8glx4RLY+57YMIuM6xtOD/a+SfGpqvOLS8187O6tMc=
mcaA0TwJKs1wmawu50luRig7VrjcFyxELHUtex3Qw1l1DyXISDPes2IvNryzue6SO9en6JYkavsQUMXqkvZO5JGpOHKpxZV6HW2Bk9S6usTF9v3I1QwErh/T9B4vloYzN2pbF0UCAl+LS9PFi8glx4RLY+57YMIuM6xtOD/a+SfGpqvOLS8187O6tMc=
5Ib8BsWHfYjgWJ60gtUuClM5LVAtcdntqbUJHph3ERPXX0/yaoTMFpmZpprjJd2v9ZQjdvImQ7WfiNlqxX9S4F+bktkDWy5BVh5FbhV7XZW1t6u4B4kgZIuVGQKyufHjmtf17sYt6LOg4ZeRdlqAqzO5J55nRf9dDeU1HcbonbOjXzg5yrW5tMI=
dSfugWIeXOpkSIf1D8kAcWaOwf7EWghXTR1xivt3vve7TDEyls0mbfZ6f0M2XI+H157KjsIl9LJlTD5sNooFG6jkVU8dxJnvARVYACJKMWRNfklmbDC7cRT4w0w+nWMYC0H5yMqhT4mTg8eyfYmwmZMYp0rqcFfOTR4TwAHJ0pS72FElPc23uLTB
OPnlPtUrC8DVFdLbzlFYPjlbEW+h2Umn1cYwrqoIWdCGVtPN9LLBAfC+/5AhfuAyaZW13IsihzsYsPU/MHGRz6TB3IrXxrff98X/8+nwVd0KRKGBCwqwvfvzsPPXxpR5ovPqtcU51P4qO7k9pRb10VX9p7FnVYSs1+OJexoR2KGztMg=
dSom2f2o+2QhWNoMIG9tQPSxexo2+Z7d5NrS3CAj00NkkWSrlTpQwI5W290cUjnRLn5HIHkeiELhFT1sI4Jfy+BwLe8IUbnfrMHUmv/mjw8vBQcDMVD9bYLEKfFjaugNQzNoIy8mfGmq8+KlrVmsrnJ7AY199h0h3X0vAc/13Nyvo9ErIjHwsbu0wA==
QOGPgtTTPu+neNUSGEXsy5cwLqm8vUKJhEQ9EogI5Y81ZyzPHxj6tlsr3J/0myg5tKlpuPH0s55CmgWBoBRAWqszqTQ2rJtcUuqZrf0ObJVihlijqSTFs+puZLVr19dk70r7Kgovy0PK/64AloudJFQYG5ZiI0aI0rEkfKBbNsRJ5xqNpVTaG2Xnr8lvp+zncEV4eLLW52XYYp3ZoF6KaF2OjNo9VeF0p5K7gywQIWfsIX2nUMEo4juWa4cjZctL1UB5dV6E9Wln+sxFjxPkK4sWuNGWc94d6WkIpv5bTUVZZhm5gb1zGUvluBTjQ92jRsG0Sce0vA==
pSIAgZm0VaIvZ45i5bWTHu35EqfIhf/njUmOhbOAhQ0T3dK13Ok+fD3tyxJndk+rAfVhO9qztigbVT5WY6eG3Z4oWt9oDAU+elreYAkV2IZhieUeJXGBh/zW6oAdCl18XYC0CucPtEpHupY3L1Y7Yw3O8rsz11NRIyT1A9w3Q9pzbPIKS/Ct7Nd2aaNeGks65WNFl4umtNM=
vxfs2j7QLJX1ikXlTXEr2znGeL3FBSKz0In/44VVnnGL7KUp++Gi4QQlfjh1MRumH9qvT6mJ0a9CPzask8muIttLJnn2lKoLMEDF+rIGjlTxObjiSXXVCj19gYP0yvp0JWZ9WLW8xF4/w/QOD2ZGg1f624elskIvq1vT1au4ZXdk2+N+G9AC3hO8bSgfKjmXpjYrXs2fdYOTqrTX
lVDzdApv4Rm+5fAxVKBjhZaDssY6T56+Nl4Of2IH1hrsDWMtUEFqLnSasu6JB4LvC4lFN6YD8m1K7FiWDXFqyp895E4gLH8Gfo63davg1VoZh4ZAKwMuCc9zOkFCNom+qeMpNWFPd4gL4RSkfz2Vcu4BJQOuz4m+CsV8MzSJ20GKQrTLZwH7buvtix05DTktmpDJE1fHhGmGna201g==
Of86edw/GVS7jO76lWDF4JVgCDhCoNEbOrncj//hgVuWa5f6tdvPn5oLKENeGpEfc5zj7N8dfVeJ5Y75du7XB2Z4h532y4IqUqFc5iUYFmgmrk1PCHDd602AsfsBAXBEcu658O0qAUJ8NJMlVKxryK45K0wrVfHsmuXnHRMXb/YtrbiNs0zv7nr0/5oNSjvEEe2awBtM2YFtiZ+stNU=
CKugyHrJhAYJThOsrWwZ02BmCfWJSCxEL2grbhvU2Qk5DybTWTaLwWIvNryzue6SO9ql6ZYkavsQUMXqkvZO5JGpOHKpxZV6HW2Bk9S6usTF9v3I1QwErh/T9B4vloYzN2pbF0UCAl+LS9PFi8glx4RLY+57YMIuM6xtOD/a+SfGpqvOLS8187O6tMc=
k0NQtSw04pxDSHkSCe+F42zZjKCWMEZVQRpwlt53qf3vD3Rm06kmbfZ6f0M2XI+A0ZDKjsIl9LJlTD5sNooFG6jkVU8dxJnvARVYACJKMWRNfklmbDC7cRT4w0w+nWMYC0H5yMqhT4mTg8eyfYmwmZMYp0rqcFfOTR4TwAHJ0pS72FElPc23uLTB
VeaVYPo/uKqyI7aNLZOUs69z/8nLIY32RinOmXaOl6fmmEe38aTCitJBnMYlOFYIpg6NrwhQnYvNIHEbAeGw5PKO+dDtysHi/FTTBVSMqygumWssK3UxDBpFp30Tdy9WrU14rbMsr076FD+6DWp7pJFNWiAbbJnh7SlfTLQ1
22wXIipr86ElJE4oz5+uMeQVMSDMbxOixix4li0xCko//Q9JD2zfhh7Ol3VLIHXaecfmQAvDzolvM1pBInYpPkkjCTUBDxcIqyH0pF999fJOQQUDTg8pPmqFXDMUSTvBKgLUy0fBW+4LLasdWU2ZrXpQKRN3h+TpJl1NtDY=
6f13HQGUftvu9MouSS3N1q1z/9jJN4n2RinOmXaOl6fmmEex8aTCitJBnMYlOFYIpg6NrwhQnYvNIHEbAeGw5PKO+dDtysHi/FTTBVSMqygumWssK3UxDBpFp30Tdy9WrU14rbMsr076FD+6DWp7pJFNWiAbbJnh7SlfTLQ1
X/vOEJKIkJqbCkL1+tpkyOQVNzbQchOixix4li0xCko//QlJD2zfhh7Ol3VLIHXaecfmQAvDzolvM1pBInYpPkkjCTUBDxcIqyH0pF999fJOQQUDTg8pPmqFXDMUSTvBKgLUy0fBW+4LLasdWU2ZrXpQKRN3h+TpJl1NtDY=
WsmmWWqsTE/13YRn8afNE+QVNiDCdxOixix4li0xCko//QpJD2zfhh7Ol3VLIHXaecfmQAvDzolvM1pBInYpPkkjCTUBDxcIqyH0pF999fJOQQUDTg8pPmqFXDMUSTvBKgLUy0fBW+4LLasdWU2ZrXpQKRN3h+TpJl1NtDY=
3YRsM9J/D0enAoJSFanuPZRSde7NhJTq5cHV0aGdm0utix6o1OYTdGb4jEgK1l9VkMKFScac7JglbsQKJdX5pO+yA7OEUAn39EG116jB0JLz9nMXCyVje21gMaVGBO25Lxq0tefTjLuTtvDhLnNmLSHJEDYWG6U1oQbR6Zkya0mDxQAkS4P1M14h/Lm/tMQ=
e6GzxEJ1WLoV9BN+Y/hsoROvNB/H9nEMYTQqGOYO+AAofv17YztcQJvb7KK5mhKk/QrBWSSuE6CeVss9LBJJcZ792IApXthiERUNDHPCjytw8F2PuJFJ/7zBxLoPJj9vX4WX4+EQrQ2yxNnRMyq4rdOz2INfZkyJuvPyxZ2ZXA7C+5EtrTbNAa1yH+EfNYy8PyMhy5JxgJGrtNA=
svuTbDOh0suCGbbd4ytjbFA/hsxtcXzVZ+wELq8m/ij5dT8IMkEWd8W9sk7wzlX39K25JgZUt+xXu1mNX275LdMrcwJmz8zwrptH82ia6OMeEZzE6hNV15FcEKHckPFHfOFtB4DB+EIrVvun8+U7a2WACdXuhAUJVzq8pb+TNEsb1qgxxnMOffkpmEau230lqSYpWfGyw7m7pQg0k8ONg9aBpOmXtOw=
svuTbDOh0suCGbbd4ytjbFA/hsxtcXzVZ+wELq8m/ij5dT8IMkEWd8W9sk7wzlX39K25JgZUt+xXu1mNX275LdMrcwJmz8zwrptH82ia6OMeEZzE6hNV15FcEKHckPFHfOFtB4DB+EIrVvun8+U7a2WACdXuhAUJVzq8pb+TNEsb1qgxxnMOffkpmEau230lqSYpWfGyw7m7pQg0k8ONg9aBpOmXtOw=
mWuMdFKg+ipvxW0EzSLcteXCx8TApoo7Dv7A4+Pp2DUe5mtjrj2BvGh4onoPWyMNWJJPFVP5GKn4G9CN4c7OmhzbcYeTp9wmVIvIQi3gwvirom2cy/t35AOiDZUk1SJKxpaXKaOyKxXOC0YdY3zVjqhVD28IEB1LzWDx2wEhMKTyTnmQ7QpBovyUU0VUTCtoLlnrbCu1sUwahSc9Ezevlq0N+G2zbC+O+lS/egsr+2SRDdrgGywZIe1p34y09Q==
eEG84INFM1QMkbTDlS3wsEcMGbPNA013HCgUR3WSGYoqlr97/KOa0T6W9KJdyc42ohfVjAtYP988PRxUmX0oezZecKz4unhhOaB7QAAzSquY6i9QmNIn3ac8jUfJ/wFDVNFdt2FHQETCLEu6bfXE+219vGq4/Jjz2wvfZB79EuAfG1LZQ9vuQZaeBW7V+x2V9TdruEcJYGRLFVkCcjkx49pXNe4GraizYGHXkTbaQKtzOWeep8W/W8xl9R2GaF2zY994OQo1+bSC
HFB428lq3RIkK9qCD8EpyRkJ/pai3AFF1aA9Uz1pLgzqDepKfRIEQFQrsJXf2Wtt8sz4Xg05YcOYPpwoGtZPtaCC1ek4H22glb1ZdEv93Hk/8nMTFNC5l6SBRfe4wcCyAzYjd7ul89sdIOFFdgSdmf/aBNV3U3wbw/bAAT5zdk0RCcCWZps11RFGgclpO1op0wXwhNsDRdOOYYyZr7TU
jDipYAmcH3gOvf5d6KNcn/tzN1BROjIDXirBV/A+noI0fPI5xVjRs0gyb7/poPlez8gfy4iiq4y5KZhFj7aCwUo7c8Wj92ru/LCbi1n4DMa4BViUyUIvDVhNcA7BMHk/cnE+IXY2Z4+GMJestCxK4mHk8qCN1VtgBubdN8hIzSMtCAGjAVnAzBImqcgtUpEKXDzj/dT0m8CO8bu0a23hpHptV8UTz99+zeWotfO0fyZa/A/Ci5NLzDGlCrjbdMlJDQEv9LSN
LeQt8jgiVOjEXeWe/y1b+iBQz2tr09hnhNT/8NrspTQCa/vrCYsYGstGObuCedl5iOHJycjvEms6JHsWmrb7NWcYccqdDxqgl0tqOStrNkFOLm2O7auV1f3H8xivGdjkMwVxYuoJOSNSB83Orl3ws7gRf7FOCsjrewn/fo/VR9t0dZ29HhhVc+sPQFnihaG02g==
SQjdw68GDX7M0k+9Cbnz+5n2Kg1W7WlcFDFGCERNJTInykldUrwQCG95o+QZ9//w1Tv2J3M9InoSkbz2JQh2WOZ+7T+IwD07DfCR6wERUDQyPllAbVqhkrwE8zVUvIv47mmLvKvlkbxaFccNEwdPBu392D0zvE++OsQfigtbW/TRPTqwm/w5US35v7y0xQ==
G27UOa9sfyh3xWhYmzT+GxHwceNAc3KpuDEXxJ2rN7XGfkhz0iuOF6vpTz6fdbfaxBWNfe44BfPb79AZkiVxtAo=
o/Okqilp01vvLbixkd0QouX9Hq/Nsaz9g3TBlanJ5g9A5+6b7fwtbj6ojQ1xNQWrCeFqGLfq5g4veCQvZfjcg8IoQ84lEUM6eRzQewsV2IZhieUeJXGBh/zW6oAdCl18XYC0CucPtEpHupY3L1Y7Yw3O8rsz11NRIyT1A9w3Q9pzbPIKS/Cq7dd2aaNeGks65WNFl4umtNM=
ltEDY0HzmhCpHrfYdp4beOnX12u6PRI/nF9QL63dmqereXqjWzkW7kys5YNdlk+0GBfIB0NoQ0YWuH/ZYBO1eTrG4FI+R9DBtPnlBXaxJncySzK9M5SB0CVOBBOXRRisj5fcB/Zfo9jnknsDbBBh5ywhPSeQwehie5arB2Nli8sVQDn1HoQ16Sf6DMVPE6SrSxZ4UdZzHp2paUgmPlsNxRlm2TnBurKZi+X4lCNDHSMGwXTJh7T8
risTdC0eBt1A3lnlK7GIX9bSDojXtcNIQT/mfjYgjGzeSKaKt7xm4yEexDY6dbLIlwhMMnuvE80AN4cBbyNjBiwFU2Z6vo17pQFgQDm6344F4K9rwD7jRtm3Zsj9ceD6fvZ1ZbANy2sVIyiRA/y/Hv+aZaxKd5HMEU+u+h/tnOdGYn4I+Q0YDjFxhbaVKYHPbG7KaG2SHXSN+FQi19c0gleCNl/fTvvrXTaSE4OPUxmznNXrrK8D0qMUEiJ7KColx07Jy64Ci7K1myU/O/60mw==
7qSEz2ldHZA52LqmIoiPgaao4tCwtdauUTPNk/rN1FDa+QR+eW076p/QzUw3YDsHLuHF2t6onsFOtPZtaOIGk2tGQwzP6Je1RLHcZgM1vmxSTgPOO8BCTnPMall/unmHhoar7u2PtRNzWrQn
ZbchD1kl/ume7qK4q8EsFE4mKxY3c8f9s/AKPph6ERPaXyCUBO3bH+Hp3uDxfJj57cs8Yv9heqyOpNlqxX9S4F+bktkDWy5BVh5FbhV7XZW1t6u4B4kgZIuVGQKyufHjmtf17sYt6LOg4ZeRdlqAqzO5J55nRf9aDOU1HcbonbOjXzg5yrW5tMI=
TwvEYBu+xWnbU8OtK+ECznH16IF45svO67uDvf28SY00ovXzfueMBHhlX59lYSJwXcQ8mYmTkNIjqb5sSuyFGqkndsC7Y37JP1MqQVIWeX75g7m1ke/HyFvB5KRPXcWyHuGVgz5vWX46pWwzJGnrAdriJEvXYYsuOw27Gkgt6e0qMLmTxydUKfa9vbTG
ltEDY0HzmhCpHrfYdp4beOnX12u6PRI/nF9QL63dmqereXqjWzkW7kys5YNdlk+0GBfIB0NoQ0YWuH/ZYBO1eTrG4FI+R9DBtPnlBXaxJncySzK9M5SB0CVOBBOXRRisj5fcB/Zfo9jnknsDbBBh5ywhPSeQwehie5arB2Nli8sVQDn1HoQ16Sf6DMVPE6SrSxZ4UdZzHp2paUgmPlsNxRlm2TnBurKZi+X4lCNDHSMGwXTJh7T8
YqDySh7xfKjyp52as0wvjDZmA/GJSGVeJXQtbA7a+Vk0SmuXDRe43Qs4P8TDwZSAYpPx8Mk7fvZXadz7vvZO5JGpOHKpxZV6HW2Bk9S6usTF9v3I1QwErh/T9B4vloYzN2pbF0UCAl+LS9PFi8glx4RLY+57YMIuM6xqOT/a+SfGpqvOLS8187O6tMc=
ZtH0cYrastKXPd1q/r89qFA/iMRpL3nSertQIeBf3wDDXQwnAWgWdsn8/Um13Uzg6ay5Lwkdt+hbhRbmX2P0Q84sanF138/1sNgf4DaJo9cyWrH99ExA+NdSC6PckPFHfOFtB4DB+EIrVvun8+U7a2WACdXuhAUJVzq8pb+TNEsb1qgxxnMOffkpmEau230lqSYpWfG6wrm7pQg0k8ONg9aBpOmXtOw=
QFCNZ48sHYU6sHyQQfMl1XiXKlYwZ3Qd4H0BOwNXxo+0eGlPGR2nyAtFxkbP4wTjvuyaUQXfP9XAmO9ARgkzd2IaYd3kTFAYhxLbQ0wQQafMoV3nsMHIohsWS0dDZauLtcBZNf6EFSmHeuwFLxNE6+uW2BE2c35dCeno5l5b7YV55nl54brS2WtlWFQDQz3jZkGUiae03A==
E3Qy/7bAsAVECPLyfqpb7R9RJG9tAIgxV8UgQbC2o45TK3s9RSwxLZxyPTM2l+QkYJVHn30ROlC1NPTZwcM4cts5BuwyfD36Qfc+gPNTViknYzJBSiZhntGz8fXZPy8o41GcJPfNPRK2sd3D9p+xXiLVdDM8mfMhspJsix+xI45DnQOasL1RjUJgcVMPF3xJ7o2ltN4=
KUrSLj1dMqqXD3oG1SPKiKICD28adnpdb5oJScb6zlIUILI+L7LV9EmgYWdPkbNOUz1zmgBdQU3SACHT//fMCZ4tdbQO
J9V06fuXNzWZSRoUyJcOcaMCD28adnpdb5oJScb6zlIUILI+L7LV9EmgYWdPkbNOUz1zmgBdQU3SACHT//fMCZ4tdbQO
XATOyHx7wCPPk6xy3QSKwKACD28adnpdb5oJScb6zlIUILI+L7LV9EmgYWdPkbNOUz1zmgBdQU3SACHT//fMCZ4tdbQO
ArzFKLfarByIdSJkdbVSKaECD28adnpdb5oJScb6zlIUILI+L7LV9EmgYWdPkbNOUz1zmgBdQU3SACHT//fMCZ4tdbQO
ykKe2+UG7cabiGDzX7FOGRZq66/TFsEv1g6ODbsytelaErqigLg+vqMqQYS9yP3H8znnnifFP1pMZXUdBmjds+Pf+DmKNXm0Ag==
RudNh6AjqJxKrTvs90uu/iYziATcsfy14eDQY1E31oqTlEAPOuvCCKCgv1OUcUmK3L7RR2B9Duk+jd5WYG5wvPYmjz6bkAKek/xqaZ9qOdcmdiueTV91QxNqtBc=
7KIbzc9IWW9nmi6VTZ1FzBZw7a/PDsAv1g6ODbsytelaErqigLg+vqMqQYS9yP3H8znnnifFP1pMZXUdBmjds+Pf+DmKNXm0Ag==
6oyIxDUnBt7H6vO2xvHJhdFOOuPan5Pj59uB36Gd31ijpR72h6NMM0bMsiEd3ycl6LiXEI7J+8c6eslNHMzoiO+yA7OEUAn39EG116jB0JLz9nMXCyVje21gMaVGBO25Lxq0tefTjLuTtvDhLnNmLSHJEDYWG6U1oQbR6Zk5akmDxQAkS4P1M14h/Lm/tMQ=
Pta5g+/eq7ZmdupY+NNlti4Qjiw/xt98gMn/tJ/jv30BZP3dQMpZU5IPGLTsHcMf+Zm2wMmsUDkle2QCl/HCLHY0ccqdDxqgl0tqOStrNkFOLm2O7auV1f3H8xivGdjkMwVxYuoJOSNSB83Orl3ws7gRf7FOCsjrewn/fo/VR9l0dZ29HhhVc+sPQFnihaG02g==
g/x8BnG+/3hXdi/6XuUtdoK16emBCr63CLnWJyoeP8aV7K30vkKZAYSSq089T9jFOyA/3PPZ9NhSSzEoeWMebufxXGMObi68IXH4qpmd9WItdYGL5KLanPUuPRBlVGQ2r0t0hp8O5muHspvPdVpiR7tT09270EWftJOjNss4oraDNOmhj0KZf3Z+axYdd1Xrg6K03w==
cmi3H95p5h+CM6sZ1S17K6Lklg29t1lrtj1ACAcocc7NkpJoYd+wwPt54bUQi39i/xo/E6ymBvnB/sU5dsBDE/zFYgSWItXjaNwFJ33sqfcBDWgoQiJhXI2Gmc7MWMvplGAzpJ41M2BLeSkgKol/kZOb95qdYWCh02D34kqYp1bJh2OooWECbHvgAU1d5YegtNk=
Pm+zyXSMrClyAK4W99dKmBeWkDdom5lJ/9uaLPTD9Ea+GZ8eW/CCPtMcaYnfyrm35lYrvg2/9ePTCrR3
9Wlg0qReQJo9VF7MbjuuC4vi24qXuBKagAREubF/y+HakkhxTOAasy+Q13IKqEeGydcDmGHxIhz70OHdHZUncLQJ
MfC+1C9rkoGXPI+BxiGD4GJE+Rpb2v/LobqQsg+As/UgV+mthyca2JwvpILmxb8KU/yyGusgqT13ZikzfsrL6sXzBYcrdrQD
4juU5gsbEOZZyAF5jNzQlhYprrXHFeUvmlPJROc5t+scWry1gLkI+rl+TICnwOLX8znnnifFP1lMZXUdBmjds+Pf+DmKNXm0Ag==
ExkkwmcTMSylFbHOkakBzyV6u6RUKGCX/Ixt51P4SaiovAt6o+McdQHTU21aHtDd/CxCX098z346hJ/KCZvbNNF9uvCbPLkRLbk/fLQF
3QFMvcau/4pG8TVFwpOKJ0cAu69YJXiX/Ixt51P4SaiovAt6o+McdQHTU21aHtDd/CxCX098z346hJ/KCZvbNNF9uvCbPLkRLbk/fLQF
CxcquEVdZxa/t5SBo9axtCN7u6RUKGCX/Ixt51P4SaiovAt6o+McdQHTU21aHtDd/CxCX098z346hJ/KCZvbNNF9uvCbPLkRLbk/fLQF
gfRtxlt07g3cdrA+mYzufA2ev8VJcz3Jyz0U6slFMwYVEnDK38jzLVC/yZWXLxrArAfEerYNf1KjlBKie6gppcfOyUuugosytRslvzt+tBs=
mehzqrKDkJCk3z8OMZFIUOzQtw/6nXYoqpa9SmQRXN22snAlMwAs3ijJAhPjbO0tlbveDhY9Ch3aumtaRoiNlCCHUa1tNo2B7XleYV81zDx/I2FLUnFAEWu0EA==
P33V3GJFQ4gm3fy9Q/w1cGCqZpoa78BU9p8/JqmY9BZuHF+V0pKUHU8w4JZsCcZbr5xRVTFbepaKrYaVXjrv0soYEQyE5/VV0UZBSak5mqkTBTAEGwOFU05hTBlvtBQ=
Fs2xy3MnMt58rR+EkQZ2sH8qis46k0hqU2xmalr0gK9FDQsZ2s3HkGy1QL9Z96mY6GyrCiNTfKXBo3N9Wg7wrTz8Iu/PDG+uerR/2gmLuwQRLRoAG4xZQW1JH2y0FQ==
L+Tt7dmSiCN+MbpIbYPpfEUdq6BfaXrZtoUgr1nnSaiovAt6o+McdQHTU21aHtDd/CxCX098z346hJ/KCZvbNNF9uvCbPLkRLbk/fLQF
mehzqrKDkJCk3z8OMZFIUOzQtw/6nXYoqpa9SmQRXN22snAlMwAs3ijJAhPjbO0tlbveDhY9Ch3aumtaRoiNlCCHUa1tNo2B7XleYV81zDx/I2FLUnFAEWu0EA==
Fs2xy3MnMt58rR+EkQZ2sH8qis46k0hqU2xmalr0gK9FDQsZ2s3HkGy1QL9Z96mY6GyrCiNTfKXBo3N9Wg7wrTz8Iu/PDG+uerR/2gmLuwQRLRoAG4xZQW1JH2y0FQ==
jczQkiq9MdfhnGk3KAt0W0Qdq6BfaXrZtoUgr1nnSaiovAt6o+McdQHTU21aHtDd/CxCX098z346hJ/KCZvbNNF9uvCbPLkRLbk/fLQF
mehzqrKDkJCk3z8OMZFIUOzQtw/6nXYoqpa9SmQRXN22snAlMwAs3ijJAhPjbO0tlbveDhY9Ch3aumtaRoiNlCCHUa1tNo2B7XleYV81zDx/I2FLUnFAEWu0EA==
vTsCn668BDDB/qFTTTPhvX8pis46k0hqU2xmalr0gK9FDQsZ2s3HkGy1QL9Z96mY6GyrCiNTfKXBo3N9Wg7wrTz8Iu/PDG+uerR/2gmLuwQRLRoAG4xZQW1JH2y0FQ==
ARdYq0xBGvMlI4BsKOMoAEMdq6BfaXrZtoUgr1nnSaiovAt6o+McdQHTU21aHtDd/CxCX098z346hJ/KCZvbNNF9uvCbPLkRLbk/fLQF
mehzqrKDkJCk3z8OMZFIUOzQtw/6nXYoqpa9SmQRXN22snAlMwAs3ijJAhPjbO0tlbveDhY9Ch3aumtaRoiNlCCHUa1tNo2B7XleYV81zDx/I2FLUnFAEWu0EA==
vTsCn668BDDB/qFTTTPhvX8pis46k0hqU2xmalr0gK9FDQsZ2s3HkGy1QL9Z96mY6GyrCiNTfKXBo3N9Wg7wrTz8Iu/PDG+uerR/2gmLuwQRLRoAG4xZQW1JH2y0FQ==
qgd+AJIFZGfOy7RIhvYpj0Idq6BfaXrZtoUgr1nnSaiovAt6o+McdQHTU21aHtDd/CxCX098z346hJ/KCZvbNNF9uvCbPLkRLbk/fLQF
rD57qFNfLSBTOzZvdk+oUxB1YyxEK25pVvyIu1UZI/36qe9EPOGIexkzYcy4uANug7fUMVE3+/naing5rGiKC29ox3oq4LceSU9zUEH5MmQ7aHFVfV0XaLQR
Sk/h9xh5rT8exj8DRWT5jBeWkDdynZlV59qaLPTZ8kaiAZ4eW/CCPtMcaYnfyrm35lYrvg2/9ePTCrR3
eeEmP9TJTps2Hb2m5pUmmIvi24qXuBKagARev7Fj0+DakkhrSuAGqy6Q13IKqEeGydcDmGHxIhz70OHdHZUncLQJ
Phc+uWni7q2UagtCcOLgzkcdq+4JLmfw/9Ft7x+tTaiovAt6o+MGcwHPS2xaHtDH+ixeR058z346hJ/KCZvbNNF9uvCbPLkRLbk/fLQF
SXJG6Qw+hKMC0/aXsFP24FLG4MBbJiHUgnJZ44QNORkVEnDK38jzLUq5yYmPLhrArB3CeqoVflKjlBKie6gppcfOyUuugosytRslvzt+tBs=
Ma0TRt5UphqKS0Wotcb+BK+2ly8bjbCgUEYuo76fbrd8UXndXd6gvgd0k8niFTkdN7KaRCSRUs4y6d72S/iidgN06eEPgpm/9r5rVp03VasDYrQf
h+APkqP42RyoV8brEe76zX8qitFqi1EuAHFsYE30zK5EEhoS19yOxDbzCvRK7amY6GyrCiNTZqPBv2t8Wg7wtzr8PvfODG+uerR/2gmLuwQRLRoAG4xZQW1JH2y0FQ==
Og20jWwhsQu/0rgomLw/aUo1J3AIPTojC6iZ70MSMrXptKYQZqfCMAopYcy4uANug7fON1Er4/jaingjqmiWE25ox3oq4LceSU9zUEH5MmQ7aHFVfV0XaLQR
AzmEEW8lp5TP1auz8fBqhGaG33mUvFmaxatC0LzqOhfTNnCHxp2LGn1ZC1jem/m2sjY+/R7uqrvlWhDSz6Cz1foxaVHfBhr43NUi4jr9viqTnDL6qwCpHTeGqVO+6svKBZOFZ2tWtCM=
6WmpcO39vrovepDFFLwzkV3+bGXtyfNCYzqApbZfUQSzih6sr5pU61c8OYXpG0J8pM2CnVc658LI/jlgpCatBTnmOfkhuRJZq2WY1ENDfWMmQVQJZ7Qc
S7satArTLR7epAiCgWQNc38pitFqi1EuAHFsYE30zK5EEhoS19yOxDbzCvRK7amY6GyrCiNTZqPBv2t8Wg7wtzr8PvfODG+uerR/2gmLuwQRLRoAG4xZQW1JH2y0FQ==
zkkbXHjTSWwHZFBUdMoKzGaG33mUvFmaxatC0LzqORfQNnCHxp2LGn1ZC1jem/m2sjY+/R7uqrvlWhDSz6Cz1foxaVHfBhr43NUi4jr9viqTnDL6qwCpHTeGqVO+6svKBZOFZ2tWtCM=
AjHFKRayrkPvnDEyvtwOk30pOx2/MjCr8A8JxXdfGtCMN4Sq1v3/wgMk0vKb2Cm15/6Jm85yC6IVq+Xv2w60Cw==
eIFnM7hO73bxrIgtAXWcIGsWx7IXWwJ7z4XtWadIz262IBCayMtZGR+rmlwUkzQWHqkfrvsgwu6z7Gl5vxr5Z0bmqw6t7zWzM3q0Bw==
XzDD2Mn4DuANcJpQgzOSnPctNglVOD0TPI8UR9ypi1QRI7M1QvbE406zandPkbNOUz1zmQBdQU3SACHT//fMCZ4tdbQO
9Sa933Kc5OEficzXQJpsBfctNglVOD0TPIsWSdypi1QRI7M1QvbE406zandPkbNOUz1zmQBdQU3SACHT//fMCZ4tdbQO
Zk4uLyuy0DoYeSPs414heuX9Hq/Nsaz9g3TBlanJ5g9A5+6b7fwtbj6ojQ1xNQWrCeFqGLfq5g4veCQvZfjcg8IoQ84lEUM6eRzQewsV2IZhieUeJXGBh/zW6oAdCl18XYC0CucPtEpHupY3L1Y7Yw3O8rsz11NRIyT1A9w3Q9pzbPIKS/Cp7dd2aaNeGks65WNFl4umtNM=
cF2N8ClKLYwmrf6ihZsA69G70I+EsA6KxURPr7Y22NeUzQh2D/EfrTqQ13IKqEeGydcDmGHxIhz70OHdHZUncLQJ
QwL6eXKiMdYOQ2KSJCzXuptYPfnBkJTgpMbEyIDU3lWlrx72h6NMM0bMsiEd3ycl6LiXEI7J+8c6eslNHMzoiO+yA7OEUAn39EG116jB0JLz9nMXCyVje21gMaVGBO25Lxq0tefTjLuTtvDhLnNmLSHJEDYWG6U1oQbR6Zk5akmDxQAkS4P1M14h/Lm/tMQ=
Agoz7sb4mAOEWOUKZIpUySld1vo8sT8wEDoMD3CO6dQUHX2Wli7e34zSDVJ/wTfc/9gnCuow1w5JX5MAAQlS1LsY0eU9jTd4tAE=
ZupuWZ7NnTNyneJD3zhegpyzTw1KpHa8NZdfPKyFLM6+mdZMJwQ87vO+ipIeRCnpyy1xpKqO52G9GRFlQwDo1E201QNUR4eDlRVfhuso4ibjROnR79LZb1bO66Y9Z5V7Y1K0Lw==
HwoXww+nMhHemzejk2NqxjHe5PvT8cM9bd3TNrhiRmGEUl4WDWXH+KO1gUJbRB/lHPVaIXV43ZNcSzZJPGnr1LFjUzUiNmRjrvMKd2/RU84z/VOZ4B3hzXJAwdPfN2yJfm1VtC4=
7OVWH1z6FwzM1eO1zHr8YCy9lQathGIWMZ3jiGd9LSL3zJt1uC0GYamguYNYQ1pp0KGvZFXbL7XejgDTartmV4PZV97XpQ9ZPEVFXfbIbTNzfyh5WhVptBI=
oE6rkOH0kNL+ZwjbjpJg5MkSiGRQhmA3s5FmFjWV/5iLRUkCE5S3hYRlwqHt6EUzNJv+CXRZA/TJU6s1WgacQ8bDwrcngbtuq23LGXiNeS3aEAkTl0dEaUYdbbQW
jgIEI+HUfmFy3Q3dUNJ2zOAhp0FhtEEthJFmFjWV/5iLRUkCE5S3hYRlwqHt6EUzNJv+CXRZA/TJU6s1WgacQ8bDwrcngbtuq23LGXiNeS3aEAkTl0dEaUYdbbQW
Jemr8xo4hKtT4CxnMTFBcPrAoBn2jzM/4JazGXkAHcm/smU4IR0iiWTBSwTja+I3iLmCFVUsDx/t9RxKWpuQjzSHUa1tNo2B7XleYV81zDx/I2FLUnFAEWu0EA==
M8XmG3okeJvU0fyEEWB5AVA/hsxtcXzVZ+wELq8m/ij5dT8IMkEWd8W9sk7wzlX39K25JgZUt+xXu1mNX275LdMrcwJmz8zwrptH82ia6OMeEZzE6hNV15FcEKHckPFHfOFtB4DB+EIrVvun8+U7a2WACdXuhAUJVzq8pb+TNEsb1qgxxnMOffkpmEau230lqSYpWfG5wrm7pQg0k8ONg9aBpOmXtOw=
kThAlidioIL0ZiMLLh1rZyld1vs8sT8wEDoMD3CO6dQUHX2Wli7e34zSDVJ/wTfc/9gnCuow1w5JX5MAAQlS1LsY0eU9jTd4tAE=
Eyrc5kaX+eELSECSGrEvJ8h6o6hnuKqpwATC5ywZJS9gcwSNZIgMaF03Of9P9SuViWPmKCPBMtGUWlqWFdk2+l5cY+3hPJuizhvRsF6631mTrXO0wmL+byCu7E1euVBBUPuW5KuiB8lQ+iewwGLPXQ/M22PD7zmDDGHV19mXKEQqfPNa5UUcu1VttEpgjDBzs7sHBBbtaiDHa9p5OwvGQb5Ofc5di8VVjSdj2J+5COTjZYEieikJowLnvQ6+/UCzCLFv8b5qGGtLKW++/zUX2STVrf2OeKXzOy/wmfJl0bSq
EepADiXpruXrhdeiNkBCSE6Snp7Dn5E0LaTSxDhaaqOpGpChThMggbRxt4InLN8Ht6R77As2hVCJEcGNU2WYvvKGwEfRO8pn8Xrc81RwKSJfwMB3lEkXmVRXMeNH78HReRVgLiSAQdlwrDxN7EDNnl5I91Z5rhuV+05LRAm35EveEP6A4/sTPMdf5g0i38PCCfSwY1udmL7RIcVGtTmB/wy+ChjNAp3EbagU0vfHNLI3UvYvf957W71m0uOjn1Mp00wVmww/g2JDRFLSWzgpFaeeCbsOkgsCVctlzxvutKs=
8/2sYFKnlP8RGFktJVHVj/3gzraD0paY4cp1QPCS2PdmnJlFITn0ovODfCe1+rZS/UrHdXkvo3UIbkDPrPhBfzO3ZXw3N2jPcLrHMGCir10vjDDmZC9ZgywhNVd5V0hEyjxT2oWFPLu1LRTKAEwQc1P7p4R2LUogJyt6+VvL5kGejh1O/cslVa3nA1g/+ejkw6Xhotpp6aMiJ92OHr2gs2hxz3FeKjhrK+nPPh91N9lEFQ19bjiF81vvUBkSJfG0ig==
MLap+mQtiBGSBVv4Ymmz2sXSv8VuqDuJe64HyrCl1qvIBgA9U3j/N341kUrzk7UpRQXYMRdEVtwdkNhFYkNk8pJrCbKoWt/OJLZmp0x9BYSIPi/JJ1ezhhXPBbbKVhbkNZA7qbqO7Jrnv60NEpmMeeSFHqQh5vXM7s27IDJIfqMfrP0pNsOQQSgTx7fRqlwa09iklezOaLPOD6ca7A546t1YFCotnnK98T2K9bSKwWc7Db/SIGJhOx+ES6IMv5V0XpbQY/UV1zGUODOuLGbQJdVRCsnAtge+e8W3KiQS4dxMFBB15v5QCNWnPFYSeJ3ko/ww5F8RXXHvPllnP3bLWcwfWroPBXP1uI5Qj1xYEX9jF5U8J9fYT6Cat/Dx1pBDXyyiqVfPCQPcASWXyTeYRJrc45qVpUw7ZU0kCpDs4HNjGzfEhg0aoJdLajkrazZBTi5tju2rldX9x/MYrxnY5DMFcWLqCTkjUgfNzq5d8LO4EX+xTgrI63sJ/36P1UfZdHWdvR4YVXPrD0BZ4oWhtNo=
g/fe/P2EMAnHSOgxyejF1Ko9pxtdZByKd1Un1BDgcbTR2HUl0bpsHig+kegBjXiN/gxHNmuiUFSyGYV/h54pjjRNl6wLWlGTf66WGWSRawU7RkRN9OCdVgkIbvhtospT4IV0gApELTsAZyJ6zTqh+38vGYEvsVDwWK6Eow98/AseDZPKViINV627WdUB8LvYrF8a1tKrgd3Qk5vjbcAmNfiruqgCK+7sUDnFrI9dGR0sosee51BmsRz6s5IGzD51KSaEyyxPB1S7POkpakTi5aATZZAbRR0xaDzWFueQ1j0k8sx5Du9x5/BbMMhVK3p7Hr4ERtYfkA4vhrkifB47hqA46ZllBR7u69htxRznA9Xekv/mnRqolkmj5w14UEyooMOTqvYd7RaBwvsBM3L74BF7ZL+2jK6EW1czaE8jFmn60wN2ISggpyNx+KqZnfViLXWBi+Si2pz1Lj0QZVRkNq9LdIafDuZrh7Kbz3VaYke7U9Pdu9BFn7STozbLOKK2gzTpoY9CmX92fmsWHXdV64OitN8=
50A13eUF3Z+UJwErYqnJ0WZpaBfsBcG4zYVQDfrp72tqhC5X3WDx56BO+mJFJeTYQNPebmLLLoegeVQ45Rsae2SBZLdf5Xgmn3jEWTI353mHNwENGOakp68wMv0C2ASycH8KEbMEPlJpETFb1bbTY5MubJoghAOcHfHsImoqgfN7FRT1urlS6Zg896qT/Ojh7XiUxMjDqWDbMSDvVvFOn1Fvl8ZqGuW04k16Qg4DCCOxAsrCzopr1LJye7J0jZdxXG0y5nenDWG5yvYuB4uZKB36KrOjFGhadvtjuREB8jQldmoKZqVjPUwR1rphjr1pIbKC3te8ehg2LbBS1riz6+pOFBSrJBWQtnyJXTtB6RIPP5n6fTl603yiGSm1Rd4CxlcaNCd/VXvT5LFbvv9mtqHo1xomI+mgBPEB4w8zuk3zD09bLoSssOWCQ+kqi+PhclK24NYTVdeRXBCh3JDxR3zhbQeAwfhCK1b7p/PlO2tlgAnV7oQFCVc6vKW/kzRLG9aoMcZzDn35KZhGrtt9JakmKVnxucK5u6UINJPDjYPWgaTpl7Ts
NGoXSbDcUIgxZVcx6H7gSI3I6O7gGZlDZugHn4ERMjTg4w+2zFvrfmwypnGq1cgIS9EosKqt5sBtPIGV6Xz4omixNUcUtYeXkDMsOOZd5S4PMuNSv+m2+2kSfOk3exDD9DW7SVNyRHGMpG36gZyOJDXG2l/I8bR8ssCd18gzAmbVHvE3l5uZPdd1INxQuuT/15hsh7b507ZuJj075W/5SZlUa5TEaxrqqu9xcVgHez81pDY50N96VLqvXgCYbeWwl3lJ0cQWRyIflBadFO7Tzt4orvmB0sS3FEs3OPPoSbXy4DKpyCdlrGMB7Z3gqDbKv/TGMQyGDIW2a8ELOA8Q1E0PKrf2CoT6LtvgIieS2X6k+qsKCMyp5V0BLoKjDM1ZhEPTmbam/9rlXlg6wTcH0SA0XKSIt1NWTpld+kmW2x0rVqss+c/kA05I3qhTQ1M0l8eG5VInQwoZLBDLa6VYNgE5JS5FQYG3nOYqMH263cw9MHQ6hz+0eieKVodP5rvTbX4yi1PnU2FDFDWzvIfDahPcMjorwKndt0apEz6qy4qF04Wn65a04w==
NGoXSbDcUIgxZVcx6H7gSI3I6O7gGZlDZugHn4ERMjTg4w+2zFvrfmwypnGq1cgIS9EosKqt5sBtPIGV6Xz4omixNUcUtYeXkDMsOOZd5S4PMuNSv+m2+2kSfOk3exDD9DW7SVNyRHGMpG36gZyOJDXG2l/I8bR8ssCd18gzAmbVHvE3l5uZPdd1INxQuuT/15hsh7b507ZuJj075W/5SZlUa5TEaxrqqu9xcVgHez81pDY50N96VLqvXgCYbeWwl3lJ0cQWRyIflBadFO7Tzt4orvmB0sS3FEs3OPPoSbXy4DKpyCdlrGMB7Z3gqDbKv/TGMQyGDIW2a8ELOA8Q1E0PKrf2CoT6LtvgIieS2X6k+qsKCMyp5V0BLoKjDM1ZhEPTmbam/9rlXlg6wTcH0SA0XKSIt1NWTpld+kmW2x0rVqss+c/kA05I3qhTQ1M0l8eG5VInQwoZLBDLa6VYNgE5JS5FQYG3nOYqMH263cw9MHQ6hz+0eieKVodP5rvTbX4yi1PnU2FDFDWzvIfDahPcMjorwKndt0apEz6qy4qF04Wn65a04w==
CJvN/jvGW8npwwic4RkoP7JjNC3i6qW5sIy7MbZHSRotcOwfdD6peaA8PmnXj6ms+pYEQqGsVKII/SH/Dmh2DJjnK8IbqieLMBTjM6LnFQAPhh2TA5Fr5d7jpfPEx2AGNSRF1r7CCbTSUdzrVKr+gmVprJmS4EmMWVkjYdlL+5c4wlSwlNkrqiRJYqNzIOKkhcVBBSmPxQaDurBRGtzGzakvHM3LWYlWvrdERRoCdm0mPnxH9baLa2E/8GyH1LP2jgOQZCNooppmt9UI5KEYSQ9G1wIZ8y4yWgc8neUaj6O1QyTiBiyDhs4/GJzsU/opObVcpYBS0Z2C2ULwxIwCOfg8I5ipWFjI48Tclglz0YOWfAdmHZ/YETu3wpz/7Il8gGSF/be3nMbUKhwtMwCCWyXErbzLGzdEg8LNtST14ipGNtfJo5LrdU6rBv1jHBUuKLVPTwhw3etNgLH7AQFwRHLuufDtKgFCfDSTJVSsa8iuOStMK1Xx7Jrl5x0TF2/2La24jbNM7+569P+aCUs7xBHtmsAbTNmBbYmfrLTV
hH1bnUVSV90jel9cY8I9F51V23Bq2Cejqn0Lnd7i/B2+f5H78Tth1Bw77frLsBL6att163BontnCk0B10ATEL/BjZEOWZTuR0ZF7l//XXbwGN5ukg1D4HT9cxaPHzwh12c0z1cHXdQd4MADqcS9M7nSCLBWzOLLzjuj9JIsDZ6zjKr1NJA2Swibeh9HjCrtd7gM2xeMkJYaInZ/XyGgNg63oQYMBeYAskoZp6C2y0WrcnKMd1JRbYA4Re9RrTaEE+g2X5RPvHx5NReiV89S/xtpcz6KJcwtsscVKWNtUCemN4W/UtK0=
BlK+L1Pk5yt2PTavhIqQAZ1V23Bq2Cejqn0Lnd7i/B2+f5H78Tth1Bw77frLsBL6att163BontnFkUB10ATEL/BjZUOWZTuR0ZF7l//XXbwGN5ukg1D4HT9cxaPHzwh12c0z1cHXdQd4MADqcS9M7nSCLBWzOLLzjuj9JIsDZ6zjKr1NJA2Swibeh9HjCrtd7gM2xeMkJYaInZ/XyGgNg63oQYMBeYAskoZp6C2y0WrcnKMd1JRbYA4Re9RrTaEE+g2X5RPvHx5NReiV89S/xtpcz6KJcwtsscVKWNtUCemN4W/UtK0=
qWhM+MlYsTCI+RKOyBw4p51V23Bq2Cejqn0Lnd7i/B2+f5H78Tth1Bw77frLsBL6att163BontnCk0B10ATEL/BjakOWZTuR0ZF7l//XXbwGN5ukg1D4HT9cxaPHzwh12c0z1cHXdQd4MADqcS9M7nSCLBWzOLLzjuj9JIsDZ6zjKr1NJA2Swibeh9HjCrtd7gM2xeMkJYaInZ/XyGgNg63oQYMBeYAskoZp6C2y0WrcnKMd1JRbYA4Re9RrTaEE+g2X5RPvHx5NReiV89S/xtpcz6KJcwtsscVKWNtUCemN4W/UtK0=
FM178zRUKUzdQFv/8cYJhJ1V23Bq2Cejqn0Lnd7i/B2+f5H78Tth1Bw77frLsBL6att163BontnFkUB10ATEL/Bja0OWZTuR0ZF7l//XXbwGN5ukg1D4HT9cxaPHzwh12c0z1cHXdQd4MADqcS9M7nSCLBWzOLLzjuj9JIsDZ6zjKr1NJA2Swibeh9HjCrtd7gM2xeMkJYaInZ/XyGgNg63oQYMBeYAskoZp6C2y0WrcnKMd1JRbYA4Re9RrTaEE+g2X5RPvHx5NReiV89S/xtpcz6KJcwtsscVKWNtUCemN4W/UtK0=
ekP/9tF7TmfbuldNCoy6rJ1V23Bq2Cejqn0Lnd7i/B2+f5H78Tth1Bw77frLsBL6att163BontnCk0B10ATEL/BjaEOWZTuR0ZF7l//XXbwGN5ukg1D4HT9cxaPHzwh12c0z1cHXdQd4MADqcS9M7nSCLBWzOLLzjuj9JIsDZ6zjKr1NJA2Swibeh9HjCrtd7gM2xeMkJYaInZ/XyGgNg63oQYMBeYAskoZp6C2y0WrcnKMd1JRbYA4Re9RrTaEE+g2X5RPvHx5NReiV89S/xtpcz6KJcwtsscVKWNtUCemN4W/UtK0=
BDT4rRjjEszW4OgXOcOPqp1V23Bq2Cejqn0Lnd7i/B2+f5H78Tth1Bw77frLsBL6att163BontnFkUB10ATEL/BjaUOWZTuR0ZF7l//XXbwGN5ukg1D4HT9cxaPHzwh12c0z1cHXdQd4MADqcS9M7nSCLBWzOLLzjuj9JIsDZ6zjKr1NJA2Swibeh9HjCrtd7gM2xeMkJYaInZ/XyGgNg63oQYMBeYAskoZp6C2y0WrcnKMd1JRbYA4Re9RrTaEE+g2X5RPvHx5NReiV89S/xtpcz6KJcwtsscVKWNtUCemN4W/UtK0=
ircUvfaUd9cT9IXZcU+XUJ1V23Bq2Cejqn0Lnd7i/B2+f5H78Tth1Bw77frLsBL6att163BontnCk0B10ATEL/BjbkOWZTuR0ZF7l//XXbwGN5ukg1D4HT9cxaPHzwh12c0z1cHXdQd4MADqcS9M7nSCLBWzOLLzjuj9JIsDZ6zjKr1NJA2Swibeh9HjCrtd7gM2xeMkJYaInZ/XyGgNg63oQYMBeYAskoZp6C2y0WrcnKMd1JRbYA4Re9RrTaEE+g2X5RPvHx5NReiV89S/xtpcz6KJcwtsscVKWNtUCemN4W/UtK0=
hddL9+9n8PfZlPBJSeDPsp1V23Bq2Cejqn0Lnd7i/B2+f5H78Tth1Bw77frLsBL6att163BontnFkUB10ATEL/Bjb0OWZTuR0ZF7l//XXbwGN5ukg1D4HT9cxaPHzwh12c0z1cHXdQd4MADqcS9M7nSCLBWzOLLzjuj9JIsDZ6zjKr1NJA2Swibeh9HjCrtd7gM2xeMkJYaInZ/XyGgNg63oQYMBeYAskoZp6C2y0WrcnKMd1JRbYA4Re9RrTaEE+g2X5RPvHx5NReiV89S/xtpcz6KJcwtsscVKWNtUCemN4W/UtK0=
Ob83D/jU89kgiccnbH/WPp1V23Bq2Cejqn0Lnd7i/B2+f5H78Tth1Bw77frLsBL6att163BontnCk0B10ATEL/BjbEOWZTuR0ZF7l//XXbwGN5ukg1D4HT9cxaPHzwh12c0z1cHXdQd4MADqcS9M7nSCLBWzOLLzjuj9JIsDZ6zjKr1NJA2Swibeh9HjCrtd7gM2xeMkJYaInZ/XyGgNg63oQYMBeYAskoZp6C2y0WrcnKMd1JRbYA4Re9RrTaEE+g2X5RPvHx5NReiV89S/xtpcz6KJcwtsscVKWNtUCemN4W/UtK0=
FVzirboHi69kVoMBsUWMKp1V23Bq2Cejqn0Lnd7i/B2+f5H78Tth1Bw77frLsBL6att163BontnFkUB10ATEL/BjbUOWZTuR0ZF7l//XXbwGN5ukg1D4HT9cxaPHzwh12c0z1cHXdQd4MADqcS9M7nSCLBWzOLLzjuj9JIsDZ6zjKr1NJA2Swibeh9HjCrtd7gM2xeMkJYaInZ/XyGgNg63oQYMBeYAskoZp6C2y0WrcnKMd1JRbYA4Re9RrTaEE+g2X5RPvHx5NReiV89S/xtpcz6KJcwtsscVKWNtUCemN4W/UtK0=
l7B+On5WmfwG2PhTnWLvfZ1V23Bq2Cejqn0Lnd7i/B2+f5H78Tth1Bw77frLsBL6att163BontnCk0B10ATEL/BjZEKWZTuR0ZF7l//XXbwGN5ukg1D4HT9cxaPHzwh12c0z1cHXdQd4MADqcS9M7nSCLBWzOLLzjuj9JIsDZ6zjKr1NJA2Swibeh9HjCrtd7gM2xeMkJYaInZ/XyGgNg63oQYMBeYAskoZp6C2y0WrcnKMd1JRbYA4Re9RrTaEE+g2X5RPvHx5NReiV89S/xtpcz6KJcwtsscVKWNtUCemN4W/UtK0=
1Aegj0dntw6TrdRuQf0h5J1V23Bq2Cejqn0Lnd7i/B2+f5H78Tth1Bw77frLsBL6att163BontnFkUB10ATEL/BjZUKWZTuR0ZF7l//XXbwGN5ukg1D4HT9cxaPHzwh12c0z1cHXdQd4MADqcS9M7nSCLBWzOLLzjuj9JIsDZ6zjKr1NJA2Swibeh9HjCrtd7gM2xeMkJYaInZ/XyGgNg63oQYMBeYAskoZp6C2y0WrcnKMd1JRbYA4Re9RrTaEE+g2X5RPvHx5NReiV89S/xtpcz6KJcwtsscVKWNtUCemN4W/UtK0=
99mJejUDtH9WoYEhWLBPpZ1V23Bq2Cejqn0Lnd7i/B2+f5H78Tth1Bw77frLsBL6att163BontnCk0B10ATEL/BjakKWZTuR0ZF7l//XXbwGN5ukg1D4HT9cxaPHzwh12c0z1cHXdQd4MADqcS9M7nSCLBWzOLLzjuj9JIsDZ6zjKr1NJA2Swibeh9HjCrtd7gM2xeMkJYaInZ/XyGgNg63oQYMBeYAskoZp6C2y0WrcnKMd1JRbYA4Re9RrTaEE+g2X5RPvHx5NReiV89S/xtpcz6KJcwtsscVKWNtUCemN4W/UtK0=
ek2jpKY31y6S0GMM+AHrG51V23Bq2Cejqn0Lnd7i/B2+f5H78Tth1Bw77frLsBL6att163BontnFkUB10ATEL/Bja0KWZTuR0ZF7l//XXbwGN5ukg1D4HT9cxaPHzwh12c0z1cHXdQd4MADqcS9M7nSCLBWzOLLzjuj9JIsDZ6zjKr1NJA2Swibeh9HjCrtd7gM2xeMkJYaInZ/XyGgNg63oQYMBeYAskoZp6C2y0WrcnKMd1JRbYA4Re9RrTaEE+g2X5RPvHx5NReiV89S/xtpcz6KJcwtsscVKWNtUCemN4W/UtK0=
Tdl4r4+VYadLNythB+JlSp1V23Bq2Cejqn0Lnd7i/B2+f5H78Tth1Bw77frLsBL6att163BontnCk0B10ATEL/BjaEKWZTuR0ZF7l//XXbwGN5ukg1D4HT9cxaPHzwh12c0z1cHXdQd4MADqcS9M7nSCLBWzOLLzjuj9JIsDZ6zjKr1NJA2Swibeh9HjCrtd7gM2xeMkJYaInZ/XyGgNg63oQYMBeYAskoZp6C2y0WrcnKMd1JRbYA4Re9RrTaEE+g2X5RPvHx5NReiV89S/xtpcz6KJcwtsscVKWNtUCemN4W/UtK0=
oI9c76QHTIKLJ0RaTRF4451V23Bq2Cejqn0Lnd7i/B2+f5H78Tth1Bw77frLsBL6att163BontnFkUB10ATEL/BjaUKWZTuR0ZF7l//XXbwGN5ukg1D4HT9cxaPHzwh12c0z1cHXdQd4MADqcS9M7nSCLBWzOLLzjuj9JIsDZ6zjKr1NJA2Swibeh9HjCrtd7gM2xeMkJYaInZ/XyGgNg63oQYMBeYAskoZp6C2y0WrcnKMd1JRbYA4Re9RrTaEE+g2X5RPvHx5NReiV89S/xtpcz6KJcwtsscVKWNtUCemN4W/UtK0=
YS+Qh3Iw4PXLt2Hc6nBqbp1V23Bq2Cejqn0Lnd7i/B2+f5H78Tth1Bw77frLsBL6att163BontnCk0B10ATEL/BjbkKWZTuR0ZF7l//XXbwGN5ukg1D4HT9cxaPHzwh12c0z1cHXdQd4MADqcS9M7nSCLBWzOLLzjuj9JIsDZ6zjKr1NJA2Swibeh9HjCrtd7gM2xeMkJYaInZ/XyGgNg63oQYMBeYAskoZp6C2y0WrcnKMd1JRbYA4Re9RrTaEE+g2X5RPvHx5NReiV89S/xtpcz6KJcwtsscVKWNtUCemN4W/UtK0=
CXTLKFd+OU8HWddv+P/cwZ1V23Bq2Cejqn0Lnd7i/B2+f5H78Tth1Bw77frLsBL6att163BontnFkUB10ATEL/Bjb0KWZTuR0ZF7l//XXbwGN5ukg1D4HT9cxaPHzwh12c0z1cHXdQd4MADqcS9M7nSCLBWzOLLzjuj9JIsDZ6zjKr1NJA2Swibeh9HjCrtd7gM2xeMkJYaInZ/XyGgNg63oQYMBeYAskoZp6C2y0WrcnKMd1JRbYA4Re9RrTaEE+g2X5RPvHx5NReiV89S/xtpcz6KJcwtsscVKWNtUCemN4W/UtK0=
yF+ms4qlZyxsmT6Ep8+Dg51V23Bq2Cejqn0Lnd7i/B2+f5H78Tth1Bw77frLsBL6att163BontnCk0B10ATEL/BjbEKWZTuR0ZF7l//XXbwGN5ukg1D4HT9cxaPHzwh12c0z1cHXdQd4MADqcS9M7nSCLBWzOLLzjuj9JIsDZ6zjKr1NJA2Swibeh9HjCrtd7gM2xeMkJYaInZ/XyGgNg63oQYMBeYAskoZp6C2y0WrcnKMd1JRbYA4Re9RrTaEE+g2X5RPvHx5NReiV89S/xtpcz6KJcwtsscVKWNtUCemN4W/UtK0=
ZhAWkz9+/GJqhKuhj46j9Z1V23Bq2Cejqn0Lnd7i/B2+f5H78Tth1Bw77frLsBL6att163BontnFkUB10ATEL/BjbUKWZTuR0ZF7l//XXbwGN5ukg1D4HT9cxaPHzwh12c0z1cHXdQd4MADqcS9M7nSCLBWzOLLzjuj9JIsDZ6zjKr1NJA2Swibeh9HjCrtd7gM2xeMkJYaInZ/XyGgNg63oQYMBeYAskoZp6C2y0WrcnKMd1JRbYA4Re9RrTaEE+g2X5RPvHx5NReiV89S/xtpcz6KJcwtsscVKWNtUCemN4W/UtK0=
z64HZBLd6z5KNuRbNecfelOs+N9hxj0QH651Soy0pjmNPA3vs5Eh7PNZA6fPO3wdKHFancojp7ywZFadM7pMfnckM65NnAh16vUxWK/C6qFmRqNnnyvUxha3rumXtS2tMzWG7SLtbDYB34N2TwD9fydTsOmpkQvJwctNWwisuHaR83SyBJ8Axm3kCmb/tEX4ax9fsJN2BdGkkSqeVsK/zQPWAwGen44ZI/gdmvjBpwso9LUf3bR5nwFluHDiGtF0zW7pNqyAm8EUSOP8fk3DCItRmRiKUS95k3OnQj1Z0IkTCAeaqsB3fkmvM3DBmXKEO8ixdf29V8i0sQ==
/5CHUZP7dW9+ptQASECoo51V23Bq2Cejqn0Lnd7i/B2+f5H78Tth1Bw77frLsBL6att163BontnFkUB10ATEL/BjZE2WZTuR0ZF7l//XXbwGN5ukg1D4HT9cxaPHzwh12c0z1cHXdQd4MADqcS9M7nSCLBWzOLLzjuj9JIsDZ6zjKr1NJA2Swibeh9HjCrtd7gM2xeMkJYaInZ/XyGgNg63oQYMBeYAskoZp6C2y0WrcnKMd1JRbYA4Re9RrTaEE+g2X5RPvHx5NReiV89S/xtpcz6KJcwtsscVKWNtUCemN4W/UtK0=
x6QXpPXUBV5cHlqADPkrdaJhi8Z8dje0YUtkJ7+jWhuH5sXFKF4Szvm18eA8OsEBDHQ/1RTwGaXWuaZuM/uXupBNXIJpdvMTNaJPxoDP1Cmd9+Zqqn6Q+rWxPnGpeyWTdD9qah5lPK1aQVrv9MxZZk2Z+h6VOEL2Jf1lmBmr8YsTkwZlp/87Q2IEYKgR8pfBliv/CQaCothaU1mvBQwkCUBwja8o0VmfTME02h9mr0+PBafDUdCdreLEiTFD6shNozOIY8+mXCkK80JljdnMbhJ7YU1ddj1hfXnOQS91PJwPo3HrArGQcdu0oA==
z64HZBLd6z5KNuRbNecfelOs+N9hxj0QH651Soy0pjmNPA3vs5Eh7PNZA6fPO3wdKHFancojp7ywZFadM7pMfnckM65NnAh16vUxWK/C6qFmRqNnnyvUxha3rumXtS2tMzWG7SLtbDYB34N2TwD9fydTsOmpkQvJwctNWwisuHaR83SyBJ8Axm3kCmb/tEX4ax9fsJN2BdGkkSqeVsK/zQPWAwGen44ZI/gdmvjBpwso9LUf3bR5nwFluHDiGtF0zW7pNqyAm8EUSOP8fk3DCItRmRiKUS95k3OnQj1Z0IkTCAeaqsB3fkmvM3DBmXKEO8ixdf29V8i0sQ==
x6QXpPXUBV5cHlqADPkrdaJhi8Z8dje0YUtkJ7+jWhuH5sXFKF4Szvm18eA8OsEBDHQ/1RTwGaXWuaZuM/uXupBNXIJpdvMTNaJPxoDP1Cmd9+Zqqn6Q+rWxPnGpeyWTdD9qah5lPK1aQVrv9MxZZk2Z+h6VOEL2Jf1lmBmr8YsTkwZlp/87Q2IEYKgR8pfBliv/CQaCothaU1mvBQwkCUBwja8o0VmfTME02h9mr0+PBafDUdCdreLEiTFD6shNozOIY8+mXCkK80JljdnMbhJ7YU1ddj1hfXnOQS91PJwPo3HrArGQcdu0oA==
z64HZBLd6z5KNuRbNecfelOs+N9hxj0QH651Soy0pjmNPA3vs5Eh7PNZA6fPO3wdKHFancojp7ywZFadM7pMfnckM65NnAh16vUxWK/C6qFmRqNnnyvUxha3rumXtS2tMzWG7SLtbDYB34N2TwD9fydTsOmpkQvJwctNWwisuHaR83SyBJ8Axm3kCmb/tEX4ax9fsJN2BdGkkSqeVsK/zQPWAwGen44ZI/gdmvjBpwso9LUf3bR5nwFluHDiGtF0zW7pNqyAm8EUSOP8fk3DCItRmRiKUS95k3OnQj1Z0IkTCAeaqsB3fkmvM3DBmXKEO8ixdf29V8i0sQ==
x6QXpPXUBV5cHlqADPkrdaJhi8Z8dje0YUtkJ7+jWhuH5sXFKF4Szvm18eA8OsEBDHQ/1RTwGaXWuaZuM/uXupBNXIJpdvMTNaJPxoDP1Cmd9+Zqqn6Q+rWxPnGpeyWTdD9qah5lPK1aQVrv9MxZZk2Z+h6VOEL2Jf1lmBmr8YsTkwZlp/87Q2IEYKgR8pfBliv/CQaCothaU1mvBQwkCUBwja8o0VmfTME02h9mr0+PBafDUdCdreLEiTFD6shNozOIY8+mXCkK80JljdnMbhJ7YU1ddj1hfXnOQS91PJwPo3HrArGQcdu0oA==
z64HZBLd6z5KNuRbNecfelOs+N9hxj0QH651Soy0pjmNPA3vs5Eh7PNZA6fPO3wdKHFancojp7ywZFadM7pMfnckM65NnAh16vUxWK/C6qFmRqNnnyvUxha3rumXtS2tMzWG7SLtbDYB34N2TwD9fydTsOmpkQvJwctNWwisuHaR83SyBJ8Axm3kCmb/tEX4ax9fsJN2BdGkkSqeVsK/zQPWAwGen44ZI/gdmvjBpwso9LUf3bR5nwFluHDiGtF0zW7pNqyAm8EUSOP8fk3DCItRmRiKUS95k3OnQj1Z0IkTCAeaqsB3fkmvM3DBmXKEO8ixdf29V8i0sQ==
x6QXpPXUBV5cHlqADPkrdaJhi8Z8dje0YUtkJ7+jWhuH5sXFKF4Szvm18eA8OsEBDHQ/1RTwGaXWuaZuM/uXupBNXIJpdvMTNaJPxoDP1Cmd9+Zqqn6Q+rWxPnGpeyWTdD9qah5lPK1aQVrv9MxZZk2Z+h6VOEL2Jf1lmBmr8YsTkwZlp/87Q2IEYKgR8pfBliv/CQaCothaU1mvBQwkCUBwja8o0VmfTME02h9mr0+PBafDUdCdreLEiTFD6shNozOIY8+mXCkK80JljdnMbhJ7YU1ddj1hfXnOQS91PJwPo3HrArGQcdu0oA==
z64HZBLd6z5KNuRbNecfelOs+N9hxj0QH651Soy0pjmNPA3vs5Eh7PNZA6fPO3wdKHFancojp7ywZFadM7pMfnckM65NnAh16vUxWK/C6qFmRqNnnyvUxha3rumXtS2tMzWG7SLtbDYB34N2TwD9fydTsOmpkQvJwctNWwisuHaR83SyBJ8Axm3kCmb/tEX4ax9fsJN2BdGkkSqeVsK/zQPWAwGen44ZI/gdmvjBpwso9LUf3bR5nwFluHDiGtF0zW7pNqyAm8EUSOP8fk3DCItRmRiKUS95k3OnQj1Z0IkTCAeaqsB3fkmvM3DBmXKEO8ixdf29V8i0sQ==
x6QXpPXUBV5cHlqADPkrdaJhi8Z8dje0YUtkJ7+jWhuH5sXFKF4Szvm18eA8OsEBDHQ/1RTwGaXWuaZuM/uXupBNXIJpdvMTNaJPxoDP1Cmd9+Zqqn6Q+rWxPnGpeyWTdD9qah5lPK1aQVrv9MxZZk2Z+h6VOEL2Jf1lmBmr8YsTkwZlp/87Q2IEYKgR8pfBliv/CQaCothaU1mvBQwkCUBwja8o0VmfTME02h9mr0+PBafDUdCdreLEiTFD6shNozOIY8+mXCkK80JljdnMbhJ7YU1ddj1hfXnOQS91PJwPo3HrArGQcdu0oA==
z64HZBLd6z5KNuRbNecfelOs+N9hxj0QH651Soy0pjmNPA3vs5Eh7PNZA6fPO3wdKHFancojp7ywZFadM7pMfnckM65NnAh16vUxWK/C6qFmRqNnnyvUxha3rumXtS2tMzWG7SLtbDYB34N2TwD9fydTsOmpkQvJwctNWwisuHaR83SyBJ8Axm3kCmb/tEX4ax9fsJN2BdGkkSqeVsK/zQPWAwGen44ZI/gdmvjBpwso9LUf3bR5nwFluHDiGtF0zW7pNqyAm8EUSOP8fk3DCItRmRiKUS95k3OnQj1Z0IkTCAeaqsB3fkmvM3DBmXKEO8ixdf29V8i0sQ==
x6QXpPXUBV5cHlqADPkrdaJhi8Z8dje0YUtkJ7+jWhuH5sXFKF4Szvm18eA8OsEBDHQ/1RTwGaXWuaZuM/uXupBNXIJpdvMTNaJPxoDP1Cmd9+Zqqn6Q+rWxPnGpeyWTdD9qah5lPK1aQVrv9MxZZk2Z+h6VOEL2Jf1lmBmr8YsTkwZlp/87Q2IEYKgR8pfBliv/CQaCothaU1mvBQwkCUBwja8o0VmfTME02h9mr0+PBafDUdCdreLEiTFD6shNozOIY8+mXCkK80JljdnMbhJ7YU1ddj1hfXnOQS91PJwPo3HrArGQcdu0oA==
z64HZBLd6z5KNuRbNecfelOs+N9hxj0QH651Soy0pjmNPA3vs5Eh7PNZA6fPO3wdKHFancojp7ywZFadM7pMfnckM65NnAh16vUxWK/C6qFmRqNnnyvUxha3rumXtS2tMzWG7SLtbDYB34N2TwD9fydTsOmpkQvJwctNWwisuHaR83SyBJ8Axm3kCmb/tEX4ax9fsJN2BdGkkSqeVsK/zQPWAwGen44ZI/gdmvjBpwso9LUf3bR5nwFluHDiGtF0zW7pNqyAm8EUSOP8fk3DCItRmRiKUS95k3OnQj1Z0IkTCAeaqsB3fkmvM3DBmXKEO8ixdf29V8i0sQ==
x6QXpPXUBV5cHlqADPkrdaJhi8Z8dje0YUtkJ7+jWhuH5sXFKF4Szvm18eA8OsEBDHQ/1RTwGaXWuaZuM/uXupBNXIJpdvMTNaJPxoDP1Cmd9+Zqqn6Q+rWxPnGpeyWTdD9qah5lPK1aQVrv9MxZZk2Z+h6VOEL2Jf1lmBmr8YsTkwZlp/87Q2IEYKgR8pfBliv/CQaCothaU1mvBQwkCUBwja8o0VmfTME02h9mr0+PBafDUdCdreLEiTFD6shNozOIY8+mXCkK80JljdnMbhJ7YU1ddj1hfXnOQS91PJwPo3HrArGQcdu0oA==
z64HZBLd6z5KNuRbNecfelOs+N9hxj0QH651Soy0pjmNPA3vs5Eh7PNZA6fPO3wdKHFancojp7ywZFadM7pMfnckM65NnAh16vUxWK/C6qFmRqNnnyvUxha3rumXtS2tMzWG7SLtbDYB34N2TwD9fydTsOmpkQvJwctNWwisuHaR83SyBJ8Axm3kCmb/tEX4ax9fsJN2BdGkkSqeVsK/zQPWAwGen44ZI/gdmvjBpwso9LUf3bR5nwFluHDiGtF0zW7pNqyAm8EUSOP8fk3DCItRmRiKUS95k3OnQj1Z0IkTCAeaqsB3fkmvM3DBmXKEO8ixdf29V8i0sQ==
x6QXpPXUBV5cHlqADPkrdaJhi8Z8dje0YUtkJ7+jWhuH5sXFKF4Szvm18eA8OsEBDHQ/1RTwGaXWuaZuM/uXupBNXIJpdvMTNaJPxoDP1Cmd9+Zqqn6Q+rWxPnGpeyWTdD9qah5lPK1aQVrv9MxZZk2Z+h6VOEL2Jf1lmBmr8YsTkwZlp/87Q2IEYKgR8pfBliv/CQaCothaU1mvBQwkCUBwja8o0VmfTME02h9mr0+PBafDUdCdreLEiTFD6shNozOIY8+mXCkK80JljdnMbhJ7YU1ddj1hfXnOQS91PJwPo3HrArGQcdu0oA==
z64HZBLd6z5KNuRbNecfelOs+N9hxj0QH651Soy0pjmNPA3vs5Eh7PNZA6fPO3wdKHFancojp7ywZFadM7pMfnckM65NnAh16vUxWK/C6qFmRqNnnyvUxha3rumXtS2tMzWG7SLtbDYB34N2TwD9fydTsOmpkQvJwctNWwisuHaR83SyBJ8Axm3kCmb/tEX4ax9fsJN2BdGkkSqeVsK/zQPWAwGen44ZI/gdmvjBpwso9LUf3bR5nwFluHDiGtF0zW7pNqyAm8EUSOP8fk3DCItRmRiKUS95k3OnQj1Z0IkTCAeaqsB3fkmvM3DBmXKEO8ixdf29V8i0sQ==
x6QXpPXUBV5cHlqADPkrdaJhi8Z8dje0YUtkJ7+jWhuH5sXFKF4Szvm18eA8OsEBDHQ/1RTwGaXWuaZuM/uXupBNXIJpdvMTNaJPxoDP1Cmd9+Zqqn6Q+rWxPnGpeyWTdD9qah5lPK1aQVrv9MxZZk2Z+h6VOEL2Jf1lmBmr8YsTkwZlp/87Q2IEYKgR8pfBliv/CQaCothaU1mvBQwkCUBwja8o0VmfTME02h9mr0+PBafDUdCdreLEiTFD6shNozOIY8+mXCkK80JljdnMbhJ7YU1ddj1hfXnOQS91PJwPo3HrArGQcdu0oA==
mZSABO5zpc/NVUQ0AKZzcu30EN7vEL8e7QSGYeHZy+Pvww8mu48p5hbFKiCoy/ddiU+DkjbezIhcoW7AiTnHrfd21rF7IHfv/q4Lo92ejWh4TlS1lk+VilFtowKt2AuW0pa44IOF9vC129IjHuRUHpGaF32d6DXxYYKQLDbKhduopNUPHQQZrwFV2MAiCrEkTb7JJmxwO7EUuEOMPl3jWAuBeQjK4c9Jk0NH8n1JMFmTWCeK6rDXjk/ek44BiVJUu5jRZT0NN/i0gQ==
l3fJYM/LVCLdU93tLkjcT4PwVTDmIvfmCaMfKWpxSmWWVP8ZmiUM4eHsVktm0KRaxAxsEBnbWUK/KmjHR/x0es6V+2yqu3Mec+3+qAeZxZD5ekh4SN9+UbGoMYvP2JX23+QCwIQqy3uyMnWdHlnGquDM4WxL1zW20ZPBJDy2TiQRaTgyKYWVup0tgdNUerqERbb9CFXMBO6fE/Ter9aG87eqW1fFQgKfCwvThQsIJYcEC2Mu+6DCbrNsb/i/lPnnRmarjq1vNTMz+rSH
/H9QhUnuer1Dk8efkenqgy10e7mzaUMDdkNsBWSQGZ1Hvoglm8eboz7UldEu09Un8R3WrUUVMMpvUi8Xm30vYAFYLP+n9W5+LY0mUQEHEeDF6jgCuOcb4d41l1G3kT96DdYd5yJUUVW4NEayW/7H6XFJ0Cm/54Cx0SaZagX/EuAfG1LZQ9vuQZaeBW7V+x2V9TdruEcJYGRLFVkCcjkx49pXNe4GraizYGHXkTbaQKtzOWeep8W/X81l+x2GaF2zY994OQo1+bSC
WpX5G2AcshlI/t5ci+dAfy10e7mzaUMDdkNsBWSQGZ1Hvoglm8ebrj7Uldwu09Un8R3WrUUVMMpvUgMAm3QzbhZYLP+n9W5+LY0mUQEHEeDF6jgCuOcb4d41l1G3kT96DdYd5yJUUVW4NEayW/7H6XFJ0Cm/54Cx0SaZagX/EuAfG1LZQ9vuQZaeBW7V+x2V9TdruEcJYGRLFVkCcjkx49pXNe4GraizYGHXkTbaQKtzOWeep8W/X81l+x2GaF2zY994OQo1+bSC
5ekDEcU7Trxn3tTPrp3dajs3l7KLR7nl87zGbJYnrTaiCHVG+6Rem1Wu/NCvFiB4oPTWAEqm+CsGslv7SOqBYxd78Sw2953xbH4viRxZG3Pj8PfeIurCAznB/FFtOW2lDap/IkcvGBCTFXpw/HoBCrU5w/0KQUWDIhFzwuOCn0ugcO1vyFH5X2zBFBq/5k+P7wVHg/FQPe3CxOlxo2qojYMzqKNvJrzpavOiJe1ZbC4ye0ENvfZdoZ1/74GB9Zxcb6ORq2IxMDH7tIA=
NZlOr8r57W3CSFES4Bs+ci10e7mzaUMDdkNsBWSQGZ1Hvoglm8ebrj7Uldwu09Un8R3WrUUVMMpvUi8Xm2MyYQtYLP+n9W5+LY0mUQEHEeDF6jgCuOcb4d41l1G3kT96DdYd5yJUUVW4NEayW/7H6XFJ0Cm/54Cx0SaZagX/EuAfG1LZQ9vuQZaeBW7V+x2V9TdruEcJYGRLFVkCcjkx49pXNe4GraizYGHXkTbaQKtzOWeep8W/X81l+x2GaF2zY994OQo1+bSC
O65Oqyi9cnvwqnMEWbqgTjs3l7KLR7nl87zGbJYnrTaiCHVG+6RellWu/N2vFiB4oPTWAEqm+CsGskr9Sv+Fdxd78Sw2953xbH4viRxZG3Pj8PfeIurCAznB/FFtOW2lDap/IkcvGBCTFXpw/HoBCrU5w/0KQUWDIhFzwuOCn0ugcO1vyFH5X2zBFBq/5k+P7wVHg/FQPe3CxOlxo2qojYMzqKNvJrzpavOiJe1ZbC4ye0ENvfZdoZ1/74GB9Zxcb6ORq2IxMDH7tIA=
yRWc63H2H+WhdjMTFhbbkqwaHeyzmF+5MIwJ6TSvVjQb/OoMCjjax+4uYJNvPN6e4k0ol7fkq5ud5qUx7KWSmcKnQypr4f6sD6XVhIGWaFxgg44laeRxT4ckxSJnSOKkbLZ7zyq+9RmW5VY+GKBByOMLRUKJXwFg9MqecClFWNZBmaWOhSGB11xGqpA9Wt0sfZD0mkdftBrnKtYnDwa7My3esiuTh1MBg7S1E/xnw4pTfLKa66CvvHfoKbN+SstqxXMFByv2tIM=
LmIHOTxd5Cbjjl6M4EaKEqwaHeyzmF+5MIwJ6TSvVjQb/OoMCjjax+4uYJNvPN6e4k0ol7fkq5ud5qwi5riSm8KnQypr4f6sD6XVhIGWaFxgg44laeRxT4ckxSJnSOKkbLZ7zyq+9RmW5VY+GKBByOMLRUKJXwFg9MqecClFWNZBmaWOhSGB11xGqpA9Wt0sfZD0mkdftBrnKtYnDwa7My3esiuTh1MBg7S1E/xnw4pTfLKa66CvvHfoKbN+SstqxXMFByv2tIM=
Ff2exe10ishB+H0vdiu4qLQQFzSvtOLUXVP3jr/B3Y0r+moOJiIxg1hjrWqWA/bBa2ON03qhat+1aJBRAzkh/VZsNo3VWb5FaxR/6/6qA5fNauVMWGq8wUZ73U4Rqeu2fazjMnIy0BQTMX50NV9al44QPLoxPv8JTVx9NSFG2Bjmvm3/iIC9+w0wEasBUdD0Mv7ZAG2aIVK8RHN1VHwLOO4pC/yrJRH8WlVHzRPHz0btvVj9M/zP/joEn0oPGtu60f26cJu8uZEtOT/8tIU=
dwDhW6cjhY2seqF5vYXJjHYE3SD07GeHmsdYCFaaYErYavv6pV/IBLga3gU+7Pf1JtGiS4rAuAtV7vRsqQDyavo/tOYL5mbln1dmoeae6U5QEWDvk8Aepeb4YIqcbxYZtwQ6WnUB3WOxljc7v95Q0uRER9ThQYD6zkolC9eFiH0+OdZhBKxb0jccTLkByOgMDIPtqOdBDDcy0aqnPX+Lzm4a4bz+XRZ66iNs+51y9gqKyq8czsKX6tBtMwnw/a5u8yeJ6SVaWtaj6z3wcUrW++fUrBJKC0/h9SGWDMlmdgJipWc1UAE6ggWuWTENQr6WE3w+UMqd3Ipy2BcTRt6InC+kkRgq7CUln6FNSuOP5TK5eT4bQNI18dFlOjqqRwY8I39Rc8/03WNa3wJujZjr0mJjLWh4Qe27q9MeNV+f09OqBCg4eRLvEY7rRzke4kqoktORn62sPPk4sJV/kPFxD4TB/Eo3Rhefl8XfM0lwNZ0qREFBq4rQfRvzkLO3RjS5QvOK9WW5ND4KO9l9RZZVkTX5hnGJ1STs9+Npu7qRuOGTtOg=
QHCZkhEFsOUl4u0Mq/GhhHEEjoXFgsXfHEYOxmtBi2v66q1Jzhu/AIdFho+Rn5rwiz0r4NHT0rvz1iIzs7pSehZyAKSlc85FuGyELhrmPrCCS/lo9DF0aPIeFuecnTWEuN7/iVf3Iwalr1V2OnYG5CVwC+nqLhwad98dzcK5/HkUpU7kkQZlTJ5ta+ACKG6jD4yNaeYjIMG4szd3gcpsGuO49FUcbvgzfu93WpwuaOrNOCTq/T4CPWHdOrXkqjFnSy1vEpAC8bvvJBviPF+FdE62IKOldWexBJhD7vyG4CXlsdqJsBaXPsul5+rUMvHcXPQgNbZeoIhFx4yWwljt5FPcYKTv8c3xn56Jpw8W21ncPyr63+XDdSguoE8MOCF/U3fF/Nd3SM8QemewgfaAQ09MkmmHb3mDTOGV15kXaETq/DNaJcXcu5XtdEqgDPBzczvHBNZtqiAH6xp5+4sGQX7Ovc6dCwVVTaej2F85yOQj5UEiuqnJo8JnfQ5+fYCzSDEv8f7qWGsLqS++v7VX3WFV4/3O+OXze6+wmbLlkbTq
QHCZkhEFsOUl4u0Mq/GhhHEEjoXFgsXfHEYOxmtBi2v66q1Jzhu/AIdFho+Rn5rwiz0r4NHT0rvz1iIzs7pSehZyAKSlc85FuGyELhrmPrCCS/lo9DF0aPIeFuecnTWEuN7/iVf3Iwalr1V2OnYG5CVwC+nqLhwad98dzcK5/HkUpU7kkQZlTJ5ta+ACKG6jD4yNaeYjIMG4szd3gcpsGuO49FUcbvgzfu93WpwuaOrNOCTq/T4CPWHdOrXkqjFnSy1vEpAC8bvvJBviPF+FdE62IKOldWexBJhD7vyG4CXlsdqJsBaXPsul5+rUMvHcXPQgNbZeoIhFx4yWwljt5FPcYKTv8c3xn56Jpw8W21ncPyr63+XDdSguoE8MOCF/U3fF/Nd3SM8QemewgfaAQ09MkmmHb3mDTOGV15kXaETq/DNaJcXcu5XtdEqgDPBzczvHBNZtqiAH6xp5+4sGQX7Ovc6dCwVVTaej2F85yOQj5UEiuqnJo8JnfQ5+fYCzSDEv8f7qWGsLqS++v7VX3WFV4/3O+OXze6+wmbLlkbTq
2WlUEP6EW3aH/ZMTW6wMcxsZ/lsMbQb8zT+zwAk9qLZj9CVTqAbdlZAgF1JKwISknuS3gF1INzk+sSoHV42LXDPf1qDvy47TmXOCPhVwAHJxkZ1pT5wPHrpkX6oKf5taUZ36kJsc+bGtGX9ctCU=
XVXb4bD63We+UGhQuf4vvsfXeQQlnlnVSt2I1GohwHvxW44sW3RTaVRnz4W0SLe4atnC3gM9KOPdsKmQPXsBEzqfgBSkLTsfgal+YFE8+PkNC1ziX6FarO5kOeplP3Lgf9vyWeObDkF23qXudTt9lZX3CzjnSUBkq1W5gtJ5EeP6l1VuZm2Is0AhNxHWmmCrU/nHHscF31ropVudZii9s4Of2Lmq9Zm04g==
BKs1PxPdpi2DawAMYYM+I1UuUueUikKiP5NYcoZmzX+Y0O7e6dv5RjlH2iJAzb8jeniX9ZNifvDc/jlE2w3pUcDPF9Z/rldXfEIOjeEKDV3mRKunvPGKAIZGHRfIqI3DrajBwwE5AGySxukoLXJRqtxcI93U1NsgDlH7lGsNIcT6zRclEy+f3k2FaNXzlD+G2hxP4oq3i6KxBcqY25SJqY2h75S07Q==
z7+ag+XZg35g6WJvYysem+uO2RMt2ShHZoPXbQEO0Brfy+i6xi49J7go/tbp0+m+GR8qagAFD3uawAd9E+ruSLwmiQwbxZmJ4LcH3n+mRy9cmn5FIUK9hYb8Oy88eRq4Zh6t34jgfZuNUNHLATEQlLKeGWBtuuHyPOSzVVRcS5huiUvcq8VRHNq1By0TJ4+mbV0YHTPcj166pN9qCj8bGlFdelCb3HnxrVn/nLTl
tXgNMi1KSk/5+kTW6NHc7BB10lyo2g+NgU0HYYoAKX3qIMc9/IjWIDEtsC761OnN1aRhCR548CsjkfLmIx/z1LKy5BBdfssL1UOo8cOcv3g79eTMiheRrNEvLprfjZyHhgL+aDltGG7xEQXWVUmBr6wOSgit8h0UTZjUQhe3NOKX4rY/Hy77i51WEnND71N5c/xVi2zPA7JjdJJCu0gqQQcgSatuYovSdfulX/uetPs=
ipfNGwDUCtbk41gcyMU/0P/4oRElyaLofUgnhaxAlnjBBZDW6tzp1eVMATHOMDDzUzlSnrOXc0wC2gSoDbaLUyVriAnTlL9gCx2E9FpfUXShh47iTwUcHzZqHtBppVg2ATklLkVBgbec5iowfbrdzD0wdDqHP7R6J4pWh0/mu9NtfjKLU+dTYUMUNbO8h8NqE9wyOivAqtm3SKkTPqrLioXThafrlrTj
Ue6piFxKp5Y887XStL5lwIzecwN1ilzOU8vbk3A6127xW44sW3RTaVRnz4W0SLe4atnC3gM9KOPdsKmQPXsBEzqfgBSkLTsfgal+YFE8+PkNC1ziX6FarO5kOeplP3Lgf9vyWeObDkF23qXudTt9lZX3CzjnSUBkq1W5gtJ5EeP6l1VuZm2Is0AhNxHWmmCrU/nHHscF31ropVudZii9s4Of2Lmq9Zm04g==
hXbCBj+oCeHzwzG5y5WWeP/4vB0j27nhTUgnhaxAlnjBBZDW6tzp1eVMATHOMDDzUzlSnrOXc0wC2gSoDbaLUyVriAnTlL9gCx2E9FpfUXShh47iTwUcHzZqHtBppVg2ATklLkVBgbec5iowfbrdzD0wdDqHP7R6J4pWh0/mu9NtfjKLU+dTYUMUNbO8h8NqE9wyOivAqtm3SKkTPqrLioXThafrlrTj
m85nZpbBmD9jiG6xmCSZjxggGbmYCniS1YbVuVdZci3VX8rGrxfQ5iYyBTvINMbK6c/RomkDEnbgWTen6hw/IdO2VpTM+jFQ+1khFZArv0L/Ov+zLAbG2cEeBVn2IINz/CUiZBbClYNo/EWH/Uzp1wEtKIjCgiF8jebZLkw4iwmUAPNEHlXzgEtZ6YCqKb+xk7s3Oh3BoIHTgDeCynhnNspjI8YhgUIMe8BB7d1Fx4C0+Q==
eNv5TP7Cs3nYBqoawhpWfxImfxsWOp64/41+KhV099GUrPZcKRmgIvLQ6dHtsBElNhwQF3tloqrrWzMIymZUfLXaa/dN9zh9Sxg/5INhFGAi8/EQCVv+VpdJ3Nt+Vs6EUUk4EuklFdpdTYGzlBo6JIWW/SgVbIQO3/P0Pu82BlP3ilt3BeKC/8tr0+XLaKUnxCtjDrsAQo7zjGod/3R5RwZGq65tz7VT85q05w==
jH/2kkSiRUAS4peg+LATOBMvYgwQOdeqr4NiIBA1w5+Ytv5JKRmgIvLQ6dHtsBElNhwQF3tloqrrWzMIymZUfLXaa/dN9zh9Sxg/5INhFGAi8/EQCVv+VpdJ3Nt+Vs6EUUk4EuklFdpdTYGzlBo6JIWW/SgVbIQO3/P0Pu82BlP3ilt3BeKC/8tr0+XLaKUnxCtjDrsAQo7zjGod/3R5RwZGq65tz7VT85q05w==
51RgGeX8Af/gQFxfxISoJc7RUkHLkaU+ij8oliEVVX1vSIfaqgD3Pkprsz7BWfJEO4gxtf391wi0cQ==
08mrzqob5350FJW0FSRNMI9d8kREad3BNHTEIZs7jcWZZlk5Qbo2mQXleJSjQ50jhsH0yQe0fA==
N25QREAVNtB53WPm/B5/zR+zeuFcYXO7qSFU1IL+N7/9P08j3jWEAqvpTz6fdbfawBWDfe44BfPb79AZkiVxtAo=
1vjJKr2UaImQH0QCKk+bkZcBvR3SSuonovc+c4uISPXl7yg6kSUYe15Heb1lFrVRlfriMalVxCwX48n72hGYIXO0CA==
VB82jNzM6xw9EDbpp5avmzYhPAqwJDDm9gMU2HBjGo/KPpSxy//twgMk0vKb2Cqx5/CJm85yC6IVq+Xv2w60Cw==
51RgGeX8Af/gQFxfxISoJc7RUkHLkaU+ij8oliEVVX1vSIfaqgD3Pkprsz7BWfJEO4gxtf391wi0cQ==
08mrzqob5350FJW0FSRNMI9d8kREad3BNHTEIZs7jcWZZlk5Qbo2mQXleJSjQ50jhsH0yQe0fA==
w5ZGLWS57f/K8VCACbxxhao9pxtdZByKd1Un1BDgcbTR2HUl0bpsHig+kegBjXiN/gxHNmuiUFSyGYV/h54pjzRNl6wLWlGTf66WGWSRawU7RkRN9OCdVgkIbvhtospT4IV0gApELTsAZyJ6zTqh+38vGYEvsVDwWK6Eow98/AseDZPKViINV627WdUB8LvYrF8a1tKrgd3Qk5vjbcAmNfiruqgCK+7sUDnFrI9dGR0sosee51BmsRz6s5IGzD51KSaEyyxPB1S7POkpakTi5aATZZAbRR0xaDzWFueQ1j0k8sx5Du9x5/BbMMhVK3p7Hr4ERtYfkA4vhrkifB47hqA46ZllBR7u69htxRznA9Xekv/mnRqolkmj5w14UEyooMOTqvYd7RaBwvsBM3L74BF7ZL+2jK6EW1czaE8jFmn60wN2ISggpyNx+KqZnfViLXWBi+Si2pz1Lj0QZVRkNq9LdIafDuZrh7Kbz3VaYke7U9Pdu9BFn7STozbLOKK2gzTppY9MmX92fmsWHXdV64OitN8=
0jjasg3kYZHvecZqooik1wlfU3p/bRAztGrCxMy7vHTo0UYelhJvPvUBcY1AdQ0MS310M4M8QF73OwzsM43MwYxJgjDKN2na1c/TJUe9oHWvnu5ytA8u6Y8EAqpNYfWTedZ/6xe+yEJ8xN9EeeHoKgYKbTs/pfBNxjmuUfyMM+L/3ATp6WhwnJQDdTh/oaRn+hHi1xWfs75WGtnMxr0+CqLjpKs1km6aEko3jFZif7qYrfs5mN1WXosncdlderLm66v1IBnqTmt/VDSC0mvnMb1hXvzhBk7yWqVfxWhhEnLN7hHhpSImBov8psBSPbRauphfI67+8KzXpOko0sxNFVdhBRoLL32iIfmmi9gynaEZpXJKgqc+TBt/aQP3FPUTEh/KPiV4c0L647X44OEF6+MT1gU3vyvj0gTQCAEyByHGq4/pdkLSOApTCQ81zJQpcPBdj7iRSf+8wcS6DyY/b1+Fl+PhEK0NssTZ0TMquK3Ts9iDX2ZMibrz8sWdmVwOwvuRLa02zQGteRrhETWMvD8jIcuScYCRq7TQ
8YaMrqShDPl1d4/jnTEAKvctNglVOD0TPI8UR9ypi1QRI7M1QvbE406zandPkbNOUz1znARdT03SACHT//fMCZ4tdbQO
mp/tM/uOO4AmD2ptBnreQ960on7k8Htjj9JZRVtuXVGCZyJcNnQqq3AgxZrypg60MRm4wgkVVar9nYFjNGp6FGVGfXh1XET+f6P0bk/GxmOX2tun5dLCj2u70zVrGOUXJPvjXtswgn5T3GxNX4S5d2YWK36N//UjU0q0Nw==
C8v4fcYnPC8fnC5wS5ovb/rAoBn2jzM/4JazGXkAHcm/smU4IR0iiWTBSwTja+IzireCFVUsDx/t9RxKWpuQjzSHUa1tNo2B7XxaYVE1zDx/I2FLUnFAEWu0EA==
BSn8C9KRb5h9lJWLUT4ynOAhp0FhtEEthJFmFjWV/5iLRUkCE5S3hYRlwqHt6EUzNJ/8B3RZA/TJU6s1WgacQ8bDwrcngbtuq23LHHyNdy3aEAkTl0dEaUYdbbQW
aMLklsPyAfi/vFK/4SAGiMkSiGRQhmA3s5FmFjWV/5iLRUkCE5S3hYRlwqHt6EUzNJ/8B3RZA/TJU6s1WgacQ8bDwrcngbtuq23LHHyNdy3aEAkTl0dEaUYdbbQW
dt0rOxXHwGSVf7cclh455Cy9lQathGIWMZ3jiGd9LSL3zJt1uC0GYamguYNYR1hn0KGvZFXbL7XejgDTartmV4PZV97XpQ9cOEVLXfbIbTNzfyh5WhVptBI=
xrrn6DdN5aHnQbhewFt8qjHe5PvT8cM9bd3TNrhiRmGEUl4WDWXH+KO1gUJbRB/lHPVaIXV43ZNcTzRHPGnr1LFjUzUiNmRjrvMKd2/RU84z/VOc5B3vzXJAwdPfN2yJfm1VtC4=
DpBYw+Xz75ZCK+5fExWK7JyzTw1KpHa8NZdfPKyFLM6+mdZMJwQ87vO+ipIeRCnpyy1xpKqO52G5Gx9lQwDo1E201QNUR4eDlRVfhuso4ibjROzV79zZb1bO66Y9Z5V7Y1K0Lw==
bCjwEznGPK6a+AoX8ro5RBEMbyIkGII8A88xR6uytoFTKX0gASowCMg+c3p2xc42DvFd+QxpRVm0dLKK3ZwnZtZ+P/UjUD36Qfc+gPNTViknYzJBSiZhntGz8fXZPy8o41GcJPfNPRK2sd3D9p+xXiLVdDM8mfMhspJsix+xI45DnQOctL1fjUJgcVMPF3xJ7o2ltN4=
JOEcuS+R7xf7GA99VSHkzwl+bz9ce25+TeGGoEQFOva3uedQLrXOPFEuKcXx5ApvievfN0sw48mJ2Sxxv2yiBHlox3oq4LceQ0tzXkH5MmQ7aHFVfV0XaLQR
zZcdxSFCrt2QWJKJRxiCW9PLyRgQhfdiZRSKLEWD28NihRGnB0Eb7sut6xOczdetutBpE7cHpOnm3Q20dg==
zZcdxSFCrt2QWJKJRxiCW9PLyRgQhfdiZRSKLEWD28NihRGnB0Eb7sut6xOczdetutBpE7cHpOnm3Q20dg==
DDOgsy39u8xjiykUTDVkyb9O0TBsn0ZKcAtAnn8NWi/h3kLUnHpOUDLSetGrM55nIz7H8oWWsNeIuuGGzVR2DVdN/Sr+oGRn/YoNGV4sWhEkdRXzMUkSV3l6naZABoIIwifH4krlpknSv2FeOgBG8MDHCDwB5kA=
