Biv7sR3lQpdz9s2l0dBoIXH6/5p989rz67uDvf66SY00ovWcFYmKeB8bUZ4iJ3dtB9ErnciomtokhqozX8PDFLIldsC7Y37JP1MqQVIWeX75g7m1ke/HyFvB5KRPXcWyHuGVgz5vWX46pWwzJGnrAdriJEvXYYsuOw27HU0t7u0qMLmTxydUKfa9vbTG
N9Ks0yTIVOtyWBh0tJLtxlp5Fz12WgZpbif5Yiwx3HUBntVYAtZXRWgirXmW2prIjc5c+q1VcRR30mvjPJDRBxxhjcegwdiCy9ab59Pl2ysFAKkVzoRlSbe6HOWfk9SLu1YI8SZzbj1ZqTgGzttd5QmmSZkRvef5HCXo9PPDrUM2AcSpt7TM
9R5alEdQUkY3WjY+sunM5oKyv/vqWHBJFt2Yh4RQRSQAQN7K/FbMDSBDbl8S8p2DzLmX14xsKEOLjuxChffnUUKUROtcytSA7lY7HXzSmREPf2TgmZ7oAgEVHSyDAv+LgHDNL2jRGR+MwfRaX2bvz88FZ0OR0F0tosTJsQPqCM1jM0jjj6YcqUrzguVN2QzuUnshzR12/eG9fQvBaHV8HE+jsWvCsVDxm7Tg
uavszZegg9RUAhghCjOkA40+I+tYXgbzYW/XnApbtjArHV4u8w5GBG4geuc4ZIWmypI+mBk9mN4RAUWm9ZmBn8yeiviNop2krYiUMrdnNNL3cnbPP357O31GUgPjP1NJE2yVe0yfgwKDZNIyG5gtcGe5iVtOMgtilevlL1tOtMs=
1vNLzYgbLuOcoyuRJt7HFCwjOaDQXSxEL2grbhvU2Qk5DybTWTaL4WIvNryzue6SO9On6JYkavsQUMXqkvZO5JGpOHKpxZV6HW2Bk9S6usTF9v3I1QwErh/T9B4vloYzN2pbF0UCAl+LS9PFi8glx4RLY+57YMIuM6xtPD/d+SfGpqvOLS8187O6tMc=
ZYvrt2w+pirYyh7DkskaOywjOaDQXSxEL2grbhvU2Qk5Hi7dXzmKs2IvNryzue6SO9Kn6JYkavsQUMXqkvZO5JGpOHKpxZV6HW2Bk9S6usTF9v3I1QwErh/T9B4vloYzN2pbF0UCAl+LS9PFi8glx4RLY+57YMIuM6xtPD/d+SfGpqvOLS8187O6tMc=
9WMUlz59XN9ygZoDcRSn9Ula+JPq0QVekbo2aS5gehbmEaheLiFbHgxIy7GdlWtt+c78WkMjMZP5auwoGtZPtaCC1ek8H3P4la4UKlXVyUQ/8nMTFNC5l6SBRfe4wcCyAzYjd7ul89sdIOFFdgSdmf/aBNV3U3wbw/bAAT5zdk0RCcCWZps11RFGgclpPV8p1AXwhNsDRdOOYYyZr7TU
BX8Pwb15DKvjDfM58i9o8HZ8EeSJQSxEJ2o9fE/Z0BdrDyCaDXjes2IvNryzue6SO9Cn6JYkavsQUMXqkvZO5JGpOHKpxZV6HW2Bk9S6usTF9v3I1QwErh/T9B4vloYzN2pbF0UCAl+LS9PFi8glx4RLY+57YMIuM6xtPD/d+SfGpqvOLS8187O6tMc=
yvehZGGH3f1OyntrK11/5Sg7VrjcFyxELHUtex3Qw1l1DyXISDPes2IvNryzue6SO9en6JYkavsQUMXqkvZO5JGpOHKpxZV6HW2Bk9S6usTF9v3I1QwErh/T9B4vloYzN2pbF0UCAl+LS9PFi8glx4RLY+57YMIuM6xtPD/d+SfGpqvOLS8187O6tMc=
KyemMgvnr80SGyicl2nlXFM5LVAtcdntqbUJHph3ERPXX0/yaoTMFpmZpprjJd2v9ZQjdvImQ7WfiNlqxX9S4F+bktkDWy5BVh5FbhV7XZW1t6u4B4kgZIuVGQKyufHjmtf17sYt6LOg4ZeRdlqAqzO5J55nRf9dCeUyHcbonbOjXzg5yrW5tMI=
0FJ7/lZ/RMVXyy4ycOpUpmaOwf7EWghXTR1xivt3vve7TDEyls0mbfZ6f0M2XI+H157KjsIl9LJlTD5sNooFG6jkVU8dxJnvARVYACJKMWRNfklmbDC7cRT4w0w+nWMYC0H5yMqhT4mTg8eyfYmwmZMYp0rqcFfOTRoTxwHJ0pS72FElPc23uLTB
voVAzijysbgjEjT3fw4XOzlbEW+h2Umn1cYwrqoIWdCGVtPN9LLBAfC+/5AhfuAyaZW13IsihzsYsPU/MHGRz6TB3IrXxrff98X/8+nwVd0KRKGBCwqwvfvzsPPXxpR5ovPqtcU51P4qO7k9pRb10VX9o7FgVYSs1+OJexoR2KGztMg=
0Yr5RSXJNVJxBL3C31k/uvSxexo2+Z7d5NrS3CAj00NkkWSrlTpQwI5W290cUjnRLn5HIHkeiELhFT1sI4Jfy+BwLe8IUbnfrMHUmv/mjw8vBQcDMVD9bYLEKfFjaugNQzNoIy8mfGmq8+KlrVmsrnJ7AY199h0h3X0rAcj13Nyvo9ErIjHwsbu0wA==
0Eozh9xNMrZ8M2e115vsSpcwLqm8vUKJhEQ9EogI5Y81ZyzPHxj6tlsr3J/0myg5tKlpuPH0s55CmgWBoBRAWqszqTQ2rJtcUuqZrf0ObJVihlijqSTFs+puZLVr19dk70r7Kgovy0PK/64AloudJFQYG5ZiI0aI0rEkfKBbNsRJ5xqNpVTaG2Xnr8lvp+zncEV4eLLW52XYYp3ZoF6KaF2OjNo9VeF0p5K7gywQIWfsIX2nUMEo4juWa4cjZctL1UB5dV6E9Wln+sxFjxPkK4sWuNGWc94d6WkIpv5bTUVZZhm5gb13GUzluBTjQ92jRsG0Sce0vA==
TqTs0vhPmasmeLbWRO4j4+35EqfIhf/njUmOhbOAhQ0T3dK13Ok+fD3tyxJndk+rAfVhO9qztigbVT5WY6eG3Z4oWt9oDAU+elreYAkV2IZhieUeJXGBh/zW6oAdCl18XYC0CucPtEpHupY3L1Y7Yw3O8rsz11NRIyT1A9w3Q9pzbPIKS/Ct6NdxaaNeGks65WNFl4umtNM=
hWkZApKnhN7hu4b0JQlr9DnGeL3FBSKz0In/44VVnnGL7KUp++Gi4QQlfjh1MRumH9qvT6mJ0a9CPzask8muIttLJnn2lKoLMEDF+rIGjlTxObjiSXXVCj19gYP0yvp0JWZ9WLW8xF4/w/QOD2ZGg1f624elskIvq1vT1au4ZXdk2+N+G9AC3hO8bSwfLTmXpjYrXs2fdYOTqrTX
zXwms3wPyqGDSXCyDSxVeZaDssY6T56+Nl4Of2IH1hrsDWMtUEFqLnSasu6JB4LvC4lFN6YD8m1K7FiWDXFqyp895E4gLH8Gfo63davg1VoZh4ZAKwMuCc9zOkFCNom+qeMpNWFPd4gL4RSkfz2Vcu4BJQOuz4m+CsV8MzSJ20GKQrTLZwH7buvtix09DT4tmpDJE1fHhGmGna201g==
FTLjaeX7zm8+SWqIaaEB6JVgCDhCoNEbOrncj//hgVuWa5f6tdvPn5oLKENeGpEfc5zj7N8dfVeJ5Y75du7XB2Z4h532y4IqUqFc5iUYFmgmrk1PCHDd602AsfsBAXBEcu658O0qAUJ8NJMlVKxryK45K0wrVfHsmuXnHRMXb/YtrbiNs0zv7nr0/5oNTjvDEe2awBtM2YFtiZ+stNU=
0v5ov+atuQgkcnRgluUM/GBmCfWJSCxEL2grbhvU2Qk5DybTWTaLwWIvNryzue6SO9ql6ZYkavsQUMXqkvZO5JGpOHKpxZV6HW2Bk9S6usTF9v3I1QwErh/T9B4vloYzN2pbF0UCAl+LS9PFi8glx4RLY+57YMIuM6xtPD/d+SfGpqvOLS8187O6tMc=
wetbH/J/DNClStjFGVCzIGzZjKCWMEZVQRpwlt53qf3vD3Rm06kmbfZ6f0M2XI+A0ZDKjsIl9LJlTD5sNooFG6jkVU8dxJnvARVYACJKMWRNfklmbDC7cRT4w0w+nWMYC0H5yMqhT4mTg8eyfYmwmZMYp0rqcFfOTRoTxwHJ0pS72FElPc23uLTB
niSDVtg5Ws2Qcycv3xUnEK9z/8nLIY32RinOmXaOl6fmmEe38aTCitJBnMYlOFYIpg6NrwhQnYvNIHEbAeGw5PKO+dDtysHi/FTTBVSMqygumWssK3UxDBpFp30Tdy9WrU14rbMsr076FD+6DW57o5FNWiAbbJnh7SlfTLQ1
n2D0dfIQa2tEdvtYAvuyAeQVMSDMbxOixix4li0xCko//Q9JD2zfhh7Ol3VLIHXaecfmQAvDzolvM1pBInYpPkkjCTUBDxcIqyH0pF999fJOQQUDTg8pPmqFXDMUSTvBKgLUy0fBW+4LLasdXU2erXpQKRN3h+TpJl1NtDY=
0lbgNYtCc/+KrVZbbwNgNK1z/9jJN4n2RinOmXaOl6fmmEex8aTCitJBnMYlOFYIpg6NrwhQnYvNIHEbAeGw5PKO+dDtysHi/FTTBVSMqygumWssK3UxDBpFp30Tdy9WrU14rbMsr076FD+6DW57o5FNWiAbbJnh7SlfTLQ1
WLV9ayWhZ6sVCx117NKrb+QVNzbQchOixix4li0xCko//QlJD2zfhh7Ol3VLIHXaecfmQAvDzolvM1pBInYpPkkjCTUBDxcIqyH0pF999fJOQQUDTg8pPmqFXDMUSTvBKgLUy0fBW+4LLasdXU2erXpQKRN3h+TpJl1NtDY=
yRMp+K8l0z4PaY7eP4B1meQVNiDCdxOixix4li0xCko//QpJD2zfhh7Ol3VLIHXaecfmQAvDzolvM1pBInYpPkkjCTUBDxcIqyH0pF999fJOQQUDTg8pPmqFXDMUSTvBKgLUy0fBW+4LLasdXU2erXpQKRN3h+TpJl1NtDY=
2V5wvKQWte/jKPFRDVRPM5RSde7NhJTq5cHV0aGdm0utix6o1OYTdGb4jEgK1l9VkMKFScac7JglbsQKJdX5pO+yA7OEUAn39EG116jB0JLz9nMXCyVje21gMaVGBO25Lxq0tefTjLuTtvDhLnNmLSHJEDYWG6U1oQbR6Zkzb0mExQAkS4P1M14h/Lm/tMQ=
NFXBcAzllx48Xbt8qEO3KROvNB/H9nEMYTQqGOYO+AAofv17YztcQJvb7KK5mhKk/QrBWSSuE6CeVss9LBJJcZ792IApXthiERUNDHPCjytw8F2PuJFJ/7zBxLoPJj9vX4WX4+EQrQ2yxNnRMyq4rdOz2INfZkyJuvPyxZ2ZXA7C+5EtrTbNAa1zG+EYNYy8PyMhy5JxgJGrtNA=
TiT4apUvw6atUf3gzlANe1A/hsxtcXzVZ+wELq8m/ij5dT8IMkEWd8W9sk7wzlX39K25JgZUt+xXu1mNX275LdMrcwJmz8zwrptH82ia6OMeEZzE6hNV15FcEKHckPFHfOFtB4DB+EIrVvun8+U7a2WACdXuhAUJVzq8pb+TNEsb1qgxxnMOffkpmEau230lqSYpWfGzx7m8pQg0k8ONg9aBpOmXtOw=
TiT4apUvw6atUf3gzlANe1A/hsxtcXzVZ+wELq8m/ij5dT8IMkEWd8W9sk7wzlX39K25JgZUt+xXu1mNX275LdMrcwJmz8zwrptH82ia6OMeEZzE6hNV15FcEKHckPFHfOFtB4DB+EIrVvun8+U7a2WACdXuhAUJVzq8pb+TNEsb1qgxxnMOffkpmEau230lqSYpWfGzx7m8pQg0k8ONg9aBpOmXtOw=
GJJBVZb+tEk63Ycu4hFhauXCx8TApoo7Dv7A4+Pp2DUe5mtjrj2BvGh4onoPWyMNWJJPFVP5GKn4G9CN4c7OmhzbcYeTp9wmVIvIQi3gwvirom2cy/t35AOiDZUk1SJKxpaXKaOyKxXOC0YdY3zVjqhVD28IEB1LzWDx2wEhMKTyTnmQ7QpBovyUU0VUTCtoLlnrbCu1sUwahSc9Ezevlq0N+G2zbC+O+lS/egsv+2ORDdrgGywZIe1p34y09Q==
1aB404mbIw94NOLZd6jYm0cMGbPNA013HCgUR3WSGYoqlr97/KOa0T6W9KJdyc42ohfVjAtYP988PRxUmX0oezZecKz4unhhOaB7QAAzSquY6i9QmNIn3ac8jUfJ/wFDVNFdt2FHQETCLEu6bfXE+219vGq4/Jjz2wvfZB79EuAfG1LZQ9vuQZaeBW7V+x2V9TdruEcJYGRLFVkCcjkx49pXNe4GraizYGHXkTbaQKtzOWeep8W/W8hl8h2GaF2zY994OQo1+bSC
wN5xU77XoKbInuJbECXKSxkJ/pai3AFF1aA9Uz1pLgzqDepKfRIEQFQrsJXf2Wtt8sz4Xg05YcOYPpwoGtZPtaCC1ek4H22glb1ZdEv93Hk/8nMTFNC5l6SBRfe4wcCyAzYjd7ul89sdIOFFdgSdmf/aBNV3U3wbw/bAAT5zdk0RCcCWZps11RFGgclpO14p1AXwhNsDRdOOYYyZr7TU
XwKI8fdQN3ym7wym7E6I/hPWg9/O3pQsLaTIxSJQaKWBNtK5Wgt7wfxSmJE9LYtIvZUm9AU94AjCQJzyBmOFvt2BkEzLNZl2xTzH5ksxKCRH3oE3nG9fwB5DIvVH36PRJhxkDn/Bae5w5HBrzC6phAMfoBM05FGGpX1af0r7tlDrPd7Os6ZEevYA6Uom2q3TN7K+eFmdmL7RIcVGtTmB/wy+ChjNAp3EbagU0vfHNLI3UvYvf957W71m0uOjn1Mp00wVmww/g2JDRFLSWzgrEaeZCbsOkgsCVctlzxvutKs=
2DO9MTur3iBtKjLCm1u9UyBQz2tr09hnhNT/8NrspTQCa/vrCYsYGstGObuCedl5iOHJycjvEms6JHsWmrb7NWcYccqdDxqgl0tqOStrNkFOLm2O7auV1f3H8xivGdjkMwVxYuoJOSNSB83Orl3ws7gRf7FOCsjrewn/fo/VR9twdZq9HhhVc+sPQFnihaG02g==
ATATiajJXDYZwoW7yGZFC5n2Kg1W7WlcFDFGCERNJTInykldUrwQCG95o+QZ9//w1Tv2J3M9InoSkbz2JQh2WOZ+7T+IwD07DfCR6wERUDQyPllAbVqhkrwE8zVUvIv47mmLvKvlkbxaFccNEwdPBu392D0zvE++OsQfigtfW/PRPTqwm/w5US35v7y0xQ==
pgG24+jzNfh3s6Js18kvxxHwceNAc3KpuDEXxJ2rN7XGfkhz0iuOF6vpTz6fdbfawBWKfe44BfPb79AZkiVxtAo=
MTYZI9AzR2w9JLtnUYKsl+X9Hq/Nsaz9g3TBlanJ5g9A5+6b7fwtbj6ojQ1xNQWrCeFqGLfq5g4veCQvZfjcg8IoQ84lEUM6eRzQewsV2IZhieUeJXGBh/zW6oAdCl18XYC0CucPtEpHupY3L1Y7Yw3O8rsz11NRIyT1A9w3Q9pzbPIKS/Cq6ddxaaNeGks65WNFl4umtNM=
dU3mFFlLJ6KglRObEs6EJunX12u6PRI/nF9QL63dmqereXqjWzkW7kys5YNdlk+0GBfIB0NoQ0YWuH/ZYBO1eTrG4FI+R9DBtPnlBXaxJncySzK9M5SB0CVOBBOXRRisj5fcB/Zfo9jnknsDbBBh5ywhPSeQwehie5arB2Nli8sVQDn1HoQ16Sf6DMVPE6SrSxZ4UdZzHp2paUgmPlsNxRlm2TnBuraZjOX4lCNDHSMGwXTJh7T8
lOLuZ0KD+9MluunyKUr85hJUMwZqWYenqEhm5JKF0riO/eT3hm/T7/QQCZB4zfHXsKbFQV6MGiastormLijLipbpRcAcpLaTcrKjBmRwpzmDZ8QJ/zODZQOcuGsbhEbIvbEBn/iSdZzftHEuR+lc6DMs3UleulH3QKCq2H1HTLu74fF9cIMPmv/kSxTNbhZhgeZV8VZIcyt8/VKMtmpF+6hEFW+d5FmPAXWYIKJqccRNngmG7ND70RRYAyy+/aN4C+E56EqBD2mTY4eS/alwOZN4ZypqEJduSrtTJ4EpknS7eBEFve132LSh
0iYtOoXKni3e+amt20ntIaDHztqKzbJXXIngk5Jm59FFPvKjNdbV7r2aYbrsrc4nbdgtfa2ZzvscslYH9KRdawO4w75NJmM2EwUCPxUgWk5G83K61icclI4xJ3hzFisubyfYHxxMFyPWLj7Qk3T/5lq8jwKK18sLMeWK+Nu0SQkNwa+0tM0=
ha2E75KP6bm0wHr8y/8P904mKxY3c8f9s/AKPph6ERPaXyCUBO3bH+Hp3uDxfJj57cs8Yv9heqyOpNlqxX9S4F+bktkDWy5BVh5FbhV7XZW1t6u4B4kgZIuVGQKyufHjmtf17sYt6LOg4ZeRdlqAqzO5J55nRf9aCOUyHcbonbOjXzg5yrW5tMI=
PsqRdxFUFK34OUPER4U+znH16IF45svO67uDvf28SY00ovXzfueMBHhlX59lYSJwXcQ8mYmTkNIjqb5sSuyFGqkndsC7Y37JP1MqQVIWeX75g7m1ke/HyFvB5KRPXcWyHuGVgz5vWX46pWwzJGnrAdriJEvXYYsuOw27Gkwt7u0qMLmTxydUKfa9vbTG
dU3mFFlLJ6KglRObEs6EJunX12u6PRI/nF9QL63dmqereXqjWzkW7kys5YNdlk+0GBfIB0NoQ0YWuH/ZYBO1eTrG4FI+R9DBtPnlBXaxJncySzK9M5SB0CVOBBOXRRisj5fcB/Zfo9jnknsDbBBh5ywhPSeQwehie5arB2Nli8sVQDn1HoQ16Sf6DMVPE6SrSxZ4UdZzHp2paUgmPlsNxRlm2TnBuraZjOX4lCNDHSMGwXTJh7T8
Fs5lNn/+z4RpbO1FXcR+ADZmA/GJSGVeJXQtbA7a+Vk0SmuXDRe43Qs4P8TDwZSAYpPx8Mk7fvZXadz7vvZO5JGpOHKpxZV6HW2Bk9S6usTF9v3I1QwErh/T9B4vloYzN2pbF0UCAl+LS9PFi8glx4RLY+57YMIuM6xqPT/d+SfGpqvOLS8187O6tMc=
OxdpM8T4GJGcX7m6qVAMKFA/iMRpL3nSertQIeBf3wDDXQwnAWgWdsn8/Um13Uzg6ay5Lwkdt+hbhRbmX2P0Q84sanF138/1sNgf4DaJo9cyWrH99ExA+NdSC6PckPFHfOFtB4DB+EIrVvun8+U7a2WACdXuhAUJVzq8pb+TNEsb1qgxxnMOffkpmEau230lqSYpWfG6xrm8pQg0k8ONg9aBpOmXtOw=
s9jgUy+7Aqei3SCN1n9PVXiXKlYwZ3Qd4H0BOwNXxo+0eGlPGR2nyAtFxkbP4wTjvuyaUQXfP9XAmO9ARgkzd2IaYd3kTFAYhxLbQ0wQQafMoV3nsMHIohsWS0dDZauLtcBZNf6EFSmHeuwFLxNE6+uW2BE2c35dCeno5l5b7YV55nl54brW2WxlWFQDQz3jZkGUiae03A==
MsPR6SOBXb8od9TNK9jCbB9RJG9tAIgxV8UgQbC2o45TK3s9RSwxLZxyPTM2l+QkYJVHn30ROlC1NPTZwcM4cts5BuwyfD36Qfc+gPNTViknYzJBSiZhntGz8fXZPy8o41GcJPfNPRK2sd3D9p+xXiLVdDM8mfMhspJsix+xI45DnQOatL1WjUJgcVMPF3xJ7o2ltN4=
zUkkeO5CWx3SgtTCd/Gs7qICD28adnpdb5oJScb6zlIUILI+L7LV9EmgYWdPkbNOUz1zmgRdRk3SACHT//fMCZ4tdbQO
gq7Ug9+o7a/fSnBs5DJyZKMCD28adnpdb5oJScb6zlIUILI+L7LV9EmgYWdPkbNOUz1zmgRdRk3SACHT//fMCZ4tdbQO
aYB1ShVpjW/PgOCRMgU+caACD28adnpdb5oJScb6zlIUILI+L7LV9EmgYWdPkbNOUz1zmgRdRk3SACHT//fMCZ4tdbQO
wo+PkTI/sLpk/zQFn8p/shZq66/TFsEv1g6ODbsytelaErqigLg+vqMqQYS9yP3H8znnnifFP1pIZXIdBmjds+Pf+DmKNXm0Ag==
qShQZjwtw9a/ZKVTCEE1kCYziATcsfy14eDQY1E31oqTlEAPOuvCCKCgv1OUcUmK3L7RR2B9Duk+jd5WYG5wvPYmjz6bkAKek/xqbZ9tOdcmdiueTV91QxNqtBc=
UXKKTnAU5IZQ0nCJceZ9bRdq66/TFsEv1g6ODbsytelaErqigLg+vqMqQYS9yP3H8znnnifFP1pIZXIdBmjds+Pf+DmKNXm0Ag==
C2Eaf07x++egztWATPay+xRq66/TFsEv1g6ODbsytelaErqigLg+vqMqQYS9yP3H8znnnifFP1pIZXIdBmjds+Pf+DmKNXm0Ag==
gea7IUb7GwCU0Xgm7l64c9FOOuPan5Pj59uB36Gd31ijpR72h6NMM0bMsiEd3ycl6LiXEI7J+8c6eslNHMzoiO+yA7OEUAn39EG116jB0JLz9nMXCyVje21gMaVGBO25Lxq0tefTjLuTtvDhLnNmLSHJEDYWG6U1oQbR6Zk6bkmExQAkS4P1M14h/Lm/tMQ=
pSL3BGcIuEHysUsFgC6Xgi4Qjiw/xt98gMn/tJ/jv30BZP3dQMpZU5IPGLTsHcMf+Zm2wMmsUDkle2QCl/HCLHY0ccqdDxqgl0tqOStrNkFOLm2O7auV1f3H8xivGdjkMwVxYuoJOSNSB83Orl3ws7gRf7FOCsjrewn/fo/VR9pwdZq9HhhVc+sPQFnihaG02g==
kY+r5IpE5tEL44FYM3aFjoK16emBCr63CLnWJyoeP8aV7K30vkKZAYSSq089T9jFOyA/3PPZ9NhSSzEoeWMebufxXGMObi68IXH4qpmd9WItdYGL5KLanPUuPRBlVGQ2r0t0hp8O5muHspvPdVpiR7tT09270EWftJOjNss4oraDNOqlj0WZf3Z+axYdd1Xrg6K03w==
KQpEq0XrXUh9np9BmZ879KLklg29t1lrtj1ACAcocc7NkpJoYd+wwPt54bUQi39i/xo/E6ymBvnB/sU5dsBDE/zFYgSWItXjaNwFJ33sqfcBDWgoQiJhXI2Gmc7MWMvplGAzpJ41M2BLeSkgKol/kZOb95qdYWCh02D34kqYp1bKg2OvoWECbHvgAU1d5YegtNk=
D4PTenrVj/xmsRuSBeMGdX0pOx2/MjCr6gkJ2W9eGtCMLYKqyuX+wgMk0vKb2Cqx5/mJm85yC6IVq+Xv2w60Cw==
QOOBdMRcTRx3jfyOmO7kAWsWx7IXWwJ7z4XtWadIz262IBCa0s1ZBQeqmlwUiTIWArEervsgwu6z7Gp9vx35Z0bmqw6t7zWzM3q0Bw==
YZ4rhL19NBmWiZ97Qs7Qblcy56IORq4fwKXA7cL/0Ek9BiaTr6aqdiQ/EkfpXX9jccKwun9Yc52q6Yl5rz4a8MzNAgoKhf7iQ8RSUlu4KpGnGQk7DhILglVLZU8bbrQr
U0kpggUhYpns1IHXDI/s0ryrs5WPCeepieN3WOANSxsJmPiUtDtxKT3k9quGiTiDmUvRJBjQ07bD7x4fMQMTwNqyiAvKQEZLLrAXEooIB2bKs8M/4RFiPPuwIX2ddWdQtCk=
Xr9yaSQKH3eHDQfrefixmFLG4MBbJiHUgnJZ44QNORkVEnDK38jzLUq5yYmPLhrArB3CeqoVflKjlBKie6gqocfJyUuugosytRslvzt+tBs=
PULrZVctzmqgzdulRVTMlFJx9r6GWrpp0FfJROc5t+scQLq1nKEJ+rl+Voan3PrW8znnnifFP1pIZXIdBmjds+Pf+DmKNXm0Ag==
AhdR9Gx1NVvkcoJcvdjbKFYy56IORq4fwKXA7cL/0Ek9BiaTr6aqdiQ/EkfpXX9jccKwun9Yc52q6Yl5rz4a8MzNAgoKhf7iQ8RSUlu4KpGnGQk7DhILglVLZU8bbrQr
kNi8Kv8NmveeuhWK0riYsUrq3UVjSsL9qXwWBMFZGPOZu/F02GCzJkN/vu9xU/Pw2oJoW4qw5tuuIHeiSlgnlsrD4++hoYKseyCBDV2lB2C0GQ==
PoeDbr3eLTSAjUUOf8+5j7yrs5WPCeepieN3WOANSxsJm/iUtDtxKT3k9quGiTiDmUvRJBjQ07bD7x4fMQMTwNqyiAvKQEZLLrAXEooIB2bKs8M/4RFiPPuwIX2ddWdQtCk=
Xr9yaSQKH3eHDQfrefixmFLG4MBbJiHUgnJZ44QNORkVEnDK38jzLUq5yYmPLhrArB3CeqoVflKjlBKie6gqocfJyUuugosytRslvzt+tBs=
PULrZVctzmqgzdulRVTMlFJx9r6GWrpp0FfJROc5t+scQLq1nKEJ+rl+Voan3PrW8znnnifFP1pIZXIdBmjds+Pf+DmKNXm0Ag==
YZ4rhL19NBmWiZ97Qs7Qblcy56IORq4fwKXA7cL/0Ek9BiaTr6aqdiQ/EkfpXX9jccKwun9Yc52q6Yl5rz4a8MzNAgoKhf7iQ8RSUlu4KpGnGQk7DhILglVLZU8bbrQr
U0kpggUhYpns1IHXDI/s0ryrs5WPCeepieN3WOANSxsJmPiUtDtxKT3k9quGiTiDmUvRJBjQ07bD7x4fMQMTwNqyiAvKQEZLLrAXEooIB2bKs8M/4RFiPPuwIX2ddWdQtCk=
W6zJaXRWodA6locsX2YNMhs214V2NQrYWhL+qZSflfRLYVOLuPgWJeApjXo99qoWC2ReNpfhSy77jfsajK0u7Wqw+ZMHpxQptj19tAY=
ErAfFfqvbexiOShKA4VtJXWesbKis5dmNpCQfd0+HzLZH0JAXzbd6OijhEVbEAriEqIWKTxv3ZRTUStLYGiuxah5ZXpVJmJ2s/QGdm/RU84z/VOa5B3mzXJAwdPfN2yJfm1VtC4=
cmt9LCaoWaZ6VTizaBFMEtPSxrPDZnjp7ItjtmL4rJ3BFmsCzQdOQFMuydici5ilZ3heMuaaWmnwl2nEB/nX6/wAGjU84en62b72BgccmtYTeYceh4UfWiglkp2mqP2zwx+YuWp1WbQi
Xr9yaSQKH3eHDQfrefixmFLG4MBbJiHUgnJZ44QNORkVEnDK38jzLUq5yYmPLhrArB3CeqoVflKjlBKie6gqocfJyUuugosytRslvzt+tBs=
PULrZVctzmqgzdulRVTMlFJx9r6GWrpp0FfJROc5t+scQLq1nKEJ+rl+Voan3PrW8znnnifFP1pIZXIdBmjds+Pf+DmKNXm0Ag==
AhdR9Gx1NVvkcoJcvdjbKFYy56IORq4fwKXA7cL/0Ek9BiaTr6aqdiQ/EkfpXX9jccKwun9Yc52q6Yl5rz4a8MzNAgoKhf7iQ8RSUlu4KpGnGQk7DhILglVLZU8bbrQr
W6zJaXRWodA6locsX2YNMhs214V2NQrYWhL+qZSflfRLYVOLuPgWJeApjXo99qoWC2ReNpfhSy77jfsajK0u7Wqw+ZMHpxQptj19tAY=
7STHAz7k7oZaT4MTLnvO4GDpzUTi+WJJYM75mCxrKCX3mI5ytnpKaeC3uYRXWUdrjKDqdUzBGfqpngbGd7xqVoPZV97XpQ9aOEVCXfbIbTNzfyh5WhVptBI=
BYYtz1Q4rpLykIyH8WlOk9PSxrPDZnjp7ItjtmL4rJ3CFmsCzQdOQFMuydici5ilZ3heMuaaWmnwl2nEB/nX6/wAGjU84en62b72BgccmtYTeYceh4UfWiglkp2mqP2zwx+YuWp1WbQi
Xr9yaSQKH3eHDQfrefixmFLG4MBbJiHUgnJZ44QNORkVEnDK38jzLUq5yYmPLhrArB3CeqoVflKjlBKie6gqocfJyUuugosytRslvzt+tBs=
PULrZVctzmqgzdulRVTMlFJx9r6GWrpp0FfJROc5t+scQLq1nKEJ+rl+Voan3PrW8znnnifFP1pIZXIdBmjds+Pf+DmKNXm0Ag==
3D13KJJ1I4L2ICMgoaRmZXGwgAClvh8mEb6qhyZ2PGHm25Z/tikKL6qzuYRXWUdrjKDqdUzBGfqpngbGd7xqVoPZV97XpQ9aOEVCXfbIbTNzfyh5WhVptBI=
KfDxlYnDm+1FkuB4t9338GaG33mUvFmaxatC0LzqOxfTNnCHxp2LGn1ZBE7QzP26/DU0shDluaanXlTEwqe01foxaVHfBhr43NUi4jr9viqTnDL6qwCqGTeBqVO+6svKBZOFZ2tWtCM=
jwHGvRU4rrMeNh0XyPNOGmf7303AvvRdOjEKNJZcAAwFbI///bxlZztspphXrpLpf2UVIPkkiKzE8DJVJPHh+tGu7uYvbKIWyynvvn81l9qg1Sr9Dngl87svcJlyZVG0Kg==
dZ4L4DfQk4QHpvzR/nHswnj221r053RZIIv8mSxqYTL43N44vz4Kaef1vcBBVEBsjKDqdUzBGfqpngbGd7xqVoPZV97XpQ9aOEVCXfbIbTNzfyh5WhVptBI=
KYANHhaOAvJiuG7MtLNUB1o47Mk0EPX6WMl1cTdoK4ACPG604H0m5cu6ezpsTv0oiAbBDT323aEdemqBCPUcXO+jEaviMbAxe7QA
/RCNUe8UGH7tGTWmT2aFVHKwgAClvh8mEb6qhyZ2PGHm25Z/tikKL6qzuYRXWUdrjKDqdUzBGfqpngbGd7xqVoPZV97XpQ9aOEVCXfbIbTNzfyh5WhVptBI=
nM12dFg8ZxW4NCd/0V/xA2aG33mUvFmaxatC0LzqOxfQNnCHxp2LGn1ZBE7QzP26/DU0shDluaanXlTEwqe01foxaVHfBhr43NUi4jr9viqTnDL6qwCqGTeBqVO+6svKBZOFZ2tWtCM=
gjFfNZw0dUISUoqhK3KRiGf73E3AvvRdOjEKNJZcAAwFbI///bxlZztspphXrpLpf2UVIPkkiKzE8DJVJPHh+tGu7uYvbKIWyynvvn81l9qg1Sr9Dngl87svcJlyZVG0Kg==
dZ4L4DfQk4QHpvzR/nHswnj221r053RZIIv8mSxqYTL43N44vz4Kaef1vcBBVEBsjKDqdUzBGfqpngbGd7xqVoPZV97XpQ9aOEVCXfbIbTNzfyh5WhVptBI=
KYANHhaOAvJiuG7MtLNUB1o47Mk0EPX6WMl1cTdoK4ACPG604H0m5cu6ezpsTv0oiAbBDT323aEdemqBCPUcXO+jEaviMbAxe7QA
IdK1mJsh49r7VpMkqVfgc9eyMxA91oq+LxIV0ur1Zimjz0pvZgvtVOMxm8vwCH4F+FmVeiUGsjbjFJb23zHjjgMdQ5r0PZaNguCxU0+XPEmuDWW0Hg==
7lgfZD8CYf/IH/0W2MlvOku062ufJd1QyGS7MmOr9ish91tkWhbA/9p0rg+ONH+mWnwPQooXS0sxJQo42/TJyQ2BL3S0DQ==
UrQF2UHWMmz3Zq1SoVMjdnXD/eBgeKbDQR8rnFrusBe6nP7XzuwvDvrUv/oKr/vjkY3aYBusGaHt6d8MtHU=
/bfMNn0GhY3i0uGU7TMWFheWkDdynZlV59qaLPTZ8kaiAZ4eW/CCPtMcao3fzbm35lYrvg2/9ePTCrR3
k4U4sdSeyvj+AxIxctqK0xeWkDdom5lJ/9uaLPTD9Ea+GZ8eW/CCPtMcao3fzbm35lYrvg2/9ePTCrR3
e9tJs6ULpbne86VdH1ytO2xlPxK+NDC28A8JxXdfGtCMN4Sq1v3/wgMk0vKb2Cqx5/mJm85yC6IVq+Xv2w60Cw==
LYwegZs+Vkq9M3DP89k0q9eyMxA91oq+LxIV0ur1Zimjz0pvZgvtVOMxm8vwEngF5EGUeiUGqDDjCI733zHjjgMdQ5r0PZaNguCxU0+XPEmuDWW0Hg==
p4tlFzm++BIUhJIx+EAE+AcNP4d57mDO5+QTWZjjeTEPo5pUBLsUPk5hX2ariGJGI2Tq9S+1Wc8WLuvG/ccVmyNytA8=
b6JTuy9SfUD5Jp1IRmlV9wGWkCpom5lJ/9uaLPTD9Ea+GZ8eW/CCPtMcao3fzbm35lYrvg2/9ePTCrR3
k4U4sdSeyvj+AxIxctqK0xeWkDdom5lJ/9uaLPTD9Ea+GZ8eW/CCPtMcao3fzbm35lYrvg2/9ePTCrR3
sOleMHncJ+y855fdnZNJ1xeWkDdom5lJ/9uaLPXD9Ea+GZ8eW/CCPtMcao3fzbm35lYrvg2/9ePTCrR3
tCikQmcMmaeLnzGdsfgeZmxlPxK+NDC28A8JxXdfGtCNN4Sq1v3/wgMk0vKb2Cqx5/mJm85yC6IVq+Xv2w60Cw==
UGFI/6cyDSPESWDibHNXb9eyMxA91oq+LxIV0ur1Zimjz0pvZgvtVOMxm8vwEngF5EGUeiUHqDDjCI733zHjjgMdQ5r0PZaNguCxU0+XPEmuDWW0Hg==
e6FffPWGWWXjjg/rJGfYbQcNP4d57mDO5+QTWZjjeTEPo5pUBbsUPk5hX2ariGJGI2Tq9S+1Wc8WLuvG/ccVmyNytA8=
cXYWsPAYaRde8C643l/3yAGWkCpom5lJ/9uaLPXD9Ea+GZ8eW/CCPtMcao3fzbm35lYrvg2/9ePTCrR3
sOleMHncJ+y855fdnZNJ1xeWkDdom5lJ/9uaLPXD9Ea+GZ8eW/CCPtMcao3fzbm35lYrvg2/9ePTCrR3
cXYWsPAYaRde8C643l/3yAGWkCpom5lJ/9uaLPXD9Ea+GZ8eW/CCPtMcao3fzbm35lYrvg2/9ePTCrR3
sOleMHncJ+y855fdnZNJ1xeWkDdom5lJ/9uaLPXD9Ea+GZ8eW/CCPtMcao3fzbm35lYrvg2/9ePTCrR3
cXYWsPAYaRde8C643l/3yAGWkCpom5lJ/9uaLPXD9Ea+GZ8eW/CCPtMcao3fzbm35lYrvg2/9ePTCrR3
D4PTenrVj/xmsRuSBeMGdX0pOx2/MjCr6gkJ2W9eGtCMLYKqyuX+wgMk0vKb2Cqx5/mJm85yC6IVq+Xv2w60Cw==
QOOBdMRcTRx3jfyOmO7kAWsWx7IXWwJ7z4XtWadIz262IBCa0s1ZBQeqmlwUiTIWArEervsgwu6z7Gp9vx35Z0bmqw6t7zWzM3q0Bw==
YZ4rhL19NBmWiZ97Qs7Qblcy56IORq4fwKXA7cL/0Ek9BiaTr6aqdiQ/EkfpXX9jccKwun9Yc52q6Yl5rz4a8MzNAgoKhf7iQ8RSUlu4KpGnGQk7DhILglVLZU8bbrQr
U0kpggUhYpns1IHXDI/s0ryrs5WPCeepieN3WOANSxsJmPiUtDtxKT3k9quGiTiDmUvRJBjQ07bD7x4fMQMTwNqyiAvKQEZLLrAXEooIB2bKs8M/4RFiPPuwIX2ddWdQtCk=
Xr9yaSQKH3eHDQfrefixmFLG4MBbJiHUgnJZ44QNORkVEnDK38jzLUq5yYmPLhrArB3CeqoVflKjlBKie6gqocfJyUuugosytRslvzt+tBs=
PULrZVctzmqgzdulRVTMlFJx9r6GWrpp0FfJROc5t+scQLq1nKEJ+rl+Voan3PrW8znnnifFP1pIZXIdBmjds+Pf+DmKNXm0Ag==
E/cKCOYeHsOGTHltvax6Yl3jc3rylb0bdjaUpadSWULixgyrpM8E71c8OYXpG0J8pM2CnVc658LI/jlgpCatBTnmOfkhuhZZrGWY1ENDfWMmQVQJZ7Qc
KbeyNHreTeN+VZgtXGlO0byrs5WPCeepieN3WOANSxsJnfiUtDtxKT3k9quGiTiDmUvRJBjQ07bD7x4fMQMTwNqyiAvKQEZLLrAXEooIB2bKs8M/4RFiPPuwIX2ddWdQtCk=
Xr9yaSQKH3eHDQfrefixmFLG4MBbJiHUgnJZ44QNORkVEnDK38jzLUq5yYmPLhrArB3CeqoVflKjlBKie6gqocfJyUuugosytRslvzt+tBs=
PULrZVctzmqgzdulRVTMlFJx9r6GWrpp0FfJROc5t+scQLq1nKEJ+rl+Voan3PrW8znnnifFP1pIZXIdBmjds+Pf+DmKNXm0Ag==
/KlkA/zNQucnjRMmAwvec1zjc3rylb0bdjaUpadSWULixgyrpM8E71c8OYXpG0J8pM2CnVc658LI/jlgpCatBTnmOfkhuhZZrGWY1ENDfWMmQVQJZ7Qc
oA5B0NQoCdL6loau+v1Xjbyrs5WPCeepieN3WOANSxsJn/iUtDtxKT3k9quGiTiDmUvRJBjQ07bD7x4fMQMTwNqyiAvKQEZLLrAXEooIB2bKs8M/4RFiPPuwIX2ddWdQtCk=
Xr9yaSQKH3eHDQfrefixmFLG4MBbJiHUgnJZ44QNORkVEnDK38jzLUq5yYmPLhrArB3CeqoVflKjlBKie6gqocfJyUuugosytRslvzt+tBs=
bxbauf+EZA61lE/6ITsgcX0pOx2/MjCr6gkJ2W9eGtCOLYKqyuX+wgMk0vKb2Cqx5/mJm85yC6IVq+Xv2w60Cw==
UdfQkxoA6khbnISwOBBjuGsWx7IXWwJ7z4XtWadIz262IBCa0s1ZBQeqmlwWiTIWArEervsgwu6z7Gp9vx35Z0bmqw6t7zWzM3q0Bw==
B4DcsPDRIOXwgX2Mhpe03Fcy56IORq4fwKXA7cL/0Ek9BiaTr6aqdiQ/EkfpXX9jccKwun9Yc52q6Yl5rz4a8M7NAgoKhf7iQ8RSUlu4KpGnGQk7DhILglVLZU8bbrQr
VbCtI/VsVD8ceqtfcUQ9lLyrs5WPCeepieN3WOANSxsJmviUtDtxKT3k9quGiTiDmUvRJBjQ07bD7x4fMQMTwNqyigvKQEZLLrAXEooIB2bKs8M/4RFiPPuwIX2ddWdQtCk=
lXEX3pxRaNkrnOIj+kHSYVLG4MBbJiHUgnJZ44QNORkVEnDK38jzLUq5yYmPLhrArh3CeqoVflKjlBKie6gqocfJyUuugosytRslvzt+tBs=
X6Im6UPeZDkHp2oNS4Jub1Jx9r6GWrpp0FfJROc5t+scQLq1nKEJ+rl8Voan3PrW8znnnifFP1pIZXIdBmjds+Pf+DmKNXm0Ag==
Hn6iKhYJjeKuZw8KELOaL13jc3rylb0bdjaUpadSWULixgyrpM8E71c8OYXpG0J8pM2CnVc658DI/jlgpCatBTnmOfkhuhZZrGWY1ENDfWMmQVQJZ7Qc
5CYNSW0cLX25TtANVDGUl7yrs5WPCeepieN0WOANSxsJnPiUtDtxKT3k9quGiTiDmUvRJBjQ07bD7x4fMQMTwNqyigvKQEZLLrAXEooIB2bKs8M/4RFiPPuwIX2ddWdQtCk=
lXEX3pxRaNkrnOIj+kHSYVLG4MBbJiHUgnJZ44QNORkVEnDK38jzLUq5yYmPLhrArh3CeqoVflKjlBKie6gqocfJyUuugosytRslvzt+tBs=
X6Im6UPeZDkHp2oNS4Jub1Jx9r6GWrpp0FfJROc5t+scQLq1nKEJ+rl8Voan3PrW8znnnifFP1pIZXIdBmjds+Pf+DmKNXm0Ag==
XkySk7TTDie3/+HA4D2M0Fzjc3rylb0bdjaUpadSWULixgyrpM8E71c8OYXpG0J8pM2CnVc658DI/jlgpCatBTnmOfkhuhZZrGWY1ENDfWMmQVQJZ7Qc
5b91Y9CEw1Y9fyow8SGveryrs5WPCeepieN0WOANSxsJn/iUtDtxKT3k9quGiTiDmUvRJBjQ07bD7x4fMQMTwNqyigvKQEZLLrAXEooIB2bKs8M/4RFiPPuwIX2ddWdQtCk=
lXEX3pxRaNkrnOIj+kHSYVLG4MBbJiHUgnJZ44QNORkVEnDK38jzLUq5yYmPLhrArh3CeqoVflKjlBKie6gqocfJyUuugosytRslvzt+tBs=
AmqjIvR3XfVeKuM1jQkCln0pOx2/MjCr6gkJ2W9eGtCNLYKqyuX+wgMk0vKb2Cqx5/mJm85yC6IVq+Xv2w60Cw==
j59sXkJ3l5kO7XawlUI8CmsWx7IXWwJ7z4XtWadIz262IBCa0s1ZBQeqmlwViTIWArEervsgwu6z7Gp9vx35Z0bmqw6t7zWzM3q0Bw==
4ukSnjr0pZm4D1NqOhoMKVcy56IORq4fwKXA7cL/0Ek9BiaTr6aqdiQ/EkfpXX9jccKwun9Yc52q6Yl5rz4a8M3NAgoKhf7iQ8RSUlu4KpGnGQk7DhILglVLZU8bbrQr
2t7bTA41JVr+hCYX+O9CBLyrs5WPCeepieN3WOANSxsJm/iUtDtxKT3k9quGiTiDmUvRJBjQ07bD7x4fMQMTwNqyiQvKQEZLLrAXEooIB2bKs8M/4RFiPPuwIX2ddWdQtCk=
4IJJIYNPH09oCniyGIKqQFLG4MBbJiHUgnJZ44QNORkVEnDK38jzLUq5yYmPLhrArR3CeqoVflKjlBKie6gqocfJyUuugosytRslvzt+tBs=
fLaT2haY+SFE7SJSG0TRylJx9r6GWrpp0FfJROc5t+scQLq1nKEJ+rl/Voan3PrW8znnnifFP1pIZXIdBmjds+Pf+DmKNXm0Ag==
e9L3eplEofTVyRyGyF15XF3jc3rylb0bdjaUpadSWULixgyrpM8E71c8OYXpG0J8pM2CnVc658PI/jlgpCatBTnmOfkhuhZZrGWY1ENDfWMmQVQJZ7Qc
sfSFh9zA1oMTBhxFvUZpObyrs5WPCeepieN0WOANSxsJnfiUtDtxKT3k9quGiTiDmUvRJBjQ07bD7x4fMQMTwNqyiQvKQEZLLrAXEooIB2bKs8M/4RFiPPuwIX2ddWdQtCk=
4IJJIYNPH09oCniyGIKqQFLG4MBbJiHUgnJZ44QNORkVEnDK38jzLUq5yYmPLhrArR3CeqoVflKjlBKie6gqocfJyUuugosytRslvzt+tBs=
fLaT2haY+SFE7SJSG0TRylJx9r6GWrpp0FfJROc5t+scQLq1nKEJ+rl/Voan3PrW8znnnifFP1pIZXIdBmjds+Pf+DmKNXm0Ag==
YS+e1aarm++qG0EfoCbWslzjc3rylb0bdjaUpadSWULixgyrpM8E71c8OYXpG0J8pM2CnVc658PI/jlgpCatBTnmOfkhuhZZrGWY1ENDfWMmQVQJZ7Qc
DD9+oldPn624vqRasZeDCryrs5WPCeepieN3WOANSxsJnPiUtDtxKT3k9quGiTiDmUvRJBjQ07bD7x4fMQMTwNqyiQvKQEZLLrAXEooIB2bKs8M/4RFiPPuwIX2ddWdQtCk=
4IJJIYNPH09oCniyGIKqQFLG4MBbJiHUgnJZ44QNORkVEnDK38jzLUq5yYmPLhrArR3CeqoVflKjlBKie6gqocfJyUuugosytRslvzt+tBs=
PULrZVctzmqgzdulRVTMlFJx9r6GWrpp0FfJROc5t+scQLq1nKEJ+rl+Voan3PrW8znnnifFP1pIZXIdBmjds+Pf+DmKNXm0Ag==
b6lgUNY8z4D5vhw63IYSfnce2/sITBN6gJK/D+lGwGa3LFOR0s1ZBQeqmlwUiTIWArEervsgwu6z7Gp9vx35Z0bmqw6t7zWzM3q0Bw==
hjzYCCeiTpx3B9hthR0XEnD201r853xIcoX4hD5tKS+2m9dp8y0WYPu3uYRXWUdrjKDqdUzBGfqpngbGd7xqVoPZV97XpQ9aOEVCXfbIbTNzfyh5WhVptBI=
8IZ2XAI2Tfo1BpHEJ+rct3D201r853xNcoX4hD5tKS+2m9dp8y0WYPu3uYRXWUdrjKDqdUzBGfqpngbGd7xqVoPZV97XpQ9aOEVCXfbIbTNzfyh5WhVptBI=
fLaT2haY+SFE7SJSG0TRylJx9r6GWrpp0FfJROc5t+scQLq1nKEJ+rl/Voan3PrW8znnnifFP1pIZXIdBmjds+Pf+DmKNXm0Ag==
UnnctLjB0Kp8ObswhqK9AHce2/sITBN6gJK/D+lGwGa3LFOR0s1ZBQeqmlwViTIWArEervsgwu6z7Gp9vx35Z0bmqw6t7zWzM3q0Bw==
McAv7TiGOQWKFVKgS1piCHD201r853xLcoX4hD5tKS+2m9dp8y0WYPu3uYRXWUdrjKDqdUzBGfqpnwbGd7xqVoPZV97XpQ9aOEVCXfbIbTNzfyh5WhVptBI=
RqmBsB6ZuuX4+kz0y4GYP3D201r853xNcoX4hD5tKS+2m9dp8y0WYPu3uYRXWUdrjKDqdUzBGfqpnwbGd7xqVoPZV97XpQ9aOEVCXfbIbTNzfyh5WhVptBI=
2ToQzFKqAGSIwacKPdkHYHD201r853xMcoX4hD5tKS+2m9dp8y0WYPu3uYRXWUdrjKDqdUzBGfqpnwbGd7xqVoPZV97XpQ9aOEVCXfbIbTNzfyh5WhVptBI=
X6Im6UPeZDkHp2oNS4Jub1Jx9r6GWrpp0FfJROc5t+scQLq1nKEJ+rl8Voan3PrW8znnnifFP1pIZXIdBmjds+Pf+DmKNXm0Ag==
r28Wmk6rUgSEfKEnYUK5BHce2/sITBN6gJK/D+lGwGa3LFOR0s1ZBQeqmlwWiTIWArEervsgwu6z7Gp9vx35Z0bmqw6t7zWzM3q0Bw==
BQq7Emuf/Bo2QkucB2Q7AnD201r853xKcoX4hD5tKS+2m9dp8y0WYPu3uYRXWUdrjKDqdUzBGfqpnAbGd7xqVoPZV97XpQ9aOEVCXfbIbTNzfyh5WhVptBI=
wxBUas3imAwkUti2V9vMi3D201r853xMcoX4hD5tKS+2m9dp8y0WYPu3uYRXWUdrjKDqdUzBGfqpnAbGd7xqVoPZV97XpQ9aOEVCXfbIbTNzfyh5WhVptBI=
owK4cJMeNev0Xxw35hqa3PctNglVOD0TPI8UR9ypi1QRI7M1QvbE406zandPkbNOUz1zmgRdRk3SACHT//fMCZ4tdbQO
+5NaShc2z4njlmqGox6MBPctNglVOD0TPIsWSdypi1QRI7M1QvbE406zandPkbNOUz1zmgRdRk3SACHT//fMCZ4tdbQO
MTYZI9AzR2w9JLtnUYKsl+X9Hq/Nsaz9g3TBlanJ5g9A5+6b7fwtbj6ojQ1xNQWrCeFqGLfq5g4veCQvZfjcg8IoQ84lEUM6eRzQewsV2IZhieUeJXGBh/zW6oAdCl18XYC0CucPtEpHupY3L1Y7Yw3O8rsz11NRIyT1A9w3Q9pzbPIKS/Cq6ddxaaNeGks65WNFl4umtNM=
jMwiXMIfCAnbBskAN/JDqdG70I+EsA6KxURPr7Y22NeUzQh2D/EfrTqQ13IKqEeGytMDn2HxIhz70OHdHZUncLQJ
4H9RWyZ0gdjAUErsIFatOptYPfnBkJTgpMbEyIDU3lWlrx72h6NMM0bMsiEd3ycl6LiXEI7J+8c6eslNHMzoiO+yA7OEUAn39EG116jB0JLz9nMXCyVje21gMaVGBO25Lxq0tefTjLuTtvDhLnNmLSHJEDYWG6U1oQbR6Zk6bkmExQAkS4P1M14h/Lm/tMQ=
XjZDQE8RLGKul6Gw63gy3ild1vo8sT8wEDoMD3CO6dQUHX2Wli7e34zSDVJ/wTfc/9gnCuow1w5KW5MHAQlS1LsY0eU9jTd4tAE=
EbRjvanO5jSSEQJCXbzdP5yzTw1KpHa8NZdfPKyFLM6+mdZMJwQ87vO+ipIeRCnpyy1xpKqO52G9GRFlQwDo1E201QNUR4eDlRVfhuso4ibjROrV79XZb1bO66Y9Z5V7Y1K0Lw==
4q/iPgED6iZyuYREgv7PRjHe5PvT8cM9bd3TNrhiRmGEUl4WDWXH+KO1gUJbRB/lHPVaIXV43ZNcSzZJPGnr1LFjUzUiNmRjrvMKd2/RU84z/VOa5B3mzXJAwdPfN2yJfm1VtC4=
DRq5jiwvlDrlmG60kcnIbiy9lQathGIWMZ3jiGd9LSL3zJt1uC0GYamguYNYQ1pp0KGvZFXbL7XejgDTartmV4PZV97XpQ9aOEVCXfbIbTNzfyh5WhVptBI=
UBSQFZWi5ZLCX0YrUm1abskSiGRQhmA3s5FmFjWV/5iLRUkCE5S3hYRlwqHt6EUzNJv+CXRZA/TJU6s1WgacQ8bDwrcngbtuq23LGnyNfi3aEAkTl0dEaUYdbbQW
sy9Ow+4+P+U90SDEJUipO+Ahp0FhtEEthJFmFjWV/5iLRUkCE5S3hYRlwqHt6EUzNJv+CXRZA/TJU6s1WgacQ8bDwrcngbtuq23LGnyNfi3aEAkTl0dEaUYdbbQW
rsblzxQXB8OgSmqNlBcWfPrAoBn2jzM/4JazGXkAHcm/smU4IR0iiWTBSwTja+I3iLmCFVUsDx/t9RxKWpuQjzSHUa1tNo2B7XpaYVg1zDx/I2FLUnFAEWu0EA==
Ri2ttTCXmCeznj4u/t9TWVA/hsxtcXzVZ+wELq8m/ij5dT8IMkEWd8W9sk7wzlX39K25JgZUt+xXu1mNX275LdMrcwJmz8zwrptH82ia6OMeEZzE6hNV15FcEKHckPFHfOFtB4DB+EIrVvun8+U7a2WACdXuhAUJVzq8pb+TNEsb1qgxxnMOffkpmEau230lqSYpWfG6xrm8pQg0k8ONg9aBpOmXtOw=
H3vHZmpo2S2GM69fVDNOqCld1vs8sT8wEDoMD3CO6dQUHX2Wli7e34zSDVJ/wTfc/9gnCuow1w5KW5MHAQlS1LsY0eU9jTd4tAE=
4L3TFRqcVlNxzKy5jvLSXMh6o6hnuKqpwATC5ywZJS9gcwSNZIgMaF03Of9P9SuViWPmKCPBMtGUWlqWFdk2+l5cY+3hPJuizhvRsF6631mTrXO0wmL+byCu7E1euVBBUPuW5KuiB8lQ+iewwGLPXQ/M22PD7zmDDGHV19mXKEQqfPNa5UUcu1VttEpgjDBzs7sHBBbtaiDHa9p5OwvGQb5Ofc5di8VVjSdj2J+5COTjZYEieikJowLnvQ6+/UCzCLFv8b5qGGtLKW++/zUX2SDVqv2OeKXzOy/wmfJl0bSq
TeuGDRW3ab+9+Yr8nPyRa06Snp7Dn5E0LaTSxDhaaqOpGpChThMggbRxt4InLN8Ht6R77As2hVCJEcGNU2WYvvKGwEfRO8pn8Xrc81RwKSJfwMB3lEkXmVRXMeNH78HReRVgLiSAQdlwrDxN7EDNnl5I91Z5rhuV+05LRAm35EveEP6A4/sTPMdf5g0i38PCCfSwY1udmL7RIcVGtTmB/wy+ChjNAp3EbagU0vfHNLI3UvYvf957W71m0uOjn1Mp00wVmww/g2JDRFLSWzgpEaeZCbsOkgsCVctlzxvutKs=
UbSDTscdcZDlmrNCRzTXfP3gzraD0paY4cp1QPCS2PdmnJlFITn0ovODfCe1+rZS/UrHdXkvo3UIbkDPrPhBfzO3ZXw3N2jPcLrHMGCir10vjDDmZC9ZgywhNVd5V0hEyjxT2oWFPLu1LRTKAEwQc1P7p4R2LUogJyt6+VvL5kGejh1O/cslVa3nA1g/+ejkw6Xhotpp6aMiJ92OHr2gs2hxz3FeKjhrK+nPPh91N9lAFQp9bjiF81vvUBkSJfG0ig==
nWmmrqUautFs1FukIV4nap1V23Bq2Cejqn0Lnd7i/B2+f5H78Tth1Bw77frLsBL6att163BontnCk0B10ATEL/BjZEOWZTuR0ZF7l//XXbwGN5ukg1D4HT9cxaPHzwh12c0z1cHXdQd4MADqcS9M7nSCLBWzOLLzjuj9JIsDZ6zjKr1NJA2Swibeh9HjCrtd7gM2xeMkJYaInZ/XyGgNg63oQYMBeYAskoZp6C2y0WrcnKMd1JRbYA4Re9RrTaEE+g2X5RPvHx5NReiV89S/xtpcz6KJdwtrscVKWNtUCemN4W/UtK0=
6lXzdwRUbIW2TGYTBHUT2J1V23Bq2Cejqn0Lnd7i/B2+f5H78Tth1Bw77frLsBL6att163BontnFkUB10ATEL/BjZUOWZTuR0ZF7l//XXbwGN5ukg1D4HT9cxaPHzwh12c0z1cHXdQd4MADqcS9M7nSCLBWzOLLzjuj9JIsDZ6zjKr1NJA2Swibeh9HjCrtd7gM2xeMkJYaInZ/XyGgNg63oQYMBeYAskoZp6C2y0WrcnKMd1JRbYA4Re9RrTaEE+g2X5RPvHx5NReiV89S/xtpcz6KJdwtrscVKWNtUCemN4W/UtK0=
YpOHmTTqP6RHUUBm4DSMt51V23Bq2Cejqn0Lnd7i/B2+f5H78Tth1Bw77frLsBL6att163BontnCk0B10ATEL/BjakOWZTuR0ZF7l//XXbwGN5ukg1D4HT9cxaPHzwh12c0z1cHXdQd4MADqcS9M7nSCLBWzOLLzjuj9JIsDZ6zjKr1NJA2Swibeh9HjCrtd7gM2xeMkJYaInZ/XyGgNg63oQYMBeYAskoZp6C2y0WrcnKMd1JRbYA4Re9RrTaEE+g2X5RPvHx5NReiV89S/xtpcz6KJdwtrscVKWNtUCemN4W/UtK0=
Q8X4aj+ymo7avoNftM4NAp1V23Bq2Cejqn0Lnd7i/B2+f5H78Tth1Bw77frLsBL6att163BontnFkUB10ATEL/Bja0OWZTuR0ZF7l//XXbwGN5ukg1D4HT9cxaPHzwh12c0z1cHXdQd4MADqcS9M7nSCLBWzOLLzjuj9JIsDZ6zjKr1NJA2Swibeh9HjCrtd7gM2xeMkJYaInZ/XyGgNg63oQYMBeYAskoZp6C2y0WrcnKMd1JRbYA4Re9RrTaEE+g2X5RPvHx5NReiV89S/xtpcz6KJdwtrscVKWNtUCemN4W/UtK0=
5+ra5ycxcF1GCSZ+GqL8uZ1V23Bq2Cejqn0Lnd7i/B2+f5H78Tth1Bw77frLsBL6att163BontnCk0B10ATEL/BjaEOWZTuR0ZF7l//XXbwGN5ukg1D4HT9cxaPHzwh12c0z1cHXdQd4MADqcS9M7nSCLBWzOLLzjuj9JIsDZ6zjKr1NJA2Swibeh9HjCrtd7gM2xeMkJYaInZ/XyGgNg63oQYMBeYAskoZp6C2y0WrcnKMd1JRbYA4Re9RrTaEE+g2X5RPvHx5NReiV89S/xtpcz6KJdwtrscVKWNtUCemN4W/UtK0=
mrgyUhuU+B7LGXvEUIU/BZ1V23Bq2Cejqn0Lnd7i/B2+f5H78Tth1Bw77frLsBL6att163BontnFkUB10ATEL/BjaUOWZTuR0ZF7l//XXbwGN5ukg1D4HT9cxaPHzwh12c0z1cHXdQd4MADqcS9M7nSCLBWzOLLzjuj9JIsDZ6zjKr1NJA2Swibeh9HjCrtd7gM2xeMkJYaInZ/XyGgNg63oQYMBeYAskoZp6C2y0WrcnKMd1JRbYA4Re9RrTaEE+g2X5RPvHx5NReiV89S/xtpcz6KJdwtrscVKWNtUCemN4W/UtK0=
V9QkWSUH2H6E3syQ9JQXWJ1V23Bq2Cejqn0Lnd7i/B2+f5H78Tth1Bw77frLsBL6att163BontnCk0B10ATEL/BjbkOWZTuR0ZF7l//XXbwGN5ukg1D4HT9cxaPHzwh12c0z1cHXdQd4MADqcS9M7nSCLBWzOLLzjuj9JIsDZ6zjKr1NJA2Swibeh9HjCrtd7gM2xeMkJYaInZ/XyGgNg63oQYMBeYAskoZp6C2y0WrcnKMd1JRbYA4Re9RrTaEE+g2X5RPvHx5NReiV89S/xtpcz6KJdwtrscVKWNtUCemN4W/UtK0=
s9CCed0vpccGj/qfLdh+6Z1V23Bq2Cejqn0Lnd7i/B2+f5H78Tth1Bw77frLsBL6att163BontnFkUB10ATEL/Bjb0OWZTuR0ZF7l//XXbwGN5ukg1D4HT9cxaPHzwh12c0z1cHXdQd4MADqcS9M7nSCLBWzOLLzjuj9JIsDZ6zjKr1NJA2Swibeh9HjCrtd7gM2xeMkJYaInZ/XyGgNg63oQYMBeYAskoZp6C2y0WrcnKMd1JRbYA4Re9RrTaEE+g2X5RPvHx5NReiV89S/xtpcz6KJdwtrscVKWNtUCemN4W/UtK0=
fvV+1hbveFbEvVIEuwvv6J1V23Bq2Cejqn0Lnd7i/B2+f5H78Tth1Bw77frLsBL6att163BontnCk0B10ATEL/BjbEOWZTuR0ZF7l//XXbwGN5ukg1D4HT9cxaPHzwh12c0z1cHXdQd4MADqcS9M7nSCLBWzOLLzjuj9JIsDZ6zjKr1NJA2Swibeh9HjCrtd7gM2xeMkJYaInZ/XyGgNg63oQYMBeYAskoZp6C2y0WrcnKMd1JRbYA4Re9RrTaEE+g2X5RPvHx5NReiV89S/xtpcz6KJdwtrscVKWNtUCemN4W/UtK0=
uE9PUPBxrav7UnSg8BE/tJ1V23Bq2Cejqn0Lnd7i/B2+f5H78Tth1Bw77frLsBL6att163BontnFkUB10ATEL/BjbUOWZTuR0ZF7l//XXbwGN5ukg1D4HT9cxaPHzwh12c0z1cHXdQd4MADqcS9M7nSCLBWzOLLzjuj9JIsDZ6zjKr1NJA2Swibeh9HjCrtd7gM2xeMkJYaInZ/XyGgNg63oQYMBeYAskoZp6C2y0WrcnKMd1JRbYA4Re9RrTaEE+g2X5RPvHx5NReiV89S/xtpcz6KJdwtrscVKWNtUCemN4W/UtK0=
yqnZxdBig0BzMpg0ngbXUp1V23Bq2Cejqn0Lnd7i/B2+f5H78Tth1Bw77frLsBL6att163BontnCk0B10ATEL/BjZEKWZTuR0ZF7l//XXbwGN5ukg1D4HT9cxaPHzwh12c0z1cHXdQd4MADqcS9M7nSCLBWzOLLzjuj9JIsDZ6zjKr1NJA2Swibeh9HjCrtd7gM2xeMkJYaInZ/XyGgNg63oQYMBeYAskoZp6C2y0WrcnKMd1JRbYA4Re9RrTaEE+g2X5RPvHx5NReiV89S/xtpcz6KJdwtrscVKWNtUCemN4W/UtK0=
bitdA9EnckeqLVpBplTOKZ1V23Bq2Cejqn0Lnd7i/B2+f5H78Tth1Bw77frLsBL6att163BontnFkUB10ATEL/BjZUKWZTuR0ZF7l//XXbwGN5ukg1D4HT9cxaPHzwh12c0z1cHXdQd4MADqcS9M7nSCLBWzOLLzjuj9JIsDZ6zjKr1NJA2Swibeh9HjCrtd7gM2xeMkJYaInZ/XyGgNg63oQYMBeYAskoZp6C2y0WrcnKMd1JRbYA4Re9RrTaEE+g2X5RPvHx5NReiV89S/xtpcz6KJdwtrscVKWNtUCemN4W/UtK0=
G2ztluNnREdYdQU1ABDlz51V23Bq2Cejqn0Lnd7i/B2+f5H78Tth1Bw77frLsBL6att163BontnCk0B10ATEL/BjakKWZTuR0ZF7l//XXbwGN5ukg1D4HT9cxaPHzwh12c0z1cHXdQd4MADqcS9M7nSCLBWzOLLzjuj9JIsDZ6zjKr1NJA2Swibeh9HjCrtd7gM2xeMkJYaInZ/XyGgNg63oQYMBeYAskoZp6C2y0WrcnKMd1JRbYA4Re9RrTaEE+g2X5RPvHx5NReiV89S/xtpcz6KJdwtrscVKWNtUCemN4W/UtK0=
nxJrjNJyPxgl6KMlcIBWJJ1V23Bq2Cejqn0Lnd7i/B2+f5H78Tth1Bw77frLsBL6att163BontnFkUB10ATEL/Bja0KWZTuR0ZF7l//XXbwGN5ukg1D4HT9cxaPHzwh12c0z1cHXdQd4MADqcS9M7nSCLBWzOLLzjuj9JIsDZ6zjKr1NJA2Swibeh9HjCrtd7gM2xeMkJYaInZ/XyGgNg63oQYMBeYAskoZp6C2y0WrcnKMd1JRbYA4Re9RrTaEE+g2X5RPvHx5NReiV89S/xtpcz6KJdwtrscVKWNtUCemN4W/UtK0=
JrsS7/hpRt8f9glNJ7u03J1V23Bq2Cejqn0Lnd7i/B2+f5H78Tth1Bw77frLsBL6att163BontnCk0B10ATEL/BjaEKWZTuR0ZF7l//XXbwGN5ukg1D4HT9cxaPHzwh12c0z1cHXdQd4MADqcS9M7nSCLBWzOLLzjuj9JIsDZ6zjKr1NJA2Swibeh9HjCrtd7gM2xeMkJYaInZ/XyGgNg63oQYMBeYAskoZp6C2y0WrcnKMd1JRbYA4Re9RrTaEE+g2X5RPvHx5NReiV89S/xtpcz6KJdwtrscVKWNtUCemN4W/UtK0=
fb6SF+S1E4WolobaupCW3J1V23Bq2Cejqn0Lnd7i/B2+f5H78Tth1Bw77frLsBL6att163BontnFkUB10ATEL/BjaUKWZTuR0ZF7l//XXbwGN5ukg1D4HT9cxaPHzwh12c0z1cHXdQd4MADqcS9M7nSCLBWzOLLzjuj9JIsDZ6zjKr1NJA2Swibeh9HjCrtd7gM2xeMkJYaInZ/XyGgNg63oQYMBeYAskoZp6C2y0WrcnKMd1JRbYA4Re9RrTaEE+g2X5RPvHx5NReiV89S/xtpcz6KJdwtrscVKWNtUCemN4W/UtK0=
x3SQh2+HrF5QdyAWfM2Ww51V23Bq2Cejqn0Lnd7i/B2+f5H78Tth1Bw77frLsBL6att163BontnCk0B10ATEL/BjbkKWZTuR0ZF7l//XXbwGN5ukg1D4HT9cxaPHzwh12c0z1cHXdQd4MADqcS9M7nSCLBWzOLLzjuj9JIsDZ6zjKr1NJA2Swibeh9HjCrtd7gM2xeMkJYaInZ/XyGgNg63oQYMBeYAskoZp6C2y0WrcnKMd1JRbYA4Re9RrTaEE+g2X5RPvHx5NReiV89S/xtpcz6KJdwtrscVKWNtUCemN4W/UtK0=
y9UX3ACBQkaxwHpvbCJIFp1V23Bq2Cejqn0Lnd7i/B2+f5H78Tth1Bw77frLsBL6att163BontnFkUB10ATEL/Bjb0KWZTuR0ZF7l//XXbwGN5ukg1D4HT9cxaPHzwh12c0z1cHXdQd4MADqcS9M7nSCLBWzOLLzjuj9JIsDZ6zjKr1NJA2Swibeh9HjCrtd7gM2xeMkJYaInZ/XyGgNg63oQYMBeYAskoZp6C2y0WrcnKMd1JRbYA4Re9RrTaEE+g2X5RPvHx5NReiV89S/xtpcz6KJdwtrscVKWNtUCemN4W/UtK0=
3fnK8lI39kNbgi5Sh22FiZ1V23Bq2Cejqn0Lnd7i/B2+f5H78Tth1Bw77frLsBL6att163BontnCk0B10ATEL/BjbEKWZTuR0ZF7l//XXbwGN5ukg1D4HT9cxaPHzwh12c0z1cHXdQd4MADqcS9M7nSCLBWzOLLzjuj9JIsDZ6zjKr1NJA2Swibeh9HjCrtd7gM2xeMkJYaInZ/XyGgNg63oQYMBeYAskoZp6C2y0WrcnKMd1JRbYA4Re9RrTaEE+g2X5RPvHx5NReiV89S/xtpcz6KJdwtrscVKWNtUCemN4W/UtK0=
kiwKmr1RTsoVp6rTGbffXZ1V23Bq2Cejqn0Lnd7i/B2+f5H78Tth1Bw77frLsBL6att163BontnFkUB10ATEL/BjbUKWZTuR0ZF7l//XXbwGN5ukg1D4HT9cxaPHzwh12c0z1cHXdQd4MADqcS9M7nSCLBWzOLLzjuj9JIsDZ6zjKr1NJA2Swibeh9HjCrtd7gM2xeMkJYaInZ/XyGgNg63oQYMBeYAskoZp6C2y0WrcnKMd1JRbYA4Re9RrTaEE+g2X5RPvHx5NReiV89S/xtpcz6KJdwtrscVKWNtUCemN4W/UtK0=
6QzqUXJ/+V2ufrEPlozec1Os+N9hxj0QH651Soy0pjmNPA3vs5Eh7PNZA6fPO3wdKHFancojp7ywZFadM7pMfnckM65NnAh16vUxWK/C6qFmRqNnnyvUxha3rumXtS2tMzWG7SLtbDYB34N2TwD9fydTsOmpkQvJwctNWwisuHaR83SyBJ8Axm3kCmb/tEX4ax9fsJN2BdGkkSqeVsK/zQPWAwGen44ZI/gdmvjBpwso9LUf3bR5nwFluHDiGtF0zW7pNqyAm8EUSOP8fk3DCItRmRiKUS95k3OnQj1Z0IkTCAeaqsB3fkmrM3fBmXKEO8ixdf29V8i0sQ==
eGH0YpXM0TsO1ByZyXqFZ51V23Bq2Cejqn0Lnd7i/B2+f5H78Tth1Bw77frLsBL6att163BontnFkUB10ATEL/BjZE2WZTuR0ZF7l//XXbwGN5ukg1D4HT9cxaPHzwh12c0z1cHXdQd4MADqcS9M7nSCLBWzOLLzjuj9JIsDZ6zjKr1NJA2Swibeh9HjCrtd7gM2xeMkJYaInZ/XyGgNg63oQYMBeYAskoZp6C2y0WrcnKMd1JRbYA4Re9RrTaEE+g2X5RPvHx5NReiV89S/xtpcz6KJdwtrscVKWNtUCemN4W/UtK0=
JWidbdhTsRaVoaiLLl+oF6Jhi8Z8dje0YUtkJ7+jWhuH5sXFKF4Szvm18eA8OsEBDHQ/1RTwGaXWuaZuM/uXupBNXIJpdvMTNaJPxoDP1Cmd9+Zqqn6Q+rWxPnGpeyWTdD9qah5lPK1aQVrv9MxZZk2Z+h6VOEL2Jf1lmBmr8YsTkwZlp/87Q2IEYKgR8pfBliv/CQaCothaU1mvBQwkCUBwja8o0VmfTME02h9mr0+PBafDUdCdreLEiTFD6shNozOIY8+mXCkK80JljdnMbhJ7YU1ddj1hfXnKQSh1PJwPo3HrArGQcdu0oA==
6QzqUXJ/+V2ufrEPlozec1Os+N9hxj0QH651Soy0pjmNPA3vs5Eh7PNZA6fPO3wdKHFancojp7ywZFadM7pMfnckM65NnAh16vUxWK/C6qFmRqNnnyvUxha3rumXtS2tMzWG7SLtbDYB34N2TwD9fydTsOmpkQvJwctNWwisuHaR83SyBJ8Axm3kCmb/tEX4ax9fsJN2BdGkkSqeVsK/zQPWAwGen44ZI/gdmvjBpwso9LUf3bR5nwFluHDiGtF0zW7pNqyAm8EUSOP8fk3DCItRmRiKUS95k3OnQj1Z0IkTCAeaqsB3fkmrM3fBmXKEO8ixdf29V8i0sQ==
JWidbdhTsRaVoaiLLl+oF6Jhi8Z8dje0YUtkJ7+jWhuH5sXFKF4Szvm18eA8OsEBDHQ/1RTwGaXWuaZuM/uXupBNXIJpdvMTNaJPxoDP1Cmd9+Zqqn6Q+rWxPnGpeyWTdD9qah5lPK1aQVrv9MxZZk2Z+h6VOEL2Jf1lmBmr8YsTkwZlp/87Q2IEYKgR8pfBliv/CQaCothaU1mvBQwkCUBwja8o0VmfTME02h9mr0+PBafDUdCdreLEiTFD6shNozOIY8+mXCkK80JljdnMbhJ7YU1ddj1hfXnKQSh1PJwPo3HrArGQcdu0oA==
6QzqUXJ/+V2ufrEPlozec1Os+N9hxj0QH651Soy0pjmNPA3vs5Eh7PNZA6fPO3wdKHFancojp7ywZFadM7pMfnckM65NnAh16vUxWK/C6qFmRqNnnyvUxha3rumXtS2tMzWG7SLtbDYB34N2TwD9fydTsOmpkQvJwctNWwisuHaR83SyBJ8Axm3kCmb/tEX4ax9fsJN2BdGkkSqeVsK/zQPWAwGen44ZI/gdmvjBpwso9LUf3bR5nwFluHDiGtF0zW7pNqyAm8EUSOP8fk3DCItRmRiKUS95k3OnQj1Z0IkTCAeaqsB3fkmrM3fBmXKEO8ixdf29V8i0sQ==
JWidbdhTsRaVoaiLLl+oF6Jhi8Z8dje0YUtkJ7+jWhuH5sXFKF4Szvm18eA8OsEBDHQ/1RTwGaXWuaZuM/uXupBNXIJpdvMTNaJPxoDP1Cmd9+Zqqn6Q+rWxPnGpeyWTdD9qah5lPK1aQVrv9MxZZk2Z+h6VOEL2Jf1lmBmr8YsTkwZlp/87Q2IEYKgR8pfBliv/CQaCothaU1mvBQwkCUBwja8o0VmfTME02h9mr0+PBafDUdCdreLEiTFD6shNozOIY8+mXCkK80JljdnMbhJ7YU1ddj1hfXnKQSh1PJwPo3HrArGQcdu0oA==
6QzqUXJ/+V2ufrEPlozec1Os+N9hxj0QH651Soy0pjmNPA3vs5Eh7PNZA6fPO3wdKHFancojp7ywZFadM7pMfnckM65NnAh16vUxWK/C6qFmRqNnnyvUxha3rumXtS2tMzWG7SLtbDYB34N2TwD9fydTsOmpkQvJwctNWwisuHaR83SyBJ8Axm3kCmb/tEX4ax9fsJN2BdGkkSqeVsK/zQPWAwGen44ZI/gdmvjBpwso9LUf3bR5nwFluHDiGtF0zW7pNqyAm8EUSOP8fk3DCItRmRiKUS95k3OnQj1Z0IkTCAeaqsB3fkmrM3fBmXKEO8ixdf29V8i0sQ==
JWidbdhTsRaVoaiLLl+oF6Jhi8Z8dje0YUtkJ7+jWhuH5sXFKF4Szvm18eA8OsEBDHQ/1RTwGaXWuaZuM/uXupBNXIJpdvMTNaJPxoDP1Cmd9+Zqqn6Q+rWxPnGpeyWTdD9qah5lPK1aQVrv9MxZZk2Z+h6VOEL2Jf1lmBmr8YsTkwZlp/87Q2IEYKgR8pfBliv/CQaCothaU1mvBQwkCUBwja8o0VmfTME02h9mr0+PBafDUdCdreLEiTFD6shNozOIY8+mXCkK80JljdnMbhJ7YU1ddj1hfXnKQSh1PJwPo3HrArGQcdu0oA==
VTlRu9sOMrpGKPSbtXOyHMXSv8VuqDuJe64HyrCl1qvIBgA9U3j/N341kUrzk7UpRQXYMRdEVtwdkNhFYkNk8pJrCbKoWt/OJLZmp0x9BYSIPi/JJ1ezhhXPBbbKVhbkNZA7qbqO7Jrnv60NEpmMeeSFHqQh5vXM7s27IDJIfqMfrP0pNsOQQSgTx7fRqlwa09iklezOaLPOD6ca7A546t1YFCotnnK98T2K9bSKwWc7Db/SIGJhOx+ES6IMv5V0XpbQY/UV1zGUODOuLGbQJdVRCsnAtge+e8W3KiQS4dxMFBB15v5QCNWnPFYSeJ3ko/ww5F8RXXHvPllnP3bLWcwfWroPBXP1uI5Qj1xYEX9jF5U8J9fYT6Cat/Dx1pBDXyyiqVfPCQPcASWXyTeYRJrc45qVpUw7ZU0kCpDs4HNjGzfEhg0aoJdLajkrazZBTi5tju2rldX9x/MYrxnY5DMFcWLqCTkjUgfNzq5d8LO4EX+xTgrI63sJ/36P1UfZcHWavR4YVXPrD0BZ4oWhtNo=
Djxo0DZSij3bQZftA51DO6o9pxtdZByKd1Un1BDgcbTR2HUl0bpsHig+kegBjXiN/gxHNmuiUFSyGYV/h54pjjRNl6wLWlGTf66WGWSRawU7RkRN9OCdVgkIbvhtospT4IV0gApELTsAZyJ6zTqh+38vGYEvsVDwWK6Eow98/AseDZPKViINV627WdUB8LvYrF8a1tKrgd3Qk5vjbcAmNfiruqgCK+7sUDnFrI9dGR0sosee51BmsRz6s5IGzD51KSaEyyxPB1S7POkpakTi5aATZZAbRR0xaDzWFueQ1j0k8sx5Du9x5/BbMMhVK3p7Hr4ERtYfkA4vhrkifB47hqA46ZllBR7u69htxRznA9Xekv/mnRqolkmj5w14UEyooMOTqvYd7RaBwvsBM3L74BF7ZL+2jK6EW1czaE8jFmn60wN2ISggpyNx+KqZnfViLXWBi+Si2pz1Lj0QZVRkNq9LdIafDuZrh7Kbz3VaYke7U9Pdu9BFn7STozbLOKK2gzTppY9FmX92fmsWHXdV64OitN8=
YWmz/xqJfpB+gzBtQdI3C2ZpaBfsBcG4zYVQDfrp72tqhC5X3WDx56BO+mJFJeTYQNPebmLLLoegeVQ45Rsae2SBZLdf5Xgmn3jEWTI353mHNwENGOakp68wMv0C2ASycH8KEbMEPlJpETFb1bbTY5MubJoghAOcHfHsImoqgfN7FRT1urlS6Zg896qT/Ojh7XiUxMjDqWDbMSDvVvFOn1Fvl8ZqGuW04k16Qg4DCCOxAsrCzopr1LJye7J0jZdxXG0y5nenDWG5yvYuB4uZKB36KrOjFGhadvtjuREB8jQldmoKZqVjPUwR1rphjr1pIbKC3te8ehg2LbBS1riz6+pOFBSrJBWQtnyJXTtB6RIPP5n6fTl603yiGSm1Rd4CxlcaNCd/VXvT5LFbvv9mtqHo1xomI+mgBPEB4w8zuk3zD09bLoSssOWCQ+kqi+PhclK24NYTVdeRXBCh3JDxR3zhbQeAwfhCK1b7p/PlO2tlgAnV7oQFCVc6vKW/kzRLG9aoMcZzDn35KZhGrtt9JakmKVnxuca5vKUINJPDjYPWgaTpl7Ts
295UKWhM+16jrVLXaxlaC43I6O7gGZlDZugHn4ERMjTg4w+2zFvrfmwypnGq1cgIS9EosKqt5sBtPIGV6Xz4omixNUcUtYeXkDMsOOZd5S4PMuNSv+m2+2kSfOk3exDD9DW7SVNyRHGMpG36gZyOJDXG2l/I8bR8ssCd18gzAmbVHvE3l5uZPdd1INxQuuT/15hsh7b507ZuJj075W/5SZlUa5TEaxrqqu9xcVgHez81pDY50N96VLqvXgCYbeWwl3lJ0cQWRyIflBadFO7Tzt4orvmB0sS3FEs3OPPoSbXy4DKpyCdlrGMB7Z3gqDbKv/TGMQyGDIW2a8ELOA8Q1E0PKrf2CoT6LtvgIieS2X6k+qsKCMyp5V0BLoKjDM1ZhEPTmbam/9rlXlg6wTcH0SA0XKSIt1NWTpld+kmW2x0rVqss+c/kA05I3qhTQ1M0l8eG5VInQwoZLBDLa6VYNgE5JS5FQYG3nOYqMH263cw9MHQ6hz+0eieKVodP5rvTbX4yi1PnU2FDFDWzvIfDahPcMjorwKnZt0GpEz6qy4qF04Wn65a04w==
295UKWhM+16jrVLXaxlaC43I6O7gGZlDZugHn4ERMjTg4w+2zFvrfmwypnGq1cgIS9EosKqt5sBtPIGV6Xz4omixNUcUtYeXkDMsOOZd5S4PMuNSv+m2+2kSfOk3exDD9DW7SVNyRHGMpG36gZyOJDXG2l/I8bR8ssCd18gzAmbVHvE3l5uZPdd1INxQuuT/15hsh7b507ZuJj075W/5SZlUa5TEaxrqqu9xcVgHez81pDY50N96VLqvXgCYbeWwl3lJ0cQWRyIflBadFO7Tzt4orvmB0sS3FEs3OPPoSbXy4DKpyCdlrGMB7Z3gqDbKv/TGMQyGDIW2a8ELOA8Q1E0PKrf2CoT6LtvgIieS2X6k+qsKCMyp5V0BLoKjDM1ZhEPTmbam/9rlXlg6wTcH0SA0XKSIt1NWTpld+kmW2x0rVqss+c/kA05I3qhTQ1M0l8eG5VInQwoZLBDLa6VYNgE5JS5FQYG3nOYqMH263cw9MHQ6hz+0eieKVodP5rvTbX4yi1PnU2FDFDWzvIfDahPcMjorwKnZt0GpEz6qy4qF04Wn65a04w==
hRm5Rw3qYYuB/ztrbDwdx7JjNC3i6qW5sIy7MbZHSRotcOwfdD6peaA8PmnXj6ms+pYEQqGsVKII/SH/Dmh2DJjnK8IbqieLMBTjM6LnFQAPhh2TA5Fr5d7jpfPEx2AGNSRF1r7CCbTSUdzrVKr+gmVprJmS4EmMWVkjYdlL+5c4wlSwlNkrqiRJYqNzIOKkhcVBBSmPxQaDurBRGtzGzakvHM3LWYlWvrdERRoCdm0mPnxH9baLa2E/8GyH1LP2jgOQZCNooppmt9UI5KEYSQ9G1wIZ8y4yWgc8neUaj6O1QyTiBiyDhs4/GJzsU/opObVcpYBS0Z2C2ULwxIwCOfg8I5ipWFjI48Tclglz0YOWfAdmHZ/YETu3wpz/7Il8gGSF/be3nMbUKhwtMwCCWyXErbzLGzdEg8LNtST14ipGNtfJo5LrdU6rBv1jHBUuKLVPTwhw3etNgLH7AQFwRHLuufDtKgFCfDSTJVSsa8iuOStMK1Xx7Jrl5x0TF2/2La24jbNM7+569P+aCU87wxHtmsAbTNmBbYmfrLTV
6QzqUXJ/+V2ufrEPlozec1Os+N9hxj0QH651Soy0pjmNPA3vs5Eh7PNZA6fPO3wdKHFancojp7ywZFadM7pMfnckM65NnAh16vUxWK/C6qFmRqNnnyvUxha3rumXtS2tMzWG7SLtbDYB34N2TwD9fydTsOmpkQvJwctNWwisuHaR83SyBJ8Axm3kCmb/tEX4ax9fsJN2BdGkkSqeVsK/zQPWAwGen44ZI/gdmvjBpwso9LUf3bR5nwFluHDiGtF0zW7pNqyAm8EUSOP8fk3DCItRmRiKUS95k3OnQj1Z0IkTCAeaqsB3fkmrM3fBmXKEO8ixdf29V8i0sQ==
JWidbdhTsRaVoaiLLl+oF6Jhi8Z8dje0YUtkJ7+jWhuH5sXFKF4Szvm18eA8OsEBDHQ/1RTwGaXWuaZuM/uXupBNXIJpdvMTNaJPxoDP1Cmd9+Zqqn6Q+rWxPnGpeyWTdD9qah5lPK1aQVrv9MxZZk2Z+h6VOEL2Jf1lmBmr8YsTkwZlp/87Q2IEYKgR8pfBliv/CQaCothaU1mvBQwkCUBwja8o0VmfTME02h9mr0+PBafDUdCdreLEiTFD6shNozOIY8+mXCkK80JljdnMbhJ7YU1ddj1hfXnKQSh1PJwPo3HrArGQcdu0oA==
6QzqUXJ/+V2ufrEPlozec1Os+N9hxj0QH651Soy0pjmNPA3vs5Eh7PNZA6fPO3wdKHFancojp7ywZFadM7pMfnckM65NnAh16vUxWK/C6qFmRqNnnyvUxha3rumXtS2tMzWG7SLtbDYB34N2TwD9fydTsOmpkQvJwctNWwisuHaR83SyBJ8Axm3kCmb/tEX4ax9fsJN2BdGkkSqeVsK/zQPWAwGen44ZI/gdmvjBpwso9LUf3bR5nwFluHDiGtF0zW7pNqyAm8EUSOP8fk3DCItRmRiKUS95k3OnQj1Z0IkTCAeaqsB3fkmrM3fBmXKEO8ixdf29V8i0sQ==
JWidbdhTsRaVoaiLLl+oF6Jhi8Z8dje0YUtkJ7+jWhuH5sXFKF4Szvm18eA8OsEBDHQ/1RTwGaXWuaZuM/uXupBNXIJpdvMTNaJPxoDP1Cmd9+Zqqn6Q+rWxPnGpeyWTdD9qah5lPK1aQVrv9MxZZk2Z+h6VOEL2Jf1lmBmr8YsTkwZlp/87Q2IEYKgR8pfBliv/CQaCothaU1mvBQwkCUBwja8o0VmfTME02h9mr0+PBafDUdCdreLEiTFD6shNozOIY8+mXCkK80JljdnMbhJ7YU1ddj1hfXnKQSh1PJwPo3HrArGQcdu0oA==
6QzqUXJ/+V2ufrEPlozec1Os+N9hxj0QH651Soy0pjmNPA3vs5Eh7PNZA6fPO3wdKHFancojp7ywZFadM7pMfnckM65NnAh16vUxWK/C6qFmRqNnnyvUxha3rumXtS2tMzWG7SLtbDYB34N2TwD9fydTsOmpkQvJwctNWwisuHaR83SyBJ8Axm3kCmb/tEX4ax9fsJN2BdGkkSqeVsK/zQPWAwGen44ZI/gdmvjBpwso9LUf3bR5nwFluHDiGtF0zW7pNqyAm8EUSOP8fk3DCItRmRiKUS95k3OnQj1Z0IkTCAeaqsB3fkmrM3fBmXKEO8ixdf29V8i0sQ==
JWidbdhTsRaVoaiLLl+oF6Jhi8Z8dje0YUtkJ7+jWhuH5sXFKF4Szvm18eA8OsEBDHQ/1RTwGaXWuaZuM/uXupBNXIJpdvMTNaJPxoDP1Cmd9+Zqqn6Q+rWxPnGpeyWTdD9qah5lPK1aQVrv9MxZZk2Z+h6VOEL2Jf1lmBmr8YsTkwZlp/87Q2IEYKgR8pfBliv/CQaCothaU1mvBQwkCUBwja8o0VmfTME02h9mr0+PBafDUdCdreLEiTFD6shNozOIY8+mXCkK80JljdnMbhJ7YU1ddj1hfXnKQSh1PJwPo3HrArGQcdu0oA==
6QzqUXJ/+V2ufrEPlozec1Os+N9hxj0QH651Soy0pjmNPA3vs5Eh7PNZA6fPO3wdKHFancojp7ywZFadM7pMfnckM65NnAh16vUxWK/C6qFmRqNnnyvUxha3rumXtS2tMzWG7SLtbDYB34N2TwD9fydTsOmpkQvJwctNWwisuHaR83SyBJ8Axm3kCmb/tEX4ax9fsJN2BdGkkSqeVsK/zQPWAwGen44ZI/gdmvjBpwso9LUf3bR5nwFluHDiGtF0zW7pNqyAm8EUSOP8fk3DCItRmRiKUS95k3OnQj1Z0IkTCAeaqsB3fkmrM3fBmXKEO8ixdf29V8i0sQ==
JWidbdhTsRaVoaiLLl+oF6Jhi8Z8dje0YUtkJ7+jWhuH5sXFKF4Szvm18eA8OsEBDHQ/1RTwGaXWuaZuM/uXupBNXIJpdvMTNaJPxoDP1Cmd9+Zqqn6Q+rWxPnGpeyWTdD9qah5lPK1aQVrv9MxZZk2Z+h6VOEL2Jf1lmBmr8YsTkwZlp/87Q2IEYKgR8pfBliv/CQaCothaU1mvBQwkCUBwja8o0VmfTME02h9mr0+PBafDUdCdreLEiTFD6shNozOIY8+mXCkK80JljdnMbhJ7YU1ddj1hfXnKQSh1PJwPo3HrArGQcdu0oA==
6QzqUXJ/+V2ufrEPlozec1Os+N9hxj0QH651Soy0pjmNPA3vs5Eh7PNZA6fPO3wdKHFancojp7ywZFadM7pMfnckM65NnAh16vUxWK/C6qFmRqNnnyvUxha3rumXtS2tMzWG7SLtbDYB34N2TwD9fydTsOmpkQvJwctNWwisuHaR83SyBJ8Axm3kCmb/tEX4ax9fsJN2BdGkkSqeVsK/zQPWAwGen44ZI/gdmvjBpwso9LUf3bR5nwFluHDiGtF0zW7pNqyAm8EUSOP8fk3DCItRmRiKUS95k3OnQj1Z0IkTCAeaqsB3fkmrM3fBmXKEO8ixdf29V8i0sQ==
JWidbdhTsRaVoaiLLl+oF6Jhi8Z8dje0YUtkJ7+jWhuH5sXFKF4Szvm18eA8OsEBDHQ/1RTwGaXWuaZuM/uXupBNXIJpdvMTNaJPxoDP1Cmd9+Zqqn6Q+rWxPnGpeyWTdD9qah5lPK1aQVrv9MxZZk2Z+h6VOEL2Jf1lmBmr8YsTkwZlp/87Q2IEYKgR8pfBliv/CQaCothaU1mvBQwkCUBwja8o0VmfTME02h9mr0+PBafDUdCdreLEiTFD6shNozOIY8+mXCkK80JljdnMbhJ7YU1ddj1hfXnKQSh1PJwPo3HrArGQcdu0oA==
k+6oiFA+U3hlkN2roPazyRkJ/pai3AFF1aA9Uz1pLgzqDepKfRIEQFQrsJXf2Wtt8sz4Xg05YcOYPpwoGtZPtaCC1ek4H22glb1ZdEv93Hk/8nMTFNC5l6SBRfe4wcCyAzYjd7ul89sdIOFFdgSdmf/aBNV3U3wbw/bAAT5zdk0RCcCWZps11RFGgclpPVop1wXwhNsDRdOOYYyZr7TU
zt+7VH/gWHJh8oD/e6EHKo+tyUqeXQC/oCUQ1xqFjzY6UFDFQpqbp6hosyzhyDU8DqWt27h8E5nwIR1brUNRoWx453G3nTieWrebUIKWkt1SI2LARSjxTaRx5Q7VlDyG0xnnlZbcvNaxGX2LHE54MNZWA63EclEhIzzRKFGtvQzHvdBBm2I3G2gwJV+gseFvdMEMKqcGJ78nRY/TWbBFfXpEEeEbysBdy3Ng00cGpBly87pV9XlE3nq7iV1VVuUx5f1WEXOVNIwnY9mbilEoAeO0mA==
4L8BnDQcrLROSLH415+DICQVmovj8fCFCv8AIV6ecOVkSEFmB4NwupcAI5xRtJ9i+2kXHmazYWjvfEZSpa0PWBOV9Fs4oph7iPnA01vmMjd3RLWVXtferDmfKV8Dn4cbqo4FC1PbuHrhCzKwB9Rh8dQu5nMuxxxEiAWPnzOFXbHN5OwZefMgEjNJzmz6TJVaWQdGQOuD7gkP8/pBgrZJvmlj6TWhzzeIS2FUpD+91XKugWUD7k/JvkpFPDP0CRtBSsJ0y6eBO24rbUsd+I39LVoQiRMXR8Rpxh3ttJY=
SsimcJ6C6j9dhUCXt+XDXrSSjKT0uW04RruQSsigxTGGmyJIueHiGA8baFuEZkYPeVpFgQcKKTtERJsaocl4MOGXuH5DOMqmyPaG6pO67d6r2/ZP3g23Syfui3GS+v+98pHx7RaUVVYMYKlfeZO/StM8slpr4Kr+9yIp8/6Ky6pFMwXHq7a0ww==
Hx7FNqFkKirslX0+4/PGP8fXeQQlnlnVSt2I1GohwHvxW44sW3RTaVRnz4W0SLe4atnC3gM9KOPdsKmQPXsBEzqfgBSkLTsfgal+YFE8+PkNC1ziX6FarO5kOeplP3Lgf9vyWeObDkF23qXudTt9lZX3CzjnSUBkq1W5gtJ5EeP6l1VuZm2Is0AhNxHWmmCrU/nHHscF31rvpVGdZii9s4Of2Lmq9Zm04g==
QRhMX2SsDnBE5/I2cVMElVUuUueUikKiP5NYcoZmzX+Y0O7e6dv5RjlH2iJAzb8jeniX9ZNifvDc/jlE2w3pUcDPF9Z/rldXfEIOjeEKDV3mRKunvPGKAIZGHRfIqI3DrajBwwE5AGySxukoLXJRqtxcI93U1NsgDlH7lGsNIcT6zRclEy+f3k2FaNXzlD+G2hxP4oqwi6ixBcqY25SJqY2h75S07Q==
wMmIdxIfsnV9tTO6J/GqTOuO2RMt2ShHZoPXbQEO0Brfy+i6xi49J7go/tbp0+m+GR8qagAFD3uawAd9E+ruSLwmiQwbxZmJ4LcH3n+mRy9cmn5FIUK9hYb8Oy88eRq4Zh6t34jgfZuNUNHLATEQlLKeGWBtuuHyPOSzVVRcS5huiUvcq8VRHNq1By0TJ4+mbV0YHTPcj166pN9qCjgbEFFdelCb3HnxrVn/nLTl
eEx3SpbWlbxREkhxCUxhJhB10lyo2g+NgU0HYYoAKX3qIMc9/IjWIDEtsC761OnN1aRhCR548CsjkfLmIx/z1LKy5BBdfssL1UOo8cOcv3g79eTMiheRrNEvLprfjZyHhgL+aDltGG7xEQXWVUmBr6wOSgit8h0UTZjUQhe3NOKX4rY/Hy77i51WEnND71N5c/xVi2zPA7JjdJJCu0gqRgcqSatuYovSdfulX/uetPs=
SOGxQxSofBzOwtvgUDUReP/4oRElyaLofUgnhaxAlnjBBZDW6tzp1eVMATHOMDDzUzlSnrOXc0wC2gSoDbaLUyVriAnTlL9gCx2E9FpfUXShh47iTwUcHzZqHtBppVg2ATklLkVBgbec5iowfbrdzD0wdDqHP7R6J4pWh0/mu9NtfjKLU+dTYUMUNbO8h8NqE9wyOivAqt63QqkTPqrLioXThafrlrTj
62ij0SZG7AjsPBIJa9AyCYzecwN1ilzOU8vbk3A6127xW44sW3RTaVRnz4W0SLe4atnC3gM9KOPdsKmQPXsBEzqfgBSkLTsfgal+YFE8+PkNC1ziX6FarO5kOeplP3Lgf9vyWeObDkF23qXudTt9lZX3CzjnSUBkq1W5gtJ5EeP6l1VuZm2Is0AhNxHWmmCrU/nHHscF31rvpVGdZii9s4Of2Lmq9Zm04g==
h0zGFQyqWr1UmvBoF09HYP/4vB0j27nhTUgnhaxAlnjBBZDW6tzp1eVMATHOMDDzUzlSnrOXc0wC2gSoDbaLUyVriAnTlL9gCx2E9FpfUXShh47iTwUcHzZqHtBppVg2ATklLkVBgbec5iowfbrdzD0wdDqHP7R6J4pWh0/mu9NtfjKLU+dTYUMUNbO8h8NqE9wyOivAqt63QqkTPqrLioXThafrlrTj
zBWMvx+B3s6Uo170YerOKBggGbmYCniS1YbVuVdZci3VX8rGrxfQ5iYyBTvINMbK6c/RomkDEnbgWTen6hw/IdO2VpTM+jFQ+1khFZArv0L/Ov+zLAbG2cEeBVn2IINz/CUiZBbClYNo/EWH/Uzp1wEtKIjCgiF8jebZLkw4iwmUAPNEHlXzgEtZ6YCqKb+xk7s3Oh3BoIHTgDeCynhnNspkI8whgUIMe8BB7d1Fx4C0+Q==
WdfMdRyCXFdr9mfkxO+0UBImfxsWOp64/41+KhV099GUrPZcKRmgIvLQ6dHtsBElNhwQF3tloqrrWzMIymZUfLXaa/dN9zh9Sxg/5INhFGAi8/EQCVv+VpdJ3Nt+Vs6EUUk4EuklFdpdTYGzlBo6JIWW/SgVbIQO3/P0Pu82BlP3ilt3BeKC/8tr0+XLaKUnxCtjDrsAQo7zjGoa/355RwZGq65tz7VT85q05w==
lKg95xFktAOW9wjhK27D0BMvYgwQOdeqr4NiIBA1w5+Ytv5JKRmgIvLQ6dHtsBElNhwQF3tloqrrWzMIymZUfLXaa/dN9zh9Sxg/5INhFGAi8/EQCVv+VpdJ3Nt+Vs6EUUk4EuklFdpdTYGzlBo6JIWW/SgVbIQO3/P0Pu82BlP3ilt3BeKC/8tr0+XLaKUnxCtjDrsAQo7zjGoa/355RwZGq65tz7VT85q05w==
zZkqxWaqWfLdl19JKY4REs7RUkHLkaU+ij8oliEVVX1vSIfaqgD3PkpsszTBWfJEO4gxtf391wi0cQ==
7IZe9lwq0ViAYoWdOBRYCY9d8kREad3BNHTEIZs7jcWZZlk5QboxmQ/leJSjQ50jhsH0yQe0fA==
Dvg83eDMdKkLxV/Gs8nmJR+zeuFcYXO7qSFU1IL+N7/9P08j3jWEAqvpTz6fdbfaxxWJfe44BfPb79AZkiVxtAo=
gsOD3YPzn38zAQeC0y2lGZcBvR3SSuonovc+c4uISPXl7yg6kSUYe15Heb1lFrVRlfrlMaNVxCwX48n72hGYIXO0CA==
4Lx/sfJp6hDr004I8ACWfjYhPAqwJDDm9gMU2HBjGo/KPpSxy//twgMk0vKb2Cq25/qJm85yC6IVq+Xv2w60Cw==
zZkqxWaqWfLdl19JKY4REs7RUkHLkaU+ij8oliEVVX1vSIfaqgD3PkpsszTBWfJEO4gxtf391wi0cQ==
7IZe9lwq0ViAYoWdOBRYCY9d8kREad3BNHTEIZs7jcWZZlk5QboxmQ/leJSjQ50jhsH0yQe0fA==
gTYAvtxoRRZrpHjjl6t5BKo9pxtdZByKd1Un1BDgcbTR2HUl0bpsHig+kegBjXiN/gxHNmuiUFSyGYV/h54pjzRNl6wLWlGTf66WGWSRawU7RkRN9OCdVgkIbvhtospT4IV0gApELTsAZyJ6zTqh+38vGYEvsVDwWK6Eow98/AseDZPKViINV627WdUB8LvYrF8a1tKrgd3Qk5vjbcAmNfiruqgCK+7sUDnFrI9dGR0sosee51BmsRz6s5IGzD51KSaEyyxPB1S7POkpakTi5aATZZAbRR0xaDzWFueQ1j0k8sx5Du9x5/BbMMhVK3p7Hr4ERtYfkA4vhrkifB47hqA46ZllBR7u69htxRznA9Xekv/mnRqolkmj5w14UEyooMOTqvYd7RaBwvsBM3L74BF7ZL+2jK6EW1czaE8jFmn60wN2ISggpyNx+KqZnfViLXWBi+Si2pz1Lj0QZVRkNq9LdIafDuZrh7Kbz3VaYke7U9Pdu9BFn7STozbLOKK2gzTpoo9GmX92fmsWHXdV64OitN8=
NU+ljg6wJOE4+yZ+8WeXVJzP1f2lgahnsk0SVW1qlm5V0I846emoc47UP334jbn1AZK0Ms5gqRCa+bT3aWKJ4uN7mp1rxCxmv4L3iAnVO3RGpwjzw/OvzMTDaBIlMG2yniYh4IKFFK8U7jZWNT0EfTKE4RjJzavlWc9zA6hW/NQ0PYP+dJ2q5zNkKnDVkWnhCevtEpOuuFUa2M7ZuTs0qeu9oQLuY4wBWka+uXZq1KNV0iP/8at46AdQO2IelzgAg4wKzjZjHUyk5dCdXxL/5jmXBiZKEzSZ5R6Ht6VXDIYmyKvSnuvQ2KwXMv1p4fRBIDZ5CRJNynRECIqtaKiL/Am88JyzEBTSSTcZV8YoL4I9+/AFK6PKmP/ogWiQcK2Zl1O0koT+1GlzREqPdZAFWGt/n9ATVkUxpHFqvtaif60DdkMhHn/OuSNY3fp44WerKBT1/12Uuf8BBXhQYvqRlM3OKRYs4FthFOijHP5tg6iLMVl4CnFvmZOT52K9ORDpE6hHuiogN95JDPMUQbmyJDso8ZV9nZeotNE=
NzpkVlTa7GpaLZVTG2AcPRkJ/pai3AFF1aA9Uz1pLgzqDepKfRIEQFQrsJXf2Wtt8sz4Xg05YcOYPpwoGtZPtaCC1ek4H22glb1ZdEv93Hk/8nMTFNC5l6SBRfe4wcCyAzYjd7ul89sdIOFFdgSdmf/aBNV3U3wbw/bAAT5zdk0RCcCWZps11RFGgclpP1kp1wXwhNsDRdOOYYyZr7TU
mowWpOeWKrBHlja6EpCQ24+tyUqeXQC/oCUQ1xqFjzY6UFDFQpqbp6hosyzhyDU8DqWt27h8E5nwIR1brUNRoWx453G3nTieWrebUIKWkt1SI2LARSjxTaRx5Q7VlDyG0xnnlZbcvNaxGX2LHE54MNZWA63EclEhIzzRKFGtvQzHvdBBm2I3G2gwJV+gseFvdMEMKqcGJ78nRY/TWbBFfXpEEeEbysBdy3Ng00cGpBly87pV9XlE3nq7iV1VVuUx5f9VEXOVNIwnY9mbilEoAeO0mA==
E4Rk/qM3Bxg/L8emiDHNJCQVmovj8fCFCv8AIV6ecOVkSEFmB4NwupcAI5xRtJ9i+2kXHmazYWjvfEZSpa0PWBOV9Fs4oph7iPnA01vmMjd3RLWVXtferDmfKV8Dn4cbqo4FC1PbuHrhCzKwB9Rh8dQu5nMuxxxEiAWPnzOFXbHN5OwZefMgEjNJzmz6TJVaWQdGQOuD7gkP8/pBgrZJvmlj6TWhzzeIS2FUpD+91XKugWUD7k/JvkpFPDP0CRtBSsJ0y6eBO24rbUsf+439LVoQiRMXR8Rpxh3ttJY=
NzufTxp7wq4eV3eyrMhvcfctNglVOD0TPI8UR9ypi1QRI7M1QvbE406zandPkbNOUz1zkwNdRU3SACHT//fMCZ4tdbQO
3KKJqjb+zh5ceHn1dot3ZN60on7k8Htjj9JZRVtuXVGCZyJcNnQqq3AgxZrypg60MRm4wgkVVar9nYFjNGp6FGVGfXh1XET+f6P0bk/GxmOX2tun5dLCj2u70zVrGOUXJPvjXtswgn5T3GNKX465d2YWK36N//UjU0q0Nw==
fDOTAk8p4d8bUHx4DTOE1frAoBn2jzM/4JazGXkAHcm/smU4IR0iiWTBSwTja+IzireCFVUsDx/t9RxKWpuQjzSHUa1tNo2B7XNdYVs1zDx/I2FLUnFAEWu0EA==
rv+54tbhQ78DZYd5zCUC3OAhp0FhtEEthJFmFjWV/5iLRUkCE5S3hYRlwqHt6EUzNJ/8B3RZA/TJU6s1WgacQ8bDwrcngbtuq23LE3uNfS3aEAkTl0dEaUYdbbQW
WDsIcMo2naYCciI353zgT8kSiGRQhmA3s5FmFjWV/5iLRUkCE5S3hYRlwqHt6EUzNJ/8B3RZA/TJU6s1WgacQ8bDwrcngbtuq23LE3uNfS3aEAkTl0dEaUYdbbQW
q1Ge0JPdYtrEb93cQud1Viy9lQathGIWMZ3jiGd9LSL3zJt1uC0GYamguYNYR1hn0KGvZFXbL7XejgDTartmV4PZV97XpQ9TP0VBXfbIbTNzfyh5WhVptBI=
4qzOL/nEVW4QgIuGnUC84THe5PvT8cM9bd3TNrhiRmGEUl4WDWXH+KO1gUJbRB/lHPVaIXV43ZNcTzRHPGnr1LFjUzUiNmRjrvMKd2/RU84z/VOT4x3lzXJAwdPfN2yJfm1VtC4=
K7fbeBoY6jg/uu7SjqBpX5yzTw1KpHa8NZdfPKyFLM6+mdZMJwQ87vO+ipIeRCnpyy1xpKqO52G5Gx9lQwDo1E201QNUR4eDlRVfhuso4ibjROPS79bZb1bO66Y9Z5V7Y1K0Lw==
S1QvtUyaQX8AUbZFU/3AUhEMbyIkGII8A88xR6uytoFTKX0gASowCMg+c3p2xc42DvFd+QxpRVm0dLKK3ZwnZtZ+P/UjUD36Qfc+gPNTViknYzJBSiZhntGz8fXZPy8o41GcJPfNPRK2sd3D9p+xXiLVdDM8mfMhspJsix+xI45DnQOTs71VjUJgcVMPF3xJ7o2ltN4=
Ngy3mTZkhTqxSJ3PoUNGfAl+bz9ce25+TeGGoEQFOva3uedQLrXOPFEuKcXx5ApvievfN0sw48mJ2Sxxv2yiBHlox3oq4LceQ0xzVEH5MmQ7aHFVfV0XaLQR
Q/xDRua5bBF9XM/2utaZAtPLyRgQhfdiZRSKLEWD28NihRGnB0Eb7sut6xObzd2tutBpE7cHpOnm3Q20dg==
Q/xDRua5bBF9XM/2utaZAtPLyRgQhfdiZRSKLEWD28NihRGnB0Eb7sut6xObzd2tutBpE7cHpOnm3Q20dg==
DDOgsy39u8xjiykUTDVkyb9O0TBsn0ZKcAtAnn8NWi/h3kLUnHpOUDLSetGrM55nIz7H8oWWsNeIuuGGzVR2DVdN/Sr+oGRn/YoNGV4sWhEkdRXzMUkSV3l6naZABoIIwifH4krlpknSv2FeOgBG8MDHCDwB5kA=
