fzBn7LD0X2I+4taqMOzKL3H6/5p989rz67uDvf66SY00ovWcFYmKeB8bUZ4iJ3dtB9ErnciomtokhqozX8PDFLIldsC7Y37JP1MqQVIWeX75g7m1ke/HyFvB5KRPXcWyHuGVgz5vWX46pWwzJGnrAdriJEvXYYsuOw27HEot6uwqPLiTxydUKfa9vbTG
W+1PIqf5llUscCgovi5WiVp5Fz12WgZpbif5Yiwx3HUBntVYAtZXRWgirXmW2prIjc5c+q1VcRR30mvjPJDRBxxhjcegwdiCy9ab59Pl2ysFAKkVzoRlSbe6HOWfk9SLu1YI8SZzbj1ZqTgGzttd5QmmSZkRvOD5GCTo+PLDrUM2AcSpt7TM
H3j/4eedO/58+kjRP7oyJYKyv/vqWHBJFt2Yh4RQRSQAQN7K/FbMDSBDbl8S8p2DzLmX14xsKEOLjuxChffnUUKUROtcytSA7lY7HXzSmREPf2TgmZ7oAgEVHSyDAv+LgHDNL2jRGR+MwfRaX2bvz88FZ0OR0F0tosTJsQPqCM1jM0jjj6YcqUrzguVN2QzuUnshzR12/eG9fAzBbHR8EE6jsWvCsVDxm7Tg
9HFge4th/2h6Wks+efGC6o0+I+tYXgbzYW/XnApbtjArHV4u8w5GBG4geuc4ZIWmypI+mBk9mN4RAUWm9ZmBn8yeiviNop2krYiUMrdnNNL3cnbPP357O31GUgPjP1NJE2yVe0yfgwKDZNIyG5gsd2e9iFtCMwtilevlL1tOtMs=
BmdXjY2yhxM+lwE1HYusOiwjOaDQXSxEL2grbhvU2Qk5DybTWTaL4WIvNryzue6SO9On6JYkavsQUMXqkvZO5JGpOHKpxZV6HW2Bk9S6usTF9v3I1QwErh/T9B4vloYzN2pbF0UCAl+LS9PFi8glx4RLY+57YMIuM6xsOz/Z+CfKp6vOLS8187O6tMc=
AKXu838wsPfsLS00Kfga7SwjOaDQXSxEL2grbhvU2Qk5Hi7dXzmKs2IvNryzue6SO9Kn6JYkavsQUMXqkvZO5JGpOHKpxZV6HW2Bk9S6usTF9v3I1QwErh/T9B4vloYzN2pbF0UCAl+LS9PFi8glx4RLY+57YMIuM6xsOz/Z+CfKp6vOLS8187O6tMc=
c6CmHZNHeyFMXLFx4+9RoEla+JPq0QVekbo2aS5gehbmEaheLiFbHgxIy7GdlWtt+c78WkMjMZP5auwoGtZPtaCC1ek8H3P4la4UKlXVyUQ/8nMTFNC5l6SBRfe4wcCyAzYjd7ul89sdIOFFdgSdmf/aBNV3U3wbw/bAAT5zdk0RCcCWZps11RFGgclpPFgp0ATwiNoDRdOOYYyZr7TU
h2ewjBOGHNuA97ECOAhYb3Z8EeSJQSxEJ2o9fE/Z0BdrDyCaDXjes2IvNryzue6SO9Cn6JYkavsQUMXqkvZO5JGpOHKpxZV6HW2Bk9S6usTF9v3I1QwErh/T9B4vloYzN2pbF0UCAl+LS9PFi8glx4RLY+57YMIuM6xsOz/Z+CfKp6vOLS8187O6tMc=
Eke+0CTyevdOBnOf6v2BMig7VrjcFyxELHUtex3Qw1l1DyXISDPes2IvNryzue6SO9en6JYkavsQUMXqkvZO5JGpOHKpxZV6HW2Bk9S6usTF9v3I1QwErh/T9B4vloYzN2pbF0UCAl+LS9PFi8glx4RLY+57YMIuM6xsOz/Z+CfKp6vOLS8187O6tMc=
TKA1VHg8+wwvF/G8twAZO1M5LVAtcdntqbUJHph3ERPXX0/yaoTMFpmZpprjJd2v9ZQjdvImQ7WfiNlqxX9S4F+bktkDWy5BVh5FbhV7XZW1t6u4B4kgZIuVGQKyufHjmtf17sYt6LOg4ZeRdlqAqzO5J55nRf9cDuU2HMbknLOjXzg5yrW5tMI=
+bY8k0R2k3CdUmLhwywW8maOwf7EWghXTR1xivt3vve7TDEyls0mbfZ6f0M2XI+H157KjsIl9LJlTD5sNooFG6jkVU8dxJnvARVYACJKMWRNfklmbDC7cRT4w0w+nWMYC0H5yMqhT4mTg8eyfYmwmZMYp0rqcFfOTB0TwwDJ3pW72FElPc23uLTB
vn2j0jqo/K6+FsTB9HWXnDlbEW+h2Umn1cYwrqoIWdCGVtPN9LLBAfC+/5AhfuAyaZW13IsihzsYsPU/MHGRz6TB3IrXxrff98X/8+nwVd0KRKGBCwqwvfvzsPPXxpR5ovPqtcU51P4qO7k9pRb10VX8pLFkVISg1uOJexoR2KGztMg=
3958PM/U9ASYGCB2KC2+IfSxexo2+Z7d5NrS3CAj00NkkWSrlTpQwI5W290cUjnRLn5HIHkeiELhFT1sI4Jfy+BwLe8IUbnfrMHUmv/mjw8vBQcDMVD9bYLEKfFjaugNQzNoIy8mfGmq8+KlrVmsrnJ7AY199h0h3XwsAcz03NCuo9ErIjHwsbu0wA==
virGstKxP6BgwfKh8Y0G0pcwLqm8vUKJhEQ9EogI5Y81ZyzPHxj6tlsr3J/0myg5tKlpuPH0s55CmgWBoBRAWqszqTQ2rJtcUuqZrf0ObJVihlijqSTFs+puZLVr19dk70r7Kgovy0PK/64AloudJFQYG5ZiI0aI0rEkfKBbNsRJ5xqNpVTaG2Xnr8lvp+zncEV4eLLW52XYYp3ZoF6KaF2OjNo9VeF0p5K7gywQIWfsIX2nUMEo4juWa4cjZctL1UB5dV6E9Wln+sxFjxPkK4sWuNGWc94d6WkIpv5bTUVZZhm5gbxwGUjkuBjiQ92jRsG0Sce0vA==
r4UCj9XOQr8jmr5sPLW2ce35EqfIhf/njUmOhbOAhQ0T3dK13Ok+fD3tyxJndk+rAfVhO9qztigbVT5WY6eG3Z4oWt9oDAU+elreYAkV2IZhieUeJXGBh/zW6oAdCl18XYC0CucPtEpHupY3L1Y7Yw3O8rsz11NRIyT1A9w3Q9pzbPIKS/Cs79d1aKNSG0s65WNFl4umtNM=
wfpzTYJPPeWv3gqXTgaI7DnGeL3FBSKz0In/44VVnnGL7KUp++Gi4QQlfjh1MRumH9qvT6mJ0a9CPzask8muIttLJnn2lKoLMEDF+rIGjlTxObjiSXXVCj19gYP0yvp0JWZ9WLW8xF4/w/QOD2ZGg1f624elskIvq1vT1au4ZXdk2+N+G9AC3hO8bCsfKTiXqjcrXs2fdYOTqrTX
LYMgNkI/mlUuV4sgc48izZaDssY6T56+Nl4Of2IH1hrsDWMtUEFqLnSasu6JB4LvC4lFN6YD8m1K7FiWDXFqyp895E4gLH8Gfo63davg1VoZh4ZAKwMuCc9zOkFCNom+qeMpNWFPd4gL4RSkfz2Vcu4BJQOuz4m+CsV8MzSJ20GKQrTLZwH7buvtixw6DTosmpzIE1fHhGmGna201g==
5kCHPFvazdndG+dnRenLjZVgCDhCoNEbOrncj//hgVuWa5f6tdvPn5oLKENeGpEfc5zj7N8dfVeJ5Y75du7XB2Z4h532y4IqUqFc5iUYFmgmrk1PCHDd602AsfsBAXBEcu658O0qAUJ8NJMlVKxryK45K0wrVfHsmuXnHRMXb/YtrbiNs0zv7nr0/5oMSTvHEO2WwRtM2YFtiZ+stNU=
guBqyGqD+6zXQy7yj1CPv2BmCfWJSCxEL2grbhvU2Qk5DybTWTaLwWIvNryzue6SO9ql6ZYkavsQUMXqkvZO5JGpOHKpxZV6HW2Bk9S6usTF9v3I1QwErh/T9B4vloYzN2pbF0UCAl+LS9PFi8glx4RLY+57YMIuM6xsOz/Z+CfKp6vOLS8187O6tMc=
NpORXs9eeWzr6EB8dKqob2zZjKCWMEZVQRpwlt53qf3vD3Rm06kmbfZ6f0M2XI+A0ZDKjsIl9LJlTD5sNooFG6jkVU8dxJnvARVYACJKMWRNfklmbDC7cRT4w0w+nWMYC0H5yMqhT4mTg8eyfYmwmZMYp0rqcFfOTB0TwwDJ3pW72FElPc23uLTB
l3qB445y45Fp636IKY+X7a9z/8nLIY32RinOmXaOl6fmmEe38aTCitJBnMYlOFYIpg6NrwhQnYvNIHEbAeGw5PKO+dDtysHi/FTTBVSMqygumWssK3UxDBpFp30Tdy9WrU14rbMsr076FD+6DGl7p5BNViEbbJnh7SlfTLQ1
X8LzMGi2bvyYL4L8hAGbwuQVMSDMbxOixix4li0xCko//Q9JD2zfhh7Ol3VLIHXaecfmQAvDzolvM1pBInYpPkkjCTUBDxcIqyH0pF999fJOQQUDTg8pPmqFXDMUSTvBKgLUy0fBW+4LLascWk2arHpcKBN3h+TpJl1NtDY=
1IYk3pl0tSu3t1x+WEdJwa1z/9jJN4n2RinOmXaOl6fmmEex8aTCitJBnMYlOFYIpg6NrwhQnYvNIHEbAeGw5PKO+dDtysHi/FTTBVSMqygumWssK3UxDBpFp30Tdy9WrU14rbMsr076FD+6DGl7p5BNViEbbJnh7SlfTLQ1
HdhjaKLQ/rJgdIK5jkib8eQVNzbQchOixix4li0xCko//QlJD2zfhh7Ol3VLIHXaecfmQAvDzolvM1pBInYpPkkjCTUBDxcIqyH0pF999fJOQQUDTg8pPmqFXDMUSTvBKgLUy0fBW+4LLascWk2arHpcKBN3h+TpJl1NtDY=
RF6inALjbWK1y0q7Dr9qCeQVNiDCdxOixix4li0xCko//QpJD2zfhh7Ol3VLIHXaecfmQAvDzolvM1pBInYpPkkjCTUBDxcIqyH0pF999fJOQQUDTg8pPmqFXDMUSTvBKgLUy0fBW+4LLascWk2arHpcKBN3h+TpJl1NtDY=
KeCar0f/mvhcBddVbPOlRJRSde7NhJTq5cHV0aGdm0utix6o1OYTdGb4jEgK1l9VkMKFScac7JglbsQKJdX5pO+yA7OEUAn39EG116jB0JLz9nMXCyVje21gMaVGBO25Lxq0tefTjLuTtvDhLnNmLSHJEDYWG6U1oQbR6ZkyaEmAxAAoSoP1M14h/Lm/tMQ=
UQBF3ctKNvwwym1v4ZJWmxOvNB/H9nEMYTQqGOYO+AAofv17YztcQJvb7KK5mhKk/QrBWSSuE6CeVss9LBJJcZ792IApXthiERUNDHPCjytw8F2PuJFJ/7zBxLoPJj9vX4WX4+EQrQ2yxNnRMyq4rdOz2INfZkyJuvPyxZ2ZXA7C+5EtrTbNAa1yHOEcNIywPiMhy5JxgJGrtNA=
TmJDL8be/AQbjaBQddPeXlA/hsxtcXzVZ+wELq8m/ij5dT8IMkEWd8W9sk7wzlX39K25JgZUt+xXu1mNX275LdMrcwJmz8zwrptH82ia6OMeEZzE6hNV15FcEKHckPFHfOFtB4DB+EIrVvun8+U7a2WACdXuhAUJVzq8pb+TNEsb1qgxxnMOffkpmEau230lqSYpWfGywLm4pAg4ksONg9aBpOmXtOw=
ihCIqlmKIuFag5orbp3QMVA/hsxtcXzVZ+wELq8m/ij5dT8IMkEWd8W9sk7wzlX39K25JgZUt+xXu1mNX275LdMrcwJmz8zwrptH82ia6OMeEZzE6hNV15FcEKHckPFHfOFtB4DB+EIrVvun8+U7a2WACdXuhAUJVzq8pb+TNEsb1qgxxnMOffkpmEau230lqSYpWfG7x7m4pAg4ksONg9aBpOmXtOw=
nFqCSOiebJE9gIOeDGVdY+XCx8TApoo7Dv7A4+Pp2DUe5mtjrj2BvGh4onoPWyMNWJJPFVP5GKn4G9CN4c7OmhzbcYeTp9wmVIvIQi3gwvirom2cy/t35AOiDZUk1SJKxpaXKaOyKxXOC0YdY3zVjqhVD28IEB1LzWDx2wEhMKTyTnmQ7QpBovyUU0VUTCtoLlnrbCu1sUwahSc9Ezevlq0N+G2zbC+O+lS/egou+2eQDdbhGywZIe1p34y09Q==
OwrfyNwT1ocZB9luHOfN80cMGbPNA013HCgUR3WSGYoqlr97/KOa0T6W9KJdyc42ohfVjAtYP988PRxUmX0oezZecKz4unhhOaB7QAAzSquY6i9QmNIn3ac8jUfJ/wFDVNFdt2FHQETCLEu6bfXE+219vGq4/Jjz2wvfZB79EuAfG1LZQ9vuQZaeBW7V+x2V9TdruEcJYGRLFVkCcjkx49pXNe4GraizYGHXkTbaQKtzOWeep8W/Wsll9hyGZFyzY994OQo1+bSC
fnHdd0fsXOaXRHxmo84LuRkJ/pai3AFF1aA9Uz1pLgzqDepKfRIEQFQrsJXf2Wtt8sz4Xg05YcOYPpwoGtZPtaCC1ek4H22glb1ZdEv93Hk/8nMTFNC5l6SBRfe4wcCyAzYjd7ul89sdIOFFdgSdmf/aBNV3U3wbw/bAAT5zdk0RCcCWZps11RFGgclpOl8p0ATwiNoDRdOOYYyZr7TU
nDXmeHA5v1fX7keaNl1u6eh+CzxhBoR1krTEE/F03/S6yHNBx2wo0Jn8/VUqeiPXcKjL/DmoHSwGpaXLkJxLyQhhRasVI7kR5PhvAR89QC6C96OA2rZ6zVojatCtCKmdnDE9vq00lPZbmW8lfrwEJulZhdtErlAg3lYLvewSifFb/AlY6U3VvE89WLEzws+rMPAdD3iRiX98wQQ6zyb/7x+F12OhEO2N8sSZUXMqeC0TsxgDn2aMCXrzskXdmRyOgvvRre02DYFtetth3DRMMP4j4UvSccAR67SQ
2YZMOMRJHF7YAzibg0JzrCBQz2tr09hnhNT/8NrspTQCa/vrCYsYGstGObuCedl5iOHJycjvEms6JHsWmrb7NWcYccqdDxqgl0tqOStrNkFOLm2O7auV1f3H8xivGdjkMwVxYuoJOSNSB83Orl3ws7gRf7FOCsjrewn/fo/VR9pxdZ68HhRUc+sPQFnihaG02g==
ESTvsgrm/GqUXdbPxpDq6pn2Kg1W7WlcFDFGCERNJTInykldUrwQCG95o+QZ9//w1Tv2J3M9InoSkbz2JQh2WOZ+7T+IwD07DfCR6wERUDQyPllAbVqhkrwE8zVUvIv47mmLvKvlkbxaFccNEwdPBu392D0zvE++OsQfigpeW/fQPTaxm/w5US35v7y0xQ==
4ggNRTfVlPjMo9m7zJ0beRHwceNAc3KpuDEXxJ2rN7XGfkhz0iuOF6vpTz6fdbfZwRWOfO40BPPb79AZkiVxtAo=
NTlX1FHcM43bMU2wFbPQfeX9Hq/Nsaz9g3TBlanJ5g9A5+6b7fwtbj6ojQ1xNQWrCeFqGLfq5g4veCQvZfjcg8IoQ84lEUM6eRzQewsV2IZhieUeJXGBh/zW6oAdCl18XYC0CucPtEpHupY3L1Y7Yw3O8rsz11NRIyT1A9w3Q9pzbPIKS/Cp6Nd1aKNSG0s65WNFl4umtNM=
d061Tf+YR5iiqHVeZHzyXunX12u6PRI/nF9QL63dmqereXqjWzkW7kys5YNdlk+0GBfIB0NoQ0YWuH/ZYBO1eTrG4FI+R9DBtPnlBXaxJncySzK9M5SB0CVOBBOXRRisj5fcB/Zfo9jnknsDbBBh5ywhPSeQwehie5arB2Nli8sVQDn1HoQ16Sf6DMVPE6SrSxZ4UdZzHp2paUgmPlsNxRlm2TnBubeZiOT4mCJDHSMGwXTJh7T8
/98FsZMR0FD6zuvbKCIvQCGvXvdLcuuDmdzXgiwI3/4QIgMHQydHk2eUrAZPU9jaD5C7HMkkB8KTud9eLoOJSJdMvlLdnfd4e6U8m3DycNsQaVhTw3aq198UfVUWp/ZMAe8RXzvvv/uC/k3Lm4sQmnmbqjCfRPlRPH6us+b3dGRwNfefy7UlkSXUpFmxI0iyq9lW7GLcDTrx1w4AI3PGaTcDwkG6RnHeQZMhdekfn+jT8cwkpy1N0sZRrUOmfyGeMnXEM4w542Ei8rwL79HTzrP905llHWLM8kxA01837In+bdW0rg==
Y7UTN28C08Y2FFnRI4emrCFOsv9+6ICHbv3yVTvSh1mdkL7y/VPxo/OfkMdll8g9DlB6kDmk+hxLu7LXawl7DWEtZ09eYFJtXyxHQvBor+YQIrWiGvWlu9nt15vUMvq867mSapW8XQvraY8+3/V32YGVTnyutMTzm28QGdKlsbTK
baJ+Ag3fJp946xtMBX7pbU4mKxY3c8f9s/AKPph6ERPaXyCUBO3bH+Hp3uDxfJj57cs8Yv9heqyOpNlqxX9S4F+bktkDWy5BVh5FbhV7XZW1t6u4B4kgZIuVGQKyufHjmtf17sYt6LOg4ZeRdlqAqzO5J55nRf9ZCeU2HMbknLOjXzg5yrW5tMI=
jjEnMum70mZIiy6TPlKghXH16IF45svO67uDvf28SY00ovXzfueMBHhlX59lYSJwXcQ8mYmTkNIjqb5sSuyFGqkndsC7Y37JP1MqQVIWeX75g7m1ke/HyFvB5KRPXcWyHuGVgz5vWX46pWwzJGnrAdriJEvXYYsuOw27GU0t6uwqPLiTxydUKfa9vbTG
d061Tf+YR5iiqHVeZHzyXunX12u6PRI/nF9QL63dmqereXqjWzkW7kys5YNdlk+0GBfIB0NoQ0YWuH/ZYBO1eTrG4FI+R9DBtPnlBXaxJncySzK9M5SB0CVOBBOXRRisj5fcB/Zfo9jnknsDbBBh5ywhPSeQwehie5arB2Nli8sVQDn1HoQ16Sf6DMVPE6SrSxZ4UdZzHp2paUgmPlsNxRlm2TnBubeZiOT4mCJDHSMGwXTJh7T8
rQ0grmNWbrlTpq10WJq3VzZmA/GJSGVeJXQtbA7a+Vk0SmuXDRe43Qs4P8TDwZSAYpPx8Mk7fvZXadz7vvZO5JGpOHKpxZV6HW2Bk9S6usTF9v3I1QwErh/T9B4vloYzN2pbF0UCAl+LS9PFi8glx4RLY+57YMIuM6xpPD/Z+CfKp6vOLS8187O6tMc=
1SepFyWoEVJRdEHsh0CM61A/iMRpL3nSertQIeBf3wDDXQwnAWgWdsn8/Um13Uzg6ay5Lwkdt+hbhRbmX2P0Q84sanF138/1sNgf4DaJo9cyWrH99ExA+NdSC6PckPFHfOFtB4DB+EIrVvun8+U7a2WACdXuhAUJVzq8pb+TNEsb1qgxxnMOffkpmEau230lqSYpWfG5x7m4pAg4ksONg9aBpOmXtOw=
BTz69Owt3RMYbwAIBOFqGHiXKlYwZ3Qd4H0BOwNXxo+0eGlPGR2nyAtFxkbP4wTjvuyaUQXfP9XAmO9ARgkzd2IaYd3kTFAYhxLbQ0wQQafMoV3nsMHIohsWS0dDZauLtcBZNf6EFSmHeuwFLxNE6+uW2BE2c35dCeno5l5b7YV55nl54bnX2WhkWFgCQz3jZkGUiae03A==
7nWgilNdHHYJJKouFvOdtR9RJG9tAIgxV8UgQbC2o45TK3s9RSwxLZxyPTM2l+QkYJVHn30ROlC1NPTZwcM4cts5BuwyfD36Qfc+gPNTViknYzJBSiZhntGz8fXZPy8o41GcJPfNPRK2sd3D9p+xXiLVdDM8mfMhspJsix+xI45DnQOZtb1SjEJscFMPF3xJ7o2ltN4=
hbiDeKXyKGXwioSb3xNebKICD28adnpdb5oJScb6zlIUILI+L7LV9EmgYWdPkbNOUz1zmQVdQkzSDCDT//fMCZ4tdbQO
gfXTLVy4CLALobIpGLG9IKMCD28adnpdb5oJScb6zlIUILI+L7LV9EmgYWdPkbNOUz1zmQVdQkzSDCDT//fMCZ4tdbQO
xTVdKdn7Ee0wqGvOQyq0+6ACD28adnpdb5oJScb6zlIUILI+L7LV9EmgYWdPkbNOUz1zmQVdQkzSDCDT//fMCZ4tdbQO
l0bwtiPzBr6fKXtD3q5f66ECD28adnpdb5oJScb6zlIUILI+L7LV9EmgYWdPkbNOUz1zmQVdQkzSDCDT//fMCZ4tdbQO
NKDb9udGexqwIn5+cdkyT6YCD28adnpdb5oJScb6zlIUILI+L7LV9EmgYWdPkbNOUz1zmQVdQkzSDCDT//fMCZ4tdbQO
yEcho9q5x6tc+pffvkqFAacCD28adnpdb5oJScb6zlIUILI+L7LV9EmgYWdPkbNOUz1zmQVdQkzSDCDT//fMCZ4tdbQO
tW+o2jqDktzwKTdn3Uu+ACkfg7dh+DkSXyVYWzGU6NwBATyHhmfa356ADGRowiLk/9gnCuow1w5JWpMDAAle1bsY0eU9jTd4tAE=
HrsGbZp9yXKHFCaSMlZTCigfg7dh+DkSXyVYWzGU6NwBATyHhmfa356ADGRowiLk/9gnCuow1w5JWpMDAAle1bsY0eU9jTd4tAE=
y95qwkGQej6txGhSlK0aGBZw7a/PDsAv1g6ODbsytelaErqigLg+vqMqQYS9yP3H8znnnifFP1lJZXYcBmTcs+Pf+DmKNXm0Ag==
OmPFKlOXzki51Sgd7FWAZiYziATcsfy14eDQY1E31oqTlEAPOuvCCKCgv1OUcUmK3L7RR2B9Duk+jd5WYG5wvPYmjz6bkAKek/xpbJ9pONcqdyueTV91QxNqtBc=
fqX8UsX4Gi92bctRI2ZtsBdw7a/PDsAv1g6ODbsytelaErqigLg+vqMqQYS9yP3H8znnnifFP1lJZXYcBmTcs+Pf+DmKNXm0Ag==
9lEEMNUnHc+0+OQ6sl0+YBZq66/TFsEv1g6ODbsytelaErqigLg+vqMqQYS9yP3H8znnnifFP1lJZXYcBmTcs+Pf+DmKNXm0Ag==
XPv/oa3ENLRZW9Deopr/fNFOOuPan5Pj59uB36Gd31ijpR72h6NMM0bMsiEd3ycl6LiXEI7J+8c6eslNHMzoiO+yA7OEUAn39EG116jB0JLz9nMXCyVje21gMaVGBO25Lxq0tefTjLuTtvDhLnNmLSHJEDYWG6U1oQbR6Zk5b0mAxAAoSoP1M14h/Lm/tMQ=
xyNpCmHa+ppt/VR5FALqci4Qjiw/xt98gMn/tJ/jv30BZP3dQMpZU5IPGLTsHcMf+Zm2wMmsUDkle2QCl/HCLHY0ccqdDxqgl0tqOStrNkFOLm2O7auV1f3H8xivGdjkMwVxYuoJOSNSB83Orl3ws7gRf7FOCsjrewn/fo/VR9lxdZ68HhRUc+sPQFnihaG02g==
PGZfZSalLSfOY83nb4vRyYK16emBCr63CLnWJyoeP8aV7K30vkKZAYSSq089T9jFOyA/3PPZ9NhSSzEoeWMebufxXGMObi68IXH4qpmd9WItdYGL5KLanPUuPRBlVGQ2r0t0hp8O5muHspvPdVpiR7tT09270EWftJOjNss4oraDNOmkj0GYf3p/axYdd1Xrg6K03w==
17LMZ6nDh6phzeZJ8c8NkqLklg29t1lrtj1ACAcocc7NkpJoYd+wwPt54bUQi39i/xo/E6ymBvnB/sU5dsBDE/zFYgSWItXjaNwFJ33sqfcBDWgoQiJhXI2Gmc7MWMvplGAzpJ41M2BLeSkgKol/kZOb95qdYWCh02D34kqYp1bJgmOroGEObXvgAU1d5YegtNk=
rMNRXnV6e2cOyWRcM3grin0pOx2/MjCr6gkJ2W9eGtCMLYKqyuX+wgMk0vKb2Cmw5/2Im8JzC6IVq+Xv2w60Cw==
54oBjuloohDhxYtZon2dhmsWx7IXWwJ7z4XtWadIz262IBCa0s1ZBQeqmlwUiTIWArEervsgwu6z7Gl8vxn4Z0rnqw6t7zWzM3q0Bw==
HG8SV0tyko6JrwUHoQJoT1cy56IORq4fwKXA7cL/0Ek9BiaTr6aqdiQ/EkfpXX9jccKwun9Yc52q6Yl5rz4a8MzNAgoKhf7iQ8RSUlu4KZCnHQg7AhMLglVLZU8bbrQr
n67z04/igFlw6gfygcnporyrs5WPCeepieN3WOANSxsJmPiUtDtxKT3k9quGiTiDmUvRJBjQ07bD7x4fMQMTwNqyiAvKQEZLLrAXEooIB2bJssM74BFuPfuwIX2ddWdQtCk=
SXcd2ge1HZsJPggfs4YaxFLG4MBbJiHUgnJZ44QNORkVEnDK38jzLUq5yYmPLhrArB3CeqoVflKjlBKie6gpoMfNyEuig4sytRslvzt+tBs=
/nvFme7ObdWp45lXvShqflJx9r6GWrpp0FfJROc5t+scQLq1nKEJ+rl+Voan3PrW8znnnifFP1lJZXYcBmTcs+Pf+DmKNXm0Ag==
4k/lZfzqyFkov1yl2bP7GVYy56IORq4fwKXA7cL/0Ek9BiaTr6aqdiQ/EkfpXX9jccKwun9Yc52q6Yl5rz4a8MzNAgoKhf7iQ8RSUlu4KZCnHQg7AhMLglVLZU8bbrQr
3YlHeC7Db3AT7obqoeADUErq3UVjSsL9qXwWBMFZGPOZu/F02GCzJkN/vu9xU/Pw2oJoW4qw5tuuIHeiSlgnlsnC4+ugoY6teyCBDV2lB2C0GQ==
D1ZNUh1d0v6pGhMd51X1bryrs5WPCeepieN3WOANSxsJm/iUtDtxKT3k9quGiTiDmUvRJBjQ07bD7x4fMQMTwNqyiAvKQEZLLrAXEooIB2bJssM74BFuPfuwIX2ddWdQtCk=
SXcd2ge1HZsJPggfs4YaxFLG4MBbJiHUgnJZ44QNORkVEnDK38jzLUq5yYmPLhrArB3CeqoVflKjlBKie6gpoMfNyEuig4sytRslvzt+tBs=
/nvFme7ObdWp45lXvShqflJx9r6GWrpp0FfJROc5t+scQLq1nKEJ+rl+Voan3PrW8znnnifFP1lJZXYcBmTcs+Pf+DmKNXm0Ag==
HG8SV0tyko6JrwUHoQJoT1cy56IORq4fwKXA7cL/0Ek9BiaTr6aqdiQ/EkfpXX9jccKwun9Yc52q6Yl5rz4a8MzNAgoKhf7iQ8RSUlu4KZCnHQg7AhMLglVLZU8bbrQr
n67z04/igFlw6gfygcnporyrs5WPCeepieN3WOANSxsJmPiUtDtxKT3k9quGiTiDmUvRJBjQ07bD7x4fMQMTwNqyiAvKQEZLLrAXEooIB2bJssM74BFuPfuwIX2ddWdQtCk=
FYawXtvxgI6/5D/OJd0vCBs214V2NQrYWhL+qZSflfRLYVOLuPgWJeApjXo99qoWC2ReNpfhSy77jfsZja0q7Gq8+JMHpxQptj19tAY=
1Q3YPtlL6Y+roFfN6YC+1XWesbKis5dmNpCQfd0+HzLZH0JAXzbd6OijhEVbEAriEqIWKTxv3ZRTUStLYGiuxah5ZXpVJmJ2s/QGdm/RU84z/VOZ5R3izHJMwNPfN2yJfm1VtC4=
QrvD/qEDORTyq5OLgBMhwdPSxrPDZnjp7ItjtmL4rJ3BFmsCzQdOQFMuydici5ilZ3heMuaaWmnwl2nEB/nX6/wAGjU84en62b72BgccmtYTeYceh4UfWSkllpympPyzwx+YuWp1WbQi
SXcd2ge1HZsJPggfs4YaxFLG4MBbJiHUgnJZ44QNORkVEnDK38jzLUq5yYmPLhrArB3CeqoVflKjlBKie6gpoMfNyEuig4sytRslvzt+tBs=
/nvFme7ObdWp45lXvShqflJx9r6GWrpp0FfJROc5t+scQLq1nKEJ+rl+Voan3PrW8znnnifFP1lJZXYcBmTcs+Pf+DmKNXm0Ag==
4k/lZfzqyFkov1yl2bP7GVYy56IORq4fwKXA7cL/0Ek9BiaTr6aqdiQ/EkfpXX9jccKwun9Yc52q6Yl5rz4a8MzNAgoKhf7iQ8RSUlu4KZCnHQg7AhMLglVLZU8bbrQr
FYawXtvxgI6/5D/OJd0vCBs214V2NQrYWhL+qZSflfRLYVOLuPgWJeApjXo99qoWC2ReNpfhSy77jfsZja0q7Gq8+JMHpxQptj19tAY=
JDMTFoV02cVxj2iyQ2Z8tGDpzUTi+WJJYM75mCxrKCX3mI5ytnpKaeC3uYRXWUdrjKDqdUzBGfqpngbGd7xqVoPZV97XpQ9ZOUVGXPbEbDNzfyh5WhVptBI=
ZFguNOt62SS3N8fUpabJv9PSxrPDZnjp7ItjtmL4rJ3CFmsCzQdOQFMuydici5ilZ3heMuaaWmnwl2nEB/nX6/wAGjU84en62b72BgccmtYTeYceh4UfWSkllpympPyzwx+YuWp1WbQi
SXcd2ge1HZsJPggfs4YaxFLG4MBbJiHUgnJZ44QNORkVEnDK38jzLUq5yYmPLhrArB3CeqoVflKjlBKie6gpoMfNyEuig4sytRslvzt+tBs=
/nvFme7ObdWp45lXvShqflJx9r6GWrpp0FfJROc5t+scQLq1nKEJ+rl+Voan3PrW8znnnifFP1lJZXYcBmTcs+Pf+DmKNXm0Ag==
b8M+l0JXctKP1EbhH3daynGwgAClvh8mEb6qhyZ2PGHm25Z/tikKL6qzuYRXWUdrjKDqdUzBGfqpngbGd7xqVoPZV97XpQ9ZOUVGXPbEbDNzfyh5WhVptBI=
9EA2iNdT13x2lQOT5FAswWaG33mUvFmaxatC0LzqOxfTNnCHxp2LGn1ZBE7QzP26/DU0shDluaanXlTEwqe01foxaVHfBhr43NUi4jr9viqTnDL6qwCpGDeFqFOy68vKBZOFZ2tWtCM=
ZA5e5ot1MX2j0NzH/HkEN2f7303AvvRdOjEKNJZcAAwFbI///bxlZztspphXrpLpf2UVIPkkiKzE8DJVJPHh+tGu7uYvbKIWyynvvn81l9mh1S78DnQk87svcJlyZVG0Kg==
Angqkud+V+bPn6m5Qle6Snj221r053RZIIv8mSxqYTL43N44vz4Kaef1vcBBVEBsjKDqdUzBGfqpngbGd7xqVoPZV97XpQ9ZOUVGXPbEbDNzfyh5WhVptBI=
VJwOQ3JOxJDhPJeHaDtF+1o47Mk0EPX6WMl1cTdoK4ACPG604H0m5cu6ezpsTv0oiAbBDT323aEdeWuBDPQcUO6jEaviMbAxe7QA
7yXuq4THFjYEAf96eWj9WXKwgAClvh8mEb6qhyZ2PGHm25Z/tikKL6qzuYRXWUdrjKDqdUzBGfqpngbGd7xqVoPZV97XpQ9ZOUVGXPbEbDNzfyh5WhVptBI=
PxWjQmDMgZdjqUTktR2SZGaG33mUvFmaxatC0LzqOxfQNnCHxp2LGn1ZBE7QzP26/DU0shDluaanXlTEwqe01foxaVHfBhr43NUi4jr9viqTnDL6qwCpGDeFqFOy68vKBZOFZ2tWtCM=
VEePF/PQO6p15ZYnXXmfuGf73E3AvvRdOjEKNJZcAAwFbI///bxlZztspphXrpLpf2UVIPkkiKzE8DJVJPHh+tGu7uYvbKIWyynvvn81l9mh1S78DnQk87svcJlyZVG0Kg==
Angqkud+V+bPn6m5Qle6Snj221r053RZIIv8mSxqYTL43N44vz4Kaef1vcBBVEBsjKDqdUzBGfqpngbGd7xqVoPZV97XpQ9ZOUVGXPbEbDNzfyh5WhVptBI=
VJwOQ3JOxJDhPJeHaDtF+1o47Mk0EPX6WMl1cTdoK4ACPG604H0m5cu6ezpsTv0oiAbBDT323aEdeWuBDPQcUO6jEaviMbAxe7QA
OKyZI1vKrhH4h6ZFE6mXg9eyMxA91oq+LxIV0ur1Zimjz0pvZgvtVOMxm8vwCH4F+FmVeiUGsjbjFJb23zHjjgMdQ5n1PZKMguywU0+XPEmuDWW0Hg==
3X3BlpQgpwHLJtvahrVVn0u062ufJd1QyGS7MmOr9ish91tkWhbA/9p0rg+ONH+mWnwPQokWS08wJQY52/TJyQ2BL3S0DQ==
L1GM3YXaSxZNa90qBmvhqHXD/eBgeKbDQR8rnFrusBe6nP7XzuwvDvrUv/oJrvvnkI3WYRusGaHt6d8MtHU=
k67cIbjW+llAHyRNKW80MBeWkDdynZlV59qaLPTZ8kaiAZ4eW/CCPtMcaYzfybi36lcrvg2/9ePTCrR3
3yFtQ83OlNdxcETQ7IBCnReWkDdom5lJ/9uaLPTD9Ea+GZ8eW/CCPtMcaYzfybi36lcrvg2/9ePTCrR3
7u2YJzSf0mc2VcsH/tlKkmxlPxK+NDC28A8JxXdfGtCMN4Sq1v3/wgMk0vKb2Cmw5/2Im8JzC6IVq+Xv2w60Cw==
E5+7MC+j4GavOXma601RoteyMxA91oq+LxIV0ur1Zimjz0pvZgvtVOMxm8vwEngF5EGUeiUGqDDjCI733zHjjgMdQ5n1PZKMguywU0+XPEmuDWW0Hg==
Y5HuPAWb6Gkl8puKxSQrSQcNP4d57mDO5+QTWZjjeTEPo5pUBLsUPk5hX2ariGJGI2Tp9C+xWM8aL+vG/ccVmyNytA8=
1hoGU2mnzkGQWN/dO1cvUgGWkCpom5lJ/9uaLPTD9Ea+GZ8eW/CCPtMcaYzfybi36lcrvg2/9ePTCrR3
3yFtQ83OlNdxcETQ7IBCnReWkDdom5lJ/9uaLPTD9Ea+GZ8eW/CCPtMcaYzfybi36lcrvg2/9ePTCrR3
+nbmEl4BnpFkISAOFbL70BeWkDdom5lJ/9uaLPXD9Ea+GZ8eW/CCPtMcaYzfybi36lcrvg2/9ePTCrR3
A0KFQoiZLnFHAN2SKVYw7WxlPxK+NDC28A8JxXdfGtCNN4Sq1v3/wgMk0vKb2Cmw5/2Im8JzC6IVq+Xv2w60Cw==
Dqh0H0hkhO20Ecu2rquHQ9eyMxA91oq+LxIV0ur1Zimjz0pvZgvtVOMxm8vwEngF5EGUeiUHqDDjCI733zHjjgMdQ5n1PZKMguywU0+XPEmuDWW0Hg==
gyC6GM6x2ZX4492uX38LuQcNP4d57mDO5+QTWZjjeTEPo5pUBbsUPk5hX2ariGJGI2Tp9C+xWM8aL+vG/ccVmyNytA8=
/pgBtN346HK28lXABmLdowGWkCpom5lJ/9uaLPXD9Ea+GZ8eW/CCPtMcaYzfybi36lcrvg2/9ePTCrR3
+nbmEl4BnpFkISAOFbL70BeWkDdom5lJ/9uaLPXD9Ea+GZ8eW/CCPtMcaYzfybi36lcrvg2/9ePTCrR3
/pgBtN346HK28lXABmLdowGWkCpom5lJ/9uaLPXD9Ea+GZ8eW/CCPtMcaYzfybi36lcrvg2/9ePTCrR3
+nbmEl4BnpFkISAOFbL70BeWkDdom5lJ/9uaLPXD9Ea+GZ8eW/CCPtMcaYzfybi36lcrvg2/9ePTCrR3
/pgBtN346HK28lXABmLdowGWkCpom5lJ/9uaLPXD9Ea+GZ8eW/CCPtMcaYzfybi36lcrvg2/9ePTCrR3
fXXfp74Y/YH9rlsS7AO34/ctNglVOD0TPI8UR9ypi1QRI7M1QvbE406zandPkbNOUz1zmQVdQkzSDCDT//fMCZ4tdbQO
pVAqEL63d3lZNxkHsv/XQvctNglVOD0TPIsWSdypi1QRI7M1QvbE406zandPkbNOUz1zmQVdQkzSDCDT//fMCZ4tdbQO
NTlX1FHcM43bMU2wFbPQfeX9Hq/Nsaz9g3TBlanJ5g9A5+6b7fwtbj6ojQ1xNQWrCeFqGLfq5g4veCQvZfjcg8IoQ84lEUM6eRzQewsV2IZhieUeJXGBh/zW6oAdCl18XYC0CucPtEpHupY3L1Y7Yw3O8rsz11NRIyT1A9w3Q9pzbPIKS/Cp6Nd1aKNSG0s65WNFl4umtNM=
4Myu8RJAXpPnYV12+bCeE9G70I+EsA6KxURPr7Y22NeUzQh2D/EfrTqQ13IKqEeGydIDm2DxLh370OHdHZUncLQJ
gKEeR5avc1wImeifBQnUEptYPfnBkJTgpMbEyIDU3lWlrx72h6NMM0bMsiEd3ycl6LiXEI7J+8c6eslNHMzoiO+yA7OEUAn39EG116jB0JLz9nMXCyVje21gMaVGBO25Lxq0tefTjLuTtvDhLnNmLSHJEDYWG6U1oQbR6Zk5b0mAxAAoSoP1M14h/Lm/tMQ=
JCnOQIqt8D9pCoTuYc34KSld1vo8sT8wEDoMD3CO6dQUHX2Wli7e34zSDVJ/wTfc/9gnCuow1w5IWpMDAAle1bsY0eU9jTd4tAE=
7ISux20HNwORdaZyZv7Gk5yzTw1KpHa8NZdfPKyFLM6+mdZMJwQ87vO+ipIeRCnpyy1xpKqO52G9GRFlQwDo1E201QNUR4eDlRVfhuso4ibjROjU79HYb1rP66Y9Z5V7Y1K0Lw==
+giRlMO8fnTOqS6nM0Ja0DHe5PvT8cM9bd3TNrhiRmGEUl4WDWXH+KO1gUJbRB/lHPVaIXV43ZNcSzZJPGnr1LFjUzUiNmRjrvMKd2/RU84z/VOY5R3izHJMwNPfN2yJfm1VtC4=
i0yV4xPwiuJKoz83o724pyy9lQathGIWMZ3jiGd9LSL3zJt1uC0GYamguYNYQ1pp0KGvZFXbL7XejgDTartmV4PZV97XpQ9YOUVGXPbEbDNzfyh5WhVptBI=
VOl8hytWISf7K5qkqwop6MkSiGRQhmA3s5FmFjWV/5iLRUkCE5S3hYRlwqHt6EUzNJv+CXRZA/TJU6s1WgacQ8bDwrcngbtuq23LGH2NeizaHAgTl0dEaUYdbbQW
dp0G6aBgA5/g45KgsYdGvuAhp0FhtEEthJFmFjWV/5iLRUkCE5S3hYRlwqHt6EUzNJv+CXRZA/TJU6s1WgacQ8bDwrcngbtuq23LGH2NeizaHAgTl0dEaUYdbbQW
qmNyb1unesYoZBi9kDt3gPrAoBn2jzM/4JazGXkAHcm/smU4IR0iiWTBSwTja+I3iLmCFVUsDx/t9RxKWpuQjzSHUa1tNo2B7XhbYVw0zDB+I2FLUnFAEWu0EA==
ncDjlMKlnlz9aAGYmBoBJVA/hsxtcXzVZ+wELq8m/ij5dT8IMkEWd8W9sk7wzlX39K25JgZUt+xXu1mNX275LdMrcwJmz8zwrptH82ia6OMeEZzE6hNV15FcEKHckPFHfOFtB4DB+EIrVvun8+U7a2WACdXuhAUJVzq8pb+TNEsb1qgxxnMOffkpmEau230lqSYpWfG4x7m4pAg4ksONg9aBpOmXtOw=
sZuK1k6f2y860nQCR8CbYSld1vs8sT8wEDoMD3CO6dQUHX2Wli7e34zSDVJ/wTfc/9gnCuow1w5IWpMDAAle1bsY0eU9jTd4tAE=
DlZVHBXF1yopNNekGdIAW8h6o6hnuKqpwATC5ywZJS9gcwSNZIgMaF03Of9P9SuViWPmKCPBMtGUWlqWFdk2+l5cY+3hPJuizhvRsF6631mTrXO0wmL+byCu7E1euVBBUPuW5KuiB8lQ+iewwGLPXQ/M22PD7zmDDGHV19mXKEQqfPNa5UUcu1VttEpgjDBzs7sHBBbtaiDHa9p5OwvGQb5Ofc5di8VVjSdj2J+5COTjZYEieikJowLnvQ6+/UCzCLFv8b5qGGtLKW++/zUX2CHVrvyOdKTzOy/wmfJl0bSq
5Rbc7r0fX/y0Pt/NaN7cF06Snp7Dn5E0LaTSxDhaaqOpGpChThMggbRxt4InLN8Ht6R77As2hVCJEcGNU2WYvvKGwEfRO8pn8Xrc81RwKSJfwMB3lEkXmVRXMeNH78HReRVgLiSAQdlwrDxN7EDNnl5I91Z5rhuV+05LRAm35EveEP6A4/sTPMdf5g0i38PCCfSwY1udmL7RIcVGtTmB/wy+ChjNAp3EbagU0vfHNLI3UvYvf957W71m0uOjn1Mp00wVmww/g2JDRFLSWzgoEKedCLsCkwsCVctlzxvutKs=
fUU1pA1kQqGhxQB7lqbfpf3gzraD0paY4cp1QPCS2PdmnJlFITn0ovODfCe1+rZS/UrHdXkvo3UIbkDPrPhBfzO3ZXw3N2jPcLrHMGCir10vjDDmZC9ZgywhNVd5V0hEyjxT2oWFPLu1LRTKAEwQc1P7p4R2LUogJyt6+VvL5kGejh1O/cslVa3nA1g/+ejkw6Xhotpp6aMiJ92OHr2gs2hxz3FeKjhrK+nPPh91N9hBFQ58bjSE81vvUBkSJfG0ig==
3vOm0k8tMHkYjnJT+Qwzz8XSv8VuqDuJe64HyrCl1qvIBgA9U3j/N341kUrzk7UpRQXYMRdEVtwdkNhFYkNk8pJrCbKoWt/OJLZmp0x9BYSIPi/JJ1ezhhXPBbbKVhbkNZA7qbqO7Jrnv60NEpmMeeSFHqQh5vXM7s27IDJIfqMfrP0pNsOQQSgTx7fRqlwa09iklezOaLPOD6ca7A546t1YFCotnnK98T2K9bSKwWc7Db/SIGJhOx+ES6IMv5V0XpbQY/UV1zGUODOuLGbQJdVRCsnAtge+e8W3KiQS4dxMFBB15v5QCNWnPFYSeJ3ko/ww5F8RXXHvPllnP3bLWcwfWroPBXP1uI5Qj1xYEX9jF5U8J9fYT6Cat/Dx1pBDXyyiqVfPCQPcASWXyTeYRJrc45qVpUw7ZU0kCpDs4HNjGzfEhg0aoJdLajkrazZBTi5tju2rldX9x/MYrxnY5DMFcWLqCTkjUgfNzq5d8LO4EX+xTgrI63sJ/36P1UfYcXWevB4UVHPrD0BZ4oWhtNo=
5koZTHlEZoQLLS6C+AOFN6o9pxtdZByKd1Un1BDgcbTR2HUl0bpsHig+kegBjXiN/gxHNmuiUFSyGYV/h54pjjRNl6wLWlGTf66WGWSRawU7RkRN9OCdVgkIbvhtospT4IV0gApELTsAZyJ6zTqh+38vGYEvsVDwWK6Eow98/AseDZPKViINV627WdUB8LvYrF8a1tKrgd3Qk5vjbcAmNfiruqgCK+7sUDnFrI9dGR0sosee51BmsRz6s5IGzD51KSaEyyxPB1S7POkpakTi5aATZZAbRR0xaDzWFueQ1j0k8sx5Du9x5/BbMMhVK3p7Hr4ERtYfkA4vhrkifB47hqA46ZllBR7u69htxRznA9Xekv/mnRqolkmj5w14UEyooMOTqvYd7RaBwvsBM3L74BF7ZL+2jK6EW1czaE8jFmn60wN2ISggpyNx+KqZnfViLXWBi+Si2pz1Lj0QZVRkNq9LdIafDuZrh7Kbz3VaYke7U9Pdu9BFn7STozbLOKK2gzTopI9BmH96f2sWHXdV64OitN8=
55cZnfWQ84knkC4zcjCwPGZpaBfsBcG4zYVQDfrp72tqhC5X3WDx56BO+mJFJeTYQNPebmLLLoegeVQ45Rsae2SBZLdf5Xgmn3jEWTI353mHNwENGOakp68wMv0C2ASycH8KEbMEPlJpETFb1bbTY5MubJoghAOcHfHsImoqgfN7FRT1urlS6Zg896qT/Ojh7XiUxMjDqWDbMSDvVvFOn1Fvl8ZqGuW04k16Qg4DCCOxAsrCzopr1LJye7J0jZdxXG0y5nenDWG5yvYuB4uZKB36KrOjFGhadvtjuREB8jQldmoKZqVjPUwR1rphjr1pIbKC3te8ehg2LbBS1riz6+pOFBSrJBWQtnyJXTtB6RIPP5n6fTl603yiGSm1Rd4CxlcaNCd/VXvT5LFbvv9mtqHo1xomI+mgBPEB4w8zuk3zD09bLoSssOWCQ+kqi+PhclK24NYTVdeRXBCh3JDxR3zhbQeAwfhCK1b7p/PlO2tlgAnV7oQFCVc6vKW/kzRLG9aoMcZzDn35KZhGrtt9JakmKVnxuMe5uKQIOJLDjYPWgaTpl7Ts
N02l9+YXmi7HCc16f3h0yY3I6O7gGZlDZugHn4ERMjTg4w+2zFvrfmwypnGq1cgIS9EosKqt5sBtPIGV6Xz4omixNUcUtYeXkDMsOOZd5S4PMuNSv+m2+2kSfOk3exDD9DW7SVNyRHGMpG36gZyOJDXG2l/I8bR8ssCd18gzAmbVHvE3l5uZPdd1INxQuuT/15hsh7b507ZuJj075W/5SZlUa5TEaxrqqu9xcVgHez81pDY50N96VLqvXgCYbeWwl3lJ0cQWRyIflBadFO7Tzt4orvmB0sS3FEs3OPPoSbXy4DKpyCdlrGMB7Z3gqDbKv/TGMQyGDIW2a8ELOA8Q1E0PKrf2CoT6LtvgIieS2X6k+qsKCMyp5V0BLoKjDM1ZhEPTmbam/9rlXlg6wTcH0SA0XKSIt1NWTpld+kmW2x0rVqss+c/kA05I3qhTQ1M0l8eG5VInQwoZLBDLa6VYNgE5JS5FQYG3nOYqMH263cw9MHQ6hz+0eieKVodP5rvTbX4yi1PnU2FDFDWzvIfDahPcMjorwKjYt0WoEzKry4qF04Wn65a04w==
N02l9+YXmi7HCc16f3h0yY3I6O7gGZlDZugHn4ERMjTg4w+2zFvrfmwypnGq1cgIS9EosKqt5sBtPIGV6Xz4omixNUcUtYeXkDMsOOZd5S4PMuNSv+m2+2kSfOk3exDD9DW7SVNyRHGMpG36gZyOJDXG2l/I8bR8ssCd18gzAmbVHvE3l5uZPdd1INxQuuT/15hsh7b507ZuJj075W/5SZlUa5TEaxrqqu9xcVgHez81pDY50N96VLqvXgCYbeWwl3lJ0cQWRyIflBadFO7Tzt4orvmB0sS3FEs3OPPoSbXy4DKpyCdlrGMB7Z3gqDbKv/TGMQyGDIW2a8ELOA8Q1E0PKrf2CoT6LtvgIieS2X6k+qsKCMyp5V0BLoKjDM1ZhEPTmbam/9rlXlg6wTcH0SA0XKSIt1NWTpld+kmW2x0rVqss+c/kA05I3qhTQ1M0l8eG5VInQwoZLBDLa6VYNgE5JS5FQYG3nOYqMH263cw9MHQ6hz+0eieKVodP5rvTbX4yi1PnU2FDFDWzvIfDahPcMjorwKjYt0WoEzKry4qF04Wn65a04w==
vhork25TmQ0TllDbB+xbUbJjNC3i6qW5sIy7MbZHSRotcOwfdD6peaA8PmnXj6ms+pYEQqGsVKII/SH/Dmh2DJjnK8IbqieLMBTjM6LnFQAPhh2TA5Fr5d7jpfPEx2AGNSRF1r7CCbTSUdzrVKr+gmVprJmS4EmMWVkjYdlL+5c4wlSwlNkrqiRJYqNzIOKkhcVBBSmPxQaDurBRGtzGzakvHM3LWYlWvrdERRoCdm0mPnxH9baLa2E/8GyH1LP2jgOQZCNooppmt9UI5KEYSQ9G1wIZ8y4yWgc8neUaj6O1QyTiBiyDhs4/GJzsU/opObVcpYBS0Z2C2ULwxIwCOfg8I5ipWFjI48Tclglz0YOWfAdmHZ/YETu3wpz/7Il8gGSF/be3nMbUKhwtMwCCWyXErbzLGzdEg8LNtST14ipGNtfJo5LrdU6rBv1jHBUuKLVPTwhw3etNgLH7AQFwRHLuufDtKgFCfDSTJVSsa8iuOStMK1Xx7Jrl5x0TF2/2La24jbNM7+569P+aCE47xxDtlsEbTNmBbYmfrLTV
C5c/h2Ju4MBkYxj9ImA+RZ1V23Bq2Cejqn0Lnd7i/B2+f5H78Tth1Bw77frLsBL6att163BontnCk0B10ATEL/BjZEOWZTuR0ZF7l//XXbwGN5ukg1D4HT9cxaPHzwh12c0z1cHXdQd4MADqcS9M7nSCLBWzOLLzjuj9JIsDZ6zjKr1NJA2Swibeh9HjCrtd7gM2xeMkJYaInZ/XyGgNg63oQYMBeYAskoZp6C2y0WrcnKMd1JRbYA4Re9RrTaEE+g2X5RPvHx5NReiV89S/xtpcz6KIdgtvsMVGWdtUCemN4W/UtK0=
rqNHOEXOvlTE1pRzWw0VdZ1V23Bq2Cejqn0Lnd7i/B2+f5H78Tth1Bw77frLsBL6att163BontnFkUB10ATEL/BjZUOWZTuR0ZF7l//XXbwGN5ukg1D4HT9cxaPHzwh12c0z1cHXdQd4MADqcS9M7nSCLBWzOLLzjuj9JIsDZ6zjKr1NJA2Swibeh9HjCrtd7gM2xeMkJYaInZ/XyGgNg63oQYMBeYAskoZp6C2y0WrcnKMd1JRbYA4Re9RrTaEE+g2X5RPvHx5NReiV89S/xtpcz6KIdgtvsMVGWdtUCemN4W/UtK0=
NKBht/XMZhLZJaLs9iWHVJ1V23Bq2Cejqn0Lnd7i/B2+f5H78Tth1Bw77frLsBL6att163BontnCk0B10ATEL/BjakOWZTuR0ZF7l//XXbwGN5ukg1D4HT9cxaPHzwh12c0z1cHXdQd4MADqcS9M7nSCLBWzOLLzjuj9JIsDZ6zjKr1NJA2Swibeh9HjCrtd7gM2xeMkJYaInZ/XyGgNg63oQYMBeYAskoZp6C2y0WrcnKMd1JRbYA4Re9RrTaEE+g2X5RPvHx5NReiV89S/xtpcz6KIdgtvsMVGWdtUCemN4W/UtK0=
dkcx14vMDAiHxS8jhmHWp51V23Bq2Cejqn0Lnd7i/B2+f5H78Tth1Bw77frLsBL6att163BontnFkUB10ATEL/Bja0OWZTuR0ZF7l//XXbwGN5ukg1D4HT9cxaPHzwh12c0z1cHXdQd4MADqcS9M7nSCLBWzOLLzjuj9JIsDZ6zjKr1NJA2Swibeh9HjCrtd7gM2xeMkJYaInZ/XyGgNg63oQYMBeYAskoZp6C2y0WrcnKMd1JRbYA4Re9RrTaEE+g2X5RPvHx5NReiV89S/xtpcz6KIdgtvsMVGWdtUCemN4W/UtK0=
7vrrOCNS8qw8+Ip8bdzbP51V23Bq2Cejqn0Lnd7i/B2+f5H78Tth1Bw77frLsBL6att163BontnCk0B10ATEL/BjaEOWZTuR0ZF7l//XXbwGN5ukg1D4HT9cxaPHzwh12c0z1cHXdQd4MADqcS9M7nSCLBWzOLLzjuj9JIsDZ6zjKr1NJA2Swibeh9HjCrtd7gM2xeMkJYaInZ/XyGgNg63oQYMBeYAskoZp6C2y0WrcnKMd1JRbYA4Re9RrTaEE+g2X5RPvHx5NReiV89S/xtpcz6KIdgtvsMVGWdtUCemN4W/UtK0=
h/3B3nVD70SkgIBZBr6XBp1V23Bq2Cejqn0Lnd7i/B2+f5H78Tth1Bw77frLsBL6att163BontnFkUB10ATEL/BjaUOWZTuR0ZF7l//XXbwGN5ukg1D4HT9cxaPHzwh12c0z1cHXdQd4MADqcS9M7nSCLBWzOLLzjuj9JIsDZ6zjKr1NJA2Swibeh9HjCrtd7gM2xeMkJYaInZ/XyGgNg63oQYMBeYAskoZp6C2y0WrcnKMd1JRbYA4Re9RrTaEE+g2X5RPvHx5NReiV89S/xtpcz6KIdgtvsMVGWdtUCemN4W/UtK0=
dWXAuptMeHXGallLfVc/Fp1V23Bq2Cejqn0Lnd7i/B2+f5H78Tth1Bw77frLsBL6att163BontnCk0B10ATEL/BjbkOWZTuR0ZF7l//XXbwGN5ukg1D4HT9cxaPHzwh12c0z1cHXdQd4MADqcS9M7nSCLBWzOLLzjuj9JIsDZ6zjKr1NJA2Swibeh9HjCrtd7gM2xeMkJYaInZ/XyGgNg63oQYMBeYAskoZp6C2y0WrcnKMd1JRbYA4Re9RrTaEE+g2X5RPvHx5NReiV89S/xtpcz6KIdgtvsMVGWdtUCemN4W/UtK0=
Vum3rWqVGrnesaEaO7xd5Z1V23Bq2Cejqn0Lnd7i/B2+f5H78Tth1Bw77frLsBL6att163BontnFkUB10ATEL/Bjb0OWZTuR0ZF7l//XXbwGN5ukg1D4HT9cxaPHzwh12c0z1cHXdQd4MADqcS9M7nSCLBWzOLLzjuj9JIsDZ6zjKr1NJA2Swibeh9HjCrtd7gM2xeMkJYaInZ/XyGgNg63oQYMBeYAskoZp6C2y0WrcnKMd1JRbYA4Re9RrTaEE+g2X5RPvHx5NReiV89S/xtpcz6KIdgtvsMVGWdtUCemN4W/UtK0=
1ERfrz3Ft+HBI7TwFOv2vp1V23Bq2Cejqn0Lnd7i/B2+f5H78Tth1Bw77frLsBL6att163BontnCk0B10ATEL/BjbEOWZTuR0ZF7l//XXbwGN5ukg1D4HT9cxaPHzwh12c0z1cHXdQd4MADqcS9M7nSCLBWzOLLzjuj9JIsDZ6zjKr1NJA2Swibeh9HjCrtd7gM2xeMkJYaInZ/XyGgNg63oQYMBeYAskoZp6C2y0WrcnKMd1JRbYA4Re9RrTaEE+g2X5RPvHx5NReiV89S/xtpcz6KIdgtvsMVGWdtUCemN4W/UtK0=
Shfh+Bx1MprrCTmE+kwrVZ1V23Bq2Cejqn0Lnd7i/B2+f5H78Tth1Bw77frLsBL6att163BontnFkUB10ATEL/BjbUOWZTuR0ZF7l//XXbwGN5ukg1D4HT9cxaPHzwh12c0z1cHXdQd4MADqcS9M7nSCLBWzOLLzjuj9JIsDZ6zjKr1NJA2Swibeh9HjCrtd7gM2xeMkJYaInZ/XyGgNg63oQYMBeYAskoZp6C2y0WrcnKMd1JRbYA4Re9RrTaEE+g2X5RPvHx5NReiV89S/xtpcz6KIdgtvsMVGWdtUCemN4W/UtK0=
OPhjOtFmvyq72ytLngTb+51V23Bq2Cejqn0Lnd7i/B2+f5H78Tth1Bw77frLsBL6att163BontnCk0B10ATEL/BjZEKWZTuR0ZF7l//XXbwGN5ukg1D4HT9cxaPHzwh12c0z1cHXdQd4MADqcS9M7nSCLBWzOLLzjuj9JIsDZ6zjKr1NJA2Swibeh9HjCrtd7gM2xeMkJYaInZ/XyGgNg63oQYMBeYAskoZp6C2y0WrcnKMd1JRbYA4Re9RrTaEE+g2X5RPvHx5NReiV89S/xtpcz6KIdgtvsMVGWdtUCemN4W/UtK0=
Qf4c5akHNy/J2TLGzCecN51V23Bq2Cejqn0Lnd7i/B2+f5H78Tth1Bw77frLsBL6att163BontnFkUB10ATEL/BjZUKWZTuR0ZF7l//XXbwGN5ukg1D4HT9cxaPHzwh12c0z1cHXdQd4MADqcS9M7nSCLBWzOLLzjuj9JIsDZ6zjKr1NJA2Swibeh9HjCrtd7gM2xeMkJYaInZ/XyGgNg63oQYMBeYAskoZp6C2y0WrcnKMd1JRbYA4Re9RrTaEE+g2X5RPvHx5NReiV89S/xtpcz6KIdgtvsMVGWdtUCemN4W/UtK0=
viuxwZZG9tulz9TvRG9JLJ1V23Bq2Cejqn0Lnd7i/B2+f5H78Tth1Bw77frLsBL6att163BontnCk0B10ATEL/BjakKWZTuR0ZF7l//XXbwGN5ukg1D4HT9cxaPHzwh12c0z1cHXdQd4MADqcS9M7nSCLBWzOLLzjuj9JIsDZ6zjKr1NJA2Swibeh9HjCrtd7gM2xeMkJYaInZ/XyGgNg63oQYMBeYAskoZp6C2y0WrcnKMd1JRbYA4Re9RrTaEE+g2X5RPvHx5NReiV89S/xtpcz6KIdgtvsMVGWdtUCemN4W/UtK0=
W4L7yjLVw+2QaAtzepy4wp1V23Bq2Cejqn0Lnd7i/B2+f5H78Tth1Bw77frLsBL6att163BontnFkUB10ATEL/Bja0KWZTuR0ZF7l//XXbwGN5ukg1D4HT9cxaPHzwh12c0z1cHXdQd4MADqcS9M7nSCLBWzOLLzjuj9JIsDZ6zjKr1NJA2Swibeh9HjCrtd7gM2xeMkJYaInZ/XyGgNg63oQYMBeYAskoZp6C2y0WrcnKMd1JRbYA4Re9RrTaEE+g2X5RPvHx5NReiV89S/xtpcz6KIdgtvsMVGWdtUCemN4W/UtK0=
fQGJ56t9/DPZFOs2rMkuJ51V23Bq2Cejqn0Lnd7i/B2+f5H78Tth1Bw77frLsBL6att163BontnCk0B10ATEL/BjaEKWZTuR0ZF7l//XXbwGN5ukg1D4HT9cxaPHzwh12c0z1cHXdQd4MADqcS9M7nSCLBWzOLLzjuj9JIsDZ6zjKr1NJA2Swibeh9HjCrtd7gM2xeMkJYaInZ/XyGgNg63oQYMBeYAskoZp6C2y0WrcnKMd1JRbYA4Re9RrTaEE+g2X5RPvHx5NReiV89S/xtpcz6KIdgtvsMVGWdtUCemN4W/UtK0=
5hc9Hcuu5tmdf/Ro5Yviy51V23Bq2Cejqn0Lnd7i/B2+f5H78Tth1Bw77frLsBL6att163BontnFkUB10ATEL/BjaUKWZTuR0ZF7l//XXbwGN5ukg1D4HT9cxaPHzwh12c0z1cHXdQd4MADqcS9M7nSCLBWzOLLzjuj9JIsDZ6zjKr1NJA2Swibeh9HjCrtd7gM2xeMkJYaInZ/XyGgNg63oQYMBeYAskoZp6C2y0WrcnKMd1JRbYA4Re9RrTaEE+g2X5RPvHx5NReiV89S/xtpcz6KIdgtvsMVGWdtUCemN4W/UtK0=
kDHkOvJzefN+5DfT3AUM351V23Bq2Cejqn0Lnd7i/B2+f5H78Tth1Bw77frLsBL6att163BontnCk0B10ATEL/BjbkKWZTuR0ZF7l//XXbwGN5ukg1D4HT9cxaPHzwh12c0z1cHXdQd4MADqcS9M7nSCLBWzOLLzjuj9JIsDZ6zjKr1NJA2Swibeh9HjCrtd7gM2xeMkJYaInZ/XyGgNg63oQYMBeYAskoZp6C2y0WrcnKMd1JRbYA4Re9RrTaEE+g2X5RPvHx5NReiV89S/xtpcz6KIdgtvsMVGWdtUCemN4W/UtK0=
XfGIBl3FlowKN9zgosh7UZ1V23Bq2Cejqn0Lnd7i/B2+f5H78Tth1Bw77frLsBL6att163BontnFkUB10ATEL/Bjb0KWZTuR0ZF7l//XXbwGN5ukg1D4HT9cxaPHzwh12c0z1cHXdQd4MADqcS9M7nSCLBWzOLLzjuj9JIsDZ6zjKr1NJA2Swibeh9HjCrtd7gM2xeMkJYaInZ/XyGgNg63oQYMBeYAskoZp6C2y0WrcnKMd1JRbYA4Re9RrTaEE+g2X5RPvHx5NReiV89S/xtpcz6KIdgtvsMVGWdtUCemN4W/UtK0=
2F6jlsdGWWPyqj5TVnShT51V23Bq2Cejqn0Lnd7i/B2+f5H78Tth1Bw77frLsBL6att163BontnCk0B10ATEL/BjbEKWZTuR0ZF7l//XXbwGN5ukg1D4HT9cxaPHzwh12c0z1cHXdQd4MADqcS9M7nSCLBWzOLLzjuj9JIsDZ6zjKr1NJA2Swibeh9HjCrtd7gM2xeMkJYaInZ/XyGgNg63oQYMBeYAskoZp6C2y0WrcnKMd1JRbYA4Re9RrTaEE+g2X5RPvHx5NReiV89S/xtpcz6KIdgtvsMVGWdtUCemN4W/UtK0=
AvEYk7UbVx5bGzXouY2W351V23Bq2Cejqn0Lnd7i/B2+f5H78Tth1Bw77frLsBL6att163BontnFkUB10ATEL/BjbUKWZTuR0ZF7l//XXbwGN5ukg1D4HT9cxaPHzwh12c0z1cHXdQd4MADqcS9M7nSCLBWzOLLzjuj9JIsDZ6zjKr1NJA2Swibeh9HjCrtd7gM2xeMkJYaInZ/XyGgNg63oQYMBeYAskoZp6C2y0WrcnKMd1JRbYA4Re9RrTaEE+g2X5RPvHx5NReiV89S/xtpcz6KIdgtvsMVGWdtUCemN4W/UtK0=
zFRV5D8QcryUpeWMIGrr6VOs+N9hxj0QH651Soy0pjmNPA3vs5Eh7PNZA6fPO3wdKHFancojp7ywZFadM7pMfnckM65NnAh16vUxWK/C6qFmRqNnnyvUxha3rumXtS2tMzWG7SLtbDYB34N2TwD9fydTsOmpkQvJwctNWwisuHaR83SyBJ8Axm3kCmb/tEX4ax9fsJN2BdGkkSqeVsK/zQPWAwGen44ZI/gdmvjBpwso9LUf3bR5nwFluHDiGtF0zW7pNqyAm8EUSOP8fk3DCItRmRiKUS95k3OnQj1Z0IkTCAeaqsB3fkiqM3PAmX6FO8ixdf29V8i0sQ==
ZnVZ+LgT1QJcLpqOcDfxYJ1V23Bq2Cejqn0Lnd7i/B2+f5H78Tth1Bw77frLsBL6att163BontnFkUB10ATEL/BjZE2WZTuR0ZF7l//XXbwGN5ukg1D4HT9cxaPHzwh12c0z1cHXdQd4MADqcS9M7nSCLBWzOLLzjuj9JIsDZ6zjKr1NJA2Swibeh9HjCrtd7gM2xeMkJYaInZ/XyGgNg63oQYMBeYAskoZp6C2y0WrcnKMd1JRbYA4Re9RrTaEE+g2X5RPvHx5NReiV89S/xtpcz6KIdgtvsMVGWdtUCemN4W/UtK0=
pe9Mng/WWFEgaDdeNBRg5KJhi8Z8dje0YUtkJ7+jWhuH5sXFKF4Szvm18eA8OsEBDHQ/1RTwGaXWuaZuM/uXupBNXIJpdvMTNaJPxoDP1Cmd9+Zqqn6Q+rWxPnGpeyWTdD9qah5lPK1aQVrv9MxZZk2Z+h6VOEL2Jf1lmBmr8YsTkwZlp/87Q2IEYKgR8pfBliv/CQaCothaU1mvBQwkCUBwja8o0VmfTME02h9mr0+PBafDUdCdreLEiTFD6shNozOIY8+mXCkK80JljdnMbhJ7YU1ddj1hfXjLQSx0PJAOo3HrArGQcdu0oA==
zFRV5D8QcryUpeWMIGrr6VOs+N9hxj0QH651Soy0pjmNPA3vs5Eh7PNZA6fPO3wdKHFancojp7ywZFadM7pMfnckM65NnAh16vUxWK/C6qFmRqNnnyvUxha3rumXtS2tMzWG7SLtbDYB34N2TwD9fydTsOmpkQvJwctNWwisuHaR83SyBJ8Axm3kCmb/tEX4ax9fsJN2BdGkkSqeVsK/zQPWAwGen44ZI/gdmvjBpwso9LUf3bR5nwFluHDiGtF0zW7pNqyAm8EUSOP8fk3DCItRmRiKUS95k3OnQj1Z0IkTCAeaqsB3fkiqM3PAmX6FO8ixdf29V8i0sQ==
pe9Mng/WWFEgaDdeNBRg5KJhi8Z8dje0YUtkJ7+jWhuH5sXFKF4Szvm18eA8OsEBDHQ/1RTwGaXWuaZuM/uXupBNXIJpdvMTNaJPxoDP1Cmd9+Zqqn6Q+rWxPnGpeyWTdD9qah5lPK1aQVrv9MxZZk2Z+h6VOEL2Jf1lmBmr8YsTkwZlp/87Q2IEYKgR8pfBliv/CQaCothaU1mvBQwkCUBwja8o0VmfTME02h9mr0+PBafDUdCdreLEiTFD6shNozOIY8+mXCkK80JljdnMbhJ7YU1ddj1hfXjLQSx0PJAOo3HrArGQcdu0oA==
zFRV5D8QcryUpeWMIGrr6VOs+N9hxj0QH651Soy0pjmNPA3vs5Eh7PNZA6fPO3wdKHFancojp7ywZFadM7pMfnckM65NnAh16vUxWK/C6qFmRqNnnyvUxha3rumXtS2tMzWG7SLtbDYB34N2TwD9fydTsOmpkQvJwctNWwisuHaR83SyBJ8Axm3kCmb/tEX4ax9fsJN2BdGkkSqeVsK/zQPWAwGen44ZI/gdmvjBpwso9LUf3bR5nwFluHDiGtF0zW7pNqyAm8EUSOP8fk3DCItRmRiKUS95k3OnQj1Z0IkTCAeaqsB3fkiqM3PAmX6FO8ixdf29V8i0sQ==
pe9Mng/WWFEgaDdeNBRg5KJhi8Z8dje0YUtkJ7+jWhuH5sXFKF4Szvm18eA8OsEBDHQ/1RTwGaXWuaZuM/uXupBNXIJpdvMTNaJPxoDP1Cmd9+Zqqn6Q+rWxPnGpeyWTdD9qah5lPK1aQVrv9MxZZk2Z+h6VOEL2Jf1lmBmr8YsTkwZlp/87Q2IEYKgR8pfBliv/CQaCothaU1mvBQwkCUBwja8o0VmfTME02h9mr0+PBafDUdCdreLEiTFD6shNozOIY8+mXCkK80JljdnMbhJ7YU1ddj1hfXjLQSx0PJAOo3HrArGQcdu0oA==
zFRV5D8QcryUpeWMIGrr6VOs+N9hxj0QH651Soy0pjmNPA3vs5Eh7PNZA6fPO3wdKHFancojp7ywZFadM7pMfnckM65NnAh16vUxWK/C6qFmRqNnnyvUxha3rumXtS2tMzWG7SLtbDYB34N2TwD9fydTsOmpkQvJwctNWwisuHaR83SyBJ8Axm3kCmb/tEX4ax9fsJN2BdGkkSqeVsK/zQPWAwGen44ZI/gdmvjBpwso9LUf3bR5nwFluHDiGtF0zW7pNqyAm8EUSOP8fk3DCItRmRiKUS95k3OnQj1Z0IkTCAeaqsB3fkiqM3PAmX6FO8ixdf29V8i0sQ==
pe9Mng/WWFEgaDdeNBRg5KJhi8Z8dje0YUtkJ7+jWhuH5sXFKF4Szvm18eA8OsEBDHQ/1RTwGaXWuaZuM/uXupBNXIJpdvMTNaJPxoDP1Cmd9+Zqqn6Q+rWxPnGpeyWTdD9qah5lPK1aQVrv9MxZZk2Z+h6VOEL2Jf1lmBmr8YsTkwZlp/87Q2IEYKgR8pfBliv/CQaCothaU1mvBQwkCUBwja8o0VmfTME02h9mr0+PBafDUdCdreLEiTFD6shNozOIY8+mXCkK80JljdnMbhJ7YU1ddj1hfXjLQSx0PJAOo3HrArGQcdu0oA==
zFRV5D8QcryUpeWMIGrr6VOs+N9hxj0QH651Soy0pjmNPA3vs5Eh7PNZA6fPO3wdKHFancojp7ywZFadM7pMfnckM65NnAh16vUxWK/C6qFmRqNnnyvUxha3rumXtS2tMzWG7SLtbDYB34N2TwD9fydTsOmpkQvJwctNWwisuHaR83SyBJ8Axm3kCmb/tEX4ax9fsJN2BdGkkSqeVsK/zQPWAwGen44ZI/gdmvjBpwso9LUf3bR5nwFluHDiGtF0zW7pNqyAm8EUSOP8fk3DCItRmRiKUS95k3OnQj1Z0IkTCAeaqsB3fkiqM3PAmX6FO8ixdf29V8i0sQ==
pe9Mng/WWFEgaDdeNBRg5KJhi8Z8dje0YUtkJ7+jWhuH5sXFKF4Szvm18eA8OsEBDHQ/1RTwGaXWuaZuM/uXupBNXIJpdvMTNaJPxoDP1Cmd9+Zqqn6Q+rWxPnGpeyWTdD9qah5lPK1aQVrv9MxZZk2Z+h6VOEL2Jf1lmBmr8YsTkwZlp/87Q2IEYKgR8pfBliv/CQaCothaU1mvBQwkCUBwja8o0VmfTME02h9mr0+PBafDUdCdreLEiTFD6shNozOIY8+mXCkK80JljdnMbhJ7YU1ddj1hfXjLQSx0PJAOo3HrArGQcdu0oA==
zFRV5D8QcryUpeWMIGrr6VOs+N9hxj0QH651Soy0pjmNPA3vs5Eh7PNZA6fPO3wdKHFancojp7ywZFadM7pMfnckM65NnAh16vUxWK/C6qFmRqNnnyvUxha3rumXtS2tMzWG7SLtbDYB34N2TwD9fydTsOmpkQvJwctNWwisuHaR83SyBJ8Axm3kCmb/tEX4ax9fsJN2BdGkkSqeVsK/zQPWAwGen44ZI/gdmvjBpwso9LUf3bR5nwFluHDiGtF0zW7pNqyAm8EUSOP8fk3DCItRmRiKUS95k3OnQj1Z0IkTCAeaqsB3fkiqM3PAmX6FO8ixdf29V8i0sQ==
pe9Mng/WWFEgaDdeNBRg5KJhi8Z8dje0YUtkJ7+jWhuH5sXFKF4Szvm18eA8OsEBDHQ/1RTwGaXWuaZuM/uXupBNXIJpdvMTNaJPxoDP1Cmd9+Zqqn6Q+rWxPnGpeyWTdD9qah5lPK1aQVrv9MxZZk2Z+h6VOEL2Jf1lmBmr8YsTkwZlp/87Q2IEYKgR8pfBliv/CQaCothaU1mvBQwkCUBwja8o0VmfTME02h9mr0+PBafDUdCdreLEiTFD6shNozOIY8+mXCkK80JljdnMbhJ7YU1ddj1hfXjLQSx0PJAOo3HrArGQcdu0oA==
zFRV5D8QcryUpeWMIGrr6VOs+N9hxj0QH651Soy0pjmNPA3vs5Eh7PNZA6fPO3wdKHFancojp7ywZFadM7pMfnckM65NnAh16vUxWK/C6qFmRqNnnyvUxha3rumXtS2tMzWG7SLtbDYB34N2TwD9fydTsOmpkQvJwctNWwisuHaR83SyBJ8Axm3kCmb/tEX4ax9fsJN2BdGkkSqeVsK/zQPWAwGen44ZI/gdmvjBpwso9LUf3bR5nwFluHDiGtF0zW7pNqyAm8EUSOP8fk3DCItRmRiKUS95k3OnQj1Z0IkTCAeaqsB3fkiqM3PAmX6FO8ixdf29V8i0sQ==
pe9Mng/WWFEgaDdeNBRg5KJhi8Z8dje0YUtkJ7+jWhuH5sXFKF4Szvm18eA8OsEBDHQ/1RTwGaXWuaZuM/uXupBNXIJpdvMTNaJPxoDP1Cmd9+Zqqn6Q+rWxPnGpeyWTdD9qah5lPK1aQVrv9MxZZk2Z+h6VOEL2Jf1lmBmr8YsTkwZlp/87Q2IEYKgR8pfBliv/CQaCothaU1mvBQwkCUBwja8o0VmfTME02h9mr0+PBafDUdCdreLEiTFD6shNozOIY8+mXCkK80JljdnMbhJ7YU1ddj1hfXjLQSx0PJAOo3HrArGQcdu0oA==
zFRV5D8QcryUpeWMIGrr6VOs+N9hxj0QH651Soy0pjmNPA3vs5Eh7PNZA6fPO3wdKHFancojp7ywZFadM7pMfnckM65NnAh16vUxWK/C6qFmRqNnnyvUxha3rumXtS2tMzWG7SLtbDYB34N2TwD9fydTsOmpkQvJwctNWwisuHaR83SyBJ8Axm3kCmb/tEX4ax9fsJN2BdGkkSqeVsK/zQPWAwGen44ZI/gdmvjBpwso9LUf3bR5nwFluHDiGtF0zW7pNqyAm8EUSOP8fk3DCItRmRiKUS95k3OnQj1Z0IkTCAeaqsB3fkiqM3PAmX6FO8ixdf29V8i0sQ==
pe9Mng/WWFEgaDdeNBRg5KJhi8Z8dje0YUtkJ7+jWhuH5sXFKF4Szvm18eA8OsEBDHQ/1RTwGaXWuaZuM/uXupBNXIJpdvMTNaJPxoDP1Cmd9+Zqqn6Q+rWxPnGpeyWTdD9qah5lPK1aQVrv9MxZZk2Z+h6VOEL2Jf1lmBmr8YsTkwZlp/87Q2IEYKgR8pfBliv/CQaCothaU1mvBQwkCUBwja8o0VmfTME02h9mr0+PBafDUdCdreLEiTFD6shNozOIY8+mXCkK80JljdnMbhJ7YU1ddj1hfXjLQSx0PJAOo3HrArGQcdu0oA==
zFRV5D8QcryUpeWMIGrr6VOs+N9hxj0QH651Soy0pjmNPA3vs5Eh7PNZA6fPO3wdKHFancojp7ywZFadM7pMfnckM65NnAh16vUxWK/C6qFmRqNnnyvUxha3rumXtS2tMzWG7SLtbDYB34N2TwD9fydTsOmpkQvJwctNWwisuHaR83SyBJ8Axm3kCmb/tEX4ax9fsJN2BdGkkSqeVsK/zQPWAwGen44ZI/gdmvjBpwso9LUf3bR5nwFluHDiGtF0zW7pNqyAm8EUSOP8fk3DCItRmRiKUS95k3OnQj1Z0IkTCAeaqsB3fkiqM3PAmX6FO8ixdf29V8i0sQ==
pe9Mng/WWFEgaDdeNBRg5KJhi8Z8dje0YUtkJ7+jWhuH5sXFKF4Szvm18eA8OsEBDHQ/1RTwGaXWuaZuM/uXupBNXIJpdvMTNaJPxoDP1Cmd9+Zqqn6Q+rWxPnGpeyWTdD9qah5lPK1aQVrv9MxZZk2Z+h6VOEL2Jf1lmBmr8YsTkwZlp/87Q2IEYKgR8pfBliv/CQaCothaU1mvBQwkCUBwja8o0VmfTME02h9mr0+PBafDUdCdreLEiTFD6shNozOIY8+mXCkK80JljdnMbhJ7YU1ddj1hfXjLQSx0PJAOo3HrArGQcdu0oA==
SU8/5mHyN/8Kmz9gYssqEnYE3SD07GeHmsdYCFaaYErYavv6pV/IBLga3gU+7Pf1JtGiS4rAuAtV7vRsqQDyavo/tOYL5mbln1dmoeae6U5QEWDvk8Aepeb4YIqcbxYZtwQ6WnUB3WOxljc7v95Q0uRER9ThQYD6zkolC9eFiH0+OdZhBKxb0jccTLkByOgMDIPtqOdBDDcy0aqnPX+Lzm4a4bz+XRZ66iNs+51y9gqKyq8czsKX6tBtMwnw/a5u8yeJ6SVaWtaj6z3wcUrW++fUrBJKC0/h9SGWDMlmdgJipWc1UAE6ggWuWTENQr6WE3w+UMqd3Ipy2BcTRt6InC+kkRgq7CUln6FNSuOP5TK5eT4bQNI18dFlOjqqRwY8I39Rc8/03WNa3wJujZjr0mJjLWh4Qe27q9MeNV+f09OqBCg4eRLvEY7rRzke4kqoktORn62sPPk4sJV/kPFxD4TB/Eo3Rhefl8XfM0lwNZ0qREFBq4rQfRvzkLO3RjS5QvOK9WW5ND4KO9l9RZZVkTX8hnGH1CTg9uNpu7qRuOGTtOg=
btqh9Ge4FRTIlA2DfLzpV3EEjoXFgsXfHEYOxmtBi2v66q1Jzhu/AIdFho+Rn5rwiz0r4NHT0rvz1iIzs7pSehZyAKSlc85FuGyELhrmPrCCS/lo9DF0aPIeFuecnTWEuN7/iVf3Iwalr1V2OnYG5CVwC+nqLhwad98dzcK5/HkUpU7kkQZlTJ5ta+ACKG6jD4yNaeYjIMG4szd3gcpsGuO49FUcbvgzfu93WpwuaOrNOCTq/T4CPWHdOrXkqjFnSy1vEpAC8bvvJBviPF+FdE62IKOldWexBJhD7vyG4CXlsdqJsBaXPsul5+rUMvHcXPQgNbZeoIhFx4yWwljt5FPcYKTv8c3xn56Jpw8W21ncPyr63+XDdSguoE8MOCF/U3fF/Nd3SM8QemewgfaAQ09MkmmHb3mDTOGV15kXaETq/DNaJcXcu5XtdEqgDPBzczvHBNZtqiAH6xp5+4sGQX7Ovc6dCwVVTaej2F85yOQj5UEiuqnJo8JnfQ5+fYCzSDEv8f7qWGsLqS++v7VX3WdV7fzO9OTze6+wmbLlkbTq
btqh9Ge4FRTIlA2DfLzpV3EEjoXFgsXfHEYOxmtBi2v66q1Jzhu/AIdFho+Rn5rwiz0r4NHT0rvz1iIzs7pSehZyAKSlc85FuGyELhrmPrCCS/lo9DF0aPIeFuecnTWEuN7/iVf3Iwalr1V2OnYG5CVwC+nqLhwad98dzcK5/HkUpU7kkQZlTJ5ta+ACKG6jD4yNaeYjIMG4szd3gcpsGuO49FUcbvgzfu93WpwuaOrNOCTq/T4CPWHdOrXkqjFnSy1vEpAC8bvvJBviPF+FdE62IKOldWexBJhD7vyG4CXlsdqJsBaXPsul5+rUMvHcXPQgNbZeoIhFx4yWwljt5FPcYKTv8c3xn56Jpw8W21ncPyr63+XDdSguoE8MOCF/U3fF/Nd3SM8QemewgfaAQ09MkmmHb3mDTOGV15kXaETq/DNaJcXcu5XtdEqgDPBzczvHBNZtqiAH6xp5+4sGQX7Ovc6dCwVVTaej2F85yOQj5UEiuqnJo8JnfQ5+fYCzSDEv8f7qWGsLqS++v7VX3WdV7fzO9OTze6+wmbLlkbTq
gQzeBzjZ+gsG02Pw3Jukiu30EN7vEL8e7QSGYeHZy+Pvww8mu48p5hbFKiCoy/ddiU+DkjbezIhcoW7AiTnHrfd21rF7IHfv/q4Lo92ejWh4TlS1lk+VilFtowKt2AuW0pa44IOF9vC129IjHuRUHpGaF32d6DXxYYKQLDbKhduopNUPHQQZrwFV2MAiCrEkTb7JJmxwO7EUuEOMPl3jWAuBeQjK4c9Jk0NH8n1JMFmTWCeK6rDXjkPak4AAiV5Vu5jRZT0NN/i0gQ==
Jsrs3T40wsYDQ4MJBeJ9toPwVTDmIvfmCaMfKWpxSmWWVP8ZmiUM4eHsVktm0KRaxAxsEBnbWUK/KmjHR/x0es6V+2yqu3Mec+3+qAeZxZD5ekh4SN9+UbGoMYvP2JX23+QCwIQqy3uyMnWdHlnGquDM4WxL1zW20ZPBJDy2TiQRaTgyKYWVup0tgdNUerqERbb9CFXMBO6fE/Ter9aG87eqW1fFQgKfCwvThQsIJYcEC2Mu+6DCbrNsY/y/mvjnSmerjq1vNTMz+rSH
A/8F6D2S3hcv0detixQDUy10e7mzaUMDdkNsBWSQGZ1Hvoglm8eboz7UldEu09Un8R3WrUUVMMpvUi8Xm30vYAFYLP+n9W5+LY0mUQEHEeDF6jgCuOcb4d41l1G3kT96DdYd5yJUUVW4NEayW/7H6XFJ0Cm/54Cx0SaZagX/EuAfG1LZQ9vuQZaeBW7V+x2V9TdruEcJYGRLFVkCcjkx49pXNe4GraizYGHXkTbaQKtzOWeep8W/U8ll9RyGZFyzY994OQo1+bSC
E26x84N+p22Wp7tXo3z7PS10e7mzaUMDdkNsBWSQGZ1Hvoglm8ebrj7Uldwu09Un8R3WrUUVMMpvUgMAm3QzbhZYLP+n9W5+LY0mUQEHEeDF6jgCuOcb4d41l1G3kT96DdYd5yJUUVW4NEayW/7H6XFJ0Cm/54Cx0SaZagX/EuAfG1LZQ9vuQZaeBW7V+x2V9TdruEcJYGRLFVkCcjkx49pXNe4GraizYGHXkTbaQKtzOWeep8W/U8ll9RyGZFyzY994OQo1+bSC
gm3FWGUQeuVSI+CjvvFGCzs3l7KLR7nl87zGbJYnrTaiCHVG+6Rem1Wu/NCvFiB4oPTWAEqm+CsGslv7SOqBYxd78Sw2953xbH4viRxZG3Pj8PfeIurCAznB/FFtOW2lDap/IkcvGBCTFXpw/HoBCrU5w/0KQUWDIhFzwuOCn0ugcO1vyFH5X2zBFBq/5k+P7wVHg/FQPe3CxOlxo2qojYMzqKNvJrzpavOiJe1ZbC4ye0ENvfZdoZ1z64GP9JxQbqORq2IxMDH7tIA=
8NJ5jN9B4LyxFENCZq7N1i10e7mzaUMDdkNsBWSQGZ1Hvoglm8ebrj7Uldwu09Un8R3WrUUVMMpvUi8Xm2MyYQtYLP+n9W5+LY0mUQEHEeDF6jgCuOcb4d41l1G3kT96DdYd5yJUUVW4NEayW/7H6XFJ0Cm/54Cx0SaZagX/EuAfG1LZQ9vuQZaeBW7V+x2V9TdruEcJYGRLFVkCcjkx49pXNe4GraizYGHXkTbaQKtzOWeep8W/U8ll9RyGZFyzY994OQo1+bSC
NmUQa5see6ZGJQIFUUjuSDs3l7KLR7nl87zGbJYnrTaiCHVG+6RellWu/N2vFiB4oPTWAEqm+CsGskr9Sv+Fdxd78Sw2953xbH4viRxZG3Pj8PfeIurCAznB/FFtOW2lDap/IkcvGBCTFXpw/HoBCrU5w/0KQUWDIhFzwuOCn0ugcO1vyFH5X2zBFBq/5k+P7wVHg/FQPe3CxOlxo2qojYMzqKNvJrzpavOiJe1ZbC4ye0ENvfZdoZ1z64GP9JxQbqORq2IxMDH7tIA=
jHJ7OZHnX6OXOtM2AwpRf6waHeyzmF+5MIwJ6TSvVjQb/OoMCjjax+4uYJNvPN6e4k0ol7fkq5ud5qUx7KWSmcKnQypr4f6sD6XVhIGWaFxgg44laeRxT4ckxSJnSOKkbLZ7zyq+9RmW5VY+GKBByOMLRUKJXwFg9MqecClFWNZBmaWOhSGB11xGqpA9Wt0sfZD0mkdftBrnKtYnDwa7My3esiuTh1MBg7S1E/xnw4pTfLKa66CjuHfmKLNyS8tqxXMFByv2tIM=
yDhcinWGXoddQ6eUZtwkn6waHeyzmF+5MIwJ6TSvVjQb/OoMCjjax+4uYJNvPN6e4k0ol7fkq5ud5qwi5riSm8KnQypr4f6sD6XVhIGWaFxgg44laeRxT4ckxSJnSOKkbLZ7zyq+9RmW5VY+GKBByOMLRUKJXwFg9MqecClFWNZBmaWOhSGB11xGqpA9Wt0sfZD0mkdftBrnKtYnDwa7My3esiuTh1MBg7S1E/xnw4pTfLKa66CjuHfmKLNyS8tqxXMFByv2tIM=
0LMOAjFc9YK6GFIpC5f1irQQFzSvtOLUXVP3jr/B3Y0r+moOJiIxg1hjrWqWA/bBa2ON03qhat+1aJBRAzkh/VZsNo3VWb5FaxR/6/6qA5fNauVMWGq8wUZ73U4Rqeu2fazjMnIy0BQTMX50NV9al44QPLoxPv8JTVx9NSFG2Bjmvm3/iIC9+w0wEasBUdD0Mv7ZAG2aIVK8RHN1VHwLOO4pC/yrJRH8WlVHzRPHz0btvVj9M/zP/joEn0oDHtu00P22cZu8uZEtOT/8tIU=
F8C5LuXCLJxIQa8jSdzl63YE3SD07GeHmsdYCFaaYErYavv6pV/IBLga3gU+7Pf1JtGiS4rAuAtV7vRsqQDyavo/tOYL5mbln1dmoeae6U5QEWDvk8Aepeb4YIqcbxYZtwQ6WnUB3WOxljc7v95Q0uRER9ThQYD6zkolC9eFiH0+OdZhBKxb0jccTLkByOgMDIPtqOdBDDcy0aqnPX+Lzm4a4bz+XRZ66iNs+51y9gqKyq8czsKX6tBtMwnw/a5u8yeJ6SVaWtaj6z3wcUrW++fUrBJKC0/h9SGWDMlmdgJipWc1UAE6ggWuWTENQr6WE3w+UMqd3Ipy2BcTRt6InC+kkRgq7CUln6FNSuOP5TK5eT4bQNI18dFlOjqqRwY8I39Rc8/03WNa3wJujZjr0mJjLWh4Qe27q9MeNV+f09OqBCg4eRLvEY7rRzke4kqoktORn62sPPk4sJV/kPFxD4TB/Eo3Rhefl8XfM0lwNZ0qREFBq4rQfRvzkLO3RjS5QvOK9WW5ND4KO9l9RZZVkTX5gnGI1CTg9uNpu7qRuOGTtOg=
euYn65PdBxuHhawm216ZknEEjoXFgsXfHEYOxmtBi2v66q1Jzhu/AIdFho+Rn5rwiz0r4NHT0rvz1iIzs7pSehZyAKSlc85FuGyELhrmPrCCS/lo9DF0aPIeFuecnTWEuN7/iVf3Iwalr1V2OnYG5CVwC+nqLhwad98dzcK5/HkUpU7kkQZlTJ5ta+ACKG6jD4yNaeYjIMG4szd3gcpsGuO49FUcbvgzfu93WpwuaOrNOCTq/T4CPWHdOrXkqjFnSy1vEpAC8bvvJBviPF+FdE62IKOldWexBJhD7vyG4CXlsdqJsBaXPsul5+rUMvHcXPQgNbZeoIhFx4yWwljt5FPcYKTv8c3xn56Jpw8W21ncPyr63+XDdSguoE8MOCF/U3fF/Nd3SM8QemewgfaAQ09MkmmHb3mDTOGV15kXaETq/DNaJcXcu5XtdEqgDPBzczvHBNZtqiAH6xp5+4sGQX7Ovc6dCwVVTaej2F85yOQj5UEiuqnJo8JnfQ5+fYCzSDEv8f7qWGsLqS++v7VX2WRV6/3O9OTze6+wmbLlkbTq
euYn65PdBxuHhawm216ZknEEjoXFgsXfHEYOxmtBi2v66q1Jzhu/AIdFho+Rn5rwiz0r4NHT0rvz1iIzs7pSehZyAKSlc85FuGyELhrmPrCCS/lo9DF0aPIeFuecnTWEuN7/iVf3Iwalr1V2OnYG5CVwC+nqLhwad98dzcK5/HkUpU7kkQZlTJ5ta+ACKG6jD4yNaeYjIMG4szd3gcpsGuO49FUcbvgzfu93WpwuaOrNOCTq/T4CPWHdOrXkqjFnSy1vEpAC8bvvJBviPF+FdE62IKOldWexBJhD7vyG4CXlsdqJsBaXPsul5+rUMvHcXPQgNbZeoIhFx4yWwljt5FPcYKTv8c3xn56Jpw8W21ncPyr63+XDdSguoE8MOCF/U3fF/Nd3SM8QemewgfaAQ09MkmmHb3mDTOGV15kXaETq/DNaJcXcu5XtdEqgDPBzczvHBNZtqiAH6xp5+4sGQX7Ovc6dCwVVTaej2F85yOQj5UEiuqnJo8JnfQ5+fYCzSDEv8f7qWGsLqS++v7VX2WRV6/3O9OTze6+wmbLlkbTq
n2PLycOp7MJ18k+b297JnndfBy+GllOn2tEovKQcdp/oKdLK9tSaUar5otkdIe59f7mgwsUnrTNUkNMffmyhif2K7Z6n6o3x1/XNpeLyQMQYR7DBD1emoMe3/qzYhZJ88fX9utEl2PseR7k9pRb10VXzp7FkVYSg1uOJexoR2KGztMg=
cO5s14SFpqfkiYPr3TQ9Q8fXeQQlnlnVSt2I1GohwHvxW44sW3RTaVRnz4W0SLe4atnC3gM9KOPdsKmQPXsBEzqfgBSkLTsfgal+YFE8+PkNC1ziX6FarO5kOeplP3Lgf9vyWeObDkF23qXudTt9lZX3CzjnSUBkq1W5gtJ5EeP6l1VuZm2Is0AhNxHWmmCrU/nHHscF31PtpVadZiS8s4Of2Lmq9Zm04g==
3OEmxq2kC2NYmh6uNxMvaFUuUueUikKiP5NYcoZmzX+Y0O7e6dv5RjlH2iJAzb8jeniX9ZNifvDc/jlE2w3pUcDPF9Z/rldXfEIOjeEKDV3mRKunvPGKAIZGHRfIqI3DrajBwwE5AGySxukoLXJRqtxcI93U1NsgDlH7lGsNIcT6zRclEy+f3k2FaNXzlD+G2hxP4oOyi6+xBcaZ25SJqY2h75S07Q==
NAVwM9yExQJOPB/aWxBXfeuO2RMt2ShHZoPXbQEO0Brfy+i6xi49J7go/tbp0+m+GR8qagAFD3uawAd9E+ruSLwmiQwbxZmJ4LcH3n+mRy9cmn5FIUK9hYb8Oy88eRq4Zh6t34jgfZuNUNHLATEQlLKeGWBtuuHyPOSzVVRcS5huiUvcq8VRHNq1By0TJ4+mbV0YHTPcj166pN9qAzobF1FddlGb3HnxrVn/nLTl
jLjPwHPHhYyQrclT8JOkphB10lyo2g+NgU0HYYoAKX3qIMc9/IjWIDEtsC761OnN1aRhCR548CsjkfLmIx/z1LKy5BBdfssL1UOo8cOcv3g79eTMiheRrNEvLprfjZyHhgL+aDltGG7xEQXWVUmBr6wOSgit8h0UTZjUQhe3NOKX4rY/Hy77i51WEnND71N5c/xVi2zPA7JjdJJCu0gjRActSatiY4vSdfulX/uetPs=
AEmBbL7j+1nCv43n6iozG//4oRElyaLofUgnhaxAlnjBBZDW6tzp1eVMATHOMDDzUzlSnrOXc0wC2gSoDbaLUyVriAnTlL9gCx2E9FpfUXShh47iTwUcHzZqHtBppVg2ATklLkVBgbec5iowfbrdzD0wdDqHP7R6J4pWh0/mu9NtfjKLU+dTYUMUNbO8h8NqE9wyOivAo9y3RakTMqvLioXThafrlrTj
R+VF2EiUhUQE8lKeCF2iqozecwN1ilzOU8vbk3A6127xW44sW3RTaVRnz4W0SLe4atnC3gM9KOPdsKmQPXsBEzqfgBSkLTsfgal+YFE8+PkNC1ziX6FarO5kOeplP3Lgf9vyWeObDkF23qXudTt9lZX3CzjnSUBkq1W5gtJ5EeP6l1VuZm2Is0AhNxHWmmCrU/nHHscF31PtpVadZiS8s4Of2Lmq9Zm04g==
Eg9B4qPLxgzhyD4yMIgR4f/4vB0j27nhTUgnhaxAlnjBBZDW6tzp1eVMATHOMDDzUzlSnrOXc0wC2gSoDbaLUyVriAnTlL9gCx2E9FpfUXShh47iTwUcHzZqHtBppVg2ATklLkVBgbec5iowfbrdzD0wdDqHP7R6J4pWh0/mu9NtfjKLU+dTYUMUNbO8h8NqE9wyOivAo9y3RakTMqvLioXThafrlrTj
Fj4GjNXapxfrz3yEWJNgRxggGbmYCniS1YbVuVdZci3VX8rGrxfQ5iYyBTvINMbK6c/RomkDEnbgWTen6hw/IdO2VpTM+jFQ+1khFZArv0L/Ov+zLAbG2cEeBVn2IINz/CUiZBbClYNo/EWH/Uzp1wEtKIjCgiF8jebZLkw4iwmUAPNEHlXzgEtZ6YCqKb+xk7s3Oh3BoIHTgDeCynhnNsNmI8shgU4Ne8BB7d1Fx4C0+Q==
Dxtfkq1b5P6pnqYpKNqHuBImfxsWOp64/41+KhV099GUrPZcKRmgIvLQ6dHtsBElNhwQF3tloqrrWzMIymZUfLXaa/dN9zh9Sxg/5INhFGAi8/EQCVv+VpdJ3Nt+Vs6EUUk4EuklFdpdTYGzlBo6JIWW/SgVbIQO3/P0Pu82BlP3ilt3BeKC/8tr0+XLaKUnxCtjDrsAQo7zjGMY/3l5RwpHq65tz7VT85q05w==
PdNIBNbgjSok/hJyJF0DOxMvYgwQOdeqr4NiIBA1w5+Ytv5JKRmgIvLQ6dHtsBElNhwQF3tloqrrWzMIymZUfLXaa/dN9zh9Sxg/5INhFGAi8/EQCVv+VpdJ3Nt+Vs6EUUk4EuklFdpdTYGzlBo6JIWW/SgVbIQO3/P0Pu82BlP3ilt3BeKC/8tr0+XLaKUnxCtjDrsAQo7zjGMY/3l5RwpHq65tz7VT85q05w==
gQnmi8jCjwO/o+tx/3vtgM7RUkHLkaU+ij8oliEVVX1vSIfaqgD3PkNuszPBWf5FO4gxtf391wi0cQ==
E+xpxiyY9teRKoCAS0Wsn49d8kREad3BNHTEIZs7jcWZZlk5QbMzmQjleJiiQ50jhsH0yQe0fA==
7NynJnmAzBpc23CzdkkZ1R+zeuFcYXO7qSFU1IL+N7/9P08j3jWEAqvpTz6fdbfTxRWOfe40BPPb79AZkiVxtAo=
qmrJlV8Cm5UlYlZK9aIkCndfBy+GllOn2tEovKQcdp/oKdLK9tSaUar5otkdIe59f7mgwsUnrTNUkNMffmyhif2K7Z6n6o3x1/XNpeLyQMQYR7DBD1emoMe3/qzYhZJ88fX9utEl2PseR7k9pRb10VX9prFkVYSg1uOJexoR2KGztMg=
L7XNsALec1EvBZLgkLlTb8fXeQQlnlnVSt2I1GohwHvxW44sW3RTaVRnz4W0SLe4atnC3gM9KOPdsKmQPXsBEzqfgBSkLTsfgal+YFE8+PkNC1ziX6FarO5kOeplP3Lgf9vyWeObDkF23qXudTt9lZX3CzjnSUBkq1W5gtJ5EeP6l1VuZm2Is0AhNxHWmmCrU/nHHscF313spVadZiS8s4Of2Lmq9Zm04g==
nDQZHIW7qOwdLnecxaBg/1UuUueUikKiP5NYcoZmzX+Y0O7e6dv5RjlH2iJAzb8jeniX9ZNifvDc/jlE2w3pUcDPF9Z/rldXfEIOjeEKDV3mRKunvPGKAIZGHRfIqI3DrajBwwE5AGySxukoLXJRqtxcI93U1NsgDlH7lGsNIcT6zRclEy+f3k2FaNXzlD+G2hxP4o2zi6+xBcaZ25SJqY2h75S07Q==
SWsbyB5ANE1v8IIBjIcKFeuO2RMt2ShHZoPXbQEO0Brfy+i6xi49J7go/tbp0+m+GR8qagAFD3uawAd9E+ruSLwmiQwbxZmJ4LcH3n+mRy9cmn5FIUK9hYb8Oy88eRq4Zh6t34jgfZuNUNHLATEQlLKeGWBtuuHyPOSzVVRcS5huiUvcq8VRHNq1By0TJ4+mbV0YHTPcj166pN9qDTsbF1FddlGb3HnxrVn/nLTl
8+JV3jgibDLBeH7o/VM7NBB10lyo2g+NgU0HYYoAKX3qIMc9/IjWIDEtsC761OnN1aRhCR548CsjkfLmIx/z1LKy5BBdfssL1UOo8cOcv3g79eTMiheRrNEvLprfjZyHhgL+aDltGG7xEQXWVUmBr6wOSgit8h0UTZjUQhe3NOKX4rY/Hy77i51WEnND71N5c/xVi2zPA7JjdJJCu0gtRQctSatiY4vSdfulX/uetPs=
K7QcDKG+xtCMub+1R6L9AP/4oRElyaLofUgnhaxAlnjBBZDW6tzp1eVMATHOMDDzUzlSnrOXc0wC2gSoDbaLUyVriAnTlL9gCx2E9FpfUXShh47iTwUcHzZqHtBppVg2ATklLkVBgbec5iowfbrdzD0wdDqHP7R6J4pWh0/mu9NtfjKLU+dTYUMUNbO8h8NqE9wyOivArd23RakTMqvLioXThafrlrTj
qkI3BpwIqtToqI52WEnjSozecwN1ilzOU8vbk3A6127xW44sW3RTaVRnz4W0SLe4atnC3gM9KOPdsKmQPXsBEzqfgBSkLTsfgal+YFE8+PkNC1ziX6FarO5kOeplP3Lgf9vyWeObDkF23qXudTt9lZX3CzjnSUBkq1W5gtJ5EeP6l1VuZm2Is0AhNxHWmmCrU/nHHscF313spVadZiS8s4Of2Lmq9Zm04g==
h3BjW9Nu2NM6j9gEnwGuh//4vB0j27nhTUgnhaxAlnjBBZDW6tzp1eVMATHOMDDzUzlSnrOXc0wC2gSoDbaLUyVriAnTlL9gCx2E9FpfUXShh47iTwUcHzZqHtBppVg2ATklLkVBgbec5iowfbrdzD0wdDqHP7R6J4pWh0/mu9NtfjKLU+dTYUMUNbO8h8NqE9wyOivArd23RakTMqvLioXThafrlrTj
mriPxnqkqAsxW3sTbxF2DxggGbmYCniS1YbVuVdZci3VX8rGrxfQ5iYyBTvINMbK6c/RomkDEnbgWTen6hw/IdO2VpTM+jFQ+1khFZArv0L/Ov+zLAbG2cEeBVn2IINz/CUiZBbClYNo/EWH/Uzp1wEtKIjCgiF8jebZLkw4iwmUAPNEHlXzgEtZ6YCqKb+xk7s3Oh3BoIHTgDeCynhnNs1nI8shgU4Ne8BB7d1Fx4C0+Q==
6cBO9lg4MCfUkGWhKyZH+BImfxsWOp64/41+KhV099GUrPZcKRmgIvLQ6dHtsBElNhwQF3tloqrrWzMIymZUfLXaa/dN9zh9Sxg/5INhFGAi8/EQCVv+VpdJ3Nt+Vs6EUUk4EuklFdpdTYGzlBo6JIWW/SgVbIQO3/P0Pu82BlP3ilt3BeKC/8tr0+XLaKUnxCtjDrsAQo7zjG0Z/3l5RwpHq65tz7VT85q05w==
CNHVrZf4HjNfx/UCOLHxdBMvYgwQOdeqr4NiIBA1w5+Ytv5JKRmgIvLQ6dHtsBElNhwQF3tloqrrWzMIymZUfLXaa/dN9zh9Sxg/5INhFGAi8/EQCVv+VpdJ3Nt+Vs6EUUk4EuklFdpdTYGzlBo6JIWW/SgVbIQO3/P0Pu82BlP3ilt3BeKC/8tr0+XLaKUnxCtjDrsAQo7zjG0Z/3l5RwpHq65tz7VT85q05w==
9xPyobv8M06QIVFkhuxy2c7RUkHLkaU+ij8oliEVVX1vSIfaqgD3Pk1vszPBWf5FO4gxtf391wi0cQ==
gIoUwsOJr0kcArGtrWWlYo9d8kREad3BNHTEIZs7jcWZZlk5Qb0ymQjleJiiQ50jhsH0yQe0fA==
XhHrJ7o4lkB+ShKUfk3hXB+zeuFcYXO7qSFU1IL+N7/9P08j3jWEAqvpTz6fdbfdxBWOfe40BPPb79AZkiVxtAo=
4SyYHD4CmYdqn92IqTCkLswbgmMuVRSCG0kf/u+Vp93UNb49PlT0c0tPYNnCxQG0eg==
Ce7GIEQbjVzBNJ3xNU4u7fctNglVOD0TPI8UR9ypi1QRI7M1QvbE406zandPkbNOUz1znQBdQk3SDCDT//fMCZ4tdbQO
YiGaMDGNXaFJai29zQYK0OnX12u6PRI/nF9QL63dmqereXqjWzkW7kys5YNdlk+0GBfIB0NoQ0YWuH/ZYBO1eTrG4FI+R9DBtPnlBXaxJncySzK9M5SB0CVOBBOXRRisj5fcB/Zfo9jnknsDbBBh5ywhPSeQwehie5arB2Nli8sVQDn1HoQ16Sf6DMVPE6SrSxZ4UdZzHp2paUgmPlsNxRlm2TnBvbKZiOX4mCJDHSMGwXTJh7T8
jkBVFFlZ5aFeobVxmcIntvctNglVOD0TPIsWSdypi1QRI7M1QvbE406zandPkbNOUz1znQBdQk3SDCDT//fMCZ4tdbQO
otPfJfuhmOmBIDd2cVkps+X9Hq/Nsaz9g3TBlanJ5g9A5+6b7fwtbj6ojQ1xNQWrCeFqGLfq5g4veCQvZfjcg8IoQ84lEUM6eRzQewsV2IZhieUeJXGBh/zW6oAdCl18XYC0CucPtEpHupY3L1Y7Yw3O8rsz11NRIyT1A9w3Q9pzbPIKS/Ct7dd1aaNSG0s65WNFl4umtNM=
vKQfHpJhz4l3oL2gK8Fu1B+zeuFcYXO7qSFU1IL+N/38O1Ij3jWEAqvpTz6fdbfdxBWOfe40BPPb79AZkiVxtAo=
+hh1sWAfxTzB7x5F3yydYhkJ/pai3AFF1aA9Uz1pLgzqDepKfRIEQFQrsJXf2Wtt8sz4Xg05YcOYPpwoGtZPtaCC1ek4H22glb1ZdEv93Hk/8nMTFNC5l6SBRfe4wcCyAzYjd7ul89sdIOFFdgSdmf/aBNV3U3wbw/bAAT5zdk0RCcCWZps11RFGgclpOVkp0AXwiNoDRdOOYYyZr7TU
B0UmPbX8wMBHQ3bmNaBb9Oh+CzxhBoR1krTEE/F03/S6yHNBx2wo0Jn8/VUqeiPXcKjL/DmoHSwGpaXLkJxLyQhhRasVI7kR5PhvAR89QC6C96OA2rZ6zVojatCtCKmdnDE9vq00lPZbmW8lfrwEJulZhdtErlAg3lYLvewSifFb/AlY6U3VvE89WLEzws+rMPAdD3iRiX98wQQ6zyb/7x+F12OhEO2N8sSZUXMqeC0TsxgDn2aMCXrzskXdmRyOgvvRre02DYFted1h3DVMMP4j4UvSccAR67SQ
NZnxOSz2wDKCIcoTD7zHICGvXvdLcuuDmdzXgiwI3/4QIgMHQydHk2eUrAZPU9jaD5C7HMkkB8KTud9eLoOJSJdMvlLdnfd4e6U8m3DycNsQaVhTw3aq198UfVUWp/ZMAe8RXzvvv/uC/k3Lm4sQmnmbqjCfRPlRPH6us+b3dGRwNfefy7UlkSXUpFmxI0iyq9lW7GLcDTrx1w4AI3PGaTcDwkG6RnHeQZMhdekfn+jT8cwkpy1N0sZRrUOmfyGeMnXEM4w542Ei8rwL79HTzrP905ljHWLN8kxA01837In+bdW0rg==
N7c3kFIK3DMpU5B+E4gBbiFOsv9+6ICHbv3yVTvSh1mdkL7y/VPxo/OfkMdll8g9DlB6kDmk+hxLu7LXawl7DWEtZ09eYFJtXyxHQvBor+YQIrWiGvWlu9nt15vUMvq867mSapW8XQvraY8+3/V32YeVTn2utMTzm28QGdKlsbTK
sXhU9jsroOm6JULfsup/Nk4mKxY3c8f9s/AKPph6ERPaXyCUBO3bH+Hp3uDxfJj57cs8Yv9heqyOpNlqxX9S4F+bktkDWy5BVh5FbhV7XZW1t6u4B4kgZIuVGQKyufHjmtf17sYt6LOg4ZeRdlqAqzO5J55nRf9ZD+U2HcbknLOjXzg5yrW5tMI=
mTuRfpcLRTJN3zA4PzGAK3H16IF45svO67uDvf28SY00ovXzfueMBHhlX59lYSJwXcQ8mYmTkNIjqb5sSuyFGqkndsC7Y37JP1MqQVIWeX75g7m1ke/HyFvB5KRPXcWyHuGVgz5vWX46pWwzJGnrAdriJEvXYYsuOw27GUst6u0qPLiTxydUKfa9vbTG
sW+XqP/6YFgKEWK5FsyNRunX12u6PRI/nF9QL63dmqereXqjWzkW7kys5YNdlk+0GBfIB0NoQ0YWuH/ZYBO1eTrG4FI+R9DBtPnlBXaxJncySzK9M5SB0CVOBBOXRRisj5fcB/Zfo9jnknsDbBBh5ywhPSeQwehie5arB2Nli8sVQDn1HoQ16Sf6DMVPE6SrSxZ4UdZzHp2paUgmPlsNxRlm2TnBubGZiOX4mCJDHSMGwXTJh7T8
GWVfSPdwq9z96+qRHo+UIjZmA/GJSGVeJXQtbA7a+Vk0SmuXDRe43Qs4P8TDwZSAYpPx8Mk7fvZXadz7vvZO5JGpOHKpxZV6HW2Bk9S6usTF9v3I1QwErh/T9B4vloYzN2pbF0UCAl+LS9PFi8glx4RLY+57YMIuM6xpOj/Z+SfKp6vOLS8187O6tMc=
4HAN0dggSu4uhfzSk+rbWlA/iMRpL3nSertQIeBf3wDDXQwnAWgWdsn8/Um13Uzg6ay5Lwkdt+hbhRbmX2P0Q84sanF138/1sNgf4DaJo9cyWrH99ExA+NdSC6PckPFHfOFtB4DB+EIrVvun8+U7a2WACdXuhAUJVzq8pb+TNEsb1qgxxnMOffkpmEau230lqSYpWfG5wbm4pQg4ksONg9aBpOmXtOw=
dR1aXWIgSvJEP1iJfL7pHHiXKlYwZ3Qd4H0BOwNXxo+0eGlPGR2nyAtFxkbP4wTjvuyaUQXfP9XAmO9ARgkzd2IaYd3kTFAYhxLbQ0wQQafMoV3nsMHIohsWS0dDZauLtcBZNf6EFSmHeuwFLxNE6+uW2BE2c35dCeno5l5b7YV55nl54bnR2WhlWFgCQz3jZkGUiae03A==
SdQLL3AfGuXlm4lpz2F4dh9RJG9tAIgxV8UgQbC2o45TK3s9RSwxLZxyPTM2l+QkYJVHn30ROlC1NPTZwcM4cts5BuwyfD36Qfc+gPNTViknYzJBSiZhntGz8fXZPy8o41GcJPfNPRK2sd3D9p+xXiLVdDM8mfMhspJsix+xI45DnQOZs71SjUJscFMPF3xJ7o2ltN4=
MNp0prRoJoCOIlM82WK62aICD28adnpdb5oJScb6zlIUILI+L7LV9EmgYWdPkbNOUz1zmQNdQk3SDCDT//fMCZ4tdbQO
58ooAMRblhOi5rXySmPF+KMCD28adnpdb5oJScb6zlIUILI+L7LV9EmgYWdPkbNOUz1zmQNdQk3SDCDT//fMCZ4tdbQO
dUqH0jg40DSurLt2ghPSI6ACD28adnpdb5oJScb6zlIUILI+L7LV9EmgYWdPkbNOUz1zmQNdQk3SDCDT//fMCZ4tdbQO
mpZ9lGTAyyP+FhcncMLDWaECD28adnpdb5oJScb6zlIUILI+L7LV9EmgYWdPkbNOUz1zmQNdQk3SDCDT//fMCZ4tdbQO
ozlt+Zd4Wq6Qq5lFokR0nKYCD28adnpdb5oJScb6zlIUILI+L7LV9EmgYWdPkbNOUz1zmQNdQk3SDCDT//fMCZ4tdbQO
urjQcdHFsa5m2ACxN+HDn6cCD28adnpdb5oJScb6zlIUILI+L7LV9EmgYWdPkbNOUz1zmQNdQk3SDCDT//fMCZ4tdbQO
ll7pn1rZmTkG5za8QaOO+Ckfg7dh+DkSXyVYWzGU6NwBATyHhmfa356ADGRowiLk/9gnCuow1w5JXJMDAQle1bsY0eU9jTd4tAE=
h9GdgZbDS0Q0l1UlXWWw7igfg7dh+DkSXyVYWzGU6NwBATyHhmfa356ADGRowiLk/9gnCuow1w5JXJMDAQle1bsY0eU9jTd4tAE=
PEFOd0g50cNsxcicoKf5sBZw7a/PDsAv1g6ODbsytelaErqigLg+vqMqQYS9yP3H8znnnifFP1lPZXYdBmTcs+Pf+DmKNXm0Ag==
fcTT9hGhOwQsHCjerp6vCiYziATcsfy14eDQY1E31oqTlEAPOuvCCKCgv1OUcUmK3L7RR2B9Duk+jd5WYG5wvPYmjz6bkAKek/xpap9pOdcqdyueTV91QxNqtBc=
XJig+EZ0f858eP2sc3BY+Bdw7a/PDsAv1g6ODbsytelaErqigLg+vqMqQYS9yP3H8znnnifFP1lPZXYdBmTcs+Pf+DmKNXm0Ag==
W5k74Lf4QWe9iHRmHlSbghZq66/TFsEv1g6ODbsytelaErqigLg+vqMqQYS9yP3H8znnnifFP1lPZXYdBmTcs+Pf+DmKNXm0Ag==
d62jL7zWNv2WsgReU5t629FOOuPan5Pj59uB36Gd31ijpR72h6NMM0bMsiEd3ycl6LiXEI7J+8c6eslNHMzoiO+yA7OEUAn39EG116jB0JLz9nMXCyVje21gMaVGBO25Lxq0tefTjLuTtvDhLnNmLSHJEDYWG6U1oQbR6Zk5aUmAxQAoSoP1M14h/Lm/tMQ=
HzhAQB8hqq14pIt/xYo+By4Qjiw/xt98gMn/tJ/jv30BZP3dQMpZU5IPGLTsHcMf+Zm2wMmsUDkle2QCl/HCLHY0ccqdDxqgl0tqOStrNkFOLm2O7auV1f3H8xivGdjkMwVxYuoJOSNSB83Orl3ws7gRf7FOCsjrewn/fo/VR9l3dZ69HhRUc+sPQFnihaG02g==
//tUr9/UM7JpsSzbbTF63YK16emBCr63CLnWJyoeP8aV7K30vkKZAYSSq089T9jFOyA/3PPZ9NhSSzEoeWMebufxXGMObi68IXH4qpmd9WItdYGL5KLanPUuPRBlVGQ2r0t0hp8O5muHspvPdVpiR7tT09270EWftJOjNss4oraDNOmij0GZf3p/axYdd1Xrg6K03w==
kvQCLg4rZXnScsgJumXMXaLklg29t1lrtj1ACAcocc7NkpJoYd+wwPt54bUQi39i/xo/E6ymBvnB/sU5dsBDE/zFYgSWItXjaNwFJ33sqfcBDWgoQiJhXI2Gmc7MWMvplGAzpJ41M2BLeSkgKol/kZOb95qdYWCh02D34kqYp1bJhGOroWEObXvgAU1d5YegtNk=
N9Qzo3r21vFsI4dZiZHdNn0pOx2/MjCr6gkJ2W9eGtCMLYKqyuX+wgMk0vKb2Cm25/2Jm8JzC6IVq+Xv2w60Cw==
Cs+TI23vglydpT/lahuvHGsWx7IXWwJ7z4XtWadIz262IBCa0s1ZBQeqmlwUiTIWArEervsgwu6z7Gl6vxn5Z0rnqw6t7zWzM3q0Bw==
6jX7OrOJZPjJHuAPDagzjFcy56IORq4fwKXA7cL/0Ek9BiaTr6aqdiQ/EkfpXX9jccKwun9Yc52q6Yl5rz4a8MzNAgoKhf7iQ8RSUlu4KZanHQk7AhMLglVLZU8bbrQr
AHD+Jmb9vUDbAMA5f5pMC7yrs5WPCeepieN3WOANSxsJmPiUtDtxKT3k9quGiTiDmUvRJBjQ07bD7x4fMQMTwNqyiAvKQEZLLrAXEooIB2bJtMM74RFuPfuwIX2ddWdQtCk=
oFQvKokvDMX/oS4yzMH0HVLG4MBbJiHUgnJZ44QNORkVEnDK38jzLUq5yYmPLhrArB3CeqoVflKjlBKie6gppsfNyUuig4sytRslvzt+tBs=
9G7NaatdMyQJQ0PmFvUfG1Jx9r6GWrpp0FfJROc5t+scQLq1nKEJ+rl+Voan3PrW8znnnifFP1lPZXYdBmTcs+Pf+DmKNXm0Ag==
MOSoav8x6l5KwADgl8dLGFYy56IORq4fwKXA7cL/0Ek9BiaTr6aqdiQ/EkfpXX9jccKwun9Yc52q6Yl5rz4a8MzNAgoKhf7iQ8RSUlu4KZanHQk7AhMLglVLZU8bbrQr
kjvNvqJPyyhnkAAP+3vowUrq3UVjSsL9qXwWBMFZGPOZu/F02GCzJkN/vu9xU/Pw2oJoW4qw5tuuIHeiSlgnlsnE4+uhoY6teyCBDV2lB2C0GQ==
6LOj5jcvo5OEHbDhz0rPTryrs5WPCeepieN3WOANSxsJm/iUtDtxKT3k9quGiTiDmUvRJBjQ07bD7x4fMQMTwNqyiAvKQEZLLrAXEooIB2bJtMM74RFuPfuwIX2ddWdQtCk=
oFQvKokvDMX/oS4yzMH0HVLG4MBbJiHUgnJZ44QNORkVEnDK38jzLUq5yYmPLhrArB3CeqoVflKjlBKie6gppsfNyUuig4sytRslvzt+tBs=
9G7NaatdMyQJQ0PmFvUfG1Jx9r6GWrpp0FfJROc5t+scQLq1nKEJ+rl+Voan3PrW8znnnifFP1lPZXYdBmTcs+Pf+DmKNXm0Ag==
6jX7OrOJZPjJHuAPDagzjFcy56IORq4fwKXA7cL/0Ek9BiaTr6aqdiQ/EkfpXX9jccKwun9Yc52q6Yl5rz4a8MzNAgoKhf7iQ8RSUlu4KZanHQk7AhMLglVLZU8bbrQr
AHD+Jmb9vUDbAMA5f5pMC7yrs5WPCeepieN3WOANSxsJmPiUtDtxKT3k9quGiTiDmUvRJBjQ07bD7x4fMQMTwNqyiAvKQEZLLrAXEooIB2bJtMM74RFuPfuwIX2ddWdQtCk=
4fXkQGabRLpM3rqvkVq+KBs214V2NQrYWhL+qZSflfRLYVOLuPgWJeApjXo99qoWC2ReNpfhSy77jfsZi60q7Wq8+JMHpxQptj19tAY=
k34F7m9eG2oitmZDJry/GnWesbKis5dmNpCQfd0+HzLZH0JAXzbd6OijhEVbEAriEqIWKTxv3ZRTUStLYGiuxah5ZXpVJmJ2s/QGdm/RU84z/VOZ4x3izXJMwNPfN2yJfm1VtC4=
wz1MQ6lJ+kL73IxmPvi16dPSxrPDZnjp7ItjtmL4rJ3BFmsCzQdOQFMuydici5ilZ3heMuaaWmnwl2nEB/nX6/wAGjU84en62b72BgccmtYTeYceh4UfWS8llp2mpPyzwx+YuWp1WbQi
oFQvKokvDMX/oS4yzMH0HVLG4MBbJiHUgnJZ44QNORkVEnDK38jzLUq5yYmPLhrArB3CeqoVflKjlBKie6gppsfNyUuig4sytRslvzt+tBs=
9G7NaatdMyQJQ0PmFvUfG1Jx9r6GWrpp0FfJROc5t+scQLq1nKEJ+rl+Voan3PrW8znnnifFP1lPZXYdBmTcs+Pf+DmKNXm0Ag==
MOSoav8x6l5KwADgl8dLGFYy56IORq4fwKXA7cL/0Ek9BiaTr6aqdiQ/EkfpXX9jccKwun9Yc52q6Yl5rz4a8MzNAgoKhf7iQ8RSUlu4KZanHQk7AhMLglVLZU8bbrQr
4fXkQGabRLpM3rqvkVq+KBs214V2NQrYWhL+qZSflfRLYVOLuPgWJeApjXo99qoWC2ReNpfhSy77jfsZi60q7Wq8+JMHpxQptj19tAY=
DXmE9LYug8/lPMv9J01e0WDpzUTi+WJJYM75mCxrKCX3mI5ytnpKaeC3uYRXWUdrjKDqdUzBGfqpngbGd7xqVoPZV97XpQ9ZP0VGXfbEbDNzfyh5WhVptBI=
g5jnUdlK2Unkf7QczL1ybtPSxrPDZnjp7ItjtmL4rJ3CFmsCzQdOQFMuydici5ilZ3heMuaaWmnwl2nEB/nX6/wAGjU84en62b72BgccmtYTeYceh4UfWS8llp2mpPyzwx+YuWp1WbQi
oFQvKokvDMX/oS4yzMH0HVLG4MBbJiHUgnJZ44QNORkVEnDK38jzLUq5yYmPLhrArB3CeqoVflKjlBKie6gppsfNyUuig4sytRslvzt+tBs=
9G7NaatdMyQJQ0PmFvUfG1Jx9r6GWrpp0FfJROc5t+scQLq1nKEJ+rl+Voan3PrW8znnnifFP1lPZXYdBmTcs+Pf+DmKNXm0Ag==
reKQznjiqdBDepNpjiptjnGwgAClvh8mEb6qhyZ2PGHm25Z/tikKL6qzuYRXWUdrjKDqdUzBGfqpngbGd7xqVoPZV97XpQ9ZP0VGXfbEbDNzfyh5WhVptBI=
Blr0FqLoeuOwiszI5xcE0maG33mUvFmaxatC0LzqOxfTNnCHxp2LGn1ZBE7QzP26/DU0shDluaanXlTEwqe01foxaVHfBhr43NUi4jr9viqTnDL6qwCpHjeFqVOy68vKBZOFZ2tWtCM=
IgjAbHNTeZlz0SUPYkbW/2f7303AvvRdOjEKNJZcAAwFbI///bxlZztspphXrpLpf2UVIPkkiKzE8DJVJPHh+tGu7uYvbKIWyynvvn81l9mn1S79DnQk87svcJlyZVG0Kg==
fDDpuRIUgNZoHmg+HePwRXj221r053RZIIv8mSxqYTL43N44vz4Kaef1vcBBVEBsjKDqdUzBGfqpngbGd7xqVoPZV97XpQ9ZP0VGXfbEbDNzfyh5WhVptBI=
BSKhFBpAdDdX4Gug7n1PW1o47Mk0EPX6WMl1cTdoK4ACPG604H0m5cu6ezpsTv0oiAbBDT323aEdeW2BDPUcUO6jEaviMbAxe7QA
ZmPu0X6VldrBvHLXdmp6k3KwgAClvh8mEb6qhyZ2PGHm25Z/tikKL6qzuYRXWUdrjKDqdUzBGfqpngbGd7xqVoPZV97XpQ9ZP0VGXfbEbDNzfyh5WhVptBI=
ipcKek5gw4wKYOBSEG8pWGaG33mUvFmaxatC0LzqOxfQNnCHxp2LGn1ZBE7QzP26/DU0shDluaanXlTEwqe01foxaVHfBhr43NUi4jr9viqTnDL6qwCpHjeFqVOy68vKBZOFZ2tWtCM=
t1IFYKIuP/cxrOw8jdpHvmf73E3AvvRdOjEKNJZcAAwFbI///bxlZztspphXrpLpf2UVIPkkiKzE8DJVJPHh+tGu7uYvbKIWyynvvn81l9mn1S79DnQk87svcJlyZVG0Kg==
fDDpuRIUgNZoHmg+HePwRXj221r053RZIIv8mSxqYTL43N44vz4Kaef1vcBBVEBsjKDqdUzBGfqpngbGd7xqVoPZV97XpQ9ZP0VGXfbEbDNzfyh5WhVptBI=
BSKhFBpAdDdX4Gug7n1PW1o47Mk0EPX6WMl1cTdoK4ACPG604H0m5cu6ezpsTv0oiAbBDT323aEdeW2BDPUcUO6jEaviMbAxe7QA
+sgLPNmmF22YBCZeCkixfNeyMxA91oq+LxIV0ur1Zimjz0pvZgvtVOMxm8vwCH4F+FmVeiUGsjbjFJb23zHjjgMdQ5nzPZKNguywU0+XPEmuDWW0Hg==
72MRO9CzR31ScIL4Z8NFvUu062ufJd1QyGS7MmOr9ish91tkWhbA/9p0rg+ONH+mWnwPQokQS08xJQY52/TJyQ2BL3S0DQ==
PxL2Cip6RI5j4GonBu8GB3XD/eBgeKbDQR8rnFrusBe6nP7XzuwvDvrUv/oJqPvnkY3WYRusGaHt6d8MtHU=
BlQdgkcWvoa+Q7RpjNnMKBeWkDdynZlV59qaLPTZ8kaiAZ4eW/CCPtMcaYrfybm36lcrvg2/9ePTCrR3
hPhfmotgeEkLH2HJjpZSjReWkDdom5lJ/9uaLPTD9Ea+GZ8eW/CCPtMcaYrfybm36lcrvg2/9ePTCrR3
oeat2XdGjLomeKVArA8/7mxlPxK+NDC28A8JxXdfGtCMN4Sq1v3/wgMk0vKb2Cm25/2Jm8JzC6IVq+Xv2w60Cw==
aVZUhdVERLOITd2kaZB6LNeyMxA91oq+LxIV0ur1Zimjz0pvZgvtVOMxm8vwEngF5EGUeiUGqDDjCI733zHjjgMdQ5nzPZKNguywU0+XPEmuDWW0Hg==
dIT6BwkMHTgY7FPnK8tlOQcNP4d57mDO5+QTWZjjeTEPo5pUBLsUPk5hX2ariGJGI2Tp8i+xWc8aL+vG/ccVmyNytA8=
mubywyO5WdM5iVYJSk/FAwGWkCpom5lJ/9uaLPTD9Ea+GZ8eW/CCPtMcaYrfybm36lcrvg2/9ePTCrR3
hPhfmotgeEkLH2HJjpZSjReWkDdom5lJ/9uaLPTD9Ea+GZ8eW/CCPtMcaYrfybm36lcrvg2/9ePTCrR3
X5Iw1/kCYYuKatrjv0QKyxeWkDdom5lJ/9uaLPXD9Ea+GZ8eW/CCPtMcaYrfybm36lcrvg2/9ePTCrR3
fBTMGBW4id+KOLSYFwG+EmxlPxK+NDC28A8JxXdfGtCNN4Sq1v3/wgMk0vKb2Cm25/2Jm8JzC6IVq+Xv2w60Cw==
Z4B6Bn30BuOBKIT6cO4tJNeyMxA91oq+LxIV0ur1Zimjz0pvZgvtVOMxm8vwEngF5EGUeiUHqDDjCI733zHjjgMdQ5nzPZKNguywU0+XPEmuDWW0Hg==
RqLCNv5XoOcrAPsNAgAE1AcNP4d57mDO5+QTWZjjeTEPo5pUBbsUPk5hX2ariGJGI2Tp8i+xWc8aL+vG/ccVmyNytA8=
i+8Rm8zs2mY1hQU2eX/OaQGWkCpom5lJ/9uaLPXD9Ea+GZ8eW/CCPtMcaYrfybm36lcrvg2/9ePTCrR3
X5Iw1/kCYYuKatrjv0QKyxeWkDdom5lJ/9uaLPXD9Ea+GZ8eW/CCPtMcaYrfybm36lcrvg2/9ePTCrR3
i+8Rm8zs2mY1hQU2eX/OaQGWkCpom5lJ/9uaLPXD9Ea+GZ8eW/CCPtMcaYrfybm36lcrvg2/9ePTCrR3
X5Iw1/kCYYuKatrjv0QKyxeWkDdom5lJ/9uaLPXD9Ea+GZ8eW/CCPtMcaYrfybm36lcrvg2/9ePTCrR3
i+8Rm8zs2mY1hQU2eX/OaQGWkCpom5lJ/9uaLPXD9Ea+GZ8eW/CCPtMcaYrfybm36lcrvg2/9ePTCrR3
VIt6Bk/xEybOKW+sqtdtp/ctNglVOD0TPI8UR9ypi1QRI7M1QvbE406zandPkbNOUz1zmQNdQk3SDCDT//fMCZ4tdbQO
JqVygjhJpVHfs8Yy3hZn2vctNglVOD0TPIsWSdypi1QRI7M1QvbE406zandPkbNOUz1zmQNdQk3SDCDT//fMCZ4tdbQO
6Evt3WByBrOY6I5K/AQKgeX9Hq/Nsaz9g3TBlanJ5g9A5+6b7fwtbj6ojQ1xNQWrCeFqGLfq5g4veCQvZfjcg8IoQ84lEUM6eRzQewsV2IZhieUeJXGBh/zW6oAdCl18XYC0CucPtEpHupY3L1Y7Yw3O8rsz11NRIyT1A9w3Q9pzbPIKS/Cp7td1aaNSG0s65WNFl4umtNM=
Lyg63VGIHlDo5l7UC63ssdG70I+EsA6KxURPr7Y22NeUzQh2D/EfrTqQ13IKqEeGydQDm2HxLh370OHdHZUncLQJ
xPKq9BbeY4EXbziODH+ti5tYPfnBkJTgpMbEyIDU3lWlrx72h6NMM0bMsiEd3ycl6LiXEI7J+8c6eslNHMzoiO+yA7OEUAn39EG116jB0JLz9nMXCyVje21gMaVGBO25Lxq0tefTjLuTtvDhLnNmLSHJEDYWG6U1oQbR6Zk5aUmAxQAoSoP1M14h/Lm/tMQ=
jE3iYjQ32+nQs137BWZGDo3I6O7gGZlDZugHn4ERMjTg4w+2zFvrfmwypnGq1cgIS9EosKqt5sBtPIGV6Xz4omixNUcUtYeXkDMsOOZd5S4PMuNSv+m2+2kSfOk3exDD9DW7SVNyRHGMpG36gZyOJDXG2l/I8bR8ssCd18gzAmbVHvE3l5uZPdd1INxQuuT/15hsh7b507ZuJj075W/5SZlUa5TEaxrqqu9xcVgHez81pDY50N96VLqvXgCYbeWwl3lJ0cQWRyIflBadFO7Tzt4orvmB0sS3FEs3OPPoSbXy4DKpyCdlrGMB7Z3gqDbKv/TGMQyGDIW2a8ELOA8Q1E0PKrf2CoT6LtvgIieS2X6k+qsKCMyp5V0BLoKjDM1ZhEPTmbam/9rlXlg6wTcH0SA0XKSIt1NWTpld+kmW2x0rVqss+c/kA05I3qhTQ1M0l8eG5VInQwoZLBDLa6VYNgE5JS5FQYG3nOYqMH263cw9MHQ6hz+0eieKVodP5rvTbX4yi1PnU2FDFDWzvIfDahPcMjorwKjet0WpEzKry4qF04Wn65a04w==
oZkV7I+k5dapuGECYU5LdLJjNC3i6qW5sIy7MbZHSRotcOwfdD6peaA8PmnXj6ms+pYEQqGsVKII/SH/Dmh2DJjnK8IbqieLMBTjM6LnFQAPhh2TA5Fr5d7jpfPEx2AGNSRF1r7CCbTSUdzrVKr+gmVprJmS4EmMWVkjYdlL+5c4wlSwlNkrqiRJYqNzIOKkhcVBBSmPxQaDurBRGtzGzakvHM3LWYlWvrdERRoCdm0mPnxH9baLa2E/8GyH1LP2jgOQZCNooppmt9UI5KEYSQ9G1wIZ8y4yWgc8neUaj6O1QyTiBiyDhs4/GJzsU/opObVcpYBS0Z2C2ULwxIwCOfg8I5ipWFjI48Tclglz0YOWfAdmHZ/YETu3wpz/7Il8gGSF/be3nMbUKhwtMwCCWyXErbzLGzdEg8LNtST14ipGNtfJo5LrdU6rBv1jHBUuKLVPTwhw3etNgLH7AQFwRHLuufDtKgFCfDSTJVSsa8iuOStMK1Xx7Jrl5x0TF2/2La24jbNM7+569P+aCEg7xxHtlsEbTNmBbYmfrLTV
46hwVtcbdrFkL29xATeqXZcBvR3SSuonovc+c4uISPXl7yg6kSUYe15Heb1lFrVRlf7iMaRVxCAW48n72hGYIXO0CA==
z4E8LMxsIQh3+Ump3hRCrzYhPAqwJDDm9gMU2HBjGo/KPpSxy//twgMk0vKb2C6x5/2Jm8JzC6IVq+Xv2w60Cw==
fLNorLBH2r6Gtz1bZTtOG87RUkHLkaU+ij8oliEVVX1vSIfaqgD3Pk5rszPBWf5FO4gxtf391wi0cQ==
E3n2QiWu5DPs9Jj2TOcX6I9d8kREad3BNHTEIZs7jcWZZlk5Qb42mQjleJiiQ50jhsH0yQe0fA==
6ocechXq6807bjfHVes4cKo9pxtdZByKd1Un1BDgcbTR2HUl0bpsHig+kegBjXiN/gxHNmuiUFSyGYV/h54pjzRNl6wLWlGTf66WGWSRawU7RkRN9OCdVgkIbvhtospT4IV0gApELTsAZyJ6zTqh+38vGYEvsVDwWK6Eow98/AseDZPKViINV627WdUB8LvYrF8a1tKrgd3Qk5vjbcAmNfiruqgCK+7sUDnFrI9dGR0sosee51BmsRz6s5IGzD51KSaEyyxPB1S7POkpakTi5aATZZAbRR0xaDzWFueQ1j0k8sx5Du9x5/BbMMhVK3p7Hr4ERtYfkA4vhrkifB47hqA46ZllBR7u69htxRznA9Xekv/mnRqolkmj5w14UEyooMOTqvYd7RaBwvsBM3L74BF7ZL+2jK6EW1czaE8jFmn60wN2ISggpyNx+KqZnfViLXWBi+Si2pz1Lj0QZVRkNq9LdIafDuZrh7Kbz3VaYke7U9Pdu9BFn7STozbLOKK2gzTtpY9BmX96f2sWHXdV64OitN8=
rNFPO36sMaUqIcs4mRUaTAlfU3p/bRAztGrCxMy7vHTo0UYelhJvPvUBcY1AdQ0MS310M4M8QF73OwzsM43MyohOgjDKN2na1c/TJUe9oHWvnu5ytA8u6Y8EAqpNYfWTedZ/6xe+yEJ8xN9EeeHoKgYKbTs/pfBNxjmuUfyMM+L/3ATp6WhwnJQDdTh/oaRn+hHi1xWfs75WGtnMxr0+CqLjpKs1km6aEko3jFZif7qYrfs5mN1WXosncdlderLm66v1IBnqTmt/VDSC0mvnMb1hXvzhBk7yWqVfxWhhEnLN7hHhpSImBov8psBSPbRauphfI67+8KzXpOko0sxNFVdhBRoLL32iIfmmi9gynaEZpXJKgqc+TBt/aQP3FPUTEh/KPiV4c0L647X44OEF6+MT1gU3vyvj0gTQCAEyByHGq4/pdkLSOApTCQ81zJQpcPBdj7iRSf+8wcS6DyY/b1+Fl+PhEK0NssTZ0TMquK3Ts9iDX2ZMibrz8sWdmVwOwvuRLa02zQGtfRrhHDWMsD4jIcuScYCRq7TQ
Na9C7eVLWaRYJd/T3kJVdBkJ/pai3AFF1aA9Uz1pLgzqDepKfRIEQFQrsJXf2Wtt8sz4Xg05YcOYPpwoGtZPtaCC1ek4H22glb1ZdEv93Hk/8nMTFNC5l6SBRfe4wcCyAzYjd7ul89sdIOFFdgSdmf/aBNV3U3wbw/bAAT5zdk0RCcCWZps11RFGgclpM14p0AXwiNoDRdOOYYyZr7TU
vNWhJaGeD6Z8C0KEdJLEM5CpDc1DWCDsZkGgZuwpzDM5OgzvcKIG1mxxoUSSJTEjLMyH8VyBcbMZE6X50LibqYPNzLZ2V/d4luaG5U4jfvhRWOVlyJHJJiHECF6v2VvNYowIPt250eOI/uzIStaf1VDCxcmPnD1A5X3J1Hv9LBmvskMzRFDJd7RB9VdowRASs/Yzl8slo/stYHElhgStOW8adDUn08w707YwYe5zJq1hydC21hvlteEGEWlZMy7JQMXAqAqDtbOeITw5/7SE
wLsYPvYkrjxlkGQDpTcW0p3NBc8Z6hgyUoJ3/aJJBWjsq39qnyL+Tgz1Y9KXsbN+wkvN+HP0wtIhJZPIv+1Qu5z6dMv0MQSTHy4OR1uc0bW677K8JZctXweXmwvGtuErNwOUCt3DdvDDHB1BOHZCk4q/sNQUjQsftw3BIWEcSHndK0yizwGKrD4Eqap1X6Jgj7sCGRP7/kGGvlWuhVuNFUWXG3h3KZBke/UpwsJZwWNKt2Uu1s24s3CBh9HmutArA9nX3lelj1O4RcZddsTsM/N/qHnaFem0kg==
MKksGlyhxIpngEurml9GD/ctNglVOD0TPI8UR9ypi1QRI7M1QvbE406zandPkbNOUz1zmQFdQU3SDCDT//fMCZ4tdbQO
Hg6po6tbhZh5LZNtyC3/3N60on7k8Htjj9JZRVtuXVGCZyJcNnQqq3AgxZrypg60MRm4wgkVVar9nYFjNGp6FGVGfXh1XET+f6P0bk/GxmOX2tun5dLCj2u70zVrGOUXJPvjXtswgn5T3GlIX4q5d2oXK36N//UjU0q0Nw==
jpjhaifKxDao7I2qGNHam/rAoBn2jzM/4JazGXkAHcm/smU4IR0iiWTBSwTja+IzireCFVUsDx/t9RxKWpuQjzSHUa1tNo2B7XlfYV81zDB+I2FLUnFAEWu0EA==
5AT35JgrErGEB6p6BbRMSeAhp0FhtEEthJFmFjWV/5iLRUkCE5S3hYRlwqHt6EUzNJ/8B3RZA/TJU6s1WgacQ8bDwrcngbtuq23LGXmNeS3aHAgTl0dEaUYdbbQW
1LiPDksvd+uq9wFJ3d7EKckSiGRQhmA3s5FmFjWV/5iLRUkCE5S3hYRlwqHt6EUzNJ/8B3RZA/TJU6s1WgacQ8bDwrcngbtuq23LGXmNeS3aHAgTl0dEaUYdbbQW
KRwfR3QsAn+G3kip1M2ooiy9lQathGIWMZ3jiGd9LSL3zJt1uC0GYamguYNYR1hn0KGvZFXbL7XejgDTartmV4PZV97XpQ9ZPUVFXfbEbDNzfyh5WhVptBI=
g2vexBzYfTL4NOrDkoUH+THe5PvT8cM9bd3TNrhiRmGEUl4WDWXH+KO1gUJbRB/lHPVaIXV43ZNcTzRHPGnr1LFjUzUiNmRjrvMKd2/RU84z/VOZ4R3hzXJMwNPfN2yJfm1VtC4=
4A/tLcrtnLl8uOTChReTgpyzTw1KpHa8NZdfPKyFLM6+mdZMJwQ87vO+ipIeRCnpyy1xpKqO52G5Gx9lQwDo1E201QNUR4eDlRVfhuso4ibjROnQ79LZb1rP66Y9Z5V7Y1K0Lw==
hCPCbWyIzUSBbQ2CmUXi3BEMbyIkGII8A88xR6uytoFTKX0gASowCMg+c3p2xc42DvFd+QxpRVm0dLKK3ZwnZtZ+P/UjUD36Qfc+gPNTViknYzJBSiZhntGz8fXZPy8o41GcJPfNPRK2sd3D9p+xXiLVdDM8mfMhspJsix+xI45DnQOZsb1RjUJscFMPF3xJ7o2ltN4=
WMVlQK+udjd/CZO9JTprqgl+bz9ce25+TeGGoEQFOva3uedQLrXOPFEuKcXx5ApvievfN0sw48mJ2Sxxv2yiBHlox3oq4LceSU5zUEH5PmU7aHFVfV0XaLQR
BRe442TP0S3hkBK7Rhh199PLyRgQhfdiZRSKLEWD28NihRGnB0Eb7sut6xmZzdmtutxoE7cHpOnm3Q20dg==
BRe442TP0S3hkBK7Rhh199PLyRgQhfdiZRSKLEWD28NihRGnB0Eb7sut6xmZzdmtutxoE7cHpOnm3Q20dg==
DDOgsy39u8xjiykUTDVkyb9O0TBsn0ZKcAtAnn8NWi/h3kLUnHpOUDLSetGrM55nIz7H8oWWsNeIuuGGzVR2DVdN/Sr+oGRn/YoNGV4sWhEkdRXzMUkSV3l6naZABoIIwifH4krlpknSv2FeOgBG8MDHCDwB5kA=
