5piqIs7znjafq/CCS81m5HH6/5p989rz67uDvf66SY00ovWcFYmKeB8bUZ4iJ3dtB9ErnciomtokhqozX8PDFLIldsC7Y37JP1MqQVIWeX75g7m1ke/HyFvB5KRPXcWyHuGVgz5vWX46pWwzJGnrAdriJEvXYYsuOw27Ekgt6e0qPLiTxydUKfa9vbTG
ds3e6jHy+Rnx7W6HqTwS1lp5Fz12WgZpbif5Yiwx3HUBntVYAtZXRWgirXmW2prIjc5c+q1VcRR30mvjPJDRBxxhjcegwdiCy9ab59Pl2ysFAKkVzoRlSbe6HOWfk9SLu1YI8SZzbj1ZqTgGzttd5QmmSZkRsuL5GyXo+PLDrUM2AcSpt7TM
EJ1IHn8HIPWH2HXaE3slNIKyv/vqWHBJFt2Yh4RQRSQAQN7K/FbMDSBDbl8S8p2DzLmX14xsKEOLjuxChffnUUKUROtcytSA7lY7HXzSmREPf2TgmZ7oAgEVHSyDAv+LgHDNL2jRGR+MwfRaX2bvz88FZ0OR0F0tosTJsQPqCM1jM0jjj6YcqUrzguVN2QzuUnshzR12/eG9cg7Bb3V8EE6jsWvCsVDxm7Tg
9ho1WuM4Hq8lGvjZuS6X9Y0+I+tYXgbzYW/XnApbtjArHV4u8w5GBG4geuc4ZIWmypI+mBk9mN4RAUWm9ZmBn8yeiviNop2krYiUMrdnNNL3cnbPP357O31GUgPjP1NJE2yVe0yfgwKDZNIyG5gidWe+iVtCMwtilevlL1tOtMs=
BUx2OmOj788n8NctlFI0bywjOaDQXSxEL2grbhvU2Qk5DybTWTaL4WIvNryzue6SO9On6JYkavsQUMXqkvZO5JGpOHKpxZV6HW2Bk9S6usTF9v3I1QwErh/T9B4vloYzN2pbF0UCAl+LS9PFi8glx4RLY+57YMIuM6xiOT/a+SfKp6vOLS8187O6tMc=
6T/Mji3tcnASfcTtpa9PiCwjOaDQXSxEL2grbhvU2Qk5Hi7dXzmKs2IvNryzue6SO9Kn6JYkavsQUMXqkvZO5JGpOHKpxZV6HW2Bk9S6usTF9v3I1QwErh/T9B4vloYzN2pbF0UCAl+LS9PFi8glx4RLY+57YMIuM6xiOT/a+SfKp6vOLS8187O6tMc=
OtGVsMHnX0Ti8cyMrO/6n0la+JPq0QVekbo2aS5gehbmEaheLiFbHgxIy7GdlWtt+c78WkMjMZP5auwoGtZPtaCC1ek8H3P4la4UKlXVyUQ/8nMTFNC5l6SBRfe4wcCyAzYjd7ul89sdIOFFdgSdmf/aBNV3U3wbw/bAAT5zdk0RCcCWZps11RFGgclpMlop0wXwiNoDRdOOYYyZr7TU
7sI9TLExuv1AcsgWcyh8K3Z8EeSJQSxEJ2o9fE/Z0BdrDyCaDXjes2IvNryzue6SO9Cn6JYkavsQUMXqkvZO5JGpOHKpxZV6HW2Bk9S6usTF9v3I1QwErh/T9B4vloYzN2pbF0UCAl+LS9PFi8glx4RLY+57YMIuM6xiOT/a+SfKp6vOLS8187O6tMc=
COy0eqHlRWdaLvYCxyuNPig7VrjcFyxELHUtex3Qw1l1DyXISDPes2IvNryzue6SO9en6JYkavsQUMXqkvZO5JGpOHKpxZV6HW2Bk9S6usTF9v3I1QwErh/T9B4vloYzN2pbF0UCAl+LS9PFi8glx4RLY+57YMIuM6xiOT/a+SfKp6vOLS8187O6tMc=
qtx/f3egN+qaiftCvOX+TVM5LVAtcdntqbUJHph3ERPXX0/yaoTMFpmZpprjJd2v9ZQjdvImQ7WfiNlqxX9S4F+bktkDWy5BVh5FbhV7XZW1t6u4B4kgZIuVGQKyufHjmtf17sYt6LOg4ZeRdlqAqzO5J55nRf9SDOU1HcbknLOjXzg5yrW5tMI=
NcE0Yu2oXEOtd19r9iPQVWaOwf7EWghXTR1xivt3vve7TDEyls0mbfZ6f0M2XI+H157KjsIl9LJlTD5sNooFG6jkVU8dxJnvARVYACJKMWRNfklmbDC7cRT4w0w+nWMYC0H5yMqhT4mTg8eyfYmwmZMYp0rqcFfOQh8TwAHJ3pW72FElPc23uLTB
HssZa47y1J/unGRzMoXQiTlbEW+h2Umn1cYwrqoIWdCGVtPN9LLBAfC+/5AhfuAyaZW13IsihzsYsPU/MHGRz6TB3IrXxrff98X/8+nwVd0KRKGBCwqwvfvzsPPXxpR5ovPqtcU51P4qO7k9pRb10VXyprFnVYSg1uOJexoR2KGztMg=
AmDwIB41n2q9o8XPoRcYXfSxexo2+Z7d5NrS3CAj00NkkWSrlTpQwI5W290cUjnRLn5HIHkeiELhFT1sI4Jfy+BwLe8IUbnfrMHUmv/mjw8vBQcDMVD9bYLEKfFjaugNQzNoIy8mfGmq8+KlrVmsrnJ7AY199h0h3XIuAc/13NCuo9ErIjHwsbu0wA==
it0LVfGcDln/eXNFHruZ35cwLqm8vUKJhEQ9EogI5Y81ZyzPHxj6tlsr3J/0myg5tKlpuPH0s55CmgWBoBRAWqszqTQ2rJtcUuqZrf0ObJVihlijqSTFs+puZLVr19dk70r7Kgovy0PK/64AloudJFQYG5ZiI0aI0rEkfKBbNsRJ5xqNpVTaG2Xnr8lvp+zncEV4eLLW52XYYp3ZoF6KaF2OjNo9VeF0p5K7gywQIWfsIX2nUMEo4juWa4cjZctL1UB5dV6E9Wln+sxFjxPkK4sWuNGWc94d6WkIpv5bTUVZZhm5gbJyGUvluBjiQ92jRsG0Sce0vA==
pFjug/zms9JbKv3aUPo6Ke35EqfIhf/njUmOhbOAhQ0T3dK13Ok+fD3tyxJndk+rAfVhO9qztigbVT5WY6eG3Z4oWt9oDAU+elreYAkV2IZhieUeJXGBh/zW6oAdCl18XYC0CucPtEpHupY3L1Y7Yw3O8rsz11NRIyT1A9w3Q9pzbPIKS/Ci7dd2aaNSG0s65WNFl4umtNM=
CKxCIWZKmoaqtebdZ0H5TTnGeL3FBSKz0In/44VVnnGL7KUp++Gi4QQlfjh1MRumH9qvT6mJ0a9CPzask8muIttLJnn2lKoLMEDF+rIGjlTxObjiSXXVCj19gYP0yvp0JWZ9WLW8xF4/w/QOD2ZGg1f624elskIvq1vT1au4ZXdk2+N+G9AC3hO8YikfKjmXqjcrXs2fdYOTqrTX
CjXSQh19mwABMki+Rp4EZ5aDssY6T56+Nl4Of2IH1hrsDWMtUEFqLnSasu6JB4LvC4lFN6YD8m1K7FiWDXFqyp895E4gLH8Gfo63davg1VoZh4ZAKwMuCc9zOkFCNom+qeMpNWFPd4gL4RSkfz2Vcu4BJQOuz4m+CsV8MzSJ20GKQrTLZwH7buvtixI4DTktmpzIE1fHhGmGna201g==
rhwzxJdBOJbBC+Qd44Yi2ZVgCDhCoNEbOrncj//hgVuWa5f6tdvPn5oLKENeGpEfc5zj7N8dfVeJ5Y75du7XB2Z4h532y4IqUqFc5iUYFmgmrk1PCHDd602AsfsBAXBEcu658O0qAUJ8NJMlVKxryK45K0wrVfHsmuXnHRMXb/YtrbiNs0zv7nr0/5oCSzvEEe2WwRtM2YFtiZ+stNU=
J+g31PZwXlVu714PmGY3N2BmCfWJSCxEL2grbhvU2Qk5DybTWTaLwWIvNryzue6SO9ql6ZYkavsQUMXqkvZO5JGpOHKpxZV6HW2Bk9S6usTF9v3I1QwErh/T9B4vloYzN2pbF0UCAl+LS9PFi8glx4RLY+57YMIuM6xiOT/a+SfKp6vOLS8187O6tMc=
mb7DDyeAT/aXoRvK5KB7WmzZjKCWMEZVQRpwlt53qf3vD3Rm06kmbfZ6f0M2XI+A0ZDKjsIl9LJlTD5sNooFG6jkVU8dxJnvARVYACJKMWRNfklmbDC7cRT4w0w+nWMYC0H5yMqhT4mTg8eyfYmwmZMYp0rqcFfOQh8TwAHJ3pW72FElPc23uLTB
1kHLvP/fi717cbw6o5H1/69z/8nLIY32RinOmXaOl6fmmEe38aTCitJBnMYlOFYIpg6NrwhQnYvNIHEbAeGw5PKO+dDtysHi/FTTBVSMqygumWssK3UxDBpFp30Tdy9WrU14rbMsr076FD+6Amt7pJFNViEbbJnh7SlfTLQ1
WNFElIyB8D112Vgy3g56R+QVMSDMbxOixix4li0xCko//Q9JD2zfhh7Ol3VLIHXaecfmQAvDzolvM1pBInYpPkkjCTUBDxcIqyH0pF999fJOQQUDTg8pPmqFXDMUSTvBKgLUy0fBW+4LLasSWE2ZrXpcKBN3h+TpJl1NtDY=
FfQvDcByIb2TIj/tZARQ2q1z/9jJN4n2RinOmXaOl6fmmEex8aTCitJBnMYlOFYIpg6NrwhQnYvNIHEbAeGw5PKO+dDtysHi/FTTBVSMqygumWssK3UxDBpFp30Tdy9WrU14rbMsr076FD+6Amt7pJFNViEbbJnh7SlfTLQ1
p2dHM128Vvz6HN3SGd2bZuQVNzbQchOixix4li0xCko//QlJD2zfhh7Ol3VLIHXaecfmQAvDzolvM1pBInYpPkkjCTUBDxcIqyH0pF999fJOQQUDTg8pPmqFXDMUSTvBKgLUy0fBW+4LLasSWE2ZrXpcKBN3h+TpJl1NtDY=
fzOiHcG46NL5y40KnWywGOQVNiDCdxOixix4li0xCko//QpJD2zfhh7Ol3VLIHXaecfmQAvDzolvM1pBInYpPkkjCTUBDxcIqyH0pF999fJOQQUDTg8pPmqFXDMUSTvBKgLUy0fBW+4LLasSWE2ZrXpcKBN3h+TpJl1NtDY=
m2EazpV8MO1Pc8HxAlaDC5RSde7NhJTq5cHV0aGdm0utix6o1OYTdGb4jEgK1l9VkMKFScac7JglbsQKJdX5pO+yA7OEUAn39EG116jB0JLz9nMXCyVje21gMaVGBO25Lxq0tefTjLuTtvDhLnNmLSHJEDYWG6U1oQbR6Zk5aUmDxQAoSoP1M14h/Lm/tMQ=
ecF7n/tTCEr77DayJB62EBOvNB/H9nEMYTQqGOYO+AAofv17YztcQJvb7KK5mhKk/QrBWSSuE6CeVss9LBJJcZ792IApXthiERUNDHPCjytw8F2PuJFJ/7zBxLoPJj9vX4WX4+EQrQ2yxNnRMyq4rdOz2INfZkyJuvPyxZ2ZXA7C+5EtrTbNAa15HeEfNYywPiMhy5JxgJGrtNA=
3aGplfhln3IiSOL7LweOPVA/hsxtcXzVZ+wELq8m/ij5dT8IMkEWd8W9sk7wzlX39K25JgZUt+xXu1mNX275LdMrcwJmz8zwrptH82ia6OMeEZzE6hNV15FcEKHckPFHfOFtB4DB+EIrVvun8+U7a2WACdXuhAUJVzq8pb+TNEsb1qgxxnMOffkpmEau230lqSYpWfG5wbm7pQg4ksONg9aBpOmXtOw=
3aGplfhln3IiSOL7LweOPVA/hsxtcXzVZ+wELq8m/ij5dT8IMkEWd8W9sk7wzlX39K25JgZUt+xXu1mNX275LdMrcwJmz8zwrptH82ia6OMeEZzE6hNV15FcEKHckPFHfOFtB4DB+EIrVvun8+U7a2WACdXuhAUJVzq8pb+TNEsb1qgxxnMOffkpmEau230lqSYpWfG5wbm7pQg4ksONg9aBpOmXtOw=
dBYr8FPJ39pau/Oj5oIbc+XCx8TApoo7Dv7A4+Pp2DUe5mtjrj2BvGh4onoPWyMNWJJPFVP5GKn4G9CN4c7OmhzbcYeTp9wmVIvIQi3gwvirom2cy/t35AOiDZUk1SJKxpaXKaOyKxXOC0YdY3zVjqhVD28IEB1LzWDx2wEhMKTyTnmQ7QpBovyUU0VUTCtoLlnrbCu1sUwahSc9Ezevlq0N+G2zbC+O+lS/eggo+2SRDdbhGywZIe1p34y09Q==
Ra0dKNf1TNe3yfgpvT3dpkcMGbPNA013HCgUR3WSGYoqlr97/KOa0T6W9KJdyc42ohfVjAtYP988PRxUmX0oezZecKz4unhhOaB7QAAzSquY6i9QmNIn3ac8jUfJ/wFDVNFdt2FHQETCLEu6bfXE+219vGq4/Jjz2wvfZB79EuAfG1LZQ9vuQZaeBW7V+x2V9TdruEcJYGRLFVkCcjkx49pXNe4GraizYGHXkTbaQKtzOWeep8W/WM9l9R2GZFyzY994OQo1+bSC
IR66CGMxYF5QQyZteGNbfRkJ/pai3AFF1aA9Uz1pLgzqDepKfRIEQFQrsJXf2Wtt8sz4Xg05YcOYPpwoGtZPtaCC1ek4H22glb1ZdEv93Hk/8nMTFNC5l6SBRfe4wcCyAzYjd7ul89sdIOFFdgSdmf/aBNV3U3wbw/bAAT5zdk0RCcCWZps11RFGgclpOFkp0wXwiNoDRdOOYYyZr7TU
ZN6d/R/cc9GUZZFsf77NwZCpDc1DWCDsZkGgZuwpzDM5OgzvcKIG1mxxoUSSJTEjLMyH8VyBcbMZE6X50LibqYPNzLZ2V/d4luaG5U4jfvhRWOVlyJHJJiHECF6v2VvNYowIPt250eOI/uzIStaf1VDCxcmPnD1A5X3J1Hv9LBmvskMzRFDJd7RB9VdowRASs/Yzl8slo/stYHElhgStOW8adDUn08w707YwYe5zJq1hydC21hvlteEGEWlZOCnJQ8XAqAqDtbOeITw5/7SE
ufGlKblBMavZYSHifbMEVyBQz2tr09hnhNT/8NrspTQCa/vrCYsYGstGObuCedl5iOHJycjvEms6JHsWmrb7NWcYccqdDxqgl0tqOStrNkFOLm2O7auV1f3H8xivGdjkMwVxYuoJOSNSB83Orl3ws7gRf7FOCsjrewn/fo/VR993dZ29HhRUc+sPQFnihaG02g==
Xeebnq7V5cmy7EcL4V6jCZn2Kg1W7WlcFDFGCERNJTInykldUrwQCG95o+QZ9//w1Tv2J3M9InoSkbz2JQh2WOZ+7T+IwD07DfCR6wERUDQyPllAbVqhkrwE8zVUvIv47mmLvKvlkbxaFccNEwdPBu392D0zvE++OsQfig9YW/TRPTaxm/w5US35v7y0xQ==
cVSKNWj8Qft0Jw9tX4PCaRHwceNAc3KpuDEXxJ2rN7XGfkhz0iuOF6vpTz6fdbffxxWNfe40BPPb79AZkiVxtAo=
NzVKqGuch75pG7ZgkK7h7uX9Hq/Nsaz9g3TBlanJ5g9A5+6b7fwtbj6ojQ1xNQWrCeFqGLfq5g4veCQvZfjcg8IoQ84lEUM6eRzQewsV2IZhieUeJXGBh/zW6oAdCl18XYC0CucPtEpHupY3L1Y7Yw3O8rsz11NRIyT1A9w3Q9pzbPIKS/Cv7td2aaNSG0s65WNFl4umtNM=
Lbk/Q6VNxJq5ehYNDOu4g+nX12u6PRI/nF9QL63dmqereXqjWzkW7kys5YNdlk+0GBfIB0NoQ0YWuH/ZYBO1eTrG4FI+R9DBtPnlBXaxJncySzK9M5SB0CVOBBOXRRisj5fcB/Zfo9jnknsDbBBh5ywhPSeQwehie5arB2Nli8sVQDn1HoQ16Sf6DMVPE6SrSxZ4UdZzHp2paUgmPlsNxRlm2TnBv7GZi+X4mCJDHSMGwXTJh7T8
Hh9uExORM0kN9NTZU5fx8Z3NBc8Z6hgyUoJ3/aJJBWjsq39qnyL+Tgz1Y9KXsbN+wkvN+HP0wtIhJZPIv+1Qu5z6dMv0MQSTHy4OR1uc0bW677K8JZctXweXmwvGtuErNwOUCt3DdvDDHB1BOHZCk4q/sNQUjQsftw3BIWEcSHndK0yizwGKrD4Eqap1X6Jgj7sCGRP7/kGGvlWuhVuNFUWXG3h3KZBke/UpwsJZwWNKt2Uu1s24s3CBh9HmutArA9nX3lelj1+/RcVddsTsM/N/qHnaFem0kg==
QxNsH2KL69cUMN4mUCn3e/p3LZgECMWXnHaR3eaSmflWzz/d7tKfcqw1brz/A/6HN2EPDRVFOx8S2ObNy7TLsgyAeybEComSFu2x262Vm8uImk48XxFOullEqev/cYMO490jn9P9MQ0iLFBTL9fcyQ5NRbQ+
m9W2HY1wxrpjAGDFVR9Jzk4mKxY3c8f9s/AKPph6ERPaXyCUBO3bH+Hp3uDxfJj57cs8Yv9heqyOpNlqxX9S4F+bktkDWy5BVh5FbhV7XZW1t6u4B4kgZIuVGQKyufHjmtf17sYt6LOg4ZeRdlqAqzO5J55nRf9fD+U1HcbknLOjXzg5yrW5tMI=
fPIm4JLotu2Fcvkv/dMuJHH16IF45svO67uDvf28SY00ovXzfueMBHhlX59lYSJwXcQ8mYmTkNIjqb5sSuyFGqkndsC7Y37JP1MqQVIWeX75g7m1ke/HyFvB5KRPXcWyHuGVgz5vWX46pWwzJGnrAdriJEvXYYsuOw27H0st6e0qPLiTxydUKfa9vbTG
Lbk/Q6VNxJq5ehYNDOu4g+nX12u6PRI/nF9QL63dmqereXqjWzkW7kys5YNdlk+0GBfIB0NoQ0YWuH/ZYBO1eTrG4FI+R9DBtPnlBXaxJncySzK9M5SB0CVOBBOXRRisj5fcB/Zfo9jnknsDbBBh5ywhPSeQwehie5arB2Nli8sVQDn1HoQ16Sf6DMVPE6SrSxZ4UdZzHp2paUgmPlsNxRlm2TnBv7GZi+X4mCJDHSMGwXTJh7T8
G7Axntj6oi4ImvT0Cu3nbjZmA/GJSGVeJXQtbA7a+Vk0SmuXDRe43Qs4P8TDwZSAYpPx8Mk7fvZXadz7vvZO5JGpOHKpxZV6HW2Bk9S6usTF9v3I1QwErh/T9B4vloYzN2pbF0UCAl+LS9PFi8glx4RLY+57YMIuM6xvOj/a+SfKp6vOLS8187O6tMc=
KBtfxhO/1A72plrYZqp1hlA/iMRpL3nSertQIeBf3wDDXQwnAWgWdsn8/Um13Uzg6ay5Lwkdt+hbhRbmX2P0Q84sanF138/1sNgf4DaJo9cyWrH99ExA+NdSC6PckPFHfOFtB4DB+EIrVvun8+U7a2WACdXuhAUJVzq8pb+TNEsb1qgxxnMOffkpmEau230lqSYpWfG/wbm7pQg4ksONg9aBpOmXtOw=
Jo9iqRn8ucD3cSpcF1UEz3iXKlYwZ3Qd4H0BOwNXxo+0eGlPGR2nyAtFxkbP4wTjvuyaUQXfP9XAmO9ARgkzd2IaYd3kTFAYhxLbQ0wQQafMoV3nsMHIohsWS0dDZauLtcBZNf6EFSmHeuwFLxNE6+uW2BE2c35dCeno5l5b7YV55nl54b/R2WtlWFgCQz3jZkGUiae03A==
zogl/zPSGW0+bYcH70FRth9RJG9tAIgxV8UgQbC2o45TK3s9RSwxLZxyPTM2l+QkYJVHn30ROlC1NPTZwcM4cts5BuwyfD36Qfc+gPNTViknYzJBSiZhntGz8fXZPy8o41GcJPfNPRK2sd3D9p+xXiLVdDM8mfMhspJsix+xI45DnQOes71RjUJscFMPF3xJ7o2ltN4=
nKqQtoDdngB/rJS66grTlqICD28adnpdb5oJScb6zlIUILI+L7LV9EmgYWdPkbNOUz1zngNdQU3SDCDT//fMCZ4tdbQO
KraC9zMuuVdQqzhrV5AIv6MCD28adnpdb5oJScb6zlIUILI+L7LV9EmgYWdPkbNOUz1zngNdQU3SDCDT//fMCZ4tdbQO
x3pWMiKXXgn9iDQP6ZVxuaACD28adnpdb5oJScb6zlIUILI+L7LV9EmgYWdPkbNOUz1zngNdQU3SDCDT//fMCZ4tdbQO
WFKqpWw7qO6H2we1g80NtaECD28adnpdb5oJScb6zlIUILI+L7LV9EmgYWdPkbNOUz1zngNdQU3SDCDT//fMCZ4tdbQO
rzxq82YPoHCYpNeIg0+yG6YCD28adnpdb5oJScb6zlIUILI+L7LV9EmgYWdPkbNOUz1zngNdQU3SDCDT//fMCZ4tdbQO
8AvWC6g67BUdU1UILqxZFacCD28adnpdb5oJScb6zlIUILI+L7LV9EmgYWdPkbNOUz1zngNdQU3SDCDT//fMCZ4tdbQO
eVc6EkEUKOZ/ZSySbA1Abykfg7dh+DkSXyVYWzGU6NwBATyHhmfa356ADGRowiLk/9gnCuow1w5OXJMAAQle1bsY0eU9jTd4tAE=
CBzFUW67aGOwAfClljl52ygfg7dh+DkSXyVYWzGU6NwBATyHhmfa356ADGRowiLk/9gnCuow1w5OXJMAAQle1bsY0eU9jTd4tAE=
RhkXTpa3FTumt8C37Aj0vhZw7a/PDsAv1g6ODbsytelaErqigLg+vqMqQYS9yP3H8znnnifFP15PZXUdBmTcs+Pf+DmKNXm0Ag==
48K/eTgrP6+F7BapukfsIyYziATcsfy14eDQY1E31oqTlEAPOuvCCKCgv1OUcUmK3L7RR2B9Duk+jd5WYG5wvPYmjz6bkAKek/xuap9qOdcqdyueTV91QxNqtBc=
iCvT2RaEdSZwxhjKqCUzxxdw7a/PDsAv1g6ODbsytelaErqigLg+vqMqQYS9yP3H8znnnifFP15PZXUdBmTcs+Pf+DmKNXm0Ag==
b9w0MV6balPFmchwZvb5OxZq66/TFsEv1g6ODbsytelaErqigLg+vqMqQYS9yP3H8znnnifFP15PZXUdBmTcs+Pf+DmKNXm0Ag==
9bd+bifrwk8shslcQXjFd9FOOuPan5Pj59uB36Gd31ijpR72h6NMM0bMsiEd3ycl6LiXEI7J+8c6eslNHMzoiO+yA7OEUAn39EG116jB0JLz9nMXCyVje21gMaVGBO25Lxq0tefTjLuTtvDhLnNmLSHJEDYWG6U1oQbR6Zk+aUmDxQAoSoP1M14h/Lm/tMQ=
2RwXPr49jssG4sYxKudmxi4Qjiw/xt98gMn/tJ/jv30BZP3dQMpZU5IPGLTsHcMf+Zm2wMmsUDkle2QCl/HCLHY0ccqdDxqgl0tqOStrNkFOLm2O7auV1f3H8xivGdjkMwVxYuoJOSNSB83Orl3ws7gRf7FOCsjrewn/fo/VR953dZ29HhRUc+sPQFnihaG02g==
T/q64Qs6U4DoovNSa9RejoK16emBCr63CLnWJyoeP8aV7K30vkKZAYSSq089T9jFOyA/3PPZ9NhSSzEoeWMebufxXGMObi68IXH4qpmd9WItdYGL5KLanPUuPRBlVGQ2r0t0hp8O5muHspvPdVpiR7tT09270EWftJOjNss4oraDNO6ij0KZf3p/axYdd1Xrg6K03w==
bTzAX4tUwOVWb/lV7NamS6Lklg29t1lrtj1ACAcocc7NkpJoYd+wwPt54bUQi39i/xo/E6ymBvnB/sU5dsBDE/zFYgSWItXjaNwFJ33sqfcBDWgoQiJhXI2Gmc7MWMvplGAzpJ41M2BLeSkgKol/kZOb95qdYWCh02D34kqYp1bOhGOooWEObXvgAU1d5YegtNk=
q7xf697htPIDMYhh7Qv1+n0pOx2/MjCr6gkJ2W9eGtCMLYKqyuX+wgMk0vKb2C625/6Jm8JzC6IVq+Xv2w60Cw==
cJXDHHWZW0zIP3u8btxXLWsWx7IXWwJ7z4XtWadIz262IBCa0s1ZBQeqmlwUiTIWArEervsgwu6z7G56vxr5Z0rnqw6t7zWzM3q0Bw==
WVx0Qog5MI8ogzvSmGC2yVcy56IORq4fwKXA7cL/0Ek9BiaTr6aqdiQ/EkfpXX9jccKwun9Yc52q6Yl5rz4a8MzNAgoKhf7iQ8RSUlu4LpanHgk7AhMLglVLZU8bbrQr
Co6I7PO01qUm4zv5R4IMTbyrs5WPCeepieN3WOANSxsJmPiUtDtxKT3k9quGiTiDmUvRJBjQ07bD7x4fMQMTwNqyiAvKQEZLLrAXEooIB2bOtMM44RFuPfuwIX2ddWdQtCk=
vUH1KJn5uhmbOZ06D9OMrVLG4MBbJiHUgnJZ44QNORkVEnDK38jzLUq5yYmPLhrArB3CeqoVflKjlBKie6gupsfOyUuig4sytRslvzt+tBs=
XyUySBpkb+BO2Tdp4pKS/1Jx9r6GWrpp0FfJROc5t+scQLq1nKEJ+rl+Voan3PrW8znnnifFP15PZXUdBmTcs+Pf+DmKNXm0Ag==
uJDj98V4d7IlJRPgbstMVlYy56IORq4fwKXA7cL/0Ek9BiaTr6aqdiQ/EkfpXX9jccKwun9Yc52q6Yl5rz4a8MzNAgoKhf7iQ8RSUlu4LpanHgk7AhMLglVLZU8bbrQr
5Qi61H1s/fkb3zuw2rXtOUrq3UVjSsL9qXwWBMFZGPOZu/F02GCzJkN/vu9xU/Pw2oJoW4qw5tuuIHeiSlgnls7E4+ihoY6teyCBDV2lB2C0GQ==
eVGcPsjHlxHXh6GVK2W3ybyrs5WPCeepieN3WOANSxsJm/iUtDtxKT3k9quGiTiDmUvRJBjQ07bD7x4fMQMTwNqyiAvKQEZLLrAXEooIB2bOtMM44RFuPfuwIX2ddWdQtCk=
vUH1KJn5uhmbOZ06D9OMrVLG4MBbJiHUgnJZ44QNORkVEnDK38jzLUq5yYmPLhrArB3CeqoVflKjlBKie6gupsfOyUuig4sytRslvzt+tBs=
XyUySBpkb+BO2Tdp4pKS/1Jx9r6GWrpp0FfJROc5t+scQLq1nKEJ+rl+Voan3PrW8znnnifFP15PZXUdBmTcs+Pf+DmKNXm0Ag==
WVx0Qog5MI8ogzvSmGC2yVcy56IORq4fwKXA7cL/0Ek9BiaTr6aqdiQ/EkfpXX9jccKwun9Yc52q6Yl5rz4a8MzNAgoKhf7iQ8RSUlu4LpanHgk7AhMLglVLZU8bbrQr
Co6I7PO01qUm4zv5R4IMTbyrs5WPCeepieN3WOANSxsJmPiUtDtxKT3k9quGiTiDmUvRJBjQ07bD7x4fMQMTwNqyiAvKQEZLLrAXEooIB2bOtMM44RFuPfuwIX2ddWdQtCk=
sLHmhPaV8RZDy4v0+szKPxs214V2NQrYWhL+qZSflfRLYVOLuPgWJeApjXo99qoWC2ReNpfhSy77jfsei60p7Wq8+JMHpxQptj19tAY=
MFCkFd0bvDUPuk6NrUsaSnWesbKis5dmNpCQfd0+HzLZH0JAXzbd6OijhEVbEAriEqIWKTxv3ZRTUStLYGiuxah5ZXpVJmJ2s/QGdm/RU84z/VOe4x3hzXJMwNPfN2yJfm1VtC4=
6+wrco3YTzmN0h8UpwFI6NPSxrPDZnjp7ItjtmL4rJ3BFmsCzQdOQFMuydici5ilZ3heMuaaWmnwl2nEB/nX6/wAGjU84en62b72BgccmtYTeYceh4UfXi8llZ2mpPyzwx+YuWp1WbQi
vUH1KJn5uhmbOZ06D9OMrVLG4MBbJiHUgnJZ44QNORkVEnDK38jzLUq5yYmPLhrArB3CeqoVflKjlBKie6gupsfOyUuig4sytRslvzt+tBs=
XyUySBpkb+BO2Tdp4pKS/1Jx9r6GWrpp0FfJROc5t+scQLq1nKEJ+rl+Voan3PrW8znnnifFP15PZXUdBmTcs+Pf+DmKNXm0Ag==
uJDj98V4d7IlJRPgbstMVlYy56IORq4fwKXA7cL/0Ek9BiaTr6aqdiQ/EkfpXX9jccKwun9Yc52q6Yl5rz4a8MzNAgoKhf7iQ8RSUlu4LpanHgk7AhMLglVLZU8bbrQr
sLHmhPaV8RZDy4v0+szKPxs214V2NQrYWhL+qZSflfRLYVOLuPgWJeApjXo99qoWC2ReNpfhSy77jfsei60p7Wq8+JMHpxQptj19tAY=
V55AXsQdVtEXOKpZP3rgQWDpzUTi+WJJYM75mCxrKCX3mI5ytnpKaeC3uYRXWUdrjKDqdUzBGfqpngbGd7xqVoPZV97XpQ9eP0VFXfbEbDNzfyh5WhVptBI=
BWuBHW/OnUw5fSS5ZUNOfNPSxrPDZnjp7ItjtmL4rJ3CFmsCzQdOQFMuydici5ilZ3heMuaaWmnwl2nEB/nX6/wAGjU84en62b72BgccmtYTeYceh4UfXi8llZ2mpPyzwx+YuWp1WbQi
vUH1KJn5uhmbOZ06D9OMrVLG4MBbJiHUgnJZ44QNORkVEnDK38jzLUq5yYmPLhrArB3CeqoVflKjlBKie6gupsfOyUuig4sytRslvzt+tBs=
XyUySBpkb+BO2Tdp4pKS/1Jx9r6GWrpp0FfJROc5t+scQLq1nKEJ+rl+Voan3PrW8znnnifFP15PZXUdBmTcs+Pf+DmKNXm0Ag==
RmLo07m8rZGTgJeFYYaq+3GwgAClvh8mEb6qhyZ2PGHm25Z/tikKL6qzuYRXWUdrjKDqdUzBGfqpngbGd7xqVoPZV97XpQ9eP0VFXfbEbDNzfyh5WhVptBI=
aRGOKRYUEXzBwoDr9suBUmaG33mUvFmaxatC0LzqOxfTNnCHxp2LGn1ZBE7QzP26/DU0shDluaanXlTEwqe01foxaVHfBhr43NUi4jr9viqTnDL6qwCuHjeGqVOy68vKBZOFZ2tWtCM=
CJuRCQ+5pGxz1I/d+uDIiWf7303AvvRdOjEKNJZcAAwFbI///bxlZztspphXrpLpf2UVIPkkiKzE8DJVJPHh+tGu7uYvbKIWyynvvn81l96n1S39DnQk87svcJlyZVG0Kg==
slLaUj/RdGCDzNWhQBIQLXj221r053RZIIv8mSxqYTL43N44vz4Kaef1vcBBVEBsjKDqdUzBGfqpngbGd7xqVoPZV97XpQ9eP0VFXfbEbDNzfyh5WhVptBI=
+rd4hKwud5HAapBjac99AVo47Mk0EPX6WMl1cTdoK4ACPG604H0m5cu6ezpsTv0oiAbBDT323aEdfm2BD/UcUO6jEaviMbAxe7QA
0qX/We8/3Nn+B8FeoPr6XnKwgAClvh8mEb6qhyZ2PGHm25Z/tikKL6qzuYRXWUdrjKDqdUzBGfqpngbGd7xqVoPZV97XpQ9eP0VFXfbEbDNzfyh5WhVptBI=
HrWKwkgXwPDmrOJav5AJ1maG33mUvFmaxatC0LzqOxfQNnCHxp2LGn1ZBE7QzP26/DU0shDluaanXlTEwqe01foxaVHfBhr43NUi4jr9viqTnDL6qwCuHjeGqVOy68vKBZOFZ2tWtCM=
JpMf23p67hTDxF2mHyxac2f73E3AvvRdOjEKNJZcAAwFbI///bxlZztspphXrpLpf2UVIPkkiKzE8DJVJPHh+tGu7uYvbKIWyynvvn81l96n1S39DnQk87svcJlyZVG0Kg==
slLaUj/RdGCDzNWhQBIQLXj221r053RZIIv8mSxqYTL43N44vz4Kaef1vcBBVEBsjKDqdUzBGfqpngbGd7xqVoPZV97XpQ9eP0VFXfbEbDNzfyh5WhVptBI=
+rd4hKwud5HAapBjac99AVo47Mk0EPX6WMl1cTdoK4ACPG604H0m5cu6ezpsTv0oiAbBDT323aEdfm2BD/UcUO6jEaviMbAxe7QA
izS81W0s9waWT0jEk5DEmteyMxA91oq+LxIV0ur1Zimjz0pvZgvtVOMxm8vwCH4F+FmVeiUGsjbjFJb23zHjjgMdQ57zPZGNguywU0+XPEmuDWW0Hg==
mb9Mjl6qPH0wYZB9dEDFoEu062ufJd1QyGS7MmOr9ish91tkWhbA/9p0rg+ONH+mWnwPQo4QS0wxJQY52/TJyQ2BL3S0DQ==
wctTFw4GsVjwcca5r7oRR3XD/eBgeKbDQR8rnFrusBe6nP7XzuwvDvrUv/oOqPvkkY3WYRusGaHt6d8MtHU=
APbzQG+4Dkraeg6DZxI6/xeWkDdynZlV59qaLPTZ8kaiAZ4eW/CCPtMcborfyrm36lcrvg2/9ePTCrR3
hLXNCTweDQi4mhNmHOSZ3ReWkDdom5lJ/9uaLPTD9Ea+GZ8eW/CCPtMcborfyrm36lcrvg2/9ePTCrR3
rn8zzmCBADLuLvouYGQwO2xlPxK+NDC28A8JxXdfGtCMN4Sq1v3/wgMk0vKb2C625/6Jm8JzC6IVq+Xv2w60Cw==
i8weJQsWR3GV3t35EQsC2teyMxA91oq+LxIV0ur1Zimjz0pvZgvtVOMxm8vwEngF5EGUeiUGqDDjCI733zHjjgMdQ57zPZGNguywU0+XPEmuDWW0Hg==
/7l5e+yu2ADVmo9j7uSw8AcNP4d57mDO5+QTWZjjeTEPo5pUBLsUPk5hX2ariGJGI2Tu8i+yWc8aL+vG/ccVmyNytA8=
SDQ5H5Wr2jxePeny3VERLwGWkCpom5lJ/9uaLPTD9Ea+GZ8eW/CCPtMcborfyrm36lcrvg2/9ePTCrR3
hLXNCTweDQi4mhNmHOSZ3ReWkDdom5lJ/9uaLPTD9Ea+GZ8eW/CCPtMcborfyrm36lcrvg2/9ePTCrR3
Si8sRUiY92gMiBoaTYmO6ReWkDdom5lJ/9uaLPXD9Ea+GZ8eW/CCPtMcborfyrm36lcrvg2/9ePTCrR3
XLGfdxvTLEgqTjoV4u5qCWxlPxK+NDC28A8JxXdfGtCNN4Sq1v3/wgMk0vKb2C625/6Jm8JzC6IVq+Xv2w60Cw==
Qd1NQctmakfu7g93B9egeNeyMxA91oq+LxIV0ur1Zimjz0pvZgvtVOMxm8vwEngF5EGUeiUHqDDjCI733zHjjgMdQ57zPZGNguywU0+XPEmuDWW0Hg==
vLjmaqgl1zEhSgKbAaqNiQcNP4d57mDO5+QTWZjjeTEPo5pUBbsUPk5hX2ariGJGI2Tu8i+yWc8aL+vG/ccVmyNytA8=
VEPjQy6nc5r8V/Ak+ReP5wGWkCpom5lJ/9uaLPXD9Ea+GZ8eW/CCPtMcborfyrm36lcrvg2/9ePTCrR3
Si8sRUiY92gMiBoaTYmO6ReWkDdom5lJ/9uaLPXD9Ea+GZ8eW/CCPtMcborfyrm36lcrvg2/9ePTCrR3
VEPjQy6nc5r8V/Ak+ReP5wGWkCpom5lJ/9uaLPXD9Ea+GZ8eW/CCPtMcborfyrm36lcrvg2/9ePTCrR3
Si8sRUiY92gMiBoaTYmO6ReWkDdom5lJ/9uaLPXD9Ea+GZ8eW/CCPtMcborfyrm36lcrvg2/9ePTCrR3
VEPjQy6nc5r8V/Ak+ReP5wGWkCpom5lJ/9uaLPXD9Ea+GZ8eW/CCPtMcborfyrm36lcrvg2/9ePTCrR3
1icFhWJqrO2Unx5IosfGRfctNglVOD0TPI8UR9ypi1QRI7M1QvbE406zandPkbNOUz1zngNdQU3SDCDT//fMCZ4tdbQO
2vexnC6oTIuBu9SztRZ4V/ctNglVOD0TPIsWSdypi1QRI7M1QvbE406zandPkbNOUz1zngNdQU3SDCDT//fMCZ4tdbQO
aefEX+L++cdK0kX2SEjWEeX9Hq/Nsaz9g3TBlanJ5g9A5+6b7fwtbj6ojQ1xNQWrCeFqGLfq5g4veCQvZfjcg8IoQ84lEUM6eRzQewsV2IZhieUeJXGBh/zW6oAdCl18XYC0CucPtEpHupY3L1Y7Yw3O8rsz11NRIyT1A9w3Q9pzbPIKS/Cu7td2aaNSG0s65WNFl4umtNM=
B3tcojDoNG+XC7STWW3W0dG70I+EsA6KxURPr7Y22NeUzQh2D/EfrTqQ13IKqEeGztQDmGHxLh370OHdHZUncLQJ
6/2smLmLzCXfagR2+8yokJtYPfnBkJTgpMbEyIDU3lWlrx72h6NMM0bMsiEd3ycl6LiXEI7J+8c6eslNHMzoiO+yA7OEUAn39EG116jB0JLz9nMXCyVje21gMaVGBO25Lxq0tefTjLuTtvDhLnNmLSHJEDYWG6U1oQbR6Zk+aUmDxQAoSoP1M14h/Lm/tMQ=
V44w1jRrHshgqy+MVogUoild1vo8sT8wEDoMD3CO6dQUHX2Wli7e34zSDVJ/wTfc/9gnCuow1w5OXJMAAQle1bsY0eU9jTd4tAE=
OQc4EbvWHZgbkbB1sn62UJyzTw1KpHa8NZdfPKyFLM6+mdZMJwQ87vO+ipIeRCnpyy1xpKqO52G9GRFlQwDo1E201QNUR4eDlRVfhuso4ibjRO7S79LZb1rP66Y9Z5V7Y1K0Lw==
8E7f+zwVstBs35rvnrdQYjHe5PvT8cM9bd3TNrhiRmGEUl4WDWXH+KO1gUJbRB/lHPVaIXV43ZNcSzZJPGnr1LFjUzUiNmRjrvMKd2/RU84z/VOe4x3hzXJMwNPfN2yJfm1VtC4=
I+ryQFeCTyc97EVyJ2Masyy9lQathGIWMZ3jiGd9LSL3zJt1uC0GYamguYNYQ1pp0KGvZFXbL7XejgDTartmV4PZV97XpQ9eP0VFXfbEbDNzfyh5WhVptBI=
47vZFKuiYZ8v0ZzqUT5DmckSiGRQhmA3s5FmFjWV/5iLRUkCE5S3hYRlwqHt6EUzNJv+CXRZA/TJU6s1WgacQ8bDwrcngbtuq23LHnuNeS3aHAgTl0dEaUYdbbQW
VuLAXbYWIGxJA3HmOxNTjeAhp0FhtEEthJFmFjWV/5iLRUkCE5S3hYRlwqHt6EUzNJv+CXRZA/TJU6s1WgacQ8bDwrcngbtuq23LHnuNeS3aHAgTl0dEaUYdbbQW
zWs65Che2LCK0QiDRONNqfrAoBn2jzM/4JazGXkAHcm/smU4IR0iiWTBSwTja+I3iLmCFVUsDx/t9RxKWpuQjzSHUa1tNo2B7X5dYV81zDB+I2FLUnFAEWu0EA==
luErc0MpAdgu2WM4d49BfVA/hsxtcXzVZ+wELq8m/ij5dT8IMkEWd8W9sk7wzlX39K25JgZUt+xXu1mNX275LdMrcwJmz8zwrptH82ia6OMeEZzE6hNV15FcEKHckPFHfOFtB4DB+EIrVvun8+U7a2WACdXuhAUJVzq8pb+TNEsb1qgxxnMOffkpmEau230lqSYpWfG+wbm7pQg4ksONg9aBpOmXtOw=
1J4GRa2/PfhRsQCBeB9OxCld1vs8sT8wEDoMD3CO6dQUHX2Wli7e34zSDVJ/wTfc/9gnCuow1w5OXJMAAQle1bsY0eU9jTd4tAE=
V8vN0MjOFvFjViSAPEptnMh6o6hnuKqpwATC5ywZJS9gcwSNZIgMaF03Of9P9SuViWPmKCPBMtGUWlqWFdk2+l5cY+3hPJuizhvRsF6631mTrXO0wmL+byCu7E1euVBBUPuW5KuiB8lQ+iewwGLPXQ/M22PD7zmDDGHV19mXKEQqfPNa5UUcu1VttEpgjDBzs7sHBBbtaiDHa9p5OwvGQb5Ofc5di8VVjSdj2J+5COTjZYEieikJowLnvQ6+/UCzCLFv8b5qGGtLKW++/zUX3ifVrf2OdKTzOy/wmfJl0bSq
kn6bzGBlXqtuvsTRzJKsEE6Snp7Dn5E0LaTSxDhaaqOpGpChThMggbRxt4InLN8Ht6R77As2hVCJEcGNU2WYvvKGwEfRO8pn8Xrc81RwKSJfwMB3lEkXmVRXMeNH78HReRVgLiSAQdlwrDxN7EDNnl5I91Z5rhuV+05LRAm35EveEP6A4/sTPMdf5g0i38PCCfSwY1udmL7RIcVGtTmB/wy+ChjNAp3EbagU0vfHNLI3UvYvf957W71m0uOjn1Mp00wVmww/g2JDRFLSWzguFqeeCbsCkwsCVctlzxvutKs=
HYH7nriyRailpuMnkUtTq8XSv8VuqDuJe64HyrCl1qvIBgA9U3j/N341kUrzk7UpRQXYMRdEVtwdkNhFYkNk8pJrCbKoWt/OJLZmp0x9BYSIPi/JJ1ezhhXPBbbKVhbkNZA7qbqO7Jrnv60NEpmMeeSFHqQh5vXM7s27IDJIfqMfrP0pNsOQQSgTx7fRqlwa09iklezOaLPOD6ca7A546t1YFCotnnK98T2K9bSKwWc7Db/SIGJhOx+ES6IMv5V0XpbQY/UV1zGUODOuLGbQJdVRCsnAtge+e8W3KiQS4dxMFBB15v5QCNWnPFYSeJ3ko/ww5F8RXXHvPllnP3bLWcwfWroPBXP1uI5Qj1xYEX9jF5U8J9fYT6Cat/Dx1pBDXyyiqVfPCQPcASWXyTeYRJrc45qVpUw7ZU0kCpDs4HNjGzfEhg0aoJdLajkrazZBTi5tju2rldX9x/MYrxnY5DMFcWLqCTkjUgfNzq5d8LO4EX+xTgrI63sJ/36P1Ufed3WdvR4UVHPrD0BZ4oWhtNo=
yJwkhgTtitqJBna1yADWOao9pxtdZByKd1Un1BDgcbTR2HUl0bpsHig+kegBjXiN/gxHNmuiUFSyGYV/h54pjjRNl6wLWlGTf66WGWSRawU7RkRN9OCdVgkIbvhtospT4IV0gApELTsAZyJ6zTqh+38vGYEvsVDwWK6Eow98/AseDZPKViINV627WdUB8LvYrF8a1tKrgd3Qk5vjbcAmNfiruqgCK+7sUDnFrI9dGR0sosee51BmsRz6s5IGzD51KSaEyyxPB1S7POkpakTi5aATZZAbRR0xaDzWFueQ1j0k8sx5Du9x5/BbMMhVK3p7Hr4ERtYfkA4vhrkifB47hqA46ZllBR7u69htxRznA9Xekv/mnRqolkmj5w14UEyooMOTqvYd7RaBwvsBM3L74BF7ZL+2jK6EW1czaE8jFmn60wN2ISggpyNx+KqZnfViLXWBi+Si2pz1Lj0QZVRkNq9LdIafDuZrh7Kbz3VaYke7U9Pdu9BFn7STozbLOKK2gzTuoo9CmX96f2sWHXdV64OitN8=
8joCExpeyTvo+Vxd8eDj3WZpaBfsBcG4zYVQDfrp72tqhC5X3WDx56BO+mJFJeTYQNPebmLLLoegeVQ45Rsae2SBZLdf5Xgmn3jEWTI353mHNwENGOakp68wMv0C2ASycH8KEbMEPlJpETFb1bbTY5MubJoghAOcHfHsImoqgfN7FRT1urlS6Zg896qT/Ojh7XiUxMjDqWDbMSDvVvFOn1Fvl8ZqGuW04k16Qg4DCCOxAsrCzopr1LJye7J0jZdxXG0y5nenDWG5yvYuB4uZKB36KrOjFGhadvtjuREB8jQldmoKZqVjPUwR1rphjr1pIbKC3te8ehg2LbBS1riz6+pOFBSrJBWQtnyJXTtB6RIPP5n6fTl603yiGSm1Rd4CxlcaNCd/VXvT5LFbvv9mtqHo1xomI+mgBPEB4w8zuk3zD09bLoSssOWCQ+kqi+PhclK24NYTVdeRXBCh3JDxR3zhbQeAwfhCK1b7p/PlO2tlgAnV7oQFCVc6vKW/kzRLG9aoMcZzDn35KZhGrtt9JakmKVnxvsG5u6UIOJLDjYPWgaTpl7Ts
H59/eBerFrEYE3eaUXjK2o3I6O7gGZlDZugHn4ERMjTg4w+2zFvrfmwypnGq1cgIS9EosKqt5sBtPIGV6Xz4omixNUcUtYeXkDMsOOZd5S4PMuNSv+m2+2kSfOk3exDD9DW7SVNyRHGMpG36gZyOJDXG2l/I8bR8ssCd18gzAmbVHvE3l5uZPdd1INxQuuT/15hsh7b507ZuJj075W/5SZlUa5TEaxrqqu9xcVgHez81pDY50N96VLqvXgCYbeWwl3lJ0cQWRyIflBadFO7Tzt4orvmB0sS3FEs3OPPoSbXy4DKpyCdlrGMB7Z3gqDbKv/TGMQyGDIW2a8ELOA8Q1E0PKrf2CoT6LtvgIieS2X6k+qsKCMyp5V0BLoKjDM1ZhEPTmbam/9rlXlg6wTcH0SA0XKSIt1NWTpld+kmW2x0rVqss+c/kA05I3qhTQ1M0l8eG5VInQwoZLBDLa6VYNgE5JS5FQYG3nOYqMH263cw9MHQ6hz+0eieKVodP5rvTbX4yi1PnU2FDFDWzvIfDahPcMjorwK7et0apEzKry4qF04Wn65a04w==
H59/eBerFrEYE3eaUXjK2o3I6O7gGZlDZugHn4ERMjTg4w+2zFvrfmwypnGq1cgIS9EosKqt5sBtPIGV6Xz4omixNUcUtYeXkDMsOOZd5S4PMuNSv+m2+2kSfOk3exDD9DW7SVNyRHGMpG36gZyOJDXG2l/I8bR8ssCd18gzAmbVHvE3l5uZPdd1INxQuuT/15hsh7b507ZuJj075W/5SZlUa5TEaxrqqu9xcVgHez81pDY50N96VLqvXgCYbeWwl3lJ0cQWRyIflBadFO7Tzt4orvmB0sS3FEs3OPPoSbXy4DKpyCdlrGMB7Z3gqDbKv/TGMQyGDIW2a8ELOA8Q1E0PKrf2CoT6LtvgIieS2X6k+qsKCMyp5V0BLoKjDM1ZhEPTmbam/9rlXlg6wTcH0SA0XKSIt1NWTpld+kmW2x0rVqss+c/kA05I3qhTQ1M0l8eG5VInQwoZLBDLa6VYNgE5JS5FQYG3nOYqMH263cw9MHQ6hz+0eieKVodP5rvTbX4yi1PnU2FDFDWzvIfDahPcMjorwK7et0apEzKry4qF04Wn65a04w==
eixHbpoQY6xaxRs+PcRRprJjNC3i6qW5sIy7MbZHSRotcOwfdD6peaA8PmnXj6ms+pYEQqGsVKII/SH/Dmh2DJjnK8IbqieLMBTjM6LnFQAPhh2TA5Fr5d7jpfPEx2AGNSRF1r7CCbTSUdzrVKr+gmVprJmS4EmMWVkjYdlL+5c4wlSwlNkrqiRJYqNzIOKkhcVBBSmPxQaDurBRGtzGzakvHM3LWYlWvrdERRoCdm0mPnxH9baLa2E/8GyH1LP2jgOQZCNooppmt9UI5KEYSQ9G1wIZ8y4yWgc8neUaj6O1QyTiBiyDhs4/GJzsU/opObVcpYBS0Z2C2ULwxIwCOfg8I5ipWFjI48Tclglz0YOWfAdmHZ/YETu3wpz/7Il8gGSF/be3nMbUKhwtMwCCWyXErbzLGzdEg8LNtST14ipGNtfJo5LrdU6rBv1jHBUuKLVPTwhw3etNgLH7AQFwRHLuufDtKgFCfDSTJVSsa8iuOStMK1Xx7Jrl5x0TF2/2La24jbNM7+569P+aDkg7xBHtlsEbTNmBbYmfrLTV
zqhqkQNxWM3s9MwNh9CfTv3gzraD0paY4cp1QPCS2PdmnJlFITn0ovODfCe1+rZS/UrHdXkvo3UIbkDPrPhBfzO3ZXw3N2jPcLrHMGCir10vjDDmZC9ZgywhNVd5V0hEyjxT2oWFPLu1LRTKAEwQc1P7p4R2LUogJyt6+VvL5kGejh1O/cslVa3nA1g/+ejkw6Xhotpp6aMiJ92OHr2gs2hxz3FeKjhrK+nPPh91N91HFQ19bjSE81vvUBkSJfG0ig==
MoQBz5pmi7V/Lme3jr9hUJ1V23Bq2Cejqn0Lnd7i/B2+f5H78Tth1Bw77frLsBL6att163BontnCk0B10ATEL/BjZEOWZTuR0ZF7l//XXbwGN5ukg1D4HT9cxaPHzwh12c0z1cHXdQd4MADqcS9M7nSCLBWzOLLzjuj9JIsDZ6zjKr1NJA2Swibeh9HjCrtd7gM2xeMkJYaInZ/XyGgNg63oQYMBeYAskoZp6C2y0WrcnKMd1JRbYA4Re9RrTaEE+g2X5RPvHx5NReiV89S/xtpcz6KNcAtsscVGWdtUCemN4W/UtK0=
u6AAi9Mbi7v6WipzntQvEZ1V23Bq2Cejqn0Lnd7i/B2+f5H78Tth1Bw77frLsBL6att163BontnFkUB10ATEL/BjZUOWZTuR0ZF7l//XXbwGN5ukg1D4HT9cxaPHzwh12c0z1cHXdQd4MADqcS9M7nSCLBWzOLLzjuj9JIsDZ6zjKr1NJA2Swibeh9HjCrtd7gM2xeMkJYaInZ/XyGgNg63oQYMBeYAskoZp6C2y0WrcnKMd1JRbYA4Re9RrTaEE+g2X5RPvHx5NReiV89S/xtpcz6KNcAtsscVGWdtUCemN4W/UtK0=
pz3IdwiI/fG53cvFjyPreJ1V23Bq2Cejqn0Lnd7i/B2+f5H78Tth1Bw77frLsBL6att163BontnCk0B10ATEL/BjakOWZTuR0ZF7l//XXbwGN5ukg1D4HT9cxaPHzwh12c0z1cHXdQd4MADqcS9M7nSCLBWzOLLzjuj9JIsDZ6zjKr1NJA2Swibeh9HjCrtd7gM2xeMkJYaInZ/XyGgNg63oQYMBeYAskoZp6C2y0WrcnKMd1JRbYA4Re9RrTaEE+g2X5RPvHx5NReiV89S/xtpcz6KNcAtsscVGWdtUCemN4W/UtK0=
MuRWT2rAz/NKbka7KKtTK51V23Bq2Cejqn0Lnd7i/B2+f5H78Tth1Bw77frLsBL6att163BontnFkUB10ATEL/Bja0OWZTuR0ZF7l//XXbwGN5ukg1D4HT9cxaPHzwh12c0z1cHXdQd4MADqcS9M7nSCLBWzOLLzjuj9JIsDZ6zjKr1NJA2Swibeh9HjCrtd7gM2xeMkJYaInZ/XyGgNg63oQYMBeYAskoZp6C2y0WrcnKMd1JRbYA4Re9RrTaEE+g2X5RPvHx5NReiV89S/xtpcz6KNcAtsscVGWdtUCemN4W/UtK0=
8c7UTMERHuIKGBkNr3Ij6Z1V23Bq2Cejqn0Lnd7i/B2+f5H78Tth1Bw77frLsBL6att163BontnCk0B10ATEL/BjaEOWZTuR0ZF7l//XXbwGN5ukg1D4HT9cxaPHzwh12c0z1cHXdQd4MADqcS9M7nSCLBWzOLLzjuj9JIsDZ6zjKr1NJA2Swibeh9HjCrtd7gM2xeMkJYaInZ/XyGgNg63oQYMBeYAskoZp6C2y0WrcnKMd1JRbYA4Re9RrTaEE+g2X5RPvHx5NReiV89S/xtpcz6KNcAtsscVGWdtUCemN4W/UtK0=
sah4MoKqAxQOpAA3P2QSNJ1V23Bq2Cejqn0Lnd7i/B2+f5H78Tth1Bw77frLsBL6att163BontnFkUB10ATEL/BjaUOWZTuR0ZF7l//XXbwGN5ukg1D4HT9cxaPHzwh12c0z1cHXdQd4MADqcS9M7nSCLBWzOLLzjuj9JIsDZ6zjKr1NJA2Swibeh9HjCrtd7gM2xeMkJYaInZ/XyGgNg63oQYMBeYAskoZp6C2y0WrcnKMd1JRbYA4Re9RrTaEE+g2X5RPvHx5NReiV89S/xtpcz6KNcAtsscVGWdtUCemN4W/UtK0=
Gxgrh/N4kwP4RYdnrxehep1V23Bq2Cejqn0Lnd7i/B2+f5H78Tth1Bw77frLsBL6att163BontnCk0B10ATEL/BjbkOWZTuR0ZF7l//XXbwGN5ukg1D4HT9cxaPHzwh12c0z1cHXdQd4MADqcS9M7nSCLBWzOLLzjuj9JIsDZ6zjKr1NJA2Swibeh9HjCrtd7gM2xeMkJYaInZ/XyGgNg63oQYMBeYAskoZp6C2y0WrcnKMd1JRbYA4Re9RrTaEE+g2X5RPvHx5NReiV89S/xtpcz6KNcAtsscVGWdtUCemN4W/UtK0=
3VIDtNiRaL9aZKvaUAHuyZ1V23Bq2Cejqn0Lnd7i/B2+f5H78Tth1Bw77frLsBL6att163BontnFkUB10ATEL/Bjb0OWZTuR0ZF7l//XXbwGN5ukg1D4HT9cxaPHzwh12c0z1cHXdQd4MADqcS9M7nSCLBWzOLLzjuj9JIsDZ6zjKr1NJA2Swibeh9HjCrtd7gM2xeMkJYaInZ/XyGgNg63oQYMBeYAskoZp6C2y0WrcnKMd1JRbYA4Re9RrTaEE+g2X5RPvHx5NReiV89S/xtpcz6KNcAtsscVGWdtUCemN4W/UtK0=
+/rCX5EIhSpgBWGJeJK9mp1V23Bq2Cejqn0Lnd7i/B2+f5H78Tth1Bw77frLsBL6att163BontnCk0B10ATEL/BjbEOWZTuR0ZF7l//XXbwGN5ukg1D4HT9cxaPHzwh12c0z1cHXdQd4MADqcS9M7nSCLBWzOLLzjuj9JIsDZ6zjKr1NJA2Swibeh9HjCrtd7gM2xeMkJYaInZ/XyGgNg63oQYMBeYAskoZp6C2y0WrcnKMd1JRbYA4Re9RrTaEE+g2X5RPvHx5NReiV89S/xtpcz6KNcAtsscVGWdtUCemN4W/UtK0=
0GWyfQtS/NjTyK+LB2VbF51V23Bq2Cejqn0Lnd7i/B2+f5H78Tth1Bw77frLsBL6att163BontnFkUB10ATEL/BjbUOWZTuR0ZF7l//XXbwGN5ukg1D4HT9cxaPHzwh12c0z1cHXdQd4MADqcS9M7nSCLBWzOLLzjuj9JIsDZ6zjKr1NJA2Swibeh9HjCrtd7gM2xeMkJYaInZ/XyGgNg63oQYMBeYAskoZp6C2y0WrcnKMd1JRbYA4Re9RrTaEE+g2X5RPvHx5NReiV89S/xtpcz6KNcAtsscVGWdtUCemN4W/UtK0=
nBOvl0xtpTGS4RFuf7lGEJ1V23Bq2Cejqn0Lnd7i/B2+f5H78Tth1Bw77frLsBL6att163BontnCk0B10ATEL/BjZEKWZTuR0ZF7l//XXbwGN5ukg1D4HT9cxaPHzwh12c0z1cHXdQd4MADqcS9M7nSCLBWzOLLzjuj9JIsDZ6zjKr1NJA2Swibeh9HjCrtd7gM2xeMkJYaInZ/XyGgNg63oQYMBeYAskoZp6C2y0WrcnKMd1JRbYA4Re9RrTaEE+g2X5RPvHx5NReiV89S/xtpcz6KNcAtsscVGWdtUCemN4W/UtK0=
35B5X8z7RGiYy1zQjuqMa51V23Bq2Cejqn0Lnd7i/B2+f5H78Tth1Bw77frLsBL6att163BontnFkUB10ATEL/BjZUKWZTuR0ZF7l//XXbwGN5ukg1D4HT9cxaPHzwh12c0z1cHXdQd4MADqcS9M7nSCLBWzOLLzjuj9JIsDZ6zjKr1NJA2Swibeh9HjCrtd7gM2xeMkJYaInZ/XyGgNg63oQYMBeYAskoZp6C2y0WrcnKMd1JRbYA4Re9RrTaEE+g2X5RPvHx5NReiV89S/xtpcz6KNcAtsscVGWdtUCemN4W/UtK0=
OooVck0j8AOdCFiDhB4Fw51V23Bq2Cejqn0Lnd7i/B2+f5H78Tth1Bw77frLsBL6att163BontnCk0B10ATEL/BjakKWZTuR0ZF7l//XXbwGN5ukg1D4HT9cxaPHzwh12c0z1cHXdQd4MADqcS9M7nSCLBWzOLLzjuj9JIsDZ6zjKr1NJA2Swibeh9HjCrtd7gM2xeMkJYaInZ/XyGgNg63oQYMBeYAskoZp6C2y0WrcnKMd1JRbYA4Re9RrTaEE+g2X5RPvHx5NReiV89S/xtpcz6KNcAtsscVGWdtUCemN4W/UtK0=
KKXsTOHI+blFbvtetEX0OJ1V23Bq2Cejqn0Lnd7i/B2+f5H78Tth1Bw77frLsBL6att163BontnFkUB10ATEL/Bja0KWZTuR0ZF7l//XXbwGN5ukg1D4HT9cxaPHzwh12c0z1cHXdQd4MADqcS9M7nSCLBWzOLLzjuj9JIsDZ6zjKr1NJA2Swibeh9HjCrtd7gM2xeMkJYaInZ/XyGgNg63oQYMBeYAskoZp6C2y0WrcnKMd1JRbYA4Re9RrTaEE+g2X5RPvHx5NReiV89S/xtpcz6KNcAtsscVGWdtUCemN4W/UtK0=
p40SE7cOhFIHl3DDlGBQg51V23Bq2Cejqn0Lnd7i/B2+f5H78Tth1Bw77frLsBL6att163BontnCk0B10ATEL/BjaEKWZTuR0ZF7l//XXbwGN5ukg1D4HT9cxaPHzwh12c0z1cHXdQd4MADqcS9M7nSCLBWzOLLzjuj9JIsDZ6zjKr1NJA2Swibeh9HjCrtd7gM2xeMkJYaInZ/XyGgNg63oQYMBeYAskoZp6C2y0WrcnKMd1JRbYA4Re9RrTaEE+g2X5RPvHx5NReiV89S/xtpcz6KNcAtsscVGWdtUCemN4W/UtK0=
LWveqJKkmdjvuhgq+dO/fJ1V23Bq2Cejqn0Lnd7i/B2+f5H78Tth1Bw77frLsBL6att163BontnFkUB10ATEL/BjaUKWZTuR0ZF7l//XXbwGN5ukg1D4HT9cxaPHzwh12c0z1cHXdQd4MADqcS9M7nSCLBWzOLLzjuj9JIsDZ6zjKr1NJA2Swibeh9HjCrtd7gM2xeMkJYaInZ/XyGgNg63oQYMBeYAskoZp6C2y0WrcnKMd1JRbYA4Re9RrTaEE+g2X5RPvHx5NReiV89S/xtpcz6KNcAtsscVGWdtUCemN4W/UtK0=
L0NQ4mEpCd/7EVZcIWw3Rp1V23Bq2Cejqn0Lnd7i/B2+f5H78Tth1Bw77frLsBL6att163BontnCk0B10ATEL/BjbkKWZTuR0ZF7l//XXbwGN5ukg1D4HT9cxaPHzwh12c0z1cHXdQd4MADqcS9M7nSCLBWzOLLzjuj9JIsDZ6zjKr1NJA2Swibeh9HjCrtd7gM2xeMkJYaInZ/XyGgNg63oQYMBeYAskoZp6C2y0WrcnKMd1JRbYA4Re9RrTaEE+g2X5RPvHx5NReiV89S/xtpcz6KNcAtsscVGWdtUCemN4W/UtK0=
OVVCTOXgy46FaKCs0+DNN51V23Bq2Cejqn0Lnd7i/B2+f5H78Tth1Bw77frLsBL6att163BontnFkUB10ATEL/Bjb0KWZTuR0ZF7l//XXbwGN5ukg1D4HT9cxaPHzwh12c0z1cHXdQd4MADqcS9M7nSCLBWzOLLzjuj9JIsDZ6zjKr1NJA2Swibeh9HjCrtd7gM2xeMkJYaInZ/XyGgNg63oQYMBeYAskoZp6C2y0WrcnKMd1JRbYA4Re9RrTaEE+g2X5RPvHx5NReiV89S/xtpcz6KNcAtsscVGWdtUCemN4W/UtK0=
0SrAqDjNRFTzG6zgPT+MLp1V23Bq2Cejqn0Lnd7i/B2+f5H78Tth1Bw77frLsBL6att163BontnCk0B10ATEL/BjbEKWZTuR0ZF7l//XXbwGN5ukg1D4HT9cxaPHzwh12c0z1cHXdQd4MADqcS9M7nSCLBWzOLLzjuj9JIsDZ6zjKr1NJA2Swibeh9HjCrtd7gM2xeMkJYaInZ/XyGgNg63oQYMBeYAskoZp6C2y0WrcnKMd1JRbYA4Re9RrTaEE+g2X5RPvHx5NReiV89S/xtpcz6KNcAtsscVGWdtUCemN4W/UtK0=
xqcB5Sxk+u1X+OA6X/16W51V23Bq2Cejqn0Lnd7i/B2+f5H78Tth1Bw77frLsBL6att163BontnFkUB10ATEL/BjbUKWZTuR0ZF7l//XXbwGN5ukg1D4HT9cxaPHzwh12c0z1cHXdQd4MADqcS9M7nSCLBWzOLLzjuj9JIsDZ6zjKr1NJA2Swibeh9HjCrtd7gM2xeMkJYaInZ/XyGgNg63oQYMBeYAskoZp6C2y0WrcnKMd1JRbYA4Re9RrTaEE+g2X5RPvHx5NReiV89S/xtpcz6KNcAtsscVGWdtUCemN4W/UtK0=
c1L7xCXHZsMpKOGgggPOoFOs+N9hxj0QH651Soy0pjmNPA3vs5Eh7PNZA6fPO3wdKHFancojp7ywZFadM7pMfnckM65NnAh16vUxWK/C6qFmRqNnnyvUxha3rumXtS2tMzWG7SLtbDYB34N2TwD9fydTsOmpkQvJwctNWwisuHaR83SyBJ8Axm3kCmb/tEX4ax9fsJN2BdGkkSqeVsK/zQPWAwGen44ZI/gdmvjBpwso9LUf3bR5nwFluHDiGtF0zW7pNqyAm8EUSOP8fk3DCItRmRiKUS95k3OnQj1Z0IkTCAeaqsB3fk2sM3DBmX6FO8ixdf29V8i0sQ==
9N/MgzMHtk8uFhLTaqtp1Z1V23Bq2Cejqn0Lnd7i/B2+f5H78Tth1Bw77frLsBL6att163BontnFkUB10ATEL/BjZE2WZTuR0ZF7l//XXbwGN5ukg1D4HT9cxaPHzwh12c0z1cHXdQd4MADqcS9M7nSCLBWzOLLzjuj9JIsDZ6zjKr1NJA2Swibeh9HjCrtd7gM2xeMkJYaInZ/XyGgNg63oQYMBeYAskoZp6C2y0WrcnKMd1JRbYA4Re9RrTaEE+g2X5RPvHx5NReiV89S/xtpcz6KNcAtsscVGWdtUCemN4W/UtK0=
AGCP9UlodgUf984NGBHH+6Jhi8Z8dje0YUtkJ7+jWhuH5sXFKF4Szvm18eA8OsEBDHQ/1RTwGaXWuaZuM/uXupBNXIJpdvMTNaJPxoDP1Cmd9+Zqqn6Q+rWxPnGpeyWTdD9qah5lPK1aQVrv9MxZZk2Z+h6VOEL2Jf1lmBmr8YsTkwZlp/87Q2IEYKgR8pfBliv/CQaCothaU1mvBQwkCUBwja8o0VmfTME02h9mr0+PBafDUdCdreLEiTFD6shNozOIY8+mXCkK80JljdnMbhJ7YU1ddj1hfX3NQS91PJAOo3HrArGQcdu0oA==
c1L7xCXHZsMpKOGgggPOoFOs+N9hxj0QH651Soy0pjmNPA3vs5Eh7PNZA6fPO3wdKHFancojp7ywZFadM7pMfnckM65NnAh16vUxWK/C6qFmRqNnnyvUxha3rumXtS2tMzWG7SLtbDYB34N2TwD9fydTsOmpkQvJwctNWwisuHaR83SyBJ8Axm3kCmb/tEX4ax9fsJN2BdGkkSqeVsK/zQPWAwGen44ZI/gdmvjBpwso9LUf3bR5nwFluHDiGtF0zW7pNqyAm8EUSOP8fk3DCItRmRiKUS95k3OnQj1Z0IkTCAeaqsB3fk2sM3DBmX6FO8ixdf29V8i0sQ==
AGCP9UlodgUf984NGBHH+6Jhi8Z8dje0YUtkJ7+jWhuH5sXFKF4Szvm18eA8OsEBDHQ/1RTwGaXWuaZuM/uXupBNXIJpdvMTNaJPxoDP1Cmd9+Zqqn6Q+rWxPnGpeyWTdD9qah5lPK1aQVrv9MxZZk2Z+h6VOEL2Jf1lmBmr8YsTkwZlp/87Q2IEYKgR8pfBliv/CQaCothaU1mvBQwkCUBwja8o0VmfTME02h9mr0+PBafDUdCdreLEiTFD6shNozOIY8+mXCkK80JljdnMbhJ7YU1ddj1hfX3NQS91PJAOo3HrArGQcdu0oA==
c1L7xCXHZsMpKOGgggPOoFOs+N9hxj0QH651Soy0pjmNPA3vs5Eh7PNZA6fPO3wdKHFancojp7ywZFadM7pMfnckM65NnAh16vUxWK/C6qFmRqNnnyvUxha3rumXtS2tMzWG7SLtbDYB34N2TwD9fydTsOmpkQvJwctNWwisuHaR83SyBJ8Axm3kCmb/tEX4ax9fsJN2BdGkkSqeVsK/zQPWAwGen44ZI/gdmvjBpwso9LUf3bR5nwFluHDiGtF0zW7pNqyAm8EUSOP8fk3DCItRmRiKUS95k3OnQj1Z0IkTCAeaqsB3fk2sM3DBmX6FO8ixdf29V8i0sQ==
AGCP9UlodgUf984NGBHH+6Jhi8Z8dje0YUtkJ7+jWhuH5sXFKF4Szvm18eA8OsEBDHQ/1RTwGaXWuaZuM/uXupBNXIJpdvMTNaJPxoDP1Cmd9+Zqqn6Q+rWxPnGpeyWTdD9qah5lPK1aQVrv9MxZZk2Z+h6VOEL2Jf1lmBmr8YsTkwZlp/87Q2IEYKgR8pfBliv/CQaCothaU1mvBQwkCUBwja8o0VmfTME02h9mr0+PBafDUdCdreLEiTFD6shNozOIY8+mXCkK80JljdnMbhJ7YU1ddj1hfX3NQS91PJAOo3HrArGQcdu0oA==
c1L7xCXHZsMpKOGgggPOoFOs+N9hxj0QH651Soy0pjmNPA3vs5Eh7PNZA6fPO3wdKHFancojp7ywZFadM7pMfnckM65NnAh16vUxWK/C6qFmRqNnnyvUxha3rumXtS2tMzWG7SLtbDYB34N2TwD9fydTsOmpkQvJwctNWwisuHaR83SyBJ8Axm3kCmb/tEX4ax9fsJN2BdGkkSqeVsK/zQPWAwGen44ZI/gdmvjBpwso9LUf3bR5nwFluHDiGtF0zW7pNqyAm8EUSOP8fk3DCItRmRiKUS95k3OnQj1Z0IkTCAeaqsB3fk2sM3DBmX6FO8ixdf29V8i0sQ==
AGCP9UlodgUf984NGBHH+6Jhi8Z8dje0YUtkJ7+jWhuH5sXFKF4Szvm18eA8OsEBDHQ/1RTwGaXWuaZuM/uXupBNXIJpdvMTNaJPxoDP1Cmd9+Zqqn6Q+rWxPnGpeyWTdD9qah5lPK1aQVrv9MxZZk2Z+h6VOEL2Jf1lmBmr8YsTkwZlp/87Q2IEYKgR8pfBliv/CQaCothaU1mvBQwkCUBwja8o0VmfTME02h9mr0+PBafDUdCdreLEiTFD6shNozOIY8+mXCkK80JljdnMbhJ7YU1ddj1hfX3NQS91PJAOo3HrArGQcdu0oA==
c1L7xCXHZsMpKOGgggPOoFOs+N9hxj0QH651Soy0pjmNPA3vs5Eh7PNZA6fPO3wdKHFancojp7ywZFadM7pMfnckM65NnAh16vUxWK/C6qFmRqNnnyvUxha3rumXtS2tMzWG7SLtbDYB34N2TwD9fydTsOmpkQvJwctNWwisuHaR83SyBJ8Axm3kCmb/tEX4ax9fsJN2BdGkkSqeVsK/zQPWAwGen44ZI/gdmvjBpwso9LUf3bR5nwFluHDiGtF0zW7pNqyAm8EUSOP8fk3DCItRmRiKUS95k3OnQj1Z0IkTCAeaqsB3fk2sM3DBmX6FO8ixdf29V8i0sQ==
AGCP9UlodgUf984NGBHH+6Jhi8Z8dje0YUtkJ7+jWhuH5sXFKF4Szvm18eA8OsEBDHQ/1RTwGaXWuaZuM/uXupBNXIJpdvMTNaJPxoDP1Cmd9+Zqqn6Q+rWxPnGpeyWTdD9qah5lPK1aQVrv9MxZZk2Z+h6VOEL2Jf1lmBmr8YsTkwZlp/87Q2IEYKgR8pfBliv/CQaCothaU1mvBQwkCUBwja8o0VmfTME02h9mr0+PBafDUdCdreLEiTFD6shNozOIY8+mXCkK80JljdnMbhJ7YU1ddj1hfX3NQS91PJAOo3HrArGQcdu0oA==
c1L7xCXHZsMpKOGgggPOoFOs+N9hxj0QH651Soy0pjmNPA3vs5Eh7PNZA6fPO3wdKHFancojp7ywZFadM7pMfnckM65NnAh16vUxWK/C6qFmRqNnnyvUxha3rumXtS2tMzWG7SLtbDYB34N2TwD9fydTsOmpkQvJwctNWwisuHaR83SyBJ8Axm3kCmb/tEX4ax9fsJN2BdGkkSqeVsK/zQPWAwGen44ZI/gdmvjBpwso9LUf3bR5nwFluHDiGtF0zW7pNqyAm8EUSOP8fk3DCItRmRiKUS95k3OnQj1Z0IkTCAeaqsB3fk2sM3DBmX6FO8ixdf29V8i0sQ==
AGCP9UlodgUf984NGBHH+6Jhi8Z8dje0YUtkJ7+jWhuH5sXFKF4Szvm18eA8OsEBDHQ/1RTwGaXWuaZuM/uXupBNXIJpdvMTNaJPxoDP1Cmd9+Zqqn6Q+rWxPnGpeyWTdD9qah5lPK1aQVrv9MxZZk2Z+h6VOEL2Jf1lmBmr8YsTkwZlp/87Q2IEYKgR8pfBliv/CQaCothaU1mvBQwkCUBwja8o0VmfTME02h9mr0+PBafDUdCdreLEiTFD6shNozOIY8+mXCkK80JljdnMbhJ7YU1ddj1hfX3NQS91PJAOo3HrArGQcdu0oA==
c1L7xCXHZsMpKOGgggPOoFOs+N9hxj0QH651Soy0pjmNPA3vs5Eh7PNZA6fPO3wdKHFancojp7ywZFadM7pMfnckM65NnAh16vUxWK/C6qFmRqNnnyvUxha3rumXtS2tMzWG7SLtbDYB34N2TwD9fydTsOmpkQvJwctNWwisuHaR83SyBJ8Axm3kCmb/tEX4ax9fsJN2BdGkkSqeVsK/zQPWAwGen44ZI/gdmvjBpwso9LUf3bR5nwFluHDiGtF0zW7pNqyAm8EUSOP8fk3DCItRmRiKUS95k3OnQj1Z0IkTCAeaqsB3fk2sM3DBmX6FO8ixdf29V8i0sQ==
AGCP9UlodgUf984NGBHH+6Jhi8Z8dje0YUtkJ7+jWhuH5sXFKF4Szvm18eA8OsEBDHQ/1RTwGaXWuaZuM/uXupBNXIJpdvMTNaJPxoDP1Cmd9+Zqqn6Q+rWxPnGpeyWTdD9qah5lPK1aQVrv9MxZZk2Z+h6VOEL2Jf1lmBmr8YsTkwZlp/87Q2IEYKgR8pfBliv/CQaCothaU1mvBQwkCUBwja8o0VmfTME02h9mr0+PBafDUdCdreLEiTFD6shNozOIY8+mXCkK80JljdnMbhJ7YU1ddj1hfX3NQS91PJAOo3HrArGQcdu0oA==
c1L7xCXHZsMpKOGgggPOoFOs+N9hxj0QH651Soy0pjmNPA3vs5Eh7PNZA6fPO3wdKHFancojp7ywZFadM7pMfnckM65NnAh16vUxWK/C6qFmRqNnnyvUxha3rumXtS2tMzWG7SLtbDYB34N2TwD9fydTsOmpkQvJwctNWwisuHaR83SyBJ8Axm3kCmb/tEX4ax9fsJN2BdGkkSqeVsK/zQPWAwGen44ZI/gdmvjBpwso9LUf3bR5nwFluHDiGtF0zW7pNqyAm8EUSOP8fk3DCItRmRiKUS95k3OnQj1Z0IkTCAeaqsB3fk2sM3DBmX6FO8ixdf29V8i0sQ==
AGCP9UlodgUf984NGBHH+6Jhi8Z8dje0YUtkJ7+jWhuH5sXFKF4Szvm18eA8OsEBDHQ/1RTwGaXWuaZuM/uXupBNXIJpdvMTNaJPxoDP1Cmd9+Zqqn6Q+rWxPnGpeyWTdD9qah5lPK1aQVrv9MxZZk2Z+h6VOEL2Jf1lmBmr8YsTkwZlp/87Q2IEYKgR8pfBliv/CQaCothaU1mvBQwkCUBwja8o0VmfTME02h9mr0+PBafDUdCdreLEiTFD6shNozOIY8+mXCkK80JljdnMbhJ7YU1ddj1hfX3NQS91PJAOo3HrArGQcdu0oA==
c1L7xCXHZsMpKOGgggPOoFOs+N9hxj0QH651Soy0pjmNPA3vs5Eh7PNZA6fPO3wdKHFancojp7ywZFadM7pMfnckM65NnAh16vUxWK/C6qFmRqNnnyvUxha3rumXtS2tMzWG7SLtbDYB34N2TwD9fydTsOmpkQvJwctNWwisuHaR83SyBJ8Axm3kCmb/tEX4ax9fsJN2BdGkkSqeVsK/zQPWAwGen44ZI/gdmvjBpwso9LUf3bR5nwFluHDiGtF0zW7pNqyAm8EUSOP8fk3DCItRmRiKUS95k3OnQj1Z0IkTCAeaqsB3fk2sM3DBmX6FO8ixdf29V8i0sQ==
AGCP9UlodgUf984NGBHH+6Jhi8Z8dje0YUtkJ7+jWhuH5sXFKF4Szvm18eA8OsEBDHQ/1RTwGaXWuaZuM/uXupBNXIJpdvMTNaJPxoDP1Cmd9+Zqqn6Q+rWxPnGpeyWTdD9qah5lPK1aQVrv9MxZZk2Z+h6VOEL2Jf1lmBmr8YsTkwZlp/87Q2IEYKgR8pfBliv/CQaCothaU1mvBQwkCUBwja8o0VmfTME02h9mr0+PBafDUdCdreLEiTFD6shNozOIY8+mXCkK80JljdnMbhJ7YU1ddj1hfX3NQS91PJAOo3HrArGQcdu0oA==
t9qT3nEUNuSpkpFfR0JsLu30EN7vEL8e7QSGYeHZy+Pvww8mu48p5hbFKiCoy/ddiU+DkjbezIhcoW7AiTnHrfd21rF7IHfv/q4Lo92ejWh4TlS1lk+VilFtowKt2AuW0pa44IOF9vC129IjHuRUHpGaF32d6DXxYYKQLDbKhduopNUPHQQZrwFV2MAiCrEkTb7JJmxwO7EUuEOMPl3jWAuBeQjK4c9Jk0NH8n1JMFmTWCeK6rDXjk7ak4EBiV5Vu5jRZT0NN/i0gQ==
HMuYj0st2mbb/BGZ5raBX4PwVTDmIvfmCaMfKWpxSmWWVP8ZmiUM4eHsVktm0KRaxAxsEBnbWUK/KmjHR/x0es6V+2yqu3Mec+3+qAeZxZD5ekh4SN9+UbGoMYvP2JX23+QCwIQqy3uyMnWdHlnGquDM4WxL1zW20ZPBJDy2TiQRaTgyKYWVup0tgdNUerqERbb9CFXMBO6fE/Ter9aG87eqW1fFQgKfCwvThQsIJYcEC2Mu+6DCbrNsbvy/m/nnSmerjq1vNTMz+rSH
Z7AN6dj2YMSYhtT9S/hx6i10e7mzaUMDdkNsBWSQGZ1Hvoglm8eboz7UldEu09Un8R3WrUUVMMpvUi8Xm30vYAFYLP+n9W5+LY0mUQEHEeDF6jgCuOcb4d41l1G3kT96DdYd5yJUUVW4NEayW/7H6XFJ0Cm/54Cx0SaZagX/EuAfG1LZQ9vuQZaeBW7V+x2V9TdruEcJYGRLFVkCcjkx49pXNe4GraizYGHXkTbaQKtzOWeep8W/Xsll9B2GZFyzY994OQo1+bSC
4rDINRLIY9FFuBkxJp9pji10e7mzaUMDdkNsBWSQGZ1Hvoglm8ebrj7Uldwu09Un8R3WrUUVMMpvUgMAm3QzbhZYLP+n9W5+LY0mUQEHEeDF6jgCuOcb4d41l1G3kT96DdYd5yJUUVW4NEayW/7H6XFJ0Cm/54Cx0SaZagX/EuAfG1LZQ9vuQZaeBW7V+x2V9TdruEcJYGRLFVkCcjkx49pXNe4GraizYGHXkTbaQKtzOWeep8W/Xsll9B2GZFyzY994OQo1+bSC
RcnasQ/4TAUXj9jy5T7gRDs3l7KLR7nl87zGbJYnrTaiCHVG+6Rem1Wu/NCvFiB4oPTWAEqm+CsGslv7SOqBYxd78Sw2953xbH4viRxZG3Pj8PfeIurCAznB/FFtOW2lDap/IkcvGBCTFXpw/HoBCrU5w/0KQUWDIhFzwuOCn0ugcO1vyFH5X2zBFBq/5k+P7wVHg/FQPe3CxOlxo2qojYMzqKNvJrzpavOiJe1ZbC4ye0ENvfZdoZ1+64GO9ZxQbqORq2IxMDH7tIA=
8ZBMoa3ybJlR2h6S2LDsLC10e7mzaUMDdkNsBWSQGZ1Hvoglm8ebrj7Uldwu09Un8R3WrUUVMMpvUi8Xm2MyYQtYLP+n9W5+LY0mUQEHEeDF6jgCuOcb4d41l1G3kT96DdYd5yJUUVW4NEayW/7H6XFJ0Cm/54Cx0SaZagX/EuAfG1LZQ9vuQZaeBW7V+x2V9TdruEcJYGRLFVkCcjkx49pXNe4GraizYGHXkTbaQKtzOWeep8W/Xsll9B2GZFyzY994OQo1+bSC
rRYL3Ut662Iob8SUHZ6CHDs3l7KLR7nl87zGbJYnrTaiCHVG+6RellWu/N2vFiB4oPTWAEqm+CsGskr9Sv+Fdxd78Sw2953xbH4viRxZG3Pj8PfeIurCAznB/FFtOW2lDap/IkcvGBCTFXpw/HoBCrU5w/0KQUWDIhFzwuOCn0ugcO1vyFH5X2zBFBq/5k+P7wVHg/FQPe3CxOlxo2qojYMzqKNvJrzpavOiJe1ZbC4ye0ENvfZdoZ1+64GO9ZxQbqORq2IxMDH7tIA=
yjl8dn+BdS3Y4XOMdCdvgKwaHeyzmF+5MIwJ6TSvVjQb/OoMCjjax+4uYJNvPN6e4k0ol7fkq5ud5qUx7KWSmcKnQypr4f6sD6XVhIGWaFxgg44laeRxT4ckxSJnSOKkbLZ7zyq+9RmW5VY+GKBByOMLRUKJXwFg9MqecClFWNZBmaWOhSGB11xGqpA9Wt0sfZD0mkdftBrnKtYnDwa7My3esiuTh1MBg7S1E/xnw4pTfLKa66CuuHfnKbNyS8tqxXMFByv2tIM=
XFijWgO5rSXoeg7/0BMMCawaHeyzmF+5MIwJ6TSvVjQb/OoMCjjax+4uYJNvPN6e4k0ol7fkq5ud5qwi5riSm8KnQypr4f6sD6XVhIGWaFxgg44laeRxT4ckxSJnSOKkbLZ7zyq+9RmW5VY+GKBByOMLRUKJXwFg9MqecClFWNZBmaWOhSGB11xGqpA9Wt0sfZD0mkdftBrnKtYnDwa7My3esiuTh1MBg7S1E/xnw4pTfLKa66CuuHfnKbNyS8tqxXMFByv2tIM=
Knf0+CJbVDruD7FcV63fQLQQFzSvtOLUXVP3jr/B3Y0r+moOJiIxg1hjrWqWA/bBa2ON03qhat+1aJBRAzkh/VZsNo3VWb5FaxR/6/6qA5fNauVMWGq8wUZ73U4Rqeu2fazjMnIy0BQTMX50NV9al44QPLoxPv8JTVx9NSFG2Bjmvm3/iIC9+w0wEasBUdD0Mv7ZAG2aIVK8RHN1VHwLOO4pC/yrJRH8WlVHzRPHz0btvVj9M/zP/joEn0oOHtu10f22cZu8uZEtOT/8tIU=
zj04N8v1u5pp+jifmwU4S5cBvR3SSuonovc+c4uISPXl7yg6kSUYe15Heb1lFrVRlfrnMaRQxCMW48n72hGYIXO0CA==
CoMsQSLOooYVxI0Z9yhD6DYhPAqwJDDm9gMU2HBjGo/KPpSxy//twgMk0vKb2Cq05/2Mm8FzC6IVq+Xv2w60Cw==
fZheF5QZe2f1YEd+W+C2S87RUkHLkaU+ij8oliEVVX1vSIfaqgD3PkpuszPEWf1FO4gxtf391wi0cQ==
sWUJTl8Y7HEvFgODmORQW49d8kREad3BNHTEIZs7jcWZZlk5QbozmQjgeJuiQ50jhsH0yQe0fA==
gjjMOsUl6R8C7QNjmQeGF6o9pxtdZByKd1Un1BDgcbTR2HUl0bpsHig+kegBjXiN/gxHNmuiUFSyGYV/h54pjzRNl6wLWlGTf66WGWSRawU7RkRN9OCdVgkIbvhtospT4IV0gApELTsAZyJ6zTqh+38vGYEvsVDwWK6Eow98/AseDZPKViINV627WdUB8LvYrF8a1tKrgd3Qk5vjbcAmNfiruqgCK+7sUDnFrI9dGR0sosee51BmsRz6s5IGzD51KSaEyyxPB1S7POkpakTi5aATZZAbRR0xaDzWFueQ1j0k8sx5Du9x5/BbMMhVK3p7Hr4ERtYfkA4vhrkifB47hqA46ZllBR7u69htxRznA9Xekv/mnRqolkmj5w14UEyooMOTqvYd7RaBwvsBM3L74BF7ZL+2jK6EW1czaE8jFmn60wN2ISggpyNx+KqZnfViLXWBi+Si2pz1Lj0QZVRkNq9LdIafDuZrh7Kbz3VaYke7U9Pdu9BFn7STozbLOKK2gzTpoI9BnH95f2sWHXdV64OitN8=
M7tW/Yb1Z/z4cu36oXZerglfU3p/bRAztGrCxMy7vHTo0UYelhJvPvUBcY1AdQ0MS310M4M8QF73OwzsM43MzohNgjDKN2na1c/TJUe9oHWvnu5ytA8u6Y8EAqpNYfWTedZ/6xe+yEJ8xN9EeeHoKgYKbTs/pfBNxjmuUfyMM+L/3ATp6WhwnJQDdTh/oaRn+hHi1xWfs75WGtnMxr0+CqLjpKs1km6aEko3jFZif7qYrfs5mN1WXosncdlderLm66v1IBnqTmt/VDSC0mvnMb1hXvzhBk7yWqVfxWhhEnLN7hHhpSImBov8psBSPbRauphfI67+8KzXpOko0sxNFVdhBRoLL32iIfmmi9gynaEZpXJKgqc+TBt/aQP3FPUTEh/KPiV4c0L647X44OEF6+MT1gU3vyvj0gTQCAEyByHGq4/pdkLSOApTCQ81zJQpcPBdj7iRSf+8wcS6DyY/b1+Fl+PhEK0NssTZ0TMquK3Ts9iDX2ZMibrz8sWdmVwOwvuRLa02zQGteR/hHDCMsz4jIcuScYCRq7TQ
ouhvnGkUlWSAmgwEIHkuAd60on7k8Htjj9JZRVtuXVGCZyJcNnQqq3AgxZrypg60MRm4wgkVVar9nYFjNGp6FGVGfXh1XET+f6P0bk/GxmOX2tun5dLCj2u70zVrGOUXJPvjXtswgn5T3G9IX4m8d2kXK36N//UjU0q0Nw==
XhFhr3VOaphTYDFxpxCVw/rAoBn2jzM/4JazGXkAHcm/smU4IR0iiWTBSwTja+IzireCFVUsDx/t9RxKWpuQjzSHUa1tNo2B7X9fYVwwzDN+I2FLUnFAEWu0EA==
ryGpeMow7aK0uoe8Wdbvy+Ahp0FhtEEthJFmFjWV/5iLRUkCE5S3hYRlwqHt6EUzNJ/8B3RZA/TJU6s1WgacQ8bDwrcngbtuq23LH3mNeijaHwgTl0dEaUYdbbQW
MHUlkVsD4iVNf8fp2UeFAckSiGRQhmA3s5FmFjWV/5iLRUkCE5S3hYRlwqHt6EUzNJ/8B3RZA/TJU6s1WgacQ8bDwrcngbtuq23LH3mNeijaHwgTl0dEaUYdbbQW
xttNRSmYfi5RY+Xkr/+dRyy9lQathGIWMZ3jiGd9LSL3zJt1uC0GYamguYNYR1hn0KGvZFXbL7XejgDTartmV4PZV97XpQ9fPUVGWPbHbDNzfyh5WhVptBI=
EQWSJqlXmAmHxioStwd4aDHe5PvT8cM9bd3TNrhiRmGEUl4WDWXH+KO1gUJbRB/lHPVaIXV43ZNcTzRHPGnr1LFjUzUiNmRjrvMKd2/RU84z/VOf4R3iyHJPwNPfN2yJfm1VtC4=
kFYurwJl5uEvwZwp6zPOCJyzTw1KpHa8NZdfPKyFLM6+mdZMJwQ87vO+ipIeRCnpyy1xpKqO52G5Gx9lQwDo1E201QNUR4eDlRVfhuso4ibjRO/Q79Hcb1nP66Y9Z5V7Y1K0Lw==
afo2ibBCswkTGhD9JL2YEhEMbyIkGII8A88xR6uytoFTKX0gASowCMg+c3p2xc42DvFd+QxpRVm0dLKK3ZwnZtZ+P/UjUD36Qfc+gPNTViknYzJBSiZhntGz8fXZPy8o41GcJPfNPRK2sd3D9p+xXiLVdDM8mfMhspJsix+xI45DnQOfsb1SiEJvcFMPF3xJ7o2ltN4=
VMC99CEVT2h1DcfWRLqscwl+bz9ce25+TeGGoEQFOva3uedQLrXOPFEuKcXx5ApvievfN0sw48mJ2Sxxv2yiBHlox3oq4LceTk5zU0T5PWU7aHFVfV0XaLQR
/0peWGZ1g13AI0fAMODfSdPLyRgQhfdiZRSKLEWD28NihRGnB0Eb7sut6x6Zzdqout9oE7cHpOnm3Q20dg==
/0peWGZ1g13AI0fAMODfSdPLyRgQhfdiZRSKLEWD28NihRGnB0Eb7sut6x6Zzdqout9oE7cHpOnm3Q20dg==
DDOgsy39u8xjiykUTDVkyb9O0TBsn0ZKcAtAnn8NWi/h3kLUnHpOUDLSetGrM55nIz7H8oWWsNeIuuGGzVR2DVdN/Sr+oGRn/YoNGV4sWhEkdRXzMUkSV3l6naZABoIIwifH4krlpknSv2FeOgBG8MDHCDwB5kA=
