IgiBGvn0YSzgyUu22xWbfHH6/5p989rz67uDvf66SY00ovWcFYmKeB8bUZ4iJ3dtB9ErnciomtokhqozX8PDFLIldsC7Y37JP1MqQVIWeX75g7m1ke/HyFvB5KRPXcWyHuGVgz5vWX46pWwzJGnrAdriJEvXYYsuOw27GU0t7e0qMLmTxydUKfa9vbTG
8TroqWMBLPUF241S4D8rLVp5Fz12WgZpbif5Yiwx3HUBntVYAtZXRWgirXmW2prIjc5c+q1VcRR30mvjPJDRBxxhjcegwdiCy9ab59Pl2ysFAKkVzoRlSbe6HOWfk9SLu1YI8SZzbj1ZqTgGzttd5QmmSZkRuef5HyXo9PPDrUM2AcSpt7TM
eeA9luVL7l8cE5UVZy29aYKyv/vqWHBJFt2Yh4RQRSQAQN7K/FbMDSBDbl8S8p2DzLmX14xsKEOLjuxChffnUUKUROtcytSA7lY7HXzSmREPf2TgmZ7oAgEVHSyDAv+LgHDNL2jRGR+MwfRaX2bvz88FZ0OR0F0tosTJsQPqCM1jM0jjj6YcqUrzguVN2QzuUnshzR12/eG9eQvBa3V8HE+jsWvCsVDxm7Tg
Ha1Nyf/AqavHEH3AYSUmgo0+I+tYXgbzYW/XnApbtjArHV4u8w5GBG4geuc4ZIWmypI+mBk9mN4RAUWm9ZmBn8yeiviNop2krYiUMrdnNNL3cnbPP357O31GUgPjP1NJE2yVe0yfgwKDZNIyG5gpcGe6iVtOMgtilevlL1tOtMs=
b8bUFecBDzeWo3PbUwzAaSwjOaDQXSxEL2grbhvU2Qk5DybTWTaL4WIvNryzue6SO9On6JYkavsQUMXqkvZO5JGpOHKpxZV6HW2Bk9S6usTF9v3I1QwErh/T9B4vloYzN2pbF0UCAl+LS9PFi8glx4RLY+57YMIuM6xpPD/e+SfGpqvOLS8187O6tMc=
Ye/xc7FyKos2XDNbL56EqSwjOaDQXSxEL2grbhvU2Qk5Hi7dXzmKs2IvNryzue6SO9Kn6JYkavsQUMXqkvZO5JGpOHKpxZV6HW2Bk9S6usTF9v3I1QwErh/T9B4vloYzN2pbF0UCAl+LS9PFi8glx4RLY+57YMIuM6xpPD/e+SfGpqvOLS8187O6tMc=
3gytOK1eLf7cjYUEU9QPqEla+JPq0QVekbo2aS5gehbmEaheLiFbHgxIy7GdlWtt+c78WkMjMZP5auwoGtZPtaCC1ek8H3P4la4UKlXVyUQ/8nMTFNC5l6SBRfe4wcCyAzYjd7ul89sdIOFFdgSdmf/aBNV3U3wbw/bAAT5zdk0RCcCWZps11RFGgclpOV8p1wXwhNsDRdOOYYyZr7TU
9UJuzkFDV4QqVpI3M8LwFnZ8EeSJQSxEJ2o9fE/Z0BdrDyCaDXjes2IvNryzue6SO9Cn6JYkavsQUMXqkvZO5JGpOHKpxZV6HW2Bk9S6usTF9v3I1QwErh/T9B4vloYzN2pbF0UCAl+LS9PFi8glx4RLY+57YMIuM6xpPD/e+SfGpqvOLS8187O6tMc=
cCNc5EBG8FTjpZpRv9+ZaSg7VrjcFyxELHUtex3Qw1l1DyXISDPes2IvNryzue6SO9en6JYkavsQUMXqkvZO5JGpOHKpxZV6HW2Bk9S6usTF9v3I1QwErh/T9B4vloYzN2pbF0UCAl+LS9PFi8glx4RLY+57YMIuM6xpPD/e+SfGpqvOLS8187O6tMc=
jajd2b8NmA7gvbdTAWySwFM5LVAtcdntqbUJHph3ERPXX0/yaoTMFpmZpprjJd2v9ZQjdvImQ7WfiNlqxX9S4F+bktkDWy5BVh5FbhV7XZW1t6u4B4kgZIuVGQKyufHjmtf17sYt6LOg4ZeRdlqAqzO5J55nRf9ZCeUxHcbonbOjXzg5yrW5tMI=
9P1JDX8zSBs5uZo2dWl09maOwf7EWghXTR1xivt3vve7TDEyls0mbfZ6f0M2XI+H157KjsIl9LJlTD5sNooFG6jkVU8dxJnvARVYACJKMWRNfklmbDC7cRT4w0w+nWMYC0H5yMqhT4mTg8eyfYmwmZMYp0rqcFfOSRoTxAHJ0pS72FElPc23uLTB
LiEzahHZCoSNwZAGVV7jkjlbEW+h2Umn1cYwrqoIWdCGVtPN9LLBAfC+/5AhfuAyaZW13IsihzsYsPU/MHGRz6TB3IrXxrff98X/8+nwVd0KRKGBCwqwvfvzsPPXxpR5ovPqtcU51P4qO7k9pRb10VX5o7FjVYSs1+OJexoR2KGztMg=
+mg2PKuArXR/OlrvRXBUvvSxexo2+Z7d5NrS3CAj00NkkWSrlTpQwI5W290cUjnRLn5HIHkeiELhFT1sI4Jfy+BwLe8IUbnfrMHUmv/mjw8vBQcDMVD9bYLEKfFjaugNQzNoIy8mfGmq8+KlrVmsrnJ7AY199h0h3XkrAcv13Nyvo9ErIjHwsbu0wA==
+NUejrepZKF99xi0m2G2P5cwLqm8vUKJhEQ9EogI5Y81ZyzPHxj6tlsr3J/0myg5tKlpuPH0s55CmgWBoBRAWqszqTQ2rJtcUuqZrf0ObJVihlijqSTFs+puZLVr19dk70r7Kgovy0PK/64AloudJFQYG5ZiI0aI0rEkfKBbNsRJ5xqNpVTaG2Xnr8lvp+zncEV4eLLW52XYYp3ZoF6KaF2OjNo9VeF0p5K7gywQIWfsIX2nUMEo4juWa4cjZctL1UB5dV6E9Wln+sxFjxPkK4sWuNGWc94d6WkIpv5bTUVZZhm5gbl3GU/luBTjQ92jRsG0Sce0vA==
fHTUOhX6Qpzwn/ZMf2F4S+35EqfIhf/njUmOhbOAhQ0T3dK13Ok+fD3tyxJndk+rAfVhO9qztigbVT5WY6eG3Z4oWt9oDAU+elreYAkV2IZhieUeJXGBh/zW6oAdCl18XYC0CucPtEpHupY3L1Y7Yw3O8rsz11NRIyT1A9w3Q9pzbPIKS/Cp6NdyaaNeGks65WNFl4umtNM=
bCl39cCmn/6bOr8fIj73GznGeL3FBSKz0In/44VVnnGL7KUp++Gi4QQlfjh1MRumH9qvT6mJ0a9CPzask8muIttLJnn2lKoLMEDF+rIGjlTxObjiSXXVCj19gYP0yvp0JWZ9WLW8xF4/w/QOD2ZGg1f624elskIvq1vT1au4ZXdk2+N+G9AC3hO8aSwfLjmXpjYrXs2fdYOTqrTX
xx4m+Qtv4HBqMVsJ6CRnmpaDssY6T56+Nl4Of2IH1hrsDWMtUEFqLnSasu6JB4LvC4lFN6YD8m1K7FiWDXFqyp895E4gLH8Gfo63davg1VoZh4ZAKwMuCc9zOkFCNom+qeMpNWFPd4gL4RSkfz2Vcu4BJQOuz4m+CsV8MzSJ20GKQrTLZwH7buvtixk9DT0tmpDJE1fHhGmGna201g==
gXl/IImXcMOf+gE7I4dFMZVgCDhCoNEbOrncj//hgVuWa5f6tdvPn5oLKENeGpEfc5zj7N8dfVeJ5Y75du7XB2Z4h532y4IqUqFc5iUYFmgmrk1PCHDd602AsfsBAXBEcu658O0qAUJ8NJMlVKxryK45K0wrVfHsmuXnHRMXb/YtrbiNs0zv7nr0/5oJTjvAEe2awBtM2YFtiZ+stNU=
4ZCZsQUfj2w92N9gcDC6zGBmCfWJSCxEL2grbhvU2Qk5DybTWTaLwWIvNryzue6SO9ql6ZYkavsQUMXqkvZO5JGpOHKpxZV6HW2Bk9S6usTF9v3I1QwErh/T9B4vloYzN2pbF0UCAl+LS9PFi8glx4RLY+57YMIuM6xpPD/e+SfGpqvOLS8187O6tMc=
+kr+2yGqYQLc+hAlBDFXY2zZjKCWMEZVQRpwlt53qf3vD3Rm06kmbfZ6f0M2XI+A0ZDKjsIl9LJlTD5sNooFG6jkVU8dxJnvARVYACJKMWRNfklmbDC7cRT4w0w+nWMYC0H5yMqhT4mTg8eyfYmwmZMYp0rqcFfOSRoTxAHJ0pS72FElPc23uLTB
VuWvHjIOTdPIENVBUwunL69z/8nLIY32RinOmXaOl6fmmEe38aTCitJBnMYlOFYIpg6NrwhQnYvNIHEbAeGw5PKO+dDtysHi/FTTBVSMqygumWssK3UxDBpFp30Tdy9WrU14rbMsr076FD+6CW57oJFNWiAbbJnh7SlfTLQ1
gAE4o8TY6offtzn70MMdIuQVMSDMbxOixix4li0xCko//Q9JD2zfhh7Ol3VLIHXaecfmQAvDzolvM1pBInYpPkkjCTUBDxcIqyH0pF999fJOQQUDTg8pPmqFXDMUSTvBKgLUy0fBW+4LLasZXU2drXpQKRN3h+TpJl1NtDY=
icrLaaVHoi1QYUFA6KPt5q1z/9jJN4n2RinOmXaOl6fmmEex8aTCitJBnMYlOFYIpg6NrwhQnYvNIHEbAeGw5PKO+dDtysHi/FTTBVSMqygumWssK3UxDBpFp30Tdy9WrU14rbMsr076FD+6CW57oJFNWiAbbJnh7SlfTLQ1
PlNSmnqs1DAKfyO263DoDuQVNzbQchOixix4li0xCko//QlJD2zfhh7Ol3VLIHXaecfmQAvDzolvM1pBInYpPkkjCTUBDxcIqyH0pF999fJOQQUDTg8pPmqFXDMUSTvBKgLUy0fBW+4LLasZXU2drXpQKRN3h+TpJl1NtDY=
Q3lRcxuqVCyMBc3VbOglieQVNiDCdxOixix4li0xCko//QpJD2zfhh7Ol3VLIHXaecfmQAvDzolvM1pBInYpPkkjCTUBDxcIqyH0pF999fJOQQUDTg8pPmqFXDMUSTvBKgLUy0fBW+4LLasZXU2drXpQKRN3h+TpJl1NtDY=
UqfsVOwWV11VFU/uknfZtJRSde7NhJTq5cHV0aGdm0utix6o1OYTdGb4jEgK1l9VkMKFScac7JglbsQKJdX5pO+yA7OEUAn39EG116jB0JLz9nMXCyVje21gMaVGBO25Lxq0tefTjLuTtvDhLnNmLSHJEDYWG6U1oQbR6Zk+b0mHxQAkS4P1M14h/Lm/tMQ=
LkX/JmRKtaYZuf41Vzsm7xOvNB/H9nEMYTQqGOYO+AAofv17YztcQJvb7KK5mhKk/QrBWSSuE6CeVss9LBJJcZ792IApXthiERUNDHPCjytw8F2PuJFJ/7zBxLoPJj9vX4WX4+EQrQ2yxNnRMyq4rdOz2INfZkyJuvPyxZ2ZXA7C+5EtrTbNAa1+G+EbNYy8PyMhy5JxgJGrtNA=
leoP99r51Bqea0kOfGZBeFA/hsxtcXzVZ+wELq8m/ij5dT8IMkEWd8W9sk7wzlX39K25JgZUt+xXu1mNX275LdMrcwJmz8zwrptH82ia6OMeEZzE6hNV15FcEKHckPFHfOFtB4DB+EIrVvun8+U7a2WACdXuhAUJVzq8pb+TNEsb1qgxxnMOffkpmEau230lqSYpWfG+x7m/pQg0k8ONg9aBpOmXtOw=
leoP99r51Bqea0kOfGZBeFA/hsxtcXzVZ+wELq8m/ij5dT8IMkEWd8W9sk7wzlX39K25JgZUt+xXu1mNX275LdMrcwJmz8zwrptH82ia6OMeEZzE6hNV15FcEKHckPFHfOFtB4DB+EIrVvun8+U7a2WACdXuhAUJVzq8pb+TNEsb1qgxxnMOffkpmEau230lqSYpWfG+x7m/pQg0k8ONg9aBpOmXtOw=
7u/sb6LXzABKTbBKX/caCuXCx8TApoo7Dv7A4+Pp2DUe5mtjrj2BvGh4onoPWyMNWJJPFVP5GKn4G9CN4c7OmhzbcYeTp9wmVIvIQi3gwvirom2cy/t35AOiDZUk1SJKxpaXKaOyKxXOC0YdY3zVjqhVD28IEB1LzWDx2wEhMKTyTnmQ7QpBovyUU0VUTCtoLlnrbCu1sUwahSc9Ezevlq0N+G2zbC+O+lS/egwu+2CRDdrgGywZIe1p34y09Q==
pSX++26rVB/2XHgESvAHhkcMGbPNA013HCgUR3WSGYoqlr97/KOa0T6W9KJdyc42ohfVjAtYP988PRxUmX0oezZecKz4unhhOaB7QAAzSquY6i9QmNIn3ac8jUfJ/wFDVNFdt2FHQETCLEu6bfXE+219vGq4/Jjz2wvfZB79EuAfG1LZQ9vuQZaeBW7V+x2V9TdruEcJYGRLFVkCcjkx49pXNe4GraizYGHXkTbaQKtzOWeep8W/XMll8R2GaF2zY994OQo1+bSC
92DdApvhF8YX9M8D1twb1BkJ/pai3AFF1aA9Uz1pLgzqDepKfRIEQFQrsJXf2Wtt8sz4Xg05YcOYPpwoGtZPtaCC1ek4H22glb1ZdEv93Hk/8nMTFNC5l6SBRfe4wcCyAzYjd7ul89sdIOFFdgSdmf/aBNV3U3wbw/bAAT5zdk0RCcCWZps11RFGgclpPF8p1wXwhNsDRdOOYYyZr7TU
ANviFF1y2/q1WlQs+nYMZo+tyUqeXQC/oCUQ1xqFjzY6UFDFQpqbp6hosyzhyDU8DqWt27h8E5nwIR1brUNRoWx453G3nTieWrebUIKWkt1SI2LARSjxTaRx5Q7VlDyG0xnnlZbcvNaxGX2LHE54MNZWA63EclEhIzzRKFGtvQzHvdBBm2I3G2gwJV+gseFvdMEMKqcGJ78nRY/TWbBFfXpEEeEbysBdy3Ng00cGpBly87pV9XlE3nq7iV1VVuUx5fxTEXOVNIwnY9mbilEoAeO0mA==
Y66lhqxMylVR0aG9uVbkzSBQz2tr09hnhNT/8NrspTQCa/vrCYsYGstGObuCedl5iOHJycjvEms6JHsWmrb7NWcYccqdDxqgl0tqOStrNkFOLm2O7auV1f3H8xivGdjkMwVxYuoJOSNSB83Orl3ws7gRf7FOCsjrewn/fo/VR9xxdZm9HhhVc+sPQFnihaG02g==
JUi8oax8QE6TkZpZw5HOOZn2Kg1W7WlcFDFGCERNJTInykldUrwQCG95o+QZ9//w1Tv2J3M9InoSkbz2JQh2WOZ+7T+IwD07DfCR6wERUDQyPllAbVqhkrwE8zVUvIv47mmLvKvlkbxaFccNEwdPBu392D0zvE++OsQfigxeW/DRPTqwm/w5US35v7y0xQ==
pPbsEYeiGwVPLynxzzC6IxHwceNAc3KpuDEXxJ2rN7XGfkhz0iuOF6vpTz6fdbfcwRWJfe44BfPb79AZkiVxtAo=
VxNl4GH8femaBkhCx/hrUeX9Hq/Nsaz9g3TBlanJ5g9A5+6b7fwtbj6ojQ1xNQWrCeFqGLfq5g4veCQvZfjcg8IoQ84lEUM6eRzQewsV2IZhieUeJXGBh/zW6oAdCl18XYC0CucPtEpHupY3L1Y7Yw3O8rsz11NRIyT1A9w3Q9pzbPIKS/Cs6NdyaaNeGks65WNFl4umtNM=
gremJdZC6dRXdi1GamuHa+nX12u6PRI/nF9QL63dmqereXqjWzkW7kys5YNdlk+0GBfIB0NoQ0YWuH/ZYBO1eTrG4FI+R9DBtPnlBXaxJncySzK9M5SB0CVOBBOXRRisj5fcB/Zfo9jnknsDbBBh5ywhPSeQwehie5arB2Nli8sVQDn1HoQ16Sf6DMVPE6SrSxZ4UdZzHp2paUgmPlsNxRlm2TnBs7eZj+X4lCNDHSMGwXTJh7T8
bnXorfJpEOR7fS9UO4FDpSQVmovj8fCFCv8AIV6ecOVkSEFmB4NwupcAI5xRtJ9i+2kXHmazYWjvfEZSpa0PWBOV9Fs4oph7iPnA01vmMjd3RLWVXtferDmfKV8Dn4cbqo4FC1PbuHrhCzKwB9Rh8dQu5nMuxxxEiAWPnzOFXbHN5OwZefMgEjNJzmz6TJVaWQdGQOuD7gkP8/pBgrZJvmlj6TWhzzeIS2FUpD+91XKugWUD7k/JvkpFPDP0CRtBSsJ0y6eBO24rbUsT/Y39LVoQiRMXR8Rpxh3ttJY=
K0dnwL3Osb06fYo2gbvACDO0rzwU67hCh42t9ADKNnUQQ00HjQdQvZbA0jCBFLJcA+vqtwN5Aw0ZXQ8vBjAaLRec/+JY+DdmiLJdQuIFbXsRPQ+7/ALCvNOJukrN7BVLoxn3Xrdl71MZBeHdFggNM1O/yPk6VUm0Mg==
vNfD/toSFt8fjiru7jmxHE4mKxY3c8f9s/AKPph6ERPaXyCUBO3bH+Hp3uDxfJj57cs8Yv9heqyOpNlqxX9S4F+bktkDWy5BVh5FbhV7XZW1t6u4B4kgZIuVGQKyufHjmtf17sYt6LOg4ZeRdlqAqzO5J55nRf9TCeUxHcbonbOjXzg5yrW5tMI=
JMprwXEWkx2Q+ZAlTlD+f3H16IF45svO67uDvf28SY00ovXzfueMBHhlX59lYSJwXcQ8mYmTkNIjqb5sSuyFGqkndsC7Y37JP1MqQVIWeX75g7m1ke/HyFvB5KRPXcWyHuGVgz5vWX46pWwzJGnrAdriJEvXYYsuOw27E00t7e0qMLmTxydUKfa9vbTG
gremJdZC6dRXdi1GamuHa+nX12u6PRI/nF9QL63dmqereXqjWzkW7kys5YNdlk+0GBfIB0NoQ0YWuH/ZYBO1eTrG4FI+R9DBtPnlBXaxJncySzK9M5SB0CVOBBOXRRisj5fcB/Zfo9jnknsDbBBh5ywhPSeQwehie5arB2Nli8sVQDn1HoQ16Sf6DMVPE6SrSxZ4UdZzHp2paUgmPlsNxRlm2TnBs7eZj+X4lCNDHSMGwXTJh7T8
U5rHb4fhHc050ooAHiK9ETZmA/GJSGVeJXQtbA7a+Vk0SmuXDRe43Qs4P8TDwZSAYpPx8Mk7fvZXadz7vvZO5JGpOHKpxZV6HW2Bk9S6usTF9v3I1QwErh/T9B4vloYzN2pbF0UCAl+LS9PFi8glx4RLY+57YMIuM6xjPD/e+SfGpqvOLS8187O6tMc=
1iM0xuJFbDwBO66VEOyuhFA/iMRpL3nSertQIeBf3wDDXQwnAWgWdsn8/Um13Uzg6ay5Lwkdt+hbhRbmX2P0Q84sanF138/1sNgf4DaJo9cyWrH99ExA+NdSC6PckPFHfOFtB4DB+EIrVvun8+U7a2WACdXuhAUJVzq8pb+TNEsb1qgxxnMOffkpmEau230lqSYpWfGzx7m/pQg0k8ONg9aBpOmXtOw=
cj9HCIRmJDdizxTrOF849XiXKlYwZ3Qd4H0BOwNXxo+0eGlPGR2nyAtFxkbP4wTjvuyaUQXfP9XAmO9ARgkzd2IaYd3kTFAYhxLbQ0wQQafMoV3nsMHIohsWS0dDZauLtcBZNf6EFSmHeuwFLxNE6+uW2BE2c35dCeno5l5b7YV55nl54bPX2W9lWFQDQz3jZkGUiae03A==
Vh08wVGLah++6Jrql4EfxR9RJG9tAIgxV8UgQbC2o45TK3s9RSwxLZxyPTM2l+QkYJVHn30ROlC1NPTZwcM4cts5BuwyfD36Qfc+gPNTViknYzJBSiZhntGz8fXZPy8o41GcJPfNPRK2sd3D9p+xXiLVdDM8mfMhspJsix+xI45DnQOTtb1VjUJgcVMPF3xJ7o2ltN4=
QruNhJ8b+9xyT3PZ36p1yKICD28adnpdb5oJScb6zlIUILI+L7LV9EmgYWdPkbNOUz1zkwVdRU3SACHT//fMCZ4tdbQO
l1T13DZGLBiUIZx/ze+GeKMCD28adnpdb5oJScb6zlIUILI+L7LV9EmgYWdPkbNOUz1zkwVdRU3SACHT//fMCZ4tdbQO
qzvqMJXIXBxyXcsuCPc7w6ACD28adnpdb5oJScb6zlIUILI+L7LV9EmgYWdPkbNOUz1zkwVdRU3SACHT//fMCZ4tdbQO
4Itv+sN86AbMzsVmRLP716ECD28adnpdb5oJScb6zlIUILI+L7LV9EmgYWdPkbNOUz1zkwVdRU3SACHT//fMCZ4tdbQO
yjDcd114DE8zwqHy4m9L+KYCD28adnpdb5oJScb6zlIUILI+L7LV9EmgYWdPkbNOUz1zkwVdRU3SACHT//fMCZ4tdbQO
6PRXK8N6DPCvI5ndADcnQacCD28adnpdb5oJScb6zlIUILI+L7LV9EmgYWdPkbNOUz1zkwVdRU3SACHT//fMCZ4tdbQO
QW3jV4JIW/4kIMAccM1+Bykfg7dh+DkSXyVYWzGU6NwBATyHhmfa356ADGRowiLk/9gnCuow1w5DWpMEAQlS1LsY0eU9jTd4tAE=
xmb8DX7BKj6xwEqVMf+MDCgfg7dh+DkSXyVYWzGU6NwBATyHhmfa356ADGRowiLk/9gnCuow1w5DWpMEAQlS1LsY0eU9jTd4tAE=
sJYzw692zkHslM9YQDmSFhZw7a/PDsAv1g6ODbsytelaErqigLg+vqMqQYS9yP3H8znnnifFP1NJZXEdBmjds+Pf+DmKNXm0Ag==
0UV9qoyEPlw+bosT2lsvCCYziATcsfy14eDQY1E31oqTlEAPOuvCCKCgv1OUcUmK3L7RR2B9Duk+jd5WYG5wvPYmjz6bkAKek/xjbJ9uOdcmdiueTV91QxNqtBc=
nt+1mFA8spO6Fr56ETVQ3hdw7a/PDsAv1g6ODbsytelaErqigLg+vqMqQYS9yP3H8znnnifFP1NJZXEdBmjds+Pf+DmKNXm0Ag==
Q9wohdqLBxdp4/hs3+m0KxZq66/TFsEv1g6ODbsytelaErqigLg+vqMqQYS9yP3H8znnnifFP1NJZXEdBmjds+Pf+DmKNXm0Ag==
B0IuDtOkjJmS6OwW92FfSNFOOuPan5Pj59uB36Gd31ijpR72h6NMM0bMsiEd3ycl6LiXEI7J+8c6eslNHMzoiO+yA7OEUAn39EG116jB0JLz9nMXCyVje21gMaVGBO25Lxq0tefTjLuTtvDhLnNmLSHJEDYWG6U1oQbR6Zkzb0mHxQAkS4P1M14h/Lm/tMQ=
3Q8Kr84FWtYJcCZTpXFusi4Qjiw/xt98gMn/tJ/jv30BZP3dQMpZU5IPGLTsHcMf+Zm2wMmsUDkle2QCl/HCLHY0ccqdDxqgl0tqOStrNkFOLm2O7auV1f3H8xivGdjkMwVxYuoJOSNSB83Orl3ws7gRf7FOCsjrewn/fo/VR9NxdZm9HhhVc+sPQFnihaG02g==
xOrpIpbUvQova0orILqiQoK16emBCr63CLnWJyoeP8aV7K30vkKZAYSSq089T9jFOyA/3PPZ9NhSSzEoeWMebufxXGMObi68IXH4qpmd9WItdYGL5KLanPUuPRBlVGQ2r0t0hp8O5muHspvPdVpiR7tT09270EWftJOjNss4oraDNOOkj0aZf3Z+axYdd1Xrg6K03w==
r+7fbFxtivMN50EsRpH9cKLklg29t1lrtj1ACAcocc7NkpJoYd+wwPt54bUQi39i/xo/E6ymBvnB/sU5dsBDE/zFYgSWItXjaNwFJ33sqfcBDWgoQiJhXI2Gmc7MWMvplGAzpJ41M2BLeSkgKol/kZOb95qdYWCh02D34kqYp1bDgmOsoWECbHvgAU1d5YegtNk=
WzI06PAk015nk0qbFg8+QX0pOx2/MjCr6gkJ2W9eGtCMLYKqyuX+wgMk0vKb2COw5/qJm85yC6IVq+Xv2w60Cw==
Ui4i/3bm7VLMlFLuJ/Kx02sWx7IXWwJ7z4XtWadIz262IBCa0s1ZBQeqmlwUiTIWArEervsgwu6z7GN8vx75Z0bmqw6t7zWzM3q0Bw==
DqRZwQo79w6v4AJrjrYoHFcy56IORq4fwKXA7cL/0Ek9BiaTr6aqdiQ/EkfpXX9jccKwun9Yc52q6Yl5rz4a8MzNAgoKhf7iQ8RSUlu4I5CnGgk7DhILglVLZU8bbrQr
mpoPSs3BqV2Q+U71bsxziLyrs5WPCeepieN3WOANSxsJmPiUtDtxKT3k9quGiTiDmUvRJBjQ07bD7x4fMQMTwNqyiAvKQEZLLrAXEooIB2bDssM84RFiPPuwIX2ddWdQtCk=
+IoryPq7/z5UUQDnhRNU4VLG4MBbJiHUgnJZ44QNORkVEnDK38jzLUq5yYmPLhrArB3CeqoVflKjlBKie6gjoMfKyUuugosytRslvzt+tBs=
4Y8i8vtXskOI98xkFlLmcFJx9r6GWrpp0FfJROc5t+scQLq1nKEJ+rl+Voan3PrW8znnnifFP1NJZXEdBmjds+Pf+DmKNXm0Ag==
MqSX7iazbm7rGDFszR1SPVYy56IORq4fwKXA7cL/0Ek9BiaTr6aqdiQ/EkfpXX9jccKwun9Yc52q6Yl5rz4a8MzNAgoKhf7iQ8RSUlu4I5CnGgk7DhILglVLZU8bbrQr
xBwdDKOdneVUDrMLl+lrOErq3UVjSsL9qXwWBMFZGPOZu/F02GCzJkN/vu9xU/Pw2oJoW4qw5tuuIHeiSlgnlsPC4+yhoYKseyCBDV2lB2C0GQ==
2wYU2MLrhv4Zkvka5/kByryrs5WPCeepieN3WOANSxsJm/iUtDtxKT3k9quGiTiDmUvRJBjQ07bD7x4fMQMTwNqyiAvKQEZLLrAXEooIB2bDssM84RFiPPuwIX2ddWdQtCk=
+IoryPq7/z5UUQDnhRNU4VLG4MBbJiHUgnJZ44QNORkVEnDK38jzLUq5yYmPLhrArB3CeqoVflKjlBKie6gjoMfKyUuugosytRslvzt+tBs=
4Y8i8vtXskOI98xkFlLmcFJx9r6GWrpp0FfJROc5t+scQLq1nKEJ+rl+Voan3PrW8znnnifFP1NJZXEdBmjds+Pf+DmKNXm0Ag==
DqRZwQo79w6v4AJrjrYoHFcy56IORq4fwKXA7cL/0Ek9BiaTr6aqdiQ/EkfpXX9jccKwun9Yc52q6Yl5rz4a8MzNAgoKhf7iQ8RSUlu4I5CnGgk7DhILglVLZU8bbrQr
mpoPSs3BqV2Q+U71bsxziLyrs5WPCeepieN3WOANSxsJmPiUtDtxKT3k9quGiTiDmUvRJBjQ07bD7x4fMQMTwNqyiAvKQEZLLrAXEooIB2bDssM84RFiPPuwIX2ddWdQtCk=
T66lpZ1P9y2YzkHW2vYkoxs214V2NQrYWhL+qZSflfRLYVOLuPgWJeApjXo99qoWC2ReNpfhSy77jfsTja0t7Wqw+ZMHpxQptj19tAY=
jQmd7TK2UFa79UV+cuz5iHWesbKis5dmNpCQfd0+HzLZH0JAXzbd6OijhEVbEAriEqIWKTxv3ZRTUStLYGiuxah5ZXpVJmJ2s/QGdm/RU84z/VOT5R3lzXJAwdPfN2yJfm1VtC4=
UTONGzf2l/ANoto7SYVZDdPSxrPDZnjp7ItjtmL4rJ3BFmsCzQdOQFMuydici5ilZ3heMuaaWmnwl2nEB/nX6/wAGjU84en62b72BgccmtYTeYceh4UfUyklkZ2mqP2zwx+YuWp1WbQi
+IoryPq7/z5UUQDnhRNU4VLG4MBbJiHUgnJZ44QNORkVEnDK38jzLUq5yYmPLhrArB3CeqoVflKjlBKie6gjoMfKyUuugosytRslvzt+tBs=
4Y8i8vtXskOI98xkFlLmcFJx9r6GWrpp0FfJROc5t+scQLq1nKEJ+rl+Voan3PrW8znnnifFP1NJZXEdBmjds+Pf+DmKNXm0Ag==
MqSX7iazbm7rGDFszR1SPVYy56IORq4fwKXA7cL/0Ek9BiaTr6aqdiQ/EkfpXX9jccKwun9Yc52q6Yl5rz4a8MzNAgoKhf7iQ8RSUlu4I5CnGgk7DhILglVLZU8bbrQr
T66lpZ1P9y2YzkHW2vYkoxs214V2NQrYWhL+qZSflfRLYVOLuPgWJeApjXo99qoWC2ReNpfhSy77jfsTja0t7Wqw+ZMHpxQptj19tAY=
Kt/8VOYwDhxoA3YtUOoOX2DpzUTi+WJJYM75mCxrKCX3mI5ytnpKaeC3uYRXWUdrjKDqdUzBGfqpngbGd7xqVoPZV97XpQ9TOUVBXfbIbTNzfyh5WhVptBI=
/SFPjiOjrIP6G+YJqHiYvdPSxrPDZnjp7ItjtmL4rJ3CFmsCzQdOQFMuydici5ilZ3heMuaaWmnwl2nEB/nX6/wAGjU84en62b72BgccmtYTeYceh4UfUyklkZ2mqP2zwx+YuWp1WbQi
+IoryPq7/z5UUQDnhRNU4VLG4MBbJiHUgnJZ44QNORkVEnDK38jzLUq5yYmPLhrArB3CeqoVflKjlBKie6gjoMfKyUuugosytRslvzt+tBs=
4Y8i8vtXskOI98xkFlLmcFJx9r6GWrpp0FfJROc5t+scQLq1nKEJ+rl+Voan3PrW8znnnifFP1NJZXEdBmjds+Pf+DmKNXm0Ag==
EECSWqhrdKLmd1IO7rGzvHGwgAClvh8mEb6qhyZ2PGHm25Z/tikKL6qzuYRXWUdrjKDqdUzBGfqpngbGd7xqVoPZV97XpQ9TOUVBXfbIbTNzfyh5WhVptBI=
hcDS5qXFVJwSDgVRnBf9k2aG33mUvFmaxatC0LzqOxfTNnCHxp2LGn1ZBE7QzP26/DU0shDluaanXlTEwqe01foxaVHfBhr43NUi4jr9viqTnDL6qwCjGDeCqVO+6svKBZOFZ2tWtCM=
y5SEkGwuk/uw/+jzgTk2t2f7303AvvRdOjEKNJZcAAwFbI///bxlZztspphXrpLpf2UVIPkkiKzE8DJVJPHh+tGu7uYvbKIWyynvvn81l9Oh1Sn9Dngl87svcJlyZVG0Kg==
e9u4bJQzU6KyBwTI4Ztd8Xj221r053RZIIv8mSxqYTL43N44vz4Kaef1vcBBVEBsjKDqdUzBGfqpngbGd7xqVoPZV97XpQ9TOUVBXfbIbTNzfyh5WhVptBI=
Q0ceWT2QvYSSnBgV63aKa1o47Mk0EPX6WMl1cTdoK4ACPG604H0m5cu6ezpsTv0oiAbBDT323aEdc2uBC/UcXO+jEaviMbAxe7QA
uzoDNT7wtDtEBNWD8xYStHKwgAClvh8mEb6qhyZ2PGHm25Z/tikKL6qzuYRXWUdrjKDqdUzBGfqpngbGd7xqVoPZV97XpQ9TOUVBXfbIbTNzfyh5WhVptBI=
B2uPRvMUYaKrS7wBD34bXmaG33mUvFmaxatC0LzqOxfQNnCHxp2LGn1ZBE7QzP26/DU0shDluaanXlTEwqe01foxaVHfBhr43NUi4jr9viqTnDL6qwCjGDeCqVO+6svKBZOFZ2tWtCM=
TaEWbrRDfunfFp1h+XXIe2f73E3AvvRdOjEKNJZcAAwFbI///bxlZztspphXrpLpf2UVIPkkiKzE8DJVJPHh+tGu7uYvbKIWyynvvn81l9Oh1Sn9Dngl87svcJlyZVG0Kg==
e9u4bJQzU6KyBwTI4Ztd8Xj221r053RZIIv8mSxqYTL43N44vz4Kaef1vcBBVEBsjKDqdUzBGfqpngbGd7xqVoPZV97XpQ9TOUVBXfbIbTNzfyh5WhVptBI=
Q0ceWT2QvYSSnBgV63aKa1o47Mk0EPX6WMl1cTdoK4ACPG604H0m5cu6ezpsTv0oiAbBDT323aEdc2uBC/UcXO+jEaviMbAxe7QA
E+CxDdwxW0pehGyKbBDZS9eyMxA91oq+LxIV0ur1Zimjz0pvZgvtVOMxm8vwCH4F+FmVeiUGsjbjFJb23zHjjgMdQ5P1PZWNguCxU0+XPEmuDWW0Hg==
67eFtnPkLLESmRdmmCark0u062ufJd1QyGS7MmOr9ish91tkWhbA/9p0rg+ONH+mWnwPQoMWS0gxJQo42/TJyQ2BL3S0DQ==
uIH+MdwloSZJgBArVggmuXXD/eBgeKbDQR8rnFrusBe6nP7XzuwvDvrUv/oDrvvgkY3aYBusGaHt6d8MtHU=
AFRDG98ON5xoQV+4ImtwVheWkDdynZlV59qaLPTZ8kaiAZ4eW/CCPtMcY4zfzrm35lYrvg2/9ePTCrR3
rO510UJLlIxtt3+dNfhsaBeWkDdom5lJ/9uaLPTD9Ea+GZ8eW/CCPtMcY4zfzrm35lYrvg2/9ePTCrR3
HtppBb5qRWVjtH+t4lMQ6GxlPxK+NDC28A8JxXdfGtCMN4Sq1v3/wgMk0vKb2COw5/qJm85yC6IVq+Xv2w60Cw==
JREjBhlqxWR0khfC1tD7S9eyMxA91oq+LxIV0ur1Zimjz0pvZgvtVOMxm8vwEngF5EGUeiUGqDDjCI733zHjjgMdQ5P1PZWNguCxU0+XPEmuDWW0Hg==
b37vJdSU8SE359AtDWMNdQcNP4d57mDO5+QTWZjjeTEPo5pUBLsUPk5hX2ariGJGI2Tj9C+2Wc8WLuvG/ccVmyNytA8=
XsewrNCq4fvw7ZecbO9WJQGWkCpom5lJ/9uaLPTD9Ea+GZ8eW/CCPtMcY4zfzrm35lYrvg2/9ePTCrR3
rO510UJLlIxtt3+dNfhsaBeWkDdom5lJ/9uaLPTD9Ea+GZ8eW/CCPtMcY4zfzrm35lYrvg2/9ePTCrR3
sVuH8tM3PaRHnkUCGr2QhReWkDdom5lJ/9uaLPXD9Ea+GZ8eW/CCPtMcY4zfzrm35lYrvg2/9ePTCrR3
umP+gFpWFh91OkdluBDvvGxlPxK+NDC28A8JxXdfGtCNN4Sq1v3/wgMk0vKb2COw5/qJm85yC6IVq+Xv2w60Cw==
74TzgcEzVcsybU0l2N6vwNeyMxA91oq+LxIV0ur1Zimjz0pvZgvtVOMxm8vwEngF5EGUeiUHqDDjCI733zHjjgMdQ5P1PZWNguCxU0+XPEmuDWW0Hg==
X/aOz5DKZt+vWcjP1pXpiAcNP4d57mDO5+QTWZjjeTEPo5pUBbsUPk5hX2ariGJGI2Tj9C+2Wc8WLuvG/ccVmyNytA8=
pUxOnw9kjrnMyva/W5uj5wGWkCpom5lJ/9uaLPXD9Ea+GZ8eW/CCPtMcY4zfzrm35lYrvg2/9ePTCrR3
sVuH8tM3PaRHnkUCGr2QhReWkDdom5lJ/9uaLPXD9Ea+GZ8eW/CCPtMcY4zfzrm35lYrvg2/9ePTCrR3
pUxOnw9kjrnMyva/W5uj5wGWkCpom5lJ/9uaLPXD9Ea+GZ8eW/CCPtMcY4zfzrm35lYrvg2/9ePTCrR3
sVuH8tM3PaRHnkUCGr2QhReWkDdom5lJ/9uaLPXD9Ea+GZ8eW/CCPtMcY4zfzrm35lYrvg2/9ePTCrR3
pUxOnw9kjrnMyva/W5uj5wGWkCpom5lJ/9uaLPXD9Ea+GZ8eW/CCPtMcY4zfzrm35lYrvg2/9ePTCrR3
sGZMEKAfGamTi+6HR+m9APctNglVOD0TPI8UR9ypi1QRI7M1QvbE406zandPkbNOUz1zkwVdRU3SACHT//fMCZ4tdbQO
WaModFPwbdE5lEzWQXFLLfctNglVOD0TPIsWSdypi1QRI7M1QvbE406zandPkbNOUz1zkwVdRU3SACHT//fMCZ4tdbQO
btrAhPfFr/5UFjDubLHCb+X9Hq/Nsaz9g3TBlanJ5g9A5+6b7fwtbj6ojQ1xNQWrCeFqGLfq5g4veCQvZfjcg8IoQ84lEUM6eRzQewsV2IZhieUeJXGBh/zW6oAdCl18XYC0CucPtEpHupY3L1Y7Yw3O8rsz11NRIyT1A9w3Q9pzbPIKS/Cj6NdyaaNeGks65WNFl4umtNM=
Tu4I0piSKNdv3eFMoV6AS9G70I+EsA6KxURPr7Y22NeUzQh2D/EfrTqQ13IKqEeGw9IDnGHxIhz70OHdHZUncLQJ
lcYpbShdAQ7zLgIXhljYpJtYPfnBkJTgpMbEyIDU3lWlrx72h6NMM0bMsiEd3ycl6LiXEI7J+8c6eslNHMzoiO+yA7OEUAn39EG116jB0JLz9nMXCyVje21gMaVGBO25Lxq0tefTjLuTtvDhLnNmLSHJEDYWG6U1oQbR6Zkzb0mHxQAkS4P1M14h/Lm/tMQ=
fQAveENvxO4ma6CR1KApuSld1vo8sT8wEDoMD3CO6dQUHX2Wli7e34zSDVJ/wTfc/9gnCuow1w5DWpMEAQlS1LsY0eU9jTd4tAE=
758mrlePpDUEGko4TCosgJyzTw1KpHa8NZdfPKyFLM6+mdZMJwQ87vO+ipIeRCnpyy1xpKqO52G9GRFlQwDo1E201QNUR4eDlRVfhuso4ibjROPU79bZb1bO66Y9Z5V7Y1K0Lw==
dh6cenqcMYCKNdQYc779RTHe5PvT8cM9bd3TNrhiRmGEUl4WDWXH+KO1gUJbRB/lHPVaIXV43ZNcSzZJPGnr1LFjUzUiNmRjrvMKd2/RU84z/VOT5R3lzXJAwdPfN2yJfm1VtC4=
SsuRhJ5jFeM16M40BbcHJCy9lQathGIWMZ3jiGd9LSL3zJt1uC0GYamguYNYQ1pp0KGvZFXbL7XejgDTartmV4PZV97XpQ9TOUVBXfbIbTNzfyh5WhVptBI=
fU/SxXAo7mSq882xU9HoCMkSiGRQhmA3s5FmFjWV/5iLRUkCE5S3hYRlwqHt6EUzNJv+CXRZA/TJU6s1WgacQ8bDwrcngbtuq23LE32NfS3aEAkTl0dEaUYdbbQW
Hr+KoqeGungG0e+9slTVDuAhp0FhtEEthJFmFjWV/5iLRUkCE5S3hYRlwqHt6EUzNJv+CXRZA/TJU6s1WgacQ8bDwrcngbtuq23LE32NfS3aEAkTl0dEaUYdbbQW
+3547D6CB0bQx1LyO3h1GfrAoBn2jzM/4JazGXkAHcm/smU4IR0iiWTBSwTja+I3iLmCFVUsDx/t9RxKWpuQjzSHUa1tNo2B7XNbYVs1zDx/I2FLUnFAEWu0EA==
h3XvAhxDg+jDqX+5XpvWdFA/hsxtcXzVZ+wELq8m/ij5dT8IMkEWd8W9sk7wzlX39K25JgZUt+xXu1mNX275LdMrcwJmz8zwrptH82ia6OMeEZzE6hNV15FcEKHckPFHfOFtB4DB+EIrVvun8+U7a2WACdXuhAUJVzq8pb+TNEsb1qgxxnMOffkpmEau230lqSYpWfGzx7m/pQg0k8ONg9aBpOmXtOw=
b5CvmVR+rqzNs7CXt8XdMCld1vs8sT8wEDoMD3CO6dQUHX2Wli7e34zSDVJ/wTfc/9gnCuow1w5DWpMEAQlS1LsY0eU9jTd4tAE=
t6rmTsEOhYqnZRZsjV6v78h6o6hnuKqpwATC5ywZJS9gcwSNZIgMaF03Of9P9SuViWPmKCPBMtGUWlqWFdk2+l5cY+3hPJuizhvRsF6631mTrXO0wmL+byCu7E1euVBBUPuW5KuiB8lQ+iewwGLPXQ/M22PD7zmDDGHV19mXKEQqfPNa5UUcu1VttEpgjDBzs7sHBBbtaiDHa9p5OwvGQb5Ofc5di8VVjSdj2J+5COTjZYEieikJowLnvQ6+/UCzCLFv8b5qGGtLKW++/zUX0yHVqf2OeKXzOy/wmfJl0bSq
b0x/ZiZmz7u2+xr/tDKbV06Snp7Dn5E0LaTSxDhaaqOpGpChThMggbRxt4InLN8Ht6R77As2hVCJEcGNU2WYvvKGwEfRO8pn8Xrc81RwKSJfwMB3lEkXmVRXMeNH78HReRVgLiSAQdlwrDxN7EDNnl5I91Z5rhuV+05LRAm35EveEP6A4/sTPMdf5g0i38PCCfSwY1udmL7RIcVGtTmB/wy+ChjNAp3EbagU0vfHNLI3UvYvf957W71m0uOjn1Mp00wVmww/g2JDRFLSWzgjEKeaCbsOkgsCVctlzxvutKs=
yaCKvjimUDkIbnU31HgbLv3gzraD0paY4cp1QPCS2PdmnJlFITn0ovODfCe1+rZS/UrHdXkvo3UIbkDPrPhBfzO3ZXw3N2jPcLrHMGCir10vjDDmZC9ZgywhNVd5V0hEyjxT2oWFPLu1LRTKAEwQc1P7p4R2LUogJyt6+VvL5kGejh1O/cslVa3nA1g/+ejkw6Xhotpp6aMiJ92OHr2gs2hxz3FeKjhrK+nPPh91N9JBFQl9bjiF81vvUBkSJfG0ig==
UU+iiUasaDNA+UMmkO5fx51V23Bq2Cejqn0Lnd7i/B2+f5H78Tth1Bw77frLsBL6att163BontnCk0B10ATEL/BjZEOWZTuR0ZF7l//XXbwGN5ukg1D4HT9cxaPHzwh12c0z1cHXdQd4MADqcS9M7nSCLBWzOLLzjuj9JIsDZ6zjKr1NJA2Swibeh9HjCrtd7gM2xeMkJYaInZ/XyGgNg63oQYMBeYAskoZp6C2y0WrcnKMd1JRbYA4Re9RrTaEE+g2X5RPvHx5NReiV89S/xtpcz6KCdgtoscVKWNtUCemN4W/UtK0=
B0G4s88RrEDG32MyU2qGSJ1V23Bq2Cejqn0Lnd7i/B2+f5H78Tth1Bw77frLsBL6att163BontnFkUB10ATEL/BjZUOWZTuR0ZF7l//XXbwGN5ukg1D4HT9cxaPHzwh12c0z1cHXdQd4MADqcS9M7nSCLBWzOLLzjuj9JIsDZ6zjKr1NJA2Swibeh9HjCrtd7gM2xeMkJYaInZ/XyGgNg63oQYMBeYAskoZp6C2y0WrcnKMd1JRbYA4Re9RrTaEE+g2X5RPvHx5NReiV89S/xtpcz6KCdgtoscVKWNtUCemN4W/UtK0=
y6nLfXXQppin2uRxmCQzHJ1V23Bq2Cejqn0Lnd7i/B2+f5H78Tth1Bw77frLsBL6att163BontnCk0B10ATEL/BjakOWZTuR0ZF7l//XXbwGN5ukg1D4HT9cxaPHzwh12c0z1cHXdQd4MADqcS9M7nSCLBWzOLLzjuj9JIsDZ6zjKr1NJA2Swibeh9HjCrtd7gM2xeMkJYaInZ/XyGgNg63oQYMBeYAskoZp6C2y0WrcnKMd1JRbYA4Re9RrTaEE+g2X5RPvHx5NReiV89S/xtpcz6KCdgtoscVKWNtUCemN4W/UtK0=
gZy9wu6P7fnH30TMLuMHgp1V23Bq2Cejqn0Lnd7i/B2+f5H78Tth1Bw77frLsBL6att163BontnFkUB10ATEL/Bja0OWZTuR0ZF7l//XXbwGN5ukg1D4HT9cxaPHzwh12c0z1cHXdQd4MADqcS9M7nSCLBWzOLLzjuj9JIsDZ6zjKr1NJA2Swibeh9HjCrtd7gM2xeMkJYaInZ/XyGgNg63oQYMBeYAskoZp6C2y0WrcnKMd1JRbYA4Re9RrTaEE+g2X5RPvHx5NReiV89S/xtpcz6KCdgtoscVKWNtUCemN4W/UtK0=
RXZ0WmB856fIX/SYhOJ4AJ1V23Bq2Cejqn0Lnd7i/B2+f5H78Tth1Bw77frLsBL6att163BontnCk0B10ATEL/BjaEOWZTuR0ZF7l//XXbwGN5ukg1D4HT9cxaPHzwh12c0z1cHXdQd4MADqcS9M7nSCLBWzOLLzjuj9JIsDZ6zjKr1NJA2Swibeh9HjCrtd7gM2xeMkJYaInZ/XyGgNg63oQYMBeYAskoZp6C2y0WrcnKMd1JRbYA4Re9RrTaEE+g2X5RPvHx5NReiV89S/xtpcz6KCdgtoscVKWNtUCemN4W/UtK0=
4MW+TqXawEfcMogJRsU4O51V23Bq2Cejqn0Lnd7i/B2+f5H78Tth1Bw77frLsBL6att163BontnFkUB10ATEL/BjaUOWZTuR0ZF7l//XXbwGN5ukg1D4HT9cxaPHzwh12c0z1cHXdQd4MADqcS9M7nSCLBWzOLLzjuj9JIsDZ6zjKr1NJA2Swibeh9HjCrtd7gM2xeMkJYaInZ/XyGgNg63oQYMBeYAskoZp6C2y0WrcnKMd1JRbYA4Re9RrTaEE+g2X5RPvHx5NReiV89S/xtpcz6KCdgtoscVKWNtUCemN4W/UtK0=
569+gqGwG0TMAVFYRi2HwJ1V23Bq2Cejqn0Lnd7i/B2+f5H78Tth1Bw77frLsBL6att163BontnCk0B10ATEL/BjbkOWZTuR0ZF7l//XXbwGN5ukg1D4HT9cxaPHzwh12c0z1cHXdQd4MADqcS9M7nSCLBWzOLLzjuj9JIsDZ6zjKr1NJA2Swibeh9HjCrtd7gM2xeMkJYaInZ/XyGgNg63oQYMBeYAskoZp6C2y0WrcnKMd1JRbYA4Re9RrTaEE+g2X5RPvHx5NReiV89S/xtpcz6KCdgtoscVKWNtUCemN4W/UtK0=
RY1slQA4kZ/lUdnF2/HGk51V23Bq2Cejqn0Lnd7i/B2+f5H78Tth1Bw77frLsBL6att163BontnFkUB10ATEL/Bjb0OWZTuR0ZF7l//XXbwGN5ukg1D4HT9cxaPHzwh12c0z1cHXdQd4MADqcS9M7nSCLBWzOLLzjuj9JIsDZ6zjKr1NJA2Swibeh9HjCrtd7gM2xeMkJYaInZ/XyGgNg63oQYMBeYAskoZp6C2y0WrcnKMd1JRbYA4Re9RrTaEE+g2X5RPvHx5NReiV89S/xtpcz6KCdgtoscVKWNtUCemN4W/UtK0=
cUMGQ2R+jaAK2odejb/DHp1V23Bq2Cejqn0Lnd7i/B2+f5H78Tth1Bw77frLsBL6att163BontnCk0B10ATEL/BjbEOWZTuR0ZF7l//XXbwGN5ukg1D4HT9cxaPHzwh12c0z1cHXdQd4MADqcS9M7nSCLBWzOLLzjuj9JIsDZ6zjKr1NJA2Swibeh9HjCrtd7gM2xeMkJYaInZ/XyGgNg63oQYMBeYAskoZp6C2y0WrcnKMd1JRbYA4Re9RrTaEE+g2X5RPvHx5NReiV89S/xtpcz6KCdgtoscVKWNtUCemN4W/UtK0=
SC8EaWuIilh5tGXH2NUDhJ1V23Bq2Cejqn0Lnd7i/B2+f5H78Tth1Bw77frLsBL6att163BontnFkUB10ATEL/BjbUOWZTuR0ZF7l//XXbwGN5ukg1D4HT9cxaPHzwh12c0z1cHXdQd4MADqcS9M7nSCLBWzOLLzjuj9JIsDZ6zjKr1NJA2Swibeh9HjCrtd7gM2xeMkJYaInZ/XyGgNg63oQYMBeYAskoZp6C2y0WrcnKMd1JRbYA4Re9RrTaEE+g2X5RPvHx5NReiV89S/xtpcz6KCdgtoscVKWNtUCemN4W/UtK0=
OwrPbYAusbZ+W6WlCyi37p1V23Bq2Cejqn0Lnd7i/B2+f5H78Tth1Bw77frLsBL6att163BontnCk0B10ATEL/BjZEKWZTuR0ZF7l//XXbwGN5ukg1D4HT9cxaPHzwh12c0z1cHXdQd4MADqcS9M7nSCLBWzOLLzjuj9JIsDZ6zjKr1NJA2Swibeh9HjCrtd7gM2xeMkJYaInZ/XyGgNg63oQYMBeYAskoZp6C2y0WrcnKMd1JRbYA4Re9RrTaEE+g2X5RPvHx5NReiV89S/xtpcz6KCdgtoscVKWNtUCemN4W/UtK0=
ZqC1pqOAZe3sAkJucgjwc51V23Bq2Cejqn0Lnd7i/B2+f5H78Tth1Bw77frLsBL6att163BontnFkUB10ATEL/BjZUKWZTuR0ZF7l//XXbwGN5ukg1D4HT9cxaPHzwh12c0z1cHXdQd4MADqcS9M7nSCLBWzOLLzjuj9JIsDZ6zjKr1NJA2Swibeh9HjCrtd7gM2xeMkJYaInZ/XyGgNg63oQYMBeYAskoZp6C2y0WrcnKMd1JRbYA4Re9RrTaEE+g2X5RPvHx5NReiV89S/xtpcz6KCdgtoscVKWNtUCemN4W/UtK0=
Gg8GdqU0fZ3MMw+LWApVA51V23Bq2Cejqn0Lnd7i/B2+f5H78Tth1Bw77frLsBL6att163BontnCk0B10ATEL/BjakKWZTuR0ZF7l//XXbwGN5ukg1D4HT9cxaPHzwh12c0z1cHXdQd4MADqcS9M7nSCLBWzOLLzjuj9JIsDZ6zjKr1NJA2Swibeh9HjCrtd7gM2xeMkJYaInZ/XyGgNg63oQYMBeYAskoZp6C2y0WrcnKMd1JRbYA4Re9RrTaEE+g2X5RPvHx5NReiV89S/xtpcz6KCdgtoscVKWNtUCemN4W/UtK0=
ApASZogTxgLVSra2C9jeWJ1V23Bq2Cejqn0Lnd7i/B2+f5H78Tth1Bw77frLsBL6att163BontnFkUB10ATEL/Bja0KWZTuR0ZF7l//XXbwGN5ukg1D4HT9cxaPHzwh12c0z1cHXdQd4MADqcS9M7nSCLBWzOLLzjuj9JIsDZ6zjKr1NJA2Swibeh9HjCrtd7gM2xeMkJYaInZ/XyGgNg63oQYMBeYAskoZp6C2y0WrcnKMd1JRbYA4Re9RrTaEE+g2X5RPvHx5NReiV89S/xtpcz6KCdgtoscVKWNtUCemN4W/UtK0=
X759+cUgGhG7FafrkO9kQZ1V23Bq2Cejqn0Lnd7i/B2+f5H78Tth1Bw77frLsBL6att163BontnCk0B10ATEL/BjaEKWZTuR0ZF7l//XXbwGN5ukg1D4HT9cxaPHzwh12c0z1cHXdQd4MADqcS9M7nSCLBWzOLLzjuj9JIsDZ6zjKr1NJA2Swibeh9HjCrtd7gM2xeMkJYaInZ/XyGgNg63oQYMBeYAskoZp6C2y0WrcnKMd1JRbYA4Re9RrTaEE+g2X5RPvHx5NReiV89S/xtpcz6KCdgtoscVKWNtUCemN4W/UtK0=
MOaXQSGVAY3Vwaz8GJ0yHJ1V23Bq2Cejqn0Lnd7i/B2+f5H78Tth1Bw77frLsBL6att163BontnFkUB10ATEL/BjaUKWZTuR0ZF7l//XXbwGN5ukg1D4HT9cxaPHzwh12c0z1cHXdQd4MADqcS9M7nSCLBWzOLLzjuj9JIsDZ6zjKr1NJA2Swibeh9HjCrtd7gM2xeMkJYaInZ/XyGgNg63oQYMBeYAskoZp6C2y0WrcnKMd1JRbYA4Re9RrTaEE+g2X5RPvHx5NReiV89S/xtpcz6KCdgtoscVKWNtUCemN4W/UtK0=
4q08auJ2FyQ4pzpQ07DI2p1V23Bq2Cejqn0Lnd7i/B2+f5H78Tth1Bw77frLsBL6att163BontnCk0B10ATEL/BjbkKWZTuR0ZF7l//XXbwGN5ukg1D4HT9cxaPHzwh12c0z1cHXdQd4MADqcS9M7nSCLBWzOLLzjuj9JIsDZ6zjKr1NJA2Swibeh9HjCrtd7gM2xeMkJYaInZ/XyGgNg63oQYMBeYAskoZp6C2y0WrcnKMd1JRbYA4Re9RrTaEE+g2X5RPvHx5NReiV89S/xtpcz6KCdgtoscVKWNtUCemN4W/UtK0=
vhTmQaMH0CQTiGNV4n/1xp1V23Bq2Cejqn0Lnd7i/B2+f5H78Tth1Bw77frLsBL6att163BontnFkUB10ATEL/Bjb0KWZTuR0ZF7l//XXbwGN5ukg1D4HT9cxaPHzwh12c0z1cHXdQd4MADqcS9M7nSCLBWzOLLzjuj9JIsDZ6zjKr1NJA2Swibeh9HjCrtd7gM2xeMkJYaInZ/XyGgNg63oQYMBeYAskoZp6C2y0WrcnKMd1JRbYA4Re9RrTaEE+g2X5RPvHx5NReiV89S/xtpcz6KCdgtoscVKWNtUCemN4W/UtK0=
N6BkNPeenZQ1A6/94WM3DZ1V23Bq2Cejqn0Lnd7i/B2+f5H78Tth1Bw77frLsBL6att163BontnCk0B10ATEL/BjbEKWZTuR0ZF7l//XXbwGN5ukg1D4HT9cxaPHzwh12c0z1cHXdQd4MADqcS9M7nSCLBWzOLLzjuj9JIsDZ6zjKr1NJA2Swibeh9HjCrtd7gM2xeMkJYaInZ/XyGgNg63oQYMBeYAskoZp6C2y0WrcnKMd1JRbYA4Re9RrTaEE+g2X5RPvHx5NReiV89S/xtpcz6KCdgtoscVKWNtUCemN4W/UtK0=
wfI2q6mkRKGcEEOnYQDihp1V23Bq2Cejqn0Lnd7i/B2+f5H78Tth1Bw77frLsBL6att163BontnFkUB10ATEL/BjbUKWZTuR0ZF7l//XXbwGN5ukg1D4HT9cxaPHzwh12c0z1cHXdQd4MADqcS9M7nSCLBWzOLLzjuj9JIsDZ6zjKr1NJA2Swibeh9HjCrtd7gM2xeMkJYaInZ/XyGgNg63oQYMBeYAskoZp6C2y0WrcnKMd1JRbYA4Re9RrTaEE+g2X5RPvHx5NReiV89S/xtpcz6KCdgtoscVKWNtUCemN4W/UtK0=
owwh+G7aKaoAMDqv5Z7gvFOs+N9hxj0QH651Soy0pjmNPA3vs5Eh7PNZA6fPO3wdKHFancojp7ywZFadM7pMfnckM65NnAh16vUxWK/C6qFmRqNnnyvUxha3rumXtS2tMzWG7SLtbDYB34N2TwD9fydTsOmpkQvJwctNWwisuHaR83SyBJ8Axm3kCmb/tEX4ax9fsJN2BdGkkSqeVsK/zQPWAwGen44ZI/gdmvjBpwso9LUf3bR5nwFluHDiGtF0zW7pNqyAm8EUSOP8fk3DCItRmRiKUS95k3OnQj1Z0IkTCAeaqsB3fkKqM3TBmXKEO8ixdf29V8i0sQ==
rmLMNF/wG6Cvht5DhGBpIJ1V23Bq2Cejqn0Lnd7i/B2+f5H78Tth1Bw77frLsBL6att163BontnFkUB10ATEL/BjZE2WZTuR0ZF7l//XXbwGN5ukg1D4HT9cxaPHzwh12c0z1cHXdQd4MADqcS9M7nSCLBWzOLLzjuj9JIsDZ6zjKr1NJA2Swibeh9HjCrtd7gM2xeMkJYaInZ/XyGgNg63oQYMBeYAskoZp6C2y0WrcnKMd1JRbYA4Re9RrTaEE+g2X5RPvHx5NReiV89S/xtpcz6KCdgtoscVKWNtUCemN4W/UtK0=
25/RRTFw4x544ihqKse/FqJhi8Z8dje0YUtkJ7+jWhuH5sXFKF4Szvm18eA8OsEBDHQ/1RTwGaXWuaZuM/uXupBNXIJpdvMTNaJPxoDP1Cmd9+Zqqn6Q+rWxPnGpeyWTdD9qah5lPK1aQVrv9MxZZk2Z+h6VOEL2Jf1lmBmr8YsTkwZlp/87Q2IEYKgR8pfBliv/CQaCothaU1mvBQwkCUBwja8o0VmfTME02h9mr0+PBafDUdCdreLEiTFD6shNozOIY8+mXCkK80JljdnMbhJ7YU1ddj1hfXLLQSt1PJwPo3HrArGQcdu0oA==
owwh+G7aKaoAMDqv5Z7gvFOs+N9hxj0QH651Soy0pjmNPA3vs5Eh7PNZA6fPO3wdKHFancojp7ywZFadM7pMfnckM65NnAh16vUxWK/C6qFmRqNnnyvUxha3rumXtS2tMzWG7SLtbDYB34N2TwD9fydTsOmpkQvJwctNWwisuHaR83SyBJ8Axm3kCmb/tEX4ax9fsJN2BdGkkSqeVsK/zQPWAwGen44ZI/gdmvjBpwso9LUf3bR5nwFluHDiGtF0zW7pNqyAm8EUSOP8fk3DCItRmRiKUS95k3OnQj1Z0IkTCAeaqsB3fkKqM3TBmXKEO8ixdf29V8i0sQ==
25/RRTFw4x544ihqKse/FqJhi8Z8dje0YUtkJ7+jWhuH5sXFKF4Szvm18eA8OsEBDHQ/1RTwGaXWuaZuM/uXupBNXIJpdvMTNaJPxoDP1Cmd9+Zqqn6Q+rWxPnGpeyWTdD9qah5lPK1aQVrv9MxZZk2Z+h6VOEL2Jf1lmBmr8YsTkwZlp/87Q2IEYKgR8pfBliv/CQaCothaU1mvBQwkCUBwja8o0VmfTME02h9mr0+PBafDUdCdreLEiTFD6shNozOIY8+mXCkK80JljdnMbhJ7YU1ddj1hfXLLQSt1PJwPo3HrArGQcdu0oA==
owwh+G7aKaoAMDqv5Z7gvFOs+N9hxj0QH651Soy0pjmNPA3vs5Eh7PNZA6fPO3wdKHFancojp7ywZFadM7pMfnckM65NnAh16vUxWK/C6qFmRqNnnyvUxha3rumXtS2tMzWG7SLtbDYB34N2TwD9fydTsOmpkQvJwctNWwisuHaR83SyBJ8Axm3kCmb/tEX4ax9fsJN2BdGkkSqeVsK/zQPWAwGen44ZI/gdmvjBpwso9LUf3bR5nwFluHDiGtF0zW7pNqyAm8EUSOP8fk3DCItRmRiKUS95k3OnQj1Z0IkTCAeaqsB3fkKqM3TBmXKEO8ixdf29V8i0sQ==
25/RRTFw4x544ihqKse/FqJhi8Z8dje0YUtkJ7+jWhuH5sXFKF4Szvm18eA8OsEBDHQ/1RTwGaXWuaZuM/uXupBNXIJpdvMTNaJPxoDP1Cmd9+Zqqn6Q+rWxPnGpeyWTdD9qah5lPK1aQVrv9MxZZk2Z+h6VOEL2Jf1lmBmr8YsTkwZlp/87Q2IEYKgR8pfBliv/CQaCothaU1mvBQwkCUBwja8o0VmfTME02h9mr0+PBafDUdCdreLEiTFD6shNozOIY8+mXCkK80JljdnMbhJ7YU1ddj1hfXLLQSt1PJwPo3HrArGQcdu0oA==
owwh+G7aKaoAMDqv5Z7gvFOs+N9hxj0QH651Soy0pjmNPA3vs5Eh7PNZA6fPO3wdKHFancojp7ywZFadM7pMfnckM65NnAh16vUxWK/C6qFmRqNnnyvUxha3rumXtS2tMzWG7SLtbDYB34N2TwD9fydTsOmpkQvJwctNWwisuHaR83SyBJ8Axm3kCmb/tEX4ax9fsJN2BdGkkSqeVsK/zQPWAwGen44ZI/gdmvjBpwso9LUf3bR5nwFluHDiGtF0zW7pNqyAm8EUSOP8fk3DCItRmRiKUS95k3OnQj1Z0IkTCAeaqsB3fkKqM3TBmXKEO8ixdf29V8i0sQ==
25/RRTFw4x544ihqKse/FqJhi8Z8dje0YUtkJ7+jWhuH5sXFKF4Szvm18eA8OsEBDHQ/1RTwGaXWuaZuM/uXupBNXIJpdvMTNaJPxoDP1Cmd9+Zqqn6Q+rWxPnGpeyWTdD9qah5lPK1aQVrv9MxZZk2Z+h6VOEL2Jf1lmBmr8YsTkwZlp/87Q2IEYKgR8pfBliv/CQaCothaU1mvBQwkCUBwja8o0VmfTME02h9mr0+PBafDUdCdreLEiTFD6shNozOIY8+mXCkK80JljdnMbhJ7YU1ddj1hfXLLQSt1PJwPo3HrArGQcdu0oA==
jsSu1fGD7JRz3xSKe7Jdl8XSv8VuqDuJe64HyrCl1qvIBgA9U3j/N341kUrzk7UpRQXYMRdEVtwdkNhFYkNk8pJrCbKoWt/OJLZmp0x9BYSIPi/JJ1ezhhXPBbbKVhbkNZA7qbqO7Jrnv60NEpmMeeSFHqQh5vXM7s27IDJIfqMfrP0pNsOQQSgTx7fRqlwa09iklezOaLPOD6ca7A546t1YFCotnnK98T2K9bSKwWc7Db/SIGJhOx+ES6IMv5V0XpbQY/UV1zGUODOuLGbQJdVRCsnAtge+e8W3KiQS4dxMFBB15v5QCNWnPFYSeJ3ko/ww5F8RXXHvPllnP3bLWcwfWroPBXP1uI5Qj1xYEX9jF5U8J9fYT6Cat/Dx1pBDXyyiqVfPCQPcASWXyTeYRJrc45qVpUw7ZU0kCpDs4HNjGzfEhg0aoJdLajkrazZBTi5tju2rldX9x/MYrxnY5DMFcWLqCTkjUgfNzq5d8LO4EX+xTgrI63sJ/36P1UfScXWZvR4YVXPrD0BZ4oWhtNo=
RWsLNOCnSwJPPhxdxqHByKo9pxtdZByKd1Un1BDgcbTR2HUl0bpsHig+kegBjXiN/gxHNmuiUFSyGYV/h54pjjRNl6wLWlGTf66WGWSRawU7RkRN9OCdVgkIbvhtospT4IV0gApELTsAZyJ6zTqh+38vGYEvsVDwWK6Eow98/AseDZPKViINV627WdUB8LvYrF8a1tKrgd3Qk5vjbcAmNfiruqgCK+7sUDnFrI9dGR0sosee51BmsRz6s5IGzD51KSaEyyxPB1S7POkpakTi5aATZZAbRR0xaDzWFueQ1j0k8sx5Du9x5/BbMMhVK3p7Hr4ERtYfkA4vhrkifB47hqA46ZllBR7u69htxRznA9Xekv/mnRqolkmj5w14UEyooMOTqvYd7RaBwvsBM3L74BF7ZL+2jK6EW1czaE8jFmn60wN2ISggpyNx+KqZnfViLXWBi+Si2pz1Lj0QZVRkNq9LdIafDuZrh7Kbz3VaYke7U9Pdu9BFn7STozbLOKK2gzTipI9GmX92fmsWHXdV64OitN8=
JUxP5RfBHRKEzblSLPXyw2ZpaBfsBcG4zYVQDfrp72tqhC5X3WDx56BO+mJFJeTYQNPebmLLLoegeVQ45Rsae2SBZLdf5Xgmn3jEWTI353mHNwENGOakp68wMv0C2ASycH8KEbMEPlJpETFb1bbTY5MubJoghAOcHfHsImoqgfN7FRT1urlS6Zg896qT/Ojh7XiUxMjDqWDbMSDvVvFOn1Fvl8ZqGuW04k16Qg4DCCOxAsrCzopr1LJye7J0jZdxXG0y5nenDWG5yvYuB4uZKB36KrOjFGhadvtjuREB8jQldmoKZqVjPUwR1rphjr1pIbKC3te8ehg2LbBS1riz6+pOFBSrJBWQtnyJXTtB6RIPP5n6fTl603yiGSm1Rd4CxlcaNCd/VXvT5LFbvv9mtqHo1xomI+mgBPEB4w8zuk3zD09bLoSssOWCQ+kqi+PhclK24NYTVdeRXBCh3JDxR3zhbQeAwfhCK1b7p/PlO2tlgAnV7oQFCVc6vKW/kzRLG9aoMcZzDn35KZhGrtt9JakmKVnxsse5v6UINJPDjYPWgaTpl7Ts
kAWd7SoP79anyIpkVXDpYo3I6O7gGZlDZugHn4ERMjTg4w+2zFvrfmwypnGq1cgIS9EosKqt5sBtPIGV6Xz4omixNUcUtYeXkDMsOOZd5S4PMuNSv+m2+2kSfOk3exDD9DW7SVNyRHGMpG36gZyOJDXG2l/I8bR8ssCd18gzAmbVHvE3l5uZPdd1INxQuuT/15hsh7b507ZuJj075W/5SZlUa5TEaxrqqu9xcVgHez81pDY50N96VLqvXgCYbeWwl3lJ0cQWRyIflBadFO7Tzt4orvmB0sS3FEs3OPPoSbXy4DKpyCdlrGMB7Z3gqDbKv/TGMQyGDIW2a8ELOA8Q1E0PKrf2CoT6LtvgIieS2X6k+qsKCMyp5V0BLoKjDM1ZhEPTmbam/9rlXlg6wTcH0SA0XKSIt1NWTpld+kmW2x0rVqss+c/kA05I3qhTQ1M0l8eG5VInQwoZLBDLa6VYNgE5JS5FQYG3nOYqMH263cw9MHQ6hz+0eieKVodP5rvTbX4yi1PnU2FDFDWzvIfDahPcMjorwKLYt0KpEz6qy4qF04Wn65a04w==
kAWd7SoP79anyIpkVXDpYo3I6O7gGZlDZugHn4ERMjTg4w+2zFvrfmwypnGq1cgIS9EosKqt5sBtPIGV6Xz4omixNUcUtYeXkDMsOOZd5S4PMuNSv+m2+2kSfOk3exDD9DW7SVNyRHGMpG36gZyOJDXG2l/I8bR8ssCd18gzAmbVHvE3l5uZPdd1INxQuuT/15hsh7b507ZuJj075W/5SZlUa5TEaxrqqu9xcVgHez81pDY50N96VLqvXgCYbeWwl3lJ0cQWRyIflBadFO7Tzt4orvmB0sS3FEs3OPPoSbXy4DKpyCdlrGMB7Z3gqDbKv/TGMQyGDIW2a8ELOA8Q1E0PKrf2CoT6LtvgIieS2X6k+qsKCMyp5V0BLoKjDM1ZhEPTmbam/9rlXlg6wTcH0SA0XKSIt1NWTpld+kmW2x0rVqss+c/kA05I3qhTQ1M0l8eG5VInQwoZLBDLa6VYNgE5JS5FQYG3nOYqMH263cw9MHQ6hz+0eieKVodP5rvTbX4yi1PnU2FDFDWzvIfDahPcMjorwKLYt0KpEz6qy4qF04Wn65a04w==
sTGDJowWa/tOR5eLtxvdRLJjNC3i6qW5sIy7MbZHSRotcOwfdD6peaA8PmnXj6ms+pYEQqGsVKII/SH/Dmh2DJjnK8IbqieLMBTjM6LnFQAPhh2TA5Fr5d7jpfPEx2AGNSRF1r7CCbTSUdzrVKr+gmVprJmS4EmMWVkjYdlL+5c4wlSwlNkrqiRJYqNzIOKkhcVBBSmPxQaDurBRGtzGzakvHM3LWYlWvrdERRoCdm0mPnxH9baLa2E/8GyH1LP2jgOQZCNooppmt9UI5KEYSQ9G1wIZ8y4yWgc8neUaj6O1QyTiBiyDhs4/GJzsU/opObVcpYBS0Z2C2ULwxIwCOfg8I5ipWFjI48Tclglz0YOWfAdmHZ/YETu3wpz/7Il8gGSF/be3nMbUKhwtMwCCWyXErbzLGzdEg8LNtST14ipGNtfJo5LrdU6rBv1jHBUuKLVPTwhw3etNgLH7AQFwRHLuufDtKgFCfDSTJVSsa8iuOStMK1Xx7Jrl5x0TF2/2La24jbNM7+569P+aAk47wBHtmsAbTNmBbYmfrLTV
owwh+G7aKaoAMDqv5Z7gvFOs+N9hxj0QH651Soy0pjmNPA3vs5Eh7PNZA6fPO3wdKHFancojp7ywZFadM7pMfnckM65NnAh16vUxWK/C6qFmRqNnnyvUxha3rumXtS2tMzWG7SLtbDYB34N2TwD9fydTsOmpkQvJwctNWwisuHaR83SyBJ8Axm3kCmb/tEX4ax9fsJN2BdGkkSqeVsK/zQPWAwGen44ZI/gdmvjBpwso9LUf3bR5nwFluHDiGtF0zW7pNqyAm8EUSOP8fk3DCItRmRiKUS95k3OnQj1Z0IkTCAeaqsB3fkKqM3TBmXKEO8ixdf29V8i0sQ==
25/RRTFw4x544ihqKse/FqJhi8Z8dje0YUtkJ7+jWhuH5sXFKF4Szvm18eA8OsEBDHQ/1RTwGaXWuaZuM/uXupBNXIJpdvMTNaJPxoDP1Cmd9+Zqqn6Q+rWxPnGpeyWTdD9qah5lPK1aQVrv9MxZZk2Z+h6VOEL2Jf1lmBmr8YsTkwZlp/87Q2IEYKgR8pfBliv/CQaCothaU1mvBQwkCUBwja8o0VmfTME02h9mr0+PBafDUdCdreLEiTFD6shNozOIY8+mXCkK80JljdnMbhJ7YU1ddj1hfXLLQSt1PJwPo3HrArGQcdu0oA==
owwh+G7aKaoAMDqv5Z7gvFOs+N9hxj0QH651Soy0pjmNPA3vs5Eh7PNZA6fPO3wdKHFancojp7ywZFadM7pMfnckM65NnAh16vUxWK/C6qFmRqNnnyvUxha3rumXtS2tMzWG7SLtbDYB34N2TwD9fydTsOmpkQvJwctNWwisuHaR83SyBJ8Axm3kCmb/tEX4ax9fsJN2BdGkkSqeVsK/zQPWAwGen44ZI/gdmvjBpwso9LUf3bR5nwFluHDiGtF0zW7pNqyAm8EUSOP8fk3DCItRmRiKUS95k3OnQj1Z0IkTCAeaqsB3fkKqM3TBmXKEO8ixdf29V8i0sQ==
25/RRTFw4x544ihqKse/FqJhi8Z8dje0YUtkJ7+jWhuH5sXFKF4Szvm18eA8OsEBDHQ/1RTwGaXWuaZuM/uXupBNXIJpdvMTNaJPxoDP1Cmd9+Zqqn6Q+rWxPnGpeyWTdD9qah5lPK1aQVrv9MxZZk2Z+h6VOEL2Jf1lmBmr8YsTkwZlp/87Q2IEYKgR8pfBliv/CQaCothaU1mvBQwkCUBwja8o0VmfTME02h9mr0+PBafDUdCdreLEiTFD6shNozOIY8+mXCkK80JljdnMbhJ7YU1ddj1hfXLLQSt1PJwPo3HrArGQcdu0oA==
owwh+G7aKaoAMDqv5Z7gvFOs+N9hxj0QH651Soy0pjmNPA3vs5Eh7PNZA6fPO3wdKHFancojp7ywZFadM7pMfnckM65NnAh16vUxWK/C6qFmRqNnnyvUxha3rumXtS2tMzWG7SLtbDYB34N2TwD9fydTsOmpkQvJwctNWwisuHaR83SyBJ8Axm3kCmb/tEX4ax9fsJN2BdGkkSqeVsK/zQPWAwGen44ZI/gdmvjBpwso9LUf3bR5nwFluHDiGtF0zW7pNqyAm8EUSOP8fk3DCItRmRiKUS95k3OnQj1Z0IkTCAeaqsB3fkKqM3TBmXKEO8ixdf29V8i0sQ==
25/RRTFw4x544ihqKse/FqJhi8Z8dje0YUtkJ7+jWhuH5sXFKF4Szvm18eA8OsEBDHQ/1RTwGaXWuaZuM/uXupBNXIJpdvMTNaJPxoDP1Cmd9+Zqqn6Q+rWxPnGpeyWTdD9qah5lPK1aQVrv9MxZZk2Z+h6VOEL2Jf1lmBmr8YsTkwZlp/87Q2IEYKgR8pfBliv/CQaCothaU1mvBQwkCUBwja8o0VmfTME02h9mr0+PBafDUdCdreLEiTFD6shNozOIY8+mXCkK80JljdnMbhJ7YU1ddj1hfXLLQSt1PJwPo3HrArGQcdu0oA==
owwh+G7aKaoAMDqv5Z7gvFOs+N9hxj0QH651Soy0pjmNPA3vs5Eh7PNZA6fPO3wdKHFancojp7ywZFadM7pMfnckM65NnAh16vUxWK/C6qFmRqNnnyvUxha3rumXtS2tMzWG7SLtbDYB34N2TwD9fydTsOmpkQvJwctNWwisuHaR83SyBJ8Axm3kCmb/tEX4ax9fsJN2BdGkkSqeVsK/zQPWAwGen44ZI/gdmvjBpwso9LUf3bR5nwFluHDiGtF0zW7pNqyAm8EUSOP8fk3DCItRmRiKUS95k3OnQj1Z0IkTCAeaqsB3fkKqM3TBmXKEO8ixdf29V8i0sQ==
25/RRTFw4x544ihqKse/FqJhi8Z8dje0YUtkJ7+jWhuH5sXFKF4Szvm18eA8OsEBDHQ/1RTwGaXWuaZuM/uXupBNXIJpdvMTNaJPxoDP1Cmd9+Zqqn6Q+rWxPnGpeyWTdD9qah5lPK1aQVrv9MxZZk2Z+h6VOEL2Jf1lmBmr8YsTkwZlp/87Q2IEYKgR8pfBliv/CQaCothaU1mvBQwkCUBwja8o0VmfTME02h9mr0+PBafDUdCdreLEiTFD6shNozOIY8+mXCkK80JljdnMbhJ7YU1ddj1hfXLLQSt1PJwPo3HrArGQcdu0oA==
owwh+G7aKaoAMDqv5Z7gvFOs+N9hxj0QH651Soy0pjmNPA3vs5Eh7PNZA6fPO3wdKHFancojp7ywZFadM7pMfnckM65NnAh16vUxWK/C6qFmRqNnnyvUxha3rumXtS2tMzWG7SLtbDYB34N2TwD9fydTsOmpkQvJwctNWwisuHaR83SyBJ8Axm3kCmb/tEX4ax9fsJN2BdGkkSqeVsK/zQPWAwGen44ZI/gdmvjBpwso9LUf3bR5nwFluHDiGtF0zW7pNqyAm8EUSOP8fk3DCItRmRiKUS95k3OnQj1Z0IkTCAeaqsB3fkKqM3TBmXKEO8ixdf29V8i0sQ==
25/RRTFw4x544ihqKse/FqJhi8Z8dje0YUtkJ7+jWhuH5sXFKF4Szvm18eA8OsEBDHQ/1RTwGaXWuaZuM/uXupBNXIJpdvMTNaJPxoDP1Cmd9+Zqqn6Q+rWxPnGpeyWTdD9qah5lPK1aQVrv9MxZZk2Z+h6VOEL2Jf1lmBmr8YsTkwZlp/87Q2IEYKgR8pfBliv/CQaCothaU1mvBQwkCUBwja8o0VmfTME02h9mr0+PBafDUdCdreLEiTFD6shNozOIY8+mXCkK80JljdnMbhJ7YU1ddj1hfXLLQSt1PJwPo3HrArGQcdu0oA==
N6QSuWdMGYbu8muQbz8S3gcI5cWLNUm08gTR3Ou9vXfJlc+ptYF27ec5OFJdR8VjHNCbbxYM2fmFipXu34rlgZ+1hfWKkthUgMcoUZf3DvCP97ac8KWqTMn1xYrpBfDL1odx7Q22bUHNfj8h+rVsfB8jQYvy8SBRS7Qw
H8Fp6HFyRLLdZXIPOAfFhsfXeQQlnlnVSt2I1GohwHvxW44sW3RTaVRnz4W0SLe4atnC3gM9KOPdsKmQPXsBEzqfgBSkLTsfgal+YFE8+PkNC1ziX6FarO5kOeplP3Lgf9vyWeObDkF23qXudTt9lZX3CzjnSUBkq1W5gtJ5EeP6l1VuZm2Is0AhNxHWmmCrU/nHHscF317tpVCdZii9s4Of2Lmq9Zm04g==
/yo9y2eIc5VS538JmikpaFUuUueUikKiP5NYcoZmzX+Y0O7e6dv5RjlH2iJAzb8jeniX9ZNifvDc/jlE2w3pUcDPF9Z/rldXfEIOjeEKDV3mRKunvPGKAIZGHRfIqI3DrajBwwE5AGySxukoLXJRqtxcI93U1NsgDlH7lGsNIcT6zRclEy+f3k2FaNXzlD+G2hxP4o6yi6mxBcqY25SJqY2h75S07Q==
kPXrwXmPDaEgyxI5o+MZd+uO2RMt2ShHZoPXbQEO0Brfy+i6xi49J7go/tbp0+m+GR8qagAFD3uawAd9E+ruSLwmiQwbxZmJ4LcH3n+mRy9cmn5FIUK9hYb8Oy88eRq4Zh6t34jgfZuNUNHLATEQlLKeGWBtuuHyPOSzVVRcS5huiUvcq8VRHNq1By0TJ4+mbV0YHTPcj166pN9qDjobEVFdelCb3HnxrVn/nLTl
wD41LZeenswhoNM1f+Pc1hB10lyo2g+NgU0HYYoAKX3qIMc9/IjWIDEtsC761OnN1aRhCR548CsjkfLmIx/z1LKy5BBdfssL1UOo8cOcv3g79eTMiheRrNEvLprfjZyHhgL+aDltGG7xEQXWVUmBr6wOSgit8h0UTZjUQhe3NOKX4rY/Hy77i51WEnND71N5c/xVi2zPA7JjdJJCu0guRAcrSatuYovSdfulX/uetPs=
2U5U3UNLjaQtz0QHRzccGv/4oRElyaLofUgnhaxAlnjBBZDW6tzp1eVMATHOMDDzUzlSnrOXc0wC2gSoDbaLUyVriAnTlL9gCx2E9FpfUXShh47iTwUcHzZqHtBppVg2ATklLkVBgbec5iowfbrdzD0wdDqHP7R6J4pWh0/mu9NtfjKLU+dTYUMUNbO8h8NqE9wyOivArty3Q6kTPqrLioXThafrlrTj
gUDwVeBtsMP+eGU8YP1DHozecwN1ilzOU8vbk3A6127xW44sW3RTaVRnz4W0SLe4atnC3gM9KOPdsKmQPXsBEzqfgBSkLTsfgal+YFE8+PkNC1ziX6FarO5kOeplP3Lgf9vyWeObDkF23qXudTt9lZX3CzjnSUBkq1W5gtJ5EeP6l1VuZm2Is0AhNxHWmmCrU/nHHscF317tpVCdZii9s4Of2Lmq9Zm04g==
yhi9U+2b468lOHGQAjZ3q//4vB0j27nhTUgnhaxAlnjBBZDW6tzp1eVMATHOMDDzUzlSnrOXc0wC2gSoDbaLUyVriAnTlL9gCx2E9FpfUXShh47iTwUcHzZqHtBppVg2ATklLkVBgbec5iowfbrdzD0wdDqHP7R6J4pWh0/mu9NtfjKLU+dTYUMUNbO8h8NqE9wyOivArty3Q6kTPqrLioXThafrlrTj
efL6s6aRW4FWBoCfZm7MHRggGbmYCniS1YbVuVdZci3VX8rGrxfQ5iYyBTvINMbK6c/RomkDEnbgWTen6hw/IdO2VpTM+jFQ+1khFZArv0L/Ov+zLAbG2cEeBVn2IINz/CUiZBbClYNo/EWH/Uzp1wEtKIjCgiF8jebZLkw4iwmUAPNEHlXzgEtZ6YCqKb+xk7s3Oh3BoIHTgDeCynhnNs5mI80hgUIMe8BB7d1Fx4C0+Q==
27ItYpxRIYvHJVxMePCtlxImfxsWOp64/41+KhV099GUrPZcKRmgIvLQ6dHtsBElNhwQF3tloqrrWzMIymZUfLXaa/dN9zh9Sxg/5INhFGAi8/EQCVv+VpdJ3Nt+Vs6EUUk4EuklFdpdTYGzlBo6JIWW/SgVbIQO3/P0Pu82BlP3ilt3BeKC/8tr0+XLaKUnxCtjDrsAQo7zjG4Y/395RwZGq65tz7VT85q05w==
TyRpqVIq5LKgYYpD3giB1hMvYgwQOdeqr4NiIBA1w5+Ytv5JKRmgIvLQ6dHtsBElNhwQF3tloqrrWzMIymZUfLXaa/dN9zh9Sxg/5INhFGAi8/EQCVv+VpdJ3Nt+Vs6EUUk4EuklFdpdTYGzlBo6JIWW/SgVbIQO3/P0Pu82BlP3ilt3BeKC/8tr0+XLaKUnxCtjDrsAQo7zjG4Y/395RwZGq65tz7VT85q05w==
PJrWSE6dtDFeEMqgasLcuM7RUkHLkaU+ij8oliEVVX1vSIfaqgD3Pk5uszXBWfJEO4gxtf391wi0cQ==
ElgZiZgA2zGCp/ROfB2hLo9d8kREad3BNHTEIZs7jcWZZlk5Qb4zmQ7leJSjQ50jhsH0yQe0fA==
FaZhHOskgdtiG2IHrQmk2x+zeuFcYXO7qSFU1IL+N7/9P08j3jWEAqvpTz6fdbfexRWIfe44BfPb79AZkiVxtAo=
MQHd81znepPu078q5MreeZcBvR3SSuonovc+c4uISPXl7yg6kSUYe15Heb1lFrVRlf7nMaJVxCwX48n72hGYIXO0CA==
zB9FAghbeTggb34YTkSRpjYhPAqwJDDm9gMU2HBjGo/KPpSxy//twgMk0vKb2C605/uJm85yC6IVq+Xv2w60Cw==
PJrWSE6dtDFeEMqgasLcuM7RUkHLkaU+ij8oliEVVX1vSIfaqgD3Pk5uszXBWfJEO4gxtf391wi0cQ==
ElgZiZgA2zGCp/ROfB2hLo9d8kREad3BNHTEIZs7jcWZZlk5Qb4zmQ7leJSjQ50jhsH0yQe0fA==
4aYWERUN1hHySTghVJVlf6o9pxtdZByKd1Un1BDgcbTR2HUl0bpsHig+kegBjXiN/gxHNmuiUFSyGYV/h54pjzRNl6wLWlGTf66WGWSRawU7RkRN9OCdVgkIbvhtospT4IV0gApELTsAZyJ6zTqh+38vGYEvsVDwWK6Eow98/AseDZPKViINV627WdUB8LvYrF8a1tKrgd3Qk5vjbcAmNfiruqgCK+7sUDnFrI9dGR0sosee51BmsRz6s5IGzD51KSaEyyxPB1S7POkpakTi5aATZZAbRR0xaDzWFueQ1j0k8sx5Du9x5/BbMMhVK3p7Hr4ERtYfkA4vhrkifB47hqA46ZllBR7u69htxRznA9Xekv/mnRqolkmj5w14UEyooMOTqvYd7RaBwvsBM3L74BF7ZL+2jK6EW1czaE8jFmn60wN2ISggpyNx+KqZnfViLXWBi+Si2pz1Lj0QZVRkNq9LdIafDuZrh7Kbz3VaYke7U9Pdu9BFn7STozbLOKK2gzTtoI9HmX92fmsWHXdV64OitN8=
ey2BOov9eYHKEplU9e5rQJzP1f2lgahnsk0SVW1qlm5V0I846emoc47UP334jbn1AZK0Ms5gqRCa+bT3aWKJ5eF7mp1rxCxmv4L3iAnVO3RGpwjzw/OvzMTDaBIlMG2yniYh4IKFFK8U7jZWNT0EfTKE4RjJzavlWc9zA6hW/NQ0PYP+dJ2q5zNkKnDVkWnhCevtEpOuuFUa2M7ZuTs0qeu9oQLuY4wBWka+uXZq1KNV0iP/8at46AdQO2IelzgAg4wKzjZjHUyk5dCdXxL/5jmXBiZKEzSZ5R6Ht6VXDIYmyKvSnuvQ2KwXMv1p4fRBIDZ5CRJNynRECIqtaKiL/Am88JyzEBTSSTcZV8YoL4I9+/AFK6PKmP/ogWiQcK2Zl1O0koT+1GlzREqPdZAFWGt/n9ATVkUxpHFqvtaif60DdkMhHn/OuSNY3fp44WerKBT1/12Uuf8BBXhQYvqRlM3OKRYs4FthFOijHP5tg6iLMVl4CnFvmZOT52K9ORDpE6hHuiogN95NDvMVQbmyJDso8ZV9nZeotNE=
ByaXeld9hv7JIHroijdo0fctNglVOD0TPI8UR9ypi1QRI7M1QvbE406zandPkbNOUz1zmQBdRE3SACHT//fMCZ4tdbQO
L6RQHTPGByxQT36UTlT6d960on7k8Htjj9JZRVtuXVGCZyJcNnQqq3AgxZrypg60MRm4wgkVVar9nYFjNGp6FGVGfXh1XET+f6P0bk/GxmOX2tun5dLCj2u70zVrGOUXJPvjXtswgn5T3GlJX4+5d2YWK36N//UjU0q0Nw==
4AiXWwl0yHvDWyvTGZAVKvrAoBn2jzM/4JazGXkAHcm/smU4IR0iiWTBSwTja+IzireCFVUsDx/t9RxKWpuQjzSHUa1tNo2B7XleYVo1zDx/I2FLUnFAEWu0EA==
g3vBcOon35wLpQwCJ5rD6eAhp0FhtEEthJFmFjWV/5iLRUkCE5S3hYRlwqHt6EUzNJ/8B3RZA/TJU6s1WgacQ8bDwrcngbtuq23LGXiNfC3aEAkTl0dEaUYdbbQW
Ap9Ym9cKgn3QA706vMFYDckSiGRQhmA3s5FmFjWV/5iLRUkCE5S3hYRlwqHt6EUzNJ/8B3RZA/TJU6s1WgacQ8bDwrcngbtuq23LGXiNfC3aEAkTl0dEaUYdbbQW
a0ZsJv2LhNrEUlj6SDKMhiy9lQathGIWMZ3jiGd9LSL3zJt1uC0GYamguYNYR1hn0KGvZFXbL7XejgDTartmV4PZV97XpQ9ZPEVAXfbIbTNzfyh5WhVptBI=
nWraaA0bzpwB17AX46zgwTHe5PvT8cM9bd3TNrhiRmGEUl4WDWXH+KO1gUJbRB/lHPVaIXV43ZNcTzRHPGnr1LFjUzUiNmRjrvMKd2/RU84z/VOZ4B3kzXJAwdPfN2yJfm1VtC4=
D+J73KfAaWTvlTbNAcFV1ZyzTw1KpHa8NZdfPKyFLM6+mdZMJwQ87vO+ipIeRCnpyy1xpKqO52G5Gx9lQwDo1E201QNUR4eDlRVfhuso4ibjROnR79fZb1bO66Y9Z5V7Y1K0Lw==
R/vSRVhvkGGbkqb0rV86xREMbyIkGII8A88xR6uytoFTKX0gASowCMg+c3p2xc42DvFd+QxpRVm0dLKK3ZwnZtZ+P/UjUD36Qfc+gPNTViknYzJBSiZhntGz8fXZPy8o41GcJPfNPRK2sd3D9p+xXiLVdDM8mfMhspJsix+xI45DnQOZsL1UjUJgcVMPF3xJ7o2ltN4=
/r96N3RFV6rXi2IJsSCDuAl+bz9ce25+TeGGoEQFOva3uedQLrXOPFEuKcXx5ApvievfN0sw48mJ2Sxxv2yiBHlox3oq4LceSU9zVUH5MmQ7aHFVfV0XaLQR
EF8gb0X9tORgW1AzdVx2utPLyRgQhfdiZRSKLEWD28NihRGnB0Eb7sut6xmYzdytutBpE7cHpOnm3Q20dg==
EF8gb0X9tORgW1AzdVx2utPLyRgQhfdiZRSKLEWD28NihRGnB0Eb7sut6xmYzdytutBpE7cHpOnm3Q20dg==
DDOgsy39u8xjiykUTDVkyb9O0TBsn0ZKcAtAnn8NWi/h3kLUnHpOUDLSetGrM55nIz7H8oWWsNeIuuGGzVR2DVdN/Sr+oGRn/YoNGV4sWhEkdRXzMUkSV3l6naZABoIIwifH4krlpknSv2FeOgBG8MDHCDwB5kA=
