6meOiAvX63mJ+DiiQ9Y06nH6/5p989rz67uDvf66SY00ovWcFYmKeB8bUZ4iJ3dtB9ErnciomtokhqozX8PDFLIldsC7Y37JP1MqQVIWeX75g7m1ke/HyFvB5KRPXcWyHuGVgz5vWX46pWwzJGnrAdriJEvXYYsuOw27HEwt7ewqPLiTxydUKfa9vbTG
SprgMhtVIUIUzo60tJB2Ulp5Fz12WgZpbif5Yiwx3HUBntVYAtZXRWgirXmW2prIjc5c+q1VcRR30mvjPJDRBxxhjcegwdiCy9ab59Pl2ysFAKkVzoRlSbe6HOWfk9SLu1YI8SZzbj1ZqTgGzttd5QmmSZkRvOb5HyTo+PLDrUM2AcSpt7TM
l1mpcjrujIlRN5QdiI9BeoKyv/vqWHBJFt2Yh4RQRSQAQN7K/FbMDSBDbl8S8p2DzLmX14xsKEOLjuxChffnUUKUROtcytSA7lY7HXzSmREPf2TgmZ7oAgEVHSyDAv+LgHDNL2jRGR+MwfRaX2bvz88FZ0OR0F0tosTJsQPqCM1jM0jjj6YcqUrzguVN2QzuUnshzR12/eG9fArBa3R8EE6jsWvCsVDxm7Tg
0zv3QRsSwr70taH+5arVUo0+I+tYXgbzYW/XnApbtjArHV4u8w5GBG4geuc4ZIWmypI+mBk9mN4RAUWm9ZmBn8yeiviNop2krYiUMrdnNNL3cnbPP357O31GUgPjP1NJE2yVe0yfgwKDZNIyG5gscWe6iFtCMwtilevlL1tOtMs=
EaiomNIS026BvvdgAHeuPSwjOaDQXSxEL2grbhvU2Qk5DybTWTaL4WIvNryzue6SO9On6JYkavsQUMXqkvZO5JGpOHKpxZV6HW2Bk9S6usTF9v3I1QwErh/T9B4vloYzN2pbF0UCAl+LS9PFi8glx4RLY+57YMIuM6xsPT/e+CfKp6vOLS8187O6tMc=
Gl7EvgAG3gBBT3jhczVcMywjOaDQXSxEL2grbhvU2Qk5Hi7dXzmKs2IvNryzue6SO9Kn6JYkavsQUMXqkvZO5JGpOHKpxZV6HW2Bk9S6usTF9v3I1QwErh/T9B4vloYzN2pbF0UCAl+LS9PFi8glx4RLY+57YMIuM6xsPT/e+CfKp6vOLS8187O6tMc=
9dEI1NpsZBzI01cgPX68E0la+JPq0QVekbo2aS5gehbmEaheLiFbHgxIy7GdlWtt+c78WkMjMZP5auwoGtZPtaCC1ek8H3P4la4UKlXVyUQ/8nMTFNC5l6SBRfe4wcCyAzYjd7ul89sdIOFFdgSdmf/aBNV3U3wbw/bAAT5zdk0RCcCWZps11RFGgclpPF4p1wTwiNoDRdOOYYyZr7TU
qlTxGGL9roo9oRY7Q8mLP3Z8EeSJQSxEJ2o9fE/Z0BdrDyCaDXjes2IvNryzue6SO9Cn6JYkavsQUMXqkvZO5JGpOHKpxZV6HW2Bk9S6usTF9v3I1QwErh/T9B4vloYzN2pbF0UCAl+LS9PFi8glx4RLY+57YMIuM6xsPT/e+CfKp6vOLS8187O6tMc=
dpZ0SLu82MjltNpIqn3EFig7VrjcFyxELHUtex3Qw1l1DyXISDPes2IvNryzue6SO9en6JYkavsQUMXqkvZO5JGpOHKpxZV6HW2Bk9S6usTF9v3I1QwErh/T9B4vloYzN2pbF0UCAl+LS9PFi8glx4RLY+57YMIuM6xsPT/e+CfKp6vOLS8187O6tMc=
JVjDyx35/h9RgDbwaRM0i1M5LVAtcdntqbUJHph3ERPXX0/yaoTMFpmZpprjJd2v9ZQjdvImQ7WfiNlqxX9S4F+bktkDWy5BVh5FbhV7XZW1t6u4B4kgZIuVGQKyufHjmtf17sYt6LOg4ZeRdlqAqzO5J55nRf9cCOUxHMbknLOjXzg5yrW5tMI=
K7rAJYCK2zpOxqdlHjaGq2aOwf7EWghXTR1xivt3vve7TDEyls0mbfZ6f0M2XI+H157KjsIl9LJlTD5sNooFG6jkVU8dxJnvARVYACJKMWRNfklmbDC7cRT4w0w+nWMYC0H5yMqhT4mTg8eyfYmwmZMYp0rqcFfOTBsTxADJ3pW72FElPc23uLTB
N/thHY+CJN/Ob2wpFtRwaDlbEW+h2Umn1cYwrqoIWdCGVtPN9LLBAfC+/5AhfuAyaZW13IsihzsYsPU/MHGRz6TB3IrXxrff98X/8+nwVd0KRKGBCwqwvfvzsPPXxpR5ovPqtcU51P4qO7k9pRb10VX8orFjVISg1uOJexoR2KGztMg=
ywFlALTfdS1r+tnPDt7BkvSxexo2+Z7d5NrS3CAj00NkkWSrlTpQwI5W290cUjnRLn5HIHkeiELhFT1sI4Jfy+BwLe8IUbnfrMHUmv/mjw8vBQcDMVD9bYLEKfFjaugNQzNoIy8mfGmq8+KlrVmsrnJ7AY199h0h3XwqAcv03NCuo9ErIjHwsbu0wA==
rqYtQGncfHY2pZBlx6RKuZcwLqm8vUKJhEQ9EogI5Y81ZyzPHxj6tlsr3J/0myg5tKlpuPH0s55CmgWBoBRAWqszqTQ2rJtcUuqZrf0ObJVihlijqSTFs+puZLVr19dk70r7Kgovy0PK/64AloudJFQYG5ZiI0aI0rEkfKBbNsRJ5xqNpVTaG2Xnr8lvp+zncEV4eLLW52XYYp3ZoF6KaF2OjNo9VeF0p5K7gywQIWfsIX2nUMEo4juWa4cjZctL1UB5dV6E9Wln+sxFjxPkK4sWuNGWc94d6WkIpv5bTUVZZhm5gbx2GU/kuBjiQ92jRsG0Sce0vA==
Ij1LEEDNnU0TkR781w34H+35EqfIhf/njUmOhbOAhQ0T3dK13Ok+fD3tyxJndk+rAfVhO9qztigbVT5WY6eG3Z4oWt9oDAU+elreYAkV2IZhieUeJXGBh/zW6oAdCl18XYC0CucPtEpHupY3L1Y7Yw3O8rsz11NRIyT1A9w3Q9pzbPIKS/Cs6ddyaKNSG0s65WNFl4umtNM=
HZk49KnxjPd17wWDY6UlAznGeL3FBSKz0In/44VVnnGL7KUp++Gi4QQlfjh1MRumH9qvT6mJ0a9CPzask8muIttLJnn2lKoLMEDF+rIGjlTxObjiSXXVCj19gYP0yvp0JWZ9WLW8xF4/w/QOD2ZGg1f624elskIvq1vT1au4ZXdk2+N+G9AC3hO8bC0fLjiXqjcrXs2fdYOTqrTX
UzyxdkS2C7+8fnp9GAvlxpaDssY6T56+Nl4Of2IH1hrsDWMtUEFqLnSasu6JB4LvC4lFN6YD8m1K7FiWDXFqyp895E4gLH8Gfo63davg1VoZh4ZAKwMuCc9zOkFCNom+qeMpNWFPd4gL4RSkfz2Vcu4BJQOuz4m+CsV8MzSJ20GKQrTLZwH7buvtixw8DT0smpzIE1fHhGmGna201g==
AUPZF3grlINDC2y2YA8qapVgCDhCoNEbOrncj//hgVuWa5f6tdvPn5oLKENeGpEfc5zj7N8dfVeJ5Y75du7XB2Z4h532y4IqUqFc5iUYFmgmrk1PCHDd602AsfsBAXBEcu658O0qAUJ8NJMlVKxryK45K0wrVfHsmuXnHRMXb/YtrbiNs0zv7nr0/5oMTzvAEO2WwRtM2YFtiZ+stNU=
N89uqcxaLIH3/GHodgNL0mBmCfWJSCxEL2grbhvU2Qk5DybTWTaLwWIvNryzue6SO9ql6ZYkavsQUMXqkvZO5JGpOHKpxZV6HW2Bk9S6usTF9v3I1QwErh/T9B4vloYzN2pbF0UCAl+LS9PFi8glx4RLY+57YMIuM6xsPT/e+CfKp6vOLS8187O6tMc=
gaWtlHKrDRpkrPKFvcYNB2zZjKCWMEZVQRpwlt53qf3vD3Rm06kmbfZ6f0M2XI+A0ZDKjsIl9LJlTD5sNooFG6jkVU8dxJnvARVYACJKMWRNfklmbDC7cRT4w0w+nWMYC0H5yMqhT4mTg8eyfYmwmZMYp0rqcFfOTBsTxADJ3pW72FElPc23uLTB
QqGYM2O05Sb7ZbBrbBuXSq9z/8nLIY32RinOmXaOl6fmmEe38aTCitJBnMYlOFYIpg6NrwhQnYvNIHEbAeGw5PKO+dDtysHi/FTTBVSMqygumWssK3UxDBpFp30Tdy9WrU14rbMsr076FD+6DG97oJBNViEbbJnh7SlfTLQ1
F5J+DmZ4YEcZF/OQe1BE4OQVMSDMbxOixix4li0xCko//Q9JD2zfhh7Ol3VLIHXaecfmQAvDzolvM1pBInYpPkkjCTUBDxcIqyH0pF999fJOQQUDTg8pPmqFXDMUSTvBKgLUy0fBW+4LLascXE2drHpcKBN3h+TpJl1NtDY=
E/hv/oRMIGY5wfHtnWNH0q1z/9jJN4n2RinOmXaOl6fmmEex8aTCitJBnMYlOFYIpg6NrwhQnYvNIHEbAeGw5PKO+dDtysHi/FTTBVSMqygumWssK3UxDBpFp30Tdy9WrU14rbMsr076FD+6DG97oJBNViEbbJnh7SlfTLQ1
whmUEDSAsHJA5uyM0CbB7eQVNzbQchOixix4li0xCko//QlJD2zfhh7Ol3VLIHXaecfmQAvDzolvM1pBInYpPkkjCTUBDxcIqyH0pF999fJOQQUDTg8pPmqFXDMUSTvBKgLUy0fBW+4LLascXE2drHpcKBN3h+TpJl1NtDY=
t7qNOSiCRrZlUKK3DtNAxeQVNiDCdxOixix4li0xCko//QpJD2zfhh7Ol3VLIHXaecfmQAvDzolvM1pBInYpPkkjCTUBDxcIqyH0pF999fJOQQUDTg8pPmqFXDMUSTvBKgLUy0fBW+4LLascXE2drHpcKBN3h+TpJl1NtDY=
ZTnJxAzD+w5PgQtGn7V3TpRSde7NhJTq5cHV0aGdm0utix6o1OYTdGb4jEgK1l9VkMKFScac7JglbsQKJdX5pO+yA7OEUAn39EG116jB0JLz9nMXCyVje21gMaVGBO25Lxq0tefTjLuTtvDhLnNmLSHJEDYWG6U1oQbR6Zk7a0mGxAAoSoP1M14h/Lm/tMQ=
0azxNFINXpEss48WCs5unROvNB/H9nEMYTQqGOYO+AAofv17YztcQJvb7KK5mhKk/QrBWSSuE6CeVss9LBJJcZ792IApXthiERUNDHPCjytw8F2PuJFJ/7zBxLoPJj9vX4WX4+EQrQ2yxNnRMyq4rdOz2INfZkyJuvPyxZ2ZXA7C+5EtrTbNAa17H+EaNIywPiMhy5JxgJGrtNA=
HO3/9fOC+gCTMifo+MIHIFA/hsxtcXzVZ+wELq8m/ij5dT8IMkEWd8W9sk7wzlX39K25JgZUt+xXu1mNX275LdMrcwJmz8zwrptH82ia6OMeEZzE6hNV15FcEKHckPFHfOFtB4DB+EIrVvun8+U7a2WACdXuhAUJVzq8pb+TNEsb1qgxxnMOffkpmEau230lqSYpWfG7w7m+pAg4ksONg9aBpOmXtOw=
HO3/9fOC+gCTMifo+MIHIFA/hsxtcXzVZ+wELq8m/ij5dT8IMkEWd8W9sk7wzlX39K25JgZUt+xXu1mNX275LdMrcwJmz8zwrptH82ia6OMeEZzE6hNV15FcEKHckPFHfOFtB4DB+EIrVvun8+U7a2WACdXuhAUJVzq8pb+TNEsb1qgxxnMOffkpmEau230lqSYpWfG7w7m+pAg4ksONg9aBpOmXtOw=
Fb1G+prOCaM699g+2xb5huXCx8TApoo7Dv7A4+Pp2DUe5mtjrj2BvGh4onoPWyMNWJJPFVP5GKn4G9CN4c7OmhzbcYeTp9wmVIvIQi3gwvirom2cy/t35AOiDZUk1SJKxpaXKaOyKxXOC0YdY3zVjqhVD28IEB1LzWDx2wEhMKTyTnmQ7QpBovyUU0VUTCtoLlnrbCu1sUwahSc9Ezevlq0N+G2zbC+O+lS/egkq+2GQDdbhGywZIe1p34y09Q==
lMfSHrGI98pV7IflX0WEzkcMGbPNA013HCgUR3WSGYoqlr97/KOa0T6W9KJdyc42ohfVjAtYP988PRxUmX0oezZecKz4unhhOaB7QAAzSquY6i9QmNIn3ac8jUfJ/wFDVNFdt2FHQETCLEu6bfXE+219vGq4/Jjz2wvfZB79EuAfG1LZQ9vuQZaeBW7V+x2V9TdruEcJYGRLFVkCcjkx49pXNe4GraizYGHXkTbaQKtzOWeep8W/Wc1l8ByGZFyzY994OQo1+bSC
Jw/ERa5vJ1fX+T/DEgKIviBQz2tr09hnhNT/8NrspTQCa/vrCYsYGstGObuCedl5iOHJycjvEms6JHsWmrb7NWcYccqdDxqgl0tqOStrNkFOLm2O7auV1f3H8xivGdjkMwVxYuoJOSNSB83Orl3ws7gRf7FOCsjrewn/fo/VR9l1dZi8HhRUc+sPQFnihaG02g==
rjo77YyQQD8q6UxdfkO+xZn2Kg1W7WlcFDFGCERNJTInykldUrwQCG95o+QZ9//w1Tv2J3M9InoSkbz2JQh2WOZ+7T+IwD07DfCR6wERUDQyPllAbVqhkrwE8zVUvIv47mmLvKvlkbxaFccNEwdPBu392D0zvE++OsQfiglaW/HQPTaxm/w5US35v7y0xQ==
