55YKM9D32mLTE0F5eFVdOXH6/5p989rz67uDvf66SY00ovWcFYmKeB8bUZ4iJ3dtB9ErnciomtokhqozX8PDFLIldsC7Y37JP1MqQVIWeX75g7m1ke/HyFvB5KRPXcWyHuGVgz5vWX46pWwzJGnrAdriJEvXYYsuOw27G0gt6u0qMLmTxydUKfa9vbTG
ZOCZfKsuZsT3XY9RjMt+lVp5Fz12WgZpbif5Yiwx3HUBntVYAtZXRWgirXmW2prIjc5c+q1VcRR30mvjPJDRBxxhjcegwdiCy9ab59Pl2ysFAKkVzoRlSbe6HOWfk9SLu1YI8SZzbj1ZqTgGzttd5QmmSZkRu+L5GCXo9PPDrUM2AcSpt7TM
NTBUxV1YgYKjM1LZyqcXMYKyv/vqWHBJFt2Yh4RQRSQAQN7K/FbMDSBDbl8S8p2DzLmX14xsKEOLjuxChffnUUKUROtcytSA7lY7HXzSmREPf2TgmZ7oAgEVHSyDAv+LgHDNL2jRGR+MwfRaX2bvz88FZ0OR0F0tosTJsQPqCM1jM0jjj6YcqUrzguVN2QzuUnshzR12/eG9ew7BbHV8HE+jsWvCsVDxm7Tg
EewWqbfurrvf5BFBu1UuC40+I+tYXgbzYW/XnApbtjArHV4u8w5GBG4geuc4ZIWmypI+mBk9mN4RAUWm9ZmBn8yeiviNop2krYiUMrdnNNL3cnbPP357O31GUgPjP1NJE2yVe0yfgwKDZNIyG5grdWe9iVtOMgtilevlL1tOtMs=
e+V/MiWRf/PX+WEMvFQ0yywjOaDQXSxEL2grbhvU2Qk5DybTWTaL4WIvNryzue6SO9On6JYkavsQUMXqkvZO5JGpOHKpxZV6HW2Bk9S6usTF9v3I1QwErh/T9B4vloYzN2pbF0UCAl+LS9PFi8glx4RLY+57YMIuM6xrOT/Z+SfGpqvOLS8187O6tMc=
rFnVjtZPeGzP/q5H6ReQCywjOaDQXSxEL2grbhvU2Qk5Hi7dXzmKs2IvNryzue6SO9Kn6JYkavsQUMXqkvZO5JGpOHKpxZV6HW2Bk9S6usTF9v3I1QwErh/T9B4vloYzN2pbF0UCAl+LS9PFi8glx4RLY+57YMIuM6xrOT/Z+SfGpqvOLS8187O6tMc=
6inUtQaWBjSn4NURt8gdRkla+JPq0QVekbo2aS5gehbmEaheLiFbHgxIy7GdlWtt+c78WkMjMZP5auwoGtZPtaCC1ek8H3P4la4UKlXVyUQ/8nMTFNC5l6SBRfe4wcCyAzYjd7ul89sdIOFFdgSdmf/aBNV3U3wbw/bAAT5zdk0RCcCWZps11RFGgclpO1op0AXwhNsDRdOOYYyZr7TU
Tcmiigb7yFcJWzDjLIo31nZ8EeSJQSxEJ2o9fE/Z0BdrDyCaDXjes2IvNryzue6SO9Cn6JYkavsQUMXqkvZO5JGpOHKpxZV6HW2Bk9S6usTF9v3I1QwErh/T9B4vloYzN2pbF0UCAl+LS9PFi8glx4RLY+57YMIuM6xrOT/Z+SfGpqvOLS8187O6tMc=
V2qRlaI6FXFh1/I5InIZtCg7VrjcFyxELHUtex3Qw1l1DyXISDPes2IvNryzue6SO9en6JYkavsQUMXqkvZO5JGpOHKpxZV6HW2Bk9S6usTF9v3I1QwErh/T9B4vloYzN2pbF0UCAl+LS9PFi8glx4RLY+57YMIuM6xrOT/Z+SfGpqvOLS8187O6tMc=
XZRlr/GwnPmxt5QqyWf1VVM5LVAtcdntqbUJHph3ERPXX0/yaoTMFpmZpprjJd2v9ZQjdvImQ7WfiNlqxX9S4F+bktkDWy5BVh5FbhV7XZW1t6u4B4kgZIuVGQKyufHjmtf17sYt6LOg4ZeRdlqAqzO5J55nRf9bDOU2HcbonbOjXzg5yrW5tMI=
qelLPlebHYeqKt19ZlVgGGaOwf7EWghXTR1xivt3vve7TDEyls0mbfZ6f0M2XI+H157KjsIl9LJlTD5sNooFG6jkVU8dxJnvARVYACJKMWRNfklmbDC7cRT4w0w+nWMYC0H5yMqhT4mTg8eyfYmwmZMYp0rqcFfOSx8TwwHJ0pS72FElPc23uLTB
ibsWyW6kdf46f4x8b05ipDlbEW+h2Umn1cYwrqoIWdCGVtPN9LLBAfC+/5AhfuAyaZW13IsihzsYsPU/MHGRz6TB3IrXxrff98X/8+nwVd0KRKGBCwqwvfvzsPPXxpR5ovPqtcU51P4qO7k9pRb10VX7prFkVYSs1+OJexoR2KGztMg=
7l6meQXx4BRVXShyWaMlFPSxexo2+Z7d5NrS3CAj00NkkWSrlTpQwI5W290cUjnRLn5HIHkeiELhFT1sI4Jfy+BwLe8IUbnfrMHUmv/mjw8vBQcDMVD9bYLEKfFjaugNQzNoIy8mfGmq8+KlrVmsrnJ7AY199h0h3XsuAcz13Nyvo9ErIjHwsbu0wA==
FnrrVf1wn0q5NS4T7qZy25cwLqm8vUKJhEQ9EogI5Y81ZyzPHxj6tlsr3J/0myg5tKlpuPH0s55CmgWBoBRAWqszqTQ2rJtcUuqZrf0ObJVihlijqSTFs+puZLVr19dk70r7Kgovy0PK/64AloudJFQYG5ZiI0aI0rEkfKBbNsRJ5xqNpVTaG2Xnr8lvp+zncEV4eLLW52XYYp3ZoF6KaF2OjNo9VeF0p5K7gywQIWfsIX2nUMEo4juWa4cjZctL1UB5dV6E9Wln+sxFjxPkK4sWuNGWc94d6WkIpv5bTUVZZhm5gbtyGUjluBTjQ92jRsG0Sce0vA==
0fzZIBwqD8ibtL+mbJ7bDe35EqfIhf/njUmOhbOAhQ0T3dK13Ok+fD3tyxJndk+rAfVhO9qztigbVT5WY6eG3Z4oWt9oDAU+elreYAkV2IZhieUeJXGBh/zW6oAdCl18XYC0CucPtEpHupY3L1Y7Yw3O8rsz11NRIyT1A9w3Q9pzbPIKS/Cr7dd1aaNeGks65WNFl4umtNM=
ekw21FiS/tMXz9T4qEWuFznGeL3FBSKz0In/44VVnnGL7KUp++Gi4QQlfjh1MRumH9qvT6mJ0a9CPzask8muIttLJnn2lKoLMEDF+rIGjlTxObjiSXXVCj19gYP0yvp0JWZ9WLW8xF4/w/QOD2ZGg1f624elskIvq1vT1au4ZXdk2+N+G9AC3hO8aykfKTmXpjYrXs2fdYOTqrTX
07vJBct1cdMEWSbbPUqztpaDssY6T56+Nl4Of2IH1hrsDWMtUEFqLnSasu6JB4LvC4lFN6YD8m1K7FiWDXFqyp895E4gLH8Gfo63davg1VoZh4ZAKwMuCc9zOkFCNom+qeMpNWFPd4gL4RSkfz2Vcu4BJQOuz4m+CsV8MzSJ20GKQrTLZwH7buvtixs4DTotmpDJE1fHhGmGna201g==
AvF5jzkJ/WmEz6tuCqEvhJVgCDhCoNEbOrncj//hgVuWa5f6tdvPn5oLKENeGpEfc5zj7N8dfVeJ5Y75du7XB2Z4h532y4IqUqFc5iUYFmgmrk1PCHDd602AsfsBAXBEcu658O0qAUJ8NJMlVKxryK45K0wrVfHsmuXnHRMXb/YtrbiNs0zv7nr0/5oLSzvHEe2awBtM2YFtiZ+stNU=
9ME1DppUX2+FfUK3Onqf6GBmCfWJSCxEL2grbhvU2Qk5DybTWTaLwWIvNryzue6SO9ql6ZYkavsQUMXqkvZO5JGpOHKpxZV6HW2Bk9S6usTF9v3I1QwErh/T9B4vloYzN2pbF0UCAl+LS9PFi8glx4RLY+57YMIuM6xrOT/Z+SfGpqvOLS8187O6tMc=
N+2GKtZznwKwnr/Wiav/m2zZjKCWMEZVQRpwlt53qf3vD3Rm06kmbfZ6f0M2XI+A0ZDKjsIl9LJlTD5sNooFG6jkVU8dxJnvARVYACJKMWRNfklmbDC7cRT4w0w+nWMYC0H5yMqhT4mTg8eyfYmwmZMYp0rqcFfOSx8TwwHJ0pS72FElPc23uLTB
0HSJbUS7Df7P1iCY+OHm8a9z/8nLIY32RinOmXaOl6fmmEe38aTCitJBnMYlOFYIpg6NrwhQnYvNIHEbAeGw5PKO+dDtysHi/FTTBVSMqygumWssK3UxDBpFp30Tdy9WrU14rbMsr076FD+6C2t7p5FNWiAbbJnh7SlfTLQ1
A3b6LsSNzofcxRrHO7fhxOQVMSDMbxOixix4li0xCko//Q9JD2zfhh7Ol3VLIHXaecfmQAvDzolvM1pBInYpPkkjCTUBDxcIqyH0pF999fJOQQUDTg8pPmqFXDMUSTvBKgLUy0fBW+4LLasbWE2arXpQKRN3h+TpJl1NtDY=
bH1NMMI8GETsJlDJfjYc6q1z/9jJN4n2RinOmXaOl6fmmEex8aTCitJBnMYlOFYIpg6NrwhQnYvNIHEbAeGw5PKO+dDtysHi/FTTBVSMqygumWssK3UxDBpFp30Tdy9WrU14rbMsr076FD+6C2t7p5FNWiAbbJnh7SlfTLQ1
+DbVP1EDfZF2BmZNfRga9uQVNzbQchOixix4li0xCko//QlJD2zfhh7Ol3VLIHXaecfmQAvDzolvM1pBInYpPkkjCTUBDxcIqyH0pF999fJOQQUDTg8pPmqFXDMUSTvBKgLUy0fBW+4LLasbWE2arXpQKRN3h+TpJl1NtDY=
ZrP0RgJIvUt3EpAmmUGoF+QVNiDCdxOixix4li0xCko//QpJD2zfhh7Ol3VLIHXaecfmQAvDzolvM1pBInYpPkkjCTUBDxcIqyH0pF999fJOQQUDTg8pPmqFXDMUSTvBKgLUy0fBW+4LLasbWE2arXpQKRN3h+TpJl1NtDY=
rXFOF5af9pPdPsCkGZJGQZRSde7NhJTq5cHV0aGdm0utix6o1OYTdGb4jEgK1l9VkMKFScac7JglbsQKJdX5pO+yA7OEUAn39EG116jB0JLz9nMXCyVje21gMaVGBO25Lxq0tefTjLuTtvDhLnNmLSHJEDYWG6U1oQbR6Zk4akmAxQAkS4P1M14h/Lm/tMQ=
Fk5NjFt3dx7t3FDnhW++zBOvNB/H9nEMYTQqGOYO+AAofv17YztcQJvb7KK5mhKk/QrBWSSuE6CeVss9LBJJcZ792IApXthiERUNDHPCjytw8F2PuJFJ/7zBxLoPJj9vX4WX4+EQrQ2yxNnRMyq4rdOz2INfZkyJuvPyxZ2ZXA7C+5EtrTbNAa14HuEcNYy8PyMhy5JxgJGrtNA=
4y8lBRZZ5Ca8QZyh7SV5XlA/hsxtcXzVZ+wELq8m/ij5dT8IMkEWd8W9sk7wzlX39K25JgZUt+xXu1mNX275LdMrcwJmz8zwrptH82ia6OMeEZzE6hNV15FcEKHckPFHfOFtB4DB+EIrVvun8+U7a2WACdXuhAUJVzq8pb+TNEsb1qgxxnMOffkpmEau230lqSYpWfG4wrm4pQg0k8ONg9aBpOmXtOw=
4y8lBRZZ5Ca8QZyh7SV5XlA/hsxtcXzVZ+wELq8m/ij5dT8IMkEWd8W9sk7wzlX39K25JgZUt+xXu1mNX275LdMrcwJmz8zwrptH82ia6OMeEZzE6hNV15FcEKHckPFHfOFtB4DB+EIrVvun8+U7a2WACdXuhAUJVzq8pb+TNEsb1qgxxnMOffkpmEau230lqSYpWfG4wrm4pQg0k8ONg9aBpOmXtOw=
SnaQR6biadNLwHf3ZNVTXuXCx8TApoo7Dv7A4+Pp2DUe5mtjrj2BvGh4onoPWyMNWJJPFVP5GKn4G9CN4c7OmhzbcYeTp9wmVIvIQi3gwvirom2cy/t35AOiDZUk1SJKxpaXKaOyKxXOC0YdY3zVjqhVD28IEB1LzWDx2wEhMKTyTnmQ7QpBovyUU0VUTCtoLlnrbCu1sUwahSc9Ezevlq0N+G2zbC+O+lS/eg4r+2eRDdrgGywZIe1p34y09Q==
HmcJvEPpOfb4dNSgSXilEEcMGbPNA013HCgUR3WSGYoqlr97/KOa0T6W9KJdyc42ohfVjAtYP988PRxUmX0oezZecKz4unhhOaB7QAAzSquY6i9QmNIn3ac8jUfJ/wFDVNFdt2FHQETCLEu6bfXE+219vGq4/Jjz2wvfZB79EuAfG1LZQ9vuQZaeBW7V+x2V9TdruEcJYGRLFVkCcjkx49pXNe4GraizYGHXkTbaQKtzOWeep8W/Xsxl9h2GaF2zY994OQo1+bSC
OL8V5Q4WwsTYTUeM3uYWjxkJ/pai3AFF1aA9Uz1pLgzqDepKfRIEQFQrsJXf2Wtt8sz4Xg05YcOYPpwoGtZPtaCC1ek4H22glb1ZdEv93Hk/8nMTFNC5l6SBRfe4wcCyAzYjd7ul89sdIOFFdgSdmf/aBNV3U3wbw/bAAT5zdk0RCcCWZps11RFGgclpPlop0AXwhNsDRdOOYYyZr7TU
vdBrJbh1WmKS2JQTbez5EvtzN1BROjIDXirBV/A+noI0fPI5xVjRs0gyb7/poPlez8gfy4iiq4y5KZhFj7aCwUo7c8Wj92ru/LCbi1n4DMa4BViUyUIvDVhNcA7BMHk/cnE+IXY2Z4+GMJestCxK4mHk8qCN1VtgBubdN8hIzSMtCAGjAVnAzBImqcgtUpEKXDzj/dT0m8CO8bu0a23hpHptV8UTz99+zeWotfO0fyZa/A/CjpNLzzGlCrjbdMlJDQEv9LSN
jxL+d7SqqX1r23nMDSxvECBQz2tr09hnhNT/8NrspTQCa/vrCYsYGstGObuCedl5iOHJycjvEms6JHsWmrb7NWcYccqdDxqgl0tqOStrNkFOLm2O7auV1f3H8xivGdjkMwVxYuoJOSNSB83Orl3ws7gRf7FOCsjrewn/fo/VR950dZ69HhhVc+sPQFnihaG02g==
xU2Gb6/Rs3Mr7TQYZNrHj5n2Kg1W7WlcFDFGCERNJTInykldUrwQCG95o+QZ9//w1Tv2J3M9InoSkbz2JQh2WOZ+7T+IwD07DfCR6wERUDQyPllAbVqhkrwE8zVUvIv47mmLvKvlkbxaFccNEwdPBu392D0zvE++OsQfig5bW/fRPTqwm/w5US35v7y0xQ==
3RD6GAgTDZtWdRS84SxW1xHwceNAc3KpuDEXxJ2rN7XGfkhz0iuOF6vpTz6fdbfexBWOfe44BfPb79AZkiVxtAo=
j92J1C7zd+fso0RI05jUYuX9Hq/Nsaz9g3TBlanJ5g9A5+6b7fwtbj6ojQ1xNQWrCeFqGLfq5g4veCQvZfjcg8IoQ84lEUM6eRzQewsV2IZhieUeJXGBh/zW6oAdCl18XYC0CucPtEpHupY3L1Y7Yw3O8rsz11NRIyT1A9w3Q9pzbPIKS/Cu7dd1aaNeGks65WNFl4umtNM=
LRAQTP2OIh/qvNjFewk9NunX12u6PRI/nF9QL63dmqereXqjWzkW7kys5YNdlk+0GBfIB0NoQ0YWuH/ZYBO1eTrG4FI+R9DBtPnlBXaxJncySzK9M5SB0CVOBBOXRRisj5fcB/Zfo9jnknsDbBBh5ywhPSeQwehie5arB2Nli8sVQDn1HoQ16Sf6DMVPE6SrSxZ4UdZzHp2paUgmPlsNxRlm2TnBvrKZiOX4lCNDHSMGwXTJh7T8
cc3Oiz5QzD5D4qpZVYPLJtbSDojXtcNIQT/mfjYgjGzeSKaKt7xm4yEexDY6dbLIlwhMMnuvE80AN4cBbyNjBiwFU2Z6vo17pQFgQDm6344F4K9rwD7jRtm3Zsj9ceD6fvZ1ZbANy2sVIyiRA/y/Hv+aZaxKd5HMEU+u+h/tnOdGYn4I+Q0YDjFxhbaVKYHPbG7KaG2SHXSN+FQi19c0gleCNl/fTvvrXTaSE4OPUxmznNXrrK8D0qMUEiJ7KC0lx03Jy64Ci7K1myU/O/60mw==
GowwInpTeejryq8Kw4tigaao4tCwtdauUTPNk/rN1FDa+QR+eW076p/QzUw3YDsHLuHF2t6onsFOtPZtaOIGk2tGQwzP6Je1RLHcZgM1vmxSTgPOO8BCTnPMbVl/uXmHhoar7u2PtRNzWrQn
E3HfNXzLtClPIETenWjp604mKxY3c8f9s/AKPph6ERPaXyCUBO3bH+Hp3uDxfJj57cs8Yv9heqyOpNlqxX9S4F+bktkDWy5BVh5FbhV7XZW1t6u4B4kgZIuVGQKyufHjmtf17sYt6LOg4ZeRdlqAqzO5J55nRf9dDOU2HcbonbOjXzg5yrW5tMI=
5r3UzXfHRoAiBTH0rcuco3H16IF45svO67uDvf28SY00ovXzfueMBHhlX59lYSJwXcQ8mYmTkNIjqb5sSuyFGqkndsC7Y37JP1MqQVIWeX75g7m1ke/HyFvB5KRPXcWyHuGVgz5vWX46pWwzJGnrAdriJEvXYYsuOw27HUgt6u0qMLmTxydUKfa9vbTG
2dj3gRlVG/hsFZdKk6URu+nX12u6PRI/nF9QL63dmqereXqjWzkW7kys5YNdlk+0GBfIB0NoQ0YWuH/ZYBO1eTrG4FI+R9DBtPnlBXaxJncySzK9M5SB0CVOBBOXRRisj5fcB/Zfo9jnknsDbBBh5ywhPSeQwehie5arB2Nli8sVQDn1HoQ16Sf6DMVPE6SrSxZ4UdZzHp2paUgmPlsNxRlm2TnBvbKZiOX4lCNDHSMGwXTJh7T8
6cV/aJGO4ebPEqfPQjbAyDZmA/GJSGVeJXQtbA7a+Vk0SmuXDRe43Qs4P8TDwZSAYpPx8Mk7fvZXadz7vvZO5JGpOHKpxZV6HW2Bk9S6usTF9v3I1QwErh/T9B4vloYzN2pbF0UCAl+LS9PFi8glx4RLY+57YMIuM6xtOT/Z+SfGpqvOLS8187O6tMc=
0YEguZUFf3VxQmW/RiydHFA/iMRpL3nSertQIeBf3wDDXQwnAWgWdsn8/Um13Uzg6ay5Lwkdt+hbhRbmX2P0Q84sanF138/1sNgf4DaJo9cyWrH99ExA+NdSC6PckPFHfOFtB4DB+EIrVvun8+U7a2WACdXuhAUJVzq8pb+TNEsb1qgxxnMOffkpmEau230lqSYpWfG9wrm4pQg0k8ONg9aBpOmXtOw=
UBP063CZhX78TeBdRzpEbHiXKlYwZ3Qd4H0BOwNXxo+0eGlPGR2nyAtFxkbP4wTjvuyaUQXfP9XAmO9ARgkzd2IaYd3kTFAYhxLbQ0wQQafMoV3nsMHIohsWS0dDZauLtcBZNf6EFSmHeuwFLxNE6+uW2BE2c35dCeno5l5b7YV55nl54b3S2WhlWFQDQz3jZkGUiae03A==
0jqBRD7MuqI2WpRGFNedlx9RJG9tAIgxV8UgQbC2o45TK3s9RSwxLZxyPTM2l+QkYJVHn30ROlC1NPTZwcM4cts5BuwyfD36Qfc+gPNTViknYzJBSiZhntGz8fXZPy8o41GcJPfNPRK2sd3D9p+xXiLVdDM8mfMhspJsix+xI45DnQOdsL1SjUJgcVMPF3xJ7o2ltN4=
p0VEw3giD7WO2BqzafYj4aICD28adnpdb5oJScb6zlIUILI+L7LV9EmgYWdPkbNOUz1znQBdQk3SACHT//fMCZ4tdbQO
YiB3kM7jyy0PSTccAesmx6MCD28adnpdb5oJScb6zlIUILI+L7LV9EmgYWdPkbNOUz1znQBdQk3SACHT//fMCZ4tdbQO
MROk1ciNWBpfmwaN4++FSaACD28adnpdb5oJScb6zlIUILI+L7LV9EmgYWdPkbNOUz1znQBdQk3SACHT//fMCZ4tdbQO
pfSD7q3DYiBRxsNXS2OJmqECD28adnpdb5oJScb6zlIUILI+L7LV9EmgYWdPkbNOUz1znQBdQk3SACHT//fMCZ4tdbQO
qx4z3ru44GU6w29ke6lhahZq66/TFsEv1g6ODbsytelaErqigLg+vqMqQYS9yP3H8znnnifFP11MZXYdBmjds+Pf+DmKNXm0Ag==
XXSDWDgITvqr4ZxBYTu+UyYziATcsfy14eDQY1E31oqTlEAPOuvCCKCgv1OUcUmK3L7RR2B9Duk+jd5WYG5wvPYmjz6bkAKek/xtaZ9pOdcmdiueTV91QxNqtBc=
mXdLafeg7lOFnwpAQEaqdxZw7a/PDsAv1g6ODbsytelaErqigLg+vqMqQYS9yP3H8znnnifFP11MZXYdBmjds+Pf+DmKNXm0Ag==
pNUu8w0kckVAE+msako3OtFOOuPan5Pj59uB36Gd31ijpR72h6NMM0bMsiEd3ycl6LiXEI7J+8c6eslNHMzoiO+yA7OEUAn39EG116jB0JLz9nMXCyVje21gMaVGBO25Lxq0tefTjLuTtvDhLnNmLSHJEDYWG6U1oQbR6Zk9akmAxQAkS4P1M14h/Lm/tMQ=
OoWpR7/mdjJNK5tZt1/O5C4Qjiw/xt98gMn/tJ/jv30BZP3dQMpZU5IPGLTsHcMf+Zm2wMmsUDkle2QCl/HCLHY0ccqdDxqgl0tqOStrNkFOLm2O7auV1f3H8xivGdjkMwVxYuoJOSNSB83Orl3ws7gRf7FOCsjrewn/fo/VR910dZ69HhhVc+sPQFnihaG02g==
QyKbCkMzsrfVB9kiM+hW/oK16emBCr63CLnWJyoeP8aV7K30vkKZAYSSq089T9jFOyA/3PPZ9NhSSzEoeWMebufxXGMObi68IXH4qpmd9WItdYGL5KLanPUuPRBlVGQ2r0t0hp8O5muHspvPdVpiR7tT09270EWftJOjNss4oraDNO2hj0GZf3Z+axYdd1Xrg6K03w==
BfanRLSWjvDNemkVE40II6Lklg29t1lrtj1ACAcocc7NkpJoYd+wwPt54bUQi39i/xo/E6ymBvnB/sU5dsBDE/zFYgSWItXjaNwFJ33sqfcBDWgoQiJhXI2Gmc7MWMvplGAzpJ41M2BLeSkgKol/kZOb95qdYWCh02D34kqYp1bNh2OroWECbHvgAU1d5YegtNk=
J2N1yfRL3W3rwB4cYCBgiheWkDdom5lJ/9uaLPTD9Ea+GZ8eW/CCPtMcbYnfybm35lYrvg2/9ePTCrR3
0fOPQowEdEONmrkV/NvbZovi24qXuBKagAREubF/y+HakkhxTOAasy+Q13IKqEeGzdcDm2HxIhz70OHdHZUncLQJ
VIyo7n/EGd/+a9gG9CxEKGJE+Rpb2v/LobqQsg+As/UgV+mthyca2JwvpILmxb8KU/yyGusgrT13ZSkzfsrL6sXzBYcrdrQD
ToUFRTor75GuX6+MEszB6BYprrXHFeUvmlPJROc5t+scWry1gLkI+rl+TICnwOLX8znnnifFP11MZXYdBmjds+Pf+DmKNXm0Ag==
qTQNpQpX5Wfd9CLMt3cI6yV6u6RUKGCX/Ixt51P4SaiovAt6o+McdQHTU21aHtDd/CxCX098z346hJ/KDZvbN9F9uvCbPLkRLbk/fLQF
wVQOdSe//x91F5ufjhB4uEcAu69YJXiX/Ixt51P4SaiovAt6o+McdQHTU21aHtDd/CxCX098z346hJ/KDZvbN9F9uvCbPLkRLbk/fLQF
HCWuY5LKWXq/IfTpaoH5ViN7u6RUKGCX/Ixt51P4SaiovAt6o+McdQHTU21aHtDd/CxCX098z346hJ/KDZvbN9F9uvCbPLkRLbk/fLQF
8kpRQQY8OEnu+gfVvHzu1Q2ev8VJcz3Jyz0U6slFMwYVEnDK38jzLVC/yZWXLxrArAfEerYNf1KjlBKie6gtpcfNyUuugosytRslvzt+tBs=
ZKvIM/QIvTWNqKE1yEoW1ezQtw/6nXYoqpa9SmQRXN22snAlMwAs3ijJAhPjbO0tlbveDhY9Ch3aumtaRoiNlCCHUa1tNo2B7X1eYVw1zDx/I2FLUnFAEWu0EA==
KuO+hAn0315w68LTZ1lRu2CqZpoa78BU9p8/JqmY9BZuHF+V0pKUHU8w4JZsCcZbr5xRVTFbepaKrYaVXjrv0soYEQyE5/VV0UZBSak9mqkQBTAEGwOFU05hTBlvtBQ=
l3Zw3poqteISYhadUoPC3H8qis46k0hqU2xmalr0gK9FDQsZ2s3HkGy1QL9Z96mY6GyrCiNTfKXBo3N9Wg7wrTz8Iu/PDG+uerR/2g2LuwcRLRoAG4xZQW1JH2y0FQ==
5tFpe4lTa1s3VI3AQ/+GtUUdq6BfaXrZtoUgr1nnSaiovAt6o+McdQHTU21aHtDd/CxCX098z346hJ/KDZvbN9F9uvCbPLkRLbk/fLQF
ZKvIM/QIvTWNqKE1yEoW1ezQtw/6nXYoqpa9SmQRXN22snAlMwAs3ijJAhPjbO0tlbveDhY9Ch3aumtaRoiNlCCHUa1tNo2B7X1eYVw1zDx/I2FLUnFAEWu0EA==
l3Zw3poqteISYhadUoPC3H8qis46k0hqU2xmalr0gK9FDQsZ2s3HkGy1QL9Z96mY6GyrCiNTfKXBo3N9Wg7wrTz8Iu/PDG+uerR/2g2LuwcRLRoAG4xZQW1JH2y0FQ==
fFX4FqPv+daf2tkoMySbCUQdq6BfaXrZtoUgr1nnSaiovAt6o+McdQHTU21aHtDd/CxCX098z346hJ/KDZvbN9F9uvCbPLkRLbk/fLQF
ZKvIM/QIvTWNqKE1yEoW1ezQtw/6nXYoqpa9SmQRXN22snAlMwAs3ijJAhPjbO0tlbveDhY9Ch3aumtaRoiNlCCHUa1tNo2B7X1eYVw1zDx/I2FLUnFAEWu0EA==
+A2YP5LQYuO7xDP4wcv7+38pis46k0hqU2xmalr0gK9FDQsZ2s3HkGy1QL9Z96mY6GyrCiNTfKXBo3N9Wg7wrTz8Iu/PDG+uerR/2g2LuwcRLRoAG4xZQW1JH2y0FQ==
fqfr1zHpLBnyufnrB/BHkEMdq6BfaXrZtoUgr1nnSaiovAt6o+McdQHTU21aHtDd/CxCX098z346hJ/KDZvbN9F9uvCbPLkRLbk/fLQF
ZKvIM/QIvTWNqKE1yEoW1ezQtw/6nXYoqpa9SmQRXN22snAlMwAs3ijJAhPjbO0tlbveDhY9Ch3aumtaRoiNlCCHUa1tNo2B7X1eYVw1zDx/I2FLUnFAEWu0EA==
+A2YP5LQYuO7xDP4wcv7+38pis46k0hqU2xmalr0gK9FDQsZ2s3HkGy1QL9Z96mY6GyrCiNTfKXBo3N9Wg7wrTz8Iu/PDG+uerR/2g2LuwcRLRoAG4xZQW1JH2y0FQ==
ylN3RedYmXyPqswX4S/uwkIdq6BfaXrZtoUgr1nnSaiovAt6o+McdQHTU21aHtDd/CxCX098z346hJ/KDZvbN9F9uvCbPLkRLbk/fLQF
EAJm0EjjJSZfuvlPimVoThB1YyxEK25pVvyIu1UZI/36qe9EPOGIexkzYcy4uANug7fUMVE3+/naing5rGiKC29ox3oq4LceTU9zU0H5MmQ7aHFVfV0XaLQR
M5VFctaKcj2/mocQpqRuIheWkDdynZlV59qaLPTZ8kaiAZ4eW/CCPtMcbYnfybm35lYrvg2/9ePTCrR3
Zk83gXUVXGDWDK+yeyyVnIvi24qXuBKagARev7Fj0+DakkhrSuAGqy6Q13IKqEeGzdcDm2HxIhz70OHdHZUncLQJ
wDvV7Cr+KSan48mQ4MpI0Ucdq+4JLmfw/9Ft7x+tTaiovAt6o+MGcwHPS2xaHtDH+ixeR058z346hJ/KDZvbN9F9uvCbPLkRLbk/fLQF
C0UWW6R+I++09JA/cabqOVLG4MBbJiHUgnJZ44QNORkVEnDK38jzLUq5yYmPLhrArB3CeqoVflKjlBKie6gtpcfNyUuugosytRslvzt+tBs=
rDsLlFJlKYhJ2ajK+/Eo3a+2ly8bjbCgUEYuo76fbrd8UXndXd6gvgd0k8niFTkdN7KaRCSRUs4y6d72S/iidgN07eEPgZm/9r5rVp03VasDYrQf
ZaLfvxoNDZUWzk3h6vNkbn8qitFqi1EuAHFsYE30zK5EEhoS19yOxDbzCvRK7amY6GyrCiNTZqPBv2t8Wg7wtzr8PvfODG+uerR/2g2LuwcRLRoAG4xZQW1JH2y0FQ==
5kQPonWRJTSzDaUu1vvscUo1J3AIPTojC6iZ70MSMrXptKYQZqfCMAopYcy4uANug7fON1Er4/jaingjqmiWE25ox3oq4LceTU9zU0H5MmQ7aHFVfV0XaLQR
mdtdoub3F7uDP+NeQri4yWaG33mUvFmaxatC0LzqOhfTNnCHxp2LGn1ZC1jem/m2sjY+/R7uqrvlWhDSz6Cz1foxaVHfBhr43NUi4jr9viqTnDL6qwCtHTeFqVO+6svKBZOFZ2tWtCM=
SyC78U69uElVLy0b8ft95l3+bGXtyfNCYzqApbZfUQSzih6sr5pU61c8OYXpG0J8pM2CnVc658LI/jlgpCatBTnmOfkhvRJZqGWY1ENDfWMmQVQJZ7Qc
g80DYrH8zzs4ci40CLOA6X8pitFqi1EuAHFsYE30zK5EEhoS19yOxDbzCvRK7amY6GyrCiNTZqPBv2t8Wg7wtzr8PvfODG+uerR/2g2LuwcRLRoAG4xZQW1JH2y0FQ==
9tsbhrgjrpLGpIwsVVyKcGaG33mUvFmaxatC0LzqORfQNnCHxp2LGn1ZC1jem/m2sjY+/R7uqrvlWhDSz6Cz1foxaVHfBhr43NUi4jr9viqTnDL6qwCtHTeFqVO+6svKBZOFZ2tWtCM=
TBjge1hB29rGZUtAH9Zk+n0pOx2/MjCr8A8JxXdfGtCMN4Sq1v3/wgMk0vKb2C215/2Jm85yC6IVq+Xv2w60Cw==
cRCWYvTRXz0K4/AQ9tP/bWsWx7IXWwJ7z4XtWadIz262IBCayMtZGR+rmlwUkzQWHqkfrvsgwu6z7G15vxn5Z0bmqw6t7zWzM3q0Bw==
jNKS5JNbdsHITqsLGcpbMPctNglVOD0TPI8UR9ypi1QRI7M1QvbE406zandPkbNOUz1znQBdQk3SACHT//fMCZ4tdbQO
mHyhxUeti5mFGanINBYbrfctNglVOD0TPIsWSdypi1QRI7M1QvbE406zandPkbNOUz1znQBdQk3SACHT//fMCZ4tdbQO
1AmAtr5Qum0iqgiunoHVcuX9Hq/Nsaz9g3TBlanJ5g9A5+6b7fwtbj6ojQ1xNQWrCeFqGLfq5g4veCQvZfjcg8IoQ84lEUM6eRzQewsV2IZhieUeJXGBh/zW6oAdCl18XYC0CucPtEpHupY3L1Y7Yw3O8rsz11NRIyT1A9w3Q9pzbPIKS/Ct7dd1aaNeGks65WNFl4umtNM=
YNIrWNkrC8cESIjWnXM1l9G70I+EsA6KxURPr7Y22NeUzQh2D/EfrTqQ13IKqEeGzdcDm2HxIhz70OHdHZUncLQJ
xuEQmqpHkmZXW1txx/lO+ZtYPfnBkJTgpMbEyIDU3lWlrx72h6NMM0bMsiEd3ycl6LiXEI7J+8c6eslNHMzoiO+yA7OEUAn39EG116jB0JLz9nMXCyVje21gMaVGBO25Lxq0tefTjLuTtvDhLnNmLSHJEDYWG6U1oQbR6Zk9akmAxQAkS4P1M14h/Lm/tMQ=
e2p5R6wpQmhvkHpGmseujyld1vo8sT8wEDoMD3CO6dQUHX2Wli7e34zSDVJ/wTfc/9gnCuow1w5NX5MDAQlS1LsY0eU9jTd4tAE=
Gfk6OShU4eZr+fbTGe/Br5yzTw1KpHa8NZdfPKyFLM6+mdZMJwQ87vO+ipIeRCnpyy1xpKqO52G9GRFlQwDo1E201QNUR4eDlRVfhuso4ibjRO3R79HZb1bO66Y9Z5V7Y1K0Lw==
B7WR7lzXWLybSkdXbLhIrTHe5PvT8cM9bd3TNrhiRmGEUl4WDWXH+KO1gUJbRB/lHPVaIXV43ZNcSzZJPGnr1LFjUzUiNmRjrvMKd2/RU84z/VOd4B3izXJAwdPfN2yJfm1VtC4=
kkmgbhT3gKxJTC4N38jALCy9lQathGIWMZ3jiGd9LSL3zJt1uC0GYamguYNYQ1pp0KGvZFXbL7XejgDTartmV4PZV97XpQ9dPEVGXfbIbTNzfyh5WhVptBI=
j6o/FOnFVgdP48YR0tQt4MkSiGRQhmA3s5FmFjWV/5iLRUkCE5S3hYRlwqHt6EUzNJv+CXRZA/TJU6s1WgacQ8bDwrcngbtuq23LHXiNei3aEAkTl0dEaUYdbbQW
BbiJ27X9r02uX3gRz5c8JeAhp0FhtEEthJFmFjWV/5iLRUkCE5S3hYRlwqHt6EUzNJv+CXRZA/TJU6s1WgacQ8bDwrcngbtuq23LHXiNei3aEAkTl0dEaUYdbbQW
I/6G0HkAX2eC6dnwDQPwNvrAoBn2jzM/4JazGXkAHcm/smU4IR0iiWTBSwTja+I3iLmCFVUsDx/t9RxKWpuQjzSHUa1tNo2B7X1eYVw1zDx/I2FLUnFAEWu0EA==
kKZ3LsvXwtAPkZ9jCcsL8VA/hsxtcXzVZ+wELq8m/ij5dT8IMkEWd8W9sk7wzlX39K25JgZUt+xXu1mNX275LdMrcwJmz8zwrptH82ia6OMeEZzE6hNV15FcEKHckPFHfOFtB4DB+EIrVvun8+U7a2WACdXuhAUJVzq8pb+TNEsb1qgxxnMOffkpmEau230lqSYpWfG9wrm4pQg0k8ONg9aBpOmXtOw=
GqY/pFM6o/xr20eNt/3Osild1vs8sT8wEDoMD3CO6dQUHX2Wli7e34zSDVJ/wTfc/9gnCuow1w5NX5MDAQlS1LsY0eU9jTd4tAE=
iSaRQH4jmWFETo7NqIUUCsh6o6hnuKqpwATC5ywZJS9gcwSNZIgMaF03Of9P9SuViWPmKCPBMtGUWlqWFdk2+l5cY+3hPJuizhvRsF6631mTrXO0wmL+byCu7E1euVBBUPuW5KuiB8lQ+iewwGLPXQ/M22PD7zmDDGHV19mXKEQqfPNa5UUcu1VttEpgjDBzs7sHBBbtaiDHa9p5OwvGQb5Ofc5di8VVjSdj2J+5COTjZYEieikJowLnvQ6+/UCzCLFv8b5qGGtLKW++/zUX3STVrv2OeKXzOy/wmfJl0bSq
DxoI3ccF7QKncYtQh60HqU6Snp7Dn5E0LaTSxDhaaqOpGpChThMggbRxt4InLN8Ht6R77As2hVCJEcGNU2WYvvKGwEfRO8pn8Xrc81RwKSJfwMB3lEkXmVRXMeNH78HReRVgLiSAQdlwrDxN7EDNnl5I91Z5rhuV+05LRAm35EveEP6A4/sTPMdf5g0i38PCCfSwY1udmL7RIcVGtTmB/wy+ChjNAp3EbagU0vfHNLI3UvYvf957W71m0uOjn1Mp00wVmww/g2JDRFLSWzgtFaedCbsOkgsCVctlzxvutKs=
uTaLXkOsJqUKTCc3a7MoIP3gzraD0paY4cp1QPCS2PdmnJlFITn0ovODfCe1+rZS/UrHdXkvo3UIbkDPrPhBfzO3ZXw3N2jPcLrHMGCir10vjDDmZC9ZgywhNVd5V0hEyjxT2oWFPLu1LRTKAEwQc1P7p4R2LUogJyt6+VvL5kGejh1O/cslVa3nA1g/+ejkw6Xhotpp6aMiJ92OHr2gs2hxz3FeKjhrK+nPPh91N91EFQ59bjiF81vvUBkSJfG0ig==
sOallCjrI36blpYrFw5fcJ1V23Bq2Cejqn0Lnd7i/B2+f5H78Tth1Bw77frLsBL6att163BontnCk0B10ATEL/BjZEOWZTuR0ZF7l//XXbwGN5ukg1D4HT9cxaPHzwh12c0z1cHXdQd4MADqcS9M7nSCLBWzOLLzjuj9JIsDZ6zjKr1NJA2Swibeh9HjCrtd7gM2xeMkJYaInZ/XyGgNg63oQYMBeYAskoZp6C2y0WrcnKMd1JRbYA4Re9RrTaEE+g2X5RPvHx5NReiV89S/xtpcz6KNcwtvscVKWNtUCemN4W/UtK0=
sL/yFM6E770jlgxo43Kaap1V23Bq2Cejqn0Lnd7i/B2+f5H78Tth1Bw77frLsBL6att163BontnFkUB10ATEL/BjZUOWZTuR0ZF7l//XXbwGN5ukg1D4HT9cxaPHzwh12c0z1cHXdQd4MADqcS9M7nSCLBWzOLLzjuj9JIsDZ6zjKr1NJA2Swibeh9HjCrtd7gM2xeMkJYaInZ/XyGgNg63oQYMBeYAskoZp6C2y0WrcnKMd1JRbYA4Re9RrTaEE+g2X5RPvHx5NReiV89S/xtpcz6KNcwtvscVKWNtUCemN4W/UtK0=
K0bRZBdugI3bZgV4ebsA251V23Bq2Cejqn0Lnd7i/B2+f5H78Tth1Bw77frLsBL6att163BontnCk0B10ATEL/BjakOWZTuR0ZF7l//XXbwGN5ukg1D4HT9cxaPHzwh12c0z1cHXdQd4MADqcS9M7nSCLBWzOLLzjuj9JIsDZ6zjKr1NJA2Swibeh9HjCrtd7gM2xeMkJYaInZ/XyGgNg63oQYMBeYAskoZp6C2y0WrcnKMd1JRbYA4Re9RrTaEE+g2X5RPvHx5NReiV89S/xtpcz6KNcwtvscVKWNtUCemN4W/UtK0=
eRIShWO4icuKitxqnbybVZ1V23Bq2Cejqn0Lnd7i/B2+f5H78Tth1Bw77frLsBL6att163BontnFkUB10ATEL/Bja0OWZTuR0ZF7l//XXbwGN5ukg1D4HT9cxaPHzwh12c0z1cHXdQd4MADqcS9M7nSCLBWzOLLzjuj9JIsDZ6zjKr1NJA2Swibeh9HjCrtd7gM2xeMkJYaInZ/XyGgNg63oQYMBeYAskoZp6C2y0WrcnKMd1JRbYA4Re9RrTaEE+g2X5RPvHx5NReiV89S/xtpcz6KNcwtvscVKWNtUCemN4W/UtK0=
ni8ATCI/8c+Xlo27CSayc51V23Bq2Cejqn0Lnd7i/B2+f5H78Tth1Bw77frLsBL6att163BontnCk0B10ATEL/BjaEOWZTuR0ZF7l//XXbwGN5ukg1D4HT9cxaPHzwh12c0z1cHXdQd4MADqcS9M7nSCLBWzOLLzjuj9JIsDZ6zjKr1NJA2Swibeh9HjCrtd7gM2xeMkJYaInZ/XyGgNg63oQYMBeYAskoZp6C2y0WrcnKMd1JRbYA4Re9RrTaEE+g2X5RPvHx5NReiV89S/xtpcz6KNcwtvscVKWNtUCemN4W/UtK0=
0Vwa5cj7I7UuAqphm7Zzyp1V23Bq2Cejqn0Lnd7i/B2+f5H78Tth1Bw77frLsBL6att163BontnFkUB10ATEL/BjaUOWZTuR0ZF7l//XXbwGN5ukg1D4HT9cxaPHzwh12c0z1cHXdQd4MADqcS9M7nSCLBWzOLLzjuj9JIsDZ6zjKr1NJA2Swibeh9HjCrtd7gM2xeMkJYaInZ/XyGgNg63oQYMBeYAskoZp6C2y0WrcnKMd1JRbYA4Re9RrTaEE+g2X5RPvHx5NReiV89S/xtpcz6KNcwtvscVKWNtUCemN4W/UtK0=
daiyEK2ZObgImtm6US4lRZ1V23Bq2Cejqn0Lnd7i/B2+f5H78Tth1Bw77frLsBL6att163BontnCk0B10ATEL/BjbkOWZTuR0ZF7l//XXbwGN5ukg1D4HT9cxaPHzwh12c0z1cHXdQd4MADqcS9M7nSCLBWzOLLzjuj9JIsDZ6zjKr1NJA2Swibeh9HjCrtd7gM2xeMkJYaInZ/XyGgNg63oQYMBeYAskoZp6C2y0WrcnKMd1JRbYA4Re9RrTaEE+g2X5RPvHx5NReiV89S/xtpcz6KNcwtvscVKWNtUCemN4W/UtK0=
c/Za70P+z9hWEgwqw0h2W51V23Bq2Cejqn0Lnd7i/B2+f5H78Tth1Bw77frLsBL6att163BontnFkUB10ATEL/Bjb0OWZTuR0ZF7l//XXbwGN5ukg1D4HT9cxaPHzwh12c0z1cHXdQd4MADqcS9M7nSCLBWzOLLzjuj9JIsDZ6zjKr1NJA2Swibeh9HjCrtd7gM2xeMkJYaInZ/XyGgNg63oQYMBeYAskoZp6C2y0WrcnKMd1JRbYA4Re9RrTaEE+g2X5RPvHx5NReiV89S/xtpcz6KNcwtvscVKWNtUCemN4W/UtK0=
MsGtY8/LUnpj4J7+EePedZ1V23Bq2Cejqn0Lnd7i/B2+f5H78Tth1Bw77frLsBL6att163BontnCk0B10ATEL/BjbEOWZTuR0ZF7l//XXbwGN5ukg1D4HT9cxaPHzwh12c0z1cHXdQd4MADqcS9M7nSCLBWzOLLzjuj9JIsDZ6zjKr1NJA2Swibeh9HjCrtd7gM2xeMkJYaInZ/XyGgNg63oQYMBeYAskoZp6C2y0WrcnKMd1JRbYA4Re9RrTaEE+g2X5RPvHx5NReiV89S/xtpcz6KNcwtvscVKWNtUCemN4W/UtK0=
N/GLQ4tjzJ3XEi/BrNRDo51V23Bq2Cejqn0Lnd7i/B2+f5H78Tth1Bw77frLsBL6att163BontnFkUB10ATEL/BjbUOWZTuR0ZF7l//XXbwGN5ukg1D4HT9cxaPHzwh12c0z1cHXdQd4MADqcS9M7nSCLBWzOLLzjuj9JIsDZ6zjKr1NJA2Swibeh9HjCrtd7gM2xeMkJYaInZ/XyGgNg63oQYMBeYAskoZp6C2y0WrcnKMd1JRbYA4Re9RrTaEE+g2X5RPvHx5NReiV89S/xtpcz6KNcwtvscVKWNtUCemN4W/UtK0=
1PK0w00fBVDXq+o12Xs3zZ1V23Bq2Cejqn0Lnd7i/B2+f5H78Tth1Bw77frLsBL6att163BontnCk0B10ATEL/BjZEKWZTuR0ZF7l//XXbwGN5ukg1D4HT9cxaPHzwh12c0z1cHXdQd4MADqcS9M7nSCLBWzOLLzjuj9JIsDZ6zjKr1NJA2Swibeh9HjCrtd7gM2xeMkJYaInZ/XyGgNg63oQYMBeYAskoZp6C2y0WrcnKMd1JRbYA4Re9RrTaEE+g2X5RPvHx5NReiV89S/xtpcz6KNcwtvscVKWNtUCemN4W/UtK0=
97eRJBUuYNfn1W1/YOw+kp1V23Bq2Cejqn0Lnd7i/B2+f5H78Tth1Bw77frLsBL6att163BontnFkUB10ATEL/BjZUKWZTuR0ZF7l//XXbwGN5ukg1D4HT9cxaPHzwh12c0z1cHXdQd4MADqcS9M7nSCLBWzOLLzjuj9JIsDZ6zjKr1NJA2Swibeh9HjCrtd7gM2xeMkJYaInZ/XyGgNg63oQYMBeYAskoZp6C2y0WrcnKMd1JRbYA4Re9RrTaEE+g2X5RPvHx5NReiV89S/xtpcz6KNcwtvscVKWNtUCemN4W/UtK0=
IlzPojZWlwB3MnbhlNb+6J1V23Bq2Cejqn0Lnd7i/B2+f5H78Tth1Bw77frLsBL6att163BontnCk0B10ATEL/BjakKWZTuR0ZF7l//XXbwGN5ukg1D4HT9cxaPHzwh12c0z1cHXdQd4MADqcS9M7nSCLBWzOLLzjuj9JIsDZ6zjKr1NJA2Swibeh9HjCrtd7gM2xeMkJYaInZ/XyGgNg63oQYMBeYAskoZp6C2y0WrcnKMd1JRbYA4Re9RrTaEE+g2X5RPvHx5NReiV89S/xtpcz6KNcwtvscVKWNtUCemN4W/UtK0=
l2wVGGZwZIKhrC7/PYdf951V23Bq2Cejqn0Lnd7i/B2+f5H78Tth1Bw77frLsBL6att163BontnFkUB10ATEL/Bja0KWZTuR0ZF7l//XXbwGN5ukg1D4HT9cxaPHzwh12c0z1cHXdQd4MADqcS9M7nSCLBWzOLLzjuj9JIsDZ6zjKr1NJA2Swibeh9HjCrtd7gM2xeMkJYaInZ/XyGgNg63oQYMBeYAskoZp6C2y0WrcnKMd1JRbYA4Re9RrTaEE+g2X5RPvHx5NReiV89S/xtpcz6KNcwtvscVKWNtUCemN4W/UtK0=
n4HaNFYHtGUjmlGqfy3H4J1V23Bq2Cejqn0Lnd7i/B2+f5H78Tth1Bw77frLsBL6att163BontnCk0B10ATEL/BjaEKWZTuR0ZF7l//XXbwGN5ukg1D4HT9cxaPHzwh12c0z1cHXdQd4MADqcS9M7nSCLBWzOLLzjuj9JIsDZ6zjKr1NJA2Swibeh9HjCrtd7gM2xeMkJYaInZ/XyGgNg63oQYMBeYAskoZp6C2y0WrcnKMd1JRbYA4Re9RrTaEE+g2X5RPvHx5NReiV89S/xtpcz6KNcwtvscVKWNtUCemN4W/UtK0=
wLI+GMNku5ksFmR7dLvesp1V23Bq2Cejqn0Lnd7i/B2+f5H78Tth1Bw77frLsBL6att163BontnFkUB10ATEL/BjaUKWZTuR0ZF7l//XXbwGN5ukg1D4HT9cxaPHzwh12c0z1cHXdQd4MADqcS9M7nSCLBWzOLLzjuj9JIsDZ6zjKr1NJA2Swibeh9HjCrtd7gM2xeMkJYaInZ/XyGgNg63oQYMBeYAskoZp6C2y0WrcnKMd1JRbYA4Re9RrTaEE+g2X5RPvHx5NReiV89S/xtpcz6KNcwtvscVKWNtUCemN4W/UtK0=
mDJNaMLscmLq5RfNp3fxs51V23Bq2Cejqn0Lnd7i/B2+f5H78Tth1Bw77frLsBL6att163BontnCk0B10ATEL/BjbkKWZTuR0ZF7l//XXbwGN5ukg1D4HT9cxaPHzwh12c0z1cHXdQd4MADqcS9M7nSCLBWzOLLzjuj9JIsDZ6zjKr1NJA2Swibeh9HjCrtd7gM2xeMkJYaInZ/XyGgNg63oQYMBeYAskoZp6C2y0WrcnKMd1JRbYA4Re9RrTaEE+g2X5RPvHx5NReiV89S/xtpcz6KNcwtvscVKWNtUCemN4W/UtK0=
qiczmGNSeyGXLUX0inLkL51V23Bq2Cejqn0Lnd7i/B2+f5H78Tth1Bw77frLsBL6att163BontnFkUB10ATEL/Bjb0KWZTuR0ZF7l//XXbwGN5ukg1D4HT9cxaPHzwh12c0z1cHXdQd4MADqcS9M7nSCLBWzOLLzjuj9JIsDZ6zjKr1NJA2Swibeh9HjCrtd7gM2xeMkJYaInZ/XyGgNg63oQYMBeYAskoZp6C2y0WrcnKMd1JRbYA4Re9RrTaEE+g2X5RPvHx5NReiV89S/xtpcz6KNcwtvscVKWNtUCemN4W/UtK0=
QZH19FPf+7nYtzb9WyDPSp1V23Bq2Cejqn0Lnd7i/B2+f5H78Tth1Bw77frLsBL6att163BontnCk0B10ATEL/BjbEKWZTuR0ZF7l//XXbwGN5ukg1D4HT9cxaPHzwh12c0z1cHXdQd4MADqcS9M7nSCLBWzOLLzjuj9JIsDZ6zjKr1NJA2Swibeh9HjCrtd7gM2xeMkJYaInZ/XyGgNg63oQYMBeYAskoZp6C2y0WrcnKMd1JRbYA4Re9RrTaEE+g2X5RPvHx5NReiV89S/xtpcz6KNcwtvscVKWNtUCemN4W/UtK0=
/lCFCgnvt+GcmIyOChmaV51V23Bq2Cejqn0Lnd7i/B2+f5H78Tth1Bw77frLsBL6att163BontnFkUB10ATEL/BjbUKWZTuR0ZF7l//XXbwGN5ukg1D4HT9cxaPHzwh12c0z1cHXdQd4MADqcS9M7nSCLBWzOLLzjuj9JIsDZ6zjKr1NJA2Swibeh9HjCrtd7gM2xeMkJYaInZ/XyGgNg63oQYMBeYAskoZp6C2y0WrcnKMd1JRbYA4Re9RrTaEE+g2X5RPvHx5NReiV89S/xtpcz6KNcwtvscVKWNtUCemN4W/UtK0=
7RSgoalrLWqdN6pfiUt+4FOs+N9hxj0QH651Soy0pjmNPA3vs5Eh7PNZA6fPO3wdKHFancojp7ywZFadM7pMfnckM65NnAh16vUxWK/C6qFmRqNnnyvUxha3rumXtS2tMzWG7SLtbDYB34N2TwD9fydTsOmpkQvJwctNWwisuHaR83SyBJ8Axm3kCmb/tEX4ax9fsJN2BdGkkSqeVsK/zQPWAwGen44ZI/gdmvjBpwso9LUf3bR5nwFluHDiGtF0zW7pNqyAm8EUSOP8fk3DCItRmRiKUS95k3OnQj1Z0IkTCAeaqsB3fk2vM3PBmXKEO8ixdf29V8i0sQ==
BabZov1bg8mJuZVHwonRqZ1V23Bq2Cejqn0Lnd7i/B2+f5H78Tth1Bw77frLsBL6att163BontnFkUB10ATEL/BjZE2WZTuR0ZF7l//XXbwGN5ukg1D4HT9cxaPHzwh12c0z1cHXdQd4MADqcS9M7nSCLBWzOLLzjuj9JIsDZ6zjKr1NJA2Swibeh9HjCrtd7gM2xeMkJYaInZ/XyGgNg63oQYMBeYAskoZp6C2y0WrcnKMd1JRbYA4Re9RrTaEE+g2X5RPvHx5NReiV89S/xtpcz6KNcwtvscVKWNtUCemN4W/UtK0=
0Tt2/8k8tmJmxbJZsXUgPKJhi8Z8dje0YUtkJ7+jWhuH5sXFKF4Szvm18eA8OsEBDHQ/1RTwGaXWuaZuM/uXupBNXIJpdvMTNaJPxoDP1Cmd9+Zqqn6Q+rWxPnGpeyWTdD9qah5lPK1aQVrv9MxZZk2Z+h6VOEL2Jf1lmBmr8YsTkwZlp/87Q2IEYKgR8pfBliv/CQaCothaU1mvBQwkCUBwja8o0VmfTME02h9mr0+PBafDUdCdreLEiTFD6shNozOIY8+mXCkK80JljdnMbhJ7YU1ddj1hfX3OQSx1PJwPo3HrArGQcdu0oA==
7RSgoalrLWqdN6pfiUt+4FOs+N9hxj0QH651Soy0pjmNPA3vs5Eh7PNZA6fPO3wdKHFancojp7ywZFadM7pMfnckM65NnAh16vUxWK/C6qFmRqNnnyvUxha3rumXtS2tMzWG7SLtbDYB34N2TwD9fydTsOmpkQvJwctNWwisuHaR83SyBJ8Axm3kCmb/tEX4ax9fsJN2BdGkkSqeVsK/zQPWAwGen44ZI/gdmvjBpwso9LUf3bR5nwFluHDiGtF0zW7pNqyAm8EUSOP8fk3DCItRmRiKUS95k3OnQj1Z0IkTCAeaqsB3fk2vM3PBmXKEO8ixdf29V8i0sQ==
0Tt2/8k8tmJmxbJZsXUgPKJhi8Z8dje0YUtkJ7+jWhuH5sXFKF4Szvm18eA8OsEBDHQ/1RTwGaXWuaZuM/uXupBNXIJpdvMTNaJPxoDP1Cmd9+Zqqn6Q+rWxPnGpeyWTdD9qah5lPK1aQVrv9MxZZk2Z+h6VOEL2Jf1lmBmr8YsTkwZlp/87Q2IEYKgR8pfBliv/CQaCothaU1mvBQwkCUBwja8o0VmfTME02h9mr0+PBafDUdCdreLEiTFD6shNozOIY8+mXCkK80JljdnMbhJ7YU1ddj1hfX3OQSx1PJwPo3HrArGQcdu0oA==
7RSgoalrLWqdN6pfiUt+4FOs+N9hxj0QH651Soy0pjmNPA3vs5Eh7PNZA6fPO3wdKHFancojp7ywZFadM7pMfnckM65NnAh16vUxWK/C6qFmRqNnnyvUxha3rumXtS2tMzWG7SLtbDYB34N2TwD9fydTsOmpkQvJwctNWwisuHaR83SyBJ8Axm3kCmb/tEX4ax9fsJN2BdGkkSqeVsK/zQPWAwGen44ZI/gdmvjBpwso9LUf3bR5nwFluHDiGtF0zW7pNqyAm8EUSOP8fk3DCItRmRiKUS95k3OnQj1Z0IkTCAeaqsB3fk2vM3PBmXKEO8ixdf29V8i0sQ==
0Tt2/8k8tmJmxbJZsXUgPKJhi8Z8dje0YUtkJ7+jWhuH5sXFKF4Szvm18eA8OsEBDHQ/1RTwGaXWuaZuM/uXupBNXIJpdvMTNaJPxoDP1Cmd9+Zqqn6Q+rWxPnGpeyWTdD9qah5lPK1aQVrv9MxZZk2Z+h6VOEL2Jf1lmBmr8YsTkwZlp/87Q2IEYKgR8pfBliv/CQaCothaU1mvBQwkCUBwja8o0VmfTME02h9mr0+PBafDUdCdreLEiTFD6shNozOIY8+mXCkK80JljdnMbhJ7YU1ddj1hfX3OQSx1PJwPo3HrArGQcdu0oA==
7RSgoalrLWqdN6pfiUt+4FOs+N9hxj0QH651Soy0pjmNPA3vs5Eh7PNZA6fPO3wdKHFancojp7ywZFadM7pMfnckM65NnAh16vUxWK/C6qFmRqNnnyvUxha3rumXtS2tMzWG7SLtbDYB34N2TwD9fydTsOmpkQvJwctNWwisuHaR83SyBJ8Axm3kCmb/tEX4ax9fsJN2BdGkkSqeVsK/zQPWAwGen44ZI/gdmvjBpwso9LUf3bR5nwFluHDiGtF0zW7pNqyAm8EUSOP8fk3DCItRmRiKUS95k3OnQj1Z0IkTCAeaqsB3fk2vM3PBmXKEO8ixdf29V8i0sQ==
0Tt2/8k8tmJmxbJZsXUgPKJhi8Z8dje0YUtkJ7+jWhuH5sXFKF4Szvm18eA8OsEBDHQ/1RTwGaXWuaZuM/uXupBNXIJpdvMTNaJPxoDP1Cmd9+Zqqn6Q+rWxPnGpeyWTdD9qah5lPK1aQVrv9MxZZk2Z+h6VOEL2Jf1lmBmr8YsTkwZlp/87Q2IEYKgR8pfBliv/CQaCothaU1mvBQwkCUBwja8o0VmfTME02h9mr0+PBafDUdCdreLEiTFD6shNozOIY8+mXCkK80JljdnMbhJ7YU1ddj1hfX3OQSx1PJwPo3HrArGQcdu0oA==
AizlPz70R36OWybQ7IXYIMXSv8VuqDuJe64HyrCl1qvIBgA9U3j/N341kUrzk7UpRQXYMRdEVtwdkNhFYkNk8pJrCbKoWt/OJLZmp0x9BYSIPi/JJ1ezhhXPBbbKVhbkNZA7qbqO7Jrnv60NEpmMeeSFHqQh5vXM7s27IDJIfqMfrP0pNsOQQSgTx7fRqlwa09iklezOaLPOD6ca7A546t1YFCotnnK98T2K9bSKwWc7Db/SIGJhOx+ES6IMv5V0XpbQY/UV1zGUODOuLGbQJdVRCsnAtge+e8W3KiQS4dxMFBB15v5QCNWnPFYSeJ3ko/ww5F8RXXHvPllnP3bLWcwfWroPBXP1uI5Qj1xYEX9jF5U8J9fYT6Cat/Dx1pBDXyyiqVfPCQPcASWXyTeYRJrc45qVpUw7ZU0kCpDs4HNjGzfEhg0aoJdLajkrazZBTi5tju2rldX9x/MYrxnY5DMFcWLqCTkjUgfNzq5d8LO4EX+xTgrI63sJ/36P1UfcdHWevR4YVXPrD0BZ4oWhtNo=
7nLr06Ep2HwiRpHTlnrTIqo9pxtdZByKd1Un1BDgcbTR2HUl0bpsHig+kegBjXiN/gxHNmuiUFSyGYV/h54pjjRNl6wLWlGTf66WGWSRawU7RkRN9OCdVgkIbvhtospT4IV0gApELTsAZyJ6zTqh+38vGYEvsVDwWK6Eow98/AseDZPKViINV627WdUB8LvYrF8a1tKrgd3Qk5vjbcAmNfiruqgCK+7sUDnFrI9dGR0sosee51BmsRz6s5IGzD51KSaEyyxPB1S7POkpakTi5aATZZAbRR0xaDzWFueQ1j0k8sx5Du9x5/BbMMhVK3p7Hr4ERtYfkA4vhrkifB47hqA46ZllBR7u69htxRznA9Xekv/mnRqolkmj5w14UEyooMOTqvYd7RaBwvsBM3L74BF7ZL+2jK6EW1czaE8jFmn60wN2ISggpyNx+KqZnfViLXWBi+Si2pz1Lj0QZVRkNq9LdIafDuZrh7Kbz3VaYke7U9Pdu9BFn7STozbLOKK2gzTsoY9BmX92fmsWHXdV64OitN8=
OXTuw++6ajQEiYtYn7JjnmZpaBfsBcG4zYVQDfrp72tqhC5X3WDx56BO+mJFJeTYQNPebmLLLoegeVQ45Rsae2SBZLdf5Xgmn3jEWTI353mHNwENGOakp68wMv0C2ASycH8KEbMEPlJpETFb1bbTY5MubJoghAOcHfHsImoqgfN7FRT1urlS6Zg896qT/Ojh7XiUxMjDqWDbMSDvVvFOn1Fvl8ZqGuW04k16Qg4DCCOxAsrCzopr1LJye7J0jZdxXG0y5nenDWG5yvYuB4uZKB36KrOjFGhadvtjuREB8jQldmoKZqVjPUwR1rphjr1pIbKC3te8ehg2LbBS1riz6+pOFBSrJBWQtnyJXTtB6RIPP5n6fTl603yiGSm1Rd4CxlcaNCd/VXvT5LFbvv9mtqHo1xomI+mgBPEB4w8zuk3zD09bLoSssOWCQ+kqi+PhclK24NYTVdeRXBCh3JDxR3zhbQeAwfhCK1b7p/PlO2tlgAnV7oQFCVc6vKW/kzRLG9aoMcZzDn35KZhGrtt9JakmKVnxvMK5uKUINJPDjYPWgaTpl7Ts
gJnRW7MAnzEi4XdVm5m3R43I6O7gGZlDZugHn4ERMjTg4w+2zFvrfmwypnGq1cgIS9EosKqt5sBtPIGV6Xz4omixNUcUtYeXkDMsOOZd5S4PMuNSv+m2+2kSfOk3exDD9DW7SVNyRHGMpG36gZyOJDXG2l/I8bR8ssCd18gzAmbVHvE3l5uZPdd1INxQuuT/15hsh7b507ZuJj075W/5SZlUa5TEaxrqqu9xcVgHez81pDY50N96VLqvXgCYbeWwl3lJ0cQWRyIflBadFO7Tzt4orvmB0sS3FEs3OPPoSbXy4DKpyCdlrGMB7Z3gqDbKv/TGMQyGDIW2a8ELOA8Q1E0PKrf2CoT6LtvgIieS2X6k+qsKCMyp5V0BLoKjDM1ZhEPTmbam/9rlXlg6wTcH0SA0XKSIt1NWTpld+kmW2x0rVqss+c/kA05I3qhTQ1M0l8eG5VInQwoZLBDLa6VYNgE5JS5FQYG3nOYqMH263cw9MHQ6hz+0eieKVodP5rvTbX4yi1PnU2FDFDWzvIfDahPcMjorwKzdt0WpEz6qy4qF04Wn65a04w==
gJnRW7MAnzEi4XdVm5m3R43I6O7gGZlDZugHn4ERMjTg4w+2zFvrfmwypnGq1cgIS9EosKqt5sBtPIGV6Xz4omixNUcUtYeXkDMsOOZd5S4PMuNSv+m2+2kSfOk3exDD9DW7SVNyRHGMpG36gZyOJDXG2l/I8bR8ssCd18gzAmbVHvE3l5uZPdd1INxQuuT/15hsh7b507ZuJj075W/5SZlUa5TEaxrqqu9xcVgHez81pDY50N96VLqvXgCYbeWwl3lJ0cQWRyIflBadFO7Tzt4orvmB0sS3FEs3OPPoSbXy4DKpyCdlrGMB7Z3gqDbKv/TGMQyGDIW2a8ELOA8Q1E0PKrf2CoT6LtvgIieS2X6k+qsKCMyp5V0BLoKjDM1ZhEPTmbam/9rlXlg6wTcH0SA0XKSIt1NWTpld+kmW2x0rVqss+c/kA05I3qhTQ1M0l8eG5VInQwoZLBDLa6VYNgE5JS5FQYG3nOYqMH263cw9MHQ6hz+0eieKVodP5rvTbX4yi1PnU2FDFDWzvIfDahPcMjorwKzdt0WpEz6qy4qF04Wn65a04w==
b25s5fdwExDyIphXvtvuKrJjNC3i6qW5sIy7MbZHSRotcOwfdD6peaA8PmnXj6ms+pYEQqGsVKII/SH/Dmh2DJjnK8IbqieLMBTjM6LnFQAPhh2TA5Fr5d7jpfPEx2AGNSRF1r7CCbTSUdzrVKr+gmVprJmS4EmMWVkjYdlL+5c4wlSwlNkrqiRJYqNzIOKkhcVBBSmPxQaDurBRGtzGzakvHM3LWYlWvrdERRoCdm0mPnxH9baLa2E/8GyH1LP2jgOQZCNooppmt9UI5KEYSQ9G1wIZ8y4yWgc8neUaj6O1QyTiBiyDhs4/GJzsU/opObVcpYBS0Z2C2ULwxIwCOfg8I5ipWFjI48Tclglz0YOWfAdmHZ/YETu3wpz/7Il8gGSF/be3nMbUKhwtMwCCWyXErbzLGzdEg8LNtST14ipGNtfJo5LrdU6rBv1jHBUuKLVPTwhw3etNgLH7AQFwRHLuufDtKgFCfDSTJVSsa8iuOStMK1Xx7Jrl5x0TF2/2La24jbNM7+569P+aDEs7xxHtmsAbTNmBbYmfrLTV
H2W6US1s7O+vbVmaQBA46VOs+N9hxj0QH651Soy0pjmNPA3vs5Eh7PNZA6fPO3wdKHFancojp7ywZFadM7pMfnckM65NnAh16vUxWK/C6qFmRqNnnyvUxha3rumXtS2tMzWG7SLtbDYB34N2TwD9fydTsOmpkQvJwctNWwisuHaR83SyBJ8Axm3kCmb/tEX4ax9fsJN2BdGkkSqeVsK/zQPWAwGen44ZI/gdmvjBpwso9LUf3bR5nwFluHDiGtF0zW7pNqyAm8EUSOP8fk3DCItRmRiKUS95k3OnQj1Z0IkTCAeaqsB3fkyvM3PBmXKEO8ixdf29V8i0sQ==
SN5CGRn6rbCV+gbgQ66+kKJhi8Z8dje0YUtkJ7+jWhuH5sXFKF4Szvm18eA8OsEBDHQ/1RTwGaXWuaZuM/uXupBNXIJpdvMTNaJPxoDP1Cmd9+Zqqn6Q+rWxPnGpeyWTdD9qah5lPK1aQVrv9MxZZk2Z+h6VOEL2Jf1lmBmr8YsTkwZlp/87Q2IEYKgR8pfBliv/CQaCothaU1mvBQwkCUBwja8o0VmfTME02h9mr0+PBafDUdCdreLEiTFD6shNozOIY8+mXCkK80JljdnMbhJ7YU1ddj1hfXzOQSx1PJwPo3HrArGQcdu0oA==
H2W6US1s7O+vbVmaQBA46VOs+N9hxj0QH651Soy0pjmNPA3vs5Eh7PNZA6fPO3wdKHFancojp7ywZFadM7pMfnckM65NnAh16vUxWK/C6qFmRqNnnyvUxha3rumXtS2tMzWG7SLtbDYB34N2TwD9fydTsOmpkQvJwctNWwisuHaR83SyBJ8Axm3kCmb/tEX4ax9fsJN2BdGkkSqeVsK/zQPWAwGen44ZI/gdmvjBpwso9LUf3bR5nwFluHDiGtF0zW7pNqyAm8EUSOP8fk3DCItRmRiKUS95k3OnQj1Z0IkTCAeaqsB3fkyvM3PBmXKEO8ixdf29V8i0sQ==
SN5CGRn6rbCV+gbgQ66+kKJhi8Z8dje0YUtkJ7+jWhuH5sXFKF4Szvm18eA8OsEBDHQ/1RTwGaXWuaZuM/uXupBNXIJpdvMTNaJPxoDP1Cmd9+Zqqn6Q+rWxPnGpeyWTdD9qah5lPK1aQVrv9MxZZk2Z+h6VOEL2Jf1lmBmr8YsTkwZlp/87Q2IEYKgR8pfBliv/CQaCothaU1mvBQwkCUBwja8o0VmfTME02h9mr0+PBafDUdCdreLEiTFD6shNozOIY8+mXCkK80JljdnMbhJ7YU1ddj1hfXzOQSx1PJwPo3HrArGQcdu0oA==
H2W6US1s7O+vbVmaQBA46VOs+N9hxj0QH651Soy0pjmNPA3vs5Eh7PNZA6fPO3wdKHFancojp7ywZFadM7pMfnckM65NnAh16vUxWK/C6qFmRqNnnyvUxha3rumXtS2tMzWG7SLtbDYB34N2TwD9fydTsOmpkQvJwctNWwisuHaR83SyBJ8Axm3kCmb/tEX4ax9fsJN2BdGkkSqeVsK/zQPWAwGen44ZI/gdmvjBpwso9LUf3bR5nwFluHDiGtF0zW7pNqyAm8EUSOP8fk3DCItRmRiKUS95k3OnQj1Z0IkTCAeaqsB3fkyvM3PBmXKEO8ixdf29V8i0sQ==
SN5CGRn6rbCV+gbgQ66+kKJhi8Z8dje0YUtkJ7+jWhuH5sXFKF4Szvm18eA8OsEBDHQ/1RTwGaXWuaZuM/uXupBNXIJpdvMTNaJPxoDP1Cmd9+Zqqn6Q+rWxPnGpeyWTdD9qah5lPK1aQVrv9MxZZk2Z+h6VOEL2Jf1lmBmr8YsTkwZlp/87Q2IEYKgR8pfBliv/CQaCothaU1mvBQwkCUBwja8o0VmfTME02h9mr0+PBafDUdCdreLEiTFD6shNozOIY8+mXCkK80JljdnMbhJ7YU1ddj1hfXzOQSx1PJwPo3HrArGQcdu0oA==
H2W6US1s7O+vbVmaQBA46VOs+N9hxj0QH651Soy0pjmNPA3vs5Eh7PNZA6fPO3wdKHFancojp7ywZFadM7pMfnckM65NnAh16vUxWK/C6qFmRqNnnyvUxha3rumXtS2tMzWG7SLtbDYB34N2TwD9fydTsOmpkQvJwctNWwisuHaR83SyBJ8Axm3kCmb/tEX4ax9fsJN2BdGkkSqeVsK/zQPWAwGen44ZI/gdmvjBpwso9LUf3bR5nwFluHDiGtF0zW7pNqyAm8EUSOP8fk3DCItRmRiKUS95k3OnQj1Z0IkTCAeaqsB3fkyvM3PBmXKEO8ixdf29V8i0sQ==
SN5CGRn6rbCV+gbgQ66+kKJhi8Z8dje0YUtkJ7+jWhuH5sXFKF4Szvm18eA8OsEBDHQ/1RTwGaXWuaZuM/uXupBNXIJpdvMTNaJPxoDP1Cmd9+Zqqn6Q+rWxPnGpeyWTdD9qah5lPK1aQVrv9MxZZk2Z+h6VOEL2Jf1lmBmr8YsTkwZlp/87Q2IEYKgR8pfBliv/CQaCothaU1mvBQwkCUBwja8o0VmfTME02h9mr0+PBafDUdCdreLEiTFD6shNozOIY8+mXCkK80JljdnMbhJ7YU1ddj1hfXzOQSx1PJwPo3HrArGQcdu0oA==
H2W6US1s7O+vbVmaQBA46VOs+N9hxj0QH651Soy0pjmNPA3vs5Eh7PNZA6fPO3wdKHFancojp7ywZFadM7pMfnckM65NnAh16vUxWK/C6qFmRqNnnyvUxha3rumXtS2tMzWG7SLtbDYB34N2TwD9fydTsOmpkQvJwctNWwisuHaR83SyBJ8Axm3kCmb/tEX4ax9fsJN2BdGkkSqeVsK/zQPWAwGen44ZI/gdmvjBpwso9LUf3bR5nwFluHDiGtF0zW7pNqyAm8EUSOP8fk3DCItRmRiKUS95k3OnQj1Z0IkTCAeaqsB3fkyvM3PBmXKEO8ixdf29V8i0sQ==
SN5CGRn6rbCV+gbgQ66+kKJhi8Z8dje0YUtkJ7+jWhuH5sXFKF4Szvm18eA8OsEBDHQ/1RTwGaXWuaZuM/uXupBNXIJpdvMTNaJPxoDP1Cmd9+Zqqn6Q+rWxPnGpeyWTdD9qah5lPK1aQVrv9MxZZk2Z+h6VOEL2Jf1lmBmr8YsTkwZlp/87Q2IEYKgR8pfBliv/CQaCothaU1mvBQwkCUBwja8o0VmfTME02h9mr0+PBafDUdCdreLEiTFD6shNozOIY8+mXCkK80JljdnMbhJ7YU1ddj1hfXzOQSx1PJwPo3HrArGQcdu0oA==
hmCic9XRn9ClEO0RwwoKehsZ/lsMbQb8zT+zwAk9qLZj9CVTqAbdlZAgF1JKwISknuS3gF1INzk+sSoHV42LXDPf1qDvy47TmXOCPhVwAHJxkZ1pT5wPHrpkX6oIfptXUZ36kJsc+bGtGX9ctCU=
fxXxRrNnZFv249LgM5fVIMfXeQQlnlnVSt2I1GohwHvxW44sW3RTaVRnz4W0SLe4atnC3gM9KOPdsKmQPXsBEzqfgBSkLTsfgal+YFE8+PkNC1ziX6FarO5kOeplP3Lgf9vyWeObDkF23qXudTt9lZX3CzjnSUBkq1W5gtJ5EeP6l1VuZm2Is0AhNxHWmmCrU/nHHscF31jppVadZii9s4Of2Lmq9Zm04g==
Xa7G9AdSVGCuTL8rEkBck1UuUueUikKiP5NYcoZmzX+Y0O7e6dv5RjlH2iJAzb8jeniX9ZNifvDc/jlE2w3pUcDPF9Z/rldXfEIOjeEKDV3mRKunvPGKAIZGHRfIqI3DrajBwwE5AGySxukoLXJRqtxcI93U1NsgDlH7lGsNIcT6zRclEy+f3k2FaNXzlD+G2hxP4oi2i6+xBcqY25SJqY2h75S07Q==
7mH07tk6Z80HGcX76VhqL+uO2RMt2ShHZoPXbQEO0Brfy+i6xi49J7go/tbp0+m+GR8qagAFD3uawAd9E+ruSLwmiQwbxZmJ4LcH3n+mRy9cmn5FIUK9hYb8Oy88eRq4Zh6t34jgfZuNUNHLATEQlLKeGWBtuuHyPOSzVVRcS5huiUvcq8VRHNq1By0TJ4+mbV0YHTPcj166pN9qCD4bF1FdelCb3HnxrVn/nLTl
/JbE0l5Lh9V2BxJhjfX+NBB10lyo2g+NgU0HYYoAKX3qIMc9/IjWIDEtsC761OnN1aRhCR548CsjkfLmIx/z1LKy5BBdfssL1UOo8cOcv3g79eTMiheRrNEvLprfjZyHhgL+aDltGG7xEQXWVUmBr6wOSgit8h0UTZjUQhe3NOKX4rY/Hy77i51WEnND71N5c/xVi2zPA7JjdJJCu0goQActSatuYovSdfulX/uetPs=
o+HQYhWlFKyuOIIm6ILaKf/4oRElyaLofUgnhaxAlnjBBZDW6tzp1eVMATHOMDDzUzlSnrOXc0wC2gSoDbaLUyVriAnTlL9gCx2E9FpfUXShh47iTwUcHzZqHtBppVg2ATklLkVBgbec5iowfbrdzD0wdDqHP7R6J4pWh0/mu9NtfjKLU+dTYUMUNbO8h8NqE9wyOivAqNi3RakTPqrLioXThafrlrTj
NsBiy1weia+4T9Xz9CCBn4zecwN1ilzOU8vbk3A6127xW44sW3RTaVRnz4W0SLe4atnC3gM9KOPdsKmQPXsBEzqfgBSkLTsfgal+YFE8+PkNC1ziX6FarO5kOeplP3Lgf9vyWeObDkF23qXudTt9lZX3CzjnSUBkq1W5gtJ5EeP6l1VuZm2Is0AhNxHWmmCrU/nHHscF31jppVadZii9s4Of2Lmq9Zm04g==
vx4gCzrukbLA40JTXokJZv/4vB0j27nhTUgnhaxAlnjBBZDW6tzp1eVMATHOMDDzUzlSnrOXc0wC2gSoDbaLUyVriAnTlL9gCx2E9FpfUXShh47iTwUcHzZqHtBppVg2ATklLkVBgbec5iowfbrdzD0wdDqHP7R6J4pWh0/mu9NtfjKLU+dTYUMUNbO8h8NqE9wyOivAqNi3RakTPqrLioXThafrlrTj
HDHxVaZ+ae7YeQa+4UGFExggGbmYCniS1YbVuVdZci3VX8rGrxfQ5iYyBTvINMbK6c/RomkDEnbgWTen6hw/IdO2VpTM+jFQ+1khFZArv0L/Ov+zLAbG2cEeBVn2IINz/CUiZBbClYNo/EWH/Uzp1wEtKIjCgiF8jebZLkw4iwmUAPNEHlXzgEtZ6YCqKb+xk7s3Oh3BoIHTgDeCynhnNshiI8shgUIMe8BB7d1Fx4C0+Q==
I/J5SSn14Fp77nYPa9YogBImfxsWOp64/41+KhV099GUrPZcKRmgIvLQ6dHtsBElNhwQF3tloqrrWzMIymZUfLXaa/dN9zh9Sxg/5INhFGAi8/EQCVv+VpdJ3Nt+Vs6EUUk4EuklFdpdTYGzlBo6JIWW/SgVbIQO3/P0Pu82BlP3ilt3BeKC/8tr0+XLaKUnxCtjDrsAQo7zjGgc/3l5RwZGq65tz7VT85q05w==
0odV9VvwKOi8XvSWbXYOJBMvYgwQOdeqr4NiIBA1w5+Ytv5JKRmgIvLQ6dHtsBElNhwQF3tloqrrWzMIymZUfLXaa/dN9zh9Sxg/5INhFGAi8/EQCVv+VpdJ3Nt+Vs6EUUk4EuklFdpdTYGzlBo6JIWW/SgVbIQO3/P0Pu82BlP3ilt3BeKC/8tr0+XLaKUnxCtjDrsAQo7zjGgc/3l5RwZGq65tz7VT85q05w==
uYo3qkXEffFFI/V7wGzEes7RUkHLkaU+ij8oliEVVX1vSIfaqgD3PkhqszPBWfJEO4gxtf391wi0cQ==
Q44dgDjViZsBgrf2GciK2I9d8kREad3BNHTEIZs7jcWZZlk5Qbg3mQjleJSjQ50jhsH0yQe0fA==
YJ8nt1uqvOIxzv/Vj77LGh+zeuFcYXO7qSFU1IL+N7/9P08j3jWEAqvpTz6fdbfYwRWOfe44BfPb79AZkiVxtAo=
1noqBTVtBOFkPlAtxPqC0pcBvR3SSuonovc+c4uISPXl7yg6kSUYe15Heb1lFrVRlfjjMaRVxCwX48n72hGYIXO0CA==
DjjWQ2iHO3ziAb3HDSk0zTYhPAqwJDDm9gMU2HBjGo/KPpSxy//twgMk0vKb2Ciw5/2Jm85yC6IVq+Xv2w60Cw==
uYo3qkXEffFFI/V7wGzEes7RUkHLkaU+ij8oliEVVX1vSIfaqgD3PkhqszPBWfJEO4gxtf391wi0cQ==
Q44dgDjViZsBgrf2GciK2I9d8kREad3BNHTEIZs7jcWZZlk5Qbg3mQjleJSjQ50jhsH0yQe0fA==
Ggsj2L4i6VhuYKZQEoWonKo9pxtdZByKd1Un1BDgcbTR2HUl0bpsHig+kegBjXiN/gxHNmuiUFSyGYV/h54pjzRNl6wLWlGTf66WGWSRawU7RkRN9OCdVgkIbvhtospT4IV0gApELTsAZyJ6zTqh+38vGYEvsVDwWK6Eow98/AseDZPKViINV627WdUB8LvYrF8a1tKrgd3Qk5vjbcAmNfiruqgCK+7sUDnFrI9dGR0sosee51BmsRz6s5IGzD51KSaEyyxPB1S7POkpakTi5aATZZAbRR0xaDzWFueQ1j0k8sx5Du9x5/BbMMhVK3p7Hr4ERtYfkA4vhrkifB47hqA46ZllBR7u69htxRznA9Xekv/mnRqolkmj5w14UEyooMOTqvYd7RaBwvsBM3L74BF7ZL+2jK6EW1czaE8jFmn60wN2ISggpyNx+KqZnfViLXWBi+Si2pz1Lj0QZVRkNq9LdIafDuZrh7Kbz3VaYke7U9Pdu9BFn7STozbLOKK2gzTvpI9BmX92fmsWHXdV64OitN8=
derTcipIxZOo/CZIPZrn3ZzP1f2lgahnsk0SVW1qlm5V0I846emoc47UP334jbn1AZK0Ms5gqRCa+bT3aWKJ5eJ7mp1rxCxmv4L3iAnVO3RGpwjzw/OvzMTDaBIlMG2yniYh4IKFFK8U7jZWNT0EfTKE4RjJzavlWc9zA6hW/NQ0PYP+dJ2q5zNkKnDVkWnhCevtEpOuuFUa2M7ZuTs0qeu9oQLuY4wBWka+uXZq1KNV0iP/8at46AdQO2IelzgAg4wKzjZjHUyk5dCdXxL/5jmXBiZKEzSZ5R6Ht6VXDIYmyKvSnuvQ2KwXMv1p4fRBIDZ5CRJNynRECIqtaKiL/Am88JyzEBTSSTcZV8YoL4I9+/AFK6PKmP/ogWiQcK2Zl1O0koT+1GlzREqPdZAFWGt/n9ATVkUxpHFqvtaif60DdkMhHn/OuSNY3fp44WerKBT1/12Uuf8BBXhQYvqRlM3OKRYs4FthFOijHP5tg6iLMVl4CnFvmZOT52K9ORDpE6hHuiogN95PCvMTQbmyJDso8ZV9nZeotNE=
wBIPAD6bDeK+nz43D+cc2hkJ/pai3AFF1aA9Uz1pLgzqDepKfRIEQFQrsJXf2Wtt8sz4Xg05YcOYPpwoGtZPtaCC1ek4H22glb1ZdEv93Hk/8nMTFNC5l6SBRfe4wcCyAzYjd7ul89sdIOFFdgSdmf/aBNV3U3wbw/bAAT5zdk0RCcCWZps11RFGgclpM18p0AXwhNsDRdOOYYyZr7TU
8m4LS9oB/DuaDGNFY28rOPtzN1BROjIDXirBV/A+noI0fPI5xVjRs0gyb7/poPlez8gfy4iiq4y5KZhFj7aCwUo7c8Wj92ru/LCbi1n4DMa4BViUyUIvDVhNcA7BMHk/cnE+IXY2Z4+GMJestCxK4mHk8qCN1VtgBubdN8hIzSMtCAGjAVnAzBImqcgtUpEKXDzj/dT0m8CO8bu0a23hpHptV8UTz99+zeWotfO0fyZa/A/Cg5ZLzzGlCrjbdMlJDQEv9LSN
jF3gLgxwSjjXUO9+JQPcoNbSDojXtcNIQT/mfjYgjGzeSKaKt7xm4yEexDY6dbLIlwhMMnuvE80AN4cBbyNjBiwFU2Z6vo17pQFgQDm6344F4K9rwD7jRtm3Zsj9ceD6fvZ1ZbANy2sVIyiRA/y/Hv+aZaxKd5HMEU+u+h/tnOdGYn4I+Q0YDjFxhbaVKYHPbG7KaG2SHXSN+FQi19c0gleCNl/fTvvrXTaSE4OPUxmznNXrrK8D0qMUEiJ7KCMgx03Jy64Ci7K1myU/O/60mw==
t6z4lENNgJZJfYGS8y4dXvctNglVOD0TPI8UR9ypi1QRI7M1QvbE406zandPkbNOUz1zkgVdQk3SACHT//fMCZ4tdbQO
3GOmLRK5xTmncBpeqJr/8d60on7k8Htjj9JZRVtuXVGCZyJcNnQqq3AgxZrypg60MRm4wgkVVar9nYFjNGp6FGVGfXh1XET+f6P0bk/GxmOX2tun5dLCj2u70zVrGOUXJPvjXtswgn5T3GtNX4m5d2YWK36N//UjU0q0Nw==
/CQ8PVIOkt2AT2+UOzbpMvrAoBn2jzM/4JazGXkAHcm/smU4IR0iiWTBSwTja+IzireCFVUsDx/t9RxKWpuQjzSHUa1tNo2B7XtaYVw1zDx/I2FLUnFAEWu0EA==
z6BCRqYiY8uMoxsBvfiYWuAhp0FhtEEthJFmFjWV/5iLRUkCE5S3hYRlwqHt6EUzNJ/8B3RZA/TJU6s1WgacQ8bDwrcngbtuq23LG3yNei3aEAkTl0dEaUYdbbQW
wYM27OM1KW0MkE0QZfYFJMkSiGRQhmA3s5FmFjWV/5iLRUkCE5S3hYRlwqHt6EUzNJ/8B3RZA/TJU6s1WgacQ8bDwrcngbtuq23LG3yNei3aEAkTl0dEaUYdbbQW
0MmdBqIWJVWsKEV/g8pViiy9lQathGIWMZ3jiGd9LSL3zJt1uC0GYamguYNYR1hn0KGvZFXbL7XejgDTartmV4PZV97XpQ9bOEVGXfbIbTNzfyh5WhVptBI=
dh0f40LoqVECK0X51xZv+jHe5PvT8cM9bd3TNrhiRmGEUl4WDWXH+KO1gUJbRB/lHPVaIXV43ZNcTzRHPGnr1LFjUzUiNmRjrvMKd2/RU84z/VOb5B3izXJAwdPfN2yJfm1VtC4=
VKyL5NjXuwYQi2jw6me7wpyzTw1KpHa8NZdfPKyFLM6+mdZMJwQ87vO+ipIeRCnpyy1xpKqO52G5Gx9lQwDo1E201QNUR4eDlRVfhuso4ibjROvV79HZb1bO66Y9Z5V7Y1K0Lw==
p4Q6Ns/cuLaPJwHYtwB81xEMbyIkGII8A88xR6uytoFTKX0gASowCMg+c3p2xc42DvFd+QxpRVm0dLKK3ZwnZtZ+P/UjUD36Qfc+gPNTViknYzJBSiZhntGz8fXZPy8o41GcJPfNPRK2sd3D9p+xXiLVdDM8mfMhspJsix+xI45DnQObtL1SjUJgcVMPF3xJ7o2ltN4=
GUE8M+tk88Z7lRf5IhiAWwl+bz9ce25+TeGGoEQFOva3uedQLrXOPFEuKcXx5ApvievfN0sw48mJ2Sxxv2yiBHlox3oq4LceS0tzU0H5MmQ7aHFVfV0XaLQR
96RAAPAZvio1aFrwQj9TCtPLyRgQhfdiZRSKLEWD28NihRGnB0Eb7sut6xuczdqtutBpE7cHpOnm3Q20dg==
96RAAPAZvio1aFrwQj9TCtPLyRgQhfdiZRSKLEWD28NihRGnB0Eb7sut6xuczdqtutBpE7cHpOnm3Q20dg==
DDOgsy39u8xjiykUTDVkyb9O0TBsn0ZKcAtAnn8NWi/h3kLUnHpOUDLSetGrM55nIz7H8oWWsNeIuuGGzVR2DVdN/Sr+oGRn/YoNGV4sWhEkdRXzMUkSV3l6naZABoIIwifH4krlpknSv2FeOgBG8MDHCDwB5kA=
