3wSSSMnGnQleIUspx49cJHH6/5p989rz67uDvf66SY00ovWcFYmKeB8bUZ4iJ3dtB9ErnciomtokhqozX8PDFLIldsC7Y37JP1MqQVIWeX75g7m1ke/HyFvB5KRPXcWyHuGVgz5vWX46pWwzJGnrAdriJEvXYYsuOw27Hkst5ugqP7iTxydUKfa9vbTG
Htp4ryBfz07xegTwAxQrMFp5Fz12WgZpbif5Yiwx3HUBntVYAtZXRWgirXmW2prIjc5c+q1VcRR30mvjPJDRBxxhjcegwdiCy9ab59Pl2ysFAKkVzoRlSbe6HOWfk9SLu1YI8SZzbj1ZqTgGzttd5QmmSZkRvuH5FCDo+/LDrUM2AcSpt7TM
em+1rUQXDnk7+b7T9bj21IKyv/vqWHBJFt2Yh4RQRSQAQN7K/FbMDSBDbl8S8p2DzLmX14xsKEOLjuxChffnUUKUROtcytSA7lY7HXzSmREPf2TgmZ7oAgEVHSyDAv+LgHDNL2jRGR+MwfRaX2bvz88FZ0OR0F0tosTJsQPqCM1jM0jjj6YcqUrzguVN2QzuUnshzR12/eG9fg3BYHB8E06jsWvCsVDxm7Tg
JXivIaO2UGfRtUYyRUEmJI0+I+tYXgbzYW/XnApbtjArHV4u8w5GBG4geuc4ZIWmypI+mBk9mN4RAUWm9ZmBn8yeiviNop2krYiUMrdnNNL3cnbPP357O31GUgPjP1NJE2yVe0yfgwKDZNIyG5gudmexjFtBMwtilevlL1tOtMs=
/HMIo/2ToQx9l6Stp2bxZiwjOaDQXSxEL2grbhvU2Qk5DybTWTaL4WIvNryzue6SO9On6JYkavsQUMXqkvZO5JGpOHKpxZV6HW2Bk9S6usTF9v3I1QwErh/T9B4vloYzN2pbF0UCAl+LS9PFi8glx4RLY+57YMIuM6xuOj/V/CfJp6vOLS8187O6tMc=
89MqqxraS/xa2YnIQKy1biwjOaDQXSxEL2grbhvU2Qk5Hi7dXzmKs2IvNryzue6SO9Kn6JYkavsQUMXqkvZO5JGpOHKpxZV6HW2Bk9S6usTF9v3I1QwErh/T9B4vloYzN2pbF0UCAl+LS9PFi8glx4RLY+57YMIuM6xuOj/V/CfJp6vOLS8187O6tMc=
rhNcwRb2458Q7RofIJvwLEla+JPq0QVekbo2aS5gehbmEaheLiFbHgxIy7GdlWtt+c78WkMjMZP5auwoGtZPtaCC1ek8H3P4la4UKlXVyUQ/8nMTFNC5l6SBRfe4wcCyAzYjd7ul89sdIOFFdgSdmf/aBNV3U3wbw/bAAT5zdk0RCcCWZps11RFGgclpPlkp3ADwi9oDRdOOYYyZr7TU
6LcE2LOs7NSaPJaEUWRn43Z8EeSJQSxEJ2o9fE/Z0BdrDyCaDXjes2IvNryzue6SO9Cn6JYkavsQUMXqkvZO5JGpOHKpxZV6HW2Bk9S6usTF9v3I1QwErh/T9B4vloYzN2pbF0UCAl+LS9PFi8glx4RLY+57YMIuM6xuOj/V/CfJp6vOLS8187O6tMc=
J7BODvAhjc5wRh75QGJ4ZCg7VrjcFyxELHUtex3Qw1l1DyXISDPes2IvNryzue6SO9en6JYkavsQUMXqkvZO5JGpOHKpxZV6HW2Bk9S6usTF9v3I1QwErh/T9B4vloYzN2pbF0UCAl+LS9PFi8glx4RLY+57YMIuM6xuOj/V/CfJp6vOLS8187O6tMc=
BUtDc1CpRb7r60A+NO+02VM5LVAtcdntqbUJHph3ERPXX0/yaoTMFpmZpprjJd2v9ZQjdvImQ7WfiNlqxX9S4F+bktkDWy5BVh5FbhV7XZW1t6u4B4kgZIuVGQKyufHjmtf17sYt6LOg4ZeRdlqAqzO5J55nRf9eD+U6GMbnnLOjXzg5yrW5tMI=
8IVa8G5wiV1LRSdXx5YHFGaOwf7EWghXTR1xivt3vve7TDEyls0mbfZ6f0M2XI+H157KjsIl9LJlTD5sNooFG6jkVU8dxJnvARVYACJKMWRNfklmbDC7cRT4w0w+nWMYC0H5yMqhT4mTg8eyfYmwmZMYp0rqcFfOThwTzwTJ3ZW72FElPc23uLTB
Lk3dIkoeQ6+AMBHhxcyilDlbEW+h2Umn1cYwrqoIWdCGVtPN9LLBAfC+/5AhfuAyaZW13IsihzsYsPU/MHGRz6TB3IrXxrff98X/8+nwVd0KRKGBCwqwvfvzsPPXxpR5ovPqtcU51P4qO7k9pRb10VX+pbFoUISj1uOJexoR2KGztMg=
WWoM6eM4dWhqA2XjQ5fciPSxexo2+Z7d5NrS3CAj00NkkWSrlTpQwI5W290cUjnRLn5HIHkeiELhFT1sI4Jfy+BwLe8IUbnfrMHUmv/mjw8vBQcDMVD9bYLEKfFjaugNQzNoIy8mfGmq8+KlrVmsrnJ7AY199h0h3X4tAcDw3NOuo9ErIjHwsbu0wA==
fBSMOs13VdnPeqe2WobhmpcwLqm8vUKJhEQ9EogI5Y81ZyzPHxj6tlsr3J/0myg5tKlpuPH0s55CmgWBoBRAWqszqTQ2rJtcUuqZrf0ObJVihlijqSTFs+puZLVr19dk70r7Kgovy0PK/64AloudJFQYG5ZiI0aI0rEkfKBbNsRJ5xqNpVTaG2Xnr8lvp+zncEV4eLLW52XYYp3ZoF6KaF2OjNo9VeF0p5K7gywQIWfsIX2nUMEo4juWa4cjZctL1UB5dV6E9Wln+sxFjxPkK4sWuNGWc94d6WkIpv5bTUVZZhm5gb5xGUTguBviQ92jRsG0Sce0vA==
sOL5hzT83kyWEITFrm9RNe35EqfIhf/njUmOhbOAhQ0T3dK13Ok+fD3tyxJndk+rAfVhO9qztigbVT5WY6eG3Z4oWt9oDAU+elreYAkV2IZhieUeJXGBh/zW6oAdCl18XYC0CucPtEpHupY3L1Y7Yw3O8rsz11NRIyT1A9w3Q9pzbPIKS/Cu7td5bKNRG0s65WNFl4umtNM=
oBhuYcM1XiDREox5Ke6NyTnGeL3FBSKz0In/44VVnnGL7KUp++Gi4QQlfjh1MRumH9qvT6mJ0a9CPzask8muIttLJnn2lKoLMEDF+rIGjlTxObjiSXXVCj19gYP0yvp0JWZ9WLW8xF4/w/QOD2ZGg1f624elskIvq1vT1au4ZXdk2+N+G9AC3hO8biofJTyXqTcrXs2fdYOTqrTX
Fl39/1jB0qP/xPZNOktSLZaDssY6T56+Nl4Of2IH1hrsDWMtUEFqLnSasu6JB4LvC4lFN6YD8m1K7FiWDXFqyp895E4gLH8Gfo63davg1VoZh4ZAKwMuCc9zOkFCNom+qeMpNWFPd4gL4RSkfz2Vcu4BJQOuz4m+CsV8MzSJ20GKQrTLZwH7buvtix47DTYomp/IE1fHhGmGna201g==
Yt9uNT3dsuW/O+GYC3OVSJVgCDhCoNEbOrncj//hgVuWa5f6tdvPn5oLKENeGpEfc5zj7N8dfVeJ5Y75du7XB2Z4h532y4IqUqFc5iUYFmgmrk1PCHDd602AsfsBAXBEcu658O0qAUJ8NJMlVKxryK45K0wrVfHsmuXnHRMXb/YtrbiNs0zv7nr0/5oOSDvLFO2VwRtM2YFtiZ+stNU=
pQPYBBYmdQ/BY+AYF1RHsmBmCfWJSCxEL2grbhvU2Qk5DybTWTaLwWIvNryzue6SO9ql6ZYkavsQUMXqkvZO5JGpOHKpxZV6HW2Bk9S6usTF9v3I1QwErh/T9B4vloYzN2pbF0UCAl+LS9PFi8glx4RLY+57YMIuM6xuOj/V/CfJp6vOLS8187O6tMc=
bfqWCQroEk6G/ZhrIONm/2zZjKCWMEZVQRpwlt53qf3vD3Rm06kmbfZ6f0M2XI+A0ZDKjsIl9LJlTD5sNooFG6jkVU8dxJnvARVYACJKMWRNfklmbDC7cRT4w0w+nWMYC0H5yMqhT4mTg8eyfYmwmZMYp0rqcFfOThwTzwTJ3ZW72FElPc23uLTB
KD/wIAB5GcygL3FRjtNdoq9z/8nLIY32RinOmXaOl6fmmEe38aTCitJBnMYlOFYIpg6NrwhQnYvNIHEbAeGw5PKO+dDtysHi/FTTBVSMqygumWssK3UxDBpFp30Tdy9WrU14rbMsr076FD+6Dmh7q5RNVSEbbJnh7SlfTLQ1
ceWVRuQOmLwuabKxCEPpO+QVMSDMbxOixix4li0xCko//Q9JD2zfhh7Ol3VLIHXaecfmQAvDzolvM1pBInYpPkkjCTUBDxcIqyH0pF999fJOQQUDTg8pPmqFXDMUSTvBKgLUy0fBW+4LLaseW02WqHpfKBN3h+TpJl1NtDY=
Nu4peZZbpRAd67qM158kza1z/9jJN4n2RinOmXaOl6fmmEex8aTCitJBnMYlOFYIpg6NrwhQnYvNIHEbAeGw5PKO+dDtysHi/FTTBVSMqygumWssK3UxDBpFp30Tdy9WrU14rbMsr076FD+6Dmh7q5RNVSEbbJnh7SlfTLQ1
B3S/va8898S22xfpFin0zOQVNzbQchOixix4li0xCko//QlJD2zfhh7Ol3VLIHXaecfmQAvDzolvM1pBInYpPkkjCTUBDxcIqyH0pF999fJOQQUDTg8pPmqFXDMUSTvBKgLUy0fBW+4LLaseW02WqHpfKBN3h+TpJl1NtDY=
FpSDKbVMyKH6Rj4Inn4vCeQVNiDCdxOixix4li0xCko//QpJD2zfhh7Ol3VLIHXaecfmQAvDzolvM1pBInYpPkkjCTUBDxcIqyH0pF999fJOQQUDTg8pPmqFXDMUSTvBKgLUy0fBW+4LLaseW02WqHpfKBN3h+TpJl1NtDY=
zF8UDPYowEQToBg9fzwFP5RSde7NhJTq5cHV0aGdm0utix6o1OYTdGb4jEgK1l9VkMKFScac7JglbsQKJdX5pO+yA7OEUAn39EG116jB0JLz9nMXCyVje21gMaVGBO25Lxq0tefTjLuTtvDhLnNmLSHJEDYWG6U1oQbR6Zk8aUmMwAArSoP1M14h/Lm/tMQ=
k7zUHBKeahX0m0kFrKw/AROvNB/H9nEMYTQqGOYO+AAofv17YztcQJvb7KK5mhKk/QrBWSSuE6CeVss9LBJJcZ792IApXthiERUNDHPCjytw8F2PuJFJ/7zBxLoPJj9vX4WX4+EQrQ2yxNnRMyq4rdOz2INfZkyJuvPyxZ2ZXA7C+5EtrTbNAa18HeEQMIyzPiMhy5JxgJGrtNA=
mj2GW15m202EVf6Uaq/rOlA/hsxtcXzVZ+wELq8m/ij5dT8IMkEWd8W9sk7wzlX39K25JgZUt+xXu1mNX275LdMrcwJmz8zwrptH82ia6OMeEZzE6hNV15FcEKHckPFHfOFtB4DB+EIrVvun8+U7a2WACdXuhAUJVzq8pb+TNEsb1qgxxnMOffkpmEau230lqSYpWfG8wbm0oAg7ksONg9aBpOmXtOw=
1TdP/1axFpmz3aXWUdqUOFA/hsxtcXzVZ+wELq8m/ij5dT8IMkEWd8W9sk7wzlX39K25JgZUt+xXu1mNX275LdMrcwJmz8zwrptH82ia6OMeEZzE6hNV15FcEKHckPFHfOFtB4DB+EIrVvun8+U7a2WACdXuhAUJVzq8pb+TNEsb1qgxxnMOffkpmEau230lqSYpWfGzwbm0oAg7ksONg9aBpOmXtOw=
Q0RTUVTS+DBw8BILwBhnFuXCx8TApoo7Dv7A4+Pp2DUe5mtjrj2BvGh4onoPWyMNWJJPFVP5GKn4G9CN4c7OmhzbcYeTp9wmVIvIQi3gwvirom2cy/t35AOiDZUk1SJKxpaXKaOyKxXOC0YdY3zVjqhVD28IEB1LzWDx2wEhMKTyTnmQ7QpBovyUU0VUTCtoLlnrbCu1sUwahSc9Ezevlq0N+G2zbC+O+lS/egIo+2uUDdXhGywZIe1p34y09Q==
KHCN6afuMDC91IFA1Uwto0cMGbPNA013HCgUR3WSGYoqlr97/KOa0T6W9KJdyc42ohfVjAtYP988PRxUmX0oezZecKz4unhhOaB7QAAzSquY6i9QmNIn3ac8jUfJ/wFDVNFdt2FHQETCLEu6bfXE+219vGq4/Jjz2wvfZB79EuAfG1LZQ9vuQZaeBW7V+x2V9TdruEcJYGRLFVkCcjkx49pXNe4GraizYGHXkTbaQKtzOWeep8W/Us9l+hiGZ1yzY994OQo1+bSC
Wpe4p/Zy2EdvlGRdKfXo7hkJ/pai3AFF1aA9Uz1pLgzqDepKfRIEQFQrsJXf2Wtt8sz4Xg05YcOYPpwoGtZPtaCC1ek4H22glb1ZdEv93Hk/8nMTFNC5l6SBRfe4wcCyAzYjd7ul89sdIOFFdgSdmf/aBNV3U3wbw/bAAT5zdk0RCcCWZps11RFGgclpMlkp3ADwi9oDRdOOYYyZr7TU
PJxkvE9DHoZLg84FCq0paUj7zVIZgGzmSeA++X4ae062s3uORDQb7FZ307PX4uE77171qn6i5Bay5UH8WRTR5ucd0aqB01dave19ATo+zKXsfEknO0fG2l6044bbC6sLtxRsGxnA30N0TyiyomGTkgX+n3itFz4teMB/AAe/W5t3DQoYgd0Rhc5yjIfN3PSO1FGUI6RMAzCHwfJBM+IjjJoqtXmBObAESjqnKevHahb+/NCWhWHCKidtNYxHxKd1GyCh3bZtvfrB976Ac1PWKadjskHKJuGeUbNx9Vk/ryhjURwkd829EjaxXcN2nzFeotX0M7yZcyEykuyLn7GjjsOdg5Izvd6Iwm/wU48X/ElujSW0Xg==
jSPGpDV4ST2EMMZjGdNioCBQz2tr09hnhNT/8NrspTQCa/vrCYsYGstGObuCedl5iOHJycjvEms6JHsWmrb7NWcYccqdDxqgl0tqOStrNkFOLm2O7auV1f3H8xivGdjkMwVxYuoJOSNSB83Orl3ws7gRf7FOCsjrewn/fo/VR9J3dZK4HhdUc+sPQFnihaG02g==
lYGV+MMu9AXKyuXWVkj83Zn2Kg1W7WlcFDFGCERNJTInykldUrwQCG95o+QZ9//w1Tv2J3M9InoSkbz2JQh2WOZ+7T+IwD07DfCR6wERUDQyPllAbVqhkrwE8zVUvIv47mmLvKvlkbxaFccNEwdPBu392D0zvE++OsQfigJYW/vUPTWxm/w5US35v7y0xQ==
vOKSAF2S/KkQAlxQLrU0WBHwceNAc3KpuDEXxJ2rN7XGfkhz0iuOF6vpTz6fdbfbxhWCeO43BPPb79AZkiVxtAo=
6Lh/BUN8TCrrYG1n1bzIlOX9Hq/Nsaz9g3TBlanJ5g9A5+6b7fwtbj6ojQ1xNQWrCeFqGLfq5g4veCQvZfjcg8IoQ84lEUM6eRzQewsV2IZhieUeJXGBh/zW6oAdCl18XYC0CucPtEpHupY3L1Y7Yw3O8rsz11NRIyT1A9w3Q9pzbPIKS/Cr79d5bKNRG0s65WNFl4umtNM=
N6qWXg0t6ogef/341R9oI+nX12u6PRI/nF9QL63dmqereXqjWzkW7kys5YNdlk+0GBfIB0NoQ0YWuH/ZYBO1eTrG4FI+R9DBtPnlBXaxJncySzK9M5SB0CVOBBOXRRisj5fcB/Zfo9jnknsDbBBh5ywhPSeQwehie5arB2Nli8sVQDn1HoQ16Sf6DMVPE6SrSxZ4UdZzHp2paUgmPlsNxRlm2TnBu7CZhOD4myJDHSMGwXTJh7T8
4xJ7WQjqxNaXZynwDe4NBCGeEUnQM0KnnfIK15dTR7RF3KgxGLzDlbizICSRWi4L2lVmE/mk1+LqEw39up8pdn2yrj+LQNdcJgsIFLuJct0fXo4LfBov+hIK1ejfkduMpGOed7zf7pbDFqtOhj13kgPExiCDTnTu9jX8Kcgap+mFEBnBZgsq9jJTol1i83lCmB9d0GeFjEMUpPMb61/BG00TYBrXG4FPklJLrxCQpXBL2X569CO8kxYMAkGN37HBV/lHsP5J66cKuplt7MxYaL/y8xOU0DmXJIHF9zjBQLKDNqN3O6Vz250gYUX2BB2Zf9qE1fdT/BtD9kABvnP2TZEJQJbmm7XVkUYByek72ClcAHCLWgPF0w5hDJkvtFQ=
O2lRhUxAT5MWTACrd6NMJJyG7+GbJVDTZYa4m39Dszx6UHNqooxYeSOoA/ki7Wyq96pk22QChksuIR5oIqwJ9B5nRi3ctvg9LtfAdZ8pv/ecAqEK4XWQMJIFEFqqjD3oOquyHFjGLCIrGWKOj1k/4lbCRsIWP1l03JjCSFmv/ARIvcVoRYoC3NXG6pbHqthx/6sDCXXz5sZA/NFNIAK3WIebsW1Ntq3BjXv8obCwLPPeIwELMvFg0Yu08A==
i3aBQQStvpDZteH60Ej9404mKxY3c8f9s/AKPph6ERPaXyCUBO3bH+Hp3uDxfJj57cs8Yv9heqyOpNlqxX9S4F+bktkDWy5BVh5FbhV7XZW1t6u4B4kgZIuVGQKyufHjmtf17sYt6LOg4ZeRdlqAqzO5J55nRf9bDuU6GMbnnLOjXzg5yrW5tMI=
jO9A4oCNyyaCnjOCVhVPonH16IF45svO67uDvf28SY00ovXzfueMBHhlX59lYSJwXcQ8mYmTkNIjqb5sSuyFGqkndsC7Y37JP1MqQVIWeX75g7m1ke/HyFvB5KRPXcWyHuGVgz5vWX46pWwzJGnrAdriJEvXYYsuOw27G0ot5ugqP7iTxydUKfa9vbTG
N6qWXg0t6ogef/341R9oI+nX12u6PRI/nF9QL63dmqereXqjWzkW7kys5YNdlk+0GBfIB0NoQ0YWuH/ZYBO1eTrG4FI+R9DBtPnlBXaxJncySzK9M5SB0CVOBBOXRRisj5fcB/Zfo9jnknsDbBBh5ywhPSeQwehie5arB2Nli8sVQDn1HoQ16Sf6DMVPE6SrSxZ4UdZzHp2paUgmPlsNxRlm2TnBu7CZhOD4myJDHSMGwXTJh7T8
TF1qnsRbKXVWBHMSVjkaNTZmA/GJSGVeJXQtbA7a+Vk0SmuXDRe43Qs4P8TDwZSAYpPx8Mk7fvZXadz7vvZO5JGpOHKpxZV6HW2Bk9S6usTF9v3I1QwErh/T9B4vloYzN2pbF0UCAl+LS9PFi8glx4RLY+57YMIuM6xrOz/V/CfJp6vOLS8187O6tMc=
9vmMuhxRsCv6uPCKVyWPllA/iMRpL3nSertQIeBf3wDDXQwnAWgWdsn8/Um13Uzg6ay5Lwkdt+hbhRbmX2P0Q84sanF138/1sNgf4DaJo9cyWrH99ExA+NdSC6PckPFHfOFtB4DB+EIrVvun8+U7a2WACdXuhAUJVzq8pb+TNEsb1qgxxnMOffkpmEau230lqSYpWfG7wLm0oAg7ksONg9aBpOmXtOw=
Ploo/nHzRu9tLqSuCIIAOXiXKlYwZ3Qd4H0BOwNXxo+0eGlPGR2nyAtFxkbP4wTjvuyaUQXfP9XAmO9ARgkzd2IaYd3kTFAYhxLbQ0wQQafMoV3nsMHIohsWS0dDZauLtcBZNf6EFSmHeuwFLxNE6+uW2BE2c35dCeno5l5b7YV55nl54bvQ2WRgWFsCQz3jZkGUiae03A==
VUXImxEvjWW4FFTkIu8yPB9RJG9tAIgxV8UgQbC2o45TK3s9RSwxLZxyPTM2l+QkYJVHn30ROlC1NPTZwcM4cts5BuwyfD36Qfc+gPNTViknYzJBSiZhntGz8fXZPy8o41GcJPfNPRK2sd3D9p+xXiLVdDM8mfMhspJsix+xI45DnQObsr1eiEJvcFMPF3xJ7o2ltN4=
+6gRjkBm/hXScwgbbkPhGiYziATcsfy14eDQY1E31oqTlEAPOuvCCKCgv1OUcUmK3L7RR2B9Duk+jd5WYG5wvPYmjz6bkAKek/xra59lPNcpdyueTV91QxNqtBc=
LOpQrg9Hr+mPICNuM4JdkBdw7a/PDsAv1g6ODbsytelaErqigLg+vqMqQYS9yP3H8znnnifFP1tOZXoYBmfcs+Pf+DmKNXm0Ag==
zGaoTGKnn2h8hytsFCznihRw7a/PDsAv1g6ODbsytelaErqigLg+vqMqQYS9yP3H8znnnifFP1tOZXoYBmfcs+Pf+DmKNXm0Ag==
dveHBE6Ro7dgC7c6wkT4p6ICD28adnpdb5oJScb6zlIUILI+L7LV9EmgYWdPkbNOUz1zmwJdTkjSDyDT//fMCZ4tdbQO
eVxArfieWt43I5T3gcIlMaMCD28adnpdb5oJScb6zlIUILI+L7LV9EmgYWdPkbNOUz1zmwJdTkjSDyDT//fMCZ4tdbQO
BkuTqqFebW6CJQ+myZ2goqACD28adnpdb5oJScb6zlIUILI+L7LV9EmgYWdPkbNOUz1zmwJdTkjSDyDT//fMCZ4tdbQO
a754AkJkVCDMSKxIR23Z5BVw7a/PDsAv1g6ODbsytelaErqigLg+vqMqQYS9yP3H8znnnifFP1tOZXoYBmfcs+Pf+DmKNXm0Ag==
4Uv/Bz7DWnp9BYZcOusiRtFOOuPan5Pj59uB36Gd31ijpR72h6NMM0bMsiEd3ycl6LiXEI7J+8c6eslNHMzoiO+yA7OEUAn39EG116jB0JLz9nMXCyVje21gMaVGBO25Lxq0tefTjLuTtvDhLnNmLSHJEDYWG6U1oQbR6Zk7aEmMwAArSoP1M14h/Lm/tMQ=
wsA9M4QZgaxeLZ8KI6smqS4Qjiw/xt98gMn/tJ/jv30BZP3dQMpZU5IPGLTsHcMf+Zm2wMmsUDkle2QCl/HCLHY0ccqdDxqgl0tqOStrNkFOLm2O7auV1f3H8xivGdjkMwVxYuoJOSNSB83Orl3ws7gRf7FOCsjrewn/fo/VR9t2dZK4HhdUc+sPQFnihaG02g==
NsRZBDPkC1z+bYsxSChp4IK16emBCr63CLnWJyoeP8aV7K30vkKZAYSSq089T9jFOyA/3PPZ9NhSSzEoeWMebufxXGMObi68IXH4qpmd9WItdYGL5KLanPUuPRBlVGQ2r0t0hp8O5muHspvPdVpiR7tT09270EWftJOjNss4oraDNOujj02cf3l/axYdd1Xrg6K03w==
LX7HUUzZvMzqPex+TL9NH6Lklg29t1lrtj1ACAcocc7NkpJoYd+wwPt54bUQi39i/xo/E6ymBvnB/sU5dsBDE/zFYgSWItXjaNwFJ33sqfcBDWgoQiJhXI2Gmc7MWMvplGAzpJ41M2BLeSkgKol/kZOb95qdYWCh02D34kqYp1bLhWOnpGENbXvgAU1d5YegtNk=
7aYQ8pfj20r10ut4VRdZExGveu9IaWXo8ipU1ZipAPqxblRgzzCaF6vpTz6fdbfbxhWCeO43BPPb79AZkiVxtAo=
Ub3O7wX7yPYB42SbhgssytdO/xicUuw7obg9fp6dUu3CunMqnigFZEhHeb1lFrVRlfvkMahQxCMW48n72hGYIXO0CA==
oO+CWM0tuf+Llh1/ReqMEmxlPxK+NDC28A8JxXdfGtCMN4Sq1v3/wgMk0vKb2Cu35/GMm8FzC6IVq+Xv2w60Cw==
88oSMRH9V3lfE1JLxjtAmmBV+Rpb2v/LobqQsg+As/UgV+mthyca2JwvpILmxb8KU/yyGusgqz93aSwzccvL6sXzBYcrdrQD
2gjF2Eiwo5p2ontE9Y9nIDSfnp0MBuDymwt2WCeHiuN3xyEkP4n/K1SKhJVoyRD6oY4koJ+QKpc7ib9+T1WH27b10rhel5RzK48AWaIFYbQa
fU06OvAFLutW4m4sHYzN/1f41EFYQ8ypqmBVS4xQVbuTpPF02GCzJkN/pOlxT+vx2oJoQYyw+sOvIHeiSlgnlsvF4+ekoY2teyCBDV2lB2C0GQ==
VxTZrQRLo7v5goPXerF7LAFf9LVKPG2X/Ixt51P4SaiovAt6o+McdQHTU21aHtDd/CxCX098z346hJ/KC5nbO9R9tfGbPLkRLbk/fLQF
rBzFsHwrlrdd3GyGX8M9pRguzJJ3I0KIU1+2o4uflfRLYVOLuOIQJfwxjHo99rAQC3hGN5fhSy77jfsbiq0m6Gq/+JMHpxQptj19tAY=
kw/FgYRsqtIajExrbFqAY2iQk6cXSfHsjwZ2WCeHiuN3xyEkP4n/K1SKhJVoyRD6oY4koJ+QKpc7ib9+T1WH27b10rhel5RzK48AWaIFYbQa
sg0f6f5gxgltipgD8+3FLmeH2mzS9wLdku0DgPq5an/CfSvQkcHcVyIQT1vW3eew8TU0shnts77lWhDSz6Cz1eA3aU3HBxr43M8k4iblvyqTnDL6qwCrHzeJrFOx68vKBZOFZ2tWtCM=
IUeuDxmxFu8nTzRxaOM3QFo47Mk0EPXzUMNtMzMsPY0FO26u5n06/cq6ezp2SP00kAfBDT323aEde2yBAPAcU+6jEaviMbAxe7QA
SflJdJYV0IOk6iJUkogh2Sd5203esdbn6ufNUlAm3p7HgkoqfOvCC6GZvx/JNgDW17zTASh7Gek/u5pMNGN0pv45nz6bkAKek/xra59lPNcpdyueTV91QxNqtBc=
+yci3reG1iBpghSezNEYOK3NswDv3CU+q5qxSmQRXN22snAlMwAs3ijJAhPjbO0tlbveDhY9Ch3aumtaRoiNlCCHUa1tNo2B7XtcYVAwzDN+I2FLUnFAEWu0EA==
OnoQsBxhjBd+wyWfBmi6xWiQk6cXSefyiws1Gi7KwuloxyEkP4n/K1SKhJVoyRD6oY4koJ+QKpc7ib9+T1WH27b10rhel5RzK48AWaIFYbQa
+dGj9SNUBbec38tN1+BaHyQ4igHc9Mvm6uzadgQhzZeXj0o/c+7UX+zZ+VXNNgDW17zTASh7Gek/u5pMNGN0pv45nz6bkAKek/xra59lPNcpdyueTV91QxNqtBc=
Lfe+8assclNiZ3KOa5DBUp5Ah3JIli8Xo6QrGjfG4onKUUACBomlmIoyjqmk/0U0O4HjCyhCQOXMUZx6LRaAUNvY1rcngbtuq23LG3qNdijaHwgTl0dEaUYdbbQW
rAXaMLUcbt8z3i10SfFF030pOx2/MjCr8A8JxXdfGtCMN4Sq1v3/wgMk0vKb2Cu35/GMm8FzC6IVq+Xv2w60Cw==
RqLUe10J2iuq4gGchwPqlGsWx7IXWwJ7z4XtWadIz262IBCayMtZGR+rmlwUkzQWHqkfrvsgwu6z7Gt7vxX8Z0nnqw6t7zWzM3q0Bw==
IsKM/Taca3GJNqk+z1nlu66M4hj8kiQopo2VHmMCdY27smUqNhZ4k2iPSBfjbO0tlbveDhY9Ch3aumtaRoiNlCCHUa1tNo2B7XtcYVAwzDN+I2FLUnFAEWu0EA==
rAXaMLUcbt8z3i10SfFF030pOx2/MjCr8A8JxXdfGtCMN4Sq1v3/wgMk0vKb2Cu35/GMm8FzC6IVq+Xv2w60Cw==
RqLUe10J2iuq4gGchwPqlGsWx7IXWwJ7z4XtWadIz262IBCayMtZGR+rmlwUkzQWHqkfrvsgwu6z7Gt7vxX8Z0nnqw6t7zWzM3q0Bw==
2tou9V8G3Kcgk2xvPz6i5K2M4hj8kiQopo2VHmMCdY27smUqNhZ4k2iPSBfjbO0tlbveDhY9Ch3aumtaRoiNlCCHUa1tNo2B7XtcYVAwzDN+I2FLUnFAEWu0EA==
KxlnfaOC3jv1YkpJNL9uDFJx9r6GWrpp0FfJROc5t+scWry1gLkI+rl+TICnwOLX8znnnifFP1tOZXoYBmfcs+Pf+DmKNXm0Ag==
IsKM/Taca3GJNqk+z1nlu66M4hj8kiQopo2VHmMCdY27smUqNhZ4k2iPSBfjbO0tlbveDhY9Ch3aumtaRoiNlCCHUa1tNo2B7XtcYVAwzDN+I2FLUnFAEWu0EA==
KxlnfaOC3jv1YkpJNL9uDFJx9r6GWrpp0FfJROc5t+scWry1gLkI+rl+TICnwOLX8znnnifFP1tOZXoYBmfcs+Pf+DmKNXm0Ag==
IsKM/Taca3GJNqk+z1nlu66M4hj8kiQopo2VHmMCdY27smUqNhZ4k2iPSBfjbO0tlbveDhY9Ch3aumtaRoiNlCCHUa1tNo2B7XtcYVAwzDN+I2FLUnFAEWu0EA==
y9G/wCxxVjBd9RYkTGeNUBeWkDdom5lJ/9uaLPbD9Ea+GZ8eW/CCPtMca4vfxby36Vcrvg2/9ePTCrR3
FXyGlPySiO88JsJzUFkLeheWkDdom5lJ/9uaLPTD9Ea+GZ8eW/CCPtMca4vfxby36Vcrvg2/9ePTCrR3
e6gVvCbaRiK3pOk1GQsJlmIS269aTglmgY7+XLMB3m+xMBCayMtZGR+rmlwUkzQWHqkfrvsgwu6z7Gt7vxX8Z0nnqw6t7zWzM3q0Bw==
eRqt+kykFDmX9cPE/ex/fWIS269XTglmgY7+XLMB3m+xMBCayMtZGR+rmlwUkzQWHqkfrvsgwu6z7Gt7vxX8Z0nnqw6t7zWzM3q0Bw==
RLYdDlRWCnHkzLNEA+TLPGIS269XTglmgY7+XLMB3m+xMBCayMtZGR+rmlwWkzQWHqkfrvsgwu6z7Gt7vxX8Z0nnqw6t7zWzM3q0Bw==
rP7zt23ma4nxWbvPtRjhvxeWkDdom5lJ/9uaLPXD9Ea+GZ8eW/CCPtMca4vfxby36Vcrvg2/9ePTCrR3
zb5pVkOImbFmExVIBriPYGIS269XTglmgY7+XLMB3m+xMBCayMtZGR+rmlwVkzQWHqkfrvsgwu6z7Gt7vxX8Z0nnqw6t7zWzM3q0Bw==
y9G/wCxxVjBd9RYkTGeNUBeWkDdom5lJ/9uaLPbD9Ea+GZ8eW/CCPtMca4vfxby36Vcrvg2/9ePTCrR3
H1+YelfhjCEQ3K9tHU5n/2venKoNH7TkixoiVmmHguFvizY+eYj+aF+KhJVoyRD6oYwkoJ+QKpc7ib9+T1WH27b10rhel5RzK48AWaIFYbQa
8FxJI47utkRF2EcAIyqyGmvenKoNH7TkixoiW2mHguFvizY+eYj+aF+KhJVoyRD6oYwkoJ+QKpc7ib9+T1WH27b10rhel5RzK48AWaIFYbQa
0nfIl+AK9oMNnLKgDEg/kxeWkDdom5lJ/9uaLPfD9Ea+GZ8eW/CCPtMca4vfxby36Vcrvg2/9ePTCrR3
MzBokhHp4rWy2FzMvI8xyWIS269XRwBmgY7+XLMB3m+xMBCayMtZGR+rmlwXkzQWHqkfrvsgwu6z7Gt7vxX8Z0nnqw6t7zWzM3q0Bw==
CAYTU+ro5wTxRk6GlaK/1mIS269XTglmgY7+XLMB3m+xMBCayMtZGR+rmlwXkzQWHqkfrvsgwu6z7Gt7vxX8Z0nnqw6t7zWzM3q0Bw==
FX4EdZ+M7KzOCI/0Rx3lXmIS269aTglmgY7+XLMB3m+xMBCayMtZGR+rmlwWkzQWHqkfrvsgwu6z7Gt7vxX8Z0nnqw6t7zWzM3q0Bw==
RLYdDlRWCnHkzLNEA+TLPGIS269XTglmgY7+XLMB3m+xMBCayMtZGR+rmlwWkzQWHqkfrvsgwu6z7Gt7vxX8Z0nnqw6t7zWzM3q0Bw==
rP7zt23ma4nxWbvPtRjhvxeWkDdom5lJ/9uaLPXD9Ea+GZ8eW/CCPtMca4vfxby36Vcrvg2/9ePTCrR3
zb5pVkOImbFmExVIBriPYGIS269XTglmgY7+XLMB3m+xMBCayMtZGR+rmlwVkzQWHqkfrvsgwu6z7Gt7vxX8Z0nnqw6t7zWzM3q0Bw==
RAnSRJTw0AQzppIufFI7WF8NbdE34G/G5uhQUpjjeTEPo5pUBrsUPk5hX2ariGJGI2Tr8y+9XM8ZL+vG/ccVmyNytA8=
sFFssK5IJKDNUxsITLv6j66M4hj8kiQopo2VHmMCdY27smUqNhZ4k2iPSBfjbO0tlbveDhY9Ch3aumtYRoiNlCCHUa1tNo2B7XtcYVAwzDN+I2FLUnFAEWu0EA==
Qc1oFcLAOQqsGb6h+sSLemsWx7IXWwJ7z4XtWadIz262IBCayMtZGR+rmlwVkzQWHqkfrvsgwu6z7Gt7vxX8Z0nnqw6t7zWzM3q0Bw==
qgnaK3+X02mg3umzpMUfq62M4hj8kiQopo2VHmMCdY27smUqNhZ4k2iPSBfjbO0tlbveDhY9Ch3aumtbRoiNlCCHUa1tNo2B7XtcYVAwzDN+I2FLUnFAEWu0EA==
3wmcTA6lzL/rLsOlm68oBFJx9r6GWrpp0FfJROc5t+scWry1gLkI+rl/TICnwOLX8znnnifFP1tOZXoYBmfcs+Pf+DmKNXm0Ag==
1Ls+9aXpxhvEBx/kPNxCOK6M4hj8kiQopo2VHmMCdY27smUqNhZ4k2iPSBfjbO0tlbveDhY9Ch3aumtbRoiNlCCHUa1tNo2B7XtcYVAwzDN+I2FLUnFAEWu0EA==
elUpG6YNICxMNHcluFnqXmsWx7IXWwJ7z4XtWadIz262IBCayMtZGR+rmlwXkzQWHqkfrvsgwu6z7Gt7vxX8Z0nnqw6t7zWzM3q0Bw==
7+82NNhSU/EEU6bmGzRZg66M4hj8kiQopo2VHmMCdY27smUqNhZ4k2iPSBfjbO0tlbveDhY9Ch3aumtZRoiNlCCHUa1tNo2B7XtcYVAwzDN+I2FLUnFAEWu0EA==
9uUOo5evUoWy04cy4iruvlJx9r6GWrpp0FfJROc5t+scWry1gLkI+rl9TICnwOLX8znnnifFP1tOZXoYBmfcs+Pf+DmKNXm0Ag==
hayr6Uil0G5a471FFq2Q5q2M4hj8kiQopo2VHmMCdY27smUqNhZ4k2iPSBfjbO0tlbveDhY9Ch3aumtZRoiNlCCHUa1tNo2B7XtcYVAwzDN+I2FLUnFAEWu0EA==
3wmcTA6lzL/rLsOlm68oBFJx9r6GWrpp0FfJROc5t+scWry1gLkI+rl/TICnwOLX8znnnifFP1tOZXoYBmfcs+Pf+DmKNXm0Ag==
3Lm+Zf/CC2xTywTBJ6BULquM4hj8kiQopo2VHmMCdY27smUqNhZ4k2iPSBfjbO0tlbveDhY9Ch3aumtbRoiNlCCHUa1tNo2B7XtcYVAwzDN+I2FLUnFAEWu0EA==
3wmcTA6lzL/rLsOlm68oBFJx9r6GWrpp0FfJROc5t+scWry1gLkI+rl/TICnwOLX8znnnifFP1tOZXoYBmfcs+Pf+DmKNXm0Ag==
9uUOo5evUoWy04cy4iruvlJx9r6GWrpp0FfJROc5t+scWry1gLkI+rl9TICnwOLX8znnnifFP1tOZXoYBmfcs+Pf+DmKNXm0Ag==
NeILnw/RJOZv+6lZLkhWOFJx9r6GWrpp0FfJROc5t+scWry1gLkI+rl8TICnwOLX8znnnifFP1tOZXoYBmfcs+Pf+DmKNXm0Ag==
YxnM7Bj+eMKDHoDDNKlezgOtLiPinLkAcHOg66tfVkXg0Fiqo88E71c8OYXpG0Jmos2ehVY658HS+Dl8vCetBTnmOfkhuxBZpGCY20JDfWMmQVQJZ7Qc
T6jafWvZCie5wdDWox5kYXH4jRWgv2wcN5z+yy53JS/42Y5otjYNL6qzuYRXWUdrjLrsdVDZGPqpnRzAd6ByV4PZV97XpQ9bPkVKWPbHbDNzfyh5WhVptBI=
bXDDmMDlrUJEJTbNHDjO/QOtLiPinLkAcHOg66tfVkXg0Fiqo88E71c8OYXpG0Jmos2ehVY658DS+Dl8vCetBTnmOfkhuxBZpGCY20JDfWMmQVQJZ7Qc
rLpzPGiVc1GWfD7qTczlP3H4jRWgv2wcN5z+yy53JS/42Y5otjYNL6qzuYRXWUdrjLrsdVDZGPqpnxzAd6ByV4PZV97XpQ9bPkVKWPbHbDNzfyh5WhVptBI=
w0rBC0C6na/eLgUr2jwSu3H4jRWgv2wcN5z+yy53JS/42Y5otjYNL6qzuYRXWUdrjLrsdVDZGPqpnBzAd6ByV4PZV97XpQ9bPkVKWPbHbDNzfyh5WhVptBI=
SiFKOhzy070Hc/J3ju03GHH4jRWgv2wcN5z+xi53JS/42Y5otjYNL6qzuYRXWUdrjLrsdVDZGPqpnRzAd6ByV4PZV97XpQ9bPkVKWPbHbDNzfyh5WhVptBI=
VyFsP96amQwXPArIL2npmnH4jRWgv2wcN5z+xi53JS/42Y5otjYNL6qzuYRXWUdrjLrsdVDZGPqpnBzAd6ByV4PZV97XpQ9bPkVKWPbHbDNzfyh5WhVptBI=
2wrO1BruAs88mowABZLlJ3H4jRWgv2wcN5z+xi53JS/42Y5otjYNL6qzuYRXWUdrjLrsdVDZGPqpnxzAd6ByV4PZV97XpQ9bPkVKWPbHbDNzfyh5WhVptBI=
hnmvNPIuixUO4Jffs6r2BQjvmFJiXNfwvntfBcEYS6nf8fV02GCzJkN/pOlxT+vx2oJrQYyw+sOvIHeiSlgnlsvF4+ekoY2teyCBDV2lB2C0GQ==
KqYmKxf/I7ScACK5LRM/zTEnfWBV65Cmcmg/lJ6fNzERbINtnzU9AAjU28LjG0xd4btjdVoG47UcBBKnD8QfFpos71KLASuTdJXlSVtEaTlNUQ9ktB0=
s2Lle8KgOLxjaeJYqcZ73JNAnXxLki9V8K8pFSDG857XVQUGHIm8hcth1O/u+0U0O4HjCyhCQOXMUZx6LRWAUNvY1rcngbtuq23LG3qNdijaHwgTl0dEaUYdbbQW
s2Lle8KgOLxjaeJYqcZ73JNAnXxLki9V8K8pFSDG857XVQUGHIm8hcth1O/u+0U0O4HjCyhCQOXMUZx6LRWAUNvY1rcngbtuq23LG3qNdijaHwgTl0dEaUYdbbQW
s2Lle8KgOLxjaeJYqcZ73JNAnXxLki9V8K8pFSDG857XVQUGHIm8hcth1O/u+0U0O4HjCyhCQOXMUZx6LRWAUNvY1rcngbtuq23LG3qNdijaHwgTl0dEaUYdbbQW
zb77nxbaEhM+ohlZubnbhF6OVRxtueI8I4z17pGtTtOXlZ66TWZpKbv2ovWCffUd6g/Qh3vMBf3d+xY+fh3yLaK6k2k+qGWkaEeZ/QWWFRF1+8TxyNBkYzbjqTt6kXhhU7Qo
IETlmHZ6BwJRsYuUoWUmelg9o+JRQOtAkq7J9fGr3E4uFWKz4aqneSM9BBPoWn9jccKwun9Yc52w74lltz8a8M/XBAoWnf/iQ8RSUlu4K5enEQw7ARMLglVLZU8bbrQr
BAqGORwhZEv5IKng+hl5K6CDpgP2jnYjr5WmSnUGQdnztmolKh1tjXKPSBfjbO0tlbveDhY9Ch3aumtZRoiNlCCHUa1tNo2B7XtcYVAwzDN+I2FLUnFAEWu0EA==
8HOr2iXjP1g5uFS6k3k/P/ctNglVOD0TPI8UR9ypi1QRI7M1QvbE406zandPkbNOUz1zmwJdTkjSDyDT//fMCZ4tdbQO
/izaLQoQyaX/mhmm7g/t0PctNglVOD0TPIsWSdypi1QRI7M1QvbE406zandPkbNOUz1zmwJdTkjSDyDT//fMCZ4tdbQO
6Lh/BUN8TCrrYG1n1bzIlOX9Hq/Nsaz9g3TBlanJ5g9A5+6b7fwtbj6ojQ1xNQWrCeFqGLfq5g4veCQvZfjcg8IoQ84lEUM6eRzQewsV2IZhieUeJXGBh/zW6oAdCl18XYC0CucPtEpHupY3L1Y7Yw3O8rsz11NRIyT1A9w3Q9pzbPIKS/Cr79d5bKNRG0s65WNFl4umtNM=
2x3hEdpUBaOg309nxElpJtG70I+EsA6KxURPr7Y22NeUzQh2D/EfrTqQ13IKqEeGy9UDl2TxLR370OHdHZUncLQJ
NumZZQ7BhZ7mSwItaVMRjptYPfnBkJTgpMbEyIDU3lWlrx72h6NMM0bMsiEd3ycl6LiXEI7J+8c6eslNHMzoiO+yA7OEUAn39EG116jB0JLz9nMXCyVje21gMaVGBO25Lxq0tefTjLuTtvDhLnNmLSHJEDYWG6U1oQbR6Zk7aEmMwAArSoP1M14h/Lm/tMQ=
2GXAmixja3l9nlzVYXBP0Sld1vo8sT8wEDoMD3CO6dQUHX2Wli7e34zSDVJ/wTfc/9gnCuow1w5LXZMPBAld1bsY0eU9jTd4tAE=
sIzu1O18iVujMWA/mdDgEZyzTw1KpHa8NZdfPKyFLM6+mdZMJwQ87vO+ipIeRCnpyy1xpKqO52G9GRFlQwDo1E201QNUR4eDlRVfhuso4ibjROvT793cb1nP66Y9Z5V7Y1K0Lw==
ZEaqMJDlOULhjH45dwIIyTHe5PvT8cM9bd3TNrhiRmGEUl4WDWXH+KO1gUJbRB/lHPVaIXV43ZNcSzZJPGnr1LFjUzUiNmRjrvMKd2/RU84z/VOa4h3uyHJPwNPfN2yJfm1VtC4=
Q7xkFFT4zH+Gs58J+Qb0biy9lQathGIWMZ3jiGd9LSL3zJt1uC0GYamguYNYQ1pp0KGvZFXbL7XejgDTartmV4PZV97XpQ9aPkVKWPbHbDNzfyh5WhVptBI=
wG+N+6dEuRyxjiKLeSVA4skSiGRQhmA3s5FmFjWV/5iLRUkCE5S3hYRlwqHt6EUzNJv+CXRZA/TJU6s1WgacQ8bDwrcngbtuq23LGnqNdijaHwgTl0dEaUYdbbQW
TKY5f7xAnlA0w1ZGz53E9uAhp0FhtEEthJFmFjWV/5iLRUkCE5S3hYRlwqHt6EUzNJv+CXRZA/TJU6s1WgacQ8bDwrcngbtuq23LGnqNdijaHwgTl0dEaUYdbbQW
XsqOsAV01QuTBwbV8LWgaPrAoBn2jzM/4JazGXkAHcm/smU4IR0iiWTBSwTja+I3iLmCFVUsDx/t9RxKWpuQjzSHUa1tNo2B7XpcYVAwzDN+I2FLUnFAEWu0EA==
6BW1D6w46pKuWVB/sffn1FA/hsxtcXzVZ+wELq8m/ij5dT8IMkEWd8W9sk7wzlX39K25JgZUt+xXu1mNX275LdMrcwJmz8zwrptH82ia6OMeEZzE6hNV15FcEKHckPFHfOFtB4DB+EIrVvun8+U7a2WACdXuhAUJVzq8pb+TNEsb1qgxxnMOffkpmEau230lqSYpWfG6wLm0oAg7ksONg9aBpOmXtOw=
41kMuutJqj5xITMfdJm01yld1vs8sT8wEDoMD3CO6dQUHX2Wli7e34zSDVJ/wTfc/9gnCuow1w5KXZMPBAld1bsY0eU9jTd4tAE=
1+tWEw+SdPJ3xHiXvzb9XMh6o6hnuKqpwATC5ywZJS9gcwSNZIgMaF03Of9P9SuViWPmKCPBMtGUWlqWFdk2+l5cY+3hPJuizhvRsF6631mTrXO0wmL+byCu7E1euVBBUPuW5KuiB8lQ+iewwGLPXQ/M22PD7zmDDGHV19mXKEQqfPNa5UUcu1VttEpgjDBzs7sHBBbtaiDHa9p5OwvGQb5Ofc5di8VVjSdj2J+5COTjZYEieikJowLnvQ6+/UCzCLFv8b5qGGtLKW++/zUX2ibVoviOd6TzOy/wmfJl0bSq
Z+5ab4wRgVIn8/vKOAzZFE6Snp7Dn5E0LaTSxDhaaqOpGpChThMggbRxt4InLN8Ht6R77As2hVCJEcGNU2WYvvKGwEfRO8pn8Xrc81RwKSJfwMB3lEkXmVRXMeNH78HReRVgLiSAQdlwrDxN7EDNnl5I91Z5rhuV+05LRAm35EveEP6A4/sTPMdf5g0i38PCCfSwY1udmL7RIcVGtTmB/wy+ChjNAp3EbagU0vfHNLI3UvYvf957W71m0uOjn1Mp00wVmww/g2JDRFLSWzgqF6eRDLsBkwsCVctlzxvutKs=
1SNacXhMj4QhSu3Bvdrwhf3gzraD0paY4cp1QPCS2PdmnJlFITn0ovODfCe1+rZS/UrHdXkvo3UIbkDPrPhBfzO3ZXw3N2jPcLrHMGCir10vjDDmZC9ZgywhNVd5V0hEyjxT2oWFPLu1LRTKAEwQc1P7p4R2LUogJyt6+VvL5kGejh1O/cslVa3nA1g/+ejkw6Xhotpp6aMiJ92OHr2gs2hxz3FeKjhrK+nPPh91N9pGFQJ4bjeE81vvUBkSJfG0ig==
esYjK+bzTA9Qs4iykLUA2cXSv8VuqDuJe64HyrCl1qvIBgA9U3j/N341kUrzk7UpRQXYMRdEVtwdkNhFYkNk8pJrCbKoWt/OJLZmp0x9BYSIPi/JJ1ezhhXPBbbKVhbkNZA7qbqO7Jrnv60NEpmMeeSFHqQh5vXM7s27IDJIfqMfrP0pNsOQQSgTx7fRqlwa09iklezOaLPOD6ca7A546t1YFCotnnK98T2K9bSKwWc7Db/SIGJhOx+ES6IMv5V0XpbQY/UV1zGUODOuLGbQJdVRCsnAtge+e8W3KiQS4dxMFBB15v5QCNWnPFYSeJ3ko/ww5F8RXXHvPllnP3bLWcwfWroPBXP1uI5Qj1xYEX9jF5U8J9fYT6Cat/Dx1pBDXyyiqVfPCQPcASWXyTeYRJrc45qVpUw7ZU0kCpDs4HNjGzfEhg0aoJdLajkrazZBTi5tju2rldX9x/MYrxnY5DMFcWLqCTkjUgfNzq5d8LO4EX+xTgrI63sJ/36P1UfadnWSuB4XVHPrD0BZ4oWhtNo=
k+mju7/PE0OITkFzK2sDL6o9pxtdZByKd1Un1BDgcbTR2HUl0bpsHig+kegBjXiN/gxHNmuiUFSyGYV/h54pjjRNl6wLWlGTf66WGWSRawU7RkRN9OCdVgkIbvhtospT4IV0gApELTsAZyJ6zTqh+38vGYEvsVDwWK6Eow98/AseDZPKViINV627WdUB8LvYrF8a1tKrgd3Qk5vjbcAmNfiruqgCK+7sUDnFrI9dGR0sosee51BmsRz6s5IGzD51KSaEyyxPB1S7POkpakTi5aATZZAbRR0xaDzWFueQ1j0k8sx5Du9x5/BbMMhVK3p7Hr4ERtYfkA4vhrkifB47hqA46ZllBR7u69htxRznA9Xekv/mnRqolkmj5w14UEyooMOTqvYd7RaBwvsBM3L74BF7ZL+2jK6EW1czaE8jFmn60wN2ISggpyNx+KqZnfViLXWBi+Si2pz1Lj0QZVRkNq9LdIafDuZrh7Kbz3VaYke7U9Pdu9BFn7STozbLOKK2gzTqo49NnH95f2sWHXdV64OitN8=
paDrxNwdrHa3kZGlAKRNXmZpaBfsBcG4zYVQDfrp72tqhC5X3WDx56BO+mJFJeTYQNPebmLLLoegeVQ45Rsae2SBZLdf5Xgmn3jEWTI353mHNwENGOakp68wMv0C2ASycH8KEbMEPlJpETFb1bbTY5MubJoghAOcHfHsImoqgfN7FRT1urlS6Zg896qT/Ojh7XiUxMjDqWDbMSDvVvFOn1Fvl8ZqGuW04k16Qg4DCCOxAsrCzopr1LJye7J0jZdxXG0y5nenDWG5yvYuB4uZKB36KrOjFGhadvtjuREB8jQldmoKZqVjPUwR1rphjr1pIbKC3te8ehg2LbBS1riz6+pOFBSrJBWQtnyJXTtB6RIPP5n6fTl603yiGSm1Rd4CxlcaNCd/VXvT5LFbvv9mtqHo1xomI+mgBPEB4w8zuk3zD09bLoSssOWCQ+kqi+PhclK24NYTVdeRXBCh3JDxR3zhbQeAwfhCK1b7p/PlO2tlgAnV7oQFCVc6vKW/kzRLG9aoMcZzDn35KZhGrtt9JakmKVnxusC5tKAIO5LDjYPWgaTpl7Ts
OLo0tE2YfEHWSXvJ97jiW43I6O7gGZlDZugHn4ERMjTg4w+2zFvrfmwypnGq1cgIS9EosKqt5sBtPIGV6Xz4omixNUcUtYeXkDMsOOZd5S4PMuNSv+m2+2kSfOk3exDD9DW7SVNyRHGMpG36gZyOJDXG2l/I8bR8ssCd18gzAmbVHvE3l5uZPdd1INxQuuT/15hsh7b507ZuJj075W/5SZlUa5TEaxrqqu9xcVgHez81pDY50N96VLqvXgCYbeWwl3lJ0cQWRyIflBadFO7Tzt4orvmB0sS3FEs3OPPoSbXy4DKpyCdlrGMB7Z3gqDbKv/TGMQyGDIW2a8ELOA8Q1E0PKrf2CoT6LtvgIieS2X6k+qsKCMyp5V0BLoKjDM1ZhEPTmbam/9rlXlg6wTcH0SA0XKSIt1NWTpld+kmW2x0rVqss+c/kA05I3qhTQ1M0l8eG5VInQwoZLBDLa6VYNgE5JS5FQYG3nOYqMH263cw9MHQ6hz+0eieKVodP5rvTbX4yi1PnU2FDFDWzvIfDahPcMjorwKrft0msEzGry4qF04Wn65a04w==
OLo0tE2YfEHWSXvJ97jiW43I6O7gGZlDZugHn4ERMjTg4w+2zFvrfmwypnGq1cgIS9EosKqt5sBtPIGV6Xz4omixNUcUtYeXkDMsOOZd5S4PMuNSv+m2+2kSfOk3exDD9DW7SVNyRHGMpG36gZyOJDXG2l/I8bR8ssCd18gzAmbVHvE3l5uZPdd1INxQuuT/15hsh7b507ZuJj075W/5SZlUa5TEaxrqqu9xcVgHez81pDY50N96VLqvXgCYbeWwl3lJ0cQWRyIflBadFO7Tzt4orvmB0sS3FEs3OPPoSbXy4DKpyCdlrGMB7Z3gqDbKv/TGMQyGDIW2a8ELOA8Q1E0PKrf2CoT6LtvgIieS2X6k+qsKCMyp5V0BLoKjDM1ZhEPTmbam/9rlXlg6wTcH0SA0XKSIt1NWTpld+kmW2x0rVqss+c/kA05I3qhTQ1M0l8eG5VInQwoZLBDLa6VYNgE5JS5FQYG3nOYqMH263cw9MHQ6hz+0eieKVodP5rvTbX4yi1PnU2FDFDWzvIfDahPcMjorwKrft0msEzGry4qF04Wn65a04w==
mEEhuxcu92DqYx60z88SKbJjNC3i6qW5sIy7MbZHSRotcOwfdD6peaA8PmnXj6ms+pYEQqGsVKII/SH/Dmh2DJjnK8IbqieLMBTjM6LnFQAPhh2TA5Fr5d7jpfPEx2AGNSRF1r7CCbTSUdzrVKr+gmVprJmS4EmMWVkjYdlL+5c4wlSwlNkrqiRJYqNzIOKkhcVBBSmPxQaDurBRGtzGzakvHM3LWYlWvrdERRoCdm0mPnxH9baLa2E/8GyH1LP2jgOQZCNooppmt9UI5KEYSQ9G1wIZ8y4yWgc8neUaj6O1QyTiBiyDhs4/GJzsU/opObVcpYBS0Z2C2ULwxIwCOfg8I5ipWFjI48Tclglz0YOWfAdmHZ/YETu3wpz/7Il8gGSF/be3nMbUKhwtMwCCWyXErbzLGzdEg8LNtST14ipGNtfJo5LrdU6rBv1jHBUuKLVPTwhw3etNgLH7AQFwRHLuufDtKgFCfDSTJVSsa8iuOStMK1Xx7Jrl5x0TF2/2La24jbNM7+569P+aCkk7yxTtlcEbTNmBbYmfrLTV
NXJkh5Wnf1UkKDfbdaR7/51V23Bq2Cejqn0Lnd7i/B2+f5H78Tth1Bw77frLsBL6att163BontnCk0B10ATEL/BjZEOWZTuR0ZF7l//XXbwGN5ukg1D4HT9cxaPHzwh12c0z1cHXdQd4MADqcS9M7nSCLBWzOLLzjuj9JIsDZ6zjKr1NJA2Swibeh9HjCrtd7gM2xeMkJYaInZ/XyGgNg63oQYMBeYAskoZp6C2y0WrcnKMd1JRbYA4Re9RrTaEE+g2X5RPvHx5NReiV89S/xtpcz6KKcQtjtMVFWdtUCemN4W/UtK0=
BcDlVaVsHTsrySGnRTPNK51V23Bq2Cejqn0Lnd7i/B2+f5H78Tth1Bw77frLsBL6att163BontnFkUB10ATEL/BjZUOWZTuR0ZF7l//XXbwGN5ukg1D4HT9cxaPHzwh12c0z1cHXdQd4MADqcS9M7nSCLBWzOLLzjuj9JIsDZ6zjKr1NJA2Swibeh9HjCrtd7gM2xeMkJYaInZ/XyGgNg63oQYMBeYAskoZp6C2y0WrcnKMd1JRbYA4Re9RrTaEE+g2X5RPvHx5NReiV89S/xtpcz6KKcQtjtMVFWdtUCemN4W/UtK0=
lZcrKrPKIQP+eKQXfWuBJ51V23Bq2Cejqn0Lnd7i/B2+f5H78Tth1Bw77frLsBL6att163BontnCk0B10ATEL/BjakOWZTuR0ZF7l//XXbwGN5ukg1D4HT9cxaPHzwh12c0z1cHXdQd4MADqcS9M7nSCLBWzOLLzjuj9JIsDZ6zjKr1NJA2Swibeh9HjCrtd7gM2xeMkJYaInZ/XyGgNg63oQYMBeYAskoZp6C2y0WrcnKMd1JRbYA4Re9RrTaEE+g2X5RPvHx5NReiV89S/xtpcz6KKcQtjtMVFWdtUCemN4W/UtK0=
JN4GeNyBwOe9lHJw/vmYx51V23Bq2Cejqn0Lnd7i/B2+f5H78Tth1Bw77frLsBL6att163BontnFkUB10ATEL/Bja0OWZTuR0ZF7l//XXbwGN5ukg1D4HT9cxaPHzwh12c0z1cHXdQd4MADqcS9M7nSCLBWzOLLzjuj9JIsDZ6zjKr1NJA2Swibeh9HjCrtd7gM2xeMkJYaInZ/XyGgNg63oQYMBeYAskoZp6C2y0WrcnKMd1JRbYA4Re9RrTaEE+g2X5RPvHx5NReiV89S/xtpcz6KKcQtjtMVFWdtUCemN4W/UtK0=
gl/bZGnF0s52Qoc2jIRKkZ1V23Bq2Cejqn0Lnd7i/B2+f5H78Tth1Bw77frLsBL6att163BontnCk0B10ATEL/BjaEOWZTuR0ZF7l//XXbwGN5ukg1D4HT9cxaPHzwh12c0z1cHXdQd4MADqcS9M7nSCLBWzOLLzjuj9JIsDZ6zjKr1NJA2Swibeh9HjCrtd7gM2xeMkJYaInZ/XyGgNg63oQYMBeYAskoZp6C2y0WrcnKMd1JRbYA4Re9RrTaEE+g2X5RPvHx5NReiV89S/xtpcz6KKcQtjtMVFWdtUCemN4W/UtK0=
HwSIZW4k/z51yfbLWvTbaJ1V23Bq2Cejqn0Lnd7i/B2+f5H78Tth1Bw77frLsBL6att163BontnFkUB10ATEL/BjaUOWZTuR0ZF7l//XXbwGN5ukg1D4HT9cxaPHzwh12c0z1cHXdQd4MADqcS9M7nSCLBWzOLLzjuj9JIsDZ6zjKr1NJA2Swibeh9HjCrtd7gM2xeMkJYaInZ/XyGgNg63oQYMBeYAskoZp6C2y0WrcnKMd1JRbYA4Re9RrTaEE+g2X5RPvHx5NReiV89S/xtpcz6KKcQtjtMVFWdtUCemN4W/UtK0=
5dI4lZ3/G4Gi30/xPs1y7J1V23Bq2Cejqn0Lnd7i/B2+f5H78Tth1Bw77frLsBL6att163BontnCk0B10ATEL/BjbkOWZTuR0ZF7l//XXbwGN5ukg1D4HT9cxaPHzwh12c0z1cHXdQd4MADqcS9M7nSCLBWzOLLzjuj9JIsDZ6zjKr1NJA2Swibeh9HjCrtd7gM2xeMkJYaInZ/XyGgNg63oQYMBeYAskoZp6C2y0WrcnKMd1JRbYA4Re9RrTaEE+g2X5RPvHx5NReiV89S/xtpcz6KKcQtjtMVFWdtUCemN4W/UtK0=
zy8pbujUsak4WJq9YuN5JZ1V23Bq2Cejqn0Lnd7i/B2+f5H78Tth1Bw77frLsBL6att163BontnFkUB10ATEL/Bjb0OWZTuR0ZF7l//XXbwGN5ukg1D4HT9cxaPHzwh12c0z1cHXdQd4MADqcS9M7nSCLBWzOLLzjuj9JIsDZ6zjKr1NJA2Swibeh9HjCrtd7gM2xeMkJYaInZ/XyGgNg63oQYMBeYAskoZp6C2y0WrcnKMd1JRbYA4Re9RrTaEE+g2X5RPvHx5NReiV89S/xtpcz6KKcQtjtMVFWdtUCemN4W/UtK0=
y0eFfkCQBSAQGh102nQfZZ1V23Bq2Cejqn0Lnd7i/B2+f5H78Tth1Bw77frLsBL6att163BontnCk0B10ATEL/BjbEOWZTuR0ZF7l//XXbwGN5ukg1D4HT9cxaPHzwh12c0z1cHXdQd4MADqcS9M7nSCLBWzOLLzjuj9JIsDZ6zjKr1NJA2Swibeh9HjCrtd7gM2xeMkJYaInZ/XyGgNg63oQYMBeYAskoZp6C2y0WrcnKMd1JRbYA4Re9RrTaEE+g2X5RPvHx5NReiV89S/xtpcz6KKcQtjtMVFWdtUCemN4W/UtK0=
oQGkOHPcLzzb+hrudgFQRJ1V23Bq2Cejqn0Lnd7i/B2+f5H78Tth1Bw77frLsBL6att163BontnFkUB10ATEL/BjbUOWZTuR0ZF7l//XXbwGN5ukg1D4HT9cxaPHzwh12c0z1cHXdQd4MADqcS9M7nSCLBWzOLLzjuj9JIsDZ6zjKr1NJA2Swibeh9HjCrtd7gM2xeMkJYaInZ/XyGgNg63oQYMBeYAskoZp6C2y0WrcnKMd1JRbYA4Re9RrTaEE+g2X5RPvHx5NReiV89S/xtpcz6KKcQtjtMVFWdtUCemN4W/UtK0=
805kFsWq8yLQVfbtXMbnA51V23Bq2Cejqn0Lnd7i/B2+f5H78Tth1Bw77frLsBL6att163BontnCk0B10ATEL/BjZEKWZTuR0ZF7l//XXbwGN5ukg1D4HT9cxaPHzwh12c0z1cHXdQd4MADqcS9M7nSCLBWzOLLzjuj9JIsDZ6zjKr1NJA2Swibeh9HjCrtd7gM2xeMkJYaInZ/XyGgNg63oQYMBeYAskoZp6C2y0WrcnKMd1JRbYA4Re9RrTaEE+g2X5RPvHx5NReiV89S/xtpcz6KKcQtjtMVFWdtUCemN4W/UtK0=
qj2Ct2bMXC4TPDOBDKcsCZ1V23Bq2Cejqn0Lnd7i/B2+f5H78Tth1Bw77frLsBL6att163BontnFkUB10ATEL/BjZUKWZTuR0ZF7l//XXbwGN5ukg1D4HT9cxaPHzwh12c0z1cHXdQd4MADqcS9M7nSCLBWzOLLzjuj9JIsDZ6zjKr1NJA2Swibeh9HjCrtd7gM2xeMkJYaInZ/XyGgNg63oQYMBeYAskoZp6C2y0WrcnKMd1JRbYA4Re9RrTaEE+g2X5RPvHx5NReiV89S/xtpcz6KKcQtjtMVFWdtUCemN4W/UtK0=
roVIrx8jFvi499wRxQTRBp1V23Bq2Cejqn0Lnd7i/B2+f5H78Tth1Bw77frLsBL6att163BontnCk0B10ATEL/BjakKWZTuR0ZF7l//XXbwGN5ukg1D4HT9cxaPHzwh12c0z1cHXdQd4MADqcS9M7nSCLBWzOLLzjuj9JIsDZ6zjKr1NJA2Swibeh9HjCrtd7gM2xeMkJYaInZ/XyGgNg63oQYMBeYAskoZp6C2y0WrcnKMd1JRbYA4Re9RrTaEE+g2X5RPvHx5NReiV89S/xtpcz6KKcQtjtMVFWdtUCemN4W/UtK0=
ozs7y+Q6WFIU4k7S0Vx+sJ1V23Bq2Cejqn0Lnd7i/B2+f5H78Tth1Bw77frLsBL6att163BontnFkUB10ATEL/Bja0KWZTuR0ZF7l//XXbwGN5ukg1D4HT9cxaPHzwh12c0z1cHXdQd4MADqcS9M7nSCLBWzOLLzjuj9JIsDZ6zjKr1NJA2Swibeh9HjCrtd7gM2xeMkJYaInZ/XyGgNg63oQYMBeYAskoZp6C2y0WrcnKMd1JRbYA4Re9RrTaEE+g2X5RPvHx5NReiV89S/xtpcz6KKcQtjtMVFWdtUCemN4W/UtK0=
OUWHxDg5ChN+3EFXeDXNfZ1V23Bq2Cejqn0Lnd7i/B2+f5H78Tth1Bw77frLsBL6att163BontnCk0B10ATEL/BjaEKWZTuR0ZF7l//XXbwGN5ukg1D4HT9cxaPHzwh12c0z1cHXdQd4MADqcS9M7nSCLBWzOLLzjuj9JIsDZ6zjKr1NJA2Swibeh9HjCrtd7gM2xeMkJYaInZ/XyGgNg63oQYMBeYAskoZp6C2y0WrcnKMd1JRbYA4Re9RrTaEE+g2X5RPvHx5NReiV89S/xtpcz6KKcQtjtMVFWdtUCemN4W/UtK0=
Ll13Uf73pGZyQKlKqIP0zJ1V23Bq2Cejqn0Lnd7i/B2+f5H78Tth1Bw77frLsBL6att163BontnFkUB10ATEL/BjaUKWZTuR0ZF7l//XXbwGN5ukg1D4HT9cxaPHzwh12c0z1cHXdQd4MADqcS9M7nSCLBWzOLLzjuj9JIsDZ6zjKr1NJA2Swibeh9HjCrtd7gM2xeMkJYaInZ/XyGgNg63oQYMBeYAskoZp6C2y0WrcnKMd1JRbYA4Re9RrTaEE+g2X5RPvHx5NReiV89S/xtpcz6KKcQtjtMVFWdtUCemN4W/UtK0=
vfJelo18pM+SVJ3bQlJf351V23Bq2Cejqn0Lnd7i/B2+f5H78Tth1Bw77frLsBL6att163BontnCk0B10ATEL/BjbkKWZTuR0ZF7l//XXbwGN5ukg1D4HT9cxaPHzwh12c0z1cHXdQd4MADqcS9M7nSCLBWzOLLzjuj9JIsDZ6zjKr1NJA2Swibeh9HjCrtd7gM2xeMkJYaInZ/XyGgNg63oQYMBeYAskoZp6C2y0WrcnKMd1JRbYA4Re9RrTaEE+g2X5RPvHx5NReiV89S/xtpcz6KKcQtjtMVFWdtUCemN4W/UtK0=
pMIvDPrekJ3NBJMUxYmzwJ1V23Bq2Cejqn0Lnd7i/B2+f5H78Tth1Bw77frLsBL6att163BontnFkUB10ATEL/Bjb0KWZTuR0ZF7l//XXbwGN5ukg1D4HT9cxaPHzwh12c0z1cHXdQd4MADqcS9M7nSCLBWzOLLzjuj9JIsDZ6zjKr1NJA2Swibeh9HjCrtd7gM2xeMkJYaInZ/XyGgNg63oQYMBeYAskoZp6C2y0WrcnKMd1JRbYA4Re9RrTaEE+g2X5RPvHx5NReiV89S/xtpcz6KKcQtjtMVFWdtUCemN4W/UtK0=
ZDsDf8BwpIphdL0bUGKibZ1V23Bq2Cejqn0Lnd7i/B2+f5H78Tth1Bw77frLsBL6att163BontnCk0B10ATEL/BjbEKWZTuR0ZF7l//XXbwGN5ukg1D4HT9cxaPHzwh12c0z1cHXdQd4MADqcS9M7nSCLBWzOLLzjuj9JIsDZ6zjKr1NJA2Swibeh9HjCrtd7gM2xeMkJYaInZ/XyGgNg63oQYMBeYAskoZp6C2y0WrcnKMd1JRbYA4Re9RrTaEE+g2X5RPvHx5NReiV89S/xtpcz6KKcQtjtMVFWdtUCemN4W/UtK0=
wdHjLi533aXGa6BAz8kZAZ1V23Bq2Cejqn0Lnd7i/B2+f5H78Tth1Bw77frLsBL6att163BontnFkUB10ATEL/BjbUKWZTuR0ZF7l//XXbwGN5ukg1D4HT9cxaPHzwh12c0z1cHXdQd4MADqcS9M7nSCLBWzOLLzjuj9JIsDZ6zjKr1NJA2Swibeh9HjCrtd7gM2xeMkJYaInZ/XyGgNg63oQYMBeYAskoZp6C2y0WrcnKMd1JRbYA4Re9RrTaEE+g2X5RPvHx5NReiV89S/xtpcz6KKcQtjtMVFWdtUCemN4W/UtK0=
OAAyaSmEijyCxtBwX/YRglOs+N9hxj0QH651Soy0pjmNPA3vs5Eh7PNZA6fPO3wdKHFancojp7ywZFadM7pMfnckM65NnAh16vUxWK/C6qFmRqNnnyvUxha3rumXtS2tMzWG7SLtbDYB34N2TwD9fydTsOmpkQvJwctNWwisuHaR83SyBJ8Axm3kCmb/tEX4ax9fsJN2BdGkkSqeVsK/zQPWAwGen44ZI/gdmvjBpwso9LUf3bR5nwFluHDiGtF0zW7pNqyAm8EUSOP8fk3DCItRmRiKUS95k3OnQj1Z0IkTCAeaqsB3fkqtM3/EmX2FO8ixdf29V8i0sQ==
6ZyOtA00caVrAgPw9Lqffp1V23Bq2Cejqn0Lnd7i/B2+f5H78Tth1Bw77frLsBL6att163BontnFkUB10ATEL/BjZE2WZTuR0ZF7l//XXbwGN5ukg1D4HT9cxaPHzwh12c0z1cHXdQd4MADqcS9M7nSCLBWzOLLzjuj9JIsDZ6zjKr1NJA2Swibeh9HjCrtd7gM2xeMkJYaInZ/XyGgNg63oQYMBeYAskoZp6C2y0WrcnKMd1JRbYA4Re9RrTaEE+g2X5RPvHx5NReiV89S/xtpcz6KKcQtjtMVFWdtUCemN4W/UtK0=
BqzGq37sJQzMIGGIMeMiIqJhi8Z8dje0YUtkJ7+jWhuH5sXFKF4Szvm18eA8OsEBDHQ/1RTwGaXWuaZuM/uXupBNXIJpdvMTNaJPxoDP1Cmd9+Zqqn6Q+rWxPnGpeyWTdD9qah5lPK1aQVrv9MxZZk2Z+h6VOEL2Jf1lmBmr8YsTkwZlp/87Q2IEYKgR8pfBliv/CQaCothaU1mvBQwkCUBwja8o0VmfTME02h9mr0+PBafDUdCdreLEiTFD6shNozOIY8+mXCkK80JljdnMbhJ7YU1ddj1hfXrMQSBwPJMOo3HrArGQcdu0oA==
OAAyaSmEijyCxtBwX/YRglOs+N9hxj0QH651Soy0pjmNPA3vs5Eh7PNZA6fPO3wdKHFancojp7ywZFadM7pMfnckM65NnAh16vUxWK/C6qFmRqNnnyvUxha3rumXtS2tMzWG7SLtbDYB34N2TwD9fydTsOmpkQvJwctNWwisuHaR83SyBJ8Axm3kCmb/tEX4ax9fsJN2BdGkkSqeVsK/zQPWAwGen44ZI/gdmvjBpwso9LUf3bR5nwFluHDiGtF0zW7pNqyAm8EUSOP8fk3DCItRmRiKUS95k3OnQj1Z0IkTCAeaqsB3fkqtM3/EmX2FO8ixdf29V8i0sQ==
BqzGq37sJQzMIGGIMeMiIqJhi8Z8dje0YUtkJ7+jWhuH5sXFKF4Szvm18eA8OsEBDHQ/1RTwGaXWuaZuM/uXupBNXIJpdvMTNaJPxoDP1Cmd9+Zqqn6Q+rWxPnGpeyWTdD9qah5lPK1aQVrv9MxZZk2Z+h6VOEL2Jf1lmBmr8YsTkwZlp/87Q2IEYKgR8pfBliv/CQaCothaU1mvBQwkCUBwja8o0VmfTME02h9mr0+PBafDUdCdreLEiTFD6shNozOIY8+mXCkK80JljdnMbhJ7YU1ddj1hfXrMQSBwPJMOo3HrArGQcdu0oA==
OAAyaSmEijyCxtBwX/YRglOs+N9hxj0QH651Soy0pjmNPA3vs5Eh7PNZA6fPO3wdKHFancojp7ywZFadM7pMfnckM65NnAh16vUxWK/C6qFmRqNnnyvUxha3rumXtS2tMzWG7SLtbDYB34N2TwD9fydTsOmpkQvJwctNWwisuHaR83SyBJ8Axm3kCmb/tEX4ax9fsJN2BdGkkSqeVsK/zQPWAwGen44ZI/gdmvjBpwso9LUf3bR5nwFluHDiGtF0zW7pNqyAm8EUSOP8fk3DCItRmRiKUS95k3OnQj1Z0IkTCAeaqsB3fkqtM3/EmX2FO8ixdf29V8i0sQ==
BqzGq37sJQzMIGGIMeMiIqJhi8Z8dje0YUtkJ7+jWhuH5sXFKF4Szvm18eA8OsEBDHQ/1RTwGaXWuaZuM/uXupBNXIJpdvMTNaJPxoDP1Cmd9+Zqqn6Q+rWxPnGpeyWTdD9qah5lPK1aQVrv9MxZZk2Z+h6VOEL2Jf1lmBmr8YsTkwZlp/87Q2IEYKgR8pfBliv/CQaCothaU1mvBQwkCUBwja8o0VmfTME02h9mr0+PBafDUdCdreLEiTFD6shNozOIY8+mXCkK80JljdnMbhJ7YU1ddj1hfXrMQSBwPJMOo3HrArGQcdu0oA==
OAAyaSmEijyCxtBwX/YRglOs+N9hxj0QH651Soy0pjmNPA3vs5Eh7PNZA6fPO3wdKHFancojp7ywZFadM7pMfnckM65NnAh16vUxWK/C6qFmRqNnnyvUxha3rumXtS2tMzWG7SLtbDYB34N2TwD9fydTsOmpkQvJwctNWwisuHaR83SyBJ8Axm3kCmb/tEX4ax9fsJN2BdGkkSqeVsK/zQPWAwGen44ZI/gdmvjBpwso9LUf3bR5nwFluHDiGtF0zW7pNqyAm8EUSOP8fk3DCItRmRiKUS95k3OnQj1Z0IkTCAeaqsB3fkqtM3/EmX2FO8ixdf29V8i0sQ==
BqzGq37sJQzMIGGIMeMiIqJhi8Z8dje0YUtkJ7+jWhuH5sXFKF4Szvm18eA8OsEBDHQ/1RTwGaXWuaZuM/uXupBNXIJpdvMTNaJPxoDP1Cmd9+Zqqn6Q+rWxPnGpeyWTdD9qah5lPK1aQVrv9MxZZk2Z+h6VOEL2Jf1lmBmr8YsTkwZlp/87Q2IEYKgR8pfBliv/CQaCothaU1mvBQwkCUBwja8o0VmfTME02h9mr0+PBafDUdCdreLEiTFD6shNozOIY8+mXCkK80JljdnMbhJ7YU1ddj1hfXrMQSBwPJMOo3HrArGQcdu0oA==
OAAyaSmEijyCxtBwX/YRglOs+N9hxj0QH651Soy0pjmNPA3vs5Eh7PNZA6fPO3wdKHFancojp7ywZFadM7pMfnckM65NnAh16vUxWK/C6qFmRqNnnyvUxha3rumXtS2tMzWG7SLtbDYB34N2TwD9fydTsOmpkQvJwctNWwisuHaR83SyBJ8Axm3kCmb/tEX4ax9fsJN2BdGkkSqeVsK/zQPWAwGen44ZI/gdmvjBpwso9LUf3bR5nwFluHDiGtF0zW7pNqyAm8EUSOP8fk3DCItRmRiKUS95k3OnQj1Z0IkTCAeaqsB3fkqtM3/EmX2FO8ixdf29V8i0sQ==
BqzGq37sJQzMIGGIMeMiIqJhi8Z8dje0YUtkJ7+jWhuH5sXFKF4Szvm18eA8OsEBDHQ/1RTwGaXWuaZuM/uXupBNXIJpdvMTNaJPxoDP1Cmd9+Zqqn6Q+rWxPnGpeyWTdD9qah5lPK1aQVrv9MxZZk2Z+h6VOEL2Jf1lmBmr8YsTkwZlp/87Q2IEYKgR8pfBliv/CQaCothaU1mvBQwkCUBwja8o0VmfTME02h9mr0+PBafDUdCdreLEiTFD6shNozOIY8+mXCkK80JljdnMbhJ7YU1ddj1hfXrMQSBwPJMOo3HrArGQcdu0oA==
OAAyaSmEijyCxtBwX/YRglOs+N9hxj0QH651Soy0pjmNPA3vs5Eh7PNZA6fPO3wdKHFancojp7ywZFadM7pMfnckM65NnAh16vUxWK/C6qFmRqNnnyvUxha3rumXtS2tMzWG7SLtbDYB34N2TwD9fydTsOmpkQvJwctNWwisuHaR83SyBJ8Axm3kCmb/tEX4ax9fsJN2BdGkkSqeVsK/zQPWAwGen44ZI/gdmvjBpwso9LUf3bR5nwFluHDiGtF0zW7pNqyAm8EUSOP8fk3DCItRmRiKUS95k3OnQj1Z0IkTCAeaqsB3fkqtM3/EmX2FO8ixdf29V8i0sQ==
BqzGq37sJQzMIGGIMeMiIqJhi8Z8dje0YUtkJ7+jWhuH5sXFKF4Szvm18eA8OsEBDHQ/1RTwGaXWuaZuM/uXupBNXIJpdvMTNaJPxoDP1Cmd9+Zqqn6Q+rWxPnGpeyWTdD9qah5lPK1aQVrv9MxZZk2Z+h6VOEL2Jf1lmBmr8YsTkwZlp/87Q2IEYKgR8pfBliv/CQaCothaU1mvBQwkCUBwja8o0VmfTME02h9mr0+PBafDUdCdreLEiTFD6shNozOIY8+mXCkK80JljdnMbhJ7YU1ddj1hfXrMQSBwPJMOo3HrArGQcdu0oA==
OAAyaSmEijyCxtBwX/YRglOs+N9hxj0QH651Soy0pjmNPA3vs5Eh7PNZA6fPO3wdKHFancojp7ywZFadM7pMfnckM65NnAh16vUxWK/C6qFmRqNnnyvUxha3rumXtS2tMzWG7SLtbDYB34N2TwD9fydTsOmpkQvJwctNWwisuHaR83SyBJ8Axm3kCmb/tEX4ax9fsJN2BdGkkSqeVsK/zQPWAwGen44ZI/gdmvjBpwso9LUf3bR5nwFluHDiGtF0zW7pNqyAm8EUSOP8fk3DCItRmRiKUS95k3OnQj1Z0IkTCAeaqsB3fkqtM3/EmX2FO8ixdf29V8i0sQ==
BqzGq37sJQzMIGGIMeMiIqJhi8Z8dje0YUtkJ7+jWhuH5sXFKF4Szvm18eA8OsEBDHQ/1RTwGaXWuaZuM/uXupBNXIJpdvMTNaJPxoDP1Cmd9+Zqqn6Q+rWxPnGpeyWTdD9qah5lPK1aQVrv9MxZZk2Z+h6VOEL2Jf1lmBmr8YsTkwZlp/87Q2IEYKgR8pfBliv/CQaCothaU1mvBQwkCUBwja8o0VmfTME02h9mr0+PBafDUdCdreLEiTFD6shNozOIY8+mXCkK80JljdnMbhJ7YU1ddj1hfXrMQSBwPJMOo3HrArGQcdu0oA==
OAAyaSmEijyCxtBwX/YRglOs+N9hxj0QH651Soy0pjmNPA3vs5Eh7PNZA6fPO3wdKHFancojp7ywZFadM7pMfnckM65NnAh16vUxWK/C6qFmRqNnnyvUxha3rumXtS2tMzWG7SLtbDYB34N2TwD9fydTsOmpkQvJwctNWwisuHaR83SyBJ8Axm3kCmb/tEX4ax9fsJN2BdGkkSqeVsK/zQPWAwGen44ZI/gdmvjBpwso9LUf3bR5nwFluHDiGtF0zW7pNqyAm8EUSOP8fk3DCItRmRiKUS95k3OnQj1Z0IkTCAeaqsB3fkqtM3/EmX2FO8ixdf29V8i0sQ==
BqzGq37sJQzMIGGIMeMiIqJhi8Z8dje0YUtkJ7+jWhuH5sXFKF4Szvm18eA8OsEBDHQ/1RTwGaXWuaZuM/uXupBNXIJpdvMTNaJPxoDP1Cmd9+Zqqn6Q+rWxPnGpeyWTdD9qah5lPK1aQVrv9MxZZk2Z+h6VOEL2Jf1lmBmr8YsTkwZlp/87Q2IEYKgR8pfBliv/CQaCothaU1mvBQwkCUBwja8o0VmfTME02h9mr0+PBafDUdCdreLEiTFD6shNozOIY8+mXCkK80JljdnMbhJ7YU1ddj1hfXrMQSBwPJMOo3HrArGQcdu0oA==
OAAyaSmEijyCxtBwX/YRglOs+N9hxj0QH651Soy0pjmNPA3vs5Eh7PNZA6fPO3wdKHFancojp7ywZFadM7pMfnckM65NnAh16vUxWK/C6qFmRqNnnyvUxha3rumXtS2tMzWG7SLtbDYB34N2TwD9fydTsOmpkQvJwctNWwisuHaR83SyBJ8Axm3kCmb/tEX4ax9fsJN2BdGkkSqeVsK/zQPWAwGen44ZI/gdmvjBpwso9LUf3bR5nwFluHDiGtF0zW7pNqyAm8EUSOP8fk3DCItRmRiKUS95k3OnQj1Z0IkTCAeaqsB3fkqtM3/EmX2FO8ixdf29V8i0sQ==
BqzGq37sJQzMIGGIMeMiIqJhi8Z8dje0YUtkJ7+jWhuH5sXFKF4Szvm18eA8OsEBDHQ/1RTwGaXWuaZuM/uXupBNXIJpdvMTNaJPxoDP1Cmd9+Zqqn6Q+rWxPnGpeyWTdD9qah5lPK1aQVrv9MxZZk2Z+h6VOEL2Jf1lmBmr8YsTkwZlp/87Q2IEYKgR8pfBliv/CQaCothaU1mvBQwkCUBwja8o0VmfTME02h9mr0+PBafDUdCdreLEiTFD6shNozOIY8+mXCkK80JljdnMbhJ7YU1ddj1hfXrMQSBwPJMOo3HrArGQcdu0oA==
WLBJBGSHmk6GYj9aSESBpu30EN7vEL8e7QSGYeHZy+Pvww8mu48p5hbFKiCoy/ddiU+DkjbezIhcoW7AiTnHrfd21rF7IHfv/q4Lo92ejWh4TlS1lk+VilFtowKt2AuW0pa44IOF9vC129IjHuRUHpGaF32d6DXxYYKQLDbKhduopNUPHQQZrwFV2MAiCrEkTb7JJmxwO7EUuEOMPl3jWAuBeQjK4c9Jk0NH8n1JMFmTWCeK6rDXjk3ak48EiV1Vu5jRZT0NN/i0gQ==
WaHZ9J70soQZJkfLr+6/GIPwVTDmIvfmCaMfKWpxSmWWVP8ZmiUM4eHsVktm0KRaxAxsEBnbWUK/KmjHR/x0es6V+2yqu3Mec+3+qAeZxZD5ekh4SN9+UbGoMYvP2JX23+QCwIQqy3uyMnWdHlnGquDM4WxL1zW20ZPBJDy2TiQRaTgyKYWVup0tgdNUerqERbb9CFXMBO6fE/Ter9aG87eqW1fFQgKfCwvThQsIJYcEC2Mu+6DCbrNsbfy/lfznSWerjq1vNTMz+rSH
Uft1DNwDLJOjIeqbhuHili10e7mzaUMDdkNsBWSQGZ1Hvoglm8eboz7UldEu09Un8R3WrUUVMMpvUi8Xm30vYAFYLP+n9W5+LY0mUQEHEeDF6jgCuOcb4d41l1G3kT96DdYd5yJUUVW4NEayW/7H6XFJ0Cm/54Cx0SaZagX/EuAfG1LZQ9vuQZaeBW7V+x2V9TdruEcJYGRLFVkCcjkx49pXNe4GraizYGHXkTbaQKtzOWeep8W/Xcll+hiGZ1yzY994OQo1+bSC
Yb/I6/FFHpkpyihvkvjjkC10e7mzaUMDdkNsBWSQGZ1Hvoglm8ebrj7Uldwu09Un8R3WrUUVMMpvUgMAm3QzbhZYLP+n9W5+LY0mUQEHEeDF6jgCuOcb4d41l1G3kT96DdYd5yJUUVW4NEayW/7H6XFJ0Cm/54Cx0SaZagX/EuAfG1LZQ9vuQZaeBW7V+x2V9TdruEcJYGRLFVkCcjkx49pXNe4GraizYGHXkTbaQKtzOWeep8W/Xcll+hiGZ1yzY994OQo1+bSC
2MCSXpq/2gij8ILrCF4Q0Ds3l7KLR7nl87zGbJYnrTaiCHVG+6Rem1Wu/NCvFiB4oPTWAEqm+CsGslv7SOqBYxd78Sw2953xbH4viRxZG3Pj8PfeIurCAznB/FFtOW2lDap/IkcvGBCTFXpw/HoBCrU5w/0KQUWDIhFzwuOCn0ugcO1vyFH5X2zBFBq/5k+P7wVHg/FQPe3CxOlxo2qojYMzqKNvJrzpavOiJe1ZbC4ye0ENvfZdoZ1964GA8JxTbqORq2IxMDH7tIA=
Mnhv2RV7a+F7ZhTBQST8Vi10e7mzaUMDdkNsBWSQGZ1Hvoglm8ebrj7Uldwu09Un8R3WrUUVMMpvUi8Xm2MyYQtYLP+n9W5+LY0mUQEHEeDF6jgCuOcb4d41l1G3kT96DdYd5yJUUVW4NEayW/7H6XFJ0Cm/54Cx0SaZagX/EuAfG1LZQ9vuQZaeBW7V+x2V9TdruEcJYGRLFVkCcjkx49pXNe4GraizYGHXkTbaQKtzOWeep8W/Xcll+hiGZ1yzY994OQo1+bSC
AqFAGTkWqvOwbXk71RG6yzs3l7KLR7nl87zGbJYnrTaiCHVG+6RellWu/N2vFiB4oPTWAEqm+CsGskr9Sv+Fdxd78Sw2953xbH4viRxZG3Pj8PfeIurCAznB/FFtOW2lDap/IkcvGBCTFXpw/HoBCrU5w/0KQUWDIhFzwuOCn0ugcO1vyFH5X2zBFBq/5k+P7wVHg/FQPe3CxOlxo2qojYMzqKNvJrzpavOiJe1ZbC4ye0ENvfZdoZ1964GA8JxTbqORq2IxMDH7tIA=
UavH0mksikZG5N5WUoAfRqwaHeyzmF+5MIwJ6TSvVjQb/OoMCjjax+4uYJNvPN6e4k0ol7fkq5ud5qUx7KWSmcKnQypr4f6sD6XVhIGWaFxgg44laeRxT4ckxSJnSOKkbLZ7zyq+9RmW5VY+GKBByOMLRUKJXwFg9MqecClFWNZBmaWOhSGB11xGqpA9Wt0sfZD0mkdftBrnKtYnDwa7My3esiuTh1MBg7S1E/xnw4pTfLKa66CtuHfpLLNxS8tqxXMFByv2tIM=
xXh+xgSmDSS5iuSbtUQlzawaHeyzmF+5MIwJ6TSvVjQb/OoMCjjax+4uYJNvPN6e4k0ol7fkq5ud5qwi5riSm8KnQypr4f6sD6XVhIGWaFxgg44laeRxT4ckxSJnSOKkbLZ7zyq+9RmW5VY+GKBByOMLRUKJXwFg9MqecClFWNZBmaWOhSGB11xGqpA9Wt0sfZD0mkdftBrnKtYnDwa7My3esiuTh1MBg7S1E/xnw4pTfLKa66CtuHfpLLNxS8tqxXMFByv2tIM=
x7WUS4sIIwFF61sVTYOhSLQQFzSvtOLUXVP3jr/B3Y0r+moOJiIxg1hjrWqWA/bBa2ON03qhat+1aJBRAzkh/VZsNo3VWb5FaxR/6/6qA5fNauVMWGq8wUZ73U4Rqeu2fazjMnIy0BQTMX50NV9al44QPLoxPv8JTVx9NSFG2Bjmvm3/iIC9+w0wEasBUdD0Mv7ZAG2aIVK8RHN1VHwLOO4pC/yrJRH8WlVHzRPHz0btvVj9M/zP/joEn0oNHtu71P21cZu8uZEtOT/8tIU=
C13t+KixDOQCNgKe2HTM2ZcBvR3SSuonovc+c4uISPXl7yg6kSUYe15Heb1lFrVRlfvkMaFRxCMW48n72hGYIXO0CA==
qzPbytzenEE7rxscxqSSpjYhPAqwJDDm9gMU2HBjGo/KPpSxy//twgMk0vKb2Cu35/iNm8FzC6IVq+Xv2w60Cw==
F/L2mPLB/qJMqyw+Fy791s7RUkHLkaU+ij8oliEVVX1vSIfaqgD3PkttszbFWf1FO4gxtf391wi0cQ==
/evDSWTUa7+E6tj9aMM+wY9d8kREad3BNHTEIZs7jcWZZlk5QbswmQ3heJuiQ50jhsH0yQe0fA==
RTdYyxV4edSFssWY0SS4xqo9pxtdZByKd1Un1BDgcbTR2HUl0bpsHig+kegBjXiN/gxHNmuiUFSyGYV/h54pjzRNl6wLWlGTf66WGWSRawU7RkRN9OCdVgkIbvhtospT4IV0gApELTsAZyJ6zTqh+38vGYEvsVDwWK6Eow98/AseDZPKViINV627WdUB8LvYrF8a1tKrgd3Qk5vjbcAmNfiruqgCK+7sUDnFrI9dGR0sosee51BmsRz6s5IGzD51KSaEyyxPB1S7POkpakTi5aATZZAbRR0xaDzWFueQ1j0k8sx5Du9x5/BbMMhVK3p7Hr4ERtYfkA4vhrkifB47hqA46ZllBR7u69htxRznA9Xekv/mnRqolkmj5w14UEyooMOTqvYd7RaBwvsBM3L74BF7ZL+2jK6EW1czaE8jFmn60wN2ISggpyNx+KqZnfViLXWBi+Si2pz1Lj0QZVRkNq9LdIafDuZrh7Kbz3VaYke7U9Pdu9BFn7STozbLOKK2gzTqo49EnX95f2sWHXdV64OitN8=
IEiE7P2tm5CbHLgV5tVYT5zP1f2lgahnsk0SVW1qlm5V0I846emoc47UP334jbn1AZK0Ms5gqRCa+bT3aWKJ4uZ7mp1rxCxmv4L3iAnVO3RGpwjzw/OvzMTDaBIlMG2yniYh4IKFFK8U7jZWNT0EfTKE4RjJzavlWc9zA6hW/NQ0PYP+dJ2q5zNkKnDVkWnhCevtEpOuuFUa2M7ZuTs0qeu9oQLuY4wBWka+uXZq1KNV0iP/8at46AdQO2IelzgAg4wKzjZjHUyk5dCdXxL/5jmXBiZKEzSZ5R6Ht6VXDIYmyKvSnuvQ2KwXMv1p4fRBIDZ5CRJNynRECIqtaKiL/Am88JyzEBTSSTcZV8YoL4I9+/AFK6PKmP/ogWiQcK2Zl1O0koT+1GlzREqPdZAFWGt/n9ATVkUxpHFqvtaif60DdkMhHn/OuSNY3fp44WerKBT1/12Uuf8BBXhQYvqRlM3OKRYs4FthFOijHP5tg6iLMVl4CnFvmZOT52K9ORDpE6hHuiogN95KDfMWRbm9JTso8ZV9nZeotNE=
vIwXqGKbRfitQzTZY6isgvctNglVOD0TPI8UR9ypi1QRI7M1QvbE406zandPkbNOUz1znAJdR0nSDyDT//fMCZ4tdbQO
dyTf116dHxWKwT8RkS85n960on7k8Htjj9JZRVtuXVGCZyJcNnQqq3AgxZrypg60MRm4wgkVVar9nYFjNGp6FGVGfXh1XET+f6P0bk/GxmOX2tun5dLCj2u70zVrGOUXJPvjXtswgn5T3GtMX4y9d2kXK36N//UjU0q0Nw==
i49Y4oi7si/vKnahXVziK/rAoBn2jzM/4JazGXkAHcm/smU4IR0iiWTBSwTja+IzireCFVUsDx/t9RxKWpuQjzSHUa1tNo2B7XtbYVkxzDN+I2FLUnFAEWu0EA==
KXaQFqEjnEFCAU7eVI0KauAhp0FhtEEthJFmFjWV/5iLRUkCE5S3hYRlwqHt6EUzNJ/8B3RZA/TJU6s1WgacQ8bDwrcngbtuq23LG32NfynaHwgTl0dEaUYdbbQW
2uT4ASUevECuw87VBRRuF8kSiGRQhmA3s5FmFjWV/5iLRUkCE5S3hYRlwqHt6EUzNJ/8B3RZA/TJU6s1WgacQ8bDwrcngbtuq23LG32NfynaHwgTl0dEaUYdbbQW
ztshXK7SzUZfvT/tk+v34Cy9lQathGIWMZ3jiGd9LSL3zJt1uC0GYamguYNYR1hn0KGvZFXbL7XejgDTartmV4PZV97XpQ9bOUVDWfbHbDNzfyh5WhVptBI=
LKLsn9Ddue/ZQq9Jnn+ADDHe5PvT8cM9bd3TNrhiRmGEUl4WDWXH+KO1gUJbRB/lHPVaIXV43ZNcTzRHPGnr1LFjUzUiNmRjrvMKd2/RU84z/VOb5R3nyXJPwNPfN2yJfm1VtC4=
XceqJ3iBJ3+RNc9PPegMj5yzTw1KpHa8NZdfPKyFLM6+mdZMJwQ87vO+ipIeRCnpyy1xpKqO52G5Gx9lQwDo1E201QNUR4eDlRVfhuso4ibjROvU79Tdb1nP66Y9Z5V7Y1K0Lw==
i2WF//eATki8T1sx1fFEIBEMbyIkGII8A88xR6uytoFTKX0gASowCMg+c3p2xc42DvFd+QxpRVm0dLKK3ZwnZtZ+P/UjUD36Qfc+gPNTViknYzJBSiZhntGz8fXZPy8o41GcJPfNPRK2sd3D9p+xXiLVdDM8mfMhspJsix+xI45DnQObtb1XiUJvcFMPF3xJ7o2ltN4=
uouHkcZt7ZA+M695KF5FXAl+bz9ce25+TeGGoEQFOva3uedQLrXOPFEuKcXx5ApvievfN0sw48mJ2Sxxv2yiBHlox3oq4LceSkpzVkX5PWU7aHFVfV0XaLQR
iuE+1jPENh9CsV+04k1xf9PLyRgQhfdiZRSKLEWD28NihRGnB0Eb7sut6xqdzd+put9oE7cHpOnm3Q20dg==
iuE+1jPENh9CsV+04k1xf9PLyRgQhfdiZRSKLEWD28NihRGnB0Eb7sut6xqdzd+put9oE7cHpOnm3Q20dg==
DDOgsy39u8xjiykUTDVkyb9O0TBsn0ZKcAtAnn8NWi/h3kLUnHpOUDLSetGrM55nIz7H8oWWsNeIuuGGzVR2DVdN/Sr+oGRn/YoNGV4sWhEkdRXzMUkSV3l6naZABoIIwifH4krlpknSv2FeOgBG8MDHCDwB5kA=
