ETJsuQH6gWoIAGrpWVtNdXH6/5p989rz67uDvf66SY00ovWcFYmKeB8bUZ4iJ3dtB9ErnciomtokhqozX8PDFLIldsC7Y37JP1MqQVIWeX75g7m1ke/HyFvB5KRPXcWyHuGVgz5vWX46pWwzJGnrAdriJEvXYYsuOw27GEwt7+kqP7iTxydUKfa9vbTG
5a/oIbIC9AkoqTVKtM+1alp5Fz12WgZpbif5Yiwx3HUBntVYAtZXRWgirXmW2prIjc5c+q1VcRR30mvjPJDRBxxhjcegwdiCy9ab59Pl2ysFAKkVzoRlSbe6HOWfk9SLu1YI8SZzbj1ZqTgGzttd5QmmSZkRuOb5HSHo+/LDrUM2AcSpt7TM
988YGtaM8mw6YMzytYVu5YKyv/vqWHBJFt2Yh4RQRSQAQN7K/FbMDSBDbl8S8p2DzLmX14xsKEOLjuxChffnUUKUROtcytSA7lY7HXzSmREPf2TgmZ7oAgEVHSyDAv+LgHDNL2jRGR+MwfRaX2bvz88FZ0OR0F0tosTJsQPqCM1jM0jjj6YcqUrzguVN2QzuUnshzR12/eG9eArBaXF8E06jsWvCsVDxm7Tg
rl13XLd+NmGcwFMOdogPtI0+I+tYXgbzYW/XnApbtjArHV4u8w5GBG4geuc4ZIWmypI+mBk9mN4RAUWm9ZmBn8yeiviNop2krYiUMrdnNNL3cnbPP357O31GUgPjP1NJE2yVe0yfgwKDZNIyG5gocWe4jVtBMwtilevlL1tOtMs=
8QnP1f/X/cwYFTFS0ssOcCwjOaDQXSxEL2grbhvU2Qk5DybTWTaL4WIvNryzue6SO9On6JYkavsQUMXqkvZO5JGpOHKpxZV6HW2Bk9S6usTF9v3I1QwErh/T9B4vloYzN2pbF0UCAl+LS9PFi8glx4RLY+57YMIuM6xoPT/c/SfJp6vOLS8187O6tMc=
dHZ+zvnf/R/o7l/qx9IRdSwjOaDQXSxEL2grbhvU2Qk5Hi7dXzmKs2IvNryzue6SO9Kn6JYkavsQUMXqkvZO5JGpOHKpxZV6HW2Bk9S6usTF9v3I1QwErh/T9B4vloYzN2pbF0UCAl+LS9PFi8glx4RLY+57YMIuM6xoPT/c/SfJp6vOLS8187O6tMc=
SviRAc8uz8tdnHZ9vp6qekla+JPq0QVekbo2aS5gehbmEaheLiFbHgxIy7GdlWtt+c78WkMjMZP5auwoGtZPtaCC1ek8H3P4la4UKlXVyUQ/8nMTFNC5l6SBRfe4wcCyAzYjd7ul89sdIOFFdgSdmf/aBNV3U3wbw/bAAT5zdk0RCcCWZps11RFGgclpOF4p1QHwi9oDRdOOYYyZr7TU
ebrtWsZbTPzNiOLONip/inZ8EeSJQSxEJ2o9fE/Z0BdrDyCaDXjes2IvNryzue6SO9Cn6JYkavsQUMXqkvZO5JGpOHKpxZV6HW2Bk9S6usTF9v3I1QwErh/T9B4vloYzN2pbF0UCAl+LS9PFi8glx4RLY+57YMIuM6xoPT/c/SfJp6vOLS8187O6tMc=
YoUH5GXVCJfSeFDAAG5+gCg7VrjcFyxELHUtex3Qw1l1DyXISDPes2IvNryzue6SO9en6JYkavsQUMXqkvZO5JGpOHKpxZV6HW2Bk9S6usTF9v3I1QwErh/T9B4vloYzN2pbF0UCAl+LS9PFi8glx4RLY+57YMIuM6xoPT/c/SfJp6vOLS8187O6tMc=
B46UV0Dbg/Mi1ZpIiBASCFM5LVAtcdntqbUJHph3ERPXX0/yaoTMFpmZpprjJd2v9ZQjdvImQ7WfiNlqxX9S4F+bktkDWy5BVh5FbhV7XZW1t6u4B4kgZIuVGQKyufHjmtf17sYt6LOg4ZeRdlqAqzO5J55nRf9YCOUzGcbnnLOjXzg5yrW5tMI=
gjW26sMLpyL8YqzAz9wvVGaOwf7EWghXTR1xivt3vve7TDEyls0mbfZ6f0M2XI+H157KjsIl9LJlTD5sNooFG6jkVU8dxJnvARVYACJKMWRNfklmbDC7cRT4w0w+nWMYC0H5yMqhT4mTg8eyfYmwmZMYp0rqcFfOSBsTxgXJ3ZW72FElPc23uLTB
7A6VGnEzgA6mr8s1pBY/AjlbEW+h2Umn1cYwrqoIWdCGVtPN9LLBAfC+/5AhfuAyaZW13IsihzsYsPU/MHGRz6TB3IrXxrff98X/8+nwVd0KRKGBCwqwvfvzsPPXxpR5ovPqtcU51P4qO7k9pRb10VX4orFhUYSj1uOJexoR2KGztMg=
4kcBZWvlHzROEn3utt4FrPSxexo2+Z7d5NrS3CAj00NkkWSrlTpQwI5W290cUjnRLn5HIHkeiELhFT1sI4Jfy+BwLe8IUbnfrMHUmv/mjw8vBQcDMVD9bYLEKfFjaugNQzNoIy8mfGmq8+KlrVmsrnJ7AY199h0h3XgqAcnx3NOuo9ErIjHwsbu0wA==
lVPU7kvnJ4dVsE0cWw1+hpcwLqm8vUKJhEQ9EogI5Y81ZyzPHxj6tlsr3J/0myg5tKlpuPH0s55CmgWBoBRAWqszqTQ2rJtcUuqZrf0ObJVihlijqSTFs+puZLVr19dk70r7Kgovy0PK/64AloudJFQYG5ZiI0aI0rEkfKBbNsRJ5xqNpVTaG2Xnr8lvp+zncEV4eLLW52XYYp3ZoF6KaF2OjNo9VeF0p5K7gywQIWfsIX2nUMEo4juWa4cjZctL1UB5dV6E9Wln+sxFjxPkK4sWuNGWc94d6WkIpv5bTUVZZhm5gbh2GU3huBviQ92jRsG0Sce0vA==
4p0xZU6I/LipOM/3M/mxG+35EqfIhf/njUmOhbOAhQ0T3dK13Ok+fD3tyxJndk+rAfVhO9qztigbVT5WY6eG3Z4oWt9oDAU+elreYAkV2IZhieUeJXGBh/zW6oAdCl18XYC0CucPtEpHupY3L1Y7Yw3O8rsz11NRIyT1A9w3Q9pzbPIKS/Co6ddwbaNRG0s65WNFl4umtNM=
tSUiwD3dVfK0eRadhjck9TnGeL3FBSKz0In/44VVnnGL7KUp++Gi4QQlfjh1MRumH9qvT6mJ0a9CPzask8muIttLJnn2lKoLMEDF+rIGjlTxObjiSXXVCj19gYP0yvp0JWZ9WLW8xF4/w/QOD2ZGg1f624elskIvq1vT1au4ZXdk2+N+G9AC3hO8aC0fLD2XqTcrXs2fdYOTqrTX
gbVjnGEm30YUpnolNdaWmJaDssY6T56+Nl4Of2IH1hrsDWMtUEFqLnSasu6JB4LvC4lFN6YD8m1K7FiWDXFqyp895E4gLH8Gfo63davg1VoZh4ZAKwMuCc9zOkFCNom+qeMpNWFPd4gL4RSkfz2Vcu4BJQOuz4m+CsV8MzSJ20GKQrTLZwH7buvtixg8DT8pmp/IE1fHhGmGna201g==
itkMQ8N7ORXc6vUXQ5ma7JVgCDhCoNEbOrncj//hgVuWa5f6tdvPn5oLKENeGpEfc5zj7N8dfVeJ5Y75du7XB2Z4h532y4IqUqFc5iUYFmgmrk1PCHDd602AsfsBAXBEcu658O0qAUJ8NJMlVKxryK45K0wrVfHsmuXnHRMXb/YtrbiNs0zv7nr0/5oITzvCFe2VwRtM2YFtiZ+stNU=
2vJmsK7ryA87DVYVq7snSmBmCfWJSCxEL2grbhvU2Qk5DybTWTaLwWIvNryzue6SO9ql6ZYkavsQUMXqkvZO5JGpOHKpxZV6HW2Bk9S6usTF9v3I1QwErh/T9B4vloYzN2pbF0UCAl+LS9PFi8glx4RLY+57YMIuM6xoPT/c/SfJp6vOLS8187O6tMc=
10oWcSdeFpOaUnDrUO/162zZjKCWMEZVQRpwlt53qf3vD3Rm06kmbfZ6f0M2XI+A0ZDKjsIl9LJlTD5sNooFG6jkVU8dxJnvARVYACJKMWRNfklmbDC7cRT4w0w+nWMYC0H5yMqhT4mTg8eyfYmwmZMYp0rqcFfOSBsTxgXJ3ZW72FElPc23uLTB
jJmBX2j4dWy040+ihSrwNK9z/8nLIY32RinOmXaOl6fmmEe38aTCitJBnMYlOFYIpg6NrwhQnYvNIHEbAeGw5PKO+dDtysHi/FTTBVSMqygumWssK3UxDBpFp30Tdy9WrU14rbMsr076FD+6CG97opVNVSEbbJnh7SlfTLQ1
uzwJxOdYZGhPBjObvjKNhOQVMSDMbxOixix4li0xCko//Q9JD2zfhh7Ol3VLIHXaecfmQAvDzolvM1pBInYpPkkjCTUBDxcIqyH0pF999fJOQQUDTg8pPmqFXDMUSTvBKgLUy0fBW+4LLasYXE2fqXpfKBN3h+TpJl1NtDY=
4e+RO1vDCdVQ6VI9ZHpkxK1z/9jJN4n2RinOmXaOl6fmmEex8aTCitJBnMYlOFYIpg6NrwhQnYvNIHEbAeGw5PKO+dDtysHi/FTTBVSMqygumWssK3UxDBpFp30Tdy9WrU14rbMsr076FD+6CG97opVNVSEbbJnh7SlfTLQ1
qEmPo+DKnQ14iF/yAzAKu+QVNzbQchOixix4li0xCko//QlJD2zfhh7Ol3VLIHXaecfmQAvDzolvM1pBInYpPkkjCTUBDxcIqyH0pF999fJOQQUDTg8pPmqFXDMUSTvBKgLUy0fBW+4LLasYXE2fqXpfKBN3h+TpJl1NtDY=
wSAwtASuA0z4mhsNSVXP3uQVNiDCdxOixix4li0xCko//QpJD2zfhh7Ol3VLIHXaecfmQAvDzolvM1pBInYpPkkjCTUBDxcIqyH0pF999fJOQQUDTg8pPmqFXDMUSTvBKgLUy0fBW+4LLasYXE2fqXpfKBN3h+TpJl1NtDY=
YtgF61hdJziXrHyVDVqkhZRSde7NhJTq5cHV0aGdm0utix6o1OYTdGb4jEgK1l9VkMKFScac7JglbsQKJdX5pO+yA7OEUAn39EG116jB0JLz9nMXCyVje21gMaVGBO25Lxq0tefTjLuTtvDhLnNmLSHJEDYWG6U1oQbR6Zk+bkmFwQArSoP1M14h/Lm/tMQ=
C7rssMg66N4E3Eet52LRfxOvNB/H9nEMYTQqGOYO+AAofv17YztcQJvb7KK5mhKk/QrBWSSuE6CeVss9LBJJcZ792IApXthiERUNDHPCjytw8F2PuJFJ/7zBxLoPJj9vX4WX4+EQrQ2yxNnRMyq4rdOz2INfZkyJuvPyxZ2ZXA7C+5EtrTbNAa1+GuEZMYyzPiMhy5JxgJGrtNA=
b4fVejgBIBBfN6qoTU6xPlA/hsxtcXzVZ+wELq8m/ij5dT8IMkEWd8W9sk7wzlX39K25JgZUt+xXu1mNX275LdMrcwJmz8zwrptH82ia6OMeEZzE6hNV15FcEKHckPFHfOFtB4DB+EIrVvun8+U7a2WACdXuhAUJVzq8pb+TNEsb1qgxxnMOffkpmEau230lqSYpWfG+xrm9oQg7ksONg9aBpOmXtOw=
b4fVejgBIBBfN6qoTU6xPlA/hsxtcXzVZ+wELq8m/ij5dT8IMkEWd8W9sk7wzlX39K25JgZUt+xXu1mNX275LdMrcwJmz8zwrptH82ia6OMeEZzE6hNV15FcEKHckPFHfOFtB4DB+EIrVvun8+U7a2WACdXuhAUJVzq8pb+TNEsb1qgxxnMOffkpmEau230lqSYpWfG+xrm9oQg7ksONg9aBpOmXtOw=
BVWd6sNWO1f5gWCQEe29cuXCx8TApoo7Dv7A4+Pp2DUe5mtjrj2BvGh4onoPWyMNWJJPFVP5GKn4G9CN4c7OmhzbcYeTp9wmVIvIQi3gwvirom2cy/t35AOiDZUk1SJKxpaXKaOyKxXOC0YdY3zVjqhVD28IEB1LzWDx2wEhMKTyTnmQ7QpBovyUU0VUTCtoLlnrbCu1sUwahSc9Ezevlq0N+G2zbC+O+lS/egwv+2KVDdXhGywZIe1p34y09Q==
KOkTBZFQJ1JQZA68ZNiO3UcMGbPNA013HCgUR3WSGYoqlr97/KOa0T6W9KJdyc42ohfVjAtYP988PRxUmX0oezZecKz4unhhOaB7QAAzSquY6i9QmNIn3ac8jUfJ/wFDVNFdt2FHQETCLEu6bfXE+219vGq4/Jjz2wvfZB79EuAfG1LZQ9vuQZaeBW7V+x2V9TdruEcJYGRLFVkCcjkx49pXNe4GraizYGHXkTbaQKtzOWeep8W/XMhl8xmGZ1yzY994OQo1+bSC
IUNGIJCK0A4pQcaNNgea3RkJ/pai3AFF1aA9Uz1pLgzqDepKfRIEQFQrsJXf2Wtt8sz4Xg05YcOYPpwoGtZPtaCC1ek4H22glb1ZdEv93Hk/8nMTFNC5l6SBRfe4wcCyAzYjd7ul89sdIOFFdgSdmf/aBNV3U3wbw/bAAT5zdk0RCcCWZps11RFGgclpPF4p1QHwi9oDRdOOYYyZr7TU
JzYELYsVAYYiF8F8P7PlCpCpDc1DWCDsZkGgZuwpzDM5OhL6b6IG1mxxoUSSJTEjLMyH8VyBcbMZE6X50LibqYPNzLZ2V/d4luaG5U4jfvhRWOVlyJHJJiHECF6v2VvNYowIPt250eOI/uzIStaf1VDCxcmPnD1A5X3J1Hv9LBmvskMzRFDJd7RB9VdowRASs/Yzl8slo/stYHElhgStOW8adDUn08w707YwYe5zJq1hydC21hvlteEGEWlZPC7JRcHAqwqDtbOeITw5/7SE
KYqXS52OHl4hkWuEJH/dTSBQz2tr09hnhNT/8NrspTQCa/vrCYsYGstGObuCedl5iOHJycjvEms6JHsWmrb7NWcYccqdDxqgl0tqOStrNkFOLm2O7auV1f3H8xivGdjkMwVxYuoJOSNSB83Orl3ws7gRf7FOCsjrewn/fo/VR9xwdZu5HhdUc+sPQFnihaG02g==
5yS/nfZQrrpuJ7u6K0u/spn2Kg1W7WlcFDFGCERNJTInykldUrwQCG95o+QZ9//w1Tv2J3M9InoSkbz2JQh2WOZ+7T+IwD07DfCR6wERUDQyPllAbVqhkrwE8zVUvIv47mmLvKvlkbxaFccNEwdPBu392D0zvE++OsQfigxfW/LVPTWxm/w5US35v7y0xQ==
VTrOJPEBkjXc1SznhHOxtxHwceNAc3KpuDEXxJ2rN7XGfkhz0iuOF6vpTz6fdbfTwBWLee43BPPb79AZkiVxtAo=
4ANTebvNvzkmunEMTc+qyOX9Hq/Nsaz9g3TBlanJ5g9A5+6b7fwtbj6ojQ1xNQWrCeFqGLfq5g4veCQvZfjcg8IoQ84lEUM6eRzQewsV2IZhieUeJXGBh/zW6oAdCl18XYC0CucPtEpHupY3L1Y7Yw3O8rsz11NRIyT1A9w3Q9pzbPIKS/Cj6ddwbaNRG0s65WNFl4umtNM=
B0r6ARO6u4ykMuT5/crYi+nX12u6PRI/nF9QL63dmqereXqjWzkW7kys5YNdlk+0GBfIB0NoQ0YWuH/ZYBO1eTrG4FI+R9DBtPnlBXaxJncySzK9M5SB0CVOBBOXRRisj5fcB/Zfo9jnknsDbBBh5ywhPSeQwehie5arB2Nli8sVQDn1HoQ16Sf6DMVPE6SrSxZ4UdZzHp2paUgmPlsNxRlm2TnBs7aZjeH4myJDHSMGwXTJh7T8
kimKpOoLekbvwzvSaqin053NBc8Z6hgyUoJ3/aJJBWjsq2F/gCL+Tgz1Y9KXsbN+wkvN+HP0wtIhJZPIv+1Qu5z6dMv0MQSTHy4OR1uc0bW677K8JZctXweXmwvGtuErNwOUCt3DdvDDHB1BOHZCk4q/sNQUjQsftw3BIWEcSHndK0yizwGKrD4Eqap1X6Jgj7sCGRP7/kGGvlWuhVuNFUWXG3h3KZBke/UpwsJZwWNKt2Uu1s24s3CBh9HmutArA9nX3lelj1O4RcNZdsfsM/N/qHnaFem0kg==
pH5/W71c4cqUEXbWUd9hIfp3LZgECMWXnHaR3eaSmflWzyHI8dKfcqw1brz/A/6HN2EPDRVFOx8S2ObNy7TLsgyAeybEComSFu2x262Vm8uImk48XxFOullEqev/cYMO490jk9T9NwkiL1BTL9fcyQ5NRbQ+
Dlcp5XBOozQDtzjtp9Gkh04mKxY3c8f9s/AKPph6ERPaXyCUBO3bH+Hp3uDxfJj57cs8Yv9heqyOpNlqxX9S4F+bktkDWy5BVh5FbhV7XZW1t6u4B4kgZIuVGQKyufHjmtf17sYt6LOg4ZeRdlqAqzO5J55nRf9TCOUzGcbnnLOjXzg5yrW5tMI=
gCfMAROEmzk5HyWgrqkdrXH16IF45svO67uDvf28SY00ovXzfueMBHhlX59lYSJwXcQ8mYmTkNIjqb5sSuyFGqkndsC7Y37JP1MqQVIWeX75g7m1ke/HyFvB5KRPXcWyHuGVgz5vWX46pWwzJGnrAdriJEvXYYsuOw27E0wt7+kqP7iTxydUKfa9vbTG
B0r6ARO6u4ykMuT5/crYi+nX12u6PRI/nF9QL63dmqereXqjWzkW7kys5YNdlk+0GBfIB0NoQ0YWuH/ZYBO1eTrG4FI+R9DBtPnlBXaxJncySzK9M5SB0CVOBBOXRRisj5fcB/Zfo9jnknsDbBBh5ywhPSeQwehie5arB2Nli8sVQDn1HoQ16Sf6DMVPE6SrSxZ4UdZzHp2paUgmPlsNxRlm2TnBs7aZjeH4myJDHSMGwXTJh7T8
oLcVYCTI9WeACDRATll/yDZmA/GJSGVeJXQtbA7a+Vk0SmuXDRe43Qs4P8TDwZSAYpPx8Mk7fvZXadz7vvZO5JGpOHKpxZV6HW2Bk9S6usTF9v3I1QwErh/T9B4vloYzN2pbF0UCAl+LS9PFi8glx4RLY+57YMIuM6xjPT/c/SfJp6vOLS8187O6tMc=
A7LxCisgKIVXi75T84s/rVA/iMRpL3nSertQIeBf3wDDXQwnAWgWdsn8/Um13Uzg6ay5Lwkdt+hbhRbmX2P0Q84sanF138/1sNgf4DaJo9cyWrH99ExA+NdSC6PckPFHfOFtB4DB+EIrVvun8+U7a2WACdXuhAUJVzq8pb+TNEsb1qgxxnMOffkpmEau230lqSYpWfGzxrm9oQg7ksONg9aBpOmXtOw=
UobbJKHqk62E5Qvbz4TVJHiXKlYwZ3Qd4H0BOwNXxo+0eGlPGR2nyAtFxkbP4wTjvuyaUQXfP9XAmO9ARgkzd2IaYd3kTFAYhxLbQ0wQQafMoV3nsMHIohsWS0dDZauLtcBZNf6EFSmHeuwFLxNE6+uW2BE2c35dCeno5l5b7YV55nl54bPW2W1hWFsCQz3jZkGUiae03A==
ZeFgyDUCO4iBUyGUcNo+1x9RJG9tAIgxV8UgQbC2o45TK3s9RSwxLZxyPTM2l+QkYJVHn30ROlC1NPTZwcM4cts5BuwyfD36Qfc+gPNTViknYzJBSiZhntGz8fXZPy8o41GcJPfNPRK2sd3D9p+xXiLVdDM8mfMhspJsix+xI45DnQOTtL1XiUJvcFMPF3xJ7o2ltN4=
V4UfJaii3E3IdbaWwgvXXqICD28adnpdb5oJScb6zlIUILI+L7LV9EmgYWdPkbNOUz1zkwRdR0nSDyDT//fMCZ4tdbQO
WTfO9y2q79vl2lJPdBG5q6MCD28adnpdb5oJScb6zlIUILI+L7LV9EmgYWdPkbNOUz1zkwRdR0nSDyDT//fMCZ4tdbQO
IMdafAf/KDkBRa3KeYuHiaACD28adnpdb5oJScb6zlIUILI+L7LV9EmgYWdPkbNOUz1zkwRdR0nSDyDT//fMCZ4tdbQO
FkrPEOsbxiNN50yki8LUlBZw7a/PDsAv1g6ODbsytelaErqigLg+vqMqQYS9yP3H8znnnifFP1NIZXMZBmfcs+Pf+DmKNXm0Ag==
gdp2IKJIPN0drmUkkNnPsiYziATcsfy14eDQY1E31oqTlEAPOuvCCKCgv1OUcUmK3L7RR2B9Duk+jd5WYG5wvPYmjz6bkAKek/xjbZ9sPdcpdyueTV91QxNqtBc=
a2ENd5Zd2Vq5PiQqw3TsCRdw7a/PDsAv1g6ODbsytelaErqigLg+vqMqQYS9yP3H8znnnifFP1NIZXMZBmfcs+Pf+DmKNXm0Ag==
re/flEfySIMsPgc0owaymhRw7a/PDsAv1g6ODbsytelaErqigLg+vqMqQYS9yP3H8znnnifFP1NIZXMZBmfcs+Pf+DmKNXm0Ag==
E0fkjeKsBGEjCeUGfqEnfdFOOuPan5Pj59uB36Gd31ijpR72h6NMM0bMsiEd3ycl6LiXEI7J+8c6eslNHMzoiO+yA7OEUAn39EG116jB0JLz9nMXCyVje21gMaVGBO25Lxq0tefTjLuTtvDhLnNmLSHJEDYWG6U1oQbR6ZkzbkmFwQArSoP1M14h/Lm/tMQ=
h/kKMr/dcoBrGPX4nxfm/S4Qjiw/xt98gMn/tJ/jv30BZP3dQMpZU5IPGLTsHcMf+Zm2wMmsUDkle2QCl/HCLHY0ccqdDxqgl0tqOStrNkFOLm2O7auV1f3H8xivGdjkMwVxYuoJOSNSB83Orl3ws7gRf7FOCsjrewn/fo/VR9NwdZu5HhdUc+sPQFnihaG02g==
yivLHu2k9Dah0XILziKVJoK16emBCr63CLnWJyoeP8aV7K30vkKZAYSSq089T9jFOyA/3PPZ9NhSSzEoeWMebufxXGMObi68IXH4qpmd9WItdYGL5KLanPUuPRBlVGQ2r0t0hp8O5muHspvPdVpiR7tT09270EWftJOjNss4oraDNOOlj0Sdf3l/axYdd1Xrg6K03w==
7LJT6jp02ZDoaMFirbIBEaLklg29t1lrtj1ACAcocc7NkpJoYd+wwPt54bUQi39i/xo/E6ymBvnB/sU5dsBDE/zFYgSWItXjaNwFJ33sqfcBDWgoQiJhXI2Gmc7MWMvplGAzpJ41M2BLeSkgKol/kZOb95qdYWCh02D34kqYp1bDg2OupWENbXvgAU1d5YegtNk=
nOEbqB5HjyQxKVXKFJvH92IS269aTglmgY7+XLMB3m+xMBCHyMtZGR+rmlwUkzQWHqkfrvsgwu6z7GN9vxz9Z0nnqw6t7zWzM3q0Bw==
WuqSwH44UYKwrtGSCFxH42IS269XTglmgY7+XLMB3m+xMBCHyMtZGR+rmlwUkzQWHqkfrvsgwu6z7GN9vxz9Z0nnqw6t7zWzM3q0Bw==
QEWYG97QV+Aatxb7Gy20GBFNOMvNweeXIPJBYkbYxAZyDc5lRjr3ogK4aZwspx1lyaYJGVGzJnldISh7MsPtw/YBhCl3tAw=
ytBzSkHuZQX2B8iLhR0d6BJNOMvNweeXIPJBYkbYxAZyDc5lRjr3ogK4aZwspx1lyaYJGVGzJnldISh7MsPtw/YBhCl3tAw=
T2pFXw40RWcPagfHi6VlpheWkDdom5lJ/9uaLPTD9Ea+GZ8eW/CCPtMcY43fzL236Vcrvg2/9ePTCrR3
IJW3FwaxmF4Uwt0YK8TPr2IS269XTglmgY7+XLMB3m+xMBCayMtZGR+rmlwUkzQWHqkfrvsgwu6z7GN9vxz9Z0nnqw6t7zWzM3q0Bw==
sP7fHwTj1oJua95JrMcnSReWkDdom5lJ/9uaLPXD9Ea+GZ8eW/CCPtMcY43fzL236Vcrvg2/9ePTCrR3
K8BXzEsV55pKt6Ty1febfmIS269XTglmgY7+XLMB3m+xMBCayMtZGR+rmlwVkzQWHqkfrvsgwu6z7GN9vxz9Z0nnqw6t7zWzM3q0Bw==
/M15w0QTm5QEDMws77FaxheWkDdom5lJ/9uaLPbD9Ea+GZ8eW/CCPtMcY43fzL236Vcrvg2/9ePTCrR3
Mx4UzWWMLFt5xezym796s2IS269XTglmgY7+XLMB3m+xMBCayMtZGR+rmlwWkzQWHqkfrvsgwu6z7GN9vxz9Z0nnqw6t7zWzM3q0Bw==
DWocZ3AVnXkO9l6VCa7oNmvenKoNH7TkixoiVmmHguFvizY+eYj+aF+KhJVoyRD6oY4koJ+QKpc7ib9+T1WH07D127lel5RzK48AWaIFYbQa
eLla8rHc/1L2Pf8+vGAkHmxlPxK+NDC28A8JxXdfGtCMN4Sq1v3/wgMk0vKb2COx5/iNm8FzC6IVq+Xv2w60Cw==
vsaDBCHPcnwXOP5/7U7l8XH4jRWgv2wcN5z+xi53JS/42Y5otjYNL6qzuYRXWUdrjLrsdVDZGPqpnhzAd6ByV4PZV97XpQ9TOEVDWfbHbDNzfyh5WhVptBI=
CV+mCydsawapSoiIghzz32xlPxK+NDC28A8JxXdfGtCON4Sq1v3/wgMk0vKb2COx5/iNm8FzC6IVq+Xv2w60Cw==
gZV8WIJNW4QSM90HUINwCXH4jRWgv2wcN5z+xi53JS/42Y5otjYNL6qzuYRXWUdrjLrsdVDZGPqpnBzAd6ByV4PZV97XpQ9TOEVDWfbHbDNzfyh5WhVptBI=
mLtX2uTXd78IreC20eZ6MmxlPxK+NDC28A8JxXdfGtCNN4Sq1v3/wgMk0vKb2COx5/iNm8FzC6IVq+Xv2w60Cw==
t5XAoAhbwh0McSIedsFaAHH4jRWgv2wcN5z+xi53JS/42Y5otjYNL6qzuYRXWUdrjLrsdVDZGPqpnxzAd6ByV4PZV97XpQ9TOEVDWfbHbDNzfyh5WhVptBI=
ZefdtP5PwBZbZSHPDZeFMzEnfWBV65Cmcmg/lJ6fNzERbINtnzU9AAjU28LjG0xd4btjdVoG4LUcBBKnD8QfFpos71KDByuadZXlSVtEaTlNUQ9ktB0=
dWCFCC3B9N5bov3TCg+rG0u062ufJd1QyGS7MmOr7C0h60NlWhbA5dx0shePNH+mWnwPQoMXS0o1JQU52/TJyQ2BL3S0DQ==
IJW3FwaxmF4Uwt0YK8TPr2IS269XTglmgY7+XLMB3m+xMBCayMtZGR+rmlwUkzQWHqkfrvsgwu6z7GN9vxz9Z0nnqw6t7zWzM3q0Bw==
Up71ERWuF1phEbPDLwJcpevMvR65zXYjr5WmSnUGQdnztmolKh1tjXKPSBfjbO0tlbveDhY9Ch3aumtbRoiNlCCHUa1tNo2B7XNaYVkxzDN+I2FLUnFAEWu0EA==
CSP/+gPV72FJ0ipx5Iu1bzZpy80yjU5qET9taFXjgL5SEA9c3tfHiXH0E+Ufva2Y6GyrCiNTfKXBo3N9Wg7xrTz8Iu/PDG+uerR/2gOPuwIVLRUBG4xZQW1JH2y0FQ==
G4PAFnN1WFeqRMBlgwyPbJNAnXxLki9V8K8pFSDG857XVQUGHIm8hcth1O/u+0U0O4HjCyhCQOXMUZx6LReAUNvY1rcngbtuq23LE3yNfynaHwgTl0dEaUYdbbQW
CSP/+gPV72FJ0ipx5Iu1bzZpy80yjU5qET9taFXjgL5SEA9c3tfHiXH0E+Ufva2Y6GyrCiNTfKXBo3N9Wg7xrTz8Iu/PDG+uerR/2gOPuwIVLRUBG4xZQW1JH2y0FQ==
VhCC5Ijh4K60DDONyHPgX16OVRxtueI8I4z17pGtTtOXlZ66TWZpKbv2ovWCffUd6g/Qh3vMBf3d+xY+fh3yLaK6k2s+qGWkaEeZ/QWWFRF188LxwdFkYzbjqTt6kXhhU7Qo
IJW3FwaxmF4Uwt0YK8TPr2IS269XTglmgY7+XLMB3m+xMBCayMtZGR+rmlwUkzQWHqkfrvsgwu6z7GN9vxz9Z0nnqw6t7zWzM3q0Bw==
+xXXgQyJBo6C5SjL9YrWwku062ufJd1QyGS7MmOr7C0h60NlWhbB5dx0shePNH+mWnwPQoMXS0o1JQU52/TJyQ2BL3S0DQ==
K8BXzEsV55pKt6Ty1febfmIS269XTglmgY7+XLMB3m+xMBCayMtZGR+rmlwVkzQWHqkfrvsgwu6z7GN9vxz9Z0nnqw6t7zWzM3q0Bw==
IJW3FwaxmF4Uwt0YK8TPr2IS269XTglmgY7+XLMB3m+xMBCayMtZGR+rmlwUkzQWHqkfrvsgwu6z7GN9vxz9Z0nnqw6t7zWzM3q0Bw==
K8BXzEsV55pKt6Ty1febfmIS269XTglmgY7+XLMB3m+xMBCayMtZGR+rmlwVkzQWHqkfrvsgwu6z7GN9vxz9Z0nnqw6t7zWzM3q0Bw==
mLtX2uTXd78IreC20eZ6MmxlPxK+NDC28A8JxXdfGtCNN4Sq1v3/wgMk0vKb2COx5/iNm8FzC6IVq+Xv2w60Cw==
vUf5PeYZYNBKIQG20surRfriy2sZ2vH5WUEI87nRcPg3Cz+XWd6gvgd0k8n4EzkBL7OaRCWLVM4u8d/2S/iidgN04+UPhJ2/+b9rVp03VasDYrQf
t5XAoAhbwh0McSIedsFaAHH4jRWgv2wcN5z+xi53JS/42Y5otjYNL6qzuYRXWUdrjLrsdVDZGPqpnxzAd6ByV4PZV97XpQ9TOEVDWfbHbDNzfyh5WhVptBI=
TLecv5Kxx0JpJXmoQIs65zzC4Pj88sE2d5DVPINiBzXIXxEVGDbL/v+lzUZUWRTlU/FMb3Zr3ZRTUStLYHKoxbRhZHpVJ3hws+ged2/RU84z/VOT5B3nyXJPwNPfN2yJfm1VtC4=
62cduSwhPCg50GJNXpyhxgcNP4d57mDO5+QTWZjjeTEPo5pUBbsUPk5hX2ariGJGI2Tj9S+0Xc8ZL+vG/ccVmyNytA8=
K8BXzEsV55pKt6Ty1febfmIS269XTglmgY7+XLMB3m+xMBCayMtZGR+rmlwVkzQWHqkfrvsgwu6z7GN9vxz9Z0nnqw6t7zWzM3q0Bw==
6fKugFHmXn/69uWPttWw0/riy2sZ2vH5WUEI87nRcPg3Cz+XWd6gvgd0k8n4EzkBL7OaRCaLVM4u8d/2S/iidgN04+UPhJ2/+b9rVp03VasDYrQf
tmm4SE6kellG34W7JUXTYwcNP4d57mDO5+QTWZjjeTEPo5pUBrsUPk5hX2ariGJGI2Tj9S+0Xc8ZL+vG/ccVmyNytA8=
Mx4UzWWMLFt5xezym796s2IS269XTglmgY7+XLMB3m+xMBCayMtZGR+rmlwWkzQWHqkfrvsgwu6z7GN9vxz9Z0nnqw6t7zWzM3q0Bw==
K8BXzEsV55pKt6Ty1febfmIS269XTglmgY7+XLMB3m+xMBCayMtZGR+rmlwVkzQWHqkfrvsgwu6z7GN9vxz9Z0nnqw6t7zWzM3q0Bw==
K8BXzEsV55pKt6Ty1febfmIS269XTglmgY7+XLMB3m+xMBCayMtZGR+rmlwVkzQWHqkfrvsgwu6z7GN9vxz9Z0nnqw6t7zWzM3q0Bw==
un+qgzy624+i28gXnIOP9PctNglVOD0TPI8UR9ypi1QRI7M1QvbE406zandPkbNOUz1zkwRdR0nSDyDT//fMCZ4tdbQO
v8nVR/vJviHfJ9YEpTisI/ctNglVOD0TPIsWSdypi1QRI7M1QvbE406zandPkbNOUz1zkwRdR0nSDyDT//fMCZ4tdbQO
4ANTebvNvzkmunEMTc+qyOX9Hq/Nsaz9g3TBlanJ5g9A5+6b7fwtbj6ojQ1xNQWrCeFqGLfq5g4veCQvZfjcg8IoQ84lEUM6eRzQewsV2IZhieUeJXGBh/zW6oAdCl18XYC0CucPtEpHupY3L1Y7Yw3O8rsz11NRIyT1A9w3Q9pzbPIKS/Cj6ddwbaNRG0s65WNFl4umtNM=
AUWFtSApVcziLsEyWaAws9G70I+EsA6KxURPr7Y22NeUzQh2D/EfrTqQ13IKqEeGw9MDnmXxLR370OHdHZUncLQJ
nv+i3k+rlNCUg0XMAAM8jZtYPfnBkJTgpMbEyIDU3lWlrx72h6NMM0bMsiEd3ycl6LiXEI7J+8c6eslNHMzoiO+yA7OEUAn39EG116jB0JLz9nMXCyVje21gMaVGBO25Lxq0tefTjLuTtvDhLnNmLSHJEDYWG6U1oQbR6ZkzbkmFwQArSoP1M14h/Lm/tMQ=
6FvihLvMx7ntyst21wZdkyld1vo8sT8wEDoMD3CO6dQUHX2Wli7e34zSDVJ/wTfc/9gnCuow1w5CW5MGBQld1bsY0eU9jTd4tAE=
w65QBW7FjO7hyEqfmGqC0pyzTw1KpHa8NZdfPKyFLM6+mdZMJwQ87vO+ipIeRCnpyy1xpKqO52G9GRFlQwDo1E201QNUR4eDlRVfhuso4ibjROLV79Tdb1nP66Y9Z5V7Y1K0Lw==
Ez+6a8lxes+vmH5QcYA8OjHe5PvT8cM9bd3TNrhiRmGEUl4WDWXH+KO1gUJbRB/lHPVaIXV43ZNcSzZJPGnr1LFjUzUiNmRjrvMKd2/RU84z/VOS5B3nyXJPwNPfN2yJfm1VtC4=
9yoN6Bb9fePn8heY9ZwDUyy9lQathGIWMZ3jiGd9LSL3zJt1uC0GYamguYNYQ1pp0KGvZFXbL7XejgDTartmV4PZV97XpQ9SOEVDWfbHbDNzfyh5WhVptBI=
Z6OrmDSZaQU4/P54XPZcLMkSiGRQhmA3s5FmFjWV/5iLRUkCE5S3hYRlwqHt6EUzNJv+CXRZA/TJU6s1WgacQ8bDwrcngbtuq23LEnyNfynaHwgTl0dEaUYdbbQW
dXKrZDE1GicF/HSdUUXRteAhp0FhtEEthJFmFjWV/5iLRUkCE5S3hYRlwqHt6EUzNJv+CXRZA/TJU6s1WgacQ8bDwrcngbtuq23LEnyNfynaHwgTl0dEaUYdbbQW
/qNxKIqir6CKyQXJV0D2RfrAoBn2jzM/4JazGXkAHcm/smU4IR0iiWTBSwTja+I3iLmCFVUsDx/t9RxKWpuQjzSHUa1tNo2B7XJaYVkxzDN+I2FLUnFAEWu0EA==
OJteYYzDMH12+gEspKQ51lA/hsxtcXzVZ+wELq8m/ij5dT8IMkEWd8W9sk7wzlX39K25JgZUt+xXu1mNX275LdMrcwJmz8zwrptH82ia6OMeEZzE6hNV15FcEKHckPFHfOFtB4DB+EIrVvun8+U7a2WACdXuhAUJVzq8pb+TNEsb1qgxxnMOffkpmEau230lqSYpWfGyxrm9oQg7ksONg9aBpOmXtOw=
te7zs8gtWj5QaSoxoZpQsSld1vs8sT8wEDoMD3CO6dQUHX2Wli7e34zSDVJ/wTfc/9gnCuow1w5CW5MGBQld1bsY0eU9jTd4tAE=
wZ0J+WpVw6AtNYzsLpF7rMh6o6hnuKqpwATC5ywZJS9gcwSNZIgMaF03Of9P9SuViWPmKCPBMtGUWlqWFdk2+l5cY+3hPJuizhvRsF6631mTrXO0wmL+byCu7E1euVBBUPuW5KuiB8lQ+iewwGLPXQ/M22PD7zmDDGHV19mXKEQqfPNa5UUcu1VttEpgjDBzs7sHBBbtaiDHa9p5OwvGQb5Ofc5di8VVjSdj2J+5COTjZYEieikJowLnvQ6+/UCzCLFv8b5qGGtLKW++/zUX0iDVq/mOd6TzOy/wmfJl0bSq
oQgNl9LAaXP8fu16FrPGeU6Snp7Dn5E0LaTSxDhaaqOpGpChThMggbRxt4InLN8Ht6R77As2hVCJEcGNU2WYvvKGwEfRO8pn8Xrc81RwKSJfwMB3lEkXmVRXMeNH78HReRVgLiSAQdlwrDxN7EDNnl5I91Z5rhuV+05LRAm35EveEP6A4/sTPMdf5g0i38PCCfSwY1udmL7RIcVGtTmB/wy+ChjNAp3EbagU0vfHNLI3UvYvf957W71m0uOjn1Mp00wVmww/g2JDRFLSWzgiEaeYDbsBkwsCVctlzxvutKs=
C6vArhkX/VjSCSqybFrvwv3gzraD0paY4cp1QPCS2PdmnJlFITn0ovODfCe1+rZS/UrHdXkvo3UIbkDPrPhBfzO3ZXw3N2jPcLrHMGCir10vjDDmZC9ZgywhNVd5V0hEyjxT2oWFPLu1LRTKAEwQc1P7p4R2LUogJyt6+VvL5kGejh1O/cslVa3nA1g/+ejkw6Xhotpp6aMiJ92OHr2gs2hxz3FeKjhrK+nPPh91N9JAFQt5bjeE81vvUBkSJfG0ig==
8PgpYyfQqA/H7+E1KPexlZ1V23Bq2Cejqn0Lnd7i/B2+f5H78Tth1Bw77frLsBL6att163BontnCk0B10ATEL/BjZEOWZTuR0ZF7l//XXbwGN5ukg1D4HT9cxaPHzwh12c0z1cHXdQd4MADqcS9M7nSCLBWzOLLzjuj9JIsDZ6zjKr1NJA2Swibeh9HjCrtd7gM2xeMkJYaInZ/XyGgNg63oQYMBeYAskoZp6C2y0WrcnKMd1JRbYA4Re9RrTaEE+g2X5RPvHx5NReiV89S/xtpcz6KCdwtqtcVFWdtUCemN4W/UtK0=
OXeqzeM349E0CWXJ6yURjZ1V23Bq2Cejqn0Lnd7i/B2+f5H78Tth1Bw77frLsBL6att163BontnFkUB10ATEL/BjZUOWZTuR0ZF7l//XXbwGN5ukg1D4HT9cxaPHzwh12c0z1cHXdQd4MADqcS9M7nSCLBWzOLLzjuj9JIsDZ6zjKr1NJA2Swibeh9HjCrtd7gM2xeMkJYaInZ/XyGgNg63oQYMBeYAskoZp6C2y0WrcnKMd1JRbYA4Re9RrTaEE+g2X5RPvHx5NReiV89S/xtpcz6KCdwtqtcVFWdtUCemN4W/UtK0=
Nbua/0jGLlA7m5CbMRcm2Z1V23Bq2Cejqn0Lnd7i/B2+f5H78Tth1Bw77frLsBL6att163BontnCk0B10ATEL/BjakOWZTuR0ZF7l//XXbwGN5ukg1D4HT9cxaPHzwh12c0z1cHXdQd4MADqcS9M7nSCLBWzOLLzjuj9JIsDZ6zjKr1NJA2Swibeh9HjCrtd7gM2xeMkJYaInZ/XyGgNg63oQYMBeYAskoZp6C2y0WrcnKMd1JRbYA4Re9RrTaEE+g2X5RPvHx5NReiV89S/xtpcz6KCdwtqtcVFWdtUCemN4W/UtK0=
46CK45pgkpHSWoXIewJP951V23Bq2Cejqn0Lnd7i/B2+f5H78Tth1Bw77frLsBL6att163BontnFkUB10ATEL/Bja0OWZTuR0ZF7l//XXbwGN5ukg1D4HT9cxaPHzwh12c0z1cHXdQd4MADqcS9M7nSCLBWzOLLzjuj9JIsDZ6zjKr1NJA2Swibeh9HjCrtd7gM2xeMkJYaInZ/XyGgNg63oQYMBeYAskoZp6C2y0WrcnKMd1JRbYA4Re9RrTaEE+g2X5RPvHx5NReiV89S/xtpcz6KCdwtqtcVFWdtUCemN4W/UtK0=
FhHQp7Px6KfOXXAH5hVkzZ1V23Bq2Cejqn0Lnd7i/B2+f5H78Tth1Bw77frLsBL6att163BontnCk0B10ATEL/BjaEOWZTuR0ZF7l//XXbwGN5ukg1D4HT9cxaPHzwh12c0z1cHXdQd4MADqcS9M7nSCLBWzOLLzjuj9JIsDZ6zjKr1NJA2Swibeh9HjCrtd7gM2xeMkJYaInZ/XyGgNg63oQYMBeYAskoZp6C2y0WrcnKMd1JRbYA4Re9RrTaEE+g2X5RPvHx5NReiV89S/xtpcz6KCdwtqtcVFWdtUCemN4W/UtK0=
6GBVXPjZFLNPSE7ofkncdJ1V23Bq2Cejqn0Lnd7i/B2+f5H78Tth1Bw77frLsBL6att163BontnFkUB10ATEL/BjaUOWZTuR0ZF7l//XXbwGN5ukg1D4HT9cxaPHzwh12c0z1cHXdQd4MADqcS9M7nSCLBWzOLLzjuj9JIsDZ6zjKr1NJA2Swibeh9HjCrtd7gM2xeMkJYaInZ/XyGgNg63oQYMBeYAskoZp6C2y0WrcnKMd1JRbYA4Re9RrTaEE+g2X5RPvHx5NReiV89S/xtpcz6KCdwtqtcVFWdtUCemN4W/UtK0=
sKc3psnViY3QqgErxA+EC51V23Bq2Cejqn0Lnd7i/B2+f5H78Tth1Bw77frLsBL6att163BontnCk0B10ATEL/BjbkOWZTuR0ZF7l//XXbwGN5ukg1D4HT9cxaPHzwh12c0z1cHXdQd4MADqcS9M7nSCLBWzOLLzjuj9JIsDZ6zjKr1NJA2Swibeh9HjCrtd7gM2xeMkJYaInZ/XyGgNg63oQYMBeYAskoZp6C2y0WrcnKMd1JRbYA4Re9RrTaEE+g2X5RPvHx5NReiV89S/xtpcz6KCdwtqtcVFWdtUCemN4W/UtK0=
HxYzOmmddbg5cnxaN9SH0Z1V23Bq2Cejqn0Lnd7i/B2+f5H78Tth1Bw77frLsBL6att163BontnFkUB10ATEL/Bjb0OWZTuR0ZF7l//XXbwGN5ukg1D4HT9cxaPHzwh12c0z1cHXdQd4MADqcS9M7nSCLBWzOLLzjuj9JIsDZ6zjKr1NJA2Swibeh9HjCrtd7gM2xeMkJYaInZ/XyGgNg63oQYMBeYAskoZp6C2y0WrcnKMd1JRbYA4Re9RrTaEE+g2X5RPvHx5NReiV89S/xtpcz6KCdwtqtcVFWdtUCemN4W/UtK0=
AsI0uYZcB+QAUgJPVrBsh51V23Bq2Cejqn0Lnd7i/B2+f5H78Tth1Bw77frLsBL6att163BontnCk0B10ATEL/BjbEOWZTuR0ZF7l//XXbwGN5ukg1D4HT9cxaPHzwh12c0z1cHXdQd4MADqcS9M7nSCLBWzOLLzjuj9JIsDZ6zjKr1NJA2Swibeh9HjCrtd7gM2xeMkJYaInZ/XyGgNg63oQYMBeYAskoZp6C2y0WrcnKMd1JRbYA4Re9RrTaEE+g2X5RPvHx5NReiV89S/xtpcz6KCdwtqtcVFWdtUCemN4W/UtK0=
uGncfflIbojQYj+WPtpoFp1V23Bq2Cejqn0Lnd7i/B2+f5H78Tth1Bw77frLsBL6att163BontnFkUB10ATEL/BjbUOWZTuR0ZF7l//XXbwGN5ukg1D4HT9cxaPHzwh12c0z1cHXdQd4MADqcS9M7nSCLBWzOLLzjuj9JIsDZ6zjKr1NJA2Swibeh9HjCrtd7gM2xeMkJYaInZ/XyGgNg63oQYMBeYAskoZp6C2y0WrcnKMd1JRbYA4Re9RrTaEE+g2X5RPvHx5NReiV89S/xtpcz6KCdwtqtcVFWdtUCemN4W/UtK0=
YFlv7r+sp3JtKSWF9i6eEJ1V23Bq2Cejqn0Lnd7i/B2+f5H78Tth1Bw77frLsBL6att163BontnCk0B10ATEL/BjZEKWZTuR0ZF7l//XXbwGN5ukg1D4HT9cxaPHzwh12c0z1cHXdQd4MADqcS9M7nSCLBWzOLLzjuj9JIsDZ6zjKr1NJA2Swibeh9HjCrtd7gM2xeMkJYaInZ/XyGgNg63oQYMBeYAskoZp6C2y0WrcnKMd1JRbYA4Re9RrTaEE+g2X5RPvHx5NReiV89S/xtpcz6KCdwtqtcVFWdtUCemN4W/UtK0=
/xAar03of2WuBT3tGSWFo51V23Bq2Cejqn0Lnd7i/B2+f5H78Tth1Bw77frLsBL6att163BontnFkUB10ATEL/BjZUKWZTuR0ZF7l//XXbwGN5ukg1D4HT9cxaPHzwh12c0z1cHXdQd4MADqcS9M7nSCLBWzOLLzjuj9JIsDZ6zjKr1NJA2Swibeh9HjCrtd7gM2xeMkJYaInZ/XyGgNg63oQYMBeYAskoZp6C2y0WrcnKMd1JRbYA4Re9RrTaEE+g2X5RPvHx5NReiV89S/xtpcz6KCdwtqtcVFWdtUCemN4W/UtK0=
rWii8isY7hs75ev5GYU9JZ1V23Bq2Cejqn0Lnd7i/B2+f5H78Tth1Bw77frLsBL6att163BontnCk0B10ATEL/BjakKWZTuR0ZF7l//XXbwGN5ukg1D4HT9cxaPHzwh12c0z1cHXdQd4MADqcS9M7nSCLBWzOLLzjuj9JIsDZ6zjKr1NJA2Swibeh9HjCrtd7gM2xeMkJYaInZ/XyGgNg63oQYMBeYAskoZp6C2y0WrcnKMd1JRbYA4Re9RrTaEE+g2X5RPvHx5NReiV89S/xtpcz6KCdwtqtcVFWdtUCemN4W/UtK0=
JWsKGal2j+6isDTk0qcK/p1V23Bq2Cejqn0Lnd7i/B2+f5H78Tth1Bw77frLsBL6att163BontnFkUB10ATEL/Bja0KWZTuR0ZF7l//XXbwGN5ukg1D4HT9cxaPHzwh12c0z1cHXdQd4MADqcS9M7nSCLBWzOLLzjuj9JIsDZ6zjKr1NJA2Swibeh9HjCrtd7gM2xeMkJYaInZ/XyGgNg63oQYMBeYAskoZp6C2y0WrcnKMd1JRbYA4Re9RrTaEE+g2X5RPvHx5NReiV89S/xtpcz6KCdwtqtcVFWdtUCemN4W/UtK0=
CWTxdts55zc4nmHrOMBCMJ1V23Bq2Cejqn0Lnd7i/B2+f5H78Tth1Bw77frLsBL6att163BontnCk0B10ATEL/BjaEKWZTuR0ZF7l//XXbwGN5ukg1D4HT9cxaPHzwh12c0z1cHXdQd4MADqcS9M7nSCLBWzOLLzjuj9JIsDZ6zjKr1NJA2Swibeh9HjCrtd7gM2xeMkJYaInZ/XyGgNg63oQYMBeYAskoZp6C2y0WrcnKMd1JRbYA4Re9RrTaEE+g2X5RPvHx5NReiV89S/xtpcz6KCdwtqtcVFWdtUCemN4W/UtK0=
4RjeBYZka9gE0RsQptpb451V23Bq2Cejqn0Lnd7i/B2+f5H78Tth1Bw77frLsBL6att163BontnFkUB10ATEL/BjaUKWZTuR0ZF7l//XXbwGN5ukg1D4HT9cxaPHzwh12c0z1cHXdQd4MADqcS9M7nSCLBWzOLLzjuj9JIsDZ6zjKr1NJA2Swibeh9HjCrtd7gM2xeMkJYaInZ/XyGgNg63oQYMBeYAskoZp6C2y0WrcnKMd1JRbYA4Re9RrTaEE+g2X5RPvHx5NReiV89S/xtpcz6KCdwtqtcVFWdtUCemN4W/UtK0=
LsOQCfk2A5XmvV5mn/GC/J1V23Bq2Cejqn0Lnd7i/B2+f5H78Tth1Bw77frLsBL6att163BontnCk0B10ATEL/BjbkKWZTuR0ZF7l//XXbwGN5ukg1D4HT9cxaPHzwh12c0z1cHXdQd4MADqcS9M7nSCLBWzOLLzjuj9JIsDZ6zjKr1NJA2Swibeh9HjCrtd7gM2xeMkJYaInZ/XyGgNg63oQYMBeYAskoZp6C2y0WrcnKMd1JRbYA4Re9RrTaEE+g2X5RPvHx5NReiV89S/xtpcz6KCdwtqtcVFWdtUCemN4W/UtK0=
Ti7VvruepFb8/WDN2pyvBp1V23Bq2Cejqn0Lnd7i/B2+f5H78Tth1Bw77frLsBL6att163BontnFkUB10ATEL/Bjb0KWZTuR0ZF7l//XXbwGN5ukg1D4HT9cxaPHzwh12c0z1cHXdQd4MADqcS9M7nSCLBWzOLLzjuj9JIsDZ6zjKr1NJA2Swibeh9HjCrtd7gM2xeMkJYaInZ/XyGgNg63oQYMBeYAskoZp6C2y0WrcnKMd1JRbYA4Re9RrTaEE+g2X5RPvHx5NReiV89S/xtpcz6KCdwtqtcVFWdtUCemN4W/UtK0=
SDZzGuABlVPrM2c+991aMZ1V23Bq2Cejqn0Lnd7i/B2+f5H78Tth1Bw77frLsBL6att163BontnCk0B10ATEL/BjbEKWZTuR0ZF7l//XXbwGN5ukg1D4HT9cxaPHzwh12c0z1cHXdQd4MADqcS9M7nSCLBWzOLLzjuj9JIsDZ6zjKr1NJA2Swibeh9HjCrtd7gM2xeMkJYaInZ/XyGgNg63oQYMBeYAskoZp6C2y0WrcnKMd1JRbYA4Re9RrTaEE+g2X5RPvHx5NReiV89S/xtpcz6KCdwtqtcVFWdtUCemN4W/UtK0=
FuOCZDqZWJbl8Ur5Zpd/JZ1V23Bq2Cejqn0Lnd7i/B2+f5H78Tth1Bw77frLsBL6att163BontnFkUB10ATEL/BjbUKWZTuR0ZF7l//XXbwGN5ukg1D4HT9cxaPHzwh12c0z1cHXdQd4MADqcS9M7nSCLBWzOLLzjuj9JIsDZ6zjKr1NJA2Swibeh9HjCrtd7gM2xeMkJYaInZ/XyGgNg63oQYMBeYAskoZp6C2y0WrcnKMd1JRbYA4Re9RrTaEE+g2X5RPvHx5NReiV89S/xtpcz6KCdwtqtcVFWdtUCemN4W/UtK0=
u9X9Bf7+7HWiEtbkw+tiRVOs+N9hxj0QH651Soy0pjmNPA3vs5Eh7PNZA6fPO3wdKHFancojp7ywZFadM7pMfnckM65NnAh16vUxWK/C6qFmRqNnnyvUxha3rumXtS2tMzWG7SLtbDYB34N2TwD9fydTsOmpkQvJwctNWwisuHaR83SyBJ8Axm3kCmb/tEX4ax9fsJN2BdGkkSqeVsK/zQPWAwGen44ZI/gdmvjBpwso9LUf3bR5nwFluHDiGtF0zW7pNqyAm8EUSOP8fk3DCItRmRiKUS95k3OnQj1Z0IkTCAeaqsB3fkKrM3bFmX2FO8ixdf29V8i0sQ==
bZXyO5hONj61oV4o1csUzp1V23Bq2Cejqn0Lnd7i/B2+f5H78Tth1Bw77frLsBL6att163BontnFkUB10ATEL/BjZE2WZTuR0ZF7l//XXbwGN5ukg1D4HT9cxaPHzwh12c0z1cHXdQd4MADqcS9M7nSCLBWzOLLzjuj9JIsDZ6zjKr1NJA2Swibeh9HjCrtd7gM2xeMkJYaInZ/XyGgNg63oQYMBeYAskoZp6C2y0WrcnKMd1JRbYA4Re9RrTaEE+g2X5RPvHx5NReiV89S/xtpcz6KCdwtqtcVFWdtUCemN4W/UtK0=
OsaEjWxbhEDpnFxxNFyly6Jhi8Z8dje0YUtkJ7+jWhuH5sXFKF4Szvm18eA8OsEBDHQ/1RTwGaXWuaZuM/uXupBNXIJpdvMTNaJPxoDP1Cmd9+Zqqn6Q+rWxPnGpeyWTdD9qah5lPK1aQVrv9MxZZk2Z+h6VOEL2Jf1lmBmr8YsTkwZlp/87Q2IEYKgR8pfBliv/CQaCothaU1mvBQwkCUBwja8o0VmfTME02h9mr0+PBafDUdCdreLEiTFD6shNozOIY8+mXCkK80JljdnMbhJ7YU1ddj1hfXLKQSlxPJMOo3HrArGQcdu0oA==
u9X9Bf7+7HWiEtbkw+tiRVOs+N9hxj0QH651Soy0pjmNPA3vs5Eh7PNZA6fPO3wdKHFancojp7ywZFadM7pMfnckM65NnAh16vUxWK/C6qFmRqNnnyvUxha3rumXtS2tMzWG7SLtbDYB34N2TwD9fydTsOmpkQvJwctNWwisuHaR83SyBJ8Axm3kCmb/tEX4ax9fsJN2BdGkkSqeVsK/zQPWAwGen44ZI/gdmvjBpwso9LUf3bR5nwFluHDiGtF0zW7pNqyAm8EUSOP8fk3DCItRmRiKUS95k3OnQj1Z0IkTCAeaqsB3fkKrM3bFmX2FO8ixdf29V8i0sQ==
OsaEjWxbhEDpnFxxNFyly6Jhi8Z8dje0YUtkJ7+jWhuH5sXFKF4Szvm18eA8OsEBDHQ/1RTwGaXWuaZuM/uXupBNXIJpdvMTNaJPxoDP1Cmd9+Zqqn6Q+rWxPnGpeyWTdD9qah5lPK1aQVrv9MxZZk2Z+h6VOEL2Jf1lmBmr8YsTkwZlp/87Q2IEYKgR8pfBliv/CQaCothaU1mvBQwkCUBwja8o0VmfTME02h9mr0+PBafDUdCdreLEiTFD6shNozOIY8+mXCkK80JljdnMbhJ7YU1ddj1hfXLKQSlxPJMOo3HrArGQcdu0oA==
u9X9Bf7+7HWiEtbkw+tiRVOs+N9hxj0QH651Soy0pjmNPA3vs5Eh7PNZA6fPO3wdKHFancojp7ywZFadM7pMfnckM65NnAh16vUxWK/C6qFmRqNnnyvUxha3rumXtS2tMzWG7SLtbDYB34N2TwD9fydTsOmpkQvJwctNWwisuHaR83SyBJ8Axm3kCmb/tEX4ax9fsJN2BdGkkSqeVsK/zQPWAwGen44ZI/gdmvjBpwso9LUf3bR5nwFluHDiGtF0zW7pNqyAm8EUSOP8fk3DCItRmRiKUS95k3OnQj1Z0IkTCAeaqsB3fkKrM3bFmX2FO8ixdf29V8i0sQ==
OsaEjWxbhEDpnFxxNFyly6Jhi8Z8dje0YUtkJ7+jWhuH5sXFKF4Szvm18eA8OsEBDHQ/1RTwGaXWuaZuM/uXupBNXIJpdvMTNaJPxoDP1Cmd9+Zqqn6Q+rWxPnGpeyWTdD9qah5lPK1aQVrv9MxZZk2Z+h6VOEL2Jf1lmBmr8YsTkwZlp/87Q2IEYKgR8pfBliv/CQaCothaU1mvBQwkCUBwja8o0VmfTME02h9mr0+PBafDUdCdreLEiTFD6shNozOIY8+mXCkK80JljdnMbhJ7YU1ddj1hfXLKQSlxPJMOo3HrArGQcdu0oA==
u9X9Bf7+7HWiEtbkw+tiRVOs+N9hxj0QH651Soy0pjmNPA3vs5Eh7PNZA6fPO3wdKHFancojp7ywZFadM7pMfnckM65NnAh16vUxWK/C6qFmRqNnnyvUxha3rumXtS2tMzWG7SLtbDYB34N2TwD9fydTsOmpkQvJwctNWwisuHaR83SyBJ8Axm3kCmb/tEX4ax9fsJN2BdGkkSqeVsK/zQPWAwGen44ZI/gdmvjBpwso9LUf3bR5nwFluHDiGtF0zW7pNqyAm8EUSOP8fk3DCItRmRiKUS95k3OnQj1Z0IkTCAeaqsB3fkKrM3bFmX2FO8ixdf29V8i0sQ==
OsaEjWxbhEDpnFxxNFyly6Jhi8Z8dje0YUtkJ7+jWhuH5sXFKF4Szvm18eA8OsEBDHQ/1RTwGaXWuaZuM/uXupBNXIJpdvMTNaJPxoDP1Cmd9+Zqqn6Q+rWxPnGpeyWTdD9qah5lPK1aQVrv9MxZZk2Z+h6VOEL2Jf1lmBmr8YsTkwZlp/87Q2IEYKgR8pfBliv/CQaCothaU1mvBQwkCUBwja8o0VmfTME02h9mr0+PBafDUdCdreLEiTFD6shNozOIY8+mXCkK80JljdnMbhJ7YU1ddj1hfXLKQSlxPJMOo3HrArGQcdu0oA==
vJlRSU6poCEaI1YzKmpw9sXSv8VuqDuJe64HyrCl1qvIBgA9U3j/N341kUrzk7UpRQXYMRdEVtwdkNhFYkNk8pJrCbKoWt/OJLZmp0x9BYSIPi/JJ1ezhhXPBbbKVhbkNZA7qbqO7Jrnv60NEpmMeeSFHqQh5vXM7s27IDJIfqMfrP0pNsOQQSgTx7fRqlwa09iklezOaLPOD6ca7A546t1YFCotnnK98T2K9bSKwWc7Db/SIGJhOx+ES6IMv5V0XpbQY/UV1zGUODOuLGbQJdVRCsnAtge+e8W3KiQS4dxMFBB15v5QCNWnPFYSeJ3ko/ww5F8RXXHvPllnP3bLWcwfWroPBXP1uI5Qj1xYEX9jF5U8J9fYT6Cat/Dx1pBDXyyiqVfPCQPcASWXyTeYRJrc45qVpUw7ZU0kCpDs4HNjGzfEhg0aoJdLajkrazZBTi5tju2rldX9x/MYrxnY5DMFcWLqCTkjUgfNzq5d8LO4EX+xTgrI63sJ/36P1UfScHWbuR4XVHPrD0BZ4oWhtNo=
shiYWCjGnuhYo1iUZA9I76o9pxtdZByKd1Un1BDgcbTR2HUl0bpsHig+kegBjXiN/gxHNmuiUFSyGYV/h54pjjRNl6wLWlGTf66WGWSRawU7RkRN9OCdVgkIbvhtospT4IV0gApELTsAZyJ6zTqh+38vGYEvsVDwWK6Eow98/AseDZPKViINV627WdUB8LvYrF8a1tKrgd3Qk5vjbcAmNfiruqgCK+7sUDnFrI9dGR0sosee51BmsRz6s5IGzD51KSaEyyxPB1S7POkpakTi5aATZZAbRR0xaDzWFueQ1j0k8sx5Du9x5/BbMMhVK3p7Hr4ERtYfkA4vhrkifB47hqA46ZllBR7u69htxRznA9Xekv/mnRqolkmj5w14UEyooMOTqvYd7RaBwvsBM3L74BF7ZL+2jK6EW1czaE8jFmn60wN2ISggpyNx+KqZnfViLXWBi+Si2pz1Lj0QZVRkNq9LdIafDuZrh7Kbz3VaYke7U9Pdu9BFn7STozbLOKK2gzTipY9EnX95f2sWHXdV64OitN8=
EcGPE93DHXGFwcGY6GoGJWZpaBfsBcG4zYVQDfrp72tqhC5X3WDx56BO+mJFJeTYQNPebmLLLoegeVQ45Rsae2SBZLdf5Xgmn3jEWTI353mHNwENGOakp68wMv0C2ASycH8KEbMEPlJpETFb1bbTY5MubJoghAOcHfHsImoqgfN7FRT1urlS6Zg896qT/Ojh7XiUxMjDqWDbMSDvVvFOn1Fvl8ZqGuW04k16Qg4DCCOxAsrCzopr1LJye7J0jZdxXG0y5nenDWG5yvYuB4uZKB36KrOjFGhadvtjuREB8jQldmoKZqVjPUwR1rphjr1pIbKC3te8ehg2LbBS1riz6+pOFBSrJBWQtnyJXTtB6RIPP5n6fTl603yiGSm1Rd4CxlcaNCd/VXvT5LFbvv9mtqHo1xomI+mgBPEB4w8zuk3zD09bLoSssOWCQ+kqi+PhclK24NYTVdeRXBCh3JDxR3zhbQeAwfhCK1b7p/PlO2tlgAnV7oQFCVc6vKW/kzRLG9aoMcZzDn35KZhGrtt9JakmKVnxssa5vaEIO5LDjYPWgaTpl7Ts
kbjg2CzFO9WuFru7gQI6v43I6O7gGZlDZugHn4ERMjTg4w+2zFvrfmwypnGq1cgIS9EosKqt5sBtPIGV6Xz4omixNUcUtYeXkDMsOOZd5S4PMuNSv+m2+2kSfOk3exDD9DW7SVNyRHGMpG36gZyOJDXG2l/I8bR8ssCd18gzAmbVHvE3l5uZPdd1INxQuuT/15hsh7b507ZuJj075W/5SZlUa5TEaxrqqu9xcVgHez81pDY50N96VLqvXgCYbeWwl3lJ0cQWRyIflBadFO7Tzt4orvmB0sS3FEs3OPPoSbXy4DKpyCdlrGMB7Z3gqDbKv/TGMQyGDIW2a8ELOA8Q1E0PKrf2CoT6LtvgIieS2X6k+qsKCMyp5V0BLoKjDM1ZhEPTmbam/9rlXlg6wTcH0SA0XKSIt1NWTpld+kmW2x0rVqss+c/kA05I3qhTQ1M0l8eG5VInQwoZLBDLa6VYNgE5JS5FQYG3nOYqMH263cw9MHQ6hz+0eieKVodP5rvTbX4yi1PnU2FDFDWzvIfDahPcMjorwKLZt0CtEzGry4qF04Wn65a04w==
kbjg2CzFO9WuFru7gQI6v43I6O7gGZlDZugHn4ERMjTg4w+2zFvrfmwypnGq1cgIS9EosKqt5sBtPIGV6Xz4omixNUcUtYeXkDMsOOZd5S4PMuNSv+m2+2kSfOk3exDD9DW7SVNyRHGMpG36gZyOJDXG2l/I8bR8ssCd18gzAmbVHvE3l5uZPdd1INxQuuT/15hsh7b507ZuJj075W/5SZlUa5TEaxrqqu9xcVgHez81pDY50N96VLqvXgCYbeWwl3lJ0cQWRyIflBadFO7Tzt4orvmB0sS3FEs3OPPoSbXy4DKpyCdlrGMB7Z3gqDbKv/TGMQyGDIW2a8ELOA8Q1E0PKrf2CoT6LtvgIieS2X6k+qsKCMyp5V0BLoKjDM1ZhEPTmbam/9rlXlg6wTcH0SA0XKSIt1NWTpld+kmW2x0rVqss+c/kA05I3qhTQ1M0l8eG5VInQwoZLBDLa6VYNgE5JS5FQYG3nOYqMH263cw9MHQ6hz+0eieKVodP5rvTbX4yi1PnU2FDFDWzvIfDahPcMjorwKLZt0CtEzGry4qF04Wn65a04w==
ts8iG08PmUmRHE1K8ztOKbJjNC3i6qW5sIy7MbZHSRotcOwfdD6peaA8PmnXj6ms+pYEQqGsVKII/SH/Dmh2DJjnK8IbqieLMBTjM6LnFQAPhh2TA5Fr5d7jpfPEx2AGNSRF1r7CCbTSUdzrVKr+gmVprJmS4EmMWVkjYdlL+5c4wlSwlNkrqiRJYqNzIOKkhcVBBSmPxQaDurBRGtzGzakvHM3LWYlWvrdERRoCdm0mPnxH9baLa2E/8GyH1LP2jgOQZCNooppmt9UI5KEYSQ9G1wIZ8y4yWgc8neUaj6O1QyTiBiyDhs4/GJzsU/opObVcpYBS0Z2C2ULwxIwCOfg8I5ipWFjI48Tclglz0YOWfAdmHZ/YETu3wpz/7Il8gGSF/be3nMbUKhwtMwCCWyXErbzLGzdEg8LNtST14ipGNtfJo5LrdU6rBv1jHBUuKLVPTwhw3etNgLH7AQFwRHLuufDtKgFCfDSTJVSsa8iuOStMK1Xx7Jrl5x0TF2/2La24jbNM7+569P+aAk87whXtlcEbTNmBbYmfrLTV
u9X9Bf7+7HWiEtbkw+tiRVOs+N9hxj0QH651Soy0pjmNPA3vs5Eh7PNZA6fPO3wdKHFancojp7ywZFadM7pMfnckM65NnAh16vUxWK/C6qFmRqNnnyvUxha3rumXtS2tMzWG7SLtbDYB34N2TwD9fydTsOmpkQvJwctNWwisuHaR83SyBJ8Axm3kCmb/tEX4ax9fsJN2BdGkkSqeVsK/zQPWAwGen44ZI/gdmvjBpwso9LUf3bR5nwFluHDiGtF0zW7pNqyAm8EUSOP8fk3DCItRmRiKUS95k3OnQj1Z0IkTCAeaqsB3fkKrM3bFmX2FO8ixdf29V8i0sQ==
OsaEjWxbhEDpnFxxNFyly6Jhi8Z8dje0YUtkJ7+jWhuH5sXFKF4Szvm18eA8OsEBDHQ/1RTwGaXWuaZuM/uXupBNXIJpdvMTNaJPxoDP1Cmd9+Zqqn6Q+rWxPnGpeyWTdD9qah5lPK1aQVrv9MxZZk2Z+h6VOEL2Jf1lmBmr8YsTkwZlp/87Q2IEYKgR8pfBliv/CQaCothaU1mvBQwkCUBwja8o0VmfTME02h9mr0+PBafDUdCdreLEiTFD6shNozOIY8+mXCkK80JljdnMbhJ7YU1ddj1hfXLKQSlxPJMOo3HrArGQcdu0oA==
u9X9Bf7+7HWiEtbkw+tiRVOs+N9hxj0QH651Soy0pjmNPA3vs5Eh7PNZA6fPO3wdKHFancojp7ywZFadM7pMfnckM65NnAh16vUxWK/C6qFmRqNnnyvUxha3rumXtS2tMzWG7SLtbDYB34N2TwD9fydTsOmpkQvJwctNWwisuHaR83SyBJ8Axm3kCmb/tEX4ax9fsJN2BdGkkSqeVsK/zQPWAwGen44ZI/gdmvjBpwso9LUf3bR5nwFluHDiGtF0zW7pNqyAm8EUSOP8fk3DCItRmRiKUS95k3OnQj1Z0IkTCAeaqsB3fkKrM3bFmX2FO8ixdf29V8i0sQ==
OsaEjWxbhEDpnFxxNFyly6Jhi8Z8dje0YUtkJ7+jWhuH5sXFKF4Szvm18eA8OsEBDHQ/1RTwGaXWuaZuM/uXupBNXIJpdvMTNaJPxoDP1Cmd9+Zqqn6Q+rWxPnGpeyWTdD9qah5lPK1aQVrv9MxZZk2Z+h6VOEL2Jf1lmBmr8YsTkwZlp/87Q2IEYKgR8pfBliv/CQaCothaU1mvBQwkCUBwja8o0VmfTME02h9mr0+PBafDUdCdreLEiTFD6shNozOIY8+mXCkK80JljdnMbhJ7YU1ddj1hfXLKQSlxPJMOo3HrArGQcdu0oA==
u9X9Bf7+7HWiEtbkw+tiRVOs+N9hxj0QH651Soy0pjmNPA3vs5Eh7PNZA6fPO3wdKHFancojp7ywZFadM7pMfnckM65NnAh16vUxWK/C6qFmRqNnnyvUxha3rumXtS2tMzWG7SLtbDYB34N2TwD9fydTsOmpkQvJwctNWwisuHaR83SyBJ8Axm3kCmb/tEX4ax9fsJN2BdGkkSqeVsK/zQPWAwGen44ZI/gdmvjBpwso9LUf3bR5nwFluHDiGtF0zW7pNqyAm8EUSOP8fk3DCItRmRiKUS95k3OnQj1Z0IkTCAeaqsB3fkKrM3bFmX2FO8ixdf29V8i0sQ==
OsaEjWxbhEDpnFxxNFyly6Jhi8Z8dje0YUtkJ7+jWhuH5sXFKF4Szvm18eA8OsEBDHQ/1RTwGaXWuaZuM/uXupBNXIJpdvMTNaJPxoDP1Cmd9+Zqqn6Q+rWxPnGpeyWTdD9qah5lPK1aQVrv9MxZZk2Z+h6VOEL2Jf1lmBmr8YsTkwZlp/87Q2IEYKgR8pfBliv/CQaCothaU1mvBQwkCUBwja8o0VmfTME02h9mr0+PBafDUdCdreLEiTFD6shNozOIY8+mXCkK80JljdnMbhJ7YU1ddj1hfXLKQSlxPJMOo3HrArGQcdu0oA==
u9X9Bf7+7HWiEtbkw+tiRVOs+N9hxj0QH651Soy0pjmNPA3vs5Eh7PNZA6fPO3wdKHFancojp7ywZFadM7pMfnckM65NnAh16vUxWK/C6qFmRqNnnyvUxha3rumXtS2tMzWG7SLtbDYB34N2TwD9fydTsOmpkQvJwctNWwisuHaR83SyBJ8Axm3kCmb/tEX4ax9fsJN2BdGkkSqeVsK/zQPWAwGen44ZI/gdmvjBpwso9LUf3bR5nwFluHDiGtF0zW7pNqyAm8EUSOP8fk3DCItRmRiKUS95k3OnQj1Z0IkTCAeaqsB3fkKrM3bFmX2FO8ixdf29V8i0sQ==
OsaEjWxbhEDpnFxxNFyly6Jhi8Z8dje0YUtkJ7+jWhuH5sXFKF4Szvm18eA8OsEBDHQ/1RTwGaXWuaZuM/uXupBNXIJpdvMTNaJPxoDP1Cmd9+Zqqn6Q+rWxPnGpeyWTdD9qah5lPK1aQVrv9MxZZk2Z+h6VOEL2Jf1lmBmr8YsTkwZlp/87Q2IEYKgR8pfBliv/CQaCothaU1mvBQwkCUBwja8o0VmfTME02h9mr0+PBafDUdCdreLEiTFD6shNozOIY8+mXCkK80JljdnMbhJ7YU1ddj1hfXLKQSlxPJMOo3HrArGQcdu0oA==
u9X9Bf7+7HWiEtbkw+tiRVOs+N9hxj0QH651Soy0pjmNPA3vs5Eh7PNZA6fPO3wdKHFancojp7ywZFadM7pMfnckM65NnAh16vUxWK/C6qFmRqNnnyvUxha3rumXtS2tMzWG7SLtbDYB34N2TwD9fydTsOmpkQvJwctNWwisuHaR83SyBJ8Axm3kCmb/tEX4ax9fsJN2BdGkkSqeVsK/zQPWAwGen44ZI/gdmvjBpwso9LUf3bR5nwFluHDiGtF0zW7pNqyAm8EUSOP8fk3DCItRmRiKUS95k3OnQj1Z0IkTCAeaqsB3fkKrM3bFmX2FO8ixdf29V8i0sQ==
OsaEjWxbhEDpnFxxNFyly6Jhi8Z8dje0YUtkJ7+jWhuH5sXFKF4Szvm18eA8OsEBDHQ/1RTwGaXWuaZuM/uXupBNXIJpdvMTNaJPxoDP1Cmd9+Zqqn6Q+rWxPnGpeyWTdD9qah5lPK1aQVrv9MxZZk2Z+h6VOEL2Jf1lmBmr8YsTkwZlp/87Q2IEYKgR8pfBliv/CQaCothaU1mvBQwkCUBwja8o0VmfTME02h9mr0+PBafDUdCdreLEiTFD6shNozOIY8+mXCkK80JljdnMbhJ7YU1ddj1hfXLKQSlxPJMOo3HrArGQcdu0oA==
GFqAH3T7vspIBhcu1rPGqu30EN7vEL8e7QSGYeHZy+Pvww8mu48p5hbFKiCoy/ddiU+DkjbezIhcoW7AiTnHrfd21rF7IHfv/q4Lo92ejWh4TlS1lk+VilFtowKt2AuW0pa44IOF9vC129IjHuRUHpGaF32d6DXxYYKQLDbKhduopNUPHQQZrwFV2MAiCrEkTb7JJmxwO7EUuEOMPl3jWAuBeQjK4c9Jk0NH8n1JMFmTWCeK6rDXjkrbk4cFiV1Vu5jRZT0NN/i0gQ==
MC/RuN0a8rd7xMEC9S3Pg4PwVTDmIvfmCaMfKWpxSmWWVP8ZmiUM4eHsVktm0KRaxAxsEBnbWUK/KmjHR/x0es6V+2yqu3Mec+3+qAeZxZD5ekh4SN9+UbGoMYvP2JX23+QCwIQqy3uyMnWdHlnGquDM4WxL1zW20ZPBJDy2TiQRaTgyKYWVup0tgdNUerqERbb9CFXMBO6fE/Ter9aG87eqW1fFQgKfCwvThQsIJYcEC2Mu+6DCbrNsav2/nf3nSWerjq1vNTMz+rSH
+WbfRwRQX0Z+QJ9cZMx7AS10e7mzaUMDdkNsBWSQGZ1Hvoglm8eboz7UldEu09Un8R3WrUUVMMpvUi8Xm30vYAFYLP+n9W5+LY0mUQEHEeDF6jgCuOcb4d41l1G3kT96DdYd5yJUUVW4NEayW/7H6XFJ0Cm/54Cx0SaZagX/EuAfG1LZQ9vuQZaeBW7V+x2V9TdruEcJYGRLFVkCcjkx49pXNe4GraizYGHXkTbaQKtzOWeep8W/Wshl8hmGZ1yzY994OQo1+bSC
oXOB8Mtc7wXUcGvFzG26yC10e7mzaUMDdkNsBWSQGZ1Hvoglm8ebrj7Uldwu09Un8R3WrUUVMMpvUgMAm3QzbhZYLP+n9W5+LY0mUQEHEeDF6jgCuOcb4d41l1G3kT96DdYd5yJUUVW4NEayW/7H6XFJ0Cm/54Cx0SaZagX/EuAfG1LZQ9vuQZaeBW7V+x2V9TdruEcJYGRLFVkCcjkx49pXNe4GraizYGHXkTbaQKtzOWeep8W/Wshl8hmGZ1yzY994OQo1+bSC
I2+zg5VVvj5Tg5GTQgdC8js3l7KLR7nl87zGbJYnrTaiCHVG+6Rem1Wu/NCvFiB4oPTWAEqm+CsGslv7SOqBYxd78Sw2953xbH4viRxZG3Pj8PfeIurCAznB/FFtOW2lDap/IkcvGBCTFXpw/HoBCrU5w/0KQUWDIhFzwuOCn0ugcO1vyFH5X2zBFBq/5k+P7wVHg/FQPe3CxOlxo2qojYMzqKNvJrzpavOiJe1ZbC4ye0ENvfZdoZ166oGI8ZxTbqORq2IxMDH7tIA=
eOBmzrfZo3Kl5CCCqgPzHi10e7mzaUMDdkNsBWSQGZ1Hvoglm8ebrj7Uldwu09Un8R3WrUUVMMpvUi8Xm2MyYQtYLP+n9W5+LY0mUQEHEeDF6jgCuOcb4d41l1G3kT96DdYd5yJUUVW4NEayW/7H6XFJ0Cm/54Cx0SaZagX/EuAfG1LZQ9vuQZaeBW7V+x2V9TdruEcJYGRLFVkCcjkx49pXNe4GraizYGHXkTbaQKtzOWeep8W/Wshl8hmGZ1yzY994OQo1+bSC
ns/avVvxvGkv1Ff2zUMMOjs3l7KLR7nl87zGbJYnrTaiCHVG+6RellWu/N2vFiB4oPTWAEqm+CsGskr9Sv+Fdxd78Sw2953xbH4viRxZG3Pj8PfeIurCAznB/FFtOW2lDap/IkcvGBCTFXpw/HoBCrU5w/0KQUWDIhFzwuOCn0ugcO1vyFH5X2zBFBq/5k+P7wVHg/FQPe3CxOlxo2qojYMzqKNvJrzpavOiJe1ZbC4ye0ENvfZdoZ166oGI8ZxTbqORq2IxMDH7tIA=
ySz2QAniz172+PxQbVoiKKwaHeyzmF+5MIwJ6TSvVjQb/OoMCjjax+4uYJNvPN6e4k0ol7fkq5ud5qUx7KWSmcKnQypr4f6sD6XVhIGWaFxgg44laeRxT4ckxSJnSOKkbLZ7zyq+9RmW5VY+GKBByOMLRUKJXwFg9MqecClFWNZBmaWOhSGB11xGqpA9Wt0sfZD0mkdftBrnKtYnDwa7My3esiuTh1MBg7S1E/xnw4pTfLKa66CquXfhLbNxS8tqxXMFByv2tIM=
rRMr/IB2jOBYLIrcTLmSKqwaHeyzmF+5MIwJ6TSvVjQb/OoMCjjax+4uYJNvPN6e4k0ol7fkq5ud5qwi5riSm8KnQypr4f6sD6XVhIGWaFxgg44laeRxT4ckxSJnSOKkbLZ7zyq+9RmW5VY+GKBByOMLRUKJXwFg9MqecClFWNZBmaWOhSGB11xGqpA9Wt0sfZD0mkdftBrnKtYnDwa7My3esiuTh1MBg7S1E/xnw4pTfLKa66CquXfhLbNxS8tqxXMFByv2tIM=
oOt6h62BwqoRNgw7e+aXL7QQFzSvtOLUXVP3jr/B3Y0r+moOJiIxg1hjrWqWA/bBa2ON03qhat+1aJBRAzkh/VZsNo3VWb5FaxR/6/6qA5fNauVMWGq8wUZ73U4Rqeu2fazjMnIy0BQTMX50NV9al44QPLoxPv8JTVx9NSFG2Bjmvm3/iIC9+w0wEasBUdD0Mv7ZAG2aIVK8RHN1VHwLOO4pC/yrJRH8WlVHzRPHz0btvVj9M/zP/joEn0oKH9uz1f21cZu8uZEtOT/8tIU=
C/ey89ySmcwXK1eOx63/veVBxHZxmUFXd1lSl38MUy/uoT+ggBNteHCeEYvgMIdHIjzN4YmKmfbLutGpg1V5HV5C7GzMh2Qp46daWDNXKnQEVT7URXVJEn11hKNKJ81F2WaZuQG98BnF4TgbYkNdo8bBNElHtDw=
jplllFsAmGaRhEsrBb1fPsfXeQQlnlnVSt2I1GohwHvxW44sW3RTaVRnz4W0SLe4atnC3gM9KOPdsKmQPXsBEzqfgBSkLTsfgal+YFE8+PkNC1ziX6FarO5kOeplP3Lgf9vyWeObDkF23qXudTt9lZX3CzjnSUBkq1W5gtJ5EeP6l1VuZm2Is0AhNxHWmmCrU/nHHscF313upVuZZie8s4Of2Lmq9Zm04g==
LAYynqqErFD3iaNKQQfWzVUuUueUikKiP5NYcoZmzX+Y0O7e6dv5RjlH2iJAzb8jeniX9ZNifvDc/jlE2w3pUcDPF9Z/rldXfEIOjeEKDV3mRKunvPGKAIZGHRfIqI3DrajBwwE5AGySxukoLXJRqtxcI93U1NsgDlH7lGsNIcT6zRclEy+f3k2FaNXzlD+G2hxP4o2xi6K1BcWZ25SJqY2h75S07Q==
njTmep9CO3hZmu77R2XSu+uO2RMt2ShHZoPXbQEO0Brfy+i6xi49J7go/tbp0+m+GR8qagAFD3uawAd9E+ruSLwmiQwbxZmJ4LcH3n+mRy9cmn5FIUK9hYb8Oy88eRq4Zh6t34jgfZuNUNHLATEQlLKeGWBtuuHyPOSzVVRcS5huiUvcq8VRHNq1By0TJ4+mbV0YHTPcj166pN9qDTkbGlVddVGb3HnxrVn/nLTl
9wasQ0L7FtR5v0V2rd34ihB10lyo2g+NgU0HYYoAKX3qIMc9/IjWIDEtsC761OnN1aRhCR548CsjkfLmIx/z1LKy5BBdfssL1UOo8cOcv3g79eTMiheRrNEvLprfjZyHhgL+aDltGG7xEQXWVUmBr6wOSgit8h0UTZjUQhe3NOKX4rY/Hy77i51WEnND71N5c/xVi2zPA7JjdJJCu0gtRwcgTathY4vSdfulX/uetPs=
cskOnhf0N7vSowhkgjgkfP/4oRElyaLofUgnhaxAlnjBBZDW6tzp1eVMATHOMDDzUzlSnrOXc0wC2gSoDbaLUyVriAnTlL9gCx2E9FpfUXShh47iTwUcHzZqHtBppVg2ATklLkVBgbec5iowfbrdzD0wdDqHP7R6J4pWh0/mu9NtfjKLU+dTYUMUNbO8h8NqE9wyOivArd+3SK0TMavLioXThafrlrTj
5Opeo/HInkh1uhsMCAJ/oozecwN1ilzOU8vbk3A6127xW44sW3RTaVRnz4W0SLe4atnC3gM9KOPdsKmQPXsBEzqfgBSkLTsfgal+YFE8+PkNC1ziX6FarO5kOeplP3Lgf9vyWeObDkF23qXudTt9lZX3CzjnSUBkq1W5gtJ5EeP6l1VuZm2Is0AhNxHWmmCrU/nHHscF313upVuZZie8s4Of2Lmq9Zm04g==
uIibP28T3JDM4F+RDgcGcv/4vB0j27nhTUgnhaxAlnjBBZDW6tzp1eVMATHOMDDzUzlSnrOXc0wC2gSoDbaLUyVriAnTlL9gCx2E9FpfUXShh47iTwUcHzZqHtBppVg2ATklLkVBgbec5iowfbrdzD0wdDqHP7R6J4pWh0/mu9NtfjKLU+dTYUMUNbO8h8NqE9wyOivArd+3SK0TMavLioXThafrlrTj
mSQh0vrnwGuhom6IFU42KBggGbmYCniS1YbVuVdZci3VX8rGrxfQ5iYyBTvINMbK6c/RomkDEnbgWTen6hw/IdO2VpTM+jFQ+1khFZArv0L/Ov+zLAbG2cEeBVn2IINz/CUiZBbClYNo/EWH/Uzp1wEtKIjCgiF8jebZLkw4iwmUAPNEHlXzgEtZ6YCqKb+xk7s3Oh3BoIHTgDeCynhnNs1lI8YlgU0Ne8BB7d1Fx4C0+Q==
XwfnPk4WYa6I4mBmBoJPHBImfxsWOp64/41+KhV099GUrPZcKRmgIvLQ6dHtsBElNhwQF3tloqrrWzMIymZUfLXaa/dN9zh9Sxg/5INhFGAi8/EQCVv+VpdJ3Nt+Vs6EUUk4EuklFdpdTYGzlBo6JIWW/SgVbIQO3/P0Pu82BlP3ilt3BeKC/8tr0+XLaKUnxCtjDrsAQo7zjG0b/3R9RwlHq65tz7VT85q05w==
hOaM7AHDfKGpUJCVHpgIfhMvYgwQOdeqr4NiIBA1w5+Ytv5JKRmgIvLQ6dHtsBElNhwQF3tloqrrWzMIymZUfLXaa/dN9zh9Sxg/5INhFGAi8/EQCVv+VpdJ3Nt+Vs6EUUk4EuklFdpdTYGzlBo6JIWW/SgVbIQO3/P0Pu82BlP3ilt3BeKC/8tr0+XLaKUnxCtjDrsAQo7zjG0b/3R9RwlHq65tz7VT85q05w==
aKOgjFt6TiNTevbAXywlm87RUkHLkaU+ij8oliEVVX1vSIfaqgD3Pk1tsz7FWf1FO4gxtf391wi0cQ==
pnw0+CfTrk1XjHX61NNGA49d8kREad3BNHTEIZs7jcWZZlk5Qb0wmQXheJuiQ50jhsH0yQe0fA==
dTTjHoN/FX16RyShHbf3Ux+zeuFcYXO7qSFU1IL+N7/9P08j3jWEAqvpTz6fdbfdxhWDee43BPPb79AZkiVxtAo=
BIUQqDluxEGlCC9Qx0UWQ5cBvR3SSuonovc+c4uISPXl7yg6kSUYe15Heb1lFrVRlf3kMalRxCMW48n72hGYIXO0CA==
VtAvtg8+0HnDrWEdUkVjyjYhPAqwJDDm9gMU2HBjGo/KPpSxy//twgMk0vKb2C235/CNm8FzC6IVq+Xv2w60Cw==
aKOgjFt6TiNTevbAXywlm87RUkHLkaU+ij8oliEVVX1vSIfaqgD3Pk1tsz7FWf1FO4gxtf391wi0cQ==
pnw0+CfTrk1XjHX61NNGA49d8kREad3BNHTEIZs7jcWZZlk5Qb0wmQXheJuiQ50jhsH0yQe0fA==
x0tIJS2IjwTIEP6XCj/xcao9pxtdZByKd1Un1BDgcbTR2HUl0bpsHig+kegBjXiN/gxHNmuiUFSyGYV/h54pjzRNl6wLWlGTf66WGWSRawU7RkRN9OCdVgkIbvhtospT4IV0gApELTsAZyJ6zTqh+38vGYEvsVDwWK6Eow98/AseDZPKViINV627WdUB8LvYrF8a1tKrgd3Qk5vjbcAmNfiruqgCK+7sUDnFrI9dGR0sosee51BmsRz6s5IGzD51KSaEyyxPB1S7POkpakTi5aATZZAbRR0xaDzWFueQ1j0k8sx5Du9x5/BbMMhVK3p7Hr4ERtYfkA4vhrkifB47hqA46ZllBR7u69htxRznA9Xekv/mnRqolkmj5w14UEyooMOTqvYd7RaBwvsBM3L74BF7ZL+2jK6EW1czaE8jFmn60wN2ISggpyNx+KqZnfViLXWBi+Si2pz1Lj0QZVRkNq9LdIafDuZrh7Kbz3VaYke7U9Pdu9BFn7STozbLOKK2gzTto49MnX95f2sWHXdV64OitN8=
Azt8opYjUScRdnmCLFqxuglfU3p/bRAztGrCxMy7vHTo0UYelhJvPvUBcY1AdQ0MS310M4M8QF73OwzsM43Mz4xMgjDKN2na1c/TJUe9oHWvnu5ytA8u6Y8EAqpNYfWTedZ/6xe+yEJ8xN9EeeHoKgYKbTs/pfBNxjmuUfyMM+L/3ATp6WhwnJQDdTh/oaRn+hHi1xWfs75WGtnMxr0+CqLjpKs1km6aEko3jFZif7qYrfs5mN1WXosncdlderLm66v1IBnqTmt/VDSC0mvnMb1hXvzhBk7yWqVfxWhhEnLN7hHhpSImBov8psBSPbRauphfI67+8KzXpOko0sxNFVdhBRoLL32iIfmmi9gynaEZpXJKgqc+TBt/aQP3FPUTEh/KPiV4c0L647X44OEF6+MT1gU3vyvj0gTQCAEyByHGq4/pdkLSOApTCQ81zJQpcPBdj7iRSf+8wcS6DyY/b1+Fl+PhEK0NssTZ0TMquK3Ts9iDX2ZMibrz8sWdmVwOwvuRLa02zQGtfRzhETGMsz4jIcuScYCRq7TQ
1Nk9qpGCz/Jtw5PcNBmw6/ctNglVOD0TPI8UR9ypi1QRI7M1QvbE406zandPkbNOUz1zmAVdT0nSDyDT//fMCZ4tdbQO
bcEQ9Uk4QhdaZDhaMxc+Ud60on7k8Htjj9JZRVtuXVGCZyJcNnQqq3AgxZrypg60MRm4wgkVVar9nYFjNGp6FGVGfXh1XET+f6P0bk/GxmOX2tun5dLCj2u70zVrGOUXJPvjXtswgn5T3GhMX4S9d2kXK36N//UjU0q0Nw==
pwcp0QQoKMQP78ar0UJ6Q/rAoBn2jzM/4JazGXkAHcm/smU4IR0iiWTBSwTja+IzireCFVUsDx/t9RxKWpuQjzSHUa1tNo2B7XhbYVExzDN+I2FLUnFAEWu0EA==
chE94qoahE1IFPxW8pR7+eAhp0FhtEEthJFmFjWV/5iLRUkCE5S3hYRlwqHt6EUzNJ/8B3RZA/TJU6s1WgacQ8bDwrcngbtuq23LGH2NdynaHwgTl0dEaUYdbbQW
tWD54ICSmWOFfOZceRdcjMkSiGRQhmA3s5FmFjWV/5iLRUkCE5S3hYRlwqHt6EUzNJ/8B3RZA/TJU6s1WgacQ8bDwrcngbtuq23LGH2NdynaHwgTl0dEaUYdbbQW
BKxCa4Mn31FK3fnvNKc/Fiy9lQathGIWMZ3jiGd9LSL3zJt1uC0GYamguYNYR1hn0KGvZFXbL7XejgDTartmV4PZV97XpQ9YOUVLWfbHbDNzfyh5WhVptBI=
WA2AlwIxnV4fqju57sLjqzHe5PvT8cM9bd3TNrhiRmGEUl4WDWXH+KO1gUJbRB/lHPVaIXV43ZNcTzRHPGnr1LFjUzUiNmRjrvMKd2/RU84z/VOY5R3vyXJPwNPfN2yJfm1VtC4=
kZvUSeFrgh0Zcn9reL0wU5yzTw1KpHa8NZdfPKyFLM6+mdZMJwQ87vO+ipIeRCnpyy1xpKqO52G5Gx9lQwDo1E201QNUR4eDlRVfhuso4ibjROjU79zdb1nP66Y9Z5V7Y1K0Lw==
lDyl9YJHThWQcFWSwuYArhEMbyIkGII8A88xR6uytoFTKX0gASowCMg+c3p2xc42DvFd+QxpRVm0dLKK3ZwnZtZ+P/UjUD36Qfc+gPNTViknYzJBSiZhntGz8fXZPy8o41GcJPfNPRK2sd3D9p+xXiLVdDM8mfMhspJsix+xI45DnQOYtb1fiUJvcFMPF3xJ7o2ltN4=
mr8KXYxdc5Idzw2BXjW+Ugl+bz9ce25+TeGGoEQFOva3uedQLrXOPFEuKcXx5ApvievfN0sw48mJ2Sxxv2yiBHlox3oq4LceSEpzXkX5PWU7aHFVfV0XaLQR
HGQiDaCtOC7+ZW1nB0ij29PLyRgQhfdiZRSKLEWD28NihRGnB0Eb7sut6xidzdeput9oE7cHpOnm3Q20dg==
HGQiDaCtOC7+ZW1nB0ij29PLyRgQhfdiZRSKLEWD28NihRGnB0Eb7sut6xidzdeput9oE7cHpOnm3Q20dg==
DDOgsy39u8xjiykUTDVkyb9O0TBsn0ZKcAtAnn8NWi/h3kLUnHpOUDLSetGrM55nIz7H8oWWsNeIuuGGzVR2DVdN/Sr+oGRn/YoNGV4sWhEkdRXzMUkSV3l6naZABoIIwifH4krlpknSv2FeOgBG8MDHCDwB5kA=
