uUtuiBnF8Ct3oW8eCSNyeHH6/5p989rz67uDvf66SY00ovWcFYmKeB8bUZ4iJ3dtB9ErnciomtokhqozX8PDFLIldsC7Y37JP1MqQVIWeX75g7m1ke/HyFvB5KRPXcWyHuGVgz5vWX46pWwzJGnrAdriJEvXYYsuOw27GEgt6ugqP7iTxydUKfa9vbTG
foENLOMUWQqf9rUrCSVcM1p5Fz12WgZpbif5Yiwx3HUBntVYAtZXRWgirXmW2prIjc5c+q1VcRR30mvjPJDRBxxhjcegwdiCy9ab59Pl2ysFAKkVzoRlSbe6HOWfk9SLu1YI8SZzbj1ZqTgGzttd5QmmSZkRuOL5GCDo+/LDrUM2AcSpt7TM
UBHsmQxQlhrj/L0ZTYHDE4Kyv/vqWHBJFt2Yh4RQRSQAQN7K/FbMDSBDbl8S8p2DzLmX14xsKEOLjuxChffnUUKUROtcytSA7lY7HXzSmREPf2TgmZ7oAgEVHSyDAv+LgHDNL2jRGR+MwfRaX2bvz88FZ0OR0F0tosTJsQPqCM1jM0jjj6YcqUrzguVN2QzuUnshzR12/eG9eA7BbHB8E06jsWvCsVDxm7Tg
ccF1FGIf6LO5HGqTcG1laI0+I+tYXgbzYW/XnApbtjArHV4u8w5GBG4geuc4ZIWmypI+mBk9mN4RAUWm9ZmBn8yeiviNop2krYiUMrdnNNL3cnbPP357O31GUgPjP1NJE2yVe0yfgwKDZNIyG5godWe9jFtBMwtilevlL1tOtMs=
NYwLHLoQ6eko2vVAuTRbqCwjOaDQXSxEL2grbhvU2Qk5DybTWTaL4WIvNryzue6SO9On6JYkavsQUMXqkvZO5JGpOHKpxZV6HW2Bk9S6usTF9v3I1QwErh/T9B4vloYzN2pbF0UCAl+LS9PFi8glx4RLY+57YMIuM6xoOT/Z/CfJp6vOLS8187O6tMc=
OzuTY5S2Rf6sx80o2xLr6CwjOaDQXSxEL2grbhvU2Qk5Hi7dXzmKs2IvNryzue6SO9Kn6JYkavsQUMXqkvZO5JGpOHKpxZV6HW2Bk9S6usTF9v3I1QwErh/T9B4vloYzN2pbF0UCAl+LS9PFi8glx4RLY+57YMIuM6xoOT/Z/CfJp6vOLS8187O6tMc=
zI6oodVYDn5SRsbWUOH/ekla+JPq0QVekbo2aS5gehbmEaheLiFbHgxIy7GdlWtt+c78WkMjMZP5auwoGtZPtaCC1ek8H3P4la4UKlXVyUQ/8nMTFNC5l6SBRfe4wcCyAzYjd7ul89sdIOFFdgSdmf/aBNV3U3wbw/bAAT5zdk0RCcCWZps11RFGgclpOFop0ADwi9oDRdOOYYyZr7TU
IMWCyKGaK6EnpQvv9W1Vi3Z8EeSJQSxEJ2o9fE/Z0BdrDyCaDXjes2IvNryzue6SO9Cn6JYkavsQUMXqkvZO5JGpOHKpxZV6HW2Bk9S6usTF9v3I1QwErh/T9B4vloYzN2pbF0UCAl+LS9PFi8glx4RLY+57YMIuM6xoOT/Z/CfJp6vOLS8187O6tMc=
OD+1JpY/MlorvFfcv1dpeyg7VrjcFyxELHUtex3Qw1l1DyXISDPes2IvNryzue6SO9en6JYkavsQUMXqkvZO5JGpOHKpxZV6HW2Bk9S6usTF9v3I1QwErh/T9B4vloYzN2pbF0UCAl+LS9PFi8glx4RLY+57YMIuM6xoOT/Z/CfJp6vOLS8187O6tMc=
2B9mzKQktB3C2FQUqrQkGFM5LVAtcdntqbUJHph3ERPXX0/yaoTMFpmZpprjJd2v9ZQjdvImQ7WfiNlqxX9S4F+bktkDWy5BVh5FbhV7XZW1t6u4B4kgZIuVGQKyufHjmtf17sYt6LOg4ZeRdlqAqzO5J55nRf9YDOU2GMbnnLOjXzg5yrW5tMI=
lRHav9qsa3UAkuL92/G1jmaOwf7EWghXTR1xivt3vve7TDEyls0mbfZ6f0M2XI+H157KjsIl9LJlTD5sNooFG6jkVU8dxJnvARVYACJKMWRNfklmbDC7cRT4w0w+nWMYC0H5yMqhT4mTg8eyfYmwmZMYp0rqcFfOSB8TwwTJ3ZW72FElPc23uLTB
22R01WayI0WTNxXzLfSrgDlbEW+h2Umn1cYwrqoIWdCGVtPN9LLBAfC+/5AhfuAyaZW13IsihzsYsPU/MHGRz6TB3IrXxrff98X/8+nwVd0KRKGBCwqwvfvzsPPXxpR5ovPqtcU51P4qO7k9pRb10VX4prFkUISj1uOJexoR2KGztMg=
bwyciR8sjXEy3Moo1eTIPfSxexo2+Z7d5NrS3CAj00NkkWSrlTpQwI5W290cUjnRLn5HIHkeiELhFT1sI4Jfy+BwLe8IUbnfrMHUmv/mjw8vBQcDMVD9bYLEKfFjaugNQzNoIy8mfGmq8+KlrVmsrnJ7AY199h0h3XguAczw3NOuo9ErIjHwsbu0wA==
HRBbY2UecCuUoHtB5qgduZcwLqm8vUKJhEQ9EogI5Y81ZyzPHxj6tlsr3J/0myg5tKlpuPH0s55CmgWBoBRAWqszqTQ2rJtcUuqZrf0ObJVihlijqSTFs+puZLVr19dk70r7Kgovy0PK/64AloudJFQYG5ZiI0aI0rEkfKBbNsRJ5xqNpVTaG2Xnr8lvp+zncEV4eLLW52XYYp3ZoF6KaF2OjNo9VeF0p5K7gywQIWfsIX2nUMEo4juWa4cjZctL1UB5dV6E9Wln+sxFjxPkK4sWuNGWc94d6WkIpv5bTUVZZhm5gbhyGUjguBviQ92jRsG0Sce0vA==
woHIrzhivEbV5shCv/RGPe35EqfIhf/njUmOhbOAhQ0T3dK13Ok+fD3tyxJndk+rAfVhO9qztigbVT5WY6eG3Z4oWt9oDAU+elreYAkV2IZhieUeJXGBh/zW6oAdCl18XYC0CucPtEpHupY3L1Y7Yw3O8rsz11NRIyT1A9w3Q9pzbPIKS/Co7dd1bKNRG0s65WNFl4umtNM=
rs/oAbzL1V1cW0b9mxaHYDnGeL3FBSKz0In/44VVnnGL7KUp++Gi4QQlfjh1MRumH9qvT6mJ0a9CPzask8muIttLJnn2lKoLMEDF+rIGjlTxObjiSXXVCj19gYP0yvp0JWZ9WLW8xF4/w/QOD2ZGg1f624elskIvq1vT1au4ZXdk2+N+G9AC3hO8aCkfKTyXqTcrXs2fdYOTqrTX
gQZJBZDegTk8AY5OxzFR65aDssY6T56+Nl4Of2IH1hrsDWMtUEFqLnSasu6JB4LvC4lFN6YD8m1K7FiWDXFqyp895E4gLH8Gfo63davg1VoZh4ZAKwMuCc9zOkFCNom+qeMpNWFPd4gL4RSkfz2Vcu4BJQOuz4m+CsV8MzSJ20GKQrTLZwH7buvtixg4DToomp/IE1fHhGmGna201g==
yskE3nPLrseOALp204IzC5VgCDhCoNEbOrncj//hgVuWa5f6tdvPn5oLKENeGpEfc5zj7N8dfVeJ5Y75du7XB2Z4h532y4IqUqFc5iUYFmgmrk1PCHDd602AsfsBAXBEcu658O0qAUJ8NJMlVKxryK45K0wrVfHsmuXnHRMXb/YtrbiNs0zv7nr0/5oISzvHFO2VwRtM2YFtiZ+stNU=
DmQ4ZfVnAwmeZQ7T9h6PuGBmCfWJSCxEL2grbhvU2Qk5DybTWTaLwWIvNryzue6SO9ql6ZYkavsQUMXqkvZO5JGpOHKpxZV6HW2Bk9S6usTF9v3I1QwErh/T9B4vloYzN2pbF0UCAl+LS9PFi8glx4RLY+57YMIuM6xoOT/Z/CfJp6vOLS8187O6tMc=
0F+rZWwDXzeg90rIdRx+AmzZjKCWMEZVQRpwlt53qf3vD3Rm06kmbfZ6f0M2XI+A0ZDKjsIl9LJlTD5sNooFG6jkVU8dxJnvARVYACJKMWRNfklmbDC7cRT4w0w+nWMYC0H5yMqhT4mTg8eyfYmwmZMYp0rqcFfOSB8TwwTJ3ZW72FElPc23uLTB
tnP1yuc4u0VnYIeKySBT1a9z/8nLIY32RinOmXaOl6fmmEe38aTCitJBnMYlOFYIpg6NrwhQnYvNIHEbAeGw5PKO+dDtysHi/FTTBVSMqygumWssK3UxDBpFp30Tdy9WrU14rbMsr076FD+6CGt7p5RNVSEbbJnh7SlfTLQ1
d1+NcZCXS6Srnne5tit1/eQVMSDMbxOixix4li0xCko//Q9JD2zfhh7Ol3VLIHXaecfmQAvDzolvM1pBInYpPkkjCTUBDxcIqyH0pF999fJOQQUDTg8pPmqFXDMUSTvBKgLUy0fBW+4LLasYWE2aqHpfKBN3h+TpJl1NtDY=
LAyt7Ys3NlJON8lwXdDh2q1z/9jJN4n2RinOmXaOl6fmmEex8aTCitJBnMYlOFYIpg6NrwhQnYvNIHEbAeGw5PKO+dDtysHi/FTTBVSMqygumWssK3UxDBpFp30Tdy9WrU14rbMsr076FD+6CGt7p5RNVSEbbJnh7SlfTLQ1
QGDGCHCWJ0OIXuy0uNvMV+QVNzbQchOixix4li0xCko//QlJD2zfhh7Ol3VLIHXaecfmQAvDzolvM1pBInYpPkkjCTUBDxcIqyH0pF999fJOQQUDTg8pPmqFXDMUSTvBKgLUy0fBW+4LLasYWE2aqHpfKBN3h+TpJl1NtDY=
ImfkYokW5jjjamMlhqEQJ+QVNiDCdxOixix4li0xCko//QpJD2zfhh7Ol3VLIHXaecfmQAvDzolvM1pBInYpPkkjCTUBDxcIqyH0pF999fJOQQUDTg8pPmqFXDMUSTvBKgLUy0fBW+4LLasYWE2aqHpfKBN3h+TpJl1NtDY=
oF+l9fKMq5seqFK0iriUdZRSde7NhJTq5cHV0aGdm0utix6o1OYTdGb4jEgK1l9VkMKFScac7JglbsQKJdX5pO+yA7OEUAn39EG116jB0JLz9nMXCyVje21gMaVGBO25Lxq0tefTjLuTtvDhLnNmLSHJEDYWG6U1oQbR6Zk9akmAwAArSoP1M14h/Lm/tMQ=
5ImJU5j+fakatfxDdnlPWROvNB/H9nEMYTQqGOYO+AAofv17YztcQJvb7KK5mhKk/QrBWSSuE6CeVss9LBJJcZ792IApXthiERUNDHPCjytw8F2PuJFJ/7zBxLoPJj9vX4WX4+EQrQ2yxNnRMyq4rdOz2INfZkyJuvPyxZ2ZXA7C+5EtrTbNAa19HuEcMIyzPiMhy5JxgJGrtNA=
75kgMcaAeAWpReMGs3I8rVA/hsxtcXzVZ+wELq8m/ij5dT8IMkEWd8W9sk7wzlX39K25JgZUt+xXu1mNX275LdMrcwJmz8zwrptH82ia6OMeEZzE6hNV15FcEKHckPFHfOFtB4DB+EIrVvun8+U7a2WACdXuhAUJVzq8pb+TNEsb1qgxxnMOffkpmEau230lqSYpWfG9wrm4oAg7ksONg9aBpOmXtOw=
75kgMcaAeAWpReMGs3I8rVA/hsxtcXzVZ+wELq8m/ij5dT8IMkEWd8W9sk7wzlX39K25JgZUt+xXu1mNX275LdMrcwJmz8zwrptH82ia6OMeEZzE6hNV15FcEKHckPFHfOFtB4DB+EIrVvun8+U7a2WACdXuhAUJVzq8pb+TNEsb1qgxxnMOffkpmEau230lqSYpWfG9wrm4oAg7ksONg9aBpOmXtOw=
+G7IQ5K6MzsnLqDuMqGHUuXCx8TApoo7Dv7A4+Pp2DUe5mtjrj2BvGh4onoPWyMNWJJPFVP5GKn4G9CN4c7OmhzbcYeTp9wmVIvIQi3gwvirom2cy/t35AOiDZUk1SJKxpaXKaOyKxXOC0YdY3zVjqhVD28IEB1LzWDx2wEhMKTyTnmQ7QpBovyUU0VUTCtoLlnrbCu1sUwahSc9Ezevlq0N+G2zbC+O+lS/egwr+2eUDdXhGywZIe1p34y09Q==
AfZa6nWcYeCD+BjZFDa0KUcMGbPNA013HCgUR3WSGYoqlr97/KOa0T6W9KJdyc42ohfVjAtYP988PRxUmX0oezZecKz4unhhOaB7QAAzSquY6i9QmNIn3ac8jUfJ/wFDVNFdt2FHQETCLEu6bfXE+219vGq4/Jjz2wvfZB79EuAfG1LZQ9vuQZaeBW7V+x2V9TdruEcJYGRLFVkCcjkx49pXNe4GraizYGHXkTbaQKtzOWeep8W/XMxl9hiGZ1yzY994OQo1+bSC
VHo4Zj/v342HdWVOZTuwoBkJ/pai3AFF1aA9Uz1pLgzqDepKfRIEQFQrsJXf2Wtt8sz4Xg05YcOYPpwoGtZPtaCC1ek4H22glb1ZdEv93Hk/8nMTFNC5l6SBRfe4wcCyAzYjd7ul89sdIOFFdgSdmf/aBNV3U3wbw/bAAT5zdk0RCcCWZps11RFGgclpPFop0ADwi9oDRdOOYYyZr7TU
lqKgzxVnlp1erb2dyEd+mZCpDc1DWCDsZkGgZuwpzDM5OhL6b6IG1mxxoUSSJTEjLMyH8VyBcbMZE6X50LibqYPNzLZ2V/d4luaG5U4jfvhRWOVlyJHJJiHECF6v2VvNYowIPt250eOI/uzIStaf1VDCxcmPnD1A5X3J1Hv9LBmvskMzRFDJd7RB9VdowRASs/Yzl8slo/stYHElhgStOW8adDUn08w707YwYe5zJq1hydC21hvlteEGEWlZPCrJQMDAqwqDtbOeITw5/7SE
ry6cHINpFrEKKq7q2FtH1yBQz2tr09hnhNT/8NrspTQCa/vrCYsYGstGObuCedl5iOHJycjvEms6JHsWmrb7NWcYccqdDxqgl0tqOStrNkFOLm2O7auV1f3H8xivGdjkMwVxYuoJOSNSB83Orl3ws7gRf7FOCsjrewn/fo/VR9N0dZ64HhdUc+sPQFnihaG02g==
aWRcu7rPco0twM/5vjdyg5n2Kg1W7WlcFDFGCERNJTInykldUrwQCG95o+QZ9//w1Tv2J3M9InoSkbz2JQh2WOZ+7T+IwD07DfCR6wERUDQyPllAbVqhkrwE8zVUvIv47mmLvKvlkbxaFccNEwdPBu392D0zvE++OsQfigNbW/fUPTWxm/w5US35v7y0xQ==
bn7dc9C/oAba8hM5Nr2D3xHwceNAc3KpuDEXxJ2rN7XGfkhz0iuOF6vpTz6fdbfTxBWOeO43BPPb79AZkiVxtAo=
yLkvOUd2ptGHEWAgfphgZeX9Hq/Nsaz9g3TBlanJ5g9A5+6b7fwtbj6ojQ1xNQWrCeFqGLfq5g4veCQvZfjcg8IoQ84lEUM6eRzQewsV2IZhieUeJXGBh/zW6oAdCl18XYC0CucPtEpHupY3L1Y7Yw3O8rsz11NRIyT1A9w3Q9pzbPIKS/Cj7dd1bKNRG0s65WNFl4umtNM=
uvzYRp32PqTQUUy3wggSWOnX12u6PRI/nF9QL63dmqereXqjWzkW7kys5YNdlk+0GBfIB0NoQ0YWuH/ZYBO1eTrG4FI+R9DBtPnlBXaxJncySzK9M5SB0CVOBBOXRRisj5fcB/Zfo9jnknsDbBBh5ywhPSeQwehie5arB2Nli8sVQDn1HoQ16Sf6DMVPE6SrSxZ4UdZzHp2paUgmPlsNxRlm2TnBs7KZiOD4myJDHSMGwXTJh7T8
WaDDM1w9BsLNV7G9BTZ7NJ3NBc8Z6hgyUoJ3/aJJBWjsq2F/gCL+Tgz1Y9KXsbN+wkvN+HP0wtIhJZPIv+1Qu5z6dMv0MQSTHy4OR1uc0bW677K8JZctXweXmwvGtuErNwOUCt3DdvDDHB1BOHZCk4q/sNQUjQsftw3BIWEcSHndK0yizwGKrD4Eqap1X6Jgj7sCGRP7/kGGvlWuhVuNFUWXG3h3KZBke/UpwsJZwWNKt2Uu1s24s3CBh9HmutArA9nX3lelj1O8RcZYdsfsM/N/qHnaFem0kg==
ROxR+UAcg+LZ7KFUKRuiKPp3LZgECMWXnHaR3eaSmflWzyHI8dKfcqw1brz/A/6HN2EPDRVFOx8S2ObNy7TLsgyAeybEComSFu2x262Vm8uImk48XxFOullEqev/cYMO490jk9D9MggiL1BTL9fcyQ5NRbQ+
6+xRpg2XHsxpu9UNZbR+/E4mKxY3c8f9s/AKPph6ERPaXyCUBO3bH+Hp3uDxfJj57cs8Yv9heqyOpNlqxX9S4F+bktkDWy5BVh5FbhV7XZW1t6u4B4kgZIuVGQKyufHjmtf17sYt6LOg4ZeRdlqAqzO5J55nRf9TDOU2GMbnnLOjXzg5yrW5tMI=
6m94kk0zDn0hzrjHsGL37nH16IF45svO67uDvf28SY00ovXzfueMBHhlX59lYSJwXcQ8mYmTkNIjqb5sSuyFGqkndsC7Y37JP1MqQVIWeX75g7m1ke/HyFvB5KRPXcWyHuGVgz5vWX46pWwzJGnrAdriJEvXYYsuOw27E0gt6ugqP7iTxydUKfa9vbTG
uvzYRp32PqTQUUy3wggSWOnX12u6PRI/nF9QL63dmqereXqjWzkW7kys5YNdlk+0GBfIB0NoQ0YWuH/ZYBO1eTrG4FI+R9DBtPnlBXaxJncySzK9M5SB0CVOBBOXRRisj5fcB/Zfo9jnknsDbBBh5ywhPSeQwehie5arB2Nli8sVQDn1HoQ16Sf6DMVPE6SrSxZ4UdZzHp2paUgmPlsNxRlm2TnBs7KZiOD4myJDHSMGwXTJh7T8
954/Qo+7Zir4dle9zmFziTZmA/GJSGVeJXQtbA7a+Vk0SmuXDRe43Qs4P8TDwZSAYpPx8Mk7fvZXadz7vvZO5JGpOHKpxZV6HW2Bk9S6usTF9v3I1QwErh/T9B4vloYzN2pbF0UCAl+LS9PFi8glx4RLY+57YMIuM6xjOT/Z/CfJp6vOLS8187O6tMc=
pOA2GtSoV3phpZGq24+seVA/iMRpL3nSertQIeBf3wDDXQwnAWgWdsn8/Um13Uzg6ay5Lwkdt+hbhRbmX2P0Q84sanF138/1sNgf4DaJo9cyWrH99ExA+NdSC6PckPFHfOFtB4DB+EIrVvun8+U7a2WACdXuhAUJVzq8pb+TNEsb1qgxxnMOffkpmEau230lqSYpWfGzwrm4oAg7ksONg9aBpOmXtOw=
vcKPRa8/pCR3vYer/T1uKHiXKlYwZ3Qd4H0BOwNXxo+0eGlPGR2nyAtFxkbP4wTjvuyaUQXfP9XAmO9ARgkzd2IaYd3kTFAYhxLbQ0wQQafMoV3nsMHIohsWS0dDZauLtcBZNf6EFSmHeuwFLxNE6+uW2BE2c35dCeno5l5b7YV55nl54bPS2WhgWFsCQz3jZkGUiae03A==
wDYYQs9q0LrXW7pRd6Nblx9RJG9tAIgxV8UgQbC2o45TK3s9RSwxLZxyPTM2l+QkYJVHn30ROlC1NPTZwcM4cts5BuwyfD36Qfc+gPNTViknYzJBSiZhntGz8fXZPy8o41GcJPfNPRK2sd3D9p+xXiLVdDM8mfMhspJsix+xI45DnQOSsL1SiEJvcFMPF3xJ7o2ltN4=
bJijBEJe/vD7hpdazxoLzaICD28adnpdb5oJScb6zlIUILI+L7LV9EmgYWdPkbNOUz1zkgBdQkjSDyDT//fMCZ4tdbQO
xZaPdpiYEP6bW1kfI0LiIKMCD28adnpdb5oJScb6zlIUILI+L7LV9EmgYWdPkbNOUz1zkgBdQkjSDyDT//fMCZ4tdbQO
2YydrUESf4yrasN6hTRAxaACD28adnpdb5oJScb6zlIUILI+L7LV9EmgYWdPkbNOUz1zkgBdQkjSDyDT//fMCZ4tdbQO
ckdJVZg/b8Yq9Zd3TzOA+RZw7a/PDsAv1g6ODbsytelaErqigLg+vqMqQYS9yP3H8znnnifFP1JMZXYYBmfcs+Pf+DmKNXm0Ag==
4C28xhoC0axXWZh0HtCRjCYziATcsfy14eDQY1E31oqTlEAPOuvCCKCgv1OUcUmK3L7RR2B9Duk+jd5WYG5wvPYmjz6bkAKek/xiaZ9pPNcpdyueTV91QxNqtBc=
R6NnlEdtDTYtqp3BZNO4Ahdw7a/PDsAv1g6ODbsytelaErqigLg+vqMqQYS9yP3H8znnnifFP1JMZXYYBmfcs+Pf+DmKNXm0Ag==
0xKBz1mtLySnBwGxllfnEBRw7a/PDsAv1g6ODbsytelaErqigLg+vqMqQYS9yP3H8znnnifFP1JMZXYYBmfcs+Pf+DmKNXm0Ag==
E0LVGqtRs6z9sCKjLhWeftFOOuPan5Pj59uB36Gd31ijpR72h6NMM0bMsiEd3ycl6LiXEI7J+8c6eslNHMzoiO+yA7OEUAn39EG116jB0JLz9nMXCyVje21gMaVGBO25Lxq0tefTjLuTtvDhLnNmLSHJEDYWG6U1oQbR6ZkyakmAwAArSoP1M14h/Lm/tMQ=
qKe0kwJBeNMRYgTzarD45y4Qjiw/xt98gMn/tJ/jv30BZP3dQMpZU5IPGLTsHcMf+Zm2wMmsUDkle2QCl/HCLHY0ccqdDxqgl0tqOStrNkFOLm2O7auV1f3H8xivGdjkMwVxYuoJOSNSB83Orl3ws7gRf7FOCsjrewn/fo/VR9J0dZ64HhdUc+sPQFnihaG02g==
LIAc8TG9dVPZpkAgPfjeBYK16emBCr63CLnWJyoeP8aV7K30vkKZAYSSq089T9jFOyA/3PPZ9NhSSzEoeWMebufxXGMObi68IXH4qpmd9WItdYGL5KLanPUuPRBlVGQ2r0t0hp8O5muHspvPdVpiR7tT09270EWftJOjNss4oraDNOKhj0Gcf3l/axYdd1Xrg6K03w==
BQUOQFO+wvU0JhyMS2MtvKLklg29t1lrtj1ACAcocc7NkpJoYd+wwPt54bUQi39i/xo/E6ymBvnB/sU5dsBDE/zFYgSWItXjaNwFJ33sqfcBDWgoQiJhXI2Gmc7MWMvplGAzpJ41M2BLeSkgKol/kZOb95qdYWCh02D34kqYp1bCh2OrpGENbXvgAU1d5YegtNk=
b6bedRK7cjYvOzzsgx72EmIS269aTglmgY7+XLMB3m+xMBCHyMtZGR+rmlwUkzQWHqkfrvsgwu6z7GJ5vxn8Z0nnqw6t7zWzM3q0Bw==
kLI9FcSuSL43+k0Gi5d+uWIS269XTglmgY7+XLMB3m+xMBCHyMtZGR+rmlwUkzQWHqkfrvsgwu6z7GJ5vxn8Z0nnqw6t7zWzM3q0Bw==
lCZIx//kaGT4ztW7VWu+ExFNOMvNweeXIPJBYkbYxAZyDc5lRjr3ogK4aZwspx1lyaYJGVGyInlYICh7MsPtw/YBhCl3tAw=
Z/t4GY6+slelPWR3kI4SKRJNOMvNweeXIPJBYkbYxAZyDc5lRjr3ogK4aZwspx1lyaYJGVGyInlYICh7MsPtw/YBhCl3tAw=
6YcP8ZOvgNSXP1V6wm9pExeWkDdom5lJ/9uaLPTD9Ea+GZ8eW/CCPtMcYonfyby36Vcrvg2/9ePTCrR3
4PulN14sRk5RY1jVKGcc2GIS269XTglmgY7+XLMB3m+xMBCayMtZGR+rmlwUkzQWHqkfrvsgwu6z7GJ5vxn8Z0nnqw6t7zWzM3q0Bw==
U4QnfLUJYRlyc/Ha6aDl8xeWkDdom5lJ/9uaLPXD9Ea+GZ8eW/CCPtMcYonfyby36Vcrvg2/9ePTCrR3
z1KcPLgeVfzDBBREmPdG5WIS269XTglmgY7+XLMB3m+xMBCayMtZGR+rmlwVkzQWHqkfrvsgwu6z7GJ5vxn8Z0nnqw6t7zWzM3q0Bw==
jxBrhYlIOal12ZB17pChGBeWkDdom5lJ/9uaLPbD9Ea+GZ8eW/CCPtMcYonfyby36Vcrvg2/9ePTCrR3
JtdCPyXRVrR5USVeVvg3fmIS269XTglmgY7+XLMB3m+xMBCayMtZGR+rmlwWkzQWHqkfrvsgwu6z7GJ5vxn8Z0nnqw6t7zWzM3q0Bw==
jz2uLxOHzqcrKNycWKy+dWvenKoNH7TkixoiVmmHguFvizY+eYj+aF+KhJVoyRD6oY4koJ+QKpc7ib9+T1WH0rT13rhel5RzK48AWaIFYbQa
XLB9bu6hdvMtdXe1nWROY2xlPxK+NDC28A8JxXdfGtCMN4Sq1v3/wgMk0vKb2CK15/2Mm8FzC6IVq+Xv2w60Cw==
ANVnpUigWUPB052Bgl8EWnH4jRWgv2wcN5z+xi53JS/42Y5otjYNL6qzuYRXWUdrjLrsdVDZGPqpnhzAd6ByV4PZV97XpQ9SPEVGWPbHbDNzfyh5WhVptBI=
nPeyceof4oaOLuBYbwHcN2xlPxK+NDC28A8JxXdfGtCON4Sq1v3/wgMk0vKb2CK15/2Mm8FzC6IVq+Xv2w60Cw==
tsPTj3Df2yepVjavHrDEBHH4jRWgv2wcN5z+xi53JS/42Y5otjYNL6qzuYRXWUdrjLrsdVDZGPqpnBzAd6ByV4PZV97XpQ9SPEVGWPbHbDNzfyh5WhVptBI=
FEM+Lpe86v2C56F+928Mi2xlPxK+NDC28A8JxXdfGtCNN4Sq1v3/wgMk0vKb2CK15/2Mm8FzC6IVq+Xv2w60Cw==
4yLrRkPWx18wpWs3lcqyfXH4jRWgv2wcN5z+xi53JS/42Y5otjYNL6qzuYRXWUdrjLrsdVDZGPqpnxzAd6ByV4PZV97XpQ9SPEVGWPbHbDNzfyh5WhVptBI=
E49Pc8p9ZLAHdLoHHq4mnDEnfWBV65Cmcmg/lJ6fNzERbINtnzU9AAjU28LjG0xd4btjdVoG4LUcBBKnD8QfFpos71KCAyufdJXlSVtEaTlNUQ9ktB0=
Oy9/WUP42RScCkge+si9pku062ufJd1QyGS7MmOr7C0h60NlWhbA5dx0shePNH+mWnwPQoITS080JQU52/TJyQ2BL3S0DQ==
4PulN14sRk5RY1jVKGcc2GIS269XTglmgY7+XLMB3m+xMBCayMtZGR+rmlwUkzQWHqkfrvsgwu6z7GJ5vxn8Z0nnqw6t7zWzM3q0Bw==
gb8kof/IiPrWqELS/2Z5yOvMvR65zXYjr5WmSnUGQdnztmolKh1tjXKPSBfjbO0tlbveDhY9Ch3aumtbRoiNlCCHUa1tNo2B7XJeYVwwzDN+I2FLUnFAEWu0EA==
J0Lj/+IanMlUhbD/ZLXx6zZpy80yjU5qET9taFXjgL5SEA9c3tfHiXH0E+Ufva2Y6GyrCiNTfKXBo3N9Wg7xrTz8Iu/PDG+uerR/2gKLuwcULRUBG4xZQW1JH2y0FQ==
W+FzchEn2ilRuWQzJmJYCZNAnXxLki9V8K8pFSDG857XVQUGHIm8hcth1O/u+0U0O4HjCyhCQOXMUZx6LReAUNvY1rcngbtuq23LEniNeijaHwgTl0dEaUYdbbQW
J0Lj/+IanMlUhbD/ZLXx6zZpy80yjU5qET9taFXjgL5SEA9c3tfHiXH0E+Ufva2Y6GyrCiNTfKXBo3N9Wg7xrTz8Iu/PDG+uerR/2gKLuwcULRUBG4xZQW1JH2y0FQ==
FmI7CCm1JvWpHl8iukXe9V6OVRxtueI8I4z17pGtTtOXlZ66TWZpKbv2ovWCffUd6g/Qh3vMBf3d+xY+fh3yLaK6k2s+qGWkaEeZ/QWWFRF18sbxxNBkYzbjqTt6kXhhU7Qo
4PulN14sRk5RY1jVKGcc2GIS269XTglmgY7+XLMB3m+xMBCayMtZGR+rmlwUkzQWHqkfrvsgwu6z7GJ5vxn8Z0nnqw6t7zWzM3q0Bw==
JchWy6dYQyXIIG7owC3xYEu062ufJd1QyGS7MmOr7C0h60NlWhbB5dx0shePNH+mWnwPQoITS080JQU52/TJyQ2BL3S0DQ==
z1KcPLgeVfzDBBREmPdG5WIS269XTglmgY7+XLMB3m+xMBCayMtZGR+rmlwVkzQWHqkfrvsgwu6z7GJ5vxn8Z0nnqw6t7zWzM3q0Bw==
4PulN14sRk5RY1jVKGcc2GIS269XTglmgY7+XLMB3m+xMBCayMtZGR+rmlwUkzQWHqkfrvsgwu6z7GJ5vxn8Z0nnqw6t7zWzM3q0Bw==
z1KcPLgeVfzDBBREmPdG5WIS269XTglmgY7+XLMB3m+xMBCayMtZGR+rmlwVkzQWHqkfrvsgwu6z7GJ5vxn8Z0nnqw6t7zWzM3q0Bw==
FEM+Lpe86v2C56F+928Mi2xlPxK+NDC28A8JxXdfGtCNN4Sq1v3/wgMk0vKb2CK15/2Mm8FzC6IVq+Xv2w60Cw==
SwCGPe8zf55eGj+QJfR7k/riy2sZ2vH5WUEI87nRcPg3Cz+XWd6gvgd0k8n4EzkBL7OaRCWLVM4u8d/2S/iidgN04uEPgZy/+b9rVp03VasDYrQf
4yLrRkPWx18wpWs3lcqyfXH4jRWgv2wcN5z+xi53JS/42Y5otjYNL6qzuYRXWUdrjLrsdVDZGPqpnxzAd6ByV4PZV97XpQ9SPEVGWPbHbDNzfyh5WhVptBI=
4+4C9Q4E8Gcl8ZalTYuZPjzC4Pj88sE2d5DVPINiBzXIXxEVGDbL/v+lzUZUWRTlU/FMb3Zr3ZRTUStLYHKoxbRhZHpVJ3hws+ged2/RU84z/VOS4B3iyHJPwNPfN2yJfm1VtC4=
i6yCL9HXuQTZnQ57nXSIgwcNP4d57mDO5+QTWZjjeTEPo5pUBbsUPk5hX2ariGJGI2Ti8S+xXM8ZL+vG/ccVmyNytA8=
z1KcPLgeVfzDBBREmPdG5WIS269XTglmgY7+XLMB3m+xMBCayMtZGR+rmlwVkzQWHqkfrvsgwu6z7GJ5vxn8Z0nnqw6t7zWzM3q0Bw==
XrvWsOjs7JinNuUlgfy4A/riy2sZ2vH5WUEI87nRcPg3Cz+XWd6gvgd0k8n4EzkBL7OaRCaLVM4u8d/2S/iidgN04uEPgZy/+b9rVp03VasDYrQf
ITPuiLleDIQgz/ZJmOOOewcNP4d57mDO5+QTWZjjeTEPo5pUBrsUPk5hX2ariGJGI2Ti8S+xXM8ZL+vG/ccVmyNytA8=
JtdCPyXRVrR5USVeVvg3fmIS269XTglmgY7+XLMB3m+xMBCayMtZGR+rmlwWkzQWHqkfrvsgwu6z7GJ5vxn8Z0nnqw6t7zWzM3q0Bw==
z1KcPLgeVfzDBBREmPdG5WIS269XTglmgY7+XLMB3m+xMBCayMtZGR+rmlwVkzQWHqkfrvsgwu6z7GJ5vxn8Z0nnqw6t7zWzM3q0Bw==
z1KcPLgeVfzDBBREmPdG5WIS269XTglmgY7+XLMB3m+xMBCayMtZGR+rmlwVkzQWHqkfrvsgwu6z7GJ5vxn8Z0nnqw6t7zWzM3q0Bw==
MCaeUzClopd3DdXu3bdCBPctNglVOD0TPI8UR9ypi1QRI7M1QvbE406zandPkbNOUz1zkgBdQkjSDyDT//fMCZ4tdbQO
z61kSvc332vuz6+k5/56w/ctNglVOD0TPIsWSdypi1QRI7M1QvbE406zandPkbNOUz1zkgBdQkjSDyDT//fMCZ4tdbQO
KpNgO8CHCLBri6HpvcqXV+X9Hq/Nsaz9g3TBlanJ5g9A5+6b7fwtbj6ojQ1xNQWrCeFqGLfq5g4veCQvZfjcg8IoQ84lEUM6eRzQewsV2IZhieUeJXGBh/zW6oAdCl18XYC0CucPtEpHupY3L1Y7Yw3O8rsz11NRIyT1A9w3Q9pzbPIKS/Ci7dd1bKNRG0s65WNFl4umtNM=
nq7Q1QvXbd3r8fIqe8i349G70I+EsA6KxURPr7Y22NeUzQh2D/EfrTqQ13IKqEeGwtcDm2TxLR370OHdHZUncLQJ
MFZuYJ9ECph4YnBHVwItZ5tYPfnBkJTgpMbEyIDU3lWlrx72h6NMM0bMsiEd3ycl6LiXEI7J+8c6eslNHMzoiO+yA7OEUAn39EG116jB0JLz9nMXCyVje21gMaVGBO25Lxq0tefTjLuTtvDhLnNmLSHJEDYWG6U1oQbR6ZkyakmAwAArSoP1M14h/Lm/tMQ=
p7sRyzmHexXwivuukuR+Uyld1vo8sT8wEDoMD3CO6dQUHX2Wli7e34zSDVJ/wTfc/9gnCuow1w5CX5MDBAld1bsY0eU9jTd4tAE=
J2fpG2moluayRGkkbFyD0pyzTw1KpHa8NZdfPKyFLM6+mdZMJwQ87vO+ipIeRCnpyy1xpKqO52G9GRFlQwDo1E201QNUR4eDlRVfhuso4ibjROLR79Hcb1nP66Y9Z5V7Y1K0Lw==
cWn37A+vCmey4gX7lZqs2THe5PvT8cM9bd3TNrhiRmGEUl4WDWXH+KO1gUJbRB/lHPVaIXV43ZNcSzZJPGnr1LFjUzUiNmRjrvMKd2/RU84z/VOS4B3iyHJPwNPfN2yJfm1VtC4=
S6TS+4sb7Eh6r5NT4buwYSy9lQathGIWMZ3jiGd9LSL3zJt1uC0GYamguYNYQ1pp0KGvZFXbL7XejgDTartmV4PZV97XpQ9SPEVGWPbHbDNzfyh5WhVptBI=
e1a2ZdrqxLJ+yscQ+qog4ckSiGRQhmA3s5FmFjWV/5iLRUkCE5S3hYRlwqHt6EUzNJv+CXRZA/TJU6s1WgacQ8bDwrcngbtuq23LEniNeijaHwgTl0dEaUYdbbQW
fUUMk/TOD6NaTNLFfyoWreAhp0FhtEEthJFmFjWV/5iLRUkCE5S3hYRlwqHt6EUzNJv+CXRZA/TJU6s1WgacQ8bDwrcngbtuq23LEniNeijaHwgTl0dEaUYdbbQW
X6sUHm+H8FGJOpwlWcv+gfrAoBn2jzM/4JazGXkAHcm/smU4IR0iiWTBSwTja+I3iLmCFVUsDx/t9RxKWpuQjzSHUa1tNo2B7XJeYVwwzDN+I2FLUnFAEWu0EA==
Eyn6a0YiF3TGXB0daS+03FA/hsxtcXzVZ+wELq8m/ij5dT8IMkEWd8W9sk7wzlX39K25JgZUt+xXu1mNX275LdMrcwJmz8zwrptH82ia6OMeEZzE6hNV15FcEKHckPFHfOFtB4DB+EIrVvun8+U7a2WACdXuhAUJVzq8pb+TNEsb1qgxxnMOffkpmEau230lqSYpWfGywrm4oAg7ksONg9aBpOmXtOw=
Onq/xLwL8x/y/dveF7MoSyld1vs8sT8wEDoMD3CO6dQUHX2Wli7e34zSDVJ/wTfc/9gnCuow1w5CX5MDBAld1bsY0eU9jTd4tAE=
LT1rikpqo0bJ/NSBBwx/wMh6o6hnuKqpwATC5ywZJS9gcwSNZIgMaF03Of9P9SuViWPmKCPBMtGUWlqWFdk2+l5cY+3hPJuizhvRsF6631mTrXO0wmL+byCu7E1euVBBUPuW5KuiB8lQ+iewwGLPXQ/M22PD7zmDDGHV19mXKEQqfPNa5UUcu1VttEpgjDBzs7sHBBbtaiDHa9p5OwvGQb5Ofc5di8VVjSdj2J+5COTjZYEieikJowLnvQ6+/UCzCLFv8b5qGGtLKW++/zUX0iTVrviOd6TzOy/wmfJl0bSq
mshDVxoEL0f7DhrImKpF6U6Snp7Dn5E0LaTSxDhaaqOpGpChThMggbRxt4InLN8Ht6R77As2hVCJEcGNU2WYvvKGwEfRO8pn8Xrc81RwKSJfwMB3lEkXmVRXMeNH78HReRVgLiSAQdlwrDxN7EDNnl5I91Z5rhuV+05LRAm35EveEP6A4/sTPMdf5g0i38PCCfSwY1udmL7RIcVGtTmB/wy+ChjNAp3EbagU0vfHNLI3UvYvf957W71m0uOjn1Mp00wVmww/g2JDRFLSWzgiFaedDLsBkwsCVctlzxvutKs=
e5iERaYFezForfMrbE0rjP3gzraD0paY4cp1QPCS2PdmnJlFITn0ovODfCe1+rZS/UrHdXkvo3UIbkDPrPhBfzO3ZXw3N2jPcLrHMGCir10vjDDmZC9ZgywhNVd5V0hEyjxT2oWFPLu1LRTKAEwQc1P7p4R2LUogJyt6+VvL5kGejh1O/cslVa3nA1g/+ejkw6Xhotpp6aMiJ92OHr2gs2hxz3FeKjhrK+nPPh91N9JEFQ54bjeE81vvUBkSJfG0ig==
3/CMvDbb3517bN4pBFnlicXSv8VuqDuJe64HyrCl1qvIBgA9U3j/N341kUrzk7UpRQXYMRdEVtwdkNhFYkNk8pJrCbKoWt/OJLZmp0x9BYSIPi/JJ1ezhhXPBbbKVhbkNZA7qbqO7Jrnv60NEpmMeeSFHqQh5vXM7s27IDJIfqMfrP0pNsOQQSgTx7fRqlwa09iklezOaLPOD6ca7A546t1YFCotnnK98T2K9bSKwWc7Db/SIGJhOx+ES6IMv5V0XpbQY/UV1zGUODOuLGbQJdVRCsnAtge+e8W3KiQS4dxMFBB15v5QCNWnPFYSeJ3ko/ww5F8RXXHvPllnP3bLWcwfWroPBXP1uI5Qj1xYEX9jF5U8J9fYT6Cat/Dx1pBDXyyiqVfPCQPcASWXyTeYRJrc45qVpUw7ZU0kCpDs4HNjGzfEhg0aoJdLajkrazZBTi5tju2rldX9x/MYrxnY5DMFcWLqCTkjUgfNzq5d8LO4EX+xTgrI63sJ/36P1UfSdHWeuB4XVHPrD0BZ4oWhtNo=
VJu5y5K1PL98Lih4NP1y96o9pxtdZByKd1Un1BDgcbTR2HUl0bpsHig+kegBjXiN/gxHNmuiUFSyGYV/h54pjjRNl6wLWlGTf66WGWSRawU7RkRN9OCdVgkIbvhtospT4IV0gApELTsAZyJ6zTqh+38vGYEvsVDwWK6Eow98/AseDZPKViINV627WdUB8LvYrF8a1tKrgd3Qk5vjbcAmNfiruqgCK+7sUDnFrI9dGR0sosee51BmsRz6s5IGzD51KSaEyyxPB1S7POkpakTi5aATZZAbRR0xaDzWFueQ1j0k8sx5Du9x5/BbMMhVK3p7Hr4ERtYfkA4vhrkifB47hqA46ZllBR7u69htxRznA9Xekv/mnRqolkmj5w14UEyooMOTqvYd7RaBwvsBM3L74BF7ZL+2jK6EW1czaE8jFmn60wN2ISggpyNx+KqZnfViLXWBi+Si2pz1Lj0QZVRkNq9LdIafDuZrh7Kbz3VaYke7U9Pdu9BFn7STozbLOKK2gzTioY9BnH95f2sWHXdV64OitN8=
5qS070tI3GqxhEVL19xXlmZpaBfsBcG4zYVQDfrp72tqhC5X3WDx56BO+mJFJeTYQNPebmLLLoegeVQ45Rsae2SBZLdf5Xgmn3jEWTI353mHNwENGOakp68wMv0C2ASycH8KEbMEPlJpETFb1bbTY5MubJoghAOcHfHsImoqgfN7FRT1urlS6Zg896qT/Ojh7XiUxMjDqWDbMSDvVvFOn1Fvl8ZqGuW04k16Qg4DCCOxAsrCzopr1LJye7J0jZdxXG0y5nenDWG5yvYuB4uZKB36KrOjFGhadvtjuREB8jQldmoKZqVjPUwR1rphjr1pIbKC3te8ehg2LbBS1riz6+pOFBSrJBWQtnyJXTtB6RIPP5n6fTl603yiGSm1Rd4CxlcaNCd/VXvT5LFbvv9mtqHo1xomI+mgBPEB4w8zuk3zD09bLoSssOWCQ+kqi+PhclK24NYTVdeRXBCh3JDxR3zhbQeAwfhCK1b7p/PlO2tlgAnV7oQFCVc6vKW/kzRLG9aoMcZzDn35KZhGrtt9JakmKVnxssK5uKAIO5LDjYPWgaTpl7Ts
8hMiTWBWOWyUDJFPjoOXV43I6O7gGZlDZugHn4ERMjTg4w+2zFvrfmwypnGq1cgIS9EosKqt5sBtPIGV6Xz4omixNUcUtYeXkDMsOOZd5S4PMuNSv+m2+2kSfOk3exDD9DW7SVNyRHGMpG36gZyOJDXG2l/I8bR8ssCd18gzAmbVHvE3l5uZPdd1INxQuuT/15hsh7b507ZuJj075W/5SZlUa5TEaxrqqu9xcVgHez81pDY50N96VLqvXgCYbeWwl3lJ0cQWRyIflBadFO7Tzt4orvmB0sS3FEs3OPPoSbXy4DKpyCdlrGMB7Z3gqDbKv/TGMQyGDIW2a8ELOA8Q1E0PKrf2CoT6LtvgIieS2X6k+qsKCMyp5V0BLoKjDM1ZhEPTmbam/9rlXlg6wTcH0SA0XKSIt1NWTpld+kmW2x0rVqss+c/kA05I3qhTQ1M0l8eG5VInQwoZLBDLa6VYNgE5JS5FQYG3nOYqMH263cw9MHQ6hz+0eieKVodP5rvTbX4yi1PnU2FDFDWzvIfDahPcMjorwKLdt0WsEzGry4qF04Wn65a04w==
8hMiTWBWOWyUDJFPjoOXV43I6O7gGZlDZugHn4ERMjTg4w+2zFvrfmwypnGq1cgIS9EosKqt5sBtPIGV6Xz4omixNUcUtYeXkDMsOOZd5S4PMuNSv+m2+2kSfOk3exDD9DW7SVNyRHGMpG36gZyOJDXG2l/I8bR8ssCd18gzAmbVHvE3l5uZPdd1INxQuuT/15hsh7b507ZuJj075W/5SZlUa5TEaxrqqu9xcVgHez81pDY50N96VLqvXgCYbeWwl3lJ0cQWRyIflBadFO7Tzt4orvmB0sS3FEs3OPPoSbXy4DKpyCdlrGMB7Z3gqDbKv/TGMQyGDIW2a8ELOA8Q1E0PKrf2CoT6LtvgIieS2X6k+qsKCMyp5V0BLoKjDM1ZhEPTmbam/9rlXlg6wTcH0SA0XKSIt1NWTpld+kmW2x0rVqss+c/kA05I3qhTQ1M0l8eG5VInQwoZLBDLa6VYNgE5JS5FQYG3nOYqMH263cw9MHQ6hz+0eieKVodP5rvTbX4yi1PnU2FDFDWzvIfDahPcMjorwKLdt0WsEzGry4qF04Wn65a04w==
geCY8alHVItBfNLFPa8NMLJjNC3i6qW5sIy7MbZHSRotcOwfdD6peaA8PmnXj6ms+pYEQqGsVKII/SH/Dmh2DJjnK8IbqieLMBTjM6LnFQAPhh2TA5Fr5d7jpfPEx2AGNSRF1r7CCbTSUdzrVKr+gmVprJmS4EmMWVkjYdlL+5c4wlSwlNkrqiRJYqNzIOKkhcVBBSmPxQaDurBRGtzGzakvHM3LWYlWvrdERRoCdm0mPnxH9baLa2E/8GyH1LP2jgOQZCNooppmt9UI5KEYSQ9G1wIZ8y4yWgc8neUaj6O1QyTiBiyDhs4/GJzsU/opObVcpYBS0Z2C2ULwxIwCOfg8I5ipWFjI48Tclglz0YOWfAdmHZ/YETu3wpz/7Il8gGSF/be3nMbUKhwtMwCCWyXErbzLGzdEg8LNtST14ipGNtfJo5LrdU6rBv1jHBUuKLVPTwhw3etNgLH7AQFwRHLuufDtKgFCfDSTJVSsa8iuOStMK1Xx7Jrl5x0TF2/2La24jbNM7+569P+aAks7xxTtlcEbTNmBbYmfrLTV
jNbsRcpyfHx6kws7JSF2Sp1V23Bq2Cejqn0Lnd7i/B2+f5H78Tth1Bw77frLsBL6att163BontnCk0B10ATEL/BjZEOWZTuR0ZF7l//XXbwGN5ukg1D4HT9cxaPHzwh12c0z1cHXdQd4MADqcS9M7nSCLBWzOLLzjuj9JIsDZ6zjKr1NJA2Swibeh9HjCrtd7gM2xeMkJYaInZ/XyGgNg63oQYMBeYAskoZp6C2y0WrcnKMd1JRbYA4Re9RrTaEE+g2X5RPvHx5NReiV89S/xtpcz6KCcwtvtMVFWdtUCemN4W/UtK0=
GpTGCQG/fKKGvxEIvE+BYp1V23Bq2Cejqn0Lnd7i/B2+f5H78Tth1Bw77frLsBL6att163BontnFkUB10ATEL/BjZUOWZTuR0ZF7l//XXbwGN5ukg1D4HT9cxaPHzwh12c0z1cHXdQd4MADqcS9M7nSCLBWzOLLzjuj9JIsDZ6zjKr1NJA2Swibeh9HjCrtd7gM2xeMkJYaInZ/XyGgNg63oQYMBeYAskoZp6C2y0WrcnKMd1JRbYA4Re9RrTaEE+g2X5RPvHx5NReiV89S/xtpcz6KCcwtvtMVFWdtUCemN4W/UtK0=
aLCEwmiK8lYqtRbbwYSdoJ1V23Bq2Cejqn0Lnd7i/B2+f5H78Tth1Bw77frLsBL6att163BontnCk0B10ATEL/BjakOWZTuR0ZF7l//XXbwGN5ukg1D4HT9cxaPHzwh12c0z1cHXdQd4MADqcS9M7nSCLBWzOLLzjuj9JIsDZ6zjKr1NJA2Swibeh9HjCrtd7gM2xeMkJYaInZ/XyGgNg63oQYMBeYAskoZp6C2y0WrcnKMd1JRbYA4Re9RrTaEE+g2X5RPvHx5NReiV89S/xtpcz6KCcwtvtMVFWdtUCemN4W/UtK0=
EVjQCzQhms5r6pkJTk3VCZ1V23Bq2Cejqn0Lnd7i/B2+f5H78Tth1Bw77frLsBL6att163BontnFkUB10ATEL/Bja0OWZTuR0ZF7l//XXbwGN5ukg1D4HT9cxaPHzwh12c0z1cHXdQd4MADqcS9M7nSCLBWzOLLzjuj9JIsDZ6zjKr1NJA2Swibeh9HjCrtd7gM2xeMkJYaInZ/XyGgNg63oQYMBeYAskoZp6C2y0WrcnKMd1JRbYA4Re9RrTaEE+g2X5RPvHx5NReiV89S/xtpcz6KCcwtvtMVFWdtUCemN4W/UtK0=
YgiZKoE7GyK4moLL+ltRAJ1V23Bq2Cejqn0Lnd7i/B2+f5H78Tth1Bw77frLsBL6att163BontnCk0B10ATEL/BjaEOWZTuR0ZF7l//XXbwGN5ukg1D4HT9cxaPHzwh12c0z1cHXdQd4MADqcS9M7nSCLBWzOLLzjuj9JIsDZ6zjKr1NJA2Swibeh9HjCrtd7gM2xeMkJYaInZ/XyGgNg63oQYMBeYAskoZp6C2y0WrcnKMd1JRbYA4Re9RrTaEE+g2X5RPvHx5NReiV89S/xtpcz6KCcwtvtMVFWdtUCemN4W/UtK0=
B8thW0qsZL8C3hdwFV8PiJ1V23Bq2Cejqn0Lnd7i/B2+f5H78Tth1Bw77frLsBL6att163BontnFkUB10ATEL/BjaUOWZTuR0ZF7l//XXbwGN5ukg1D4HT9cxaPHzwh12c0z1cHXdQd4MADqcS9M7nSCLBWzOLLzjuj9JIsDZ6zjKr1NJA2Swibeh9HjCrtd7gM2xeMkJYaInZ/XyGgNg63oQYMBeYAskoZp6C2y0WrcnKMd1JRbYA4Re9RrTaEE+g2X5RPvHx5NReiV89S/xtpcz6KCcwtvtMVFWdtUCemN4W/UtK0=
KdIT5MzqtozyMBNMPvlwQ51V23Bq2Cejqn0Lnd7i/B2+f5H78Tth1Bw77frLsBL6att163BontnCk0B10ATEL/BjbkOWZTuR0ZF7l//XXbwGN5ukg1D4HT9cxaPHzwh12c0z1cHXdQd4MADqcS9M7nSCLBWzOLLzjuj9JIsDZ6zjKr1NJA2Swibeh9HjCrtd7gM2xeMkJYaInZ/XyGgNg63oQYMBeYAskoZp6C2y0WrcnKMd1JRbYA4Re9RrTaEE+g2X5RPvHx5NReiV89S/xtpcz6KCcwtvtMVFWdtUCemN4W/UtK0=
gO/iFr6K/oDvIjst5SeagJ1V23Bq2Cejqn0Lnd7i/B2+f5H78Tth1Bw77frLsBL6att163BontnFkUB10ATEL/Bjb0OWZTuR0ZF7l//XXbwGN5ukg1D4HT9cxaPHzwh12c0z1cHXdQd4MADqcS9M7nSCLBWzOLLzjuj9JIsDZ6zjKr1NJA2Swibeh9HjCrtd7gM2xeMkJYaInZ/XyGgNg63oQYMBeYAskoZp6C2y0WrcnKMd1JRbYA4Re9RrTaEE+g2X5RPvHx5NReiV89S/xtpcz6KCcwtvtMVFWdtUCemN4W/UtK0=
iEYJixwTMSxz0l+K99E2Yp1V23Bq2Cejqn0Lnd7i/B2+f5H78Tth1Bw77frLsBL6att163BontnCk0B10ATEL/BjbEOWZTuR0ZF7l//XXbwGN5ukg1D4HT9cxaPHzwh12c0z1cHXdQd4MADqcS9M7nSCLBWzOLLzjuj9JIsDZ6zjKr1NJA2Swibeh9HjCrtd7gM2xeMkJYaInZ/XyGgNg63oQYMBeYAskoZp6C2y0WrcnKMd1JRbYA4Re9RrTaEE+g2X5RPvHx5NReiV89S/xtpcz6KCcwtvtMVFWdtUCemN4W/UtK0=
W34H9fvMcIulrcke2JoCe51V23Bq2Cejqn0Lnd7i/B2+f5H78Tth1Bw77frLsBL6att163BontnFkUB10ATEL/BjbUOWZTuR0ZF7l//XXbwGN5ukg1D4HT9cxaPHzwh12c0z1cHXdQd4MADqcS9M7nSCLBWzOLLzjuj9JIsDZ6zjKr1NJA2Swibeh9HjCrtd7gM2xeMkJYaInZ/XyGgNg63oQYMBeYAskoZp6C2y0WrcnKMd1JRbYA4Re9RrTaEE+g2X5RPvHx5NReiV89S/xtpcz6KCcwtvtMVFWdtUCemN4W/UtK0=
jQTH0W0qaIa4BGi0n4Qnn51V23Bq2Cejqn0Lnd7i/B2+f5H78Tth1Bw77frLsBL6att163BontnCk0B10ATEL/BjZEKWZTuR0ZF7l//XXbwGN5ukg1D4HT9cxaPHzwh12c0z1cHXdQd4MADqcS9M7nSCLBWzOLLzjuj9JIsDZ6zjKr1NJA2Swibeh9HjCrtd7gM2xeMkJYaInZ/XyGgNg63oQYMBeYAskoZp6C2y0WrcnKMd1JRbYA4Re9RrTaEE+g2X5RPvHx5NReiV89S/xtpcz6KCcwtvtMVFWdtUCemN4W/UtK0=
S/bnBSfTPewGca060R0HkZ1V23Bq2Cejqn0Lnd7i/B2+f5H78Tth1Bw77frLsBL6att163BontnFkUB10ATEL/BjZUKWZTuR0ZF7l//XXbwGN5ukg1D4HT9cxaPHzwh12c0z1cHXdQd4MADqcS9M7nSCLBWzOLLzjuj9JIsDZ6zjKr1NJA2Swibeh9HjCrtd7gM2xeMkJYaInZ/XyGgNg63oQYMBeYAskoZp6C2y0WrcnKMd1JRbYA4Re9RrTaEE+g2X5RPvHx5NReiV89S/xtpcz6KCcwtvtMVFWdtUCemN4W/UtK0=
xLH3Lcx5Xlkt5p2KeQCIP51V23Bq2Cejqn0Lnd7i/B2+f5H78Tth1Bw77frLsBL6att163BontnCk0B10ATEL/BjakKWZTuR0ZF7l//XXbwGN5ukg1D4HT9cxaPHzwh12c0z1cHXdQd4MADqcS9M7nSCLBWzOLLzjuj9JIsDZ6zjKr1NJA2Swibeh9HjCrtd7gM2xeMkJYaInZ/XyGgNg63oQYMBeYAskoZp6C2y0WrcnKMd1JRbYA4Re9RrTaEE+g2X5RPvHx5NReiV89S/xtpcz6KCcwtvtMVFWdtUCemN4W/UtK0=
RmjS5cWglPSqWhe0WB4HkZ1V23Bq2Cejqn0Lnd7i/B2+f5H78Tth1Bw77frLsBL6att163BontnFkUB10ATEL/Bja0KWZTuR0ZF7l//XXbwGN5ukg1D4HT9cxaPHzwh12c0z1cHXdQd4MADqcS9M7nSCLBWzOLLzjuj9JIsDZ6zjKr1NJA2Swibeh9HjCrtd7gM2xeMkJYaInZ/XyGgNg63oQYMBeYAskoZp6C2y0WrcnKMd1JRbYA4Re9RrTaEE+g2X5RPvHx5NReiV89S/xtpcz6KCcwtvtMVFWdtUCemN4W/UtK0=
D0tum6/CI+aAPQY3L4gKMZ1V23Bq2Cejqn0Lnd7i/B2+f5H78Tth1Bw77frLsBL6att163BontnCk0B10ATEL/BjaEKWZTuR0ZF7l//XXbwGN5ukg1D4HT9cxaPHzwh12c0z1cHXdQd4MADqcS9M7nSCLBWzOLLzjuj9JIsDZ6zjKr1NJA2Swibeh9HjCrtd7gM2xeMkJYaInZ/XyGgNg63oQYMBeYAskoZp6C2y0WrcnKMd1JRbYA4Re9RrTaEE+g2X5RPvHx5NReiV89S/xtpcz6KCcwtvtMVFWdtUCemN4W/UtK0=
fyLwxutNaA/YbmZjdtIEXJ1V23Bq2Cejqn0Lnd7i/B2+f5H78Tth1Bw77frLsBL6att163BontnFkUB10ATEL/BjaUKWZTuR0ZF7l//XXbwGN5ukg1D4HT9cxaPHzwh12c0z1cHXdQd4MADqcS9M7nSCLBWzOLLzjuj9JIsDZ6zjKr1NJA2Swibeh9HjCrtd7gM2xeMkJYaInZ/XyGgNg63oQYMBeYAskoZp6C2y0WrcnKMd1JRbYA4Re9RrTaEE+g2X5RPvHx5NReiV89S/xtpcz6KCcwtvtMVFWdtUCemN4W/UtK0=
X6uLf6yZqzMmw75aptOMRZ1V23Bq2Cejqn0Lnd7i/B2+f5H78Tth1Bw77frLsBL6att163BontnCk0B10ATEL/BjbkKWZTuR0ZF7l//XXbwGN5ukg1D4HT9cxaPHzwh12c0z1cHXdQd4MADqcS9M7nSCLBWzOLLzjuj9JIsDZ6zjKr1NJA2Swibeh9HjCrtd7gM2xeMkJYaInZ/XyGgNg63oQYMBeYAskoZp6C2y0WrcnKMd1JRbYA4Re9RrTaEE+g2X5RPvHx5NReiV89S/xtpcz6KCcwtvtMVFWdtUCemN4W/UtK0=
37tK6HkMCbZBU28bpuycsp1V23Bq2Cejqn0Lnd7i/B2+f5H78Tth1Bw77frLsBL6att163BontnFkUB10ATEL/Bjb0KWZTuR0ZF7l//XXbwGN5ukg1D4HT9cxaPHzwh12c0z1cHXdQd4MADqcS9M7nSCLBWzOLLzjuj9JIsDZ6zjKr1NJA2Swibeh9HjCrtd7gM2xeMkJYaInZ/XyGgNg63oQYMBeYAskoZp6C2y0WrcnKMd1JRbYA4Re9RrTaEE+g2X5RPvHx5NReiV89S/xtpcz6KCcwtvtMVFWdtUCemN4W/UtK0=
S8Gs+Ia132WCZp745Lrjm51V23Bq2Cejqn0Lnd7i/B2+f5H78Tth1Bw77frLsBL6att163BontnCk0B10ATEL/BjbEKWZTuR0ZF7l//XXbwGN5ukg1D4HT9cxaPHzwh12c0z1cHXdQd4MADqcS9M7nSCLBWzOLLzjuj9JIsDZ6zjKr1NJA2Swibeh9HjCrtd7gM2xeMkJYaInZ/XyGgNg63oQYMBeYAskoZp6C2y0WrcnKMd1JRbYA4Re9RrTaEE+g2X5RPvHx5NReiV89S/xtpcz6KCcwtvtMVFWdtUCemN4W/UtK0=
6kNi9smUuFkQMcjirXbdop1V23Bq2Cejqn0Lnd7i/B2+f5H78Tth1Bw77frLsBL6att163BontnFkUB10ATEL/BjbUKWZTuR0ZF7l//XXbwGN5ukg1D4HT9cxaPHzwh12c0z1cHXdQd4MADqcS9M7nSCLBWzOLLzjuj9JIsDZ6zjKr1NJA2Swibeh9HjCrtd7gM2xeMkJYaInZ/XyGgNg63oQYMBeYAskoZp6C2y0WrcnKMd1JRbYA4Re9RrTaEE+g2X5RPvHx5NReiV89S/xtpcz6KCcwtvtMVFWdtUCemN4W/UtK0=
FAdFVacM6tEt8hD2jBCzy1Os+N9hxj0QH651Soy0pjmNPA3vs5Eh7PNZA6fPO3wdKHFancojp7ywZFadM7pMfnckM65NnAh16vUxWK/C6qFmRqNnnyvUxha3rumXtS2tMzWG7SLtbDYB34N2TwD9fydTsOmpkQvJwctNWwisuHaR83SyBJ8Axm3kCmb/tEX4ax9fsJN2BdGkkSqeVsK/zQPWAwGen44ZI/gdmvjBpwso9LUf3bR5nwFluHDiGtF0zW7pNqyAm8EUSOP8fk3DCItRmRiKUS95k3OnQj1Z0IkTCAeaqsB3fkKvM3PEmX2FO8ixdf29V8i0sQ==
AnvVn/YRL2eTrmf1reQK/51V23Bq2Cejqn0Lnd7i/B2+f5H78Tth1Bw77frLsBL6att163BontnFkUB10ATEL/BjZE2WZTuR0ZF7l//XXbwGN5ukg1D4HT9cxaPHzwh12c0z1cHXdQd4MADqcS9M7nSCLBWzOLLzjuj9JIsDZ6zjKr1NJA2Swibeh9HjCrtd7gM2xeMkJYaInZ/XyGgNg63oQYMBeYAskoZp6C2y0WrcnKMd1JRbYA4Re9RrTaEE+g2X5RPvHx5NReiV89S/xtpcz6KCcwtvtMVFWdtUCemN4W/UtK0=
9fbcWXnQ5ikHDGkayS1by6Jhi8Z8dje0YUtkJ7+jWhuH5sXFKF4Szvm18eA8OsEBDHQ/1RTwGaXWuaZuM/uXupBNXIJpdvMTNaJPxoDP1Cmd9+Zqqn6Q+rWxPnGpeyWTdD9qah5lPK1aQVrv9MxZZk2Z+h6VOEL2Jf1lmBmr8YsTkwZlp/87Q2IEYKgR8pfBliv/CQaCothaU1mvBQwkCUBwja8o0VmfTME02h9mr0+PBafDUdCdreLEiTFD6shNozOIY8+mXCkK80JljdnMbhJ7YU1ddj1hfXLOQSxwPJMOo3HrArGQcdu0oA==
FAdFVacM6tEt8hD2jBCzy1Os+N9hxj0QH651Soy0pjmNPA3vs5Eh7PNZA6fPO3wdKHFancojp7ywZFadM7pMfnckM65NnAh16vUxWK/C6qFmRqNnnyvUxha3rumXtS2tMzWG7SLtbDYB34N2TwD9fydTsOmpkQvJwctNWwisuHaR83SyBJ8Axm3kCmb/tEX4ax9fsJN2BdGkkSqeVsK/zQPWAwGen44ZI/gdmvjBpwso9LUf3bR5nwFluHDiGtF0zW7pNqyAm8EUSOP8fk3DCItRmRiKUS95k3OnQj1Z0IkTCAeaqsB3fkKvM3PEmX2FO8ixdf29V8i0sQ==
9fbcWXnQ5ikHDGkayS1by6Jhi8Z8dje0YUtkJ7+jWhuH5sXFKF4Szvm18eA8OsEBDHQ/1RTwGaXWuaZuM/uXupBNXIJpdvMTNaJPxoDP1Cmd9+Zqqn6Q+rWxPnGpeyWTdD9qah5lPK1aQVrv9MxZZk2Z+h6VOEL2Jf1lmBmr8YsTkwZlp/87Q2IEYKgR8pfBliv/CQaCothaU1mvBQwkCUBwja8o0VmfTME02h9mr0+PBafDUdCdreLEiTFD6shNozOIY8+mXCkK80JljdnMbhJ7YU1ddj1hfXLOQSxwPJMOo3HrArGQcdu0oA==
FAdFVacM6tEt8hD2jBCzy1Os+N9hxj0QH651Soy0pjmNPA3vs5Eh7PNZA6fPO3wdKHFancojp7ywZFadM7pMfnckM65NnAh16vUxWK/C6qFmRqNnnyvUxha3rumXtS2tMzWG7SLtbDYB34N2TwD9fydTsOmpkQvJwctNWwisuHaR83SyBJ8Axm3kCmb/tEX4ax9fsJN2BdGkkSqeVsK/zQPWAwGen44ZI/gdmvjBpwso9LUf3bR5nwFluHDiGtF0zW7pNqyAm8EUSOP8fk3DCItRmRiKUS95k3OnQj1Z0IkTCAeaqsB3fkKvM3PEmX2FO8ixdf29V8i0sQ==
9fbcWXnQ5ikHDGkayS1by6Jhi8Z8dje0YUtkJ7+jWhuH5sXFKF4Szvm18eA8OsEBDHQ/1RTwGaXWuaZuM/uXupBNXIJpdvMTNaJPxoDP1Cmd9+Zqqn6Q+rWxPnGpeyWTdD9qah5lPK1aQVrv9MxZZk2Z+h6VOEL2Jf1lmBmr8YsTkwZlp/87Q2IEYKgR8pfBliv/CQaCothaU1mvBQwkCUBwja8o0VmfTME02h9mr0+PBafDUdCdreLEiTFD6shNozOIY8+mXCkK80JljdnMbhJ7YU1ddj1hfXLOQSxwPJMOo3HrArGQcdu0oA==
FAdFVacM6tEt8hD2jBCzy1Os+N9hxj0QH651Soy0pjmNPA3vs5Eh7PNZA6fPO3wdKHFancojp7ywZFadM7pMfnckM65NnAh16vUxWK/C6qFmRqNnnyvUxha3rumXtS2tMzWG7SLtbDYB34N2TwD9fydTsOmpkQvJwctNWwisuHaR83SyBJ8Axm3kCmb/tEX4ax9fsJN2BdGkkSqeVsK/zQPWAwGen44ZI/gdmvjBpwso9LUf3bR5nwFluHDiGtF0zW7pNqyAm8EUSOP8fk3DCItRmRiKUS95k3OnQj1Z0IkTCAeaqsB3fkKvM3PEmX2FO8ixdf29V8i0sQ==
9fbcWXnQ5ikHDGkayS1by6Jhi8Z8dje0YUtkJ7+jWhuH5sXFKF4Szvm18eA8OsEBDHQ/1RTwGaXWuaZuM/uXupBNXIJpdvMTNaJPxoDP1Cmd9+Zqqn6Q+rWxPnGpeyWTdD9qah5lPK1aQVrv9MxZZk2Z+h6VOEL2Jf1lmBmr8YsTkwZlp/87Q2IEYKgR8pfBliv/CQaCothaU1mvBQwkCUBwja8o0VmfTME02h9mr0+PBafDUdCdreLEiTFD6shNozOIY8+mXCkK80JljdnMbhJ7YU1ddj1hfXLOQSxwPJMOo3HrArGQcdu0oA==
FAdFVacM6tEt8hD2jBCzy1Os+N9hxj0QH651Soy0pjmNPA3vs5Eh7PNZA6fPO3wdKHFancojp7ywZFadM7pMfnckM65NnAh16vUxWK/C6qFmRqNnnyvUxha3rumXtS2tMzWG7SLtbDYB34N2TwD9fydTsOmpkQvJwctNWwisuHaR83SyBJ8Axm3kCmb/tEX4ax9fsJN2BdGkkSqeVsK/zQPWAwGen44ZI/gdmvjBpwso9LUf3bR5nwFluHDiGtF0zW7pNqyAm8EUSOP8fk3DCItRmRiKUS95k3OnQj1Z0IkTCAeaqsB3fkKvM3PEmX2FO8ixdf29V8i0sQ==
9fbcWXnQ5ikHDGkayS1by6Jhi8Z8dje0YUtkJ7+jWhuH5sXFKF4Szvm18eA8OsEBDHQ/1RTwGaXWuaZuM/uXupBNXIJpdvMTNaJPxoDP1Cmd9+Zqqn6Q+rWxPnGpeyWTdD9qah5lPK1aQVrv9MxZZk2Z+h6VOEL2Jf1lmBmr8YsTkwZlp/87Q2IEYKgR8pfBliv/CQaCothaU1mvBQwkCUBwja8o0VmfTME02h9mr0+PBafDUdCdreLEiTFD6shNozOIY8+mXCkK80JljdnMbhJ7YU1ddj1hfXLOQSxwPJMOo3HrArGQcdu0oA==
FAdFVacM6tEt8hD2jBCzy1Os+N9hxj0QH651Soy0pjmNPA3vs5Eh7PNZA6fPO3wdKHFancojp7ywZFadM7pMfnckM65NnAh16vUxWK/C6qFmRqNnnyvUxha3rumXtS2tMzWG7SLtbDYB34N2TwD9fydTsOmpkQvJwctNWwisuHaR83SyBJ8Axm3kCmb/tEX4ax9fsJN2BdGkkSqeVsK/zQPWAwGen44ZI/gdmvjBpwso9LUf3bR5nwFluHDiGtF0zW7pNqyAm8EUSOP8fk3DCItRmRiKUS95k3OnQj1Z0IkTCAeaqsB3fkKvM3PEmX2FO8ixdf29V8i0sQ==
9fbcWXnQ5ikHDGkayS1by6Jhi8Z8dje0YUtkJ7+jWhuH5sXFKF4Szvm18eA8OsEBDHQ/1RTwGaXWuaZuM/uXupBNXIJpdvMTNaJPxoDP1Cmd9+Zqqn6Q+rWxPnGpeyWTdD9qah5lPK1aQVrv9MxZZk2Z+h6VOEL2Jf1lmBmr8YsTkwZlp/87Q2IEYKgR8pfBliv/CQaCothaU1mvBQwkCUBwja8o0VmfTME02h9mr0+PBafDUdCdreLEiTFD6shNozOIY8+mXCkK80JljdnMbhJ7YU1ddj1hfXLOQSxwPJMOo3HrArGQcdu0oA==
FAdFVacM6tEt8hD2jBCzy1Os+N9hxj0QH651Soy0pjmNPA3vs5Eh7PNZA6fPO3wdKHFancojp7ywZFadM7pMfnckM65NnAh16vUxWK/C6qFmRqNnnyvUxha3rumXtS2tMzWG7SLtbDYB34N2TwD9fydTsOmpkQvJwctNWwisuHaR83SyBJ8Axm3kCmb/tEX4ax9fsJN2BdGkkSqeVsK/zQPWAwGen44ZI/gdmvjBpwso9LUf3bR5nwFluHDiGtF0zW7pNqyAm8EUSOP8fk3DCItRmRiKUS95k3OnQj1Z0IkTCAeaqsB3fkKvM3PEmX2FO8ixdf29V8i0sQ==
9fbcWXnQ5ikHDGkayS1by6Jhi8Z8dje0YUtkJ7+jWhuH5sXFKF4Szvm18eA8OsEBDHQ/1RTwGaXWuaZuM/uXupBNXIJpdvMTNaJPxoDP1Cmd9+Zqqn6Q+rWxPnGpeyWTdD9qah5lPK1aQVrv9MxZZk2Z+h6VOEL2Jf1lmBmr8YsTkwZlp/87Q2IEYKgR8pfBliv/CQaCothaU1mvBQwkCUBwja8o0VmfTME02h9mr0+PBafDUdCdreLEiTFD6shNozOIY8+mXCkK80JljdnMbhJ7YU1ddj1hfXLOQSxwPJMOo3HrArGQcdu0oA==
FAdFVacM6tEt8hD2jBCzy1Os+N9hxj0QH651Soy0pjmNPA3vs5Eh7PNZA6fPO3wdKHFancojp7ywZFadM7pMfnckM65NnAh16vUxWK/C6qFmRqNnnyvUxha3rumXtS2tMzWG7SLtbDYB34N2TwD9fydTsOmpkQvJwctNWwisuHaR83SyBJ8Axm3kCmb/tEX4ax9fsJN2BdGkkSqeVsK/zQPWAwGen44ZI/gdmvjBpwso9LUf3bR5nwFluHDiGtF0zW7pNqyAm8EUSOP8fk3DCItRmRiKUS95k3OnQj1Z0IkTCAeaqsB3fkKvM3PEmX2FO8ixdf29V8i0sQ==
9fbcWXnQ5ikHDGkayS1by6Jhi8Z8dje0YUtkJ7+jWhuH5sXFKF4Szvm18eA8OsEBDHQ/1RTwGaXWuaZuM/uXupBNXIJpdvMTNaJPxoDP1Cmd9+Zqqn6Q+rWxPnGpeyWTdD9qah5lPK1aQVrv9MxZZk2Z+h6VOEL2Jf1lmBmr8YsTkwZlp/87Q2IEYKgR8pfBliv/CQaCothaU1mvBQwkCUBwja8o0VmfTME02h9mr0+PBafDUdCdreLEiTFD6shNozOIY8+mXCkK80JljdnMbhJ7YU1ddj1hfXLOQSxwPJMOo3HrArGQcdu0oA==
FAdFVacM6tEt8hD2jBCzy1Os+N9hxj0QH651Soy0pjmNPA3vs5Eh7PNZA6fPO3wdKHFancojp7ywZFadM7pMfnckM65NnAh16vUxWK/C6qFmRqNnnyvUxha3rumXtS2tMzWG7SLtbDYB34N2TwD9fydTsOmpkQvJwctNWwisuHaR83SyBJ8Axm3kCmb/tEX4ax9fsJN2BdGkkSqeVsK/zQPWAwGen44ZI/gdmvjBpwso9LUf3bR5nwFluHDiGtF0zW7pNqyAm8EUSOP8fk3DCItRmRiKUS95k3OnQj1Z0IkTCAeaqsB3fkKvM3PEmX2FO8ixdf29V8i0sQ==
9fbcWXnQ5ikHDGkayS1by6Jhi8Z8dje0YUtkJ7+jWhuH5sXFKF4Szvm18eA8OsEBDHQ/1RTwGaXWuaZuM/uXupBNXIJpdvMTNaJPxoDP1Cmd9+Zqqn6Q+rWxPnGpeyWTdD9qah5lPK1aQVrv9MxZZk2Z+h6VOEL2Jf1lmBmr8YsTkwZlp/87Q2IEYKgR8pfBliv/CQaCothaU1mvBQwkCUBwja8o0VmfTME02h9mr0+PBafDUdCdreLEiTFD6shNozOIY8+mXCkK80JljdnMbhJ7YU1ddj1hfXLOQSxwPJMOo3HrArGQcdu0oA==
0GNeHz0/69oC5dQGoCi6Lu30EN7vEL8e7QSGYeHZy+Pvww8mu48p5hbFKiCoy/ddiU+DkjbezIhcoW7AiTnHrfd21rF7IHfv/q4Lo92ejWh4TlS1lk+VilFtowKt2AuW0pa44IOF9vC129IjHuRUHpGaF32d6DXxYYKQLDbKhduopNUPHQQZrwFV2MAiCrEkTb7JJmxwO7EUuEOMPl3jWAuBeQjK4c9Jk0NH8n1JMFmTWCeK6rDXjkLak4AEiV1Vu5jRZT0NN/i0gQ==
QEi/S/qjqCiB6rjesnI9EYPwVTDmIvfmCaMfKWpxSmWWVP8ZmiUM4eHsVktm0KRaxAxsEBnbWUK/KmjHR/x0es6V+2yqu3Mec+3+qAeZxZD5ekh4SN9+UbGoMYvP2JX23+QCwIQqy3uyMnWdHlnGquDM4WxL1zW20ZPBJDy2TiQRaTgyKYWVup0tgdNUerqERbb9CFXMBO6fE/Ter9aG87eqW1fFQgKfCwvThQsIJYcEC2Mu+6DCbrNsYvy/mvznSWerjq1vNTMz+rSH
NbNqCUeSTZDMhiLqVmAMyC10e7mzaUMDdkNsBWSQGZ1Hvoglm8eboz7UldEu09Un8R3WrUUVMMpvUi8Xm30vYAFYLP+n9W5+LY0mUQEHEeDF6jgCuOcb4d41l1G3kT96DdYd5yJUUVW4NEayW/7H6XFJ0Cm/54Cx0SaZagX/EuAfG1LZQ9vuQZaeBW7V+x2V9TdruEcJYGRLFVkCcjkx49pXNe4GraizYGHXkTbaQKtzOWeep8W/Usll9RiGZ1yzY994OQo1+bSC
ewJhM1voDc21t+okKTKNBC10e7mzaUMDdkNsBWSQGZ1Hvoglm8ebrj7Uldwu09Un8R3WrUUVMMpvUgMAm3QzbhZYLP+n9W5+LY0mUQEHEeDF6jgCuOcb4d41l1G3kT96DdYd5yJUUVW4NEayW/7H6XFJ0Cm/54Cx0SaZagX/EuAfG1LZQ9vuQZaeBW7V+x2V9TdruEcJYGRLFVkCcjkx49pXNe4GraizYGHXkTbaQKtzOWeep8W/Usll9RiGZ1yzY994OQo1+bSC
vZxqipN1BzL+7lBXkxgucjs3l7KLR7nl87zGbJYnrTaiCHVG+6Rem1Wu/NCvFiB4oPTWAEqm+CsGslv7SOqBYxd78Sw2953xbH4viRxZG3Pj8PfeIurCAznB/FFtOW2lDap/IkcvGBCTFXpw/HoBCrU5w/0KQUWDIhFzwuOCn0ugcO1vyFH5X2zBFBq/5k+P7wVHg/FQPe3CxOlxo2qojYMzqKNvJrzpavOiJe1ZbC4ye0ENvfZdoZ1y64GP8JxTbqORq2IxMDH7tIA=
kstR/G+rF13NkYyTKrlNEC10e7mzaUMDdkNsBWSQGZ1Hvoglm8ebrj7Uldwu09Un8R3WrUUVMMpvUi8Xm2MyYQtYLP+n9W5+LY0mUQEHEeDF6jgCuOcb4d41l1G3kT96DdYd5yJUUVW4NEayW/7H6XFJ0Cm/54Cx0SaZagX/EuAfG1LZQ9vuQZaeBW7V+x2V9TdruEcJYGRLFVkCcjkx49pXNe4GraizYGHXkTbaQKtzOWeep8W/Usll9RiGZ1yzY994OQo1+bSC
nHglXHPGB7iooi1z+evgpDs3l7KLR7nl87zGbJYnrTaiCHVG+6RellWu/N2vFiB4oPTWAEqm+CsGskr9Sv+Fdxd78Sw2953xbH4viRxZG3Pj8PfeIurCAznB/FFtOW2lDap/IkcvGBCTFXpw/HoBCrU5w/0KQUWDIhFzwuOCn0ugcO1vyFH5X2zBFBq/5k+P7wVHg/FQPe3CxOlxo2qojYMzqKNvJrzpavOiJe1ZbC4ye0ENvfZdoZ1y64GP8JxTbqORq2IxMDH7tIA=
hqJUZ9zpwTHeKOevTQtbOqwaHeyzmF+5MIwJ6TSvVjQb/OoMCjjax+4uYJNvPN6e4k0ol7fkq5ud5qUx7KWSmcKnQypr4f6sD6XVhIGWaFxgg44laeRxT4ckxSJnSOKkbLZ7zyq+9RmW5VY+GKBByOMLRUKJXwFg9MqecClFWNZBmaWOhSGB11xGqpA9Wt0sfZD0mkdftBrnKtYnDwa7My3esiuTh1MBg7S1E/xnw4pTfLKa66CiuHfmLLNxS8tqxXMFByv2tIM=
aGXR8nKkcIrDPb1Fn4mj3awaHeyzmF+5MIwJ6TSvVjQb/OoMCjjax+4uYJNvPN6e4k0ol7fkq5ud5qwi5riSm8KnQypr4f6sD6XVhIGWaFxgg44laeRxT4ckxSJnSOKkbLZ7zyq+9RmW5VY+GKBByOMLRUKJXwFg9MqecClFWNZBmaWOhSGB11xGqpA9Wt0sfZD0mkdftBrnKtYnDwa7My3esiuTh1MBg7S1E/xnw4pTfLKa66CiuHfmLLNxS8tqxXMFByv2tIM=
x7k3xSqoq2LE9X8KZDg+rbQQFzSvtOLUXVP3jr/B3Y0r+moOJiIxg1hjrWqWA/bBa2ON03qhat+1aJBRAzkh/VZsNo3VWb5FaxR/6/6qA5fNauVMWGq8wUZ73U4Rqeu2fazjMnIy0BQTMX50NV9al44QPLoxPv8JTVx9NSFG2Bjmvm3/iIC9+w0wEasBUdD0Mv7ZAG2aIVK8RHN1VHwLOO4pC/yrJRH8WlVHzRPHz0btvVj9M/zP/joEn0oCHtu01P21cZu8uZEtOT/8tIU=
Ac7wBvMf+PBw/m6vEuj+x30pOx2/MjCr8A8JxXdfGtCMN4Sq1v3/wgMk0vKb2C+15/CMm8FzC6IVq+Xv2w60Cw==
7pnYrqubncG218zVbTO5imsWx7IXWwJ7z4XtWadIz262IBCayMtZGR+rmlwUkzQWHqkfrvsgwu6z7G95vxT8Z0nnqw6t7zWzM3q0Bw==
HMqe5p6DYe73lpmk2ZxVxq6M4hj8kiQopo2VHmMCdY27smUqNhZ4k2iPSBfjbO0tlbveDhY9Ch3aumtaRoiNlCCHUa1tNo2B7X9eYVEwzDN+I2FLUnFAEWu0EA==
4/6GQjEoMtmAF7o9f8XFtVJx9r6GWrpp0FfJROc5t+scWry1gLkI+rl+TICnwOLX8znnnifFP15MZXsYBmfcs+Pf+DmKNXm0Ag==
YCPYIJTjr7Mdv7U4oVCB662M4hj8kiQopo2VHmMCdY27smUqNhZ4k2iPSBfjbO0tlbveDhY9Ch3aumtaRoiNlCCHUa1tNo2B7X5eYVEwzDN+I2FLUnFAEWu0EA==
dnqIpd9W7BwOoynmOIpwf5cBvR3SSuonovc+c4uISPXl7yg6kSUYe15Heb1lFrVRlfjjMalQxCMW48n72hGYIXO0CA==
SKJVrvveuScu9eb5TDpe9jYhPAqwJDDm9gMU2HBjGo/KPpSxy//twgMk0vKb2Ciw5/CMm8FzC6IVq+Xv2w60Cw==
K9HumxwVcXzIyrd/Q4Ahu87RUkHLkaU+ij8oliEVVX1vSIfaqgD3Pkhqsz7EWf1FO4gxtf391wi0cQ==
9S7id4wdKeVPQVb6T3qfjI9d8kREad3BNHTEIZs7jcWZZlk5Qbg3mQXgeJuiQ50jhsH0yQe0fA==
hPXOeFRK3PW1oXWiSbjuiao9pxtdZByKd1Un1BDgcbTR2HUl0bpsHig+kegBjXiN/gxHNmuiUFSyGYV/h54pjzRNl6wLWlGTf66WGWSRawU7RkRN9OCdVgkIbvhtospT4IV0gApELTsAZyJ6zTqh+38vGYEvsVDwWK6Eow98/AseDZPKViINV627WdUB8LvYrF8a1tKrgd3Qk5vjbcAmNfiruqgCK+7sUDnFrI9dGR0sosee51BmsRz6s5IGzD51KSaEyyxPB1S7POkpakTi5aATZZAbRR0xaDzWFueQ1j0k8sx5Du9x5/BbMMhVK3p7Hr4ERtYfkA4vhrkifB47hqA46ZllBR7u69htxRznA9Xekv/mnRqolkmj5w14UEyooMOTqvYd7RaBwvsBM3L74BF7ZL+2jK6EW1czaE8jFmn60wN2ISggpyNx+KqZnfViLXWBi+Si2pz1Lj0QZVRkNq9LdIafDuZrh7Kbz3VaYke7U9Pdu9BFn7STozbLOKK2gzTopI9MnH95f2sWHXdV64OitN8=
jYCpgLU7kiY8k/OcjQkd5wlfU3p/bRAztGrCxMy7vHTo0UYelhJvPvUBcY1AdQ0MS310M4M8QF73OwzsM43MzIlKgjDKN2na1c/TJUe9oHWvnu5ytA8u6Y8EAqpNYfWTedZ/6xe+yEJ8xN9EeeHoKgYKbTs/pfBNxjmuUfyMM+L/3ATp6WhwnJQDdTh/oaRn+hHi1xWfs75WGtnMxr0+CqLjpKs1km6aEko3jFZif7qYrfs5mN1WXosncdlderLm66v1IBnqTmt/VDSC0mvnMb1hXvzhBk7yWqVfxWhhEnLN7hHhpSImBov8psBSPbRauphfI67+8KzXpOko0sxNFVdhBRoLL32iIfmmi9gynaEZpXJKgqc+TBt/aQP3FPUTEh/KPiV4c0L647X44OEF6+MT1gU3vyvj0gTQCAEyByHGq4/pdkLSOApTCQ81zJQpcPBdj7iRSf+8wcS6DyY/b1+Fl+PhEK0NssTZ0TMquK3Ts9iDX2ZMibrz8sWdmVwOwvuRLa02zQGteBvhETCMsz4jIcuScYCRq7TQ
BX3co30gGjv2FsV18HzNrhkJ/pai3AFF1aA9Uz1pLgzqDepKfRIEQFQrsJXf2Wtt8sz4Xg05YcOYPpwoGtZPtaCC1ek4H22glb1ZdEv93Hk/8nMTFNC5l6SBRfe4wcCyAzYjd7ul89sdIOFFdgSdmf/aBNV3U3wbw/bAAT5zdk0RCcCWZps11RFGgclpPF8p3QDwi9oDRdOOYYyZr7TU
r+Yv82U9n+lJUh/b3vrcrUj7zVIZgGzmSeA++X4ae062s3uORDQb7FZ307PX4uE77171qn6i5Bay5UH8WRTR5ucd0aqB01dave19ATo+zKXsfEknO0fG2l6044bbC6sLtxRsGxnA30N0TyiyomGTkgX+n3itFz4teMB/AAe/W5t3DQoYgd0Rhc5yjIfN3PSO1FGUI6RMAzCHwfJBM+IjjJoqtXmBObAESjqnKevHahb+/NCWhWHCKidtNYxHxKd1GyCh3bZtvfrB976Ac1PWKadjskHKJuGeUbNx9Vk/ryhjURwkd829EjaxXcN2nzFeotX0M7yZcyEykuyLn7GjjsOdg5w1vd+Iwm/wU48X/ElujSW0Xg==
lboT/w2fhDoIpnttj20YmSGeEUnQM0KnnfIK15dTR7RF3KgxGLzDlbizICSRWi4L2lVmE/mk1+LqEw39up8pdn2yrj+LQNdcJgsIFLuJct0fXo4LfBov+hIK1ejfkduMpGOed7zf7pbDFqtOhj13kgPExiCDTnTu9jX8Kcgap+mFEBnBZgsq9jJTol1i83lCmB9d0GeFjEMUpPMb61/BG00TYBrXG4FPklJLrxCQpXBL2X569CO8kxYMAkGN37HBV/lHsP5J66cKuplt7MxYaL/y8xOU0DmXJIHF9zjBQLKDNqN3O6Vz250gYUX2BB2Zf9qE1fdT/BtD9kABvnP2TZEJQJbmm7XVkUYByek83yldAHCLWgPF0w5hDJkvtFQ=
JuVRfsA38kaC8f2EF75a9fctNglVOD0TPI8UR9ypi1QRI7M1QvbE406zandPkbNOUz1zkgVdT0jSDyDT//fMCZ4tdbQO
0uv18NvqEQz1bITB5CW5V960on7k8Htjj9JZRVtuXVGCZyJcNnQqq3AgxZrypg60MRm4wgkVVar9nYFjNGp6FGVGfXh1XET+f6P0bk/GxmOX2tun5dLCj2u70zVrGOUXJPvjXtswgn5T3GJMX4S8d2kXK36N//UjU0q0Nw==
O2t+2szhvjcC26VnPCU6jfrAoBn2jzM/4JazGXkAHcm/smU4IR0iiWTBSwTja+IzireCFVUsDx/t9RxKWpuQjzSHUa1tNo2B7XJbYVEwzDN+I2FLUnFAEWu0EA==
1ote4EQs+0HFqWjN1h9pNuAhp0FhtEEthJFmFjWV/5iLRUkCE5S3hYRlwqHt6EUzNJ/8B3RZA/TJU6s1WgacQ8bDwrcngbtuq23LEn2NdyjaHwgTl0dEaUYdbbQW
/UW9GAUUKntNtCU8fnM13ckSiGRQhmA3s5FmFjWV/5iLRUkCE5S3hYRlwqHt6EUzNJ/8B3RZA/TJU6s1WgacQ8bDwrcngbtuq23LEn2NdyjaHwgTl0dEaUYdbbQW
L6+YwAhnss1qH1cRmg+bSCy9lQathGIWMZ3jiGd9LSL3zJt1uC0GYamguYNYR1hn0KGvZFXbL7XejgDTartmV4PZV97XpQ9SOUVLWPbHbDNzfyh5WhVptBI=
ZrgT9tsDJB7CVaFTof0WvDHe5PvT8cM9bd3TNrhiRmGEUl4WDWXH+KO1gUJbRB/lHPVaIXV43ZNcTzRHPGnr1LFjUzUiNmRjrvMKd2/RU84z/VOS5R3vyHJPwNPfN2yJfm1VtC4=
ilxF7loTenqpI8XlwUvi4ZyzTw1KpHa8NZdfPKyFLM6+mdZMJwQ87vO+ipIeRCnpyy1xpKqO52G5Gx9lQwDo1E201QNUR4eDlRVfhuso4ibjROLU79zcb1nP66Y9Z5V7Y1K0Lw==
gt0guE2djwavFTzgYxnouREMbyIkGII8A88xR6uytoFTKX0gASowCMg+c3p2xc42DvFd+QxpRVm0dLKK3ZwnZtZ+P/UjUD36Qfc+gPNTViknYzJBSiZhntGz8fXZPy8o41GcJPfNPRK2sd3D9p+xXiLVdDM8mfMhspJsix+xI45DnQOStb1fiEJvcFMPF3xJ7o2ltN4=
qOWROobc/ByCp1yFiMKTbgl+bz9ce25+TeGGoEQFOva3uedQLrXOPFEuKcXx5ApvievfN0sw48mJ2Sxxv2yiBHlox3oq4LceS0tzXkT5PWU7aHFVfV0XaLQR
Q9qX04JdaINuPBXcflxkn9PLyRgQhfdiZRSKLEWD28NihRGnB0Eb7sut6xuczdeout9oE7cHpOnm3Q20dg==
Q9qX04JdaINuPBXcflxkn9PLyRgQhfdiZRSKLEWD28NihRGnB0Eb7sut6xuczdeout9oE7cHpOnm3Q20dg==
DDOgsy39u8xjiykUTDVkyb9O0TBsn0ZKcAtAnn8NWi/h3kLUnHpOUDLSetGrM55nIz7H8oWWsNeIuuGGzVR2DVdN/Sr+oGRn/YoNGV4sWhEkdRXzMUkSV3l6naZABoIIwifH4krlpknSv2FeOgBG8MDHCDwB5kA=
