WEAwLSM0+yokpIQLWE3/rHH6/5p989rz67uDvf66SY00ovWcFYmKeB8bUZ4iJ3dtB9ErnciomtokhqozX8PDFLIldsC7Y37JP1MqQVIWeX75g7m1ke/HyFvB5KRPXcWyHuGVgz5vWX46pWwzJGnrAdriJEvXYYsuOw27GUwt7+gqObiTxydUKfa9vbTG
4lCi5hIyNvx+3ZzssfPq5Fp5Fz12WgZpbif5Yiwx3HUBntVYAtZXRWgirXmW2prIjc5c+q1VcRR30mvjPJDRBxxhjcegwdiCy9ab59Pl2ysFAKkVzoRlSbe6HOWfk9SLu1YI8SZzbj1ZqTgGzttd5QmmSZkRueb5HSDo/fLDrUM2AcSpt7TM
fkFRGgn6q7w9oiwqjj+z5oKyv/vqWHBJFt2Yh4RQRSQAQN7K/FbMDSBDbl8S8p2DzLmX14xsKEOLjuxChffnUUKUROtcytSA7lY7HXzSmREPf2TgmZ7oAgEVHSyDAv+LgHDNL2jRGR+MwfRaX2bvz88FZ0OR0F0tosTJsQPqCM1jM0jjj6YcqUrzguVN2QzuUnshzR12/eG9eQrBaXB8FU6jsWvCsVDxm7Tg
6jTXmqNXvHD+LUgetogKV40+I+tYXgbzYW/XnApbtjArHV4u8w5GBG4geuc4ZIWmypI+mBk9mN4RAUWm9ZmBn8yeiviNop2krYiUMrdnNNL3cnbPP357O31GUgPjP1NJE2yVe0yfgwKDZNIyG5gpcWe4jFtHMwtilevlL1tOtMs=
ZHIMoCwsRYwpUy2lNSNsLSwjOaDQXSxEL2grbhvU2Qk5DybTWTaL4WIvNryzue6SO9On6JYkavsQUMXqkvZO5JGpOHKpxZV6HW2Bk9S6usTF9v3I1QwErh/T9B4vloYzN2pbF0UCAl+LS9PFi8glx4RLY+57YMIuM6xpPT/c/CfPp6vOLS8187O6tMc=
dI17/+dnxidsOWGWptbpUCwjOaDQXSxEL2grbhvU2Qk5Hi7dXzmKs2IvNryzue6SO9Kn6JYkavsQUMXqkvZO5JGpOHKpxZV6HW2Bk9S6usTF9v3I1QwErh/T9B4vloYzN2pbF0UCAl+LS9PFi8glx4RLY+57YMIuM6xpPT/c/CfPp6vOLS8187O6tMc=
iE6NtItDuIIXeyuv3CNG4Ula+JPq0QVekbo2aS5gehbmEaheLiFbHgxIy7GdlWtt+c78WkMjMZP5auwoGtZPtaCC1ek8H3P4la4UKlXVyUQ/8nMTFNC5l6SBRfe4wcCyAzYjd7ul89sdIOFFdgSdmf/aBNV3U3wbw/bAAT5zdk0RCcCWZps11RFGgclpOV4p1QDwjdoDRdOOYYyZr7TU
jtvDwLIIrPqNhhv2DKck/nZ8EeSJQSxEJ2o9fE/Z0BdrDyCaDXjes2IvNryzue6SO9Cn6JYkavsQUMXqkvZO5JGpOHKpxZV6HW2Bk9S6usTF9v3I1QwErh/T9B4vloYzN2pbF0UCAl+LS9PFi8glx4RLY+57YMIuM6xpPT/c/CfPp6vOLS8187O6tMc=
K5/y/y28a+CyZXFCEapaLyg7VrjcFyxELHUtex3Qw1l1DyXISDPes2IvNryzue6SO9en6JYkavsQUMXqkvZO5JGpOHKpxZV6HW2Bk9S6usTF9v3I1QwErh/T9B4vloYzN2pbF0UCAl+LS9PFi8glx4RLY+57YMIuM6xpPT/c/CfPp6vOLS8187O6tMc=
tGUSChgeNSh15UEzh3QrUVM5LVAtcdntqbUJHph3ERPXX0/yaoTMFpmZpprjJd2v9ZQjdvImQ7WfiNlqxX9S4F+bktkDWy5BVh5FbhV7XZW1t6u4B4kgZIuVGQKyufHjmtf17sYt6LOg4ZeRdlqAqzO5J55nRf9ZCOUzGMbhnLOjXzg5yrW5tMI=
QXZT/R1i28vxPuIe1OysDWaOwf7EWghXTR1xivt3vve7TDEyls0mbfZ6f0M2XI+H157KjsIl9LJlTD5sNooFG6jkVU8dxJnvARVYACJKMWRNfklmbDC7cRT4w0w+nWMYC0H5yMqhT4mTg8eyfYmwmZMYp0rqcFfOSRsTxgTJ25W72FElPc23uLTB
RtPUJqY6UCPFm3VZ4SrHEDlbEW+h2Umn1cYwrqoIWdCGVtPN9LLBAfC+/5AhfuAyaZW13IsihzsYsPU/MHGRz6TB3IrXxrff98X/8+nwVd0KRKGBCwqwvfvzsPPXxpR5ovPqtcU51P4qO7k9pRb10VX5orFhUISl1uOJexoR2KGztMg=
PcOba4ir4xk3oRAzmz4Ej/Sxexo2+Z7d5NrS3CAj00NkkWSrlTpQwI5W290cUjnRLn5HIHkeiELhFT1sI4Jfy+BwLe8IUbnfrMHUmv/mjw8vBQcDMVD9bYLEKfFjaugNQzNoIy8mfGmq8+KlrVmsrnJ7AY199h0h3XkqAcnw3NWuo9ErIjHwsbu0wA==
BV5QttGXTeI1647BXfvR+5cwLqm8vUKJhEQ9EogI5Y81ZyzPHxj6tlsr3J/0myg5tKlpuPH0s55CmgWBoBRAWqszqTQ2rJtcUuqZrf0ObJVihlijqSTFs+puZLVr19dk70r7Kgovy0PK/64AloudJFQYG5ZiI0aI0rEkfKBbNsRJ5xqNpVTaG2Xnr8lvp+zncEV4eLLW52XYYp3ZoF6KaF2OjNo9VeF0p5K7gywQIWfsIX2nUMEo4juWa4cjZctL1UB5dV6E9Wln+sxFjxPkK4sWuNGWc94d6WkIpv5bTUVZZhm5gbl2GU3guB3iQ92jRsG0Sce0vA==
kKpUNNCBccpkw5LYoZsCx+35EqfIhf/njUmOhbOAhQ0T3dK13Ok+fD3tyxJndk+rAfVhO9qztigbVT5WY6eG3Z4oWt9oDAU+elreYAkV2IZhieUeJXGBh/zW6oAdCl18XYC0CucPtEpHupY3L1Y7Yw3O8rsz11NRIyT1A9w3Q9pzbPIKS/Cp6ddwbKNXG0s65WNFl4umtNM=
nxsaX/XN6BwF0FM93z2vRznGeL3FBSKz0In/44VVnnGL7KUp++Gi4QQlfjh1MRumH9qvT6mJ0a9CPzask8muIttLJnn2lKoLMEDF+rIGjlTxObjiSXXVCj19gYP0yvp0JWZ9WLW8xF4/w/QOD2ZGg1f624elskIvq1vT1au4ZXdk2+N+G9AC3hO8aS0fLDyXrzcrXs2fdYOTqrTX
mNhST23Jyztmo0KJ4S/QiJaDssY6T56+Nl4Of2IH1hrsDWMtUEFqLnSasu6JB4LvC4lFN6YD8m1K7FiWDXFqyp895E4gLH8Gfo63davg1VoZh4ZAKwMuCc9zOkFCNom+qeMpNWFPd4gL4RSkfz2Vcu4BJQOuz4m+CsV8MzSJ20GKQrTLZwH7buvtixk8DT8ompnIE1fHhGmGna201g==
fO0FM3vNrEFBE1XJFAU715VgCDhCoNEbOrncj//hgVuWa5f6tdvPn5oLKENeGpEfc5zj7N8dfVeJ5Y75du7XB2Z4h532y4IqUqFc5iUYFmgmrk1PCHDd602AsfsBAXBEcu658O0qAUJ8NJMlVKxryK45K0wrVfHsmuXnHRMXb/YtrbiNs0zv7nr0/5oJTzvCFO2TwRtM2YFtiZ+stNU=
XSrGpRaNALY4NLfTrU7r3mBmCfWJSCxEL2grbhvU2Qk5DybTWTaLwWIvNryzue6SO9ql6ZYkavsQUMXqkvZO5JGpOHKpxZV6HW2Bk9S6usTF9v3I1QwErh/T9B4vloYzN2pbF0UCAl+LS9PFi8glx4RLY+57YMIuM6xpPT/c/CfPp6vOLS8187O6tMc=
NEbOYypJu5ZgmChc3GXgs2zZjKCWMEZVQRpwlt53qf3vD3Rm06kmbfZ6f0M2XI+A0ZDKjsIl9LJlTD5sNooFG6jkVU8dxJnvARVYACJKMWRNfklmbDC7cRT4w0w+nWMYC0H5yMqhT4mTg8eyfYmwmZMYp0rqcFfOSRsTxgTJ25W72FElPc23uLTB
Oh4CnLl6VKMox0PmBB88ma9z/8nLIY32RinOmXaOl6fmmEe38aTCitJBnMYlOFYIpg6NrwhQnYvNIHEbAeGw5PKO+dDtysHi/FTTBVSMqygumWssK3UxDBpFp30Tdy9WrU14rbMsr076FD+6CW97opRNUyEbbJnh7SlfTLQ1
31f1G2AyH8x+rjmIxaP+M+QVMSDMbxOixix4li0xCko//Q9JD2zfhh7Ol3VLIHXaecfmQAvDzolvM1pBInYpPkkjCTUBDxcIqyH0pF999fJOQQUDTg8pPmqFXDMUSTvBKgLUy0fBW+4LLasZXE2fqHpZKBN3h+TpJl1NtDY=
iCYXR9i6y6TFeU9fdloRd61z/9jJN4n2RinOmXaOl6fmmEex8aTCitJBnMYlOFYIpg6NrwhQnYvNIHEbAeGw5PKO+dDtysHi/FTTBVSMqygumWssK3UxDBpFp30Tdy9WrU14rbMsr076FD+6CW97opRNUyEbbJnh7SlfTLQ1
KVJh8SgVBArws/S6lXGjMOQVNzbQchOixix4li0xCko//QlJD2zfhh7Ol3VLIHXaecfmQAvDzolvM1pBInYpPkkjCTUBDxcIqyH0pF999fJOQQUDTg8pPmqFXDMUSTvBKgLUy0fBW+4LLasZXE2fqHpZKBN3h+TpJl1NtDY=
ZWc/Z7FWZ7FX4Nalk4UZ9eQVNiDCdxOixix4li0xCko//QpJD2zfhh7Ol3VLIHXaecfmQAvDzolvM1pBInYpPkkjCTUBDxcIqyH0pF999fJOQQUDTg8pPmqFXDMUSTvBKgLUy0fBW+4LLasZXE2fqHpZKBN3h+TpJl1NtDY=
vlXi1aPKBAxHgdKJEqDb7ZRSde7NhJTq5cHV0aGdm0utix6o1OYTdGb4jEgK1l9VkMKFScac7JglbsQKJdX5pO+yA7OEUAn39EG116jB0JLz9nMXCyVje21gMaVGBO25Lxq0tefTjLuTtvDhLnNmLSHJEDYWG6U1oQbR6Zk+bkmFwAAtSoP1M14h/Lm/tMQ=
g6Kl2lsuJffdYlSKC53xNhOvNB/H9nEMYTQqGOYO+AAofv17YztcQJvb7KK5mhKk/QrBWSSuE6CeVss9LBJJcZ792IApXthiERUNDHPCjytw8F2PuJFJ/7zBxLoPJj9vX4WX4+EQrQ2yxNnRMyq4rdOz2INfZkyJuvPyxZ2ZXA7C+5EtrTbNAa1+GuEZMIy1PiMhy5JxgJGrtNA=
1jATxiZFu2FEHoIsXy1dZVA/hsxtcXzVZ+wELq8m/ij5dT8IMkEWd8W9sk7wzlX39K25JgZUt+xXu1mNX275LdMrcwJmz8zwrptH82ia6OMeEZzE6hNV15FcEKHckPFHfOFtB4DB+EIrVvun8+U7a2WACdXuhAUJVzq8pb+TNEsb1qgxxnMOffkpmEau230lqSYpWfG+xrm9oAg9ksONg9aBpOmXtOw=
1jATxiZFu2FEHoIsXy1dZVA/hsxtcXzVZ+wELq8m/ij5dT8IMkEWd8W9sk7wzlX39K25JgZUt+xXu1mNX275LdMrcwJmz8zwrptH82ia6OMeEZzE6hNV15FcEKHckPFHfOFtB4DB+EIrVvun8+U7a2WACdXuhAUJVzq8pb+TNEsb1qgxxnMOffkpmEau230lqSYpWfG+xrm9oAg9ksONg9aBpOmXtOw=
c+k0cKeHNCJPnXb66w3Kq+XCx8TApoo7Dv7A4+Pp2DUe5mtjrj2BvGh4onoPWyMNWJJPFVP5GKn4G9CN4c7OmhzbcYeTp9wmVIvIQi3gwvirom2cy/t35AOiDZUk1SJKxpaXKaOyKxXOC0YdY3zVjqhVD28IEB1LzWDx2wEhMKTyTnmQ7QpBovyUU0VUTCtoLlnrbCu1sUwahSc9Ezevlq0N+G2zbC+O+lS/egwv+2KUDdPhGywZIe1p34y09Q==
NY/TiG2gYNlQCSSE8pHNN0cMGbPNA013HCgUR3WSGYoqlr97/KOa0T6W9KJdyc42ohfVjAtYP988PRxUmX0oezZecKz4unhhOaB7QAAzSquY6i9QmNIn3ac8jUfJ/wFDVNFdt2FHQETCLEu6bfXE+219vGq4/Jjz2wvfZB79EuAfG1LZQ9vuQZaeBW7V+x2V9TdruEcJYGRLFVkCcjkx49pXNe4GraizYGHXkTbaQKtzOWeep8W/XMhl8xiGYVyzY994OQo1+bSC
Qep2p/5YC4mMQDJS/HVnshkJ/pai3AFF1aA9Uz1pLgzqDepKfRIEQFQrsJXf2Wtt8sz4Xg05YcOYPpwoGtZPtaCC1ek4H22glb1ZdEv93Hk/8nMTFNC5l6SBRfe4wcCyAzYjd7ul89sdIOFFdgSdmf/aBNV3U3wbw/bAAT5zdk0RCcCWZps11RFGgclpPF4p1QDwjdoDRdOOYYyZr7TU
iSn5dMdocIwsvwfMsDyz/4Mc74kKa8PySxFCgWLNQ+KFm7aYrRA/sOsAUGXzZ2YEzSVu0YPnMzvPHfKYuc1p5eaiBEfFbJzujOFMI3z8W1DvcfqBuzIL7OI6jfl5KQikImov6eM3wjamjIiWXZEaCo8dPczPFE/VozDZXY59RRrppzbAe+M+yX/T6kGSljl+uQN5tdFvh8ibQSSkD90Fst5h1YN+75l+eiUsM+TpKwGaYuRLF+HLLnuNexwMra/o6rl4k4enlCk2Pf20hg==
LrEVhc9zFz4wj3jjfhtXpCBQz2tr09hnhNT/8NrspTQCa/vrCYsYGstGObuCedl5iOHJycjvEms6JHsWmrb7NWcYccqdDxqgl0tqOStrNkFOLm2O7auV1f3H8xivGdjkMwVxYuoJOSNSB83Orl3ws7gRf7FOCsjrewn/fo/VR9xwdZu4HhFUc+sPQFnihaG02g==
sJwk0pe+LoyG/0WNmhTWRpn2Kg1W7WlcFDFGCERNJTInykldUrwQCG95o+QZ9//w1Tv2J3M9InoSkbz2JQh2WOZ+7T+IwD07DfCR6wERUDQyPllAbVqhkrwE8zVUvIv47mmLvKvlkbxaFccNEwdPBu392D0zvE++OsQfigxfW/LUPTOxm/w5US35v7y0xQ==
zphA3dsjAeQFhMjXlpXoBhHwceNAc3KpuDEXxJ2rN7XGfkhz0iuOF6vpTz6fdbfcwBWLeO4xBPPb79AZkiVxtAo=
+mVQ2LTH8gWKC/A60Gbr7eX9Hq/Nsaz9g3TBlanJ5g9A5+6b7fwtbj6ojQ1xNQWrCeFqGLfq5g4veCQvZfjcg8IoQ84lEUM6eRzQewsV2IZhieUeJXGBh/zW6oAdCl18XYC0CucPtEpHupY3L1Y7Yw3O8rsz11NRIyT1A9w3Q9pzbPIKS/Cs6ddwbKNXG0s65WNFl4umtNM=
ADVkb3+AENbMDSUs7dM+IunX12u6PRI/nF9QL63dmqereXqjWzkW7kys5YNdlk+0GBfIB0NoQ0YWuH/ZYBO1eTrG4FI+R9DBtPnlBXaxJncySzK9M5SB0CVOBBOXRRisj5fcB/Zfo9jnknsDbBBh5ywhPSeQwehie5arB2Nli8sVQDn1HoQ16Sf6DMVPE6SrSxZ4UdZzHp2paUgmPlsNxRlm2TnBvLaZjeD4nSJDHSMGwXTJh7T8
8H+NglLdaZ18VX0b0C7JVo8yiTfOodMF+FYg3YcCUkcy8kXUSby7oI1q+W0dDgyXg0C9qIwSb3ld8PExnsuyJhrzGm0qczEy4H81gP/FtPO8hCuLI18Ji5UzyKrvWxkf+jIz31gQ7UDzeVaqbONEY/7s2tFF3/lRD5kvwIYJc/ciGiFdJEyQmEcSG8MMEAEnjKGdZ3DBCCLbFgvHA2XrC3XAmbU+hNWpx3qshW8ThGsrlhiR9nM+3UnpqGYeWy0Fuea5+aG8llktYBjdwkP9Y6ZB1AnntJw=
WT+nc+l3bl6JBG9Q3et2pu8d3IXb3OUhxn48dmM74BN6nbwUIPhD0PgMaY+IH7HtiY2Tyb2HZFRwfV1YPSqqLB1GoqYvSuABZ2v72e2TzlaI/JndCOIvCP/bKZ111sXxRfyy0REQ1MVGYznbqtEIQUO0OA==
+v5OEQOFFm4MFU57mTm4GE4mKxY3c8f9s/AKPph6ERPaXyCUBO3bH+Hp3uDxfJj57cs8Yv9heqyOpNlqxX9S4F+bktkDWy5BVh5FbhV7XZW1t6u4B4kgZIuVGQKyufHjmtf17sYt6LOg4ZeRdlqAqzO5J55nRf9cCOUzGMbhnLOjXzg5yrW5tMI=
jmXiWHlmmLfzLBPKuaKk1XH16IF45svO67uDvf28SY00ovXzfueMBHhlX59lYSJwXcQ8mYmTkNIjqb5sSuyFGqkndsC7Y37JP1MqQVIWeX75g7m1ke/HyFvB5KRPXcWyHuGVgz5vWX46pWwzJGnrAdriJEvXYYsuOw27E0wt7+gqObiTxydUKfa9vbTG
EhAOtxHGxrizHFg4pALpO+nX12u6PRI/nF9QL63dmqereXqjWzkW7kys5YNdlk+0GBfIB0NoQ0YWuH/ZYBO1eTrG4FI+R9DBtPnlBXaxJncySzK9M5SB0CVOBBOXRRisj5fcB/Zfo9jnknsDbBBh5ywhPSeQwehie5arB2Nli8sVQDn1HoQ16Sf6DMVPE6SrSxZ4UdZzHp2paUgmPlsNxRlm2TnBs7aZjeD4nSJDHSMGwXTJh7T8
dIutlUJdmBLriw5iO8SuBjZmA/GJSGVeJXQtbA7a+Vk0SmuXDRe43Qs4P8TDwZSAYpPx8Mk7fvZXadz7vvZO5JGpOHKpxZV6HW2Bk9S6usTF9v3I1QwErh/T9B4vloYzN2pbF0UCAl+LS9PFi8glx4RLY+57YMIuM6xjPT/c/CfPp6vOLS8187O6tMc=
cJO5ZOgRDr1ybIPHOhq3WFA/iMRpL3nSertQIeBf3wDDXQwnAWgWdsn8/Um13Uzg6ay5Lwkdt+hbhRbmX2P0Q84sanF138/1sNgf4DaJo9cyWrH99ExA+NdSC6PckPFHfOFtB4DB+EIrVvun8+U7a2WACdXuhAUJVzq8pb+TNEsb1qgxxnMOffkpmEau230lqSYpWfGzxrm9oAg9ksONg9aBpOmXtOw=
YGEJh3qGg+vbhQucaYkaaHiXKlYwZ3Qd4H0BOwNXxo+0eGlPGR2nyAtFxkbP4wTjvuyaUQXfP9XAmO9ARgkzd2IaYd3kTFAYhxLbQ0wQQafMoV3nsMHIohsWS0dDZauLtcBZNf6EFSmHeuwFLxNE6+uW2BE2c35dCeno5l5b7YV55nl54bPW2W1gWF0CQz3jZkGUiae03A==
4d3pDvTJ5LLqGu+iaJWi6B9RJG9tAIgxV8UgQbC2o45TK3s9RSwxLZxyPTM2l+QkYJVHn30ROlC1NPTZwcM4cts5BuwyfD36Qfc+gPNTViknYzJBSiZhntGz8fXZPy8o41GcJPfNPRK2sd3D9p+xXiLVdDM8mfMhspJsix+xI45DnQOTtL1XiEJpcFMPF3xJ7o2ltN4=
h9eKcNZOKShaIgkKkqQFsSYziATcsfy14eDQY1E31oqTlEAPOuvCCKCgv1OUcUmK3L7RR2B9Duk+jd5WYG5wvPYmjz6bkAKek/xjbZ9sPNcvdyueTV91QxNqtBc=
YsJLsTLhG0sniUTBGA9a1xZw7a/PDsAv1g6ODbsytelaErqigLg+vqMqQYS9yP3H8znnnifFP1NIZXMYBmHcs+Pf+DmKNXm0Ag==
AcmjAjT7pSnwenh9MxaP06ICD28adnpdb5oJScb6zlIUILI+L7LV9EmgYWdPkbNOUz1zkwRdR0jSCSDT//fMCZ4tdbQO
2j0ATGC4gxEwxkPGeW0Ub6MCD28adnpdb5oJScb6zlIUILI+L7LV9EmgYWdPkbNOUz1zkwRdR0jSCSDT//fMCZ4tdbQO
3v4299KVRYQcFGrVDmGG0qACD28adnpdb5oJScb6zlIUILI+L7LV9EmgYWdPkbNOUz1zkwRdR0jSCSDT//fMCZ4tdbQO
ihXByUJuPHIPFfyHMGw2oaECD28adnpdb5oJScb6zlIUILI+L7LV9EmgYWdPkbNOUz1zkwRdR0jSCSDT//fMCZ4tdbQO
A1RsNbIhdaEUU61xGbTW8KYCD28adnpdb5oJScb6zlIUILI+L7LV9EmgYWdPkbNOUz1zkwRdR0jSCSDT//fMCZ4tdbQO
zbAvIkE3v/zpvvFMDJPi36cCD28adnpdb5oJScb6zlIUILI+L7LV9EmgYWdPkbNOUz1zkwRdR0jSCSDT//fMCZ4tdbQO
MDVUEJjSa/NlwveQ0ka9rxdq66/TFsEv1g6ODbsytelaErqigLg+vqMqQYS9yP3H8znnnifFP1NIZXMYBmHcs+Pf+DmKNXm0Ag==
UPjKfZKUqt20Q1hHJEsmU9FOOuPan5Pj59uB36Gd31ijpR72h6NMM0bMsiEd3ycl6LiXEI7J+8c6eslNHMzoiO+yA7OEUAn39EG116jB0JLz9nMXCyVje21gMaVGBO25Lxq0tefTjLuTtvDhLnNmLSHJEDYWG6U1oQbR6ZkzbkmFwAAtSoP1M14h/Lm/tMQ=
OgcVzRN+OXcVLQZO9PcjwC4Qjiw/xt98gMn/tJ/jv30BZP3dQMpZU5IPGLTsHcMf+Zm2wMmsUDkle2QCl/HCLHY0ccqdDxqgl0tqOStrNkFOLm2O7auV1f3H8xivGdjkMwVxYuoJOSNSB83Orl3ws7gRf7FOCsjrewn/fo/VR9NwdZu4HhFUc+sPQFnihaG02g==
EotqcvUv1AL6HAZEtwYLjoK16emBCr63CLnWJyoeP8aV7K30vkKZAYSSq089T9jFOyA/3PPZ9NhSSzEoeWMebufxXGMObi68IXH4qpmd9WItdYGL5KLanPUuPRBlVGQ2r0t0hp8O5muHspvPdVpiR7tT09270EWftJOjNss4oraDNOOlj0Scf39/axYdd1Xrg6K03w==
PJgYoZSpF7QgSKLWL83q1KLklg29t1lrtj1ACAcocc7NkpJoYd+wwPt54bUQi39i/xo/E6ymBvnB/sU5dsBDE/zFYgSWItXjaNwFJ33sqfcBDWgoQiJhXI2Gmc7MWMvplGAzpJ41M2BLeSkgKol/kZOb95qdYWCh02D34kqYp1bDg2OupGELbXvgAU1d5YegtNk=
gPKrOwSY0/sXClfJoSDyB30pOx2/MjCr6gkJ2W9eGtCMLYKqyuX+wgMk0vKb2COx5/iMm8dzC6IVq+Xv2w60Cw==
S7n90juKe2IjL1n07Yx7lmsWx7IXWwJ7z4XtWadIz262IBCa0s1ZBQeqmlwUiTIWArEervsgwu6z7GN9vxz8Z0/nqw6t7zWzM3q0Bw==
VgqHxbllVvXGh/p9ZRkWGby0rYuQF/Lo3q00E7hXPkFQy7mArjkjKDrksKmK3XXD3wHVJBjQ07bD7x4fMQMTwNqyiAvKQEZLLrAXEooIB2bDs8M+5BFrPfuwIX2ddWdQtCk=
6uzoUB5yFQOwLXEm26D1nA0ZNZUbGIzMLC36TX86z5MwnrHQ/ObVFTHG4YnJM77p9YCQzXoDpROu4ezZD7R0
U09uP2R5uCWHCLHdru5Aln0pOx2/MjCr6gkJ2W9eGtCNLYKqyuX+wgMk0vKb2COx5/iMm8dzC6IVq+Xv2w60Cw==
LHcAIh+Ju96aJ0Eh7N5DRmsWx7IXWwJ7z4XtWadIz262IBCa0s1ZBQeqmlwViTIWArEervsgwu6z7GN9vxz8Z0/nqw6t7zWzM3q0Bw==
RHadEpuqiaeGZ+nPbE38oK+M4hj8kiQopo2VHmMCdY27smUqNhZ4k2iPSBfjbO0tlbveFBA9FgXbumtbXI6NiDiGUa1tNo2B7XNaYVkwzDV+I2FLUnFAEWu0EA==
KsazvR0E8G0LERyY0QZ8ElLG4MBbJiHUgnJZ44QNORkVEnDK38jzLUq5yYmPLhrArR3CeqoVflKjlBKie6gjocfIzEung4sytRslvzt+tBs=
4CEL40Dzd93PFsX/Z8U+Vhs214V2NQrYWhL+qZSflfRLYVOLuPgWJeApjXo996oWC2ReNpfhSy77jfsTjK0v6Gq5+JMHpxQptj19tAY=
s97pC6K3y2mDSPY5Q4CMOVJx9r6GWrpp0FfJROc5t+scQLq1nKEJ+rl/Voan3PrW8znnnifFP1NIZXMYBmHcs+Pf+DmKNXm0Ag==
i/hPR0McVAAKKWcOrfqhwEu062ufJd1QyGS7MmOr9ish91tkWhbB/9p0rg+ONH+mWnwPQoMXS0o0JQM52/TJyQ2BL3S0DQ==
LHcAIh+Ju96aJ0Eh7N5DRmsWx7IXWwJ7z4XtWadIz262IBCa0s1ZBQeqmlwViTIWArEervsgwu6z7GN9vxz8Z0/nqw6t7zWzM3q0Bw==
WtFKjnIjyktGnmUUgze0TSd5203esdbn6ufNUlAm3p7HgkoqfOvCC6GZvx/JNgDW17zTATJ9GfUnuppMNXlypuIhnj6bkAKek/xjbZ9sPNcvdyueTV91QxNqtBc=
HxPX4XEIUPXnt7LfJXo4t2f73kzIqLEWZnpefJB8AAoLeILu8qhiczt86NJe6tLpeCcRZO8pj6vE8DJVJPHh+tGv7uYvbKIWyynvvn81l9Og1Sv4DnEk87svcJlyZVG0Kg==
1SDRnDPaqJQPEmf978YIgH8qivFqi1EuAHFsYE30zK5EEhoS19yOxDbzCvRK7amY6GyrCiNTZqPBv2t8Wg7xtzr8PvfODG+uerR/2gOPuwIULRMBG4xZQW1JH2y0FQ==
n0ysMggVMfl2KTsu+1/a7F1Lv1t3GXiE12fglnl86fc+hXse41mvlNJ2UhlK1qX5k/a6wUlAbnR2oyoESp2JSCjcy5qjw8bTgW+LTFo+EWd6jJ5nTpwPHrpkX6oDf5tSVJ3zkZsc+bGtGX9ctCU=
atdmT/0PSZC8/yYSnsw35XMe0b5aCk5phoLqX+1GwGa3LFOR0s1ZBQeqmlwViTIWArEervsgwu6z7GN9vxz8Z0/nqw6t7zWzM3q0Bw==
rJ43BlFNvdeUp5Uu9W8eqGCpaMRUs5YA4IIoIKKNkRZvEkmV35KBEkomtNssT4xfr5xRVTFbeoyMrZqNXzrv09AeERCc5vVV0UZBSakznqkVADANGgOFU05hTBlvtBQ=
jfBYr6+UV25LbkVQHclqIn8pivFqi1EuAHFsYE30zK5EEhoS19yOxDbzCvRK7amY6GyrCiNTZqPBv2t8Wg7xtzr8PvfODG+uerR/2gOPuwIULRMBG4xZQW1JH2y0FQ==
IVTqBT2uNPYFA9agz0AIsUwyLg7rn8fewKs1Sl6JyqmVbTil5TsQ5dues5Taipfnvlc7dAoBOTRLqlb8NxrMu5/cAfXB2+rsPG1KrS86H/OAXqHwDGaF9QGGcSm5M46JZUDg7aqDFfO+oRx5X7Qk
CISYjErKCsjk7Q5gxp1IG3WDr6y9rYInYd7TNoRkYnCbUBZZC3XP/f+0lE9TEFmiVOhdOiZv3ZRTUStLYGiuxah5ZXpVJ2J2s/QGdm/RU84z/VOT5B3nyHJJwNPfN2yJfm1VtC4=
GvKQvyZsO9TBALRPMwzJPn8oivFqi1EuAHFsYE30zK5EEhoS19yOxDbzCvRK7amY6GyrCiNTZqPBv2t8Wg7xtzr8PvfODG+uerR/2gOPuwIULRMBG4xZQW1JH2y0FQ==
Mzj5ZY2uKJHYjgkY+35Gdb+65opPksBsEzV4mgMv3hd+X6Zz76xz1yMeWvDWm8pIGWNrYA5TOe7Cnp4FjmYqI1Wy8Gqf6PMNChlJKc8OGuDtvULa6jV+cuM0kgI7iCOBh2hM6+ejixL1u6Ufe160Ow==
atdmT/0PSZC8/yYSnsw35XMe0b5aCk5phoLqX+1GwGa3LFOR0s1ZBQeqmlwViTIWArEervsgwu6z7GN9vxz8Z0/nqw6t7zWzM3q0Bw==
rYUUvJDmMNhd5JPgsBbDUX0pOx2/MjCr8A8JxXdfGtCMN4Sq1v3/wgMk0vKb2COx5/iMm8dzC6IVq+Xv2w60Cw==
H5G+Eb2rRStuSBRi7M1hymsWx7IXWwJ7z4XtWadIz262IBCayMtZGR+rmlwUkzQWHqkfrvsgwu6z7GN9vxz8Z0/nqw6t7zWzM3q0Bw==
yaU5mQYirtZQsW7rPFD4BhYprrXHFeUvmlPJROc5t+scWry1gLkI+rl+TICnwOLX8znnnifFP1NIZXMYBmHcs+Pf+DmKNXm0Ag==
E+4qHcqdF5mJt6N7CAv531o47Mk0EPXzUMNtMzMsPY0FO26u5n06/cq6ezp2SP00kAfBDT323aEdc2qBCfAcVe6jEaviMbAxe7QA
+8mgcXaC0kOqhf4ZgorNnxYqrrXHFeUvmlPJROc5t+scWry1gLkI+rl+TICnwOLX8znnnifFP1NIZXMYBmHcs+Pf+DmKNXm0Ag==
E+4qHcqdF5mJt6N7CAv531o47Mk0EPXzUMNtMzMsPY0FO26u5n06/cq6ezp2SP00kAfBDT323aEdc2qBCfAcVe6jEaviMbAxe7QA
rNOHzso5835D9C0SkfkE2BYrrrXHFeUvmlPJROc5t+scWry1gLkI+rl+TICnwOLX8znnnifFP1NIZXMYBmHcs+Pf+DmKNXm0Ag==
E+4qHcqdF5mJt6N7CAv531o47Mk0EPXzUMNtMzMsPY0FO26u5n06/cq6ezp2SP00kAfBDT323aEdc2qBCfAcVe6jEaviMbAxe7QA
TxCSn2vj1dDNf9PisunTFa2D/0yo02YsqNm1DX4CQY27smUqNhZ4k2iPSBfjbO0tlbveDhY9Ch3aumtaRoiNlCCHUa1tNo2B7XNaYVkwzDV+I2FLUnFAEWu0EA==
gmgT+qeIi2Upo9nxbv+z097nDA1OvXH5FZ1ONrmNeNmN2MlHNxk2t+T/ytoPRimmzWV57b2O4G6nBBM5WEP50U+DmnREW5SejgFfhuso4ibjROPV79Tcb1/P66Y9Z5V7Y1K0Lw==
LCM7zvyieLUL5af25EqsWtr2AUMc/je4AM5OMrSNKo2a1NhJJggrrv7/ytoPRimmzWV57b2O4G6nBBM5WEP50U+DmnREW5SejgFfhuso4ibjROPV79Tcb1/P66Y9Z5V7Y1K0Lw==
Tl3V1pC4i7Qe1FLeTO5krd7kDA1OvXH5FZ1ONrmNeNmN2MlHNxk2t+T/ytoPRimmzWV57b2O4G6nBBM5WEP50U+DmnREW5SejgFfhuso4ibjROPV79Tcb1/P66Y9Z5V7Y1K0Lw==
NnWxacNa1X3i/QBJL078qdj2AUMa/je4AM5OMrSNKo2a1NhJJggrrv7/ytoPRimmzWV57b2O4G6nBBM5WEP50U+DmnREW5SejgFfhuso4ibjROPV79Tcb1/P66Y9Z5V7Y1K0Lw==
CF7SHCeixrXfaIJX5F+aid7lDA1OvXH5FZ1ONrmNeNmN2MlHNxk2t+T/ytoPRimmzWV57b2O4G6nBBM5WEP50U+DmnREW5SejgFfhuso4ibjROPV79Tcb1/P66Y9Z5V7Y1K0Lw==
+kLROQ6Y2vHXQ7YWJdbGRBjah7AqUlmxr23xJ1gJNnv/XOE1odsKNlrttnVOOv+y+thBrHRnZbVhBpFp2TOuycXAQK2KgzWzHiG8OX+0BA==
gmw+dRuFM5tBkFUBUwwnpmG0dtQP5tgG4IQuAL6QtgN7GkiV35KBEkomtNssT4xfr5xRVTFbepaKrYaVXjrv0soYEQyE5/VV0UZBSakznqkVADANGgOFU05hTBlvtBQ=
uJZrTzg500SKAxz3ppJ41xB1YyxEK25pVvyIu1UZI/36qe9EPOGIexkzYcy4uANug7fUMVE3+/naing5rGiKC29ox3oq4LceQ0tzVkT5O2U7aHFVfV0XaLQR
UjJpWS3X5n6kNsWMs5xvNyZ5203esdbn6ufNUlAm3p7HgkoqfOvCC6GZvx/JNgDW17zTATJ9GfUnuppMNXlypuIhnj6bkAKek/xjbZ9sPNcvdyueTV91QxNqtBc=
KsazvR0E8G0LERyY0QZ8ElLG4MBbJiHUgnJZ44QNORkVEnDK38jzLUq5yYmPLhrArR3CeqoVflKjlBKie6gjocfIzEung4sytRslvzt+tBs=
s97pC6K3y2mDSPY5Q4CMOVJx9r6GWrpp0FfJROc5t+scQLq1nKEJ+rl/Voan3PrW8znnnifFP1NIZXMYBmHcs+Pf+DmKNXm0Ag==
i/hPR0McVAAKKWcOrfqhwEu062ufJd1QyGS7MmOr9ish91tkWhbB/9p0rg+ONH+mWnwPQoMXS0o0JQM52/TJyQ2BL3S0DQ==
Hs7M4xd+Fe8XOvkxYNaUzTybm7kDSfHijw4kHnqHgq9xg2Y6No/jaF+QgpV00RH6oY8+pp+MMpY7ib9+T1WH07D127hekZRzK48AWaIFYbQa
jQRbshQq6q0p0XK8FYUa3VJx9r6GWrpp0FfJROc5t+scWry1gLkI+rl+TICnwOLX8znnnifFP1NIZXMYBmHcs+Pf+DmKNXm0Ag==
gmw+dRuFM5tBkFUBUwwnpmG0dtQP5tgG4IQuAL6QtgN7GkiV35KBEkomtNssT4xfr5xRVTFbepaKrYaVXjrv0soYEQyE5/VV0UZBSakznqkVADANGgOFU05hTBlvtBQ=
uJZrTzg500SKAxz3ppJ41xB1YyxEK25pVvyIu1UZI/36qe9EPOGIexkzYcy4uANug7fUMVE3+/naing5rGiKC29ox3oq4LceQ0tzVkT5O2U7aHFVfV0XaLQR
Fky0+3LxkCXnlS6C+Tifd0p5PXibwnudjxLdrZpLrgmYTC6gqJztw4uLlKq0UQx9JjIAhcPAXP44yRJz06xdTSU7Tm5G/do9qrqbehbIXXSwB+FN3Xa9Yf1zSkGpcLyVjqPx64KxEHFbtCA=
jQRbshQq6q0p0XK8FYUa3VJx9r6GWrpp0FfJROc5t+scWry1gLkI+rl+TICnwOLX8znnnifFP1NIZXMYBmHcs+Pf+DmKNXm0Ag==
dVgyzMkzXZSTeMvPqBgykEu062ufJd1QyGS7MmOr7C0h60NlWhbA5dx0shePNH+mWnwPQoMXS0o0JQM52/TJyQ2BL3S0DQ==
SASH0LI1Kw2fLREK0f9rW0B956nEWf1u1QyOWu4/q6gXWry1gLkI+rl+TICnwOLX8znnnifFP1NIZXMYBmHcs+Pf+DmKNXm0Ag==
0n3GB6ho5OoeHuV/ra5HCxIo3o9tI0/MFFi5oYjA0upCZ0/Is/gWJeApjXo996oWC2ReNpfhSy77jfsTjK0v6Gq5+JMHpxQptj19tAY=
Hs7M4xd+Fe8XOvkxYNaUzTybm7kDSfHijw4kHnqHgq9xg2Y6No/jaF+QgpV00RH6oY8+pp+MMpY7ib9+T1WH07D127hekZRzK48AWaIFYbQa
0gp7BRGJwogpe9xKB0ZheiLahTzO8RjGgPZX1KH6K02HdjrUn8f8VyUbDlvW3Kms93Z2/QXpq6ahHQ7bybzw3uA3aU3HBxr43M8k4iblvyqTnDL6qwCjGTeArFO368vKBZOFZ2tWtCM=
HRh9s6MONTfGe5+4Vb2qavctNglVOD0TPI8UR9ypi1QRI7M1QvbE406zandPkbNOUz1zkwRdR0jSCSDT//fMCZ4tdbQO
Ppka39JrL7ZyTqlsoNsZefctNglVOD0TPIsWSdypi1QRI7M1QvbE406zandPkbNOUz1zkwRdR0jSCSDT//fMCZ4tdbQO
9Rmdqg9ax0GiXAr7hys55eX9Hq/Nsaz9g3TBlanJ5g9A5+6b7fwtbj6ojQ1xNQWrCeFqGLfq5g4veCQvZfjcg8IoQ84lEUM6eRzQewsV2IZhieUeJXGBh/zW6oAdCl18XYC0CucPtEpHupY3L1Y7Yw3O8rsz11NRIyT1A9w3Q9pzbPIKS/Cj6ddwbKNXG0s65WNFl4umtNM=
Qd15OSyX9Bl2aVXUsBKW3NG70I+EsA6KxURPr7Y22NeUzQh2D/EfrTqQ13IKqEeGw9MDnmTxKx370OHdHZUncLQJ
kEvLQbt3X0oZqHXJONjY4JtYPfnBkJTgpMbEyIDU3lWlrx72h6NMM0bMsiEd3ycl6LiXEI7J+8c6eslNHMzoiO+yA7OEUAn39EG116jB0JLz9nMXCyVje21gMaVGBO25Lxq0tefTjLuTtvDhLnNmLSHJEDYWG6U1oQbR6ZkzbkmFwAAtSoP1M14h/Lm/tMQ=
eQTyjtb/kFvlOLrgs+qjYCld1vo8sT8wEDoMD3CO6dQUHX2Wli7e34zSDVJ/wTfc/9gnCuow1w5DW5MGBAlb1bsY0eU9jTd4tAE=
PCTDHd2qnrB6MXjRc8OKF5yzTw1KpHa8NZdfPKyFLM6+mdZMJwQ87vO+ipIeRCnpyy1xpKqO52G9GRFlQwDo1E201QNUR4eDlRVfhuso4ibjROPV79Tcb1/P66Y9Z5V7Y1K0Lw==
RKhefpXfH8ADMcq9URNNNTHe5PvT8cM9bd3TNrhiRmGEUl4WDWXH+KO1gUJbRB/lHPVaIXV43ZNcSzZJPGnr1LFjUzUiNmRjrvMKd2/RU84z/VOT5B3nyHJJwNPfN2yJfm1VtC4=
uVdwg9W/AgHBdhyMdtyUGCy9lQathGIWMZ3jiGd9LSL3zJt1uC0GYamguYNYQ1pp0KGvZFXbL7XejgDTartmV4PZV97XpQ9TOEVDWPbBbDNzfyh5WhVptBI=
L21Lc2MK/smqWqvUfGY0s8kSiGRQhmA3s5FmFjWV/5iLRUkCE5S3hYRlwqHt6EUzNJv+CXRZA/TJU6s1WgacQ8bDwrcngbtuq23LE3yNfyjaGQgTl0dEaUYdbbQW
pmK9kNu9Sm3yF7C9tXki1eAhp0FhtEEthJFmFjWV/5iLRUkCE5S3hYRlwqHt6EUzNJv+CXRZA/TJU6s1WgacQ8bDwrcngbtuq23LE3yNfyjaGQgTl0dEaUYdbbQW
9wTNB+xvx1pDGiWUUT61/vrAoBn2jzM/4JazGXkAHcm/smU4IR0iiWTBSwTja+I3iLmCFVUsDx/t9RxKWpuQjzSHUa1tNo2B7XNaYVkwzDV+I2FLUnFAEWu0EA==
8d791SgkJPObj+pK19UblVA/hsxtcXzVZ+wELq8m/ij5dT8IMkEWd8W9sk7wzlX39K25JgZUt+xXu1mNX275LdMrcwJmz8zwrptH82ia6OMeEZzE6hNV15FcEKHckPFHfOFtB4DB+EIrVvun8+U7a2WACdXuhAUJVzq8pb+TNEsb1qgxxnMOffkpmEau230lqSYpWfGzxrm9oAg9ksONg9aBpOmXtOw=
1WC/Jf4nuE7AiwrZ1ZFwuild1vs8sT8wEDoMD3CO6dQUHX2Wli7e34zSDVJ/wTfc/9gnCuow1w5DW5MGBAlb1bsY0eU9jTd4tAE=
hfOvyZXwz32oJD42oO1unsh6o6hnuKqpwATC5ywZJS9gcwSNZIgMaF03Of9P9SuViWPmKCPBMtGUWlqWFdk2+l5cY+3hPJuizhvRsF6631mTrXO0wmL+byCu7E1euVBBUPuW5KuiB8lQ+iewwGLPXQ/M22PD7zmDDGHV19mXKEQqfPNa5UUcu1VttEpgjDBzs7sHBBbtaiDHa9p5OwvGQb5Ofc5di8VVjSdj2J+5COTjZYEieikJowLnvQ6+/UCzCLFv8b5qGGtLKW++/zUX0yDVq/iOcaTzOy/wmfJl0bSq
afuq1XsBbaMKUdv7OeZq9k6Snp7Dn5E0LaTSxDhaaqOpGpChThMggbRxt4InLN8Ht6R77As2hVCJEcGNU2WYvvKGwEfRO8pn8Xrc81RwKSJfwMB3lEkXmVRXMeNH78HReRVgLiSAQdlwrDxN7EDNnl5I91Z5rhuV+05LRAm35EveEP6A4/sTPMdf5g0i38PCCfSwY1udmL7RIcVGtTmB/wy+ChjNAp3EbagU0vfHNLI3UvYvf957W71m0uOjn1Mp00wVmww/g2JDRFLSWzgjEaeYDLsHkwsCVctlzxvutKs=
Bch9X4woguRGh5ebgU5tzf3gzraD0paY4cp1QPCS2PdmnJlFITn0ovODfCe1+rZS/UrHdXkvo3UIbkDPrPhBfzO3ZXw3N2jPcLrHMGCir10vjDDmZC9ZgywhNVd5V0hEyjxT2oWFPLu1LRTKAEwQc1P7p4R2LUogJyt6+VvL5kGejh1O/cslVa3nA1g/+ejkw6Xhotpp6aMiJ92OHr2gs2hxz3FeKjhrK+nPPh91N9NAFQt4bjGE81vvUBkSJfG0ig==
FbINYYIICUQ2DszlteR6qZ1V23Bq2Cejqn0Lnd7i/B2+f5H78Tth1Bw77frLsBL6att163BontnCk0B10ATEL/BjZEOWZTuR0ZF7l//XXbwGN5ukg1D4HT9cxaPHzwh12c0z1cHXdQd4MADqcS9M7nSCLBWzOLLzjuj9JIsDZ6zjKr1NJA2Swibeh9HjCrtd7gM2xeMkJYaInZ/XyGgNg63oQYMBeYAskoZp6C2y0WrcnKMd1JRbYA4Re9RrTaEE+g2X5RPvHx5NReiV89S/xtpcz6KDdwtqtMVDWdtUCemN4W/UtK0=
RK/t9Mjk85R5RlyASRgO6Z1V23Bq2Cejqn0Lnd7i/B2+f5H78Tth1Bw77frLsBL6att163BontnFkUB10ATEL/BjZUOWZTuR0ZF7l//XXbwGN5ukg1D4HT9cxaPHzwh12c0z1cHXdQd4MADqcS9M7nSCLBWzOLLzjuj9JIsDZ6zjKr1NJA2Swibeh9HjCrtd7gM2xeMkJYaInZ/XyGgNg63oQYMBeYAskoZp6C2y0WrcnKMd1JRbYA4Re9RrTaEE+g2X5RPvHx5NReiV89S/xtpcz6KDdwtqtMVDWdtUCemN4W/UtK0=
R2tSpOmOADlVHeNscWD5Gp1V23Bq2Cejqn0Lnd7i/B2+f5H78Tth1Bw77frLsBL6att163BontnCk0B10ATEL/BjakOWZTuR0ZF7l//XXbwGN5ukg1D4HT9cxaPHzwh12c0z1cHXdQd4MADqcS9M7nSCLBWzOLLzjuj9JIsDZ6zjKr1NJA2Swibeh9HjCrtd7gM2xeMkJYaInZ/XyGgNg63oQYMBeYAskoZp6C2y0WrcnKMd1JRbYA4Re9RrTaEE+g2X5RPvHx5NReiV89S/xtpcz6KDdwtqtMVDWdtUCemN4W/UtK0=
b2sV3X2gAU5DOKccaBbgPp1V23Bq2Cejqn0Lnd7i/B2+f5H78Tth1Bw77frLsBL6att163BontnFkUB10ATEL/Bja0OWZTuR0ZF7l//XXbwGN5ukg1D4HT9cxaPHzwh12c0z1cHXdQd4MADqcS9M7nSCLBWzOLLzjuj9JIsDZ6zjKr1NJA2Swibeh9HjCrtd7gM2xeMkJYaInZ/XyGgNg63oQYMBeYAskoZp6C2y0WrcnKMd1JRbYA4Re9RrTaEE+g2X5RPvHx5NReiV89S/xtpcz6KDdwtqtMVDWdtUCemN4W/UtK0=
8b1VKWTkHvIA1z2bFUx3S51V23Bq2Cejqn0Lnd7i/B2+f5H78Tth1Bw77frLsBL6att163BontnCk0B10ATEL/BjaEOWZTuR0ZF7l//XXbwGN5ukg1D4HT9cxaPHzwh12c0z1cHXdQd4MADqcS9M7nSCLBWzOLLzjuj9JIsDZ6zjKr1NJA2Swibeh9HjCrtd7gM2xeMkJYaInZ/XyGgNg63oQYMBeYAskoZp6C2y0WrcnKMd1JRbYA4Re9RrTaEE+g2X5RPvHx5NReiV89S/xtpcz6KDdwtqtMVDWdtUCemN4W/UtK0=
KqMHjxpjScy+JmkE5VoukJ1V23Bq2Cejqn0Lnd7i/B2+f5H78Tth1Bw77frLsBL6att163BontnFkUB10ATEL/BjaUOWZTuR0ZF7l//XXbwGN5ukg1D4HT9cxaPHzwh12c0z1cHXdQd4MADqcS9M7nSCLBWzOLLzjuj9JIsDZ6zjKr1NJA2Swibeh9HjCrtd7gM2xeMkJYaInZ/XyGgNg63oQYMBeYAskoZp6C2y0WrcnKMd1JRbYA4Re9RrTaEE+g2X5RPvHx5NReiV89S/xtpcz6KDdwtqtMVDWdtUCemN4W/UtK0=
ssTHSfmrY/rh9em72OzTNp1V23Bq2Cejqn0Lnd7i/B2+f5H78Tth1Bw77frLsBL6att163BontnCk0B10ATEL/BjbkOWZTuR0ZF7l//XXbwGN5ukg1D4HT9cxaPHzwh12c0z1cHXdQd4MADqcS9M7nSCLBWzOLLzjuj9JIsDZ6zjKr1NJA2Swibeh9HjCrtd7gM2xeMkJYaInZ/XyGgNg63oQYMBeYAskoZp6C2y0WrcnKMd1JRbYA4Re9RrTaEE+g2X5RPvHx5NReiV89S/xtpcz6KDdwtqtMVDWdtUCemN4W/UtK0=
yhP02iFwhhYXVukkTReY651V23Bq2Cejqn0Lnd7i/B2+f5H78Tth1Bw77frLsBL6att163BontnFkUB10ATEL/Bjb0OWZTuR0ZF7l//XXbwGN5ukg1D4HT9cxaPHzwh12c0z1cHXdQd4MADqcS9M7nSCLBWzOLLzjuj9JIsDZ6zjKr1NJA2Swibeh9HjCrtd7gM2xeMkJYaInZ/XyGgNg63oQYMBeYAskoZp6C2y0WrcnKMd1JRbYA4Re9RrTaEE+g2X5RPvHx5NReiV89S/xtpcz6KDdwtqtMVDWdtUCemN4W/UtK0=
y6beZakMSbt3CScR4TztyZ1V23Bq2Cejqn0Lnd7i/B2+f5H78Tth1Bw77frLsBL6att163BontnCk0B10ATEL/BjbEOWZTuR0ZF7l//XXbwGN5ukg1D4HT9cxaPHzwh12c0z1cHXdQd4MADqcS9M7nSCLBWzOLLzjuj9JIsDZ6zjKr1NJA2Swibeh9HjCrtd7gM2xeMkJYaInZ/XyGgNg63oQYMBeYAskoZp6C2y0WrcnKMd1JRbYA4Re9RrTaEE+g2X5RPvHx5NReiV89S/xtpcz6KDdwtqtMVDWdtUCemN4W/UtK0=
stkX9gTA7s+pdr3IjlFm1p1V23Bq2Cejqn0Lnd7i/B2+f5H78Tth1Bw77frLsBL6att163BontnFkUB10ATEL/BjbUOWZTuR0ZF7l//XXbwGN5ukg1D4HT9cxaPHzwh12c0z1cHXdQd4MADqcS9M7nSCLBWzOLLzjuj9JIsDZ6zjKr1NJA2Swibeh9HjCrtd7gM2xeMkJYaInZ/XyGgNg63oQYMBeYAskoZp6C2y0WrcnKMd1JRbYA4Re9RrTaEE+g2X5RPvHx5NReiV89S/xtpcz6KDdwtqtMVDWdtUCemN4W/UtK0=
dUWdxMC1B8BAII4vurW9z51V23Bq2Cejqn0Lnd7i/B2+f5H78Tth1Bw77frLsBL6att163BontnCk0B10ATEL/BjZEKWZTuR0ZF7l//XXbwGN5ukg1D4HT9cxaPHzwh12c0z1cHXdQd4MADqcS9M7nSCLBWzOLLzjuj9JIsDZ6zjKr1NJA2Swibeh9HjCrtd7gM2xeMkJYaInZ/XyGgNg63oQYMBeYAskoZp6C2y0WrcnKMd1JRbYA4Re9RrTaEE+g2X5RPvHx5NReiV89S/xtpcz6KDdwtqtMVDWdtUCemN4W/UtK0=
ibYUbhCrVceP9fWnB9hec51V23Bq2Cejqn0Lnd7i/B2+f5H78Tth1Bw77frLsBL6att163BontnFkUB10ATEL/BjZUKWZTuR0ZF7l//XXbwGN5ukg1D4HT9cxaPHzwh12c0z1cHXdQd4MADqcS9M7nSCLBWzOLLzjuj9JIsDZ6zjKr1NJA2Swibeh9HjCrtd7gM2xeMkJYaInZ/XyGgNg63oQYMBeYAskoZp6C2y0WrcnKMd1JRbYA4Re9RrTaEE+g2X5RPvHx5NReiV89S/xtpcz6KDdwtqtMVDWdtUCemN4W/UtK0=
ZG52fdmWUYbov2Cio304vZ1V23Bq2Cejqn0Lnd7i/B2+f5H78Tth1Bw77frLsBL6att163BontnCk0B10ATEL/BjakKWZTuR0ZF7l//XXbwGN5ukg1D4HT9cxaPHzwh12c0z1cHXdQd4MADqcS9M7nSCLBWzOLLzjuj9JIsDZ6zjKr1NJA2Swibeh9HjCrtd7gM2xeMkJYaInZ/XyGgNg63oQYMBeYAskoZp6C2y0WrcnKMd1JRbYA4Re9RrTaEE+g2X5RPvHx5NReiV89S/xtpcz6KDdwtqtMVDWdtUCemN4W/UtK0=
2g2Mp1vNNd/uRl5mwdU+L51V23Bq2Cejqn0Lnd7i/B2+f5H78Tth1Bw77frLsBL6att163BontnFkUB10ATEL/Bja0KWZTuR0ZF7l//XXbwGN5ukg1D4HT9cxaPHzwh12c0z1cHXdQd4MADqcS9M7nSCLBWzOLLzjuj9JIsDZ6zjKr1NJA2Swibeh9HjCrtd7gM2xeMkJYaInZ/XyGgNg63oQYMBeYAskoZp6C2y0WrcnKMd1JRbYA4Re9RrTaEE+g2X5RPvHx5NReiV89S/xtpcz6KDdwtqtMVDWdtUCemN4W/UtK0=
Vvt4FQQYYJ5NquHHdPQPF51V23Bq2Cejqn0Lnd7i/B2+f5H78Tth1Bw77frLsBL6att163BontnCk0B10ATEL/BjaEKWZTuR0ZF7l//XXbwGN5ukg1D4HT9cxaPHzwh12c0z1cHXdQd4MADqcS9M7nSCLBWzOLLzjuj9JIsDZ6zjKr1NJA2Swibeh9HjCrtd7gM2xeMkJYaInZ/XyGgNg63oQYMBeYAskoZp6C2y0WrcnKMd1JRbYA4Re9RrTaEE+g2X5RPvHx5NReiV89S/xtpcz6KDdwtqtMVDWdtUCemN4W/UtK0=
C8HgQusTWYfXglE5Veb1f51V23Bq2Cejqn0Lnd7i/B2+f5H78Tth1Bw77frLsBL6att163BontnFkUB10ATEL/BjaUKWZTuR0ZF7l//XXbwGN5ukg1D4HT9cxaPHzwh12c0z1cHXdQd4MADqcS9M7nSCLBWzOLLzjuj9JIsDZ6zjKr1NJA2Swibeh9HjCrtd7gM2xeMkJYaInZ/XyGgNg63oQYMBeYAskoZp6C2y0WrcnKMd1JRbYA4Re9RrTaEE+g2X5RPvHx5NReiV89S/xtpcz6KDdwtqtMVDWdtUCemN4W/UtK0=
IuzJ4Qq1Pt0yVMEBIGIf8p1V23Bq2Cejqn0Lnd7i/B2+f5H78Tth1Bw77frLsBL6att163BontnCk0B10ATEL/BjbkKWZTuR0ZF7l//XXbwGN5ukg1D4HT9cxaPHzwh12c0z1cHXdQd4MADqcS9M7nSCLBWzOLLzjuj9JIsDZ6zjKr1NJA2Swibeh9HjCrtd7gM2xeMkJYaInZ/XyGgNg63oQYMBeYAskoZp6C2y0WrcnKMd1JRbYA4Re9RrTaEE+g2X5RPvHx5NReiV89S/xtpcz6KDdwtqtMVDWdtUCemN4W/UtK0=
y73uRU5nhMTN3NSvFKnZcp1V23Bq2Cejqn0Lnd7i/B2+f5H78Tth1Bw77frLsBL6att163BontnFkUB10ATEL/Bjb0KWZTuR0ZF7l//XXbwGN5ukg1D4HT9cxaPHzwh12c0z1cHXdQd4MADqcS9M7nSCLBWzOLLzjuj9JIsDZ6zjKr1NJA2Swibeh9HjCrtd7gM2xeMkJYaInZ/XyGgNg63oQYMBeYAskoZp6C2y0WrcnKMd1JRbYA4Re9RrTaEE+g2X5RPvHx5NReiV89S/xtpcz6KDdwtqtMVDWdtUCemN4W/UtK0=
yrCm8KArWwP5wjz0rNYGK51V23Bq2Cejqn0Lnd7i/B2+f5H78Tth1Bw77frLsBL6att163BontnCk0B10ATEL/BjbEKWZTuR0ZF7l//XXbwGN5ukg1D4HT9cxaPHzwh12c0z1cHXdQd4MADqcS9M7nSCLBWzOLLzjuj9JIsDZ6zjKr1NJA2Swibeh9HjCrtd7gM2xeMkJYaInZ/XyGgNg63oQYMBeYAskoZp6C2y0WrcnKMd1JRbYA4Re9RrTaEE+g2X5RPvHx5NReiV89S/xtpcz6KDdwtqtMVDWdtUCemN4W/UtK0=
q6Nolpk7ToL7a0Zi00gnhZ1V23Bq2Cejqn0Lnd7i/B2+f5H78Tth1Bw77frLsBL6att163BontnFkUB10ATEL/BjbUKWZTuR0ZF7l//XXbwGN5ukg1D4HT9cxaPHzwh12c0z1cHXdQd4MADqcS9M7nSCLBWzOLLzjuj9JIsDZ6zjKr1NJA2Swibeh9HjCrtd7gM2xeMkJYaInZ/XyGgNg63oQYMBeYAskoZp6C2y0WrcnKMd1JRbYA4Re9RrTaEE+g2X5RPvHx5NReiV89S/xtpcz6KDdwtqtMVDWdtUCemN4W/UtK0=
KaMyRu42weKrHRLs+hCqEFOs+N9hxj0QH651Soy0pjmNPA3vs5Eh7PNZA6fPO3wdKHFancojp7ywZFadM7pMfnckM65NnAh16vUxWK/C6qFmRqNnnyvUxha3rumXtS2tMzWG7SLtbDYB34N2TwD9fydTsOmpkQvJwctNWwisuHaR83SyBJ8Axm3kCmb/tEX4ax9fsJN2BdGkkSqeVsK/zQPWAwGen44ZI/gdmvjBpwso9LUf3bR5nwFluHDiGtF0zW7pNqyAm8EUSOP8fk3DCItRmRiKUS95k3OnQj1Z0IkTCAeaqsB3fkOrM3bEmXuFO8ixdf29V8i0sQ==
bB07nA/Sng0F4GwFU+cXwJ1V23Bq2Cejqn0Lnd7i/B2+f5H78Tth1Bw77frLsBL6att163BontnFkUB10ATEL/BjZE2WZTuR0ZF7l//XXbwGN5ukg1D4HT9cxaPHzwh12c0z1cHXdQd4MADqcS9M7nSCLBWzOLLzjuj9JIsDZ6zjKr1NJA2Swibeh9HjCrtd7gM2xeMkJYaInZ/XyGgNg63oQYMBeYAskoZp6C2y0WrcnKMd1JRbYA4Re9RrTaEE+g2X5RPvHx5NReiV89S/xtpcz6KDdwtqtMVDWdtUCemN4W/UtK0=
Gix6kVIzw9Njk3zJ7gDF26Jhi8Z8dje0YUtkJ7+jWhuH5sXFKF4Szvm18eA8OsEBDHQ/1RTwGaXWuaZuM/uXupBNXIJpdvMTNaJPxoDP1Cmd9+Zqqn6Q+rWxPnGpeyWTdD9qah5lPK1aQVrv9MxZZk2Z+h6VOEL2Jf1lmBmr8YsTkwZlp/87Q2IEYKgR8pfBliv/CQaCothaU1mvBQwkCUBwja8o0VmfTME02h9mr0+PBafDUdCdreLEiTFD6shNozOIY8+mXCkK80JljdnMbhJ7YU1ddj1hfXPKQSlwPJUOo3HrArGQcdu0oA==
KaMyRu42weKrHRLs+hCqEFOs+N9hxj0QH651Soy0pjmNPA3vs5Eh7PNZA6fPO3wdKHFancojp7ywZFadM7pMfnckM65NnAh16vUxWK/C6qFmRqNnnyvUxha3rumXtS2tMzWG7SLtbDYB34N2TwD9fydTsOmpkQvJwctNWwisuHaR83SyBJ8Axm3kCmb/tEX4ax9fsJN2BdGkkSqeVsK/zQPWAwGen44ZI/gdmvjBpwso9LUf3bR5nwFluHDiGtF0zW7pNqyAm8EUSOP8fk3DCItRmRiKUS95k3OnQj1Z0IkTCAeaqsB3fkOrM3bEmXuFO8ixdf29V8i0sQ==
Gix6kVIzw9Njk3zJ7gDF26Jhi8Z8dje0YUtkJ7+jWhuH5sXFKF4Szvm18eA8OsEBDHQ/1RTwGaXWuaZuM/uXupBNXIJpdvMTNaJPxoDP1Cmd9+Zqqn6Q+rWxPnGpeyWTdD9qah5lPK1aQVrv9MxZZk2Z+h6VOEL2Jf1lmBmr8YsTkwZlp/87Q2IEYKgR8pfBliv/CQaCothaU1mvBQwkCUBwja8o0VmfTME02h9mr0+PBafDUdCdreLEiTFD6shNozOIY8+mXCkK80JljdnMbhJ7YU1ddj1hfXPKQSlwPJUOo3HrArGQcdu0oA==
KaMyRu42weKrHRLs+hCqEFOs+N9hxj0QH651Soy0pjmNPA3vs5Eh7PNZA6fPO3wdKHFancojp7ywZFadM7pMfnckM65NnAh16vUxWK/C6qFmRqNnnyvUxha3rumXtS2tMzWG7SLtbDYB34N2TwD9fydTsOmpkQvJwctNWwisuHaR83SyBJ8Axm3kCmb/tEX4ax9fsJN2BdGkkSqeVsK/zQPWAwGen44ZI/gdmvjBpwso9LUf3bR5nwFluHDiGtF0zW7pNqyAm8EUSOP8fk3DCItRmRiKUS95k3OnQj1Z0IkTCAeaqsB3fkOrM3bEmXuFO8ixdf29V8i0sQ==
Gix6kVIzw9Njk3zJ7gDF26Jhi8Z8dje0YUtkJ7+jWhuH5sXFKF4Szvm18eA8OsEBDHQ/1RTwGaXWuaZuM/uXupBNXIJpdvMTNaJPxoDP1Cmd9+Zqqn6Q+rWxPnGpeyWTdD9qah5lPK1aQVrv9MxZZk2Z+h6VOEL2Jf1lmBmr8YsTkwZlp/87Q2IEYKgR8pfBliv/CQaCothaU1mvBQwkCUBwja8o0VmfTME02h9mr0+PBafDUdCdreLEiTFD6shNozOIY8+mXCkK80JljdnMbhJ7YU1ddj1hfXPKQSlwPJUOo3HrArGQcdu0oA==
KaMyRu42weKrHRLs+hCqEFOs+N9hxj0QH651Soy0pjmNPA3vs5Eh7PNZA6fPO3wdKHFancojp7ywZFadM7pMfnckM65NnAh16vUxWK/C6qFmRqNnnyvUxha3rumXtS2tMzWG7SLtbDYB34N2TwD9fydTsOmpkQvJwctNWwisuHaR83SyBJ8Axm3kCmb/tEX4ax9fsJN2BdGkkSqeVsK/zQPWAwGen44ZI/gdmvjBpwso9LUf3bR5nwFluHDiGtF0zW7pNqyAm8EUSOP8fk3DCItRmRiKUS95k3OnQj1Z0IkTCAeaqsB3fkOrM3bEmXuFO8ixdf29V8i0sQ==
Gix6kVIzw9Njk3zJ7gDF26Jhi8Z8dje0YUtkJ7+jWhuH5sXFKF4Szvm18eA8OsEBDHQ/1RTwGaXWuaZuM/uXupBNXIJpdvMTNaJPxoDP1Cmd9+Zqqn6Q+rWxPnGpeyWTdD9qah5lPK1aQVrv9MxZZk2Z+h6VOEL2Jf1lmBmr8YsTkwZlp/87Q2IEYKgR8pfBliv/CQaCothaU1mvBQwkCUBwja8o0VmfTME02h9mr0+PBafDUdCdreLEiTFD6shNozOIY8+mXCkK80JljdnMbhJ7YU1ddj1hfXPKQSlwPJUOo3HrArGQcdu0oA==
Cq3OeUD0JUTgiEQv6lpGg8XSv8VuqDuJe64HyrCl1qvIBgA9U3j/N341kUrzk7UpRQXYMRdEVtwdkNhFYkNk8pJrCbKoWt/OJLZmp0x9BYSIPi/JJ1ezhhXPBbbKVhbkNZA7qbqO7Jrnv60NEpmMeeSFHqQh5vXM7s27IDJIfqMfrP0pNsOQQSgTx7fRqlwa09iklezOaLPOD6ca7A546t1YFCotnnK98T2K9bSKwWc7Db/SIGJhOx+ES6IMv5V0XpbQY/UV1zGUODOuLGbQJdVRCsnAtge+e8W3KiQS4dxMFBB15v5QCNWnPFYSeJ3ko/ww5F8RXXHvPllnP3bLWcwfWroPBXP1uI5Qj1xYEX9jF5U8J9fYT6Cat/Dx1pBDXyyiqVfPCQPcASWXyTeYRJrc45qVpUw7ZU0kCpDs4HNjGzfEhg0aoJdLajkrazZBTi5tju2rldX9x/MYrxnY5DMFcWLqCTkjUgfNzq5d8LO4EX+xTgrI63sJ/36P1UfTcHWbuB4RVHPrD0BZ4oWhtNo=
UGBfHLwe33kMWCAFgNsTtqo9pxtdZByKd1Un1BDgcbTR2HUl0bpsHig+kegBjXiN/gxHNmuiUFSyGYV/h54pjjRNl6wLWlGTf66WGWSRawU7RkRN9OCdVgkIbvhtospT4IV0gApELTsAZyJ6zTqh+38vGYEvsVDwWK6Eow98/AseDZPKViINV627WdUB8LvYrF8a1tKrgd3Qk5vjbcAmNfiruqgCK+7sUDnFrI9dGR0sosee51BmsRz6s5IGzD51KSaEyyxPB1S7POkpakTi5aATZZAbRR0xaDzWFueQ1j0k8sx5Du9x5/BbMMhVK3p7Hr4ERtYfkA4vhrkifB47hqA46ZllBR7u69htxRznA9Xekv/mnRqolkmj5w14UEyooMOTqvYd7RaBwvsBM3L74BF7ZL+2jK6EW1czaE8jFmn60wN2ISggpyNx+KqZnfViLXWBi+Si2pz1Lj0QZVRkNq9LdIafDuZrh7Kbz3VaYke7U9Pdu9BFn7STozbLOKK2gzTjpY9EnH9/f2sWHXdV64OitN8=
bdSOCaUWQkS0f5QR60tqJGZpaBfsBcG4zYVQDfrp72tqhC5X3WDx56BO+mJFJeTYQNPebmLLLoegeVQ45Rsae2SBZLdf5Xgmn3jEWTI353mHNwENGOakp68wMv0C2ASycH8KEbMEPlJpETFb1bbTY5MubJoghAOcHfHsImoqgfN7FRT1urlS6Zg896qT/Ojh7XiUxMjDqWDbMSDvVvFOn1Fvl8ZqGuW04k16Qg4DCCOxAsrCzopr1LJye7J0jZdxXG0y5nenDWG5yvYuB4uZKB36KrOjFGhadvtjuREB8jQldmoKZqVjPUwR1rphjr1pIbKC3te8ehg2LbBS1riz6+pOFBSrJBWQtnyJXTtB6RIPP5n6fTl603yiGSm1Rd4CxlcaNCd/VXvT5LFbvv9mtqHo1xomI+mgBPEB4w8zuk3zD09bLoSssOWCQ+kqi+PhclK24NYTVdeRXBCh3JDxR3zhbQeAwfhCK1b7p/PlO2tlgAnV7oQFCVc6vKW/kzRLG9aoMcZzDn35KZhGrtt9JakmKVnxs8a5vaAIPZLDjYPWgaTpl7Ts
I9ni+N6JStcIN41w7pSGI43I6O7gGZlDZugHn4ERMjTg4w+2zFvrfmwypnGq1cgIS9EosKqt5sBtPIGV6Xz4omixNUcUtYeXkDMsOOZd5S4PMuNSv+m2+2kSfOk3exDD9DW7SVNyRHGMpG36gZyOJDXG2l/I8bR8ssCd18gzAmbVHvE3l5uZPdd1INxQuuT/15hsh7b507ZuJj075W/5SZlUa5TEaxrqqu9xcVgHez81pDY50N96VLqvXgCYbeWwl3lJ0cQWRyIflBadFO7Tzt4orvmB0sS3FEs3OPPoSbXy4DKpyCdlrGMB7Z3gqDbKv/TGMQyGDIW2a8ELOA8Q1E0PKrf2CoT6LtvgIieS2X6k+qsKCMyp5V0BLoKjDM1ZhEPTmbam/9rlXlg6wTcH0SA0XKSIt1NWTpld+kmW2x0rVqss+c/kA05I3qhTQ1M0l8eG5VInQwoZLBDLa6VYNgE5JS5FQYG3nOYqMH263cw9MHQ6hz+0eieKVodP5rvTbX4yi1PnU2FDFDWzvIfDahPcMjorwKPZt0CsEzery4qF04Wn65a04w==
I9ni+N6JStcIN41w7pSGI43I6O7gGZlDZugHn4ERMjTg4w+2zFvrfmwypnGq1cgIS9EosKqt5sBtPIGV6Xz4omixNUcUtYeXkDMsOOZd5S4PMuNSv+m2+2kSfOk3exDD9DW7SVNyRHGMpG36gZyOJDXG2l/I8bR8ssCd18gzAmbVHvE3l5uZPdd1INxQuuT/15hsh7b507ZuJj075W/5SZlUa5TEaxrqqu9xcVgHez81pDY50N96VLqvXgCYbeWwl3lJ0cQWRyIflBadFO7Tzt4orvmB0sS3FEs3OPPoSbXy4DKpyCdlrGMB7Z3gqDbKv/TGMQyGDIW2a8ELOA8Q1E0PKrf2CoT6LtvgIieS2X6k+qsKCMyp5V0BLoKjDM1ZhEPTmbam/9rlXlg6wTcH0SA0XKSIt1NWTpld+kmW2x0rVqss+c/kA05I3qhTQ1M0l8eG5VInQwoZLBDLa6VYNgE5JS5FQYG3nOYqMH263cw9MHQ6hz+0eieKVodP5rvTbX4yi1PnU2FDFDWzvIfDahPcMjorwKPZt0CsEzery4qF04Wn65a04w==
9BXZoXoqv+l61BmIp8toTLJjNC3i6qW5sIy7MbZHSRotcOwfdD6peaA8PmnXj6ms+pYEQqGsVKII/SH/Dmh2DJjnK8IbqieLMBTjM6LnFQAPhh2TA5Fr5d7jpfPEx2AGNSRF1r7CCbTSUdzrVKr+gmVprJmS4EmMWVkjYdlL+5c4wlSwlNkrqiRJYqNzIOKkhcVBBSmPxQaDurBRGtzGzakvHM3LWYlWvrdERRoCdm0mPnxH9baLa2E/8GyH1LP2jgOQZCNooppmt9UI5KEYSQ9G1wIZ8y4yWgc8neUaj6O1QyTiBiyDhs4/GJzsU/opObVcpYBS0Z2C2ULwxIwCOfg8I5ipWFjI48Tclglz0YOWfAdmHZ/YETu3wpz/7Il8gGSF/be3nMbUKhwtMwCCWyXErbzLGzdEg8LNtST14ipGNtfJo5LrdU6rBv1jHBUuKLVPTwhw3etNgLH7AQFwRHLuufDtKgFCfDSTJVSsa8iuOStMK1Xx7Jrl5x0TF2/2La24jbNM7+569P+aA087whTtk8EbTNmBbYmfrLTV
KaMyRu42weKrHRLs+hCqEFOs+N9hxj0QH651Soy0pjmNPA3vs5Eh7PNZA6fPO3wdKHFancojp7ywZFadM7pMfnckM65NnAh16vUxWK/C6qFmRqNnnyvUxha3rumXtS2tMzWG7SLtbDYB34N2TwD9fydTsOmpkQvJwctNWwisuHaR83SyBJ8Axm3kCmb/tEX4ax9fsJN2BdGkkSqeVsK/zQPWAwGen44ZI/gdmvjBpwso9LUf3bR5nwFluHDiGtF0zW7pNqyAm8EUSOP8fk3DCItRmRiKUS95k3OnQj1Z0IkTCAeaqsB3fkOrM3bEmXuFO8ixdf29V8i0sQ==
Gix6kVIzw9Njk3zJ7gDF26Jhi8Z8dje0YUtkJ7+jWhuH5sXFKF4Szvm18eA8OsEBDHQ/1RTwGaXWuaZuM/uXupBNXIJpdvMTNaJPxoDP1Cmd9+Zqqn6Q+rWxPnGpeyWTdD9qah5lPK1aQVrv9MxZZk2Z+h6VOEL2Jf1lmBmr8YsTkwZlp/87Q2IEYKgR8pfBliv/CQaCothaU1mvBQwkCUBwja8o0VmfTME02h9mr0+PBafDUdCdreLEiTFD6shNozOIY8+mXCkK80JljdnMbhJ7YU1ddj1hfXPKQSlwPJUOo3HrArGQcdu0oA==
KaMyRu42weKrHRLs+hCqEFOs+N9hxj0QH651Soy0pjmNPA3vs5Eh7PNZA6fPO3wdKHFancojp7ywZFadM7pMfnckM65NnAh16vUxWK/C6qFmRqNnnyvUxha3rumXtS2tMzWG7SLtbDYB34N2TwD9fydTsOmpkQvJwctNWwisuHaR83SyBJ8Axm3kCmb/tEX4ax9fsJN2BdGkkSqeVsK/zQPWAwGen44ZI/gdmvjBpwso9LUf3bR5nwFluHDiGtF0zW7pNqyAm8EUSOP8fk3DCItRmRiKUS95k3OnQj1Z0IkTCAeaqsB3fkOrM3bEmXuFO8ixdf29V8i0sQ==
Gix6kVIzw9Njk3zJ7gDF26Jhi8Z8dje0YUtkJ7+jWhuH5sXFKF4Szvm18eA8OsEBDHQ/1RTwGaXWuaZuM/uXupBNXIJpdvMTNaJPxoDP1Cmd9+Zqqn6Q+rWxPnGpeyWTdD9qah5lPK1aQVrv9MxZZk2Z+h6VOEL2Jf1lmBmr8YsTkwZlp/87Q2IEYKgR8pfBliv/CQaCothaU1mvBQwkCUBwja8o0VmfTME02h9mr0+PBafDUdCdreLEiTFD6shNozOIY8+mXCkK80JljdnMbhJ7YU1ddj1hfXPKQSlwPJUOo3HrArGQcdu0oA==
KaMyRu42weKrHRLs+hCqEFOs+N9hxj0QH651Soy0pjmNPA3vs5Eh7PNZA6fPO3wdKHFancojp7ywZFadM7pMfnckM65NnAh16vUxWK/C6qFmRqNnnyvUxha3rumXtS2tMzWG7SLtbDYB34N2TwD9fydTsOmpkQvJwctNWwisuHaR83SyBJ8Axm3kCmb/tEX4ax9fsJN2BdGkkSqeVsK/zQPWAwGen44ZI/gdmvjBpwso9LUf3bR5nwFluHDiGtF0zW7pNqyAm8EUSOP8fk3DCItRmRiKUS95k3OnQj1Z0IkTCAeaqsB3fkOrM3bEmXuFO8ixdf29V8i0sQ==
Gix6kVIzw9Njk3zJ7gDF26Jhi8Z8dje0YUtkJ7+jWhuH5sXFKF4Szvm18eA8OsEBDHQ/1RTwGaXWuaZuM/uXupBNXIJpdvMTNaJPxoDP1Cmd9+Zqqn6Q+rWxPnGpeyWTdD9qah5lPK1aQVrv9MxZZk2Z+h6VOEL2Jf1lmBmr8YsTkwZlp/87Q2IEYKgR8pfBliv/CQaCothaU1mvBQwkCUBwja8o0VmfTME02h9mr0+PBafDUdCdreLEiTFD6shNozOIY8+mXCkK80JljdnMbhJ7YU1ddj1hfXPKQSlwPJUOo3HrArGQcdu0oA==
KaMyRu42weKrHRLs+hCqEFOs+N9hxj0QH651Soy0pjmNPA3vs5Eh7PNZA6fPO3wdKHFancojp7ywZFadM7pMfnckM65NnAh16vUxWK/C6qFmRqNnnyvUxha3rumXtS2tMzWG7SLtbDYB34N2TwD9fydTsOmpkQvJwctNWwisuHaR83SyBJ8Axm3kCmb/tEX4ax9fsJN2BdGkkSqeVsK/zQPWAwGen44ZI/gdmvjBpwso9LUf3bR5nwFluHDiGtF0zW7pNqyAm8EUSOP8fk3DCItRmRiKUS95k3OnQj1Z0IkTCAeaqsB3fkOrM3bEmXuFO8ixdf29V8i0sQ==
Gix6kVIzw9Njk3zJ7gDF26Jhi8Z8dje0YUtkJ7+jWhuH5sXFKF4Szvm18eA8OsEBDHQ/1RTwGaXWuaZuM/uXupBNXIJpdvMTNaJPxoDP1Cmd9+Zqqn6Q+rWxPnGpeyWTdD9qah5lPK1aQVrv9MxZZk2Z+h6VOEL2Jf1lmBmr8YsTkwZlp/87Q2IEYKgR8pfBliv/CQaCothaU1mvBQwkCUBwja8o0VmfTME02h9mr0+PBafDUdCdreLEiTFD6shNozOIY8+mXCkK80JljdnMbhJ7YU1ddj1hfXPKQSlwPJUOo3HrArGQcdu0oA==
KaMyRu42weKrHRLs+hCqEFOs+N9hxj0QH651Soy0pjmNPA3vs5Eh7PNZA6fPO3wdKHFancojp7ywZFadM7pMfnckM65NnAh16vUxWK/C6qFmRqNnnyvUxha3rumXtS2tMzWG7SLtbDYB34N2TwD9fydTsOmpkQvJwctNWwisuHaR83SyBJ8Axm3kCmb/tEX4ax9fsJN2BdGkkSqeVsK/zQPWAwGen44ZI/gdmvjBpwso9LUf3bR5nwFluHDiGtF0zW7pNqyAm8EUSOP8fk3DCItRmRiKUS95k3OnQj1Z0IkTCAeaqsB3fkOrM3bEmXuFO8ixdf29V8i0sQ==
Gix6kVIzw9Njk3zJ7gDF26Jhi8Z8dje0YUtkJ7+jWhuH5sXFKF4Szvm18eA8OsEBDHQ/1RTwGaXWuaZuM/uXupBNXIJpdvMTNaJPxoDP1Cmd9+Zqqn6Q+rWxPnGpeyWTdD9qah5lPK1aQVrv9MxZZk2Z+h6VOEL2Jf1lmBmr8YsTkwZlp/87Q2IEYKgR8pfBliv/CQaCothaU1mvBQwkCUBwja8o0VmfTME02h9mr0+PBafDUdCdreLEiTFD6shNozOIY8+mXCkK80JljdnMbhJ7YU1ddj1hfXPKQSlwPJUOo3HrArGQcdu0oA==
tr7lwUcvFJjSq6vy1bDOvfp3LZhbAMKKiXCB1O2BpLl48QnZ1o6Tf4s/UqD1M7i0d2ULChtycTJL3fHFy6nEqhaIbifGTZnPAOyBh9iA3p2EkAc1C1ZHvV5XuPf/cYMO490jntH9NggiKVBTL9fcyQ5NRbQ+
n9KL7z6iD2q7aR7SZxvtosfXeQQlnlnVSt2I1GohwHvxW44sW3RTaVRnz4W0SLe4atnC3gM9KOPdsKmQPXsBEzqfgBSkLTsfgal+YFE8+PkNC1ziX6FarO5kOeplP3Lgf9vyWeObDkF23qXudTt9lZX3CzjnSUBkq1W5gtJ5EeP6l1VuZm2Is0AhNxHWmmCrU/nHHscF317tpVKYZiG8s4Of2Lmq9Zm04g==
KpkxKLPIndY8BQvCyArnqVUuUueUikKiP5NYcoZmzX+Y0O7e6dv5RjlH2iJAzb8jeniX9ZNifvDc/jlE2w3pUcDPF9Z/rldXfEIOjeEKDV3mRKunvPGKAIZGHRfIqI3DrajBwwE5AGySxukoLXJRqtxcI93U1NsgDlH7lGsNIcT6zRclEy+f3k2FaNXzlD+G2hxP4o6yi6u0BcOZ25SJqY2h75S07Q==
FvXv+lLba0LPQVgpWvd+g+uO2RMt2ShHZoPXbQEO0Brfy+i6xi49J7go/tbp0+m+GR8qagAFD3uawAd9E+ruSLwmiQwbxZmJ4LcH3n+mRy9cmn5FIUK9hYb8Oy88eRq4Zh6t34jgfZuNUNHLATEQlLKeGWBtuuHyPOSzVVRcS5huiUvcq8VRHNq1By0TJ4+mbV0YHTPcj166pN9qDjobE1Rdc1Gb3HnxrVn/nLTl
bgUhNk5JroL8snjyQUii/xB10lyo2g+NgU0HYYoAKX3qIMc9/IjWIDEtsC761OnN1aRhCR548CsjkfLmIx/z1LKy5BBdfssL1UOo8cOcv3g79eTMiheRrNEvLprfjZyHhgL+aDltGG7xEQXWVUmBr6wOSgit8h0UTZjUQhe3NOKX4rY/Hy77i51WEnND71N5c/xVi2zPA7JjdJJCu0guRAcpTKtnY4vSdfulX/uetPs=
kgWSGlaRcse02q5z7bK1g//4oRElyaLofUgnhaxAlnjBBZDW6tzp1eVMATHOMDDzUzlSnrOXc0wC2gSoDbaLUyVriAnTlL9gCx2E9FpfUXShh47iTwUcHzZqHtBppVg2ATklLkVBgbec5iowfbrdzD0wdDqHP7R6J4pWh0/mu9NtfjKLU+dTYUMUNbO8h8NqE9wyOivArty3QawTN6vLioXThafrlrTj
F0p7LCWevTKRiKK+pkj1OozecwN1ilzOU8vbk3A6127xW44sW3RTaVRnz4W0SLe4atnC3gM9KOPdsKmQPXsBEzqfgBSkLTsfgal+YFE8+PkNC1ziX6FarO5kOeplP3Lgf9vyWeObDkF23qXudTt9lZX3CzjnSUBkq1W5gtJ5EeP6l1VuZm2Is0AhNxHWmmCrU/nHHscF317tpVKYZiG8s4Of2Lmq9Zm04g==
ZwfcrRsJ9mM+5glmOjyr7P/4vB0j27nhTUgnhaxAlnjBBZDW6tzp1eVMATHOMDDzUzlSnrOXc0wC2gSoDbaLUyVriAnTlL9gCx2E9FpfUXShh47iTwUcHzZqHtBppVg2ATklLkVBgbec5iowfbrdzD0wdDqHP7R6J4pWh0/mu9NtfjKLU+dTYUMUNbO8h8NqE9wyOivArty3QawTN6vLioXThafrlrTj
R0YrHMZBsOLHZY1jHVDbuBggGbmYCniS1YbVuVdZci3VX8rGrxfQ5iYyBTvINMbK6c/RomkDEnbgWTen6hw/IdO2VpTM+jFQ+1khFZArv0L/Ov+zLAbG2cEeBVn2IINz/CUiZBbClYNo/EWH/Uzp1wEtKIjCgiF8jebZLkw4iwmUAPNEHlXzgEtZ6YCqKb+xk7s3Oh3BoIHTgDeCynhnNs5mI88kgUsNe8BB7d1Fx4C0+Q==
blCf9S8RSiBStRom79Kw+BImfxsWOp64/41+KhV099GUrPZcKRmgIvLQ6dHtsBElNhwQF3tloqrrWzMIymZUfLXaa/dN9zh9Sxg/5INhFGAi8/EQCVv+VpdJ3Nt+Vs6EUUk4EuklFdpdTYGzlBo6JIWW/SgVbIQO3/P0Pu82BlP3ilt3BeKC/8tr0+XLaKUnxCtjDrsAQo7zjG4Y/318Rw9Hq65tz7VT85q05w==
q2gLtizU7KVQWY6qpH+n6xMvYgwQOdeqr4NiIBA1w5+Ytv5JKRmgIvLQ6dHtsBElNhwQF3tloqrrWzMIymZUfLXaa/dN9zh9Sxg/5INhFGAi8/EQCVv+VpdJ3Nt+Vs6EUUk4EuklFdpdTYGzlBo6JIWW/SgVbIQO3/P0Pu82BlP3ilt3BeKC/8tr0+XLaKUnxCtjDrsAQo7zjG4Y/318Rw9Hq65tz7VT85q05w==
/9eZhswI7QrQ50CryutVBM7RUkHLkaU+ij8oliEVVX1vSIfaqgD3Pk5uszfEWftFO4gxtf391wi0cQ==
A9QMS6BYSe+KlygQcykiRY9d8kREad3BNHTEIZs7jcWZZlk5Qb4zmQzgeJ2iQ50jhsH0yQe0fA==
xD99thgu8FGdsRtR73/0Ex+zeuFcYXO7qSFU1IL+N7/9P08j3jWEAqvpTz6fdbfexRWKeO4xBPPb79AZkiVxtAo=
b84OOWfqntY1nlCd9Udv8pcBvR3SSuonovc+c4uISPXl7yg6kSUYe15Heb1lFrVRlf7nMaBQxCUW48n72hGYIXO0CA==
BB/OCTN1wLvxnyE4ihhMIzYhPAqwJDDm9gMU2HBjGo/KPpSxy//twgMk0vKb2C605/mMm8dzC6IVq+Xv2w60Cw==
/9eZhswI7QrQ50CryutVBM7RUkHLkaU+ij8oliEVVX1vSIfaqgD3Pk5uszfEWftFO4gxtf391wi0cQ==
A9QMS6BYSe+KlygQcykiRY9d8kREad3BNHTEIZs7jcWZZlk5Qb4zmQzgeJ2iQ50jhsH0yQe0fA==
03Rg6khXo7JQNWc6dVw3n6o9pxtdZByKd1Un1BDgcbTR2HUl0bpsHig+kegBjXiN/gxHNmuiUFSyGYV/h54pjzRNl6wLWlGTf66WGWSRawU7RkRN9OCdVgkIbvhtospT4IV0gApELTsAZyJ6zTqh+38vGYEvsVDwWK6Eow98/AseDZPKViINV627WdUB8LvYrF8a1tKrgd3Qk5vjbcAmNfiruqgCK+7sUDnFrI9dGR0sosee51BmsRz6s5IGzD51KSaEyyxPB1S7POkpakTi5aATZZAbRR0xaDzWFueQ1j0k8sx5Du9x5/BbMMhVK3p7Hr4ERtYfkA4vhrkifB47hqA46ZllBR7u69htxRznA9Xekv/mnRqolkmj5w14UEyooMOTqvYd7RaBwvsBM3L74BF7ZL+2jK6EW1czaE8jFmn60wN2ISggpyNx+KqZnfViLXWBi+Si2pz1Lj0QZVRkNq9LdIafDuZrh7Kbz3VaYke7U9Pdu9BFn7STozbLOKK2gzTtoI9FnH9/f2sWHXdV64OitN8=
hnDpXuoalcenk5WmYHLcXQ9OlSRCJvtilpqE50dPq8BX/q5keRECK1j9yNY7Nkes7VWyfJmW4H4bRqi+vWhEkNBEcN+zfrdvMYHd1RqBPQ58xk6HtG0NhIAu1+kPJ+tG7R+t1lLmnmS94KMJUl5U2r+PRe0qiYR57JUmxEnWLQxWndOAqrj2I5ccZcmek+gB8OPvl6m6VBrbyNy1xD6w87ZfD/p0vvBqVaiMikXOyn0pDeKVjJrJZzMdhzLIUjl7p1SjApTPHfTWJkgDXcUv8cxIG47Udtgl3UHy6ejGX36DFR9KvKJpXMRkiNUOLuhIjZfUtipoleSr7AiENyGFsVduMcenhkPZRK/CWqdVC7VgfnivJEgZf2sH7RwPJwAP2MofEGlmGMPX3DoJP5+xwwQxTffxJ5BEkszben2VFHvdncyqCJxo8+urr6Qu3eJgzztCGdN7PkFGPpWuxdvNFQUXW3g3qVBku3XpwgLZgWMKNyUulk34s7ABR9EmOhArw1mX3hclz139xQJYtkEsMzP/aHmalam00g==
wfHUZnxxWfPYnr70psqJO/ctNglVOD0TPI8UR9ypi1QRI7M1QvbE406zandPkbNOUz1zmQBdRkjSCSDT//fMCZ4tdbQO
4gTC+MWSlYKYOLtPeQk+5N60on7k8Htjj9JZRVtuXVGCZyJcNnQqq3AgxZrypg60MRm4wgkVVar9nYFjNGp6FGVGfXh1XET+f6P0bk/GxmOX2tun5dLCj2u70zVrGOUXJPvjXtswgn5T3GlJX428d28XK36N//UjU0q0Nw==
Pe2ckyKQWamXh+AbkL0DDPrAoBn2jzM/4JazGXkAHcm/smU4IR0iiWTBSwTja+IzireCFVUsDx/t9RxKWpuQjzSHUa1tNo2B7XleYVgwzDV+I2FLUnFAEWu0EA==
r89zx5JMEm3j4ZayDuwC+eAhp0FhtEEthJFmFjWV/5iLRUkCE5S3hYRlwqHt6EUzNJ/8B3RZA/TJU6s1WgacQ8bDwrcngbtuq23LGXiNfijaGQgTl0dEaUYdbbQW
tEgtVRpLOnWKAfpWMeHcTckSiGRQhmA3s5FmFjWV/5iLRUkCE5S3hYRlwqHt6EUzNJ/8B3RZA/TJU6s1WgacQ8bDwrcngbtuq23LGXiNfijaGQgTl0dEaUYdbbQW
fldI9SM+bRBP43no3nA+LSy9lQathGIWMZ3jiGd9LSL3zJt1uC0GYamguYNYR1hn0KGvZFXbL7XejgDTartmV4PZV97XpQ9ZPEVCWPbBbDNzfyh5WhVptBI=
SX4f+XgcJJuOiM7UDBk/SDHe5PvT8cM9bd3TNrhiRmGEUl4WDWXH+KO1gUJbRB/lHPVaIXV43ZNcTzRHPGnr1LFjUzUiNmRjrvMKd2/RU84z/VOZ4B3myHJJwNPfN2yJfm1VtC4=
0UjyNBg+ynA+xniNJdZTVJyzTw1KpHa8NZdfPKyFLM6+mdZMJwQ87vO+ipIeRCnpyy1xpKqO52G5Gx9lQwDo1E201QNUR4eDlRVfhuso4ibjROnR79Xcb1/P66Y9Z5V7Y1K0Lw==
tzFSPd9sP0c2sb0IrltVqxEMbyIkGII8A88xR6uytoFTKX0gASowCMg+c3p2xc42DvFd+QxpRVm0dLKK3ZwnZtZ+P/UjUD36Qfc+gPNTViknYzJBSiZhntGz8fXZPy8o41GcJPfNPRK2sd3D9p+xXiLVdDM8mfMhspJsix+xI45DnQOZsL1WiEJpcFMPF3xJ7o2ltN4=
gWvw3i7GMhUTZW0gRYsMEgl+bz9ce25+TeGGoEQFOva3uedQLrXOPFEuKcXx5ApvievfN0sw48mJ2Sxxv2yiBHlox3oq4LceSU9zV0T5O2U7aHFVfV0XaLQR
fkKOnCK8yIA7ajTjuAn0T9PLyRgQhfdiZRSKLEWD28NihRGnB0Eb7sut6xmYzd6outloE7cHpOnm3Q20dg==
fkKOnCK8yIA7ajTjuAn0T9PLyRgQhfdiZRSKLEWD28NihRGnB0Eb7sut6xmYzd6outloE7cHpOnm3Q20dg==
DDOgsy39u8xjiykUTDVkyb9O0TBsn0ZKcAtAnn8NWi/h3kLUnHpOUDLSetGrM55nIz7H8oWWsNeIuuGGzVR2DVdN/Sr+oGRn/YoNGV4sWhEkdRXzMUkSV3l6naZABoIIwifH4krlpknSv2FeOgBG8MDHCDwB5kA=
