cZoXGvkLDAHWXpJtzH6olnH6/5p989rz67uDvf66SY00ovWcFYmKeB8bUZ4iJ3dtB9ErnciomtokhqozX8PDFLIldsC7Y37JP1MqQVIWeX75g7m1ke/HyFvB5KRPXcWyHuGVgz5vWX46pWwzJGnrAdriJEvXYYsuOw27Hkwt6esqOriTxydUKfa9vbTG
p6ejeOwAByMJt9D26ZuSqlp5Fz12WgZpbif5Yiwx3HUBntVYAtZXRWgirXmW2prIjc5c+q1VcRR30mvjPJDRBxxhjcegwdiCy9ab59Pl2ysFAKkVzoRlSbe6HOWfk9SLu1YI8SZzbj1ZqTgGzttd5QmmSZkRvub5GyPo/vLDrUM2AcSpt7TM
xISQbTsKZtzRrDvlk2r5n4Kyv/vqWHBJFt2Yh4RQRSQAQN7K/FbMDSBDbl8S8p2DzLmX14xsKEOLjuxChffnUUKUROtcytSA7lY7HXzSmREPf2TgmZ7oAgEVHSyDAv+LgHDNL2jRGR+MwfRaX2bvz88FZ0OR0F0tosTJsQPqCM1jM0jjj6YcqUrzguVN2QzuUnshzR12/eG9fgrBb3N8Fk6jsWvCsVDxm7Tg
xvY5YDS4quJAh1VPZMUBHo0+I+tYXgbzYW/XnApbtjArHV4u8w5GBG4geuc4ZIWmypI+mBk9mN4RAUWm9ZmBn8yeiviNop2krYiUMrdnNNL3cnbPP357O31GUgPjP1NJE2yVe0yfgwKDZNIyG5gucWe+j1tEMwtilevlL1tOtMs=
oCs1FkbgUFHuNm8Ez6d2VCwjOaDQXSxEL2grbhvU2Qk5DybTWTaL4WIvNryzue6SO9On6JYkavsQUMXqkvZO5JGpOHKpxZV6HW2Bk9S6usTF9v3I1QwErh/T9B4vloYzN2pbF0UCAl+LS9PFi8glx4RLY+57YMIuM6xuPT/a/yfMp6vOLS8187O6tMc=
ybpqpJZC81s7HjfmboXXOCwjOaDQXSxEL2grbhvU2Qk5Hi7dXzmKs2IvNryzue6SO9Kn6JYkavsQUMXqkvZO5JGpOHKpxZV6HW2Bk9S6usTF9v3I1QwErh/T9B4vloYzN2pbF0UCAl+LS9PFi8glx4RLY+57YMIuM6xuPT/a/yfMp6vOLS8187O6tMc=
kbkYIcFJ02LLRkY3FSeRQ0la+JPq0QVekbo2aS5gehbmEaheLiFbHgxIy7GdlWtt+c78WkMjMZP5auwoGtZPtaCC1ek8H3P4la4UKlXVyUQ/8nMTFNC5l6SBRfe4wcCyAzYjd7ul89sdIOFFdgSdmf/aBNV3U3wbw/bAAT5zdk0RCcCWZps11RFGgclpPl4p0wPwjtoDRdOOYYyZr7TU
lpUnyiDuvmya0W/OA5xIi3Z8EeSJQSxEJ2o9fE/Z0BdrDyCaDXjes2IvNryzue6SO9Cn6JYkavsQUMXqkvZO5JGpOHKpxZV6HW2Bk9S6usTF9v3I1QwErh/T9B4vloYzN2pbF0UCAl+LS9PFi8glx4RLY+57YMIuM6xuPT/a/yfMp6vOLS8187O6tMc=
Bx7FYXsW3gkpt5woWqd2eCg7VrjcFyxELHUtex3Qw1l1DyXISDPes2IvNryzue6SO9en6JYkavsQUMXqkvZO5JGpOHKpxZV6HW2Bk9S6usTF9v3I1QwErh/T9B4vloYzN2pbF0UCAl+LS9PFi8glx4RLY+57YMIuM6xuPT/a/yfMp6vOLS8187O6tMc=
frBq75+wSk1j5GYvp1NfglM5LVAtcdntqbUJHph3ERPXX0/yaoTMFpmZpprjJd2v9ZQjdvImQ7WfiNlqxX9S4F+bktkDWy5BVh5FbhV7XZW1t6u4B4kgZIuVGQKyufHjmtf17sYt6LOg4ZeRdlqAqzO5J55nRf9eCOU1G8binLOjXzg5yrW5tMI=
HOByLEkGO8V8NaM5zSxK4WaOwf7EWghXTR1xivt3vve7TDEyls0mbfZ6f0M2XI+H157KjsIl9LJlTD5sNooFG6jkVU8dxJnvARVYACJKMWRNfklmbDC7cRT4w0w+nWMYC0H5yMqhT4mTg8eyfYmwmZMYp0rqcFfOThsTwAfJ2JW72FElPc23uLTB
ohvi7uwKsL24NQdyHX6uHDlbEW+h2Umn1cYwrqoIWdCGVtPN9LLBAfC+/5AhfuAyaZW13IsihzsYsPU/MHGRz6TB3IrXxrff98X/8+nwVd0KRKGBCwqwvfvzsPPXxpR5ovPqtcU51P4qO7k9pRb10VX+orFnU4Sm1uOJexoR2KGztMg=
/fuobRld/Cz13P4bYICkOvSxexo2+Z7d5NrS3CAj00NkkWSrlTpQwI5W290cUjnRLn5HIHkeiELhFT1sI4Jfy+BwLe8IUbnfrMHUmv/mjw8vBQcDMVD9bYLEKfFjaugNQzNoIy8mfGmq8+KlrVmsrnJ7AY199h0h3X4qAc/z3Nauo9ErIjHwsbu0wA==
OvIbubAXJWAtzSPQM1+EEJcwLqm8vUKJhEQ9EogI5Y81ZyzPHxj6tlsr3J/0myg5tKlpuPH0s55CmgWBoBRAWqszqTQ2rJtcUuqZrf0ObJVihlijqSTFs+puZLVr19dk70r7Kgovy0PK/64AloudJFQYG5ZiI0aI0rEkfKBbNsRJ5xqNpVTaG2Xnr8lvp+zncEV4eLLW52XYYp3ZoF6KaF2OjNo9VeF0p5K7gywQIWfsIX2nUMEo4juWa4cjZctL1UB5dV6E9Wln+sxFjxPkK4sWuNGWc94d6WkIpv5bTUVZZhm5gb52GUvjuB7iQ92jRsG0Sce0vA==
uz/RPUHGq5ij0csJ9ZTY1e35EqfIhf/njUmOhbOAhQ0T3dK13Ok+fD3tyxJndk+rAfVhO9qztigbVT5WY6eG3Z4oWt9oDAU+elreYAkV2IZhieUeJXGBh/zW6oAdCl18XYC0CucPtEpHupY3L1Y7Yw3O8rsz11NRIyT1A9w3Q9pzbPIKS/Cu6dd2b6NUG0s65WNFl4umtNM=
Qpazme06OczY4dVUSQFyYjnGeL3FBSKz0In/44VVnnGL7KUp++Gi4QQlfjh1MRumH9qvT6mJ0a9CPzask8muIttLJnn2lKoLMEDF+rIGjlTxObjiSXXVCj19gYP0yvp0JWZ9WLW8xF4/w/QOD2ZGg1f624elskIvq1vT1au4ZXdk2+N+G9AC3hO8bi0fKj+XrDcrXs2fdYOTqrTX
aCA/L9twu5gjhKUqRUfkZZaDssY6T56+Nl4Of2IH1hrsDWMtUEFqLnSasu6JB4LvC4lFN6YD8m1K7FiWDXFqyp895E4gLH8Gfo63davg1VoZh4ZAKwMuCc9zOkFCNom+qeMpNWFPd4gL4RSkfz2Vcu4BJQOuz4m+CsV8MzSJ20GKQrTLZwH7buvtix48DTkrmprIE1fHhGmGna201g==
SAomkgYDmM9yrttYahCy2JVgCDhCoNEbOrncj//hgVuWa5f6tdvPn5oLKENeGpEfc5zj7N8dfVeJ5Y75du7XB2Z4h532y4IqUqFc5iUYFmgmrk1PCHDd602AsfsBAXBEcu658O0qAUJ8NJMlVKxryK45K0wrVfHsmuXnHRMXb/YtrbiNs0zv7nr0/5oOTzvEF+2QwRtM2YFtiZ+stNU=
c8gp3MiyoedCPw6MloFPP2BmCfWJSCxEL2grbhvU2Qk5DybTWTaLwWIvNryzue6SO9ql6ZYkavsQUMXqkvZO5JGpOHKpxZV6HW2Bk9S6usTF9v3I1QwErh/T9B4vloYzN2pbF0UCAl+LS9PFi8glx4RLY+57YMIuM6xuPT/a/yfMp6vOLS8187O6tMc=
KgcN6KSY7XJSLwyVh92az2zZjKCWMEZVQRpwlt53qf3vD3Rm06kmbfZ6f0M2XI+A0ZDKjsIl9LJlTD5sNooFG6jkVU8dxJnvARVYACJKMWRNfklmbDC7cRT4w0w+nWMYC0H5yMqhT4mTg8eyfYmwmZMYp0rqcFfOThsTwAfJ2JW72FElPc23uLTB
FrP0tnF/09RJIPm74lFUTq9z/8nLIY32RinOmXaOl6fmmEe38aTCitJBnMYlOFYIpg6NrwhQnYvNIHEbAeGw5PKO+dDtysHi/FTTBVSMqygumWssK3UxDBpFp30Tdy9WrU14rbMsr076FD+6Dm97pJdNUCEbbJnh7SlfTLQ1
AUpmYCw1khbixofPye3k1+QVMSDMbxOixix4li0xCko//Q9JD2zfhh7Ol3VLIHXaecfmQAvDzolvM1pBInYpPkkjCTUBDxcIqyH0pF999fJOQQUDTg8pPmqFXDMUSTvBKgLUy0fBW+4LLaseXE2Zq3paKBN3h+TpJl1NtDY=
QuQ63cm6T/8aYeIMttTR9K1z/9jJN4n2RinOmXaOl6fmmEex8aTCitJBnMYlOFYIpg6NrwhQnYvNIHEbAeGw5PKO+dDtysHi/FTTBVSMqygumWssK3UxDBpFp30Tdy9WrU14rbMsr076FD+6Dm97pJdNUCEbbJnh7SlfTLQ1
zqI0l1N4yltInHlXJaXcUOQVNzbQchOixix4li0xCko//QlJD2zfhh7Ol3VLIHXaecfmQAvDzolvM1pBInYpPkkjCTUBDxcIqyH0pF999fJOQQUDTg8pPmqFXDMUSTvBKgLUy0fBW+4LLaseXE2Zq3paKBN3h+TpJl1NtDY=
IadGUkLHs3t7n1f0IQrQMOQVNiDCdxOixix4li0xCko//QpJD2zfhh7Ol3VLIHXaecfmQAvDzolvM1pBInYpPkkjCTUBDxcIqyH0pF999fJOQQUDTg8pPmqFXDMUSTvBKgLUy0fBW+4LLaseXE2Zq3paKBN3h+TpJl1NtDY=
7Z9FpLy+toLUZ7Y7MZpvipRSde7NhJTq5cHV0aGdm0utix6o1OYTdGb4jEgK1l9VkMKFScac7JglbsQKJdX5pO+yA7OEUAn39EG116jB0JLz9nMXCyVje21gMaVGBO25Lxq0tefTjLuTtvDhLnNmLSHJEDYWG6U1oQbR6Zk8bkmDwwAuSoP1M14h/Lm/tMQ=
3vzhirJ0JJY0NGburwuqIROvNB/H9nEMYTQqGOYO+AAofv17YztcQJvb7KK5mhKk/QrBWSSuE6CeVss9LBJJcZ792IApXthiERUNDHPCjytw8F2PuJFJ/7zBxLoPJj9vX4WX4+EQrQ2yxNnRMyq4rdOz2INfZkyJuvPyxZ2ZXA7C+5EtrTbNAa18GuEfM4y2PiMhy5JxgJGrtNA=
E2QMM8iRBdSnSyGTF2N2L1A/hsxtcXzVZ+wELq8m/ij5dT8IMkEWd8W9sk7wzlX39K25JgZUt+xXu1mNX275LdMrcwJmz8zwrptH82ia6OMeEZzE6hNV15FcEKHckPFHfOFtB4DB+EIrVvun8+U7a2WACdXuhAUJVzq8pb+TNEsb1qgxxnMOffkpmEau230lqSYpWfG8xrm7owg+ksONg9aBpOmXtOw=
o6uOoUGgw0pGXQBjvA0ArlA/hsxtcXzVZ+wELq8m/ij5dT8IMkEWd8W9sk7wzlX39K25JgZUt+xXu1mNX275LdMrcwJmz8zwrptH82ia6OMeEZzE6hNV15FcEKHckPFHfOFtB4DB+EIrVvun8+U7a2WACdXuhAUJVzq8pb+TNEsb1qgxxnMOffkpmEau230lqSYpWfGzxrm7owg+ksONg9aBpOmXtOw=
CGxmuFi7rau6wJBWdaZGl+XCx8TApoo7Dv7A4+Pp2DUe5mtjrj2BvGh4onoPWyMNWJJPFVP5GKn4G9CN4c7OmhzbcYeTp9wmVIvIQi3gwvirom2cy/t35AOiDZUk1SJKxpaXKaOyKxXOC0YdY3zVjqhVD28IEB1LzWDx2wEhMKTyTnmQ7QpBovyUU0VUTCtoLlnrbCu1sUwahSc9Ezevlq0N+G2zbC+O+lS/egIv+2SXDdDhGywZIe1p34y09Q==
Kkyz+KkPszI5Wju2u27b5EcMGbPNA013HCgUR3WSGYoqlr97/KOa0T6W9KJdyc42ohfVjAtYP988PRxUmX0oezZecKz4unhhOaB7QAAzSquY6i9QmNIn3ac8jUfJ/wFDVNFdt2FHQETCLEu6bfXE+219vGq4/Jjz2wvfZB79EuAfG1LZQ9vuQZaeBW7V+x2V9TdruEcJYGRLFVkCcjkx49pXNe4GraizYGHXkTbaQKtzOWeep8W/Ushl9RuGYlyzY994OQo1+bSC
ZLNgLoAQizUfcUimeKa2xxkJ/pai3AFF1aA9Uz1pLgzqDepKfRIEQFQrsJXf2Wtt8sz4Xg05YcOYPpwoGtZPtaCC1ek4H22glb1ZdEv93Hk/8nMTFNC5l6SBRfe4wcCyAzYjd7ul89sdIOFFdgSdmf/aBNV3U3wbw/bAAT5zdk0RCcCWZps11RFGgclpMl4p0wPwjtoDRdOOYYyZr7TU
UI3i0ztaIFJ4oCSvyXmHc0+LCpSNMNqztkHrKGvJfsGeldcy8XMaOEF4qwB/+Mzlbx/ytFnNAnEvj8dre8WOWIWVnbXSimin6USInpjZUCNgxE8g+1nWYdcaP7wWYrE5BfG89NYCg0mP31aGMvQUFsFpjrobddFsY/w7BRdoJR2ypTHK3Y/aoFfLKjlr6/ZBjq4tjq0rVdU9R7MY75kY5POFsWKqiXkjkocNzu7dsLN4kb+xDoqI67uJP37PVQfSMPVdu96SFHOrj4BZIgXhtJo=
NY6uTyJlqDxum9hBJ0VYQiBQz2tr09hnhNT/8NrspTQCa/vrCYsYGstGObuCedl5iOHJycjvEms6JHsWmrb7NWcYccqdDxqgl0tqOStrNkFOLm2O7auV1f3H8xivGdjkMwVxYuoJOSNSB83Orl3ws7gRf7FOCsjrewn/fo/VR9JwdZ27HhJUc+sPQFnihaG02g==
QMqPmAsWikyYH/FxcBpkh5n2Kg1W7WlcFDFGCERNJTInykldUrwQCG95o+QZ9//w1Tv2J3M9InoSkbz2JQh2WOZ+7T+IwD07DfCR6wERUDQyPllAbVqhkrwE8zVUvIv47mmLvKvlkbxaFccNEwdPBu392D0zvE++OsQfigJfW/TXPTCxm/w5US35v7y0xQ==
mYNWWTuMX29RoOdjPKFyxBHwceNAc3KpuDEXxJ2rN7XGfkhz0iuOF6vpTz6fdbfbxRWMe+4yBPPb79AZkiVxtAo=
btypd4zG39sRNe0M6UU13eX9Hq/Nsaz9g3TBlanJ5g9A5+6b7fwtbj6ojQ1xNQWrCeFqGLfq5g4veCQvZfjcg8IoQ84lEUM6eRzQewsV2IZhieUeJXGBh/zW6oAdCl18XYC0CucPtEpHupY3L1Y7Yw3O8rsz11NRIyT1A9w3Q9pzbPIKS/Cr7Nd3b6NUG0s65WNFl4umtNM=
HNV7I2RTvsKNoigAprEKWOnX12u6PRI/nF9QL63dmqereXqjWzkW7kys5YNdlk+0GBfIB0NoQ0YWuH/ZYBO1eTrG4FI+R9DBtPnlBXaxJncySzK9M5SB0CVOBBOXRRisj5fcB/Zfo9jnknsDbBBh5ywhPSeQwehie5arB2Nli8sVQDn1HoQ16Sf6DMVPE6SrSxZ4UdZzHp2paUgmPlsNxRlm2TnBu7OZiuP4niJDHSMGwXTJh7T8
wfVu3e6rDpGtn0TVvIrNCOh+CzxhBoR1kqPDF7hm1PWb4k4v5iIx7IX891g5Oi3FYa6Q/zewKTAAkuPhyYBF2QJrTo5OI64V5rN9ChQvYWjDpajbyLQ/ky9fBZOBA7yC8zsl965ix+cU0CE4R6kCApBD2ItKnE5JyV91yZtpm6gaqQ9f9kqVpWgMXKAzws+rMPAdD3iRiX98wQQ6zyb/7x+F12OhEO2N8sSZUXMqeC0TsxgDn2aMCXrzskXdmRyOgvvRre02DYFtet9h3jNMNv4j4UvSccAR67SQ
C9qhvXZUkeuswhbGwK0zQeVBxHZxmUFXd05VkzYeWC7Pixzbvl14XHyIL4jcLI13ZA+N5Y2Nl8GBl4islF15AFFa9mTZhmZu8/pMWQMLX2FBAzLeDHwdVXRyg7BbO81F2WaZuQG68xnK4zgeYkNdo8bBNElHtDw=
AosfwCACsObczykhEnuuaU4mKxY3c8f9s/AKPph6ERPaXyCUBO3bH+Hp3uDxfJj57cs8Yv9heqyOpNlqxX9S4F+bktkDWy5BVh5FbhV7XZW1t6u4B4kgZIuVGQKyufHjmtf17sYt6LOg4ZeRdlqAqzO5J55nRf9aDeU0G8binLOjXzg5yrW5tMI=
n7Ruvt+4KOxMCOtJVAyzdHH16IF45svO67uDvf28SY00ovXzfueMBHhlX59lYSJwXcQ8mYmTkNIjqb5sSuyFGqkndsC7Y37JP1MqQVIWeX75g7m1ke/HyFvB5KRPXcWyHuGVgz5vWX46pWwzJGnrAdriJEvXYYsuOw27Gkkt6OsqOriTxydUKfa9vbTG
pIuhtsxSmXSqDj3EVR4BtOnX12u6PRI/nF9QL63dmqereXqjWzkW7kys5YNdlk+0GBfIB0NoQ0YWuH/ZYBO1eTrG4FI+R9DBtPnlBXaxJncySzK9M5SB0CVOBBOXRRisj5fcB/Zfo9jnknsDbBBh5ywhPSeQwehie5arB2Nli8sVQDn1HoQ16Sf6DMVPE6SrSxZ4UdZzHp2paUgmPlsNxRlm2TnBurOZiuP4niJDHSMGwXTJh7T8
5Ym3Y98ilf8t5GkcC2aYqTZmA/GJSGVeJXQtbA7a+Vk0SmuXDRe43Qs4P8TDwZSAYpPx8Mk7fvZXadz7vvZO5JGpOHKpxZV6HW2Bk9S6usTF9v3I1QwErh/T9B4vloYzN2pbF0UCAl+LS9PFi8glx4RLY+57YMIuM6xqOD/b/yfMp6vOLS8187O6tMc=
AdgN70FnX1kmxEtKgFv0fVA/iMRpL3nSertQIeBf3wDDXQwnAWgWdsn8/Um13Uzg6ay5Lwkdt+hbhRbmX2P0Q84sanF138/1sNgf4DaJo9cyWrH99ExA+NdSC6PckPFHfOFtB4DB+EIrVvun8+U7a2WACdXuhAUJVzq8pb+TNEsb1qgxxnMOffkpmEau230lqSYpWfG6w7m6owg+ksONg9aBpOmXtOw=
8JLI5suuHVGulXjZeQlJr3iXKlYwZ3Qd4H0BOwNXxo+0eGlPGR2nyAtFxkbP4wTjvuyaUQXfP9XAmO9ARgkzd2IaYd3kTFAYhxLbQ0wQQafMoV3nsMHIohsWS0dDZauLtcBZNf6EFSmHeuwFLxNE6+uW2BE2c35dCeno5l5b7YV55nl54brT2WpjWF4CQz3jZkGUiae03A==
XhZU/6iVT4qVWDbr0g6Dax9RJG9tAIgxV8UgQbC2o45TK3s9RSwxLZxyPTM2l+QkYJVHn30ROlC1NPTZwcM4cts5BuwyfD36Qfc+gPNTViknYzJBSiZhntGz8fXZPy8o41GcJPfNPRK2sd3D9p+xXiLVdDM8mfMhspJsix+xI45DnQOasb1Qi0JqcFMPF3xJ7o2ltN4=
latIvBcb76i0mz4TnTmxdRZq66/TFsEv1g6ODbsytelaErqigLg+vqMqQYS9yP3H8znnnifFP1pNZXQbBmLcs+Pf+DmKNXm0Ag==
4JNzCxMj2+8BiVxwRmqFECYziATcsfy14eDQY1E31oqTlEAPOuvCCKCgv1OUcUmK3L7RR2B9Duk+jd5WYG5wvPYmjz6bkAKek/xqaJ9rP9csdyueTV91QxNqtBc=
7ZJCF5i0Q68qhWEsQsJeXRdq66/TFsEv1g6ODbsytelaErqigLg+vqMqQYS9yP3H8znnnifFP1pNZXQbBmLcs+Pf+DmKNXm0Ag==
8UIwz1G+xCaFyivFekZHGxZw7a/PDsAv1g6ODbsytelaErqigLg+vqMqQYS9yP3H8znnnifFP1pNZXQbBmLcs+Pf+DmKNXm0Ag==
mkjHZklKOQVzFPkl2hHarBdw7a/PDsAv1g6ODbsytelaErqigLg+vqMqQYS9yP3H8znnnifFP1pNZXQbBmLcs+Pf+DmKNXm0Ag==
bdJ3SlZsb3M5XTzcVkfJpRRw7a/PDsAv1g6ODbsytelaErqigLg+vqMqQYS9yP3H8znnnifFP1pNZXQbBmLcs+Pf+DmKNXm0Ag==
H3iZ9K25lKrAx2B4yJ+G3RVw7a/PDsAv1g6ODbsytelaErqigLg+vqMqQYS9yP3H8znnnifFP1pNZXQbBmLcs+Pf+DmKNXm0Ag==
8i9wTnQqb2Cq5e8HtV7sWaICD28adnpdb5oJScb6zlIUILI+L7LV9EmgYWdPkbNOUz1zmgFdQEvSCiDT//fMCZ4tdbQO
S3KFLF52MkuMkkwL9R+xV6MCD28adnpdb5oJScb6zlIUILI+L7LV9EmgYWdPkbNOUz1zmgFdQEvSCiDT//fMCZ4tdbQO
QDTcwuj7FCAcdxRniN+kBqACD28adnpdb5oJScb6zlIUILI+L7LV9EmgYWdPkbNOUz1zmgFdQEvSCiDT//fMCZ4tdbQO
82eFHaoK/7PnFaIySuXw26ECD28adnpdb5oJScb6zlIUILI+L7LV9EmgYWdPkbNOUz1zmgFdQEvSCiDT//fMCZ4tdbQO
6HoFzCmWI3RZDj1E09yxA6YCD28adnpdb5oJScb6zlIUILI+L7LV9EmgYWdPkbNOUz1zmgFdQEvSCiDT//fMCZ4tdbQO
4FG2qEMo4D9SA2dWxakrk6cCD28adnpdb5oJScb6zlIUILI+L7LV9EmgYWdPkbNOUz1zmgFdQEvSCiDT//fMCZ4tdbQO
/RHOLMeThzV2v5kW1XAPZ6QCD28adnpdb5oJScb6zlIUILI+L7LV9EmgYWdPkbNOUz1zmgFdQEvSCiDT//fMCZ4tdbQO
ozELnkTzEjlp8w+47RrjYKUCD28adnpdb5oJScb6zlIUILI+L7LV9EmgYWdPkbNOUz1zmgFdQEvSCiDT//fMCZ4tdbQO
BG4oPlyosaFPe1YTG1CblBRq66/TFsEv1g6ODbsytelaErqigLg+vqMqQYS9yP3H8znnnifFP1pNZXQbBmLcs+Pf+DmKNXm0Ag==
f/hV8ejHF9mWlFavG9kghhJw7a/PDsAv1g6ODbsytelaErqigLg+vqMqQYS9yP3H8znnnifFP1pNZXQbBmLcs+Pf+DmKNXm0Ag==
WVvuv/ndU9+WilsELULVtBNw7a/PDsAv1g6ODbsytelaErqigLg+vqMqQYS9yP3H8znnnifFP1pNZXQbBmLcs+Pf+DmKNXm0Ag==
1Ktlvf+uDbVj+5raTJEL2KoCD28adnpdb5oJScb6zlIUILI+L7LV9EmgYWdPkbNOUz1zmgFdQEvSCiDT//fMCZ4tdbQO
Psu8bJcjSsqh9CpspVcCS6sCD28adnpdb5oJScb6zlIUILI+L7LV9EmgYWdPkbNOUz1zmgFdQEvSCiDT//fMCZ4tdbQO
1Ug7JHrAHFEdxOYiSnbipw/s0F6faYAXgTiwMGHtpCs260JTHgyU6NhuugifNH+mWnwPQooSS003JQA52/TJyQ2BL3S0DQ==
VE8cvzD3BCl2wPsfdp5lTg7s0F6faYAXgTiwMGHtpCs260JTHgyU6NhuugifNH+mWnwPQooSS003JQA52/TJyQ2BL3S0DQ==
6SANI7x63tywYmePof2mRQ3s0F6faYAXgTiwMGHtpCs260JTHgyU6NhuugifNH+mWnwPQooSS003JQA52/TJyQ2BL3S0DQ==
fTHoqv2og/3M1liPP3jKKAzs0F6faYAXgTiwMGHtpCs260JTHgyU6NhuugifNH+mWnwPQooSS003JQA52/TJyQ2BL3S0DQ==
BfiqdeTPmWGeqI/+ISchMQvs0F6faYAXgTiwMGHtpCs260JTHgyU6NhuugifNH+mWnwPQooSS003JQA52/TJyQ2BL3S0DQ==
3A7Qk6alrhSBXNoTGzX5mgrs0F6faYAXgTiwMGHtpCs260JTHgyU6NhuugifNH+mWnwPQooSS003JQA52/TJyQ2BL3S0DQ==
/B1AjSfCfAl1DbxDXuWvsdFOOuPan5Pj59uB36Gd31ijpR72h6NMM0bMsiEd3ycl6LiXEI7J+8c6eslNHMzoiO+yA7OEUAn39EG116jB0JLz9nMXCyVje21gMaVGBO25Lxq0tefTjLuTtvDhLnNmLSHJEDYWG6U1oQbR6Zk6a0mCwwAuSoP1M14h/Lm/tMQ=
HzD3CEuUyG9zHGcUjtHA4S4Qjiw/xt98gMn/tJ/jv30BZP3dQMpZU5IPGLTsHcMf+Zm2wMmsUDkle2QCl/HCLHY0ccqdDxqgl0tqOStrNkFOLm2O7auV1f3H8xivGdjkMwVxYuoJOSNSB83Orl3ws7gRf7FOCsjrewn/fo/VR9p1dZy7HhJUc+sPQFnihaG02g==
vxRsuRBjMptSNfxDAiBFd4K16emBCr63CLnWJyoeP8aV7K30vkKZAYSSq089T9jFOyA/3PPZ9NhSSzEoeWMebufxXGMObi68IXH4qpmd9WItdYGL5KLanPUuPRBlVGQ2r0t0hp8O5muHspvPdVpiR7tT09270EWftJOjNss4oraDNOqgj0Off3x/axYdd1Xrg6K03w==
tdnClfK0IByk7t67NirNX6Lklg29t1lrtj1ACAcocc7NkpJoYd+wwPt54bUQi39i/xo/E6ymBvnB/sU5dsBDE/zFYgSWItXjaNwFJ33sqfcBDWgoQiJhXI2Gmc7MWMvplGAzpJ41M2BLeSkgKol/kZOb95qdYWCh02D34kqYp1bKhmOpp2EIbXvgAU1d5YegtNk=
bkZAVZpYXQs4UjpjlhW9030pOx2/MjCr8A8JxXdfGtCPN4Sq1v3/wgMk0vKb2Cq05/+Pm8RzC6IVq+Xv2w60Cw==
QS3IRaGElsDnWTfju36EW2sWx7IXWwJ7z4XtWadIz262IBCayMtZGR+rmlwXkzQWHqkfrvsgwu6z7Gp4vxv/Z0znqw6t7zWzM3q0Bw==
EQ52AwqlnEb//Isl/VtW266M4hj8kiQopo2VHmMCdY27smUqNhZ4k2iPSBfjbO0tlbveDhY9Ch3aumtZRoiNlCCHUa1tNo2B7XpfYV4zzDZ+I2FLUnFAEWu0EA==
eiR4ypJNjLxMBdBk4LYT+lJx9r6GWrpp0FfJROc5t+scWry1gLkI+rl9TICnwOLX8znnnifFP1pNZXQbBmLcs+Pf+DmKNXm0Ag==
zRvpP2zSSiUelfzA3Cb+ia2M4hj8kiQopo2VHmMCdY27smUqNhZ4k2iPSBfjbO0tlbveDhY9Ch3aumtZRoiNlCCHUa1tNo2B7XpfYV4zzDZ+I2FLUnFAEWu0EA==
SeK9LxXaNeOgFS/LmrWCgX0pOx2/MjCr6gkJ2W9eGtCMLYKqyuX+wgMk0vKb2Cq05/+Pm8RzC6IVq+Xv2w60Cw==
p+T02uiiiuFuS4tDAIfS5GsWx7IXWwJ7z4XtWadIz262IBCa0s1ZBQeqmlwUiTIWArEervsgwu6z7Gp4vxv/Z0znqw6t7zWzM3q0Bw==
f/Vhik7zRb/OvbS4QJhsi1cy56IORq4fwKXA7cL/0Ek9BiaTr6aqdiQ/EkfpXX9jccKwun9Yc52q6Yl5rz4a8MzNAgoKhf7iQ8RSUlu4KpSnHw87BBMLglVLZU8bbrQr
f6oIaovFrgtHsAmjwyFiS1LG4MBbJiHUgnJZ44QNORkVEnDK38jzLUq5yYmPLhrArB3CeqoVflKjlBKie6gqpMfPz0ukg4sytRslvzt+tBs=
8kb26uJK8FKR3lGf8uKmE1Jx9r6GWrpp0FfJROc5t+scQLq1nKEJ+rl+Voan3PrW8znnnifFP1pNZXQbBmLcs+Pf+DmKNXm0Ag==
xNk5D1bhBTuyKzXYeteTsFYy56IORq4fwKXA7cL/0Ek9BiaTr6aqdiQ/EkfpXX9jccKwun9Yc52q6Yl5rz4a8MzNAgoKhf7iQ8RSUlu4KpSnHw87BBMLglVLZU8bbrQr
f6oIaovFrgtHsAmjwyFiS1LG4MBbJiHUgnJZ44QNORkVEnDK38jzLUq5yYmPLhrArB3CeqoVflKjlBKie6gqpMfPz0ukg4sytRslvzt+tBs=
8kb26uJK8FKR3lGf8uKmE1Jx9r6GWrpp0FfJROc5t+scQLq1nKEJ+rl+Voan3PrW8znnnifFP1pNZXQbBmLcs+Pf+DmKNXm0Ag==
dZPCH+/urp9sM7W5g6TcpF3jc3rylb0bdjaUpadSWULixgyrpM8E71c8OYXpG0J8pM2CnVc658LI/jlgpCatBTnmOfkhuhNZqmOY3kJDfWMmQVQJZ7Qc
f6oIaovFrgtHsAmjwyFiS1LG4MBbJiHUgnJZ44QNORkVEnDK38jzLUq5yYmPLhrArB3CeqoVflKjlBKie6gqpMfPz0ukg4sytRslvzt+tBs=
NrP/IhArB6NuiAxImXYE1H0pOx2/MjCr6gkJ2W9eGtCNLYKqyuX+wgMk0vKb2Cq05/+Pm8RzC6IVq+Xv2w60Cw==
Jv+FXM1z5li7QASrw9l/32sWx7IXWwJ7z4XtWadIz262IBCa0s1ZBQeqmlwViTIWArEervsgwu6z7Gp4vxv/Z0znqw6t7zWzM3q0Bw==
+KPwOTxabVfIjbs/Chv/oVcy56IORq4fwKXA7cL/0Ek9BiaTr6aqdiQ/EkfpXX9jccKwun9Yc52q6Yl5rz4a8M3NAgoKhf7iQ8RSUlu4KpSnHw87BBMLglVLZU8bbrQr
D0HsVrRphTBLLImxyZ3z8lLG4MBbJiHUgnJZ44QNORkVEnDK38jzLUq5yYmPLhrArR3CeqoVflKjlBKie6gqpMfPz0ukg4sytRslvzt+tBs=
zLH+f+KuYO1cVrD/DD6xe1Jx9r6GWrpp0FfJROc5t+scQLq1nKEJ+rl/Voan3PrW8znnnifFP1pNZXQbBmLcs+Pf+DmKNXm0Ag==
sutAe8xqTloUoepbV03QdFYy56IORq4fwKXA7cL/0Ek9BiaTr6aqdiQ/EkfpXX9jccKwun9Yc52q6Yl5rz4a8M3NAgoKhf7iQ8RSUlu4KpSnHw87BBMLglVLZU8bbrQr
D0HsVrRphTBLLImxyZ3z8lLG4MBbJiHUgnJZ44QNORkVEnDK38jzLUq5yYmPLhrArR3CeqoVflKjlBKie6gqpMfPz0ukg4sytRslvzt+tBs=
zLH+f+KuYO1cVrD/DD6xe1Jx9r6GWrpp0FfJROc5t+scQLq1nKEJ+rl/Voan3PrW8znnnifFP1pNZXQbBmLcs+Pf+DmKNXm0Ag==
Zv0LewGrFOJAOwP/nLST+13jcHrylb0bdjaUpadSWULixgyrpM8E71c8OYXpG0J8pM2CnVc658PI/jlgpCatBTnmOfkhuhNZqmOY3kJDfWMmQVQJZ7Qc
D0HsVrRphTBLLImxyZ3z8lLG4MBbJiHUgnJZ44QNORkVEnDK38jzLUq5yYmPLhrArR3CeqoVflKjlBKie6gqpMfPz0ukg4sytRslvzt+tBs=
FJBrUSAeXTyAWa379IJhxX0pOx2/MjCr8A8JxXdfGtCNN4Sq1v3/wgMk0vKb2Cq05/+Pm8RzC6IVq+Xv2w60Cw==
jw/MXLQns/sz8nXkkP1q/msWx7IXWwJ7z4XtWadIz262IBCayMtZGR+rmlwVkzQWHqkfrvsgwu6z7Gp4vxv/Z0znqw6t7zWzM3q0Bw==
+Cbb67UArcgg3OpOhankOq2M4hj8kiQopo2VHmMCdY27smUqNhZ4k2iPSBfjbO0tlbveDhY9Ch3aumtbRoiNlCCHUa1tNo2B7XpfYV4zzDZ+I2FLUnFAEWu0EA==
8kb26uJK8FKR3lGf8uKmE1Jx9r6GWrpp0FfJROc5t+scQLq1nKEJ+rl+Voan3PrW8znnnifFP1pNZXQbBmLcs+Pf+DmKNXm0Ag==
f/Vhik7zRb/OvbS4QJhsi1cy56IORq4fwKXA7cL/0Ek9BiaTr6aqdiQ/EkfpXX9jccKwun9Yc52q6Yl5rz4a8MzNAgoKhf7iQ8RSUlu4KpSnHw87BBMLglVLZU8bbrQr
I2qXBzWrCs3laA49bxL330rq3UVjSsL9qXwWBMFZGPOZu/F02GCzJkN/vu9xU/Pw2oJoW4qw5tuuIHeiSlgnlsrG4+mnoYiteyCBDV2lB2C0GQ==
8kb26uJK8FKR3lGf8uKmE1Jx9r6GWrpp0FfJROc5t+scQLq1nKEJ+rl+Voan3PrW8znnnifFP1pNZXQbBmLcs+Pf+DmKNXm0Ag==
f/Vhik7zRb/OvbS4QJhsi1cy56IORq4fwKXA7cL/0Ek9BiaTr6aqdiQ/EkfpXX9jccKwun9Yc52q6Yl5rz4a8MzNAgoKhf7iQ8RSUlu4KpSnHw87BBMLglVLZU8bbrQr
8kb26uJK8FKR3lGf8uKmE1Jx9r6GWrpp0FfJROc5t+scQLq1nKEJ+rl+Voan3PrW8znnnifFP1pNZXQbBmLcs+Pf+DmKNXm0Ag==
xNk5D1bhBTuyKzXYeteTsFYy56IORq4fwKXA7cL/0Ek9BiaTr6aqdiQ/EkfpXX9jccKwun9Yc52q6Yl5rz4a8MzNAgoKhf7iQ8RSUlu4KpSnHw87BBMLglVLZU8bbrQr
8kb26uJK8FKR3lGf8uKmE1Jx9r6GWrpp0FfJROc5t+scQLq1nKEJ+rl+Voan3PrW8znnnifFP1pNZXQbBmLcs+Pf+DmKNXm0Ag==
dZPCH+/urp9sM7W5g6TcpF3jc3rylb0bdjaUpadSWULixgyrpM8E71c8OYXpG0J8pM2CnVc658LI/jlgpCatBTnmOfkhuhNZqmOY3kJDfWMmQVQJZ7Qc
8kb26uJK8FKR3lGf8uKmE1Jx9r6GWrpp0FfJROc5t+scQLq1nKEJ+rl+Voan3PrW8znnnifFP1pNZXQbBmLcs+Pf+DmKNXm0Ag==
nQJBh+9RFE5bQCTwgWbEulzjc3rylb0bdjaUpadSWULixgyrpM8E71c8OYXpG0J8pM2CnVc658LI/jlgpCatBTnmOfkhuhNZqmOY3kJDfWMmQVQJZ7Qc
8kb26uJK8FKR3lGf8uKmE1Jx9r6GWrpp0FfJROc5t+scQLq1nKEJ+rl+Voan3PrW8znnnifFP1pNZXQbBmLcs+Pf+DmKNXm0Ag==
xNk5D1bhBTuyKzXYeteTsFYy56IORq4fwKXA7cL/0Ek9BiaTr6aqdiQ/EkfpXX9jccKwun9Yc52q6Yl5rz4a8MzNAgoKhf7iQ8RSUlu4KpSnHw87BBMLglVLZU8bbrQr
8kb26uJK8FKR3lGf8uKmE1Jx9r6GWrpp0FfJROc5t+scQLq1nKEJ+rl+Voan3PrW8znnnifFP1pNZXQbBmLcs+Pf+DmKNXm0Ag==
xNk5D1bhBTuyKzXYeteTsFYy56IORq4fwKXA7cL/0Ek9BiaTr6aqdiQ/EkfpXX9jccKwun9Yc52q6Yl5rz4a8MzNAgoKhf7iQ8RSUlu4KpSnHw87BBMLglVLZU8bbrQr
8kb26uJK8FKR3lGf8uKmE1Jx9r6GWrpp0FfJROc5t+scQLq1nKEJ+rl+Voan3PrW8znnnifFP1pNZXQbBmLcs+Pf+DmKNXm0Ag==
f/Vhik7zRb/OvbS4QJhsi1cy56IORq4fwKXA7cL/0Ek9BiaTr6aqdiQ/EkfpXX9jccKwun9Yc52q6Yl5rz4a8MzNAgoKhf7iQ8RSUlu4KpSnHw87BBMLglVLZU8bbrQr
IgmVxuXrRJU/mmpX5egrERs214V2NQrYWhL+qZSflfRLYVOLuPgWJeApjXo99qoWC2ReNpfhSy77jfsaia0o62q6+JMHpxQptj19tAY=
f6oIaovFrgtHsAmjwyFiS1LG4MBbJiHUgnJZ44QNORkVEnDK38jzLUq5yYmPLhrArB3CeqoVflKjlBKie6gqpMfPz0ukg4sytRslvzt+tBs=
8kb26uJK8FKR3lGf8uKmE1Jx9r6GWrpp0FfJROc5t+scQLq1nKEJ+rl+Voan3PrW8znnnifFP1pNZXQbBmLcs+Pf+DmKNXm0Ag==
f/Vhik7zRb/OvbS4QJhsi1cy56IORq4fwKXA7cL/0Ek9BiaTr6aqdiQ/EkfpXX9jccKwun9Yc52q6Yl5rz4a8MzNAgoKhf7iQ8RSUlu4KpSnHw87BBMLglVLZU8bbrQr
t72nV1mNrd76vnAY6tWa/dJmFysAiC/JPiMmFu2/EmXVuVi2xgpFDwCQ6IyUw0FhfSwGE+YRqAsZw0G8+Gij/gMnLmcRGwPI2rqYE+o4doPu+GeqapCX7ko+U6GHqZj1u/gRhb1td1i0IQ==
8kb26uJK8FKR3lGf8uKmE1Jx9r6GWrpp0FfJROc5t+scQLq1nKEJ+rl+Voan3PrW8znnnifFP1pNZXQbBmLcs+Pf+DmKNXm0Ag==
xNk5D1bhBTuyKzXYeteTsFYy56IORq4fwKXA7cL/0Ek9BiaTr6aqdiQ/EkfpXX9jccKwun9Yc52q6Yl5rz4a8MzNAgoKhf7iQ8RSUlu4KpSnHw87BBMLglVLZU8bbrQr
hClfwO5U5XDB7GogCHoc+9JmFysAiC/JPiMmFu2/EmXVuli2xgpFDwCQ6IyUw0FhfSwGE+YRqAsZw0G8+Gij/gMnLmcRGwPI2rqYE+o4doPu+GeqapCX7ko+U6GHqZj1u/gRhb1td1i0IQ==
NrP/IhArB6NuiAxImXYE1H0pOx2/MjCr6gkJ2W9eGtCNLYKqyuX+wgMk0vKb2Cq05/+Pm8RzC6IVq+Xv2w60Cw==
Jv+FXM1z5li7QASrw9l/32sWx7IXWwJ7z4XtWadIz262IBCa0s1ZBQeqmlwViTIWArEervsgwu6z7Gp4vxv/Z0znqw6t7zWzM3q0Bw==
+KPwOTxabVfIjbs/Chv/oVcy56IORq4fwKXA7cL/0Ek9BiaTr6aqdiQ/EkfpXX9jccKwun9Yc52q6Yl5rz4a8M3NAgoKhf7iQ8RSUlu4KpSnHw87BBMLglVLZU8bbrQr
QszAf5Cj1pOctQInGHXNA0pkJH2bwH6ZnVKJ9N5L+lzeDXDi8Yq3g8zA0aqzUAZ/KjUVzMTaXP44yRJz06xdTSU7TnRA/cYlq7qbewzOXWioBuFN3Xa9Yf16T0Guc7yWjqPx64KxEHFbtCA=
o/g6uXaexOVwl+fBsTaz+UpkJH2bwH6ZnVKJ9N5L817eDXDi8Yq3g8zA0aqzUAZ/KjUVzMTaXP44yRJz06xdTSU7TnRA/cYlq7qbewzOXWioBuFN3Xa9Yf16T0Guc7yWjqPx64KxEHFbtCA=
zLH+f+KuYO1cVrD/DD6xe1Jx9r6GWrpp0FfJROc5t+scQLq1nKEJ+rl/Voan3PrW8znnnifFP1pNZXQbBmLcs+Pf+DmKNXm0Ag==
+KPwOTxabVfIjbs/Chv/oVcy56IORq4fwKXA7cL/0Ek9BiaTr6aqdiQ/EkfpXX9jccKwun9Yc52q6Yl5rz4a8M3NAgoKhf7iQ8RSUlu4KpSnHw87BBMLglVLZU8bbrQr
zLH+f+KuYO1cVrD/DD6xe1Jx9r6GWrpp0FfJROc5t+scQLq1nKEJ+rl/Voan3PrW8znnnifFP1pNZXQbBmLcs+Pf+DmKNXm0Ag==
sutAe8xqTloUoepbV03QdFYy56IORq4fwKXA7cL/0Ek9BiaTr6aqdiQ/EkfpXX9jccKwun9Yc52q6Yl5rz4a8M3NAgoKhf7iQ8RSUlu4KpSnHw87BBMLglVLZU8bbrQr
SAJnzqIxoriv2t13Mk77AUrq3UVjSsL9qXwWBMFZGPOZu/F02GCzJkN/vu9xU/Pw2oJpW4qw5tuuIHeiSlgnlsrG4+mnoYiteyCBDV2lB2C0GQ==
SAJnzqIxoriv2t13Mk77AUrq3UVjSsL9qXwWBMFZGPOZu/F02GCzJkN/vu9xU/Pw2oJpW4qw5tuuIHeiSlgnlsrG4+mnoYiteyCBDV2lB2C0GQ==
zLH+f+KuYO1cVrD/DD6xe1Jx9r6GWrpp0FfJROc5t+scQLq1nKEJ+rl/Voan3PrW8znnnifFP1pNZXQbBmLcs+Pf+DmKNXm0Ag==
+KPwOTxabVfIjbs/Chv/oVcy56IORq4fwKXA7cL/0Ek9BiaTr6aqdiQ/EkfpXX9jccKwun9Yc52q6Yl5rz4a8M3NAgoKhf7iQ8RSUlu4KpSnHw87BBMLglVLZU8bbrQr
o/g6uXaexOVwl+fBsTaz+UpkJH2bwH6ZnVKJ9N5L817eDXDi8Yq3g8zA0aqzUAZ/KjUVzMTaXP44yRJz06xdTSU7TnRA/cYlq7qbewzOXWioBuFN3Xa9Yf16T0Guc7yWjqPx64KxEHFbtCA=
zLH+f+KuYO1cVrD/DD6xe1Jx9r6GWrpp0FfJROc5t+scQLq1nKEJ+rl/Voan3PrW8znnnifFP1pNZXQbBmLcs+Pf+DmKNXm0Ag==
sutAe8xqTloUoepbV03QdFYy56IORq4fwKXA7cL/0Ek9BiaTr6aqdiQ/EkfpXX9jccKwun9Yc52q6Yl5rz4a8M3NAgoKhf7iQ8RSUlu4KpSnHw87BBMLglVLZU8bbrQr
SAJnzqIxoriv2t13Mk77AUrq3UVjSsL9qXwWBMFZGPOZu/F02GCzJkN/vu9xU/Pw2oJpW4qw5tuuIHeiSlgnlsrG4+mnoYiteyCBDV2lB2C0GQ==
zLH+f+KuYO1cVrD/DD6xe1Jx9r6GWrpp0FfJROc5t+scQLq1nKEJ+rl/Voan3PrW8znnnifFP1pNZXQbBmLcs+Pf+DmKNXm0Ag==
+KPwOTxabVfIjbs/Chv/oVcy56IORq4fwKXA7cL/0Ek9BiaTr6aqdiQ/EkfpXX9jccKwun9Yc52q6Yl5rz4a8M3NAgoKhf7iQ8RSUlu4KpSnHw87BBMLglVLZU8bbrQr
o/g6uXaexOVwl+fBsTaz+UpkJH2bwH6ZnVKJ9N5L817eDXDi8Yq3g8zA0aqzUAZ/KjUVzMTaXP44yRJz06xdTSU7TnRA/cYlq7qbewzOXWioBuFN3Xa9Yf16T0Guc7yWjqPx64KxEHFbtCA=
zLH+f+KuYO1cVrD/DD6xe1Jx9r6GWrpp0FfJROc5t+scQLq1nKEJ+rl/Voan3PrW8znnnifFP1pNZXQbBmLcs+Pf+DmKNXm0Ag==
sutAe8xqTloUoepbV03QdFYy56IORq4fwKXA7cL/0Ek9BiaTr6aqdiQ/EkfpXX9jccKwun9Yc52q6Yl5rz4a8M3NAgoKhf7iQ8RSUlu4KpSnHw87BBMLglVLZU8bbrQr
SAJnzqIxoriv2t13Mk77AUrq3UVjSsL9qXwWBMFZGPOZu/F02GCzJkN/vu9xU/Pw2oJpW4qw5tuuIHeiSlgnlsrG4+mnoYiteyCBDV2lB2C0GQ==
SAJnzqIxoriv2t13Mk77AUrq3UVjSsL9qXwWBMFZGPOZu/F02GCzJkN/vu9xU/Pw2oJpW4qw5tuuIHeiSlgnlsrG4+mnoYiteyCBDV2lB2C0GQ==
SAJnzqIxoriv2t13Mk77AUrq3UVjSsL9qXwWBMFZGPOZu/F02GCzJkN/vu9xU/Pw2oJpW4qw5tuuIHeiSlgnlsrG4+mnoYiteyCBDV2lB2C0GQ==
SAJnzqIxoriv2t13Mk77AUrq3UVjSsL9qXwWBMFZGPOZu/F02GCzJkN/vu9xU/Pw2oJpW4qw5tuuIHeiSlgnlsrG4+mnoYiteyCBDV2lB2C0GQ==
SAJnzqIxoriv2t13Mk77AUrq3UVjSsL9qXwWBMFZGPOZu/F02GCzJkN/vu9xU/Pw2oJpW4qw5tuuIHeiSlgnlsrG4+mnoYiteyCBDV2lB2C0GQ==
SAJnzqIxoriv2t13Mk77AUrq3UVjSsL9qXwWBMFZGPOZu/F02GCzJkN/vu9xU/Pw2oJpW4qw5tuuIHeiSlgnlsrG4+mnoYiteyCBDV2lB2C0GQ==
NrP/IhArB6NuiAxImXYE1H0pOx2/MjCr6gkJ2W9eGtCNLYKqyuX+wgMk0vKb2Cq05/+Pm8RzC6IVq+Xv2w60Cw==
Jv+FXM1z5li7QASrw9l/32sWx7IXWwJ7z4XtWadIz262IBCa0s1ZBQeqmlwViTIWArEervsgwu6z7Gp4vxv/Z0znqw6t7zWzM3q0Bw==
+KPwOTxabVfIjbs/Chv/oVcy56IORq4fwKXA7cL/0Ek9BiaTr6aqdiQ/EkfpXX9jccKwun9Yc52q6Yl5rz4a8M3NAgoKhf7iQ8RSUlu4KpSnHw87BBMLglVLZU8bbrQr
zLH+f+KuYO1cVrD/DD6xe1Jx9r6GWrpp0FfJROc5t+scQLq1nKEJ+rl/Voan3PrW8znnnifFP1pNZXQbBmLcs+Pf+DmKNXm0Ag==
sutAe8xqTloUoepbV03QdFYy56IORq4fwKXA7cL/0Ek9BiaTr6aqdiQ/EkfpXX9jccKwun9Yc52q6Yl5rz4a8M3NAgoKhf7iQ8RSUlu4KpSnHw87BBMLglVLZU8bbrQr
SAJnzqIxoriv2t13Mk77AUrq3UVjSsL9qXwWBMFZGPOZu/F02GCzJkN/vu9xU/Pw2oJpW4qw5tuuIHeiSlgnlsrG4+mnoYiteyCBDV2lB2C0GQ==
SAJnzqIxoriv2t13Mk77AUrq3UVjSsL9qXwWBMFZGPOZu/F02GCzJkN/vu9xU/Pw2oJpW4qw5tuuIHeiSlgnlsrG4+mnoYiteyCBDV2lB2C0GQ==
zLH+f+KuYO1cVrD/DD6xe1Jx9r6GWrpp0FfJROc5t+scQLq1nKEJ+rl/Voan3PrW8znnnifFP1pNZXQbBmLcs+Pf+DmKNXm0Ag==
sutAe8xqTloUoepbV03QdFYy56IORq4fwKXA7cL/0Ek9BiaTr6aqdiQ/EkfpXX9jccKwun9Yc52q6Yl5rz4a8M3NAgoKhf7iQ8RSUlu4KpSnHw87BBMLglVLZU8bbrQr
zLH+f+KuYO1cVrD/DD6xe1Jx9r6GWrpp0FfJROc5t+scQLq1nKEJ+rl/Voan3PrW8znnnifFP1pNZXQbBmLcs+Pf+DmKNXm0Ag==
+KPwOTxabVfIjbs/Chv/oVcy56IORq4fwKXA7cL/0Ek9BiaTr6aqdiQ/EkfpXX9jccKwun9Yc52q6Yl5rz4a8M3NAgoKhf7iQ8RSUlu4KpSnHw87BBMLglVLZU8bbrQr
zLH+f+KuYO1cVrD/DD6xe1Jx9r6GWrpp0FfJROc5t+scQLq1nKEJ+rl/Voan3PrW8znnnifFP1pNZXQbBmLcs+Pf+DmKNXm0Ag==
sutAe8xqTloUoepbV03QdFYy56IORq4fwKXA7cL/0Ek9BiaTr6aqdiQ/EkfpXX9jccKwun9Yc52q6Yl5rz4a8M3NAgoKhf7iQ8RSUlu4KpSnHw87BBMLglVLZU8bbrQr
zLH+f+KuYO1cVrD/DD6xe1Jx9r6GWrpp0FfJROc5t+scQLq1nKEJ+rl/Voan3PrW8znnnifFP1pNZXQbBmLcs+Pf+DmKNXm0Ag==
+KPwOTxabVfIjbs/Chv/oVcy56IORq4fwKXA7cL/0Ek9BiaTr6aqdiQ/EkfpXX9jccKwun9Yc52q6Yl5rz4a8M3NAgoKhf7iQ8RSUlu4KpSnHw87BBMLglVLZU8bbrQr
BmlKhSItTMXarWqZqvJVK+1GndRyES0YmDU7Mi9YONNFMki95m5HEjEPSkBXJjXIsPO8hYOgckK6Up6ptN81dOshc4uYuPalgGltel03SpZrpH42tyHrrltN2xppbUhrivqYk+fntKkWfV20Jg==
zLH+f+KuYO1cVrD/DD6xe1Jx9r6GWrpp0FfJROc5t+scQLq1nKEJ+rl/Voan3PrW8znnnifFP1pNZXQbBmLcs+Pf+DmKNXm0Ag==
sutAe8xqTloUoepbV03QdFYy56IORq4fwKXA7cL/0Ek9BiaTr6aqdiQ/EkfpXX9jccKwun9Yc52q6Yl5rz4a8M3NAgoKhf7iQ8RSUlu4KpSnHw87BBMLglVLZU8bbrQr
SAJnzqIxoriv2t13Mk77AUrq3UVjSsL9qXwWBMFZGPOZu/F02GCzJkN/vu9xU/Pw2oJpW4qw5tuuIHeiSlgnlsrG4+mnoYiteyCBDV2lB2C0GQ==
HAXlNj26GjpFHInJSXWeMlUk5qMLB/lfh/Wat7K+iwt8Ejyx/aetdmI9HhOkHTkpdcKwun9Yc52q6Yl5rz4a8M3NAgoKhf7iQ8RSUlu4KpSnHw87BBMLglVLZU8bbrQr
SAJnzqIxoriv2t13Mk77AUrq3UVjSsL9qXwWBMFZGPOZu/F02GCzJkN/vu9xU/Pw2oJpW4qw5tuuIHeiSlgnlsrG4+mnoYiteyCBDV2lB2C0GQ==
HAXlNj26GjpFHInJSXWeMlUk5qMLB/lfh/Wat7K+iwt8Ejyx/aetdmI9HhOkHTkpdcKwun9Yc52q6Yl5rz4a8M3NAgoKhf7iQ8RSUlu4KpSnHw87BBMLglVLZU8bbrQr
zLH+f+KuYO1cVrD/DD6xe1Jx9r6GWrpp0FfJROc5t+scQLq1nKEJ+rl/Voan3PrW8znnnifFP1pNZXQbBmLcs+Pf+DmKNXm0Ag==
+KPwOTxabVfIjbs/Chv/oVcy56IORq4fwKXA7cL/0Ek9BiaTr6aqdiQ/EkfpXX9jccKwun9Yc52q6Yl5rz4a8M3NAgoKhf7iQ8RSUlu4KpSnHw87BBMLglVLZU8bbrQr
zLH+f+KuYO1cVrD/DD6xe1Jx9r6GWrpp0FfJROc5t+scQLq1nKEJ+rl/Voan3PrW8znnnifFP1pNZXQbBmLcs+Pf+DmKNXm0Ag==
sutAe8xqTloUoepbV03QdFYy56IORq4fwKXA7cL/0Ek9BiaTr6aqdiQ/EkfpXX9jccKwun9Yc52q6Yl5rz4a8M3NAgoKhf7iQ8RSUlu4KpSnHw87BBMLglVLZU8bbrQr
SeK9LxXaNeOgFS/LmrWCgX0pOx2/MjCr6gkJ2W9eGtCMLYKqyuX+wgMk0vKb2Cq05/+Pm8RzC6IVq+Xv2w60Cw==
p+T02uiiiuFuS4tDAIfS5GsWx7IXWwJ7z4XtWadIz262IBCa0s1ZBQeqmlwUiTIWArEervsgwu6z7Gp4vxv/Z0znqw6t7zWzM3q0Bw==
f/Vhik7zRb/OvbS4QJhsi1cy56IORq4fwKXA7cL/0Ek9BiaTr6aqdiQ/EkfpXX9jccKwun9Yc52q6Yl5rz4a8MzNAgoKhf7iQ8RSUlu4KpSnHw87BBMLglVLZU8bbrQr
axOwhRY7uBa9JKcUhktaTurxo9DLwajWS2uexYqMlRGGl0UvJDxO9MGNgBZkdgxNNfPN2pq5jo8M6fllLeZAhndMU3GSrdmlR4qafFQpsnZCUR7OO8BCTnPMalh/u3+HjIer7u2PtRNzWrQn
zLH+f+KuYO1cVrD/DD6xe1Jx9r6GWrpp0FfJROc5t+scQLq1nKEJ+rl/Voan3PrW8znnnifFP1pNZXQbBmLcs+Pf+DmKNXm0Ag==
+KPwOTxabVfIjbs/Chv/oVcy56IORq4fwKXA7cL/0Ek9BiaTr6aqdiQ/EkfpXX9jccKwun9Yc52q6Yl5rz4a8M3NAgoKhf7iQ8RSUlu4KpSnHw87BBMLglVLZU8bbrQr
dOL+D1bLha4bkVIHefheR+1GndRyES0YmDU7Mi9YONNOOUi95m5HEjEPSkBXJjXIsPO8hYOgckK6Up6ptN81dOshc4uYuPalgGltel03SpZrpH42tyHrrltN2xppbUhrivqYk+fntKkWfV20Jg==
zLH+f+KuYO1cVrD/DD6xe1Jx9r6GWrpp0FfJROc5t+scQLq1nKEJ+rl/Voan3PrW8znnnifFP1pNZXQbBmLcs+Pf+DmKNXm0Ag==
+KPwOTxabVfIjbs/Chv/oVcy56IORq4fwKXA7cL/0Ek9BiaTr6aqdiQ/EkfpXX9jccKwun9Yc52q6Yl5rz4a8M3NAgoKhf7iQ8RSUlu4KpSnHw87BBMLglVLZU8bbrQr
BmlKhSItTMXarWqZqvJVK+1GndRyES0YmDU7Mi9YONNFMki95m5HEjEPSkBXJjXIsPO8hYOgckK6Up6ptN81dOshc4uYuPalgGltel03SpZrpH42tyHrrltN2xppbUhrivqYk+fntKkWfV20Jg==
YcCf6tuWCZwmlpMXgdn9pedNndRyES0YmDU7Mi9YONNFMki95m5HEjEPSkBXJjXIsPO8hYOgckK6Up6ptN81dOshc4uYuPalgGltel03SpZrpH42tyHrrltN2xppbUhrivqYk+fntKkWfV20Jg==
zLH+f+KuYO1cVrD/DD6xe1Jx9r6GWrpp0FfJROc5t+scQLq1nKEJ+rl/Voan3PrW8znnnifFP1pNZXQbBmLcs+Pf+DmKNXm0Ag==
sutAe8xqTloUoepbV03QdFYy56IORq4fwKXA7cL/0Ek9BiaTr6aqdiQ/EkfpXX9jccKwun9Yc52q6Yl5rz4a8M3NAgoKhf7iQ8RSUlu4KpSnHw87BBMLglVLZU8bbrQr
OgDucs/sf8mEv7ZSbr88qudNndRyES0YmDU7Mi9YONNPOUi95m5HEjEPSkBXJjXIsPO8hYOgckK6Up6ptN81dOshc4uYuPalgGltel03SpZrpH42tyHrrltN2xppbUhrivqYk+fntKkWfV20Jg==
vBt9lbsvyygs35LD40U4w+VAntRyES0YmDU7Mi9YONNPOUi95m5HEjEPSkBXJjXIsPO8hYOgckK6Up6ptN81dOshc4uYuPalgGltel03SpZrpH42tyHrrltN2xppbUhrivqYk+fntKkWfV20Jg==
8kb26uJK8FKR3lGf8uKmE1Jx9r6GWrpp0FfJROc5t+scQLq1nKEJ+rl+Voan3PrW8znnnifFP1pNZXQbBmLcs+Pf+DmKNXm0Ag==
xNk5D1bhBTuyKzXYeteTsFYy56IORq4fwKXA7cL/0Ek9BiaTr6aqdiQ/EkfpXX9jccKwun9Yc52q6Yl5rz4a8MzNAgoKhf7iQ8RSUlu4KpSnHw87BBMLglVLZU8bbrQr
hClfwO5U5XDB7GogCHoc+9JmFysAiC/JPiMmFu2/EmXVuli2xgpFDwCQ6IyUw0FhfSwGE+YRqAsZw0G8+Gij/gMnLmcRGwPI2rqYE+o4doPu+GeqapCX7ko+U6GHqZj1u/gRhb1td1i0IQ==
8kb26uJK8FKR3lGf8uKmE1Jx9r6GWrpp0FfJROc5t+scQLq1nKEJ+rl+Voan3PrW8znnnifFP1pNZXQbBmLcs+Pf+DmKNXm0Ag==
f/Vhik7zRb/OvbS4QJhsi1cy56IORq4fwKXA7cL/0Ek9BiaTr6aqdiQ/EkfpXX9jccKwun9Yc52q6Yl5rz4a8MzNAgoKhf7iQ8RSUlu4KpSnHw87BBMLglVLZU8bbrQr
axOwhRY7uBa9JKcUhktaTurxo9DLwajWS2uexYqMlRGGl0UvJDxO9MGNgBZkdgxNNfPN2pq5jo8M6fllLeZAhndMU3GSrdmlR4qafFQpsnZCUR7OO8BCTnPMalh/u3+HjIer7u2PtRNzWrQn
8kb26uJK8FKR3lGf8uKmE1Jx9r6GWrpp0FfJROc5t+scQLq1nKEJ+rl+Voan3PrW8znnnifFP1pNZXQbBmLcs+Pf+DmKNXm0Ag==
dZPCH+/urp9sM7W5g6TcpF3jc3rylb0bdjaUpadSWULixgyrpM8E71c8OYXpG0J8pM2CnVc658LI/jlgpCatBTnmOfkhuhNZqmOY3kJDfWMmQVQJZ7Qc
I2qXBzWrCs3laA49bxL330rq3UVjSsL9qXwWBMFZGPOZu/F02GCzJkN/vu9xU/Pw2oJoW4qw5tuuIHeiSlgnlsrG4+mnoYiteyCBDV2lB2C0GQ==
Zso8QVCQalYhOd9JXQIucn0pOx2/MjCr6gkJ2W9eGtCOLYKqyuX+wgMk0vKb2Cq05/+Pm8RzC6IVq+Xv2w60Cw==
nBVDZ3aykEk6q+nDbGf8FGsWx7IXWwJ7z4XtWadIz262IBCa0s1ZBQeqmlwWiTIWArEervsgwu6z7Gp4vxv/Z0znqw6t7zWzM3q0Bw==
RkynKrCwOiYKm5qB2E2sNVcy56IORq4fwKXA7cL/0Ek9BiaTr6aqdiQ/EkfpXX9jccKwun9Yc52q6Yl5rz4a8M7NAgoKhf7iQ8RSUlu4KpSnHw87BBMLglVLZU8bbrQr
bDx9VYDIhf5RKyRz2/dRhlLG4MBbJiHUgnJZ44QNORkVEnDK38jzLUq5yYmPLhrArh3CeqoVflKjlBKie6gqpMfPz0ukg4sytRslvzt+tBs=
TUWbEOWuGyj+mMTM1GL2B9PSxrPDZnjp7ItjtmL4rJ3BDX0MygdOQFMuydici5ilZ3heMuaaWmnwl2nEB/nX6/wAGjU84en62bz2BgccmtYTeYceh4UfWi0llJumovyzwx+YuWp1WbQi
dB1k6aP1yq4p/xm7wbTAJFJx9r6GWrpp0FfJROc5t+scQLq1nKEJ+rl8Voan3PrW8znnnifFP1pNZXQbBmLcs+Pf+DmKNXm0Ag==
/s1Men7Zny+yoOz+xsxx0VYy56IORq4fwKXA7cL/0Ek9BiaTr6aqdiQ/EkfpXX9jccKwun9Yc52q6Yl5rz4a8M7NAgoKhf7iQ8RSUlu4KpSnHw87BBMLglVLZU8bbrQr
2Ap6lQ/yBYcQCYAPypWhnErq3UVjSsL9qXwWBMFZGPOZu/F02GCzJkN/vu9xU/Pw2oJqW4qw5tuuIHeiSlgnlsrG4+mnoYiteyCBDV2lB2C0GQ==
2Ap6lQ/yBYcQCYAPypWhnErq3UVjSsL9qXwWBMFZGPOZu/F02GCzJkN/vu9xU/Pw2oJqW4qw5tuuIHeiSlgnlsrG4+mnoYiteyCBDV2lB2C0GQ==
2Ap6lQ/yBYcQCYAPypWhnErq3UVjSsL9qXwWBMFZGPOZu/F02GCzJkN/vu9xU/Pw2oJqW4qw5tuuIHeiSlgnlsrG4+mnoYiteyCBDV2lB2C0GQ==
dB1k6aP1yq4p/xm7wbTAJFJx9r6GWrpp0FfJROc5t+scQLq1nKEJ+rl8Voan3PrW8znnnifFP1pNZXQbBmLcs+Pf+DmKNXm0Ag==
RkynKrCwOiYKm5qB2E2sNVcy56IORq4fwKXA7cL/0Ek9BiaTr6aqdiQ/EkfpXX9jccKwun9Yc52q6Yl5rz4a8M7NAgoKhf7iQ8RSUlu4KpSnHw87BBMLglVLZU8bbrQr
2Ap6lQ/yBYcQCYAPypWhnErq3UVjSsL9qXwWBMFZGPOZu/F02GCzJkN/vu9xU/Pw2oJqW4qw5tuuIHeiSlgnlsrG4+mnoYiteyCBDV2lB2C0GQ==
TUWbEOWuGyj+mMTM1GL2B9PSxrPDZnjp7ItjtmL4rJ3BDX0MygdOQFMuydici5ilZ3heMuaaWmnwl2nEB/nX6/wAGjU84en62bz2BgccmtYTeYceh4UfWi0llJumovyzwx+YuWp1WbQi
R5QMOubSzlelDCsO2ubb/EJ4IGac23mCmkmO79le+EzeDXP554Swg8zA0aqzUAZ/KjUVzMTaXP44yRJz06xdTSU7TnRA/cYlq7qbeAzOXWioBuFN3Xa9Yf16T0Guc7yWjqPx64KxEHFbtCA=
dB1k6aP1yq4p/xm7wbTAJFJx9r6GWrpp0FfJROc5t+scQLq1nKEJ+rl8Voan3PrW8znnnifFP1pNZXQbBmLcs+Pf+DmKNXm0Ag==
/s1Men7Zny+yoOz+xsxx0VYy56IORq4fwKXA7cL/0Ek9BiaTr6aqdiQ/EkfpXX9jccKwun9Yc52q6Yl5rz4a8M7NAgoKhf7iQ8RSUlu4KpSnHw87BBMLglVLZU8bbrQr
0JBGOVSBFkxsxrBS2NmgWdPSxrPDZnjp7ItjtmL4rJ3CDX0MygdOQFMuydici5ilZ3heMuaaWmnwl2nEB/nX6/wAGjU84en62bz2BgccmtYTeYceh4UfWi0llJumovyzwx+YuWp1WbQi
0JBGOVSBFkxsxrBS2NmgWdPSxrPDZnjp7ItjtmL4rJ3CDX0MygdOQFMuydici5ilZ3heMuaaWmnwl2nEB/nX6/wAGjU84en62bz2BgccmtYTeYceh4UfWi0llJumovyzwx+YuWp1WbQi
2Ap6lQ/yBYcQCYAPypWhnErq3UVjSsL9qXwWBMFZGPOZu/F02GCzJkN/vu9xU/Pw2oJqW4qw5tuuIHeiSlgnlsrG4+mnoYiteyCBDV2lB2C0GQ==
0JBGOVSBFkxsxrBS2NmgWdPSxrPDZnjp7ItjtmL4rJ3CDX0MygdOQFMuydici5ilZ3heMuaaWmnwl2nEB/nX6/wAGjU84en62bz2BgccmtYTeYceh4UfWi0llJumovyzwx+YuWp1WbQi
dB1k6aP1yq4p/xm7wbTAJFJx9r6GWrpp0FfJROc5t+scQLq1nKEJ+rl8Voan3PrW8znnnifFP1pNZXQbBmLcs+Pf+DmKNXm0Ag==
RkynKrCwOiYKm5qB2E2sNVcy56IORq4fwKXA7cL/0Ek9BiaTr6aqdiQ/EkfpXX9jccKwun9Yc52q6Yl5rz4a8M7NAgoKhf7iQ8RSUlu4KpSnHw87BBMLglVLZU8bbrQr
dB1k6aP1yq4p/xm7wbTAJFJx9r6GWrpp0FfJROc5t+scQLq1nKEJ+rl8Voan3PrW8znnnifFP1pNZXQbBmLcs+Pf+DmKNXm0Ag==
RkynKrCwOiYKm5qB2E2sNVcy56IORq4fwKXA7cL/0Ek9BiaTr6aqdiQ/EkfpXX9jccKwun9Yc52q6Yl5rz4a8M7NAgoKhf7iQ8RSUlu4KpSnHw87BBMLglVLZU8bbrQr
dB1k6aP1yq4p/xm7wbTAJFJx9r6GWrpp0FfJROc5t+scQLq1nKEJ+rl8Voan3PrW8znnnifFP1pNZXQbBmLcs+Pf+DmKNXm0Ag==
/s1Men7Zny+yoOz+xsxx0VYy56IORq4fwKXA7cL/0Ek9BiaTr6aqdiQ/EkfpXX9jccKwun9Yc52q6Yl5rz4a8M7NAgoKhf7iQ8RSUlu4KpSnHw87BBMLglVLZU8bbrQr
bDx9VYDIhf5RKyRz2/dRhlLG4MBbJiHUgnJZ44QNORkVEnDK38jzLUq5yYmPLhrArh3CeqoVflKjlBKie6gqpMfPz0ukg4sytRslvzt+tBs=
0JBGOVSBFkxsxrBS2NmgWdPSxrPDZnjp7ItjtmL4rJ3CDX0MygdOQFMuydici5ilZ3heMuaaWmnwl2nEB/nX6/wAGjU84en62bz2BgccmtYTeYceh4UfWi0llJumovyzwx+YuWp1WbQi
FJBrUSAeXTyAWa379IJhxX0pOx2/MjCr8A8JxXdfGtCNN4Sq1v3/wgMk0vKb2Cq05/+Pm8RzC6IVq+Xv2w60Cw==
jw/MXLQns/sz8nXkkP1q/msWx7IXWwJ7z4XtWadIz262IBCayMtZGR+rmlwVkzQWHqkfrvsgwu6z7Gp4vxv/Z0znqw6t7zWzM3q0Bw==
XbyJv71XIxFY7N3+xnRGja6M4hj8kiQopo2VHmMCdY27smUqNhZ4k2iPSBfjbO0tlbveDhY9Ch3aumtbRoiNlCCHUa1tNo2B7XpfYV4zzDZ+I2FLUnFAEWu0EA==
NrP/IhArB6NuiAxImXYE1H0pOx2/MjCr6gkJ2W9eGtCNLYKqyuX+wgMk0vKb2Cq05/+Pm8RzC6IVq+Xv2w60Cw==
Jv+FXM1z5li7QASrw9l/32sWx7IXWwJ7z4XtWadIz262IBCa0s1ZBQeqmlwViTIWArEervsgwu6z7Gp4vxv/Z0znqw6t7zWzM3q0Bw==
+KPwOTxabVfIjbs/Chv/oVcy56IORq4fwKXA7cL/0Ek9BiaTr6aqdiQ/EkfpXX9jccKwun9Yc52q6Yl5rz4a8M3NAgoKhf7iQ8RSUlu4KpSnHw87BBMLglVLZU8bbrQr
zLH+f+KuYO1cVrD/DD6xe1Jx9r6GWrpp0FfJROc5t+scQLq1nKEJ+rl/Voan3PrW8znnnifFP1pNZXQbBmLcs+Pf+DmKNXm0Ag==
+KPwOTxabVfIjbs/Chv/oVcy56IORq4fwKXA7cL/0Ek9BiaTr6aqdiQ/EkfpXX9jccKwun9Yc52q6Yl5rz4a8M3NAgoKhf7iQ8RSUlu4KpSnHw87BBMLglVLZU8bbrQr
zLH+f+KuYO1cVrD/DD6xe1Jx9r6GWrpp0FfJROc5t+scQLq1nKEJ+rl/Voan3PrW8znnnifFP1pNZXQbBmLcs+Pf+DmKNXm0Ag==
+KPwOTxabVfIjbs/Chv/oVcy56IORq4fwKXA7cL/0Ek9BiaTr6aqdiQ/EkfpXX9jccKwun9Yc52q6Yl5rz4a8M3NAgoKhf7iQ8RSUlu4KpSnHw87BBMLglVLZU8bbrQr
spbTtMsCvcABpZC7kttT3+dNndRyES0YmDU7Mi9YONNFMki95W5HEjEPSkBXJjXIsPO8hYOgckK6Up6ptN81dOshc4uYuPalgGltel03SpZrpH42tyHrrltN2xppbUhrivqYk+fntKkWfV20Jg==
zLH+f+KuYO1cVrD/DD6xe1Jx9r6GWrpp0FfJROc5t+scQLq1nKEJ+rl/Voan3PrW8znnnifFP1pNZXQbBmLcs+Pf+DmKNXm0Ag==
sutAe8xqTloUoepbV03QdFYy56IORq4fwKXA7cL/0Ek9BiaTr6aqdiQ/EkfpXX9jccKwun9Yc52q6Yl5rz4a8M3NAgoKhf7iQ8RSUlu4KpSnHw87BBMLglVLZU8bbrQr
nTIRnEX2nRDV9Zrh6BaAauVAntRyES0YmDU7Mi9YONNPOUi95W5HEjEPSkBXJjXIsPO8hYOgckK6Up6ptN81dOshc4uYuPalgGltel03SpZrpH42tyHrrltN2xppbUhrivqYk+fntKkWfV20Jg==
zLH+f+KuYO1cVrD/DD6xe1Jx9r6GWrpp0FfJROc5t+scQLq1nKEJ+rl/Voan3PrW8znnnifFP1pNZXQbBmLcs+Pf+DmKNXm0Ag==
s2gFYXhD6FisGZrMfhXfslUy56IORq4fwKXA7cL/0Ek9BiaTr6aqdiQ/EkfpXX9jccKwun9Yc52q6Yl5rz4a8M3NAgoKhf7iQ8RSUlu4KpSnHw87BBMLglVLZU8bbrQr
zLH+f+KuYO1cVrD/DD6xe1Jx9r6GWrpp0FfJROc5t+scQLq1nKEJ+rl/Voan3PrW8znnnifFP1pNZXQbBmLcs+Pf+DmKNXm0Ag==
Zv0LewGrFOJAOwP/nLST+13jcHrylb0bdjaUpadSWULixgyrpM8E71c8OYXpG0J8pM2CnVc658PI/jlgpCatBTnmOfkhuhNZqmOY3kJDfWMmQVQJZ7Qc
SeK9LxXaNeOgFS/LmrWCgX0pOx2/MjCr6gkJ2W9eGtCMLYKqyuX+wgMk0vKb2Cq05/+Pm8RzC6IVq+Xv2w60Cw==
p+T02uiiiuFuS4tDAIfS5GsWx7IXWwJ7z4XtWadIz262IBCa0s1ZBQeqmlwUiTIWArEervsgwu6z7Gp4vxv/Z0znqw6t7zWzM3q0Bw==
f/Vhik7zRb/OvbS4QJhsi1cy56IORq4fwKXA7cL/0Ek9BiaTr6aqdiQ/EkfpXX9jccKwun9Yc52q6Yl5rz4a8MzNAgoKhf7iQ8RSUlu4KpSnHw87BBMLglVLZU8bbrQr
I2qXBzWrCs3laA49bxL330rq3UVjSsL9qXwWBMFZGPOZu/F02GCzJkN/vu9xU/Pw2oJoW4qw5tuuIHeiSlgnlsrG4+mnoYiteyCBDV2lB2C0GQ==
8kb26uJK8FKR3lGf8uKmE1Jx9r6GWrpp0FfJROc5t+scQLq1nKEJ+rl+Voan3PrW8znnnifFP1pNZXQbBmLcs+Pf+DmKNXm0Ag==
xNk5D1bhBTuyKzXYeteTsFYy56IORq4fwKXA7cL/0Ek9BiaTr6aqdiQ/EkfpXX9jccKwun9Yc52q6Yl5rz4a8MzNAgoKhf7iQ8RSUlu4KpSnHw87BBMLglVLZU8bbrQr
8kb26uJK8FKR3lGf8uKmE1Jx9r6GWrpp0FfJROc5t+scQLq1nKEJ+rl+Voan3PrW8znnnifFP1pNZXQbBmLcs+Pf+DmKNXm0Ag==
f/Vhik7zRb/OvbS4QJhsi1cy56IORq4fwKXA7cL/0Ek9BiaTr6aqdiQ/EkfpXX9jccKwun9Yc52q6Yl5rz4a8MzNAgoKhf7iQ8RSUlu4KpSnHw87BBMLglVLZU8bbrQr
8kb26uJK8FKR3lGf8uKmE1Jx9r6GWrpp0FfJROc5t+scQLq1nKEJ+rl+Voan3PrW8znnnifFP1pNZXQbBmLcs+Pf+DmKNXm0Ag==
f/Vhik7zRb/OvbS4QJhsi1cy56IORq4fwKXA7cL/0Ek9BiaTr6aqdiQ/EkfpXX9jccKwun9Yc52q6Yl5rz4a8MzNAgoKhf7iQ8RSUlu4KpSnHw87BBMLglVLZU8bbrQr
8kb26uJK8FKR3lGf8uKmE1Jx9r6GWrpp0FfJROc5t+scQLq1nKEJ+rl+Voan3PrW8znnnifFP1pNZXQbBmLcs+Pf+DmKNXm0Ag==
xNk5D1bhBTuyKzXYeteTsFYy56IORq4fwKXA7cL/0Ek9BiaTr6aqdiQ/EkfpXX9jccKwun9Yc52q6Yl5rz4a8MzNAgoKhf7iQ8RSUlu4KpSnHw87BBMLglVLZU8bbrQr
8kb26uJK8FKR3lGf8uKmE1Jx9r6GWrpp0FfJROc5t+scQLq1nKEJ+rl+Voan3PrW8znnnifFP1pNZXQbBmLcs+Pf+DmKNXm0Ag==
BwNZiuTGWd032P47vjJI4FUy56IORq4fwKXA7cL/0Ek9BiaTr6aqdiQ/EkfpXX9jccKwun9Yc52q6Yl5rz4a8MzNAgoKhf7iQ8RSUlu4KpSnHw87BBMLglVLZU8bbrQr
8kb26uJK8FKR3lGf8uKmE1Jx9r6GWrpp0FfJROc5t+scQLq1nKEJ+rl+Voan3PrW8znnnifFP1pNZXQbBmLcs+Pf+DmKNXm0Ag==
dZPCH+/urp9sM7W5g6TcpF3jc3rylb0bdjaUpadSWULixgyrpM8E71c8OYXpG0J8pM2CnVc658LI/jlgpCatBTnmOfkhuhNZqmOY3kJDfWMmQVQJZ7Qc
8kb26uJK8FKR3lGf8uKmE1Jx9r6GWrpp0FfJROc5t+scQLq1nKEJ+rl+Voan3PrW8znnnifFP1pNZXQbBmLcs+Pf+DmKNXm0Ag==
BwNZiuTGWd032P47vjJI4FUy56IORq4fwKXA7cL/0Ek9BiaTr6aqdiQ/EkfpXX9jccKwun9Yc52q6Yl5rz4a8MzNAgoKhf7iQ8RSUlu4KpSnHw87BBMLglVLZU8bbrQr
8kb26uJK8FKR3lGf8uKmE1Jx9r6GWrpp0FfJROc5t+scQLq1nKEJ+rl+Voan3PrW8znnnifFP1pNZXQbBmLcs+Pf+DmKNXm0Ag==
BwNZiuTGWd032P47vjJI4FUy56IORq4fwKXA7cL/0Ek9BiaTr6aqdiQ/EkfpXX9jccKwun9Yc52q6Yl5rz4a8MzNAgoKhf7iQ8RSUlu4KpSnHw87BBMLglVLZU8bbrQr
8kb26uJK8FKR3lGf8uKmE1Jx9r6GWrpp0FfJROc5t+scQLq1nKEJ+rl+Voan3PrW8znnnifFP1pNZXQbBmLcs+Pf+DmKNXm0Ag==
xNk5D1bhBTuyKzXYeteTsFYy56IORq4fwKXA7cL/0Ek9BiaTr6aqdiQ/EkfpXX9jccKwun9Yc52q6Yl5rz4a8MzNAgoKhf7iQ8RSUlu4KpSnHw87BBMLglVLZU8bbrQr
hClfwO5U5XDB7GogCHoc+9JmFysAiC/JPiMmFu2/EmXVuli2xgpFDwCQ6IyUw0FhfSwGE+YRqAsZw0G8+Gij/gMnLmcRGwPI2rqYE+o4doPu+GeqapCX7ko+U6GHqZj1u/gRhb1td1i0IQ==
8kb26uJK8FKR3lGf8uKmE1Jx9r6GWrpp0FfJROc5t+scQLq1nKEJ+rl+Voan3PrW8znnnifFP1pNZXQbBmLcs+Pf+DmKNXm0Ag==
f/Vhik7zRb/OvbS4QJhsi1cy56IORq4fwKXA7cL/0Ek9BiaTr6aqdiQ/EkfpXX9jccKwun9Yc52q6Yl5rz4a8MzNAgoKhf7iQ8RSUlu4KpSnHw87BBMLglVLZU8bbrQr
I2qXBzWrCs3laA49bxL330rq3UVjSsL9qXwWBMFZGPOZu/F02GCzJkN/vu9xU/Pw2oJoW4qw5tuuIHeiSlgnlsrG4+mnoYiteyCBDV2lB2C0GQ==
I2qXBzWrCs3laA49bxL330rq3UVjSsL9qXwWBMFZGPOZu/F02GCzJkN/vu9xU/Pw2oJoW4qw5tuuIHeiSlgnlsrG4+mnoYiteyCBDV2lB2C0GQ==
zLH+f+KuYO1cVrD/DD6xe1Jx9r6GWrpp0FfJROc5t+scQLq1nKEJ+rl/Voan3PrW8znnnifFP1pNZXQbBmLcs+Pf+DmKNXm0Ag==
sutAe8xqTloUoepbV03QdFYy56IORq4fwKXA7cL/0Ek9BiaTr6aqdiQ/EkfpXX9jccKwun9Yc52q6Yl5rz4a8M3NAgoKhf7iQ8RSUlu4KpSnHw87BBMLglVLZU8bbrQr
SAJnzqIxoriv2t13Mk77AUrq3UVjSsL9qXwWBMFZGPOZu/F02GCzJkN/vu9xU/Pw2oJpW4qw5tuuIHeiSlgnlsrG4+mnoYiteyCBDV2lB2C0GQ==
zLH+f+KuYO1cVrD/DD6xe1Jx9r6GWrpp0FfJROc5t+scQLq1nKEJ+rl/Voan3PrW8znnnifFP1pNZXQbBmLcs+Pf+DmKNXm0Ag==
sutAe8xqTloUoepbV03QdFYy56IORq4fwKXA7cL/0Ek9BiaTr6aqdiQ/EkfpXX9jccKwun9Yc52q6Yl5rz4a8M3NAgoKhf7iQ8RSUlu4KpSnHw87BBMLglVLZU8bbrQr
zLH+f+KuYO1cVrD/DD6xe1Jx9r6GWrpp0FfJROc5t+scQLq1nKEJ+rl/Voan3PrW8znnnifFP1pNZXQbBmLcs+Pf+DmKNXm0Ag==
+KPwOTxabVfIjbs/Chv/oVcy56IORq4fwKXA7cL/0Ek9BiaTr6aqdiQ/EkfpXX9jccKwun9Yc52q6Yl5rz4a8M3NAgoKhf7iQ8RSUlu4KpSnHw87BBMLglVLZU8bbrQr
zPX9gWq6BK7Mz8Q3U1fJ8eD6o9DLwajWS2uexYqMlRGElUUsJDxO9MGNgBZkdgxNNfPN2pq5jo8M6fllLeZAhndMU3GSrdmlR4qafFUpsnZCUR7OO8BCTnPMalh/u3+HjIer7u2PtRNzWrQn
SAJnzqIxoriv2t13Mk77AUrq3UVjSsL9qXwWBMFZGPOZu/F02GCzJkN/vu9xU/Pw2oJpW4qw5tuuIHeiSlgnlsrG4+mnoYiteyCBDV2lB2C0GQ==
Jxdhk3tJZrlLBbV8uZV/k9JmFysAiC/JPiMmFu2/E2fVuli2xgpFDwCQ6IyUw0FhfSwGE+YRqAsZw0G8+Gij/gMnLmcRGwPI2rqZE+o4doPu+GeqapCX7ko+U6GHqZj1u/gRhb1td1i0IQ==
Jxdhk3tJZrlLBbV8uZV/k9JmFysAiC/JPiMmFu2/E2fVuli2xgpFDwCQ6IyUw0FhfSwGE+YRqAsZw0G8+Gij/gMnLmcRGwPI2rqZE+o4doPu+GeqapCX7ko+U6GHqZj1u/gRhb1td1i0IQ==
SAJnzqIxoriv2t13Mk77AUrq3UVjSsL9qXwWBMFZGPOZu/F02GCzJkN/vu9xU/Pw2oJpW4qw5tuuIHeiSlgnlsrG4+mnoYiteyCBDV2lB2C0GQ==
zLH+f+KuYO1cVrD/DD6xe1Jx9r6GWrpp0FfJROc5t+scQLq1nKEJ+rl/Voan3PrW8znnnifFP1pNZXQbBmLcs+Pf+DmKNXm0Ag==
sutAe8xqTloUoepbV03QdFYy56IORq4fwKXA7cL/0Ek9BiaTr6aqdiQ/EkfpXX9jccKwun9Yc52q6Yl5rz4a8M3NAgoKhf7iQ8RSUlu4KpSnHw87BBMLglVLZU8bbrQr
zLH+f+KuYO1cVrD/DD6xe1Jx9r6GWrpp0FfJROc5t+scQLq1nKEJ+rl/Voan3PrW8znnnifFP1pNZXQbBmLcs+Pf+DmKNXm0Ag==
+KPwOTxabVfIjbs/Chv/oVcy56IORq4fwKXA7cL/0Ek9BiaTr6aqdiQ/EkfpXX9jccKwun9Yc52q6Yl5rz4a8M3NAgoKhf7iQ8RSUlu4KpSnHw87BBMLglVLZU8bbrQr
9gOJ7uo+VlsP6YlZCfX2xtJmFysAiC/JPiMmFu2/EmXVuli2xgpFDwCQ6IyUw0FhfSwGE+YRqAsZw0G8+Gij/gMnLmcRGwPI2rqZE+o4doPu+GeqapCX7ko+U6GHqZj1u/gRhb1td1i0IQ==
FJBrUSAeXTyAWa379IJhxX0pOx2/MjCr8A8JxXdfGtCNN4Sq1v3/wgMk0vKb2Cq05/+Pm8RzC6IVq+Xv2w60Cw==
jw/MXLQns/sz8nXkkP1q/msWx7IXWwJ7z4XtWadIz262IBCayMtZGR+rmlwVkzQWHqkfrvsgwu6z7Gp4vxv/Z0znqw6t7zWzM3q0Bw==
XbyJv71XIxFY7N3+xnRGja6M4hj8kiQopo2VHmMCdY27smUqNhZ4k2iPSBfjbO0tlbveDhY9Ch3aumtbRoiNlCCHUa1tNo2B7XpfYV4zzDZ+I2FLUnFAEWu0EA==
sD/+nwOEssifvRcUR38KnlJx9r6GWrpp0FfJROc5t+scWry1gLkI+rl/TICnwOLX8znnnifFP1pNZXQbBmLcs+Pf+DmKNXm0Ag==
XbyJv71XIxFY7N3+xnRGja6M4hj8kiQopo2VHmMCdY27smUqNhZ4k2iPSBfjbO0tlbveDhY9Ch3aumtbRoiNlCCHUa1tNo2B7XpfYV4zzDZ+I2FLUnFAEWu0EA==
sD/+nwOEssifvRcUR38KnlJx9r6GWrpp0FfJROc5t+scWry1gLkI+rl/TICnwOLX8znnnifFP1pNZXQbBmLcs+Pf+DmKNXm0Ag==
+Cbb67UArcgg3OpOhankOq2M4hj8kiQopo2VHmMCdY27smUqNhZ4k2iPSBfjbO0tlbveDhY9Ch3aumtbRoiNlCCHUa1tNo2B7XpfYV4zzDZ+I2FLUnFAEWu0EA==
sD/+nwOEssifvRcUR38KnlJx9r6GWrpp0FfJROc5t+scWry1gLkI+rl/TICnwOLX8znnnifFP1pNZXQbBmLcs+Pf+DmKNXm0Ag==
n6/06Bd85IwVIxJFhGY7EKyM4hj8kiQopo2VHmMCdY27smUqNhZ4k2iPSBfjbO0tlbveDhY9Ch3aumtbRoiNlCCHUa1tNo2B7XpfYV4zzDZ+I2FLUnFAEWu0EA==
sD/+nwOEssifvRcUR38KnlJx9r6GWrpp0FfJROc5t+scWry1gLkI+rl/TICnwOLX8znnnifFP1pNZXQbBmLcs+Pf+DmKNXm0Ag==
ZfFHxZwmntmCXvljInw/KauM4hj8kiQopo2VHmMCdY27smUqNhZ4k2iPSBfjbO0tlbveDhY9Ch3aumtbRoiNlCCHUa1tNo2B7XpfYV4zzDZ+I2FLUnFAEWu0EA==
sD/+nwOEssifvRcUR38KnlJx9r6GWrpp0FfJROc5t+scWry1gLkI+rl/TICnwOLX8znnnifFP1pNZXQbBmLcs+Pf+DmKNXm0Ag==
LxzdgAs6zV9OEgEzvhhicKqM4hj8kiQopo2VHmMCdY27smUqNhZ4k2iPSBfjbO0tlbveDhY9Ch3aumtbRoiNlCCHUa1tNo2B7XpfYV4zzDZ+I2FLUnFAEWu0EA==
sD/+nwOEssifvRcUR38KnlJx9r6GWrpp0FfJROc5t+scWry1gLkI+rl/TICnwOLX8znnnifFP1pNZXQbBmLcs+Pf+DmKNXm0Ag==
hDAseSi2Z8b/6r+pd8LlcKiM4hj8kiQopo2VHmMCdY27smUqNhZ4k2iPSBfjbO0tlbveDhY9Ch3aumtbRoiNlCCHUa1tNo2B7XpfYV4zzDZ+I2FLUnFAEWu0EA==
sD/+nwOEssifvRcUR38KnlJx9r6GWrpp0FfJROc5t+scWry1gLkI+rl/TICnwOLX8znnnifFP1pNZXQbBmLcs+Pf+DmKNXm0Ag==
LU3EWepgdzqpFPrWVNrkCqeM4hj8kiQopo2VHmMCdY27smUqNhZ4k2iPSBfjbO0tlbveDhY9Ch3aumtbRoiNlCCHUa1tNo2B7XpfYV4zzDZ+I2FLUnFAEWu0EA==
sD/+nwOEssifvRcUR38KnlJx9r6GWrpp0FfJROc5t+scWry1gLkI+rl/TICnwOLX8znnnifFP1pNZXQbBmLcs+Pf+DmKNXm0Ag==
EPFC6m7trrbpXFbBhoNDTyBnxF3esdbn6ufNUlAm3r7HgkoqfOvCC6GZvx/JNgDW17zTASh7Gek/u5pMNWN0pv45nz6bkAKek/xqaJ9rP9csdyueTV91QxNqtBc=
sD/+nwOEssifvRcUR38KnlJx9r6GWrpp0FfJROc5t+scWry1gLkI+rl/TICnwOLX8znnnifFP1pNZXQbBmLcs+Pf+DmKNXm0Ag==
EPFC6m7trrbpXFbBhoNDTyBnxF3esdbn6ufNUlAm3r7HgkoqfOvCC6GZvx/JNgDW17zTASh7Gek/u5pMNWN0pv45nz6bkAKek/xqaJ9rP9csdyueTV91QxNqtBc=
SeK9LxXaNeOgFS/LmrWCgX0pOx2/MjCr6gkJ2W9eGtCMLYKqyuX+wgMk0vKb2Cq05/+Pm8RzC6IVq+Xv2w60Cw==
p+T02uiiiuFuS4tDAIfS5GsWx7IXWwJ7z4XtWadIz262IBCa0s1ZBQeqmlwUiTIWArEervsgwu6z7Gp4vxv/Z0znqw6t7zWzM3q0Bw==
f/Vhik7zRb/OvbS4QJhsi1cy56IORq4fwKXA7cL/0Ek9BiaTr6aqdiQ/EkfpXX9jccKwun9Yc52q6Yl5rz4a8MzNAgoKhf7iQ8RSUlu4KpSnHw87BBMLglVLZU8bbrQr
I2qXBzWrCs3laA49bxL330rq3UVjSsL9qXwWBMFZGPOZu/F02GCzJkN/vu9xU/Pw2oJoW4qw5tuuIHeiSlgnlsrG4+mnoYiteyCBDV2lB2C0GQ==
8kb26uJK8FKR3lGf8uKmE1Jx9r6GWrpp0FfJROc5t+scQLq1nKEJ+rl+Voan3PrW8znnnifFP1pNZXQbBmLcs+Pf+DmKNXm0Ag==
xNk5D1bhBTuyKzXYeteTsFYy56IORq4fwKXA7cL/0Ek9BiaTr6aqdiQ/EkfpXX9jccKwun9Yc52q6Yl5rz4a8MzNAgoKhf7iQ8RSUlu4KpSnHw87BBMLglVLZU8bbrQr
hClfwO5U5XDB7GogCHoc+9JmFysAiC/JPiMmFu2/EmXVuli2xgpFDwCQ6IyUw0FhfSwGE+YRqAsZw0G8+Gij/gMnLmcRGwPI2rqYE+o4doPu+GeqapCX7ko+U6GHqZj1u/gRhb1td1i0IQ==
I2qXBzWrCs3laA49bxL330rq3UVjSsL9qXwWBMFZGPOZu/F02GCzJkN/vu9xU/Pw2oJoW4qw5tuuIHeiSlgnlsrG4+mnoYiteyCBDV2lB2C0GQ==
V0kpr0EowohmMSHHt/GfLtPSxrPDZnjp7ItjtmL4rJ3BFmsCzQdOQFMuydici5ilZ3heMuaaWmnwl2nEB/nX6/wAGjU84en62b72BgccmtYTeYceh4UfWi0llJumovyzwx+YuWp1WbQi
I2qXBzWrCs3laA49bxL330rq3UVjSsL9qXwWBMFZGPOZu/F02GCzJkN/vu9xU/Pw2oJoW4qw5tuuIHeiSlgnlsrG4+mnoYiteyCBDV2lB2C0GQ==
V0kpr0EowohmMSHHt/GfLtPSxrPDZnjp7ItjtmL4rJ3BFmsCzQdOQFMuydici5ilZ3heMuaaWmnwl2nEB/nX6/wAGjU84en62b72BgccmtYTeYceh4UfWi0llJumovyzwx+YuWp1WbQi
V0kpr0EowohmMSHHt/GfLtPSxrPDZnjp7ItjtmL4rJ3BFmsCzQdOQFMuydici5ilZ3heMuaaWmnwl2nEB/nX6/wAGjU84en62b72BgccmtYTeYceh4UfWi0llJumovyzwx+YuWp1WbQi
V0kpr0EowohmMSHHt/GfLtPSxrPDZnjp7ItjtmL4rJ3BFmsCzQdOQFMuydici5ilZ3heMuaaWmnwl2nEB/nX6/wAGjU84en62b72BgccmtYTeYceh4UfWi0llJumovyzwx+YuWp1WbQi
giHslJMNqqZrYik0DU8UM0J4IGac23mCmkmO79le+EzeDXPi8Yq3g8zA0aqzUAZ/KjUVzMTaXP44yRJz06xdTSU7TnRA/cYlq7qbegzOXWioBuFN3Xa9Yf16T0Guc7yWjqPx64KxEHFbtCA=
8kb26uJK8FKR3lGf8uKmE1Jx9r6GWrpp0FfJROc5t+scQLq1nKEJ+rl+Voan3PrW8znnnifFP1pNZXQbBmLcs+Pf+DmKNXm0Ag==
f/Vhik7zRb/OvbS4QJhsi1cy56IORq4fwKXA7cL/0Ek9BiaTr6aqdiQ/EkfpXX9jccKwun9Yc52q6Yl5rz4a8MzNAgoKhf7iQ8RSUlu4KpSnHw87BBMLglVLZU8bbrQr
8kb26uJK8FKR3lGf8uKmE1Jx9r6GWrpp0FfJROc5t+scQLq1nKEJ+rl+Voan3PrW8znnnifFP1pNZXQbBmLcs+Pf+DmKNXm0Ag==
xNk5D1bhBTuyKzXYeteTsFYy56IORq4fwKXA7cL/0Ek9BiaTr6aqdiQ/EkfpXX9jccKwun9Yc52q6Yl5rz4a8MzNAgoKhf7iQ8RSUlu4KpSnHw87BBMLglVLZU8bbrQr
8kb26uJK8FKR3lGf8uKmE1Jx9r6GWrpp0FfJROc5t+scQLq1nKEJ+rl+Voan3PrW8znnnifFP1pNZXQbBmLcs+Pf+DmKNXm0Ag==
xNk5D1bhBTuyKzXYeteTsFYy56IORq4fwKXA7cL/0Ek9BiaTr6aqdiQ/EkfpXX9jccKwun9Yc52q6Yl5rz4a8MzNAgoKhf7iQ8RSUlu4KpSnHw87BBMLglVLZU8bbrQr
8kb26uJK8FKR3lGf8uKmE1Jx9r6GWrpp0FfJROc5t+scQLq1nKEJ+rl+Voan3PrW8znnnifFP1pNZXQbBmLcs+Pf+DmKNXm0Ag==
xNk5D1bhBTuyKzXYeteTsFYy56IORq4fwKXA7cL/0Ek9BiaTr6aqdiQ/EkfpXX9jccKwun9Yc52q6Yl5rz4a8MzNAgoKhf7iQ8RSUlu4KpSnHw87BBMLglVLZU8bbrQr
8kb26uJK8FKR3lGf8uKmE1Jx9r6GWrpp0FfJROc5t+scQLq1nKEJ+rl+Voan3PrW8znnnifFP1pNZXQbBmLcs+Pf+DmKNXm0Ag==
f/Vhik7zRb/OvbS4QJhsi1cy56IORq4fwKXA7cL/0Ek9BiaTr6aqdiQ/EkfpXX9jccKwun9Yc52q6Yl5rz4a8MzNAgoKhf7iQ8RSUlu4KpSnHw87BBMLglVLZU8bbrQr
I2qXBzWrCs3laA49bxL330rq3UVjSsL9qXwWBMFZGPOZu/F02GCzJkN/vu9xU/Pw2oJoW4qw5tuuIHeiSlgnlsrG4+mnoYiteyCBDV2lB2C0GQ==
JN7ezbTD5/CEWCeGa2E6Eu1GndRyES0YmDU7Mi9YONNPOUi95W5HEjEPSkBXJjXIsPO8hYOgckK6Up6ptN81dOshc4uYuPalgGltel02SpZrpH42tyHrrltN2xppbUhrivqYk+fntKkWfV20Jg==
JN7ezbTD5/CEWCeGa2E6Eu1GndRyES0YmDU7Mi9YONNPOUi95W5HEjEPSkBXJjXIsPO8hYOgckK6Up6ptN81dOshc4uYuPalgGltel02SpZrpH42tyHrrltN2xppbUhrivqYk+fntKkWfV20Jg==
NrP/IhArB6NuiAxImXYE1H0pOx2/MjCr6gkJ2W9eGtCNLYKqyuX+wgMk0vKb2Cq05/+Pm8RzC6IVq+Xv2w60Cw==
Jv+FXM1z5li7QASrw9l/32sWx7IXWwJ7z4XtWadIz262IBCa0s1ZBQeqmlwViTIWArEervsgwu6z7Gp4vxv/Z0znqw6t7zWzM3q0Bw==
+KPwOTxabVfIjbs/Chv/oVcy56IORq4fwKXA7cL/0Ek9BiaTr6aqdiQ/EkfpXX9jccKwun9Yc52q6Yl5rz4a8M3NAgoKhf7iQ8RSUlu4KpSnHw87BBMLglVLZU8bbrQr
6Xz+QbELhpVUR8fAVNaydNPSxrPDZnjp7ItjtmL4rJ3BFmsCzQdOQFMuydici5ilZ3heMuaaWmnwl2nEB/nX6/wAGjU84en62b/2BgccmtYTeYceh4UfWi0llJumovyzwx+YuWp1WbQi
aFLsUPWKd+jPOoOpKNj/tkJ4IGac23mCmkmO79le+EzeDXPi8Yq3g8zA0aqzUAZ/KjUVzMTaXP44yRJz06xdTSU7TnRA/cYlq7qbewzOXWioBuFN3Xa9Yf16T0Guc7yWjqPx64KxEHFbtCA=
zLH+f+KuYO1cVrD/DD6xe1Jx9r6GWrpp0FfJROc5t+scQLq1nKEJ+rl/Voan3PrW8znnnifFP1pNZXQbBmLcs+Pf+DmKNXm0Ag==
sutAe8xqTloUoepbV03QdFYy56IORq4fwKXA7cL/0Ek9BiaTr6aqdiQ/EkfpXX9jccKwun9Yc52q6Yl5rz4a8M3NAgoKhf7iQ8RSUlu4KpSnHw87BBMLglVLZU8bbrQr
dDF0O3I3mAAzDZp2MkVCXu1GndRyES0YmDU7Mi9YONNPOUi95W5HEjEPSkBXJjXIsPO8hYOgckK6Up6ptN81dOshc4uYuPalgGltel03SpZrpH42tyHrrltN2xppbUhrivqYk+fntKkWfV20Jg==
dDF0O3I3mAAzDZp2MkVCXu1GndRyES0YmDU7Mi9YONNPOUi95W5HEjEPSkBXJjXIsPO8hYOgckK6Up6ptN81dOshc4uYuPalgGltel03SpZrpH42tyHrrltN2xppbUhrivqYk+fntKkWfV20Jg==
zLH+f+KuYO1cVrD/DD6xe1Jx9r6GWrpp0FfJROc5t+scQLq1nKEJ+rl/Voan3PrW8znnnifFP1pNZXQbBmLcs+Pf+DmKNXm0Ag==
+KPwOTxabVfIjbs/Chv/oVcy56IORq4fwKXA7cL/0Ek9BiaTr6aqdiQ/EkfpXX9jccKwun9Yc52q6Yl5rz4a8M3NAgoKhf7iQ8RSUlu4KpSnHw87BBMLglVLZU8bbrQr
zLH+f+KuYO1cVrD/DD6xe1Jx9r6GWrpp0FfJROc5t+scQLq1nKEJ+rl/Voan3PrW8znnnifFP1pNZXQbBmLcs+Pf+DmKNXm0Ag==
sutAe8xqTloUoepbV03QdFYy56IORq4fwKXA7cL/0Ek9BiaTr6aqdiQ/EkfpXX9jccKwun9Yc52q6Yl5rz4a8M3NAgoKhf7iQ8RSUlu4KpSnHw87BBMLglVLZU8bbrQr
GQKeYabS2Onzx4B1hhIQVe1GndRyES0YmDU7Mi9YONNFMki95W5HEjEPSkBXJjXIsPO8hYOgckK6Up6ptN81dOshc4uYuPalgGltel03SpZrpH42tyHrrltN2xppbUhrivqYk+fntKkWfV20Jg==
zLH+f+KuYO1cVrD/DD6xe1Jx9r6GWrpp0FfJROc5t+scQLq1nKEJ+rl/Voan3PrW8znnnifFP1pNZXQbBmLcs+Pf+DmKNXm0Ag==
+KPwOTxabVfIjbs/Chv/oVcy56IORq4fwKXA7cL/0Ek9BiaTr6aqdiQ/EkfpXX9jccKwun9Yc52q6Yl5rz4a8M3NAgoKhf7iQ8RSUlu4KpSnHw87BBMLglVLZU8bbrQr
8kb26uJK8FKR3lGf8uKmE1Jx9r6GWrpp0FfJROc5t+scQLq1nKEJ+rl+Voan3PrW8znnnifFP1pNZXQbBmLcs+Pf+DmKNXm0Ag==
f/Vhik7zRb/OvbS4QJhsi1cy56IORq4fwKXA7cL/0Ek9BiaTr6aqdiQ/EkfpXX9jccKwun9Yc52q6Yl5rz4a8MzNAgoKhf7iQ8RSUlu4KpSnHw87BBMLglVLZU8bbrQr
JN7ezbTD5/CEWCeGa2E6Eu1GndRyES0YmDU7Mi9YONNPOUi95W5HEjEPSkBXJjXIsPO8hYOgckK6Up6ptN81dOshc4uYuPalgGltel02SpZrpH42tyHrrltN2xppbUhrivqYk+fntKkWfV20Jg==
I2qXBzWrCs3laA49bxL330rq3UVjSsL9qXwWBMFZGPOZu/F02GCzJkN/vu9xU/Pw2oJoW4qw5tuuIHeiSlgnlsrG4+mnoYiteyCBDV2lB2C0GQ==
Uj3UmZsVj8BgsyAzyZ7g/u1GndRyES0YmDU7Mi9YONNFMki95W5HEjEPSkBXJjXIsPO8hYOgckK6Up6ptN81dOshc4uYuPalgGltel02SpZrpH42tyHrrltN2xppbUhrivqYk+fntKkWfV20Jg==
Uj3UmZsVj8BgsyAzyZ7g/u1GndRyES0YmDU7Mi9YONNFMki95W5HEjEPSkBXJjXIsPO8hYOgckK6Up6ptN81dOshc4uYuPalgGltel02SpZrpH42tyHrrltN2xppbUhrivqYk+fntKkWfV20Jg==
sD/+nwOEssifvRcUR38KnlJx9r6GWrpp0FfJROc5t+scWry1gLkI+rl/TICnwOLX8znnnifFP1pNZXQbBmLcs+Pf+DmKNXm0Ag==
XbyJv71XIxFY7N3+xnRGja6M4hj8kiQopo2VHmMCdY27smUqNhZ4k2iPSBfjbO0tlbveDhY9Ch3aumtbRoiNlCCHUa1tNo2B7XpfYV4zzDZ+I2FLUnFAEWu0EA==
sD/+nwOEssifvRcUR38KnlJx9r6GWrpp0FfJROc5t+scWry1gLkI+rl/TICnwOLX8znnnifFP1pNZXQbBmLcs+Pf+DmKNXm0Ag==
+Cbb67UArcgg3OpOhankOq2M4hj8kiQopo2VHmMCdY27smUqNhZ4k2iPSBfjbO0tlbveDhY9Ch3aumtbRoiNlCCHUa1tNo2B7XpfYV4zzDZ+I2FLUnFAEWu0EA==
bkZAVZpYXQs4UjpjlhW9030pOx2/MjCr8A8JxXdfGtCPN4Sq1v3/wgMk0vKb2Cq05/+Pm8RzC6IVq+Xv2w60Cw==
QS3IRaGElsDnWTfju36EW2sWx7IXWwJ7z4XtWadIz262IBCayMtZGR+rmlwXkzQWHqkfrvsgwu6z7Gp4vxv/Z0znqw6t7zWzM3q0Bw==
EQ52AwqlnEb//Isl/VtW266M4hj8kiQopo2VHmMCdY27smUqNhZ4k2iPSBfjbO0tlbveDhY9Ch3aumtZRoiNlCCHUa1tNo2B7XpfYV4zzDZ+I2FLUnFAEWu0EA==
zLH+f+KuYO1cVrD/DD6xe1Jx9r6GWrpp0FfJROc5t+scQLq1nKEJ+rl/Voan3PrW8znnnifFP1pNZXQbBmLcs+Pf+DmKNXm0Ag==
sutAe8xqTloUoepbV03QdFYy56IORq4fwKXA7cL/0Ek9BiaTr6aqdiQ/EkfpXX9jccKwun9Yc52q6Yl5rz4a8M3NAgoKhf7iQ8RSUlu4KpSnHw87BBMLglVLZU8bbrQr
zLH+f+KuYO1cVrD/DD6xe1Jx9r6GWrpp0FfJROc5t+scQLq1nKEJ+rl/Voan3PrW8znnnifFP1pNZXQbBmLcs+Pf+DmKNXm0Ag==
+KPwOTxabVfIjbs/Chv/oVcy56IORq4fwKXA7cL/0Ek9BiaTr6aqdiQ/EkfpXX9jccKwun9Yc52q6Yl5rz4a8M3NAgoKhf7iQ8RSUlu4KpSnHw87BBMLglVLZU8bbrQr
aFLsUPWKd+jPOoOpKNj/tkJ4IGac23mCmkmO79le+EzeDXPi8Yq3g8zA0aqzUAZ/KjUVzMTaXP44yRJz06xdTSU7TnRA/cYlq7qbewzOXWioBuFN3Xa9Yf16T0Guc7yWjqPx64KxEHFbtCA=
zLH+f+KuYO1cVrD/DD6xe1Jx9r6GWrpp0FfJROc5t+scQLq1nKEJ+rl/Voan3PrW8znnnifFP1pNZXQbBmLcs+Pf+DmKNXm0Ag==
+KPwOTxabVfIjbs/Chv/oVcy56IORq4fwKXA7cL/0Ek9BiaTr6aqdiQ/EkfpXX9jccKwun9Yc52q6Yl5rz4a8M3NAgoKhf7iQ8RSUlu4KpSnHw87BBMLglVLZU8bbrQr
zLH+f+KuYO1cVrD/DD6xe1Jx9r6GWrpp0FfJROc5t+scQLq1nKEJ+rl/Voan3PrW8znnnifFP1pNZXQbBmLcs+Pf+DmKNXm0Ag==
sutAe8xqTloUoepbV03QdFYy56IORq4fwKXA7cL/0Ek9BiaTr6aqdiQ/EkfpXX9jccKwun9Yc52q6Yl5rz4a8M3NAgoKhf7iQ8RSUlu4KpSnHw87BBMLglVLZU8bbrQr
8kb26uJK8FKR3lGf8uKmE1Jx9r6GWrpp0FfJROc5t+scQLq1nKEJ+rl+Voan3PrW8znnnifFP1pNZXQbBmLcs+Pf+DmKNXm0Ag==
f/Vhik7zRb/OvbS4QJhsi1cy56IORq4fwKXA7cL/0Ek9BiaTr6aqdiQ/EkfpXX9jccKwun9Yc52q6Yl5rz4a8MzNAgoKhf7iQ8RSUlu4KpSnHw87BBMLglVLZU8bbrQr
Uj3UmZsVj8BgsyAzyZ7g/u1GndRyES0YmDU7Mi9YONNFMki95W5HEjEPSkBXJjXIsPO8hYOgckK6Up6ptN81dOshc4uYuPalgGltel02SpZrpH42tyHrrltN2xppbUhrivqYk+fntKkWfV20Jg==
zLH+f+KuYO1cVrD/DD6xe1Jx9r6GWrpp0FfJROc5t+scQLq1nKEJ+rl/Voan3PrW8znnnifFP1pNZXQbBmLcs+Pf+DmKNXm0Ag==
+KPwOTxabVfIjbs/Chv/oVcy56IORq4fwKXA7cL/0Ek9BiaTr6aqdiQ/EkfpXX9jccKwun9Yc52q6Yl5rz4a8M3NAgoKhf7iQ8RSUlu4KpSnHw87BBMLglVLZU8bbrQr
aFLsUPWKd+jPOoOpKNj/tkJ4IGac23mCmkmO79le+EzeDXPi8Yq3g8zA0aqzUAZ/KjUVzMTaXP44yRJz06xdTSU7TnRA/cYlq7qbewzOXWioBuFN3Xa9Yf16T0Guc7yWjqPx64KxEHFbtCA=
zLH+f+KuYO1cVrD/DD6xe1Jx9r6GWrpp0FfJROc5t+scQLq1nKEJ+rl/Voan3PrW8znnnifFP1pNZXQbBmLcs+Pf+DmKNXm0Ag==
+KPwOTxabVfIjbs/Chv/oVcy56IORq4fwKXA7cL/0Ek9BiaTr6aqdiQ/EkfpXX9jccKwun9Yc52q6Yl5rz4a8M3NAgoKhf7iQ8RSUlu4KpSnHw87BBMLglVLZU8bbrQr
zLH+f+KuYO1cVrD/DD6xe1Jx9r6GWrpp0FfJROc5t+scQLq1nKEJ+rl/Voan3PrW8znnnifFP1pNZXQbBmLcs+Pf+DmKNXm0Ag==
sutAe8xqTloUoepbV03QdFYy56IORq4fwKXA7cL/0Ek9BiaTr6aqdiQ/EkfpXX9jccKwun9Yc52q6Yl5rz4a8M3NAgoKhf7iQ8RSUlu4KpSnHw87BBMLglVLZU8bbrQr
GQKeYabS2Onzx4B1hhIQVe1GndRyES0YmDU7Mi9YONNFMki95W5HEjEPSkBXJjXIsPO8hYOgckK6Up6ptN81dOshc4uYuPalgGltel03SpZrpH42tyHrrltN2xppbUhrivqYk+fntKkWfV20Jg==
dDF0O3I3mAAzDZp2MkVCXu1GndRyES0YmDU7Mi9YONNPOUi95W5HEjEPSkBXJjXIsPO8hYOgckK6Up6ptN81dOshc4uYuPalgGltel03SpZrpH42tyHrrltN2xppbUhrivqYk+fntKkWfV20Jg==
BfyGOC6KfP1CnjbRlzv6nedNndRyES0YmDU7Mi9YONNPOUi95W5HEjEPSkBXJjXIsPO8hYOgckK6Up6ptN81dOshc4uYuPalgGltel03SpZrpH42tyHrrltN2xppbUhrivqYk+fntKkWfV20Jg==
zLH+f+KuYO1cVrD/DD6xe1Jx9r6GWrpp0FfJROc5t+scQLq1nKEJ+rl/Voan3PrW8znnnifFP1pNZXQbBmLcs+Pf+DmKNXm0Ag==
+KPwOTxabVfIjbs/Chv/oVcy56IORq4fwKXA7cL/0Ek9BiaTr6aqdiQ/EkfpXX9jccKwun9Yc52q6Yl5rz4a8M3NAgoKhf7iQ8RSUlu4KpSnHw87BBMLglVLZU8bbrQr
zLH+f+KuYO1cVrD/DD6xe1Jx9r6GWrpp0FfJROc5t+scQLq1nKEJ+rl/Voan3PrW8znnnifFP1pNZXQbBmLcs+Pf+DmKNXm0Ag==
sutAe8xqTloUoepbV03QdFYy56IORq4fwKXA7cL/0Ek9BiaTr6aqdiQ/EkfpXX9jccKwun9Yc52q6Yl5rz4a8M3NAgoKhf7iQ8RSUlu4KpSnHw87BBMLglVLZU8bbrQr
zLH+f+KuYO1cVrD/DD6xe1Jx9r6GWrpp0FfJROc5t+scQLq1nKEJ+rl/Voan3PrW8znnnifFP1pNZXQbBmLcs+Pf+DmKNXm0Ag==
+KPwOTxabVfIjbs/Chv/oVcy56IORq4fwKXA7cL/0Ek9BiaTr6aqdiQ/EkfpXX9jccKwun9Yc52q6Yl5rz4a8M3NAgoKhf7iQ8RSUlu4KpSnHw87BBMLglVLZU8bbrQr
SAJnzqIxoriv2t13Mk77AUrq3UVjSsL9qXwWBMFZGPOZu/F02GCzJkN/vu9xU/Pw2oJpW4qw5tuuIHeiSlgnlsrG4+mnoYiteyCBDV2lB2C0GQ==
k5joC1Cp4lE0qeA7vDGT41Mv5aMLB/lfh/Wat7K+iwt8Ejyx/aetdmI9HhOkHTkpdcKwun9Yc52q6Yl5rz4a8M3NAgoKhf7iQ8RSUlu4KpSnHw87BBMLglVLZU8bbrQr
SAJnzqIxoriv2t13Mk77AUrq3UVjSsL9qXwWBMFZGPOZu/F02GCzJkN/vu9xU/Pw2oJpW4qw5tuuIHeiSlgnlsrG4+mnoYiteyCBDV2lB2C0GQ==
zLH+f+KuYO1cVrD/DD6xe1Jx9r6GWrpp0FfJROc5t+scQLq1nKEJ+rl/Voan3PrW8znnnifFP1pNZXQbBmLcs+Pf+DmKNXm0Ag==
sutAe8xqTloUoepbV03QdFYy56IORq4fwKXA7cL/0Ek9BiaTr6aqdiQ/EkfpXX9jccKwun9Yc52q6Yl5rz4a8M3NAgoKhf7iQ8RSUlu4KpSnHw87BBMLglVLZU8bbrQr
dDF0O3I3mAAzDZp2MkVCXu1GndRyES0YmDU7Mi9YONNPOUi95W5HEjEPSkBXJjXIsPO8hYOgckK6Up6ptN81dOshc4uYuPalgGltel03SpZrpH42tyHrrltN2xppbUhrivqYk+fntKkWfV20Jg==
zLH+f+KuYO1cVrD/DD6xe1Jx9r6GWrpp0FfJROc5t+scQLq1nKEJ+rl/Voan3PrW8znnnifFP1pNZXQbBmLcs+Pf+DmKNXm0Ag==
+KPwOTxabVfIjbs/Chv/oVcy56IORq4fwKXA7cL/0Ek9BiaTr6aqdiQ/EkfpXX9jccKwun9Yc52q6Yl5rz4a8M3NAgoKhf7iQ8RSUlu4KpSnHw87BBMLglVLZU8bbrQr
SAJnzqIxoriv2t13Mk77AUrq3UVjSsL9qXwWBMFZGPOZu/F02GCzJkN/vu9xU/Pw2oJpW4qw5tuuIHeiSlgnlsrG4+mnoYiteyCBDV2lB2C0GQ==
zLH+f+KuYO1cVrD/DD6xe1Jx9r6GWrpp0FfJROc5t+scQLq1nKEJ+rl/Voan3PrW8znnnifFP1pNZXQbBmLcs+Pf+DmKNXm0Ag==
sutAe8xqTloUoepbV03QdFYy56IORq4fwKXA7cL/0Ek9BiaTr6aqdiQ/EkfpXX9jccKwun9Yc52q6Yl5rz4a8M3NAgoKhf7iQ8RSUlu4KpSnHw87BBMLglVLZU8bbrQr
SAJnzqIxoriv2t13Mk77AUrq3UVjSsL9qXwWBMFZGPOZu/F02GCzJkN/vu9xU/Pw2oJpW4qw5tuuIHeiSlgnlsrG4+mnoYiteyCBDV2lB2C0GQ==
SAJnzqIxoriv2t13Mk77AUrq3UVjSsL9qXwWBMFZGPOZu/F02GCzJkN/vu9xU/Pw2oJpW4qw5tuuIHeiSlgnlsrG4+mnoYiteyCBDV2lB2C0GQ==
SAJnzqIxoriv2t13Mk77AUrq3UVjSsL9qXwWBMFZGPOZu/F02GCzJkN/vu9xU/Pw2oJpW4qw5tuuIHeiSlgnlsrG4+mnoYiteyCBDV2lB2C0GQ==
2zlvVpC2vTab7SfYFSxDsl8v5qMLB/lfh/Wat7K+iwt8Ejyx/aetdmI9HhOkHTkpdcKwun9Yc52q6Yl5rz4a8M3NAgoKhf7iQ8RSUlu4KpSnHw87BBMLglVLZU8bbrQr
dDF0O3I3mAAzDZp2MkVCXu1GndRyES0YmDU7Mi9YONNPOUi95W5HEjEPSkBXJjXIsPO8hYOgckK6Up6ptN81dOshc4uYuPalgGltel03SpZrpH42tyHrrltN2xppbUhrivqYk+fntKkWfV20Jg==
zLH+f+KuYO1cVrD/DD6xe1Jx9r6GWrpp0FfJROc5t+scQLq1nKEJ+rl/Voan3PrW8znnnifFP1pNZXQbBmLcs+Pf+DmKNXm0Ag==
+KPwOTxabVfIjbs/Chv/oVcy56IORq4fwKXA7cL/0Ek9BiaTr6aqdiQ/EkfpXX9jccKwun9Yc52q6Yl5rz4a8M3NAgoKhf7iQ8RSUlu4KpSnHw87BBMLglVLZU8bbrQr
aFLsUPWKd+jPOoOpKNj/tkJ4IGac23mCmkmO79le+EzeDXPi8Yq3g8zA0aqzUAZ/KjUVzMTaXP44yRJz06xdTSU7TnRA/cYlq7qbewzOXWioBuFN3Xa9Yf16T0Guc7yWjqPx64KxEHFbtCA=
aFLsUPWKd+jPOoOpKNj/tkJ4IGac23mCmkmO79le+EzeDXPi8Yq3g8zA0aqzUAZ/KjUVzMTaXP44yRJz06xdTSU7TnRA/cYlq7qbewzOXWioBuFN3Xa9Yf16T0Guc7yWjqPx64KxEHFbtCA=
zLH+f+KuYO1cVrD/DD6xe1Jx9r6GWrpp0FfJROc5t+scQLq1nKEJ+rl/Voan3PrW8znnnifFP1pNZXQbBmLcs+Pf+DmKNXm0Ag==
+KPwOTxabVfIjbs/Chv/oVcy56IORq4fwKXA7cL/0Ek9BiaTr6aqdiQ/EkfpXX9jccKwun9Yc52q6Yl5rz4a8M3NAgoKhf7iQ8RSUlu4KpSnHw87BBMLglVLZU8bbrQr
zLH+f+KuYO1cVrD/DD6xe1Jx9r6GWrpp0FfJROc5t+scQLq1nKEJ+rl/Voan3PrW8znnnifFP1pNZXQbBmLcs+Pf+DmKNXm0Ag==
sutAe8xqTloUoepbV03QdFYy56IORq4fwKXA7cL/0Ek9BiaTr6aqdiQ/EkfpXX9jccKwun9Yc52q6Yl5rz4a8M3NAgoKhf7iQ8RSUlu4KpSnHw87BBMLglVLZU8bbrQr
GQKeYabS2Onzx4B1hhIQVe1GndRyES0YmDU7Mi9YONNFMki95W5HEjEPSkBXJjXIsPO8hYOgckK6Up6ptN81dOshc4uYuPalgGltel03SpZrpH42tyHrrltN2xppbUhrivqYk+fntKkWfV20Jg==
E3yWU9SsnznAVbsaA9GQ7vctNglVOD0TPI8UR9ypi1QRI7M1QvbE406zandPkbNOUz1zmgFdQEvSCiDT//fMCZ4tdbQO
aaOHO88O07ylV0iEXdD6wPctNglVOD0TPIsWSdypi1QRI7M1QvbE406zandPkbNOUz1zmgFdQEvSCiDT//fMCZ4tdbQO
CjyiUSFlV5kngnKhaYP77eX9Hq/Nsaz9g3TBlanJ5g9A5+6b7fwtbj6ojQ1xNQWrCeFqGLfq5g4veCQvZfjcg8IoQ84lEUM6eRzQewsV2IZhieUeJXGBh/zW6oAdCl18XYC0CucPtEpHupY3L1Y7Yw3O8rsz11NRIyT1A9w3Q9pzbPIKS/Cq7Nd3b6NUG0s65WNFl4umtNM=
ax6IExohbAbtZbwz/cutBtG70I+EsA6KxURPr7Y22NeUzQh2D/EfrTqQ13IKqEeGytYDmWfxKB370OHdHZUncLQJ
Iu9w6F50vX2yMDxUem2IC5tYPfnBkJTgpMbEyIDU3lWlrx72h6NMM0bMsiEd3ycl6LiXEI7J+8c6eslNHMzoiO+yA7OEUAn39EG116jB0JLz9nMXCyVje21gMaVGBO25Lxq0tefTjLuTtvDhLnNmLSHJEDYWG6U1oQbR6Zk6a0mCwwAuSoP1M14h/Lm/tMQ=
VuftyX8qIq1D6oZGJaI88Sld1vo8sT8wEDoMD3CO6dQUHX2Wli7e34zSDVJ/wTfc/9gnCuow1w5KXpMBBwlY1bsY0eU9jTd4tAE=
eBvoHITqXYONiwChgAZLXpyzTw1KpHa8NZdfPKyFLM6+mdZMJwQ87vO+ipIeRCnpyy1xpKqO52G9GRFlQwDo1E201QNUR4eDlRVfhuso4ibjROrQ79Pfb1zP66Y9Z5V7Y1K0Lw==
Kk/sOht6JgIBk4L5+/IiLTHe5PvT8cM9bd3TNrhiRmGEUl4WDWXH+KO1gUJbRB/lHPVaIXV43ZNcSzZJPGnr1LFjUzUiNmRjrvMKd2/RU84z/VOZ4R3gy3JKwNPfN2yJfm1VtC4=
TKJC1jAdjynqX/IB9GU1Hyy9lQathGIWMZ3jiGd9LSL3zJt1uC0GYamguYNYQ1pp0KGvZFXbL7XejgDTartmV4PZV97XpQ9ZPUVEW/bCbDNzfyh5WhVptBI=
/XL897NXhWWMUXGfrt6IAMkSiGRQhmA3s5FmFjWV/5iLRUkCE5S3hYRlwqHt6EUzNJv+CXRZA/TJU6s1WgacQ8bDwrcngbtuq23LGXmNeCvaGggTl0dEaUYdbbQW
eSCKaohKrg6LiQlf4dKW8+Ahp0FhtEEthJFmFjWV/5iLRUkCE5S3hYRlwqHt6EUzNJv+CXRZA/TJU6s1WgacQ8bDwrcngbtuq23LGXmNeCvaGggTl0dEaUYdbbQW
0ZZslU+/r460ruyE7qtrJfrAoBn2jzM/4JazGXkAHcm/smU4IR0iiWTBSwTja+I3iLmCFVUsDx/t9RxKWpuQjzSHUa1tNo2B7XlfYV4zzDZ+I2FLUnFAEWu0EA==
0FMSI6Ci/rjni7Cm9SCF4FA/hsxtcXzVZ+wELq8m/ij5dT8IMkEWd8W9sk7wzlX39K25JgZUt+xXu1mNX275LdMrcwJmz8zwrptH82ia6OMeEZzE6hNV15FcEKHckPFHfOFtB4DB+EIrVvun8+U7a2WACdXuhAUJVzq8pb+TNEsb1qgxxnMOffkpmEau230lqSYpWfG5w7m6owg+ksONg9aBpOmXtOw=
a4bg+z8euqvHiIDoIJNzHild1vs8sT8wEDoMD3CO6dQUHX2Wli7e34zSDVJ/wTfc/9gnCuow1w5JXpMBBwlY1bsY0eU9jTd4tAE=
JNxaO7BUWlF8z7Oe3XMrc8XSv8VuqDuJe64HyrCl1qvIBgA9U3j/N341kUrzk7UpRQXYMRdEVtwdkNhFYkNk8pJrCbKoWt/OJLZmp0x9BYSIPi/JJ1ezhhXPBbbKVhbkNZA7qbqO7Jrnv60NEpmMeeSFHqQh5vXM7s27IDJIfqMfrP0pNsOQQSgTx7fRqlwa09iklezOaLPOD6ca7A546t1YFCotnnK98T2K9bSKwWc7Db/SIGJhOx+ES6IMv5V0XpbQY/UV1zGUODOuLGbQJdVRCsnAtge+e8W3KiQS4dxMFBB15v5QCNWnPFYSeJ3ko/ww5F8RXXHvPllnP3bLWcwfWroPBXP1uI5Qj1xYEX9jF5U8J9fYT6Cat/Dx1pBDXyyiqVfPCQPcASWXyTeYRJrc45qVpUw7ZU0kCpDs4HNjGzfEhg0aoJdLajkrazZBTi5tju2rldX9x/MYrxnY5DMFcWLqCTkjUgfNzq5d8LO4EX+xTgrI63sJ/36P1UfZdXWcux4SVHPrD0BZ4oWhtNo=
7OG0Pq0MaLHVqbN7QMjaN6o9pxtdZByKd1Un1BDgcbTR2HUl0bpsHig+kegBjXiN/gxHNmuiUFSyGYV/h54pjjRNl6wLWlGTf66WGWSRawU7RkRN9OCdVgkIbvhtospT4IV0gApELTsAZyJ6zTqh+38vGYEvsVDwWK6Eow98/AseDZPKViINV627WdUB8LvYrF8a1tKrgd3Qk5vjbcAmNfiruqgCK+7sUDnFrI9dGR0sosee51BmsRz6s5IGzD51KSaEyyxPB1S7POkpakTi5aATZZAbRR0xaDzWFueQ1j0k8sx5Du9x5/BbMMhVK3p7Hr4ERtYfkA4vhrkifB47hqA46ZllBR7u69htxRznA9Xekv/mnRqolkmj5w14UEyooMOTqvYd7RaBwvsBM3L74BF7ZL+2jK6EW1czaE8jFmn60wN2ISggpyNx+KqZnfViLXWBi+Si2pz1Lj0QZVRkNq9LdIafDuZrh7Kbz3VaYke7U9Pdu9BFn7STozbLOKK2gzTpoI9Dn398f2sWHXdV64OitN8=
YflWSvmoBrLLKZ3rFh5mpWZpaBfsBcG4zYVQDfrp72tqhC5X3WDx56BO+mJFJeTYQNPebmLLLoegeVQ45Rsae2SBZLdf5Xgmn3jEWTI353mHNwENGOakp68wMv0C2ASycH8KEbMEPlJpETFb1bbTY5MubJoghAOcHfHsImoqgfN7FRT1urlS6Zg896qT/Ojh7XiUxMjDqWDbMSDvVvFOn1Fvl8ZqGuW04k16Qg4DCCOxAsrCzopr1LJye7J0jZdxXG0y5nenDWG5yvYuB4uZKB36KrOjFGhadvtjuREB8jQldmoKZqVjPUwR1rphjr1pIbKC3te8ehg2LbBS1riz6+pOFBSrJBWQtnyJXTtB6RIPP5n6fTl603yiGSm1Rd4CxlcaNCd/VXvT5LFbvv9mtqHo1xomI+mgBPEB4w8zuk3zD09bLoSssOWCQ+kqi+PhclK24NYTVdeRXBCh3JDxR3zhbQeAwfhCK1b7p/PlO2tlgAnV7oQFCVc6vKW/kzRLG9aoMcZzDn35KZhGrtt9JakmKVnxucO5uqMIPpLDjYPWgaTpl7Ts
J4u2rBlfGsX21eIrRusv3o3I6O7gGZlDZugHn4ERMjTg4w+2zFvrfmwypnGq1cgIS9EosKqt5sBtPIGV6Xz4omixNUcUtYeXkDMsOOZd5S4PMuNSv+m2+2kSfOk3exDD9DW7SVNyRHGMpG36gZyOJDXG2l/I8bR8ssCd18gzAmbVHvE3l5uZPdd1INxQuuT/15hsh7b507ZuJj075W/5SZlUa5TEaxrqqu9xcVgHez81pDY50N96VLqvXgCYbeWwl3lJ0cQWRyIflBadFO7Tzt4orvmB0sS3FEs3OPPoSbXy4DKpyCdlrGMB7Z3gqDbKv/TGMQyGDIW2a8ELOA8Q1E0PKrf2CoT6LtvgIieS2X6k+qsKCMyp5V0BLoKjDM1ZhEPTmbam/9rlXlg6wTcH0SA0XKSIt1NWTpld+kmW2x0rVqss+c/kA05I3qhTQ1M0l8eG5VInQwoZLBDLa6VYNgE5JS5FQYG3nOYqMH263cw9MHQ6hz+0eieKVodP5rvTbX4yi1PnU2FDFDWzvIfDahPcMjorwKnct0evEzSry4qF04Wn65a04w==
J4u2rBlfGsX21eIrRusv3o3I6O7gGZlDZugHn4ERMjTg4w+2zFvrfmwypnGq1cgIS9EosKqt5sBtPIGV6Xz4omixNUcUtYeXkDMsOOZd5S4PMuNSv+m2+2kSfOk3exDD9DW7SVNyRHGMpG36gZyOJDXG2l/I8bR8ssCd18gzAmbVHvE3l5uZPdd1INxQuuT/15hsh7b507ZuJj075W/5SZlUa5TEaxrqqu9xcVgHez81pDY50N96VLqvXgCYbeWwl3lJ0cQWRyIflBadFO7Tzt4orvmB0sS3FEs3OPPoSbXy4DKpyCdlrGMB7Z3gqDbKv/TGMQyGDIW2a8ELOA8Q1E0PKrf2CoT6LtvgIieS2X6k+qsKCMyp5V0BLoKjDM1ZhEPTmbam/9rlXlg6wTcH0SA0XKSIt1NWTpld+kmW2x0rVqss+c/kA05I3qhTQ1M0l8eG5VInQwoZLBDLa6VYNgE5JS5FQYG3nOYqMH263cw9MHQ6hz+0eieKVodP5rvTbX4yi1PnU2FDFDWzvIfDahPcMjorwKnct0evEzSry4qF04Wn65a04w==
g5HjVcQyNhQuJYhv0M5s47JjNC3i6qW5sIy7MbZHSRotcOwfdD6peaA8PmnXj6ms+pYEQqGsVKII/SH/Dmh2DJjnK8IbqieLMBTjM6LnFQAPhh2TA5Fr5d7jpfPEx2AGNSRF1r7CCbTSUdzrVKr+gmVprJmS4EmMWVkjYdlL+5c4wlSwlNkrqiRJYqNzIOKkhcVBBSmPxQaDurBRGtzGzakvHM3LWYlWvrdERRoCdm0mPnxH9baLa2E/8GyH1LP2jgOQZCNooppmt9UI5KEYSQ9G1wIZ8y4yWgc8neUaj6O1QyTiBiyDhs4/GJzsU/opObVcpYBS0Z2C2ULwxIwCOfg8I5ipWFjI48Tclglz0YOWfAdmHZ/YETu3wpz/7Il8gGSF/be3nMbUKhwtMwCCWyXErbzLGzdEg8LNtST14ipGNtfJo5LrdU6rBv1jHBUuKLVPTwhw3etNgLH7AQFwRHLuufDtKgFCfDSTJVSsa8iuOStMK1Xx7Jrl5x0TF2/2La24jbNM7+569P+aCUo7xRftkMEbTNmBbYmfrLTV
L6MRFXwLsXLG1+xkIf1quMh6o6hnuKqpwATC5ywZJS9gcwSNZIgMaF03Of9P9SuViWPmKCPBMtGUWlqWFdk2+l5cY+3hPJuizhvRsF6631mTrXO0wmL+byCu7E1euVBBUPuW5KuiB8lQ+iewwGLPXQ/M22PD7zmDDGHV19mXKEQqfPNa5UUcu1VttEpgjDBzs7sHBBbtaiDHa9p5OwvGQb5Ofc5di8VVjSdj2J+5COTjZYEieikJowLnvQ6+/UCzCLFv8b5qGGtLKW++/zUX2SXVrPuOcqTzOy/wmfJl0bSq
OT0yjV20c3XQnulO0gOAhE6Snp7Dn5E0LaTSxDhaaqOpGpChThMggbRxt4InLN8Ht6R77As2hVCJEcGNU2WYvvKGwEfRO8pn8Xrc81RwKSJfwMB3lEkXmVRXMeNH78HReRVgLiSAQdlwrDxN7EDNnl5I91Z5rhuV+05LRAm35EveEP6A4/sTPMdf5g0i38PCCfSwY1udmL7RIcVGtTmB/wy+ChjNAp3EbagU0vfHNLI3UvYvf957W71m0uOjn1Mp00wVmww/g2JDRFLSWzgpFKefD7sEkwsCVctlzxvutKs=
BL+8fuxmFgMnasUtJY23Gv3gzraD0paY4cp1QPCS2PdmnJlFITn0ovODfCe1+rZS/UrHdXkvo3UIbkDPrPhBfzO3ZXw3N2jPcLrHMGCir10vjDDmZC9ZgywhNVd5V0hEyjxT2oWFPLu1LRTKAEwQc1P7p4R2LUogJyt6+VvL5kGejh1O/cslVa3nA1g/+ejkw6Xhotpp6aMiJ92OHr2gs2hxz3FeKjhrK+nPPh91N9lFFQx7bjKE81vvUBkSJfG0ig==
i051btwCbc0LXM7mlcF/K51V23Bq2Cejqn0Lnd7i/B2+f5H78Tth1Bw77frLsBL6att163BontnCk0B10ATEL/BjZEOWZTuR0ZF7l//XXbwGN5ukg1D4HT9cxaPHzwh12c0z1cHXdQd4MADqcS9M7nSCLBWzOLLzjuj9JIsDZ6zjKr1NJA2Swibeh9HjCrtd7gM2xeMkJYaInZ/XyGgNg63oQYMBeYAskoZp6C2y0WrcnKMd1JRbYA4Re9RrTaEE+g2X5RPvHx5NReiV89S/xtpcz6KIcgttt8VAWdtUCemN4W/UtK0=
wEkw+KRI5MP6hpQiQpQGjp1V23Bq2Cejqn0Lnd7i/B2+f5H78Tth1Bw77frLsBL6att163BontnFkUB10ATEL/BjZUOWZTuR0ZF7l//XXbwGN5ukg1D4HT9cxaPHzwh12c0z1cHXdQd4MADqcS9M7nSCLBWzOLLzjuj9JIsDZ6zjKr1NJA2Swibeh9HjCrtd7gM2xeMkJYaInZ/XyGgNg63oQYMBeYAskoZp6C2y0WrcnKMd1JRbYA4Re9RrTaEE+g2X5RPvHx5NReiV89S/xtpcz6KIcgttt8VAWdtUCemN4W/UtK0=
VEUCdr0bNsZBADKgybXloJ1V23Bq2Cejqn0Lnd7i/B2+f5H78Tth1Bw77frLsBL6att163BontnCk0B10ATEL/BjakOWZTuR0ZF7l//XXbwGN5ukg1D4HT9cxaPHzwh12c0z1cHXdQd4MADqcS9M7nSCLBWzOLLzjuj9JIsDZ6zjKr1NJA2Swibeh9HjCrtd7gM2xeMkJYaInZ/XyGgNg63oQYMBeYAskoZp6C2y0WrcnKMd1JRbYA4Re9RrTaEE+g2X5RPvHx5NReiV89S/xtpcz6KIcgttt8VAWdtUCemN4W/UtK0=
mPDkfy2+ayxBmp/aSWE1W51V23Bq2Cejqn0Lnd7i/B2+f5H78Tth1Bw77frLsBL6att163BontnFkUB10ATEL/Bja0OWZTuR0ZF7l//XXbwGN5ukg1D4HT9cxaPHzwh12c0z1cHXdQd4MADqcS9M7nSCLBWzOLLzjuj9JIsDZ6zjKr1NJA2Swibeh9HjCrtd7gM2xeMkJYaInZ/XyGgNg63oQYMBeYAskoZp6C2y0WrcnKMd1JRbYA4Re9RrTaEE+g2X5RPvHx5NReiV89S/xtpcz6KIcgttt8VAWdtUCemN4W/UtK0=
/lL5PF2wN6hA68coEaBqmp1V23Bq2Cejqn0Lnd7i/B2+f5H78Tth1Bw77frLsBL6att163BontnCk0B10ATEL/BjaEOWZTuR0ZF7l//XXbwGN5ukg1D4HT9cxaPHzwh12c0z1cHXdQd4MADqcS9M7nSCLBWzOLLzjuj9JIsDZ6zjKr1NJA2Swibeh9HjCrtd7gM2xeMkJYaInZ/XyGgNg63oQYMBeYAskoZp6C2y0WrcnKMd1JRbYA4Re9RrTaEE+g2X5RPvHx5NReiV89S/xtpcz6KIcgttt8VAWdtUCemN4W/UtK0=
0Y3ZAfnFZNjwGSEetkWBUJ1V23Bq2Cejqn0Lnd7i/B2+f5H78Tth1Bw77frLsBL6att163BontnFkUB10ATEL/BjaUOWZTuR0ZF7l//XXbwGN5ukg1D4HT9cxaPHzwh12c0z1cHXdQd4MADqcS9M7nSCLBWzOLLzjuj9JIsDZ6zjKr1NJA2Swibeh9HjCrtd7gM2xeMkJYaInZ/XyGgNg63oQYMBeYAskoZp6C2y0WrcnKMd1JRbYA4Re9RrTaEE+g2X5RPvHx5NReiV89S/xtpcz6KIcgttt8VAWdtUCemN4W/UtK0=
cU4ubbc2rtuZJ7XqaVcrWZ1V23Bq2Cejqn0Lnd7i/B2+f5H78Tth1Bw77frLsBL6att163BontnCk0B10ATEL/BjbkOWZTuR0ZF7l//XXbwGN5ukg1D4HT9cxaPHzwh12c0z1cHXdQd4MADqcS9M7nSCLBWzOLLzjuj9JIsDZ6zjKr1NJA2Swibeh9HjCrtd7gM2xeMkJYaInZ/XyGgNg63oQYMBeYAskoZp6C2y0WrcnKMd1JRbYA4Re9RrTaEE+g2X5RPvHx5NReiV89S/xtpcz6KIcgttt8VAWdtUCemN4W/UtK0=
DPDbFPZjxO+VRUCNLyR7Yp1V23Bq2Cejqn0Lnd7i/B2+f5H78Tth1Bw77frLsBL6att163BontnFkUB10ATEL/Bjb0OWZTuR0ZF7l//XXbwGN5ukg1D4HT9cxaPHzwh12c0z1cHXdQd4MADqcS9M7nSCLBWzOLLzjuj9JIsDZ6zjKr1NJA2Swibeh9HjCrtd7gM2xeMkJYaInZ/XyGgNg63oQYMBeYAskoZp6C2y0WrcnKMd1JRbYA4Re9RrTaEE+g2X5RPvHx5NReiV89S/xtpcz6KIcgttt8VAWdtUCemN4W/UtK0=
uQqVZNbVsiAqy/sF6JRooJ1V23Bq2Cejqn0Lnd7i/B2+f5H78Tth1Bw77frLsBL6att163BontnCk0B10ATEL/BjbEOWZTuR0ZF7l//XXbwGN5ukg1D4HT9cxaPHzwh12c0z1cHXdQd4MADqcS9M7nSCLBWzOLLzjuj9JIsDZ6zjKr1NJA2Swibeh9HjCrtd7gM2xeMkJYaInZ/XyGgNg63oQYMBeYAskoZp6C2y0WrcnKMd1JRbYA4Re9RrTaEE+g2X5RPvHx5NReiV89S/xtpcz6KIcgttt8VAWdtUCemN4W/UtK0=
QMuxddmpyiGlTTnhLs/php1V23Bq2Cejqn0Lnd7i/B2+f5H78Tth1Bw77frLsBL6att163BontnFkUB10ATEL/BjbUOWZTuR0ZF7l//XXbwGN5ukg1D4HT9cxaPHzwh12c0z1cHXdQd4MADqcS9M7nSCLBWzOLLzjuj9JIsDZ6zjKr1NJA2Swibeh9HjCrtd7gM2xeMkJYaInZ/XyGgNg63oQYMBeYAskoZp6C2y0WrcnKMd1JRbYA4Re9RrTaEE+g2X5RPvHx5NReiV89S/xtpcz6KIcgttt8VAWdtUCemN4W/UtK0=
arMay5bP2kWzKXv2cs83XZ1V23Bq2Cejqn0Lnd7i/B2+f5H78Tth1Bw77frLsBL6att163BontnCk0B10ATEL/BjZEKWZTuR0ZF7l//XXbwGN5ukg1D4HT9cxaPHzwh12c0z1cHXdQd4MADqcS9M7nSCLBWzOLLzjuj9JIsDZ6zjKr1NJA2Swibeh9HjCrtd7gM2xeMkJYaInZ/XyGgNg63oQYMBeYAskoZp6C2y0WrcnKMd1JRbYA4Re9RrTaEE+g2X5RPvHx5NReiV89S/xtpcz6KIcgttt8VAWdtUCemN4W/UtK0=
NApNv003ZhMqkM4qCa5AHJ1V23Bq2Cejqn0Lnd7i/B2+f5H78Tth1Bw77frLsBL6att163BontnFkUB10ATEL/BjZUKWZTuR0ZF7l//XXbwGN5ukg1D4HT9cxaPHzwh12c0z1cHXdQd4MADqcS9M7nSCLBWzOLLzjuj9JIsDZ6zjKr1NJA2Swibeh9HjCrtd7gM2xeMkJYaInZ/XyGgNg63oQYMBeYAskoZp6C2y0WrcnKMd1JRbYA4Re9RrTaEE+g2X5RPvHx5NReiV89S/xtpcz6KIcgttt8VAWdtUCemN4W/UtK0=
4UM2dE4eJQg6ckhp9JjkvJ1V23Bq2Cejqn0Lnd7i/B2+f5H78Tth1Bw77frLsBL6att163BontnCk0B10ATEL/BjakKWZTuR0ZF7l//XXbwGN5ukg1D4HT9cxaPHzwh12c0z1cHXdQd4MADqcS9M7nSCLBWzOLLzjuj9JIsDZ6zjKr1NJA2Swibeh9HjCrtd7gM2xeMkJYaInZ/XyGgNg63oQYMBeYAskoZp6C2y0WrcnKMd1JRbYA4Re9RrTaEE+g2X5RPvHx5NReiV89S/xtpcz6KIcgttt8VAWdtUCemN4W/UtK0=
3PoQ+lsqSW/GaHu5ecnOTp1V23Bq2Cejqn0Lnd7i/B2+f5H78Tth1Bw77frLsBL6att163BontnFkUB10ATEL/Bja0KWZTuR0ZF7l//XXbwGN5ukg1D4HT9cxaPHzwh12c0z1cHXdQd4MADqcS9M7nSCLBWzOLLzjuj9JIsDZ6zjKr1NJA2Swibeh9HjCrtd7gM2xeMkJYaInZ/XyGgNg63oQYMBeYAskoZp6C2y0WrcnKMd1JRbYA4Re9RrTaEE+g2X5RPvHx5NReiV89S/xtpcz6KIcgttt8VAWdtUCemN4W/UtK0=
hOMUXafgVsO9hBUwm32dFp1V23Bq2Cejqn0Lnd7i/B2+f5H78Tth1Bw77frLsBL6att163BontnCk0B10ATEL/BjaEKWZTuR0ZF7l//XXbwGN5ukg1D4HT9cxaPHzwh12c0z1cHXdQd4MADqcS9M7nSCLBWzOLLzjuj9JIsDZ6zjKr1NJA2Swibeh9HjCrtd7gM2xeMkJYaInZ/XyGgNg63oQYMBeYAskoZp6C2y0WrcnKMd1JRbYA4Re9RrTaEE+g2X5RPvHx5NReiV89S/xtpcz6KIcgttt8VAWdtUCemN4W/UtK0=
HXp6pppm00n+jmaB6Ra7Sp1V23Bq2Cejqn0Lnd7i/B2+f5H78Tth1Bw77frLsBL6att163BontnFkUB10ATEL/BjaUKWZTuR0ZF7l//XXbwGN5ukg1D4HT9cxaPHzwh12c0z1cHXdQd4MADqcS9M7nSCLBWzOLLzjuj9JIsDZ6zjKr1NJA2Swibeh9HjCrtd7gM2xeMkJYaInZ/XyGgNg63oQYMBeYAskoZp6C2y0WrcnKMd1JRbYA4Re9RrTaEE+g2X5RPvHx5NReiV89S/xtpcz6KIcgttt8VAWdtUCemN4W/UtK0=
ugW14fqLN0i5DqV4VmJyDp1V23Bq2Cejqn0Lnd7i/B2+f5H78Tth1Bw77frLsBL6att163BontnCk0B10ATEL/BjbkKWZTuR0ZF7l//XXbwGN5ukg1D4HT9cxaPHzwh12c0z1cHXdQd4MADqcS9M7nSCLBWzOLLzjuj9JIsDZ6zjKr1NJA2Swibeh9HjCrtd7gM2xeMkJYaInZ/XyGgNg63oQYMBeYAskoZp6C2y0WrcnKMd1JRbYA4Re9RrTaEE+g2X5RPvHx5NReiV89S/xtpcz6KIcgttt8VAWdtUCemN4W/UtK0=
AaNAl3TVw5uYDKohdFCzf51V23Bq2Cejqn0Lnd7i/B2+f5H78Tth1Bw77frLsBL6att163BontnFkUB10ATEL/Bjb0KWZTuR0ZF7l//XXbwGN5ukg1D4HT9cxaPHzwh12c0z1cHXdQd4MADqcS9M7nSCLBWzOLLzjuj9JIsDZ6zjKr1NJA2Swibeh9HjCrtd7gM2xeMkJYaInZ/XyGgNg63oQYMBeYAskoZp6C2y0WrcnKMd1JRbYA4Re9RrTaEE+g2X5RPvHx5NReiV89S/xtpcz6KIcgttt8VAWdtUCemN4W/UtK0=
cTYCDBF9pGrtBYbcIXeQ1p1V23Bq2Cejqn0Lnd7i/B2+f5H78Tth1Bw77frLsBL6att163BontnCk0B10ATEL/BjbEKWZTuR0ZF7l//XXbwGN5ukg1D4HT9cxaPHzwh12c0z1cHXdQd4MADqcS9M7nSCLBWzOLLzjuj9JIsDZ6zjKr1NJA2Swibeh9HjCrtd7gM2xeMkJYaInZ/XyGgNg63oQYMBeYAskoZp6C2y0WrcnKMd1JRbYA4Re9RrTaEE+g2X5RPvHx5NReiV89S/xtpcz6KIcgttt8VAWdtUCemN4W/UtK0=
4T5IcxZMOXTR0mENWUbw+p1V23Bq2Cejqn0Lnd7i/B2+f5H78Tth1Bw77frLsBL6att163BontnFkUB10ATEL/BjbUKWZTuR0ZF7l//XXbwGN5ukg1D4HT9cxaPHzwh12c0z1cHXdQd4MADqcS9M7nSCLBWzOLLzjuj9JIsDZ6zjKr1NJA2Swibeh9HjCrtd7gM2xeMkJYaInZ/XyGgNg63oQYMBeYAskoZp6C2y0WrcnKMd1JRbYA4Re9RrTaEE+g2X5RPvHx5NReiV89S/xtpcz6KIcgttt8VAWdtUCemN4W/UtK0=
xc7X9oH9HWuGE9Ie1YMF/1Os+N9hxj0QH651Soy0pjmNPA3vs5Eh7PNZA6fPO3wdKHFancojp7ywZFadM7pMfnckM65NnAh16vUxWK/C6qFmRqNnnyvUxha3rumXtS2tMzWG7SLtbDYB34N2TwD9fydTsOmpkQvJwctNWwisuHaR83SyBJ8Axm3kCmb/tEX4ax9fsJN2BdGkkSqeVsK/zQPWAwGen44ZI/gdmvjBpwso9LUf3bR5nwFluHDiGtF0zW7pNqyAm8EUSOP8fk3DCItRmRiKUS95k3OnQj1Z0IkTCAeaqsB3fkiuM3HHmXiFO8ixdf29V8i0sQ==
h6QNqtS3nMLckISowGAfB51V23Bq2Cejqn0Lnd7i/B2+f5H78Tth1Bw77frLsBL6att163BontnFkUB10ATEL/BjZE2WZTuR0ZF7l//XXbwGN5ukg1D4HT9cxaPHzwh12c0z1cHXdQd4MADqcS9M7nSCLBWzOLLzjuj9JIsDZ6zjKr1NJA2Swibeh9HjCrtd7gM2xeMkJYaInZ/XyGgNg63oQYMBeYAskoZp6C2y0WrcnKMd1JRbYA4Re9RrTaEE+g2X5RPvHx5NReiV89S/xtpcz6KIcgttt8VAWdtUCemN4W/UtK0=
8EQ13eTRWY2j/32EXAt0J6Jhi8Z8dje0YUtkJ7+jWhuH5sXFKF4Szvm18eA8OsEBDHQ/1RTwGaXWuaZuM/uXupBNXIJpdvMTNaJPxoDP1Cmd9+Zqqn6Q+rWxPnGpeyWTdD9qah5lPK1aQVrv9MxZZk2Z+h6VOEL2Jf1lmBmr8YsTkwZlp/87Q2IEYKgR8pfBliv/CQaCothaU1mvBQwkCUBwja8o0VmfTME02h9mr0+PBafDUdCdreLEiTFD6shNozOIY8+mXCkK80JljdnMbhJ7YU1ddj1hfXjPQS5zPJYOo3HrArGQcdu0oA==
xc7X9oH9HWuGE9Ie1YMF/1Os+N9hxj0QH651Soy0pjmNPA3vs5Eh7PNZA6fPO3wdKHFancojp7ywZFadM7pMfnckM65NnAh16vUxWK/C6qFmRqNnnyvUxha3rumXtS2tMzWG7SLtbDYB34N2TwD9fydTsOmpkQvJwctNWwisuHaR83SyBJ8Axm3kCmb/tEX4ax9fsJN2BdGkkSqeVsK/zQPWAwGen44ZI/gdmvjBpwso9LUf3bR5nwFluHDiGtF0zW7pNqyAm8EUSOP8fk3DCItRmRiKUS95k3OnQj1Z0IkTCAeaqsB3fkiuM3HHmXiFO8ixdf29V8i0sQ==
8EQ13eTRWY2j/32EXAt0J6Jhi8Z8dje0YUtkJ7+jWhuH5sXFKF4Szvm18eA8OsEBDHQ/1RTwGaXWuaZuM/uXupBNXIJpdvMTNaJPxoDP1Cmd9+Zqqn6Q+rWxPnGpeyWTdD9qah5lPK1aQVrv9MxZZk2Z+h6VOEL2Jf1lmBmr8YsTkwZlp/87Q2IEYKgR8pfBliv/CQaCothaU1mvBQwkCUBwja8o0VmfTME02h9mr0+PBafDUdCdreLEiTFD6shNozOIY8+mXCkK80JljdnMbhJ7YU1ddj1hfXjPQS5zPJYOo3HrArGQcdu0oA==
xc7X9oH9HWuGE9Ie1YMF/1Os+N9hxj0QH651Soy0pjmNPA3vs5Eh7PNZA6fPO3wdKHFancojp7ywZFadM7pMfnckM65NnAh16vUxWK/C6qFmRqNnnyvUxha3rumXtS2tMzWG7SLtbDYB34N2TwD9fydTsOmpkQvJwctNWwisuHaR83SyBJ8Axm3kCmb/tEX4ax9fsJN2BdGkkSqeVsK/zQPWAwGen44ZI/gdmvjBpwso9LUf3bR5nwFluHDiGtF0zW7pNqyAm8EUSOP8fk3DCItRmRiKUS95k3OnQj1Z0IkTCAeaqsB3fkiuM3HHmXiFO8ixdf29V8i0sQ==
8EQ13eTRWY2j/32EXAt0J6Jhi8Z8dje0YUtkJ7+jWhuH5sXFKF4Szvm18eA8OsEBDHQ/1RTwGaXWuaZuM/uXupBNXIJpdvMTNaJPxoDP1Cmd9+Zqqn6Q+rWxPnGpeyWTdD9qah5lPK1aQVrv9MxZZk2Z+h6VOEL2Jf1lmBmr8YsTkwZlp/87Q2IEYKgR8pfBliv/CQaCothaU1mvBQwkCUBwja8o0VmfTME02h9mr0+PBafDUdCdreLEiTFD6shNozOIY8+mXCkK80JljdnMbhJ7YU1ddj1hfXjPQS5zPJYOo3HrArGQcdu0oA==
xc7X9oH9HWuGE9Ie1YMF/1Os+N9hxj0QH651Soy0pjmNPA3vs5Eh7PNZA6fPO3wdKHFancojp7ywZFadM7pMfnckM65NnAh16vUxWK/C6qFmRqNnnyvUxha3rumXtS2tMzWG7SLtbDYB34N2TwD9fydTsOmpkQvJwctNWwisuHaR83SyBJ8Axm3kCmb/tEX4ax9fsJN2BdGkkSqeVsK/zQPWAwGen44ZI/gdmvjBpwso9LUf3bR5nwFluHDiGtF0zW7pNqyAm8EUSOP8fk3DCItRmRiKUS95k3OnQj1Z0IkTCAeaqsB3fkiuM3HHmXiFO8ixdf29V8i0sQ==
8EQ13eTRWY2j/32EXAt0J6Jhi8Z8dje0YUtkJ7+jWhuH5sXFKF4Szvm18eA8OsEBDHQ/1RTwGaXWuaZuM/uXupBNXIJpdvMTNaJPxoDP1Cmd9+Zqqn6Q+rWxPnGpeyWTdD9qah5lPK1aQVrv9MxZZk2Z+h6VOEL2Jf1lmBmr8YsTkwZlp/87Q2IEYKgR8pfBliv/CQaCothaU1mvBQwkCUBwja8o0VmfTME02h9mr0+PBafDUdCdreLEiTFD6shNozOIY8+mXCkK80JljdnMbhJ7YU1ddj1hfXjPQS5zPJYOo3HrArGQcdu0oA==
xc7X9oH9HWuGE9Ie1YMF/1Os+N9hxj0QH651Soy0pjmNPA3vs5Eh7PNZA6fPO3wdKHFancojp7ywZFadM7pMfnckM65NnAh16vUxWK/C6qFmRqNnnyvUxha3rumXtS2tMzWG7SLtbDYB34N2TwD9fydTsOmpkQvJwctNWwisuHaR83SyBJ8Axm3kCmb/tEX4ax9fsJN2BdGkkSqeVsK/zQPWAwGen44ZI/gdmvjBpwso9LUf3bR5nwFluHDiGtF0zW7pNqyAm8EUSOP8fk3DCItRmRiKUS95k3OnQj1Z0IkTCAeaqsB3fkiuM3HHmXiFO8ixdf29V8i0sQ==
8EQ13eTRWY2j/32EXAt0J6Jhi8Z8dje0YUtkJ7+jWhuH5sXFKF4Szvm18eA8OsEBDHQ/1RTwGaXWuaZuM/uXupBNXIJpdvMTNaJPxoDP1Cmd9+Zqqn6Q+rWxPnGpeyWTdD9qah5lPK1aQVrv9MxZZk2Z+h6VOEL2Jf1lmBmr8YsTkwZlp/87Q2IEYKgR8pfBliv/CQaCothaU1mvBQwkCUBwja8o0VmfTME02h9mr0+PBafDUdCdreLEiTFD6shNozOIY8+mXCkK80JljdnMbhJ7YU1ddj1hfXjPQS5zPJYOo3HrArGQcdu0oA==
xc7X9oH9HWuGE9Ie1YMF/1Os+N9hxj0QH651Soy0pjmNPA3vs5Eh7PNZA6fPO3wdKHFancojp7ywZFadM7pMfnckM65NnAh16vUxWK/C6qFmRqNnnyvUxha3rumXtS2tMzWG7SLtbDYB34N2TwD9fydTsOmpkQvJwctNWwisuHaR83SyBJ8Axm3kCmb/tEX4ax9fsJN2BdGkkSqeVsK/zQPWAwGen44ZI/gdmvjBpwso9LUf3bR5nwFluHDiGtF0zW7pNqyAm8EUSOP8fk3DCItRmRiKUS95k3OnQj1Z0IkTCAeaqsB3fkiuM3HHmXiFO8ixdf29V8i0sQ==
8EQ13eTRWY2j/32EXAt0J6Jhi8Z8dje0YUtkJ7+jWhuH5sXFKF4Szvm18eA8OsEBDHQ/1RTwGaXWuaZuM/uXupBNXIJpdvMTNaJPxoDP1Cmd9+Zqqn6Q+rWxPnGpeyWTdD9qah5lPK1aQVrv9MxZZk2Z+h6VOEL2Jf1lmBmr8YsTkwZlp/87Q2IEYKgR8pfBliv/CQaCothaU1mvBQwkCUBwja8o0VmfTME02h9mr0+PBafDUdCdreLEiTFD6shNozOIY8+mXCkK80JljdnMbhJ7YU1ddj1hfXjPQS5zPJYOo3HrArGQcdu0oA==
xc7X9oH9HWuGE9Ie1YMF/1Os+N9hxj0QH651Soy0pjmNPA3vs5Eh7PNZA6fPO3wdKHFancojp7ywZFadM7pMfnckM65NnAh16vUxWK/C6qFmRqNnnyvUxha3rumXtS2tMzWG7SLtbDYB34N2TwD9fydTsOmpkQvJwctNWwisuHaR83SyBJ8Axm3kCmb/tEX4ax9fsJN2BdGkkSqeVsK/zQPWAwGen44ZI/gdmvjBpwso9LUf3bR5nwFluHDiGtF0zW7pNqyAm8EUSOP8fk3DCItRmRiKUS95k3OnQj1Z0IkTCAeaqsB3fkiuM3HHmXiFO8ixdf29V8i0sQ==
8EQ13eTRWY2j/32EXAt0J6Jhi8Z8dje0YUtkJ7+jWhuH5sXFKF4Szvm18eA8OsEBDHQ/1RTwGaXWuaZuM/uXupBNXIJpdvMTNaJPxoDP1Cmd9+Zqqn6Q+rWxPnGpeyWTdD9qah5lPK1aQVrv9MxZZk2Z+h6VOEL2Jf1lmBmr8YsTkwZlp/87Q2IEYKgR8pfBliv/CQaCothaU1mvBQwkCUBwja8o0VmfTME02h9mr0+PBafDUdCdreLEiTFD6shNozOIY8+mXCkK80JljdnMbhJ7YU1ddj1hfXjPQS5zPJYOo3HrArGQcdu0oA==
xc7X9oH9HWuGE9Ie1YMF/1Os+N9hxj0QH651Soy0pjmNPA3vs5Eh7PNZA6fPO3wdKHFancojp7ywZFadM7pMfnckM65NnAh16vUxWK/C6qFmRqNnnyvUxha3rumXtS2tMzWG7SLtbDYB34N2TwD9fydTsOmpkQvJwctNWwisuHaR83SyBJ8Axm3kCmb/tEX4ax9fsJN2BdGkkSqeVsK/zQPWAwGen44ZI/gdmvjBpwso9LUf3bR5nwFluHDiGtF0zW7pNqyAm8EUSOP8fk3DCItRmRiKUS95k3OnQj1Z0IkTCAeaqsB3fkiuM3HHmXiFO8ixdf29V8i0sQ==
8EQ13eTRWY2j/32EXAt0J6Jhi8Z8dje0YUtkJ7+jWhuH5sXFKF4Szvm18eA8OsEBDHQ/1RTwGaXWuaZuM/uXupBNXIJpdvMTNaJPxoDP1Cmd9+Zqqn6Q+rWxPnGpeyWTdD9qah5lPK1aQVrv9MxZZk2Z+h6VOEL2Jf1lmBmr8YsTkwZlp/87Q2IEYKgR8pfBliv/CQaCothaU1mvBQwkCUBwja8o0VmfTME02h9mr0+PBafDUdCdreLEiTFD6shNozOIY8+mXCkK80JljdnMbhJ7YU1ddj1hfXjPQS5zPJYOo3HrArGQcdu0oA==
xc7X9oH9HWuGE9Ie1YMF/1Os+N9hxj0QH651Soy0pjmNPA3vs5Eh7PNZA6fPO3wdKHFancojp7ywZFadM7pMfnckM65NnAh16vUxWK/C6qFmRqNnnyvUxha3rumXtS2tMzWG7SLtbDYB34N2TwD9fydTsOmpkQvJwctNWwisuHaR83SyBJ8Axm3kCmb/tEX4ax9fsJN2BdGkkSqeVsK/zQPWAwGen44ZI/gdmvjBpwso9LUf3bR5nwFluHDiGtF0zW7pNqyAm8EUSOP8fk3DCItRmRiKUS95k3OnQj1Z0IkTCAeaqsB3fkiuM3HHmXiFO8ixdf29V8i0sQ==
8EQ13eTRWY2j/32EXAt0J6Jhi8Z8dje0YUtkJ7+jWhuH5sXFKF4Szvm18eA8OsEBDHQ/1RTwGaXWuaZuM/uXupBNXIJpdvMTNaJPxoDP1Cmd9+Zqqn6Q+rWxPnGpeyWTdD9qah5lPK1aQVrv9MxZZk2Z+h6VOEL2Jf1lmBmr8YsTkwZlp/87Q2IEYKgR8pfBliv/CQaCothaU1mvBQwkCUBwja8o0VmfTME02h9mr0+PBafDUdCdreLEiTFD6shNozOIY8+mXCkK80JljdnMbhJ7YU1ddj1hfXjPQS5zPJYOo3HrArGQcdu0oA==
da6iRGjuhRYO3V/cBVWa3pcBvR3SSuonovc+c4uISPXl7yg6kSUYe15Heb1lFrVRlfLjMahTxCYW48n72hGYIXO0CA==
17JKB0XFfOlIwLxcbO6N+TYhPAqwJDDm9gMU2HBjGo/KPpSxy//twgMk0vKb2CKw5/GPm8RzC6IVq+Xv2w60Cw==
Y/s6KYxkMRHGVqbFNWJvSM7RUkHLkaU+ij8oliEVVX1vSIfaqgD3PkJqsz/HWfhFO4gxtf391wi0cQ==
Ofbe5389mF3hpstRFYnm/49d8kREad3BNHTEIZs7jcWZZlk5QbI3mQTjeJ6iQ50jhsH0yQe0fA==
Z+MLUCdRIA1d/mNu0oC5+6o9pxtdZByKd1Un1BDgcbTR2HUl0bpsHig+kegBjXiN/gxHNmuiUFSyGYV/h54pjzRNl6wLWlGTf66WGWSRawU7RkRN9OCdVgkIbvhtospT4IV0gApELTsAZyJ6zTqh+38vGYEvsVDwWK6Eow98/AseDZPKViINV627WdUB8LvYrF8a1tKrgd3Qk5vjbcAmNfiruqgCK+7sUDnFrI9dGR0sosee51BmsRz6s5IGzD51KSaEyyxPB1S7POkpakTi5aATZZAbRR0xaDzWFueQ1j0k8sx5Du9x5/BbMMhVK3p7Hr4ERtYfkA4vhrkifB47hqA46ZllBR7u69htxRznA9Xekv/mnRqolkmj5w14UEyooMOTqvYd7RaBwvsBM3L74BF7ZL+2jK6EW1czaE8jFmn60wN2ISggpyNx+KqZnfViLXWBi+Si2pz1Lj0QZVRkNq9LdIafDuZrh7Kbz3VaYke7U9Pdu9BFn7STozbLOKK2gzTrpY9Nn398f2sWHXdV64OitN8=
x91Z5rbtoM7wvnBCogEDMQlfU3p/bRAztGrCxMy7vHTo0UYelhJvPvUBcY1AdQ0MS310M4M8QF73OwzsM43MwI9JgjDKN2na1c/TJUe9oHWvnu5ytA8u6Y8EAqpNYfWTedZ/6xe+yEJ8xN9EeeHoKgYKbTs/pfBNxjmuUfyMM+L/3ATp6WhwnJQDdTh/oaRn+hHi1xWfs75WGtnMxr0+CqLjpKs1km6aEko3jFZif7qYrfs5mN1WXosncdlderLm66v1IBnqTmt/VDSC0mvnMb1hXvzhBk7yWqVfxWhhEnLN7hHhpSImBov8psBSPbRauphfI67+8KzXpOko0sxNFVdhBRoLL32iIfmmi9gynaEZpXJKgqc+TBt/aQP3FPUTEh/KPiV4c0L647X44OEF6+MT1gU3vyvj0gTQCAEyByHGq4/pdkLSOApTCQ81zJQpcPBdj7iRSf+8wcS6DyY/b1+Fl+PhEK0NssTZ0TMquK3Ts9iDX2ZMibrz8sWdmVwOwvuRLa02zQGtexrhEDOMtj4jIcuScYCRq7TQ
IUd3wSvkk5qKjY5WSqBm7PctNglVOD0TPI8UR9ypi1QRI7M1QvbE406zandPkbNOUz1znQRdTkvSCiDT//fMCZ4tdbQO
ZAEkctFfGwi/vVgunX4RUt60on7k8Htjj9JZRVtuXVGCZyJcNnQqq3AgxZrypg60MRm4wgkVVar9nYFjNGp6FGVGfXh1XET+f6P0bk/GxmOX2tun5dLCj2u70zVrGOUXJPvjXtswgn5T3G1NX4W/d2wXK36N//UjU0q0Nw==
H+zLPpRbrUBxcRy0WclHBPrAoBn2jzM/4JazGXkAHcm/smU4IR0iiWTBSwTja+IzireCFVUsDx/t9RxKWpuQjzSHUa1tNo2B7X1aYVAzzDZ+I2FLUnFAEWu0EA==
mAVyS5/f1nCcN9SrukOmM+Ahp0FhtEEthJFmFjWV/5iLRUkCE5S3hYRlwqHt6EUzNJ/8B3RZA/TJU6s1WgacQ8bDwrcngbtuq23LHXyNdivaGggTl0dEaUYdbbQW
6ORdfcZr4L1t6c2C7smxGckSiGRQhmA3s5FmFjWV/5iLRUkCE5S3hYRlwqHt6EUzNJ/8B3RZA/TJU6s1WgacQ8bDwrcngbtuq23LHXyNdivaGggTl0dEaUYdbbQW
nHPDg20koWYVYNqUnm252yy9lQathGIWMZ3jiGd9LSL3zJt1uC0GYamguYNYR1hn0KGvZFXbL7XejgDTartmV4PZV97XpQ9dOEVKW/bCbDNzfyh5WhVptBI=
twgKxjAjiyNC04tsk1D3ijHe5PvT8cM9bd3TNrhiRmGEUl4WDWXH+KO1gUJbRB/lHPVaIXV43ZNcTzRHPGnr1LFjUzUiNmRjrvMKd2/RU84z/VOd5B3uy3JKwNPfN2yJfm1VtC4=
lCtJ3j/tDWOmRMECzTS5BJyzTw1KpHa8NZdfPKyFLM6+mdZMJwQ87vO+ipIeRCnpyy1xpKqO52G5Gx9lQwDo1E201QNUR4eDlRVfhuso4ibjRO3V793fb1zP66Y9Z5V7Y1K0Lw==
Un6t24sPiDb1Kbs09a/zJhEMbyIkGII8A88xR6uytoFTKX0gASowCMg+c3p2xc42DvFd+QxpRVm0dLKK3ZwnZtZ+P/UjUD36Qfc+gPNTViknYzJBSiZhntGz8fXZPy8o41GcJPfNPRK2sd3D9p+xXiLVdDM8mfMhspJsix+xI45DnQOdtL1ei0JqcFMPF3xJ7o2ltN4=
AjtErXBWaL2vz8eoVhgKbAl+bz9ce25+TeGGoEQFOva3uedQLrXOPFEuKcXx5ApvievfN0sw48mJ2Sxxv2yiBHlox3oq4LceTUtzX0f5OGU7aHFVfV0XaLQR
hQSTxb8UH0V8jBl1/bu+JtPLyRgQhfdiZRSKLEWD28NihRGnB0Eb7sut6x2czdarutpoE7cHpOnm3Q20dg==
hQSTxb8UH0V8jBl1/bu+JtPLyRgQhfdiZRSKLEWD28NihRGnB0Eb7sut6x2czdarutpoE7cHpOnm3Q20dg==
DDOgsy39u8xjiykUTDVkyb9O0TBsn0ZKcAtAnn8NWi/h3kLUnHpOUDLSetGrM55nIz7H8oWWsNeIuuGGzVR2DVdN/Sr+oGRn/YoNGV4sWhEkdRXzMUkSV3l6naZABoIIwifH4krlpknSv2FeOgBG8MDHCDwB5kA=
