LDSbqvUh4zW8IBAjm4+qVXH6/5p989rz67uDvf66SY00ovWcFYmKeB8bUZ4iJ3dtB9ErnciomtokhqozX8PDFLIldsC7Y37JP1MqQVIWeX75g7m1ke/HyFvB5KRPXcWyHuGVgz5vWX46pWwzJGnrAdriJEvXYYsuOw27G0st7OwqPLiTxydUKfa9vbTG
F+CpgnCjblU7FbwGbHY8PFp5Fz12WgZpbif5Yiwx3HUBntVYAtZXRWgirXmW2prIjc5c+q1VcRR30mvjPJDRBxxhjcegwdiCy9ab59Pl2ysFAKkVzoRlSbe6HOWfk9SLu1YI8SZzbj1ZqTgGzttd5QmmSZkRu+H5HiTo+PLDrUM2AcSpt7TM
us6Z7DLhcqqcqOyz7OVeHYKyv/vqWHBJFt2Yh4RQRSQAQN7K/FbMDSBDbl8S8p2DzLmX14xsKEOLjuxChffnUUKUROtcytSA7lY7HXzSmREPf2TgmZ7oAgEVHSyDAv+LgHDNL2jRGR+MwfRaX2bvz88FZ0OR0F0tosTJsQPqCM1jM0jjj6YcqUrzguVN2QzuUnshzR12/eG9ew3BanR8EE6jsWvCsVDxm7Tg
hmEVrzPGz1cqOSj7KaHmnI0+I+tYXgbzYW/XnApbtjArHV4u8w5GBG4geuc4ZIWmypI+mBk9mN4RAUWm9ZmBn8yeiviNop2krYiUMrdnNNL3cnbPP357O31GUgPjP1NJE2yVe0yfgwKDZNIyG5grdme7iFtCMwtilevlL1tOtMs=
/bKCqnOvHZRzef2/Ib7BfiwjOaDQXSxEL2grbhvU2Qk5DybTWTaL4WIvNryzue6SO9On6JYkavsQUMXqkvZO5JGpOHKpxZV6HW2Bk9S6usTF9v3I1QwErh/T9B4vloYzN2pbF0UCAl+LS9PFi8glx4RLY+57YMIuM6xrOj/f+CfKp6vOLS8187O6tMc=
ADyY+0+Dub4q/XU4EzVPxCwjOaDQXSxEL2grbhvU2Qk5Hi7dXzmKs2IvNryzue6SO9Kn6JYkavsQUMXqkvZO5JGpOHKpxZV6HW2Bk9S6usTF9v3I1QwErh/T9B4vloYzN2pbF0UCAl+LS9PFi8glx4RLY+57YMIuM6xrOj/f+CfKp6vOLS8187O6tMc=
Zm7ztsbvR1vkRZQHTI8ce0la+JPq0QVekbo2aS5gehbmEaheLiFbHgxIy7GdlWtt+c78WkMjMZP5auwoGtZPtaCC1ek8H3P4la4UKlXVyUQ/8nMTFNC5l6SBRfe4wcCyAzYjd7ul89sdIOFFdgSdmf/aBNV3U3wbw/bAAT5zdk0RCcCWZps11RFGgclpO1kp1gTwiNoDRdOOYYyZr7TU
wgHNvOg/hFTmvBo/GY2CbHZ8EeSJQSxEJ2o9fE/Z0BdrDyCaDXjes2IvNryzue6SO9Cn6JYkavsQUMXqkvZO5JGpOHKpxZV6HW2Bk9S6usTF9v3I1QwErh/T9B4vloYzN2pbF0UCAl+LS9PFi8glx4RLY+57YMIuM6xrOj/f+CfKp6vOLS8187O6tMc=
BCVWviUGb2cq5h9pJhPrFig7VrjcFyxELHUtex3Qw1l1DyXISDPes2IvNryzue6SO9en6JYkavsQUMXqkvZO5JGpOHKpxZV6HW2Bk9S6usTF9v3I1QwErh/T9B4vloYzN2pbF0UCAl+LS9PFi8glx4RLY+57YMIuM6xrOj/f+CfKp6vOLS8187O6tMc=
MAZWWj3hFudcrr3HxXFZEVM5LVAtcdntqbUJHph3ERPXX0/yaoTMFpmZpprjJd2v9ZQjdvImQ7WfiNlqxX9S4F+bktkDWy5BVh5FbhV7XZW1t6u4B4kgZIuVGQKyufHjmtf17sYt6LOg4ZeRdlqAqzO5J55nRf9bD+UwHMbknLOjXzg5yrW5tMI=
gIRLLpusGrRYopAhhCj7NWaOwf7EWghXTR1xivt3vve7TDEyls0mbfZ6f0M2XI+H157KjsIl9LJlTD5sNooFG6jkVU8dxJnvARVYACJKMWRNfklmbDC7cRT4w0w+nWMYC0H5yMqhT4mTg8eyfYmwmZMYp0rqcFfOSxwTxQDJ3pW72FElPc23uLTB
GtSbsCmzrhtsuQ/ukssqIzlbEW+h2Umn1cYwrqoIWdCGVtPN9LLBAfC+/5AhfuAyaZW13IsihzsYsPU/MHGRz6TB3IrXxrff98X/8+nwVd0KRKGBCwqwvfvzsPPXxpR5ovPqtcU51P4qO7k9pRb10VX7pbFiVISg1uOJexoR2KGztMg=
PyFaYfuZ6hdFaVKpuq+fX/Sxexo2+Z7d5NrS3CAj00NkkWSrlTpQwI5W290cUjnRLn5HIHkeiELhFT1sI4Jfy+BwLe8IUbnfrMHUmv/mjw8vBQcDMVD9bYLEKfFjaugNQzNoIy8mfGmq8+KlrVmsrnJ7AY199h0h3XstAcr03NCuo9ErIjHwsbu0wA==
aIgSNSzCHr9gQ5hVn6p69JcwLqm8vUKJhEQ9EogI5Y81ZyzPHxj6tlsr3J/0myg5tKlpuPH0s55CmgWBoBRAWqszqTQ2rJtcUuqZrf0ObJVihlijqSTFs+puZLVr19dk70r7Kgovy0PK/64AloudJFQYG5ZiI0aI0rEkfKBbNsRJ5xqNpVTaG2Xnr8lvp+zncEV4eLLW52XYYp3ZoF6KaF2OjNo9VeF0p5K7gywQIWfsIX2nUMEo4juWa4cjZctL1UB5dV6E9Wln+sxFjxPkK4sWuNGWc94d6WkIpv5bTUVZZhm5gbtxGU7kuBjiQ92jRsG0Sce0vA==
bvs7UtCzBLQ36hosfBIiXe35EqfIhf/njUmOhbOAhQ0T3dK13Ok+fD3tyxJndk+rAfVhO9qztigbVT5WY6eG3Z4oWt9oDAU+elreYAkV2IZhieUeJXGBh/zW6oAdCl18XYC0CucPtEpHupY3L1Y7Yw3O8rsz11NRIyT1A9w3Q9pzbPIKS/Cr7tdzaKNSG0s65WNFl4umtNM=
h3/waxd39yv7I/aghiT3qTnGeL3FBSKz0In/44VVnnGL7KUp++Gi4QQlfjh1MRumH9qvT6mJ0a9CPzask8muIttLJnn2lKoLMEDF+rIGjlTxObjiSXXVCj19gYP0yvp0JWZ9WLW8xF4/w/QOD2ZGg1f624elskIvq1vT1au4ZXdk2+N+G9AC3hO8ayofLziXqjcrXs2fdYOTqrTX
fELZrM6j7k8IwOOc5PU1mpaDssY6T56+Nl4Of2IH1hrsDWMtUEFqLnSasu6JB4LvC4lFN6YD8m1K7FiWDXFqyp895E4gLH8Gfo63davg1VoZh4ZAKwMuCc9zOkFCNom+qeMpNWFPd4gL4RSkfz2Vcu4BJQOuz4m+CsV8MzSJ20GKQrTLZwH7buvtixs7DTwsmpzIE1fHhGmGna201g==
Go2jlALxo+sTL8I6h53Q95VgCDhCoNEbOrncj//hgVuWa5f6tdvPn5oLKENeGpEfc5zj7N8dfVeJ5Y75du7XB2Z4h532y4IqUqFc5iUYFmgmrk1PCHDd602AsfsBAXBEcu658O0qAUJ8NJMlVKxryK45K0wrVfHsmuXnHRMXb/YtrbiNs0zv7nr0/5oLSDvBEO2WwRtM2YFtiZ+stNU=
B6Rov5AReoN8S/KbgefYTWBmCfWJSCxEL2grbhvU2Qk5DybTWTaLwWIvNryzue6SO9ql6ZYkavsQUMXqkvZO5JGpOHKpxZV6HW2Bk9S6usTF9v3I1QwErh/T9B4vloYzN2pbF0UCAl+LS9PFi8glx4RLY+57YMIuM6xrOj/f+CfKp6vOLS8187O6tMc=
Opw4ZOD1CEZTDkVm6igm/WzZjKCWMEZVQRpwlt53qf3vD3Rm06kmbfZ6f0M2XI+A0ZDKjsIl9LJlTD5sNooFG6jkVU8dxJnvARVYACJKMWRNfklmbDC7cRT4w0w+nWMYC0H5yMqhT4mTg8eyfYmwmZMYp0rqcFfOSxwTxQDJ3pW72FElPc23uLTB
n3Qcbh8As0mXn11g4fDV3q9z/8nLIY32RinOmXaOl6fmmEe38aTCitJBnMYlOFYIpg6NrwhQnYvNIHEbAeGw5PKO+dDtysHi/FTTBVSMqygumWssK3UxDBpFp30Tdy9WrU14rbMsr076FD+6C2h7oZBNViEbbJnh7SlfTLQ1
ARZK5RoplckTDbV8jG5kr+QVMSDMbxOixix4li0xCko//Q9JD2zfhh7Ol3VLIHXaecfmQAvDzolvM1pBInYpPkkjCTUBDxcIqyH0pF999fJOQQUDTg8pPmqFXDMUSTvBKgLUy0fBW+4LLasbW02crHpcKBN3h+TpJl1NtDY=
QDHdGXjrO91dkoqAC9MzLq1z/9jJN4n2RinOmXaOl6fmmEex8aTCitJBnMYlOFYIpg6NrwhQnYvNIHEbAeGw5PKO+dDtysHi/FTTBVSMqygumWssK3UxDBpFp30Tdy9WrU14rbMsr076FD+6C2h7oZBNViEbbJnh7SlfTLQ1
F6qVqaLqNHd4NDiBkFwcwOQVNzbQchOixix4li0xCko//QlJD2zfhh7Ol3VLIHXaecfmQAvDzolvM1pBInYpPkkjCTUBDxcIqyH0pF999fJOQQUDTg8pPmqFXDMUSTvBKgLUy0fBW+4LLasbW02crHpcKBN3h+TpJl1NtDY=
4lv2r3ZzOkexnV5qUMG3tOQVNiDCdxOixix4li0xCko//QpJD2zfhh7Ol3VLIHXaecfmQAvDzolvM1pBInYpPkkjCTUBDxcIqyH0pF999fJOQQUDTg8pPmqFXDMUSTvBKgLUy0fBW+4LLasbW02crHpcKBN3h+TpJl1NtDY=
FQ8IVprd4Y2EUJ7xRvxdgpRSde7NhJTq5cHV0aGdm0utix6o1OYTdGb4jEgK1l9VkMKFScac7JglbsQKJdX5pO+yA7OEUAn39EG116jB0JLz9nMXCyVje21gMaVGBO25Lxq0tefTjLuTtvDhLnNmLSHJEDYWG6U1oQbR6Zk5aUmGxAAoSoP1M14h/Lm/tMQ=
IUUENKOQF64HLa4/E3o3GBOvNB/H9nEMYTQqGOYO+AAofv17YztcQJvb7KK5mhKk/QrBWSSuE6CeVss9LBJJcZ792IApXthiERUNDHPCjytw8F2PuJFJ/7zBxLoPJj9vX4WX4+EQrQ2yxNnRMyq4rdOz2INfZkyJuvPyxZ2ZXA7C+5EtrTbNAa15HeEaNIywPiMhy5JxgJGrtNA=
INMxLwExeI7HYEFBE4AGeVA/hsxtcXzVZ+wELq8m/ij5dT8IMkEWd8W9sk7wzlX39K25JgZUt+xXu1mNX275LdMrcwJmz8zwrptH82ia6OMeEZzE6hNV15FcEKHckPFHfOFtB4DB+EIrVvun8+U7a2WACdXuhAUJVzq8pb+TNEsb1qgxxnMOffkpmEau230lqSYpWfG5wbm+pAg4ksONg9aBpOmXtOw=
INMxLwExeI7HYEFBE4AGeVA/hsxtcXzVZ+wELq8m/ij5dT8IMkEWd8W9sk7wzlX39K25JgZUt+xXu1mNX275LdMrcwJmz8zwrptH82ia6OMeEZzE6hNV15FcEKHckPFHfOFtB4DB+EIrVvun8+U7a2WACdXuhAUJVzq8pb+TNEsb1qgxxnMOffkpmEau230lqSYpWfG5wbm+pAg4ksONg9aBpOmXtOw=
6h3qgjwHSySoEMwmMvSd7+XCx8TApoo7Dv7A4+Pp2DUe5mtjrj2BvGh4onoPWyMNWJJPFVP5GKn4G9CN4c7OmhzbcYeTp9wmVIvIQi3gwvirom2cy/t35AOiDZUk1SJKxpaXKaOyKxXOC0YdY3zVjqhVD28IEB1LzWDx2wEhMKTyTnmQ7QpBovyUU0VUTCtoLlnrbCu1sUwahSc9Ezevlq0N+G2zbC+O+lS/eg8o+2GQDdbhGywZIe1p34y09Q==
UAe3N4nrOZ7lZkP0JeOplEcMGbPNA013HCgUR3WSGYoqlr97/KOa0T6W9KJdyc42ohfVjAtYP988PRxUmX0oezZecKz4unhhOaB7QAAzSquY6i9QmNIn3ac8jUfJ/wFDVNFdt2FHQETCLEu6bfXE+219vGq4/Jjz2wvfZB79EuAfG1LZQ9vuQZaeBW7V+x2V9TdruEcJYGRLFVkCcjkx49pXNe4GraizYGHXkTbaQKtzOWeep8W/X89l8ByGZFyzY994OQo1+bSC
jIZokWPk2qgS+5q2x0qoMxkJ/pai3AFF1aA9Uz1pLgzqDepKfRIEQFQrsJXf2Wtt8sz4Xg05YcOYPpwoGtZPtaCC1ek4H22glb1ZdEv93Hk/8nMTFNC5l6SBRfe4wcCyAzYjd7ul89sdIOFFdgSdmf/aBNV3U3wbw/bAAT5zdk0RCcCWZps11RFGgclpPV4p1gTwiNoDRdOOYYyZr7TU
b8kbusOn67Kgm06L2GwkckP1rPI80sDsllcm/nkvU39fUTHlWGFyraAhwVlndTsTMQiIP9qUDN4jE4actcUgQJKYfNp2W4W2zZmwpPtN2b4VZKdOu4morNdGIV8sl5+ITpvC3Tfno9k2BETmT7kpJqC8EMM8likMk4cAe4Qckc71pbpXOsO2WPsl/iaD3gSyJliJ4tZiLVunKh4Q6WVY9oH5JW7FAYH3HKYq8P163Qy98HR6B3+0OqfKVkfPJrsT7b4yy9OnUyHDVDVzPEfDqpMcMnqrgK2ZNwOo07Jry0oFE4Xna9a0ow==
qRlWVtDnz2nX25w54d2L6yBQz2tr09hnhNT/8NrspTQCa/vrCYsYGstGObuCedl5iOHJycjvEms6JHsWmrb7NWcYccqdDxqgl0tqOStrNkFOLm2O7auV1f3H8xivGdjkMwVxYuoJOSNSB83Orl3ws7gRf7FOCsjrewn/fo/VR91wdZi8HhRUc+sPQFnihaG02g==
bRxaNM+LWmulxec2NvdHqZn2Kg1W7WlcFDFGCERNJTInykldUrwQCG95o+QZ9//w1Tv2J3M9InoSkbz2JQh2WOZ+7T+IwD07DfCR6wERUDQyPllAbVqhkrwE8zVUvIv47mmLvKvlkbxaFccNEwdPBu392D0zvE++OsQfig1fW/HQPTaxm/w5US35v7y0xQ==
kS5k8sKlRYrHCV1i2eYMnxHwceNAc3KpuDEXxJ2rN7XGfkhz0iuOF6vpTz6fdbfcwBWIfO40BPPb79AZkiVxtAo=
8pW8ncl875HnQkGmBGusTeX9Hq/Nsaz9g3TBlanJ5g9A5+6b7fwtbj6ojQ1xNQWrCeFqGLfq5g4veCQvZfjcg8IoQ84lEUM6eRzQewsV2IZhieUeJXGBh/zW6oAdCl18XYC0CucPtEpHupY3L1Y7Yw3O8rsz11NRIyT1A9w3Q9pzbPIKS/Cs6ddzaKNSG0s65WNFl4umtNM=
e1qTCd3YW2DxpxY7S3dHNunX12u6PRI/nF9QL63dmqereXqjWzkW7kys5YNdlk+0GBfIB0NoQ0YWuH/ZYBO1eTrG4FI+R9DBtPnlBXaxJncySzK9M5SB0CVOBBOXRRisj5fcB/Zfo9jnknsDbBBh5ywhPSeQwehie5arB2Nli8sVQDn1HoQ16Sf6DMVPE6SrSxZ4UdZzHp2paUgmPlsNxRlm2TnBvLaZjuT4mCJDHSMGwXTJh7T8
/wiPoWxBW0eXd4Lh0JnMdQq/ejqxb1PsR/Xmp8348CQK/Y9EOOSYAH8KB9frAePt6QpJ/g/kJjF+AJUp/iTqviwu+k6OwBsy1pEV6PxMhotyqpPuhFj3QcPfFOFfm/P9gwRIw7vsFnB9SdG3mPpFhN+sQUYnwYwQ85SNIf4SoW/AONpw3a+cA/uZoVWQaz+C//x7/C1GRhnBXoUZ9uADs/xloiQWAhVDaLzFR/2MaZcBbahIwkKhPI0mWe5MeAtJlMBzhB4Vc8BLmWnAqmk/cZN7t3odgSBB08C3wsq45/bMI6ONIEHOzXuAwS3dhUfAtLk=
2lvcZTTK3N0T731JHZomAs2zdA0Y63VPVSZbGw1MJTQe/ElTWKcNCVQJ0aM42MXMgEDhdDtkeWEDvr31LRFeA/xq5k+07C0zI4DTtk0ucw4zXXJ3VWjqlqYL4jJWr4zs7mmXsLPe2/ZPH8gXHEQHG/b2zhhTvE++OsQfigxfW/HQPTaxm/w5US35v7y0xQ==
OJji/x9/Tpatx1ACjX5/M04mKxY3c8f9s/AKPph6ERPaXyCUBO3bH+Hp3uDxfJj57cs8Yv9heqyOpNlqxX9S4F+bktkDWy5BVh5FbhV7XZW1t6u4B4kgZIuVGQKyufHjmtf17sYt6LOg4ZeRdlqAqzO5J55nRf9cCOUwHMbknLOjXzg5yrW5tMI=
jK63MlSjsOuUPXPt3kJRGXH16IF45svO67uDvf28SY00ovXzfueMBHhlX59lYSJwXcQ8mYmTkNIjqb5sSuyFGqkndsC7Y37JP1MqQVIWeX75g7m1ke/HyFvB5KRPXcWyHuGVgz5vWX46pWwzJGnrAdriJEvXYYsuOw27HEwt7OwqPLiTxydUKfa9vbTG
e1qTCd3YW2DxpxY7S3dHNunX12u6PRI/nF9QL63dmqereXqjWzkW7kys5YNdlk+0GBfIB0NoQ0YWuH/ZYBO1eTrG4FI+R9DBtPnlBXaxJncySzK9M5SB0CVOBBOXRRisj5fcB/Zfo9jnknsDbBBh5ywhPSeQwehie5arB2Nli8sVQDn1HoQ16Sf6DMVPE6SrSxZ4UdZzHp2paUgmPlsNxRlm2TnBvLaZjuT4mCJDHSMGwXTJh7T8
GWY/gIpW9Z56dONt1kI3ETZmA/GJSGVeJXQtbA7a+Vk0SmuXDRe43Qs4P8TDwZSAYpPx8Mk7fvZXadz7vvZO5JGpOHKpxZV6HW2Bk9S6usTF9v3I1QwErh/T9B4vloYzN2pbF0UCAl+LS9PFi8glx4RLY+57YMIuM6xsPT/f+CfKp6vOLS8187O6tMc=
JojVexpDbaBbfN2ILbZQWFA/iMRpL3nSertQIeBf3wDDXQwnAWgWdsn8/Um13Uzg6ay5Lwkdt+hbhRbmX2P0Q84sanF138/1sNgf4DaJo9cyWrH99ExA+NdSC6PckPFHfOFtB4DB+EIrVvun8+U7a2WACdXuhAUJVzq8pb+TNEsb1qgxxnMOffkpmEau230lqSYpWfG8xrm+pAg4ksONg9aBpOmXtOw=
4lNLqOHYESzO4to0ZkYdvniXKlYwZ3Qd4H0BOwNXxo+0eGlPGR2nyAtFxkbP4wTjvuyaUQXfP9XAmO9ARgkzd2IaYd3kTFAYhxLbQ0wQQafMoV3nsMHIohsWS0dDZauLtcBZNf6EFSmHeuwFLxNE6+uW2BE2c35dCeno5l5b7YV55nl54bzW2W5kWFgCQz3jZkGUiae03A==
1YFkYCcmwpsvLHS6NSWT2R9RJG9tAIgxV8UgQbC2o45TK3s9RSwxLZxyPTM2l+QkYJVHn30ROlC1NPTZwcM4cts5BuwyfD36Qfc+gPNTViknYzJBSiZhntGz8fXZPy8o41GcJPfNPRK2sd3D9p+xXiLVdDM8mfMhspJsix+xI45DnQOctL1UjEJscFMPF3xJ7o2ltN4=
iAZx9hDr0Y4Y7+iapDQ+CqICD28adnpdb5oJScb6zlIUILI+L7LV9EmgYWdPkbNOUz1znARdREzSDCDT//fMCZ4tdbQO
oDiSiT7T0f4kbL2XsenPNaMCD28adnpdb5oJScb6zlIUILI+L7LV9EmgYWdPkbNOUz1znARdREzSDCDT//fMCZ4tdbQO
MyPGf+7e4reud8Xaz6/y+KACD28adnpdb5oJScb6zlIUILI+L7LV9EmgYWdPkbNOUz1znARdREzSDCDT//fMCZ4tdbQO
ZadeW20D5JB3aZX9VsCPvRZq66/TFsEv1g6ODbsytelaErqigLg+vqMqQYS9yP3H8znnnifFP1xIZXAcBmTcs+Pf+DmKNXm0Ag==
tsQGWARFcsRWCCLcI6cZGiYziATcsfy14eDQY1E31oqTlEAPOuvCCKCgv1OUcUmK3L7RR2B9Duk+jd5WYG5wvPYmjz6bkAKek/xsbZ9vONcqdyueTV91QxNqtBc=
HeXd1CWAm4yBly7/o/ofbBdq66/TFsEv1g6ODbsytelaErqigLg+vqMqQYS9yP3H8znnnifFP1xIZXAcBmTcs+Pf+DmKNXm0Ag==
gDSbkPnoSeNylvUWaJf3UBRq66/TFsEv1g6ODbsytelaErqigLg+vqMqQYS9yP3H8znnnifFP1xIZXAcBmTcs+Pf+DmKNXm0Ag==
8GZEfCIurRdrYCCoNIXyI9FOOuPan5Pj59uB36Gd31ijpR72h6NMM0bMsiEd3ycl6LiXEI7J+8c6eslNHMzoiO+yA7OEUAn39EG116jB0JLz9nMXCyVje21gMaVGBO25Lxq0tefTjLuTtvDhLnNmLSHJEDYWG6U1oQbR6Zk8bkmGxAAoSoP1M14h/Lm/tMQ=
5cuyKtjgx/iADIgSGfYLvC4Qjiw/xt98gMn/tJ/jv30BZP3dQMpZU5IPGLTsHcMf+Zm2wMmsUDkle2QCl/HCLHY0ccqdDxqgl0tqOStrNkFOLm2O7auV1f3H8xivGdjkMwVxYuoJOSNSB83Orl3ws7gRf7FOCsjrewn/fo/VR9xwdZi8HhRUc+sPQFnihaG02g==
qha91FXOC6s3YRnv48V6VoK16emBCr63CLnWJyoeP8aV7K30vkKZAYSSq089T9jFOyA/3PPZ9NhSSzEoeWMebufxXGMObi68IXH4qpmd9WItdYGL5KLanPUuPRBlVGQ2r0t0hp8O5muHspvPdVpiR7tT09270EWftJOjNss4oraDNOylj0eYf3p/axYdd1Xrg6K03w==
pnMsZXtkbYio+Oq7sCqbwaLklg29t1lrtj1ACAcocc7NkpJoYd+wwPt54bUQi39i/xo/E6ymBvnB/sU5dsBDE/zFYgSWItXjaNwFJ33sqfcBDWgoQiJhXI2Gmc7MWMvplGAzpJ41M2BLeSkgKol/kZOb95qdYWCh02D34kqYp1bMg2OtoGEObXvgAU1d5YegtNk=
7MmKD+DT7lrELWM/SHnq1n0pOx2/MjCr6gkJ2W9eGtCMLYKqyuX+wgMk0vKb2Cyx5/uIm8JzC6IVq+Xv2w60Cw==
qwXmB/rKKlGuzj/h6DW1HGsWx7IXWwJ7z4XtWadIz262IBCa0s1ZBQeqmlwUiTIWArEervsgwu6z7Gx9vx/4Z0rnqw6t7zWzM3q0Bw==
3dZtOkbA2CqMMUvFP6ZSX1cy56IORq4fwKXA7cL/0Ek9BiaTr6aqdiQ/EkfpXX9jccKwun9Yc52q6Yl5rz4a8MzNAgoKhf7iQ8RSUlu4LJGnGwg7AhMLglVLZU8bbrQr
l8mZDq1GS03E58aGUTUIIbyrs5WPCeepieN3WOANSxsJmPiUtDtxKT3k9quGiTiDmUvRJBjQ07bD7x4fMQMTwNqyiAvKQEZLLrAXEooIB2bMs8M94BFuPfuwIX2ddWdQtCk=
EujbeI69Tnzq96jluRaQUlLG4MBbJiHUgnJZ44QNORkVEnDK38jzLUq5yYmPLhrArB3CeqoVflKjlBKie6gsocfLyEuig4sytRslvzt+tBs=
REWF8y7isH5GPMYL53xlLVJx9r6GWrpp0FfJROc5t+scQLq1nKEJ+rl+Voan3PrW8znnnifFP1xIZXAcBmTcs+Pf+DmKNXm0Ag==
lZNMTuXYXOhXIOE6izm1L1Yy56IORq4fwKXA7cL/0Ek9BiaTr6aqdiQ/EkfpXX9jccKwun9Yc52q6Yl5rz4a8MzNAgoKhf7iQ8RSUlu4LJGnGwg7AhMLglVLZU8bbrQr
MPixLyQoohzgCMGJe+aYQkrq3UVjSsL9qXwWBMFZGPOZu/F02GCzJkN/vu9xU/Pw2oJoW4qw5tuuIHeiSlgnlszD4+2goY6teyCBDV2lB2C0GQ==
I/wK3pFfCbAQQgcE4yFojLyrs5WPCeepieN3WOANSxsJm/iUtDtxKT3k9quGiTiDmUvRJBjQ07bD7x4fMQMTwNqyiAvKQEZLLrAXEooIB2bMs8M94BFuPfuwIX2ddWdQtCk=
EujbeI69Tnzq96jluRaQUlLG4MBbJiHUgnJZ44QNORkVEnDK38jzLUq5yYmPLhrArB3CeqoVflKjlBKie6gsocfLyEuig4sytRslvzt+tBs=
REWF8y7isH5GPMYL53xlLVJx9r6GWrpp0FfJROc5t+scQLq1nKEJ+rl+Voan3PrW8znnnifFP1xIZXAcBmTcs+Pf+DmKNXm0Ag==
3dZtOkbA2CqMMUvFP6ZSX1cy56IORq4fwKXA7cL/0Ek9BiaTr6aqdiQ/EkfpXX9jccKwun9Yc52q6Yl5rz4a8MzNAgoKhf7iQ8RSUlu4LJGnGwg7AhMLglVLZU8bbrQr
l8mZDq1GS03E58aGUTUIIbyrs5WPCeepieN3WOANSxsJmPiUtDtxKT3k9quGiTiDmUvRJBjQ07bD7x4fMQMTwNqyiAvKQEZLLrAXEooIB2bMs8M94BFuPfuwIX2ddWdQtCk=
5z4kZN6n14Rc00tG5/WcKhs214V2NQrYWhL+qZSflfRLYVOLuPgWJeApjXo99qoWC2ReNpfhSy77jfscjK0s7Gq8+JMHpxQptj19tAY=
2ZdtUtMWX9nb9JbUSLHkynWesbKis5dmNpCQfd0+HzLZH0JAXzbd6OijhEVbEAriEqIWKTxv3ZRTUStLYGiuxah5ZXpVJmJ2s/QGdm/RU84z/VOc5B3kzHJMwNPfN2yJfm1VtC4=
WKfWPuYL2ZfgJWEMNQUTi9PSxrPDZnjp7ItjtmL4rJ3BFmsCzQdOQFMuydici5ilZ3heMuaaWmnwl2nEB/nX6/wAGjU84en62b72BgccmtYTeYceh4UfXCglkJympPyzwx+YuWp1WbQi
EujbeI69Tnzq96jluRaQUlLG4MBbJiHUgnJZ44QNORkVEnDK38jzLUq5yYmPLhrArB3CeqoVflKjlBKie6gsocfLyEuig4sytRslvzt+tBs=
REWF8y7isH5GPMYL53xlLVJx9r6GWrpp0FfJROc5t+scQLq1nKEJ+rl+Voan3PrW8znnnifFP1xIZXAcBmTcs+Pf+DmKNXm0Ag==
lZNMTuXYXOhXIOE6izm1L1Yy56IORq4fwKXA7cL/0Ek9BiaTr6aqdiQ/EkfpXX9jccKwun9Yc52q6Yl5rz4a8MzNAgoKhf7iQ8RSUlu4LJGnGwg7AhMLglVLZU8bbrQr
5z4kZN6n14Rc00tG5/WcKhs214V2NQrYWhL+qZSflfRLYVOLuPgWJeApjXo99qoWC2ReNpfhSy77jfscjK0s7Gq8+JMHpxQptj19tAY=
D5r+hZK/NrB+gX+A/OSmlGDpzUTi+WJJYM75mCxrKCX3mI5ytnpKaeC3uYRXWUdrjKDqdUzBGfqpngbGd7xqVoPZV97XpQ9cOEVAXPbEbDNzfyh5WhVptBI=
EEcNF0nvneVZBHzpxdLq9NPSxrPDZnjp7ItjtmL4rJ3CFmsCzQdOQFMuydici5ilZ3heMuaaWmnwl2nEB/nX6/wAGjU84en62b72BgccmtYTeYceh4UfXCglkJympPyzwx+YuWp1WbQi
EujbeI69Tnzq96jluRaQUlLG4MBbJiHUgnJZ44QNORkVEnDK38jzLUq5yYmPLhrArB3CeqoVflKjlBKie6gsocfLyEuig4sytRslvzt+tBs=
REWF8y7isH5GPMYL53xlLVJx9r6GWrpp0FfJROc5t+scQLq1nKEJ+rl+Voan3PrW8znnnifFP1xIZXAcBmTcs+Pf+DmKNXm0Ag==
W+PAdUT8YmUmZmlhTZhZzHGwgAClvh8mEb6qhyZ2PGHm25Z/tikKL6qzuYRXWUdrjKDqdUzBGfqpngbGd7xqVoPZV97XpQ9cOEVAXPbEbDNzfyh5WhVptBI=
J0RJ0z+ywkbJEEirm9ONS2aG33mUvFmaxatC0LzqOxfTNnCHxp2LGn1ZBE7QzP26/DU0shDluaanXlTEwqe01foxaVHfBhr43NUi4jr9viqTnDL6qwCsGTeDqFOy68vKBZOFZ2tWtCM=
tW8pE8k51kcLUcK4ObyN2Wf7303AvvRdOjEKNJZcAAwFbI///bxlZztspphXrpLpf2UVIPkkiKzE8DJVJPHh+tGu7uYvbKIWyynvvn81l9yg1Sj8DnQk87svcJlyZVG0Kg==
L/amo8Y25nk8ukFPfIMAx3j221r053RZIIv8mSxqYTL43N44vz4Kaef1vcBBVEBsjKDqdUzBGfqpngbGd7xqVoPZV97XpQ9cOEVAXPbEbDNzfyh5WhVptBI=
AmY9Ix3EmPduA96BfFmhc1o47Mk0EPX6WMl1cTdoK4ACPG604H0m5cu6ezpsTv0oiAbBDT323aEdfGqBCvQcUO6jEaviMbAxe7QA
JzGUT+LISBF8MeP3RvJWrHKwgAClvh8mEb6qhyZ2PGHm25Z/tikKL6qzuYRXWUdrjKDqdUzBGfqpngbGd7xqVoPZV97XpQ9cOEVAXPbEbDNzfyh5WhVptBI=
fWh72mKjtpA/AuOsOnDEy2aG33mUvFmaxatC0LzqOxfQNnCHxp2LGn1ZBE7QzP26/DU0shDluaanXlTEwqe01foxaVHfBhr43NUi4jr9viqTnDL6qwCsGTeDqFOy68vKBZOFZ2tWtCM=
6b8dcyNjVtyl2Q4Yml73bmf73E3AvvRdOjEKNJZcAAwFbI///bxlZztspphXrpLpf2UVIPkkiKzE8DJVJPHh+tGu7uYvbKIWyynvvn81l9yg1Sj8DnQk87svcJlyZVG0Kg==
L/amo8Y25nk8ukFPfIMAx3j221r053RZIIv8mSxqYTL43N44vz4Kaef1vcBBVEBsjKDqdUzBGfqpngbGd7xqVoPZV97XpQ9cOEVAXPbEbDNzfyh5WhVptBI=
AmY9Ix3EmPduA96BfFmhc1o47Mk0EPX6WMl1cTdoK4ACPG604H0m5cu6ezpsTv0oiAbBDT323aEdfGqBCvQcUO6jEaviMbAxe7QA
GrhJGPanKhgLcLAdB2K4WteyMxA91oq+LxIV0ur1Zimjz0pvZgvtVOMxm8vwCH4F+FmVeiUGsjbjFJb23zHjjgMdQ5z0PZSMguywU0+XPEmuDWW0Hg==
PzvGMkMn9wCiGlpAt6N91Eu062ufJd1QyGS7MmOr9ish91tkWhbA/9p0rg+ONH+mWnwPQowXS0kwJQY52/TJyQ2BL3S0DQ==
xPLyyTgi/Hcy2CwkctnOc3XD/eBgeKbDQR8rnFrusBe6nP7XzuwvDvrUv/oMr/vhkI3WYRusGaHt6d8MtHU=
KcFaT9DFoCHvn9VsXKbuuxeWkDdynZlV59qaLPTZ8kaiAZ4eW/CCPtMcbI3fz7i36lcrvg2/9ePTCrR3
Zuy8v6gZ4vWj35LIf6lCZBeWkDdom5lJ/9uaLPTD9Ea+GZ8eW/CCPtMcbI3fz7i36lcrvg2/9ePTCrR3
S2qwyZfQ4Ddt6rw+oXjhBmxlPxK+NDC28A8JxXdfGtCMN4Sq1v3/wgMk0vKb2Cyx5/uIm8JzC6IVq+Xv2w60Cw==
b22BQ9Q2/bRlPjf2gQLledeyMxA91oq+LxIV0ur1Zimjz0pvZgvtVOMxm8vwEngF5EGUeiUGqDDjCI733zHjjgMdQ5z0PZSMguywU0+XPEmuDWW0Hg==
/zsrGs9ARmdyL7jVPbDcigcNP4d57mDO5+QTWZjjeTEPo5pUBLsUPk5hX2ariGJGI2Ts9S+3WM8aL+vG/ccVmyNytA8=
zFxvRdiRNF+dGdkhICb2fwGWkCpom5lJ/9uaLPTD9Ea+GZ8eW/CCPtMcbI3fz7i36lcrvg2/9ePTCrR3
Zuy8v6gZ4vWj35LIf6lCZBeWkDdom5lJ/9uaLPTD9Ea+GZ8eW/CCPtMcbI3fz7i36lcrvg2/9ePTCrR3
cc0me8+YmFay67G5RF5u/ReWkDdom5lJ/9uaLPXD9Ea+GZ8eW/CCPtMcbI3fz7i36lcrvg2/9ePTCrR3
T2nDN5KfZlTXD2IlQzfCY2xlPxK+NDC28A8JxXdfGtCNN4Sq1v3/wgMk0vKb2Cyx5/uIm8JzC6IVq+Xv2w60Cw==
06LmKkopNn+1a2BcH7Blj9eyMxA91oq+LxIV0ur1Zimjz0pvZgvtVOMxm8vwEngF5EGUeiUHqDDjCI733zHjjgMdQ5z0PZSMguywU0+XPEmuDWW0Hg==
MjOJQzmpknrimhsNoo1FUgcNP4d57mDO5+QTWZjjeTEPo5pUBbsUPk5hX2ariGJGI2Ts9S+3WM8aL+vG/ccVmyNytA8=
Nyi2GvMTpmH2lQ4cdqymswGWkCpom5lJ/9uaLPXD9Ea+GZ8eW/CCPtMcbI3fz7i36lcrvg2/9ePTCrR3
cc0me8+YmFay67G5RF5u/ReWkDdom5lJ/9uaLPXD9Ea+GZ8eW/CCPtMcbI3fz7i36lcrvg2/9ePTCrR3
Nyi2GvMTpmH2lQ4cdqymswGWkCpom5lJ/9uaLPXD9Ea+GZ8eW/CCPtMcbI3fz7i36lcrvg2/9ePTCrR3
cc0me8+YmFay67G5RF5u/ReWkDdom5lJ/9uaLPXD9Ea+GZ8eW/CCPtMcbI3fz7i36lcrvg2/9ePTCrR3
Nyi2GvMTpmH2lQ4cdqymswGWkCpom5lJ/9uaLPXD9Ea+GZ8eW/CCPtMcbI3fz7i36lcrvg2/9ePTCrR3
7MmKD+DT7lrELWM/SHnq1n0pOx2/MjCr6gkJ2W9eGtCMLYKqyuX+wgMk0vKb2Cyx5/uIm8JzC6IVq+Xv2w60Cw==
qwXmB/rKKlGuzj/h6DW1HGsWx7IXWwJ7z4XtWadIz262IBCa0s1ZBQeqmlwUiTIWArEervsgwu6z7Gx9vx/4Z0rnqw6t7zWzM3q0Bw==
3dZtOkbA2CqMMUvFP6ZSX1cy56IORq4fwKXA7cL/0Ek9BiaTr6aqdiQ/EkfpXX9jccKwun9Yc52q6Yl5rz4a8MzNAgoKhf7iQ8RSUlu4LJGnGwg7AhMLglVLZU8bbrQr
l8mZDq1GS03E58aGUTUIIbyrs5WPCeepieN3WOANSxsJmPiUtDtxKT3k9quGiTiDmUvRJBjQ07bD7x4fMQMTwNqyiAvKQEZLLrAXEooIB2bMs8M94BFuPfuwIX2ddWdQtCk=
EujbeI69Tnzq96jluRaQUlLG4MBbJiHUgnJZ44QNORkVEnDK38jzLUq5yYmPLhrArB3CeqoVflKjlBKie6gsocfLyEuig4sytRslvzt+tBs=
REWF8y7isH5GPMYL53xlLVJx9r6GWrpp0FfJROc5t+scQLq1nKEJ+rl+Voan3PrW8znnnifFP1xIZXAcBmTcs+Pf+DmKNXm0Ag==
YDw+DgCPMHUSmMpSWPzYfl3jc3rylb0bdjaUpadSWULixgyrpM8E71c8OYXpG0J8pM2CnVc658LI/jlgpCatBTnmOfkhvBZZrmSY2EJDfWMmQVQJZ7Qc
24EG+MiYH3kXn50KUvmgM7yrs5WPCeepieN3WOANSxsJnfiUtDtxKT3k9quGiTiDmUvRJBjQ07bD7x4fMQMTwNqyiAvKQEZLLrAXEooIB2bMs8M94BFuPfuwIX2ddWdQtCk=
EujbeI69Tnzq96jluRaQUlLG4MBbJiHUgnJZ44QNORkVEnDK38jzLUq5yYmPLhrArB3CeqoVflKjlBKie6gsocfLyEuig4sytRslvzt+tBs=
REWF8y7isH5GPMYL53xlLVJx9r6GWrpp0FfJROc5t+scQLq1nKEJ+rl+Voan3PrW8znnnifFP1xIZXAcBmTcs+Pf+DmKNXm0Ag==
2j7VT0l4QGGiGExGENcGElzjc3rylb0bdjaUpadSWULixgyrpM8E71c8OYXpG0J8pM2CnVc658LI/jlgpCatBTnmOfkhvBZZrmSY2EJDfWMmQVQJZ7Qc
3f5HZYdxZdLMgYoqL6FSfryrs5WPCeepieN3WOANSxsJn/iUtDtxKT3k9quGiTiDmUvRJBjQ07bD7x4fMQMTwNqyiAvKQEZLLrAXEooIB2bMs8M94BFuPfuwIX2ddWdQtCk=
EujbeI69Tnzq96jluRaQUlLG4MBbJiHUgnJZ44QNORkVEnDK38jzLUq5yYmPLhrArB3CeqoVflKjlBKie6gsocfLyEuig4sytRslvzt+tBs=
3jyI0QGK1jRg6RFi4gFMbX0pOx2/MjCr6gkJ2W9eGtCOLYKqyuX+wgMk0vKb2Cyx5/uIm8JzC6IVq+Xv2w60Cw==
hpCYou6fOrefwR3E2XA2nWsWx7IXWwJ7z4XtWadIz262IBCa0s1ZBQeqmlwWiTIWArEervsgwu6z7Gx9vx/4Z0rnqw6t7zWzM3q0Bw==
9hN0qAs9esjyk2Hb69sBXVcy56IORq4fwKXA7cL/0Ek9BiaTr6aqdiQ/EkfpXX9jccKwun9Yc52q6Yl5rz4a8M7NAgoKhf7iQ8RSUlu4LJGnGwg7AhMLglVLZU8bbrQr
WgKhQxz7QoqghL0YA8Xs+ryrs5WPCeepieN3WOANSxsJmviUtDtxKT3k9quGiTiDmUvRJBjQ07bD7x4fMQMTwNqyigvKQEZLLrAXEooIB2bMs8M94BFuPfuwIX2ddWdQtCk=
YtSYcn67fNduZTS+UrqFX1LG4MBbJiHUgnJZ44QNORkVEnDK38jzLUq5yYmPLhrArh3CeqoVflKjlBKie6gsocfLyEuig4sytRslvzt+tBs=
l2JQJeqCA9RYkyA6fTas71Jx9r6GWrpp0FfJROc5t+scQLq1nKEJ+rl8Voan3PrW8znnnifFP1xIZXAcBmTcs+Pf+DmKNXm0Ag==
KrF3GkduhNTMs/HFVpZ+7V3jc3rylb0bdjaUpadSWULixgyrpM8E71c8OYXpG0J8pM2CnVc658DI/jlgpCatBTnmOfkhvBZZrmSY2EJDfWMmQVQJZ7Qc
WNJ1R/3gJ5Zfr+T1VQUVJryrs5WPCeepieN0WOANSxsJnPiUtDtxKT3k9quGiTiDmUvRJBjQ07bD7x4fMQMTwNqyigvKQEZLLrAXEooIB2bMs8M94BFuPfuwIX2ddWdQtCk=
YtSYcn67fNduZTS+UrqFX1LG4MBbJiHUgnJZ44QNORkVEnDK38jzLUq5yYmPLhrArh3CeqoVflKjlBKie6gsocfLyEuig4sytRslvzt+tBs=
l2JQJeqCA9RYkyA6fTas71Jx9r6GWrpp0FfJROc5t+scQLq1nKEJ+rl8Voan3PrW8znnnifFP1xIZXAcBmTcs+Pf+DmKNXm0Ag==
gF9rboA5+mE5nu6/ZAWot1zjc3rylb0bdjaUpadSWULixgyrpM8E71c8OYXpG0J8pM2CnVc658DI/jlgpCatBTnmOfkhvBZZrmSY2EJDfWMmQVQJZ7Qc
zr2Fc0aAN48y/jaD5Xt/wbyrs5WPCeepieN0WOANSxsJn/iUtDtxKT3k9quGiTiDmUvRJBjQ07bD7x4fMQMTwNqyigvKQEZLLrAXEooIB2bMs8M94BFuPfuwIX2ddWdQtCk=
YtSYcn67fNduZTS+UrqFX1LG4MBbJiHUgnJZ44QNORkVEnDK38jzLUq5yYmPLhrArh3CeqoVflKjlBKie6gsocfLyEuig4sytRslvzt+tBs=
duPMr3O0bEMQnajt1UIfMX0pOx2/MjCr6gkJ2W9eGtCNLYKqyuX+wgMk0vKb2Cyx5/uIm8JzC6IVq+Xv2w60Cw==
bzWAfWZpi6RfcJnn0jDbA2sWx7IXWwJ7z4XtWadIz262IBCa0s1ZBQeqmlwViTIWArEervsgwu6z7Gx9vx/4Z0rnqw6t7zWzM3q0Bw==
t3jGzcNGjTkGYWa/y12uZVcy56IORq4fwKXA7cL/0Ek9BiaTr6aqdiQ/EkfpXX9jccKwun9Yc52q6Yl5rz4a8M3NAgoKhf7iQ8RSUlu4LJGnGwg7AhMLglVLZU8bbrQr
Pf0SJPKWgHks0r4EgXleWbyrs5WPCeepieN3WOANSxsJm/iUtDtxKT3k9quGiTiDmUvRJBjQ07bD7x4fMQMTwNqyiQvKQEZLLrAXEooIB2bMs8M94BFuPfuwIX2ddWdQtCk=
fCk25qa/yNvoJdtAZIy+G1LG4MBbJiHUgnJZ44QNORkVEnDK38jzLUq5yYmPLhrArR3CeqoVflKjlBKie6gsocfLyEuig4sytRslvzt+tBs=
9P8yUUOL0QW7Zw7/NjGy51Jx9r6GWrpp0FfJROc5t+scQLq1nKEJ+rl/Voan3PrW8znnnifFP1xIZXAcBmTcs+Pf+DmKNXm0Ag==
k05bOmXGMiSCWJrOUQ1lkF3jc3rylb0bdjaUpadSWULixgyrpM8E71c8OYXpG0J8pM2CnVc658PI/jlgpCatBTnmOfkhvBZZrmSY2EJDfWMmQVQJZ7Qc
rrZaMocUzJugDA6XHScxBLyrs5WPCeepieN0WOANSxsJnfiUtDtxKT3k9quGiTiDmUvRJBjQ07bD7x4fMQMTwNqyiQvKQEZLLrAXEooIB2bMs8M94BFuPfuwIX2ddWdQtCk=
fCk25qa/yNvoJdtAZIy+G1LG4MBbJiHUgnJZ44QNORkVEnDK38jzLUq5yYmPLhrArR3CeqoVflKjlBKie6gsocfLyEuig4sytRslvzt+tBs=
9P8yUUOL0QW7Zw7/NjGy51Jx9r6GWrpp0FfJROc5t+scQLq1nKEJ+rl/Voan3PrW8znnnifFP1xIZXAcBmTcs+Pf+DmKNXm0Ag==
8oCz4wpqOTWdBQRXLDx1sVzjc3rylb0bdjaUpadSWULixgyrpM8E71c8OYXpG0J8pM2CnVc658PI/jlgpCatBTnmOfkhvBZZrmSY2EJDfWMmQVQJZ7Qc
LKiODXUTEAYRBPeCLnLvk7yrs5WPCeepieN3WOANSxsJnPiUtDtxKT3k9quGiTiDmUvRJBjQ07bD7x4fMQMTwNqyiQvKQEZLLrAXEooIB2bMs8M94BFuPfuwIX2ddWdQtCk=
fCk25qa/yNvoJdtAZIy+G1LG4MBbJiHUgnJZ44QNORkVEnDK38jzLUq5yYmPLhrArR3CeqoVflKjlBKie6gsocfLyEuig4sytRslvzt+tBs=
REWF8y7isH5GPMYL53xlLVJx9r6GWrpp0FfJROc5t+scQLq1nKEJ+rl+Voan3PrW8znnnifFP1xIZXAcBmTcs+Pf+DmKNXm0Ag==
j51uWC0nKG7x0zfGtm/dZHce2/sITBN6gJK/D+lGwGa3LFOR0s1ZBQeqmlwUiTIWArEervsgwu6z7Gx9vx/4Z0rnqw6t7zWzM3q0Bw==
C/tSUPjnUC+iMOea0aM5lHD201r853xIcoX4hD5tKS+2m9dp8y0WYPu3uYRXWUdrjKDqdUzBGfqpngbGd7xqVoPZV97XpQ9cOEVAXPbEbDNzfyh5WhVptBI=
KiIgNKTFbmajy5/snPZovHD201r853xNcoX4hD5tKS+2m9dp8y0WYPu3uYRXWUdrjKDqdUzBGfqpngbGd7xqVoPZV97XpQ9cOEVAXPbEbDNzfyh5WhVptBI=
9P8yUUOL0QW7Zw7/NjGy51Jx9r6GWrpp0FfJROc5t+scQLq1nKEJ+rl/Voan3PrW8znnnifFP1xIZXAcBmTcs+Pf+DmKNXm0Ag==
d3dwV7j0dFcCHyYPfOJ+PXce2/sITBN6gJK/D+lGwGa3LFOR0s1ZBQeqmlwViTIWArEervsgwu6z7Gx9vx/4Z0rnqw6t7zWzM3q0Bw==
C3gtUemTYC3ugW05j0O0vHD201r853xLcoX4hD5tKS+2m9dp8y0WYPu3uYRXWUdrjKDqdUzBGfqpnwbGd7xqVoPZV97XpQ9cOEVAXPbEbDNzfyh5WhVptBI=
w/hpdrCXXiey6OBZj8QK7XD201r853xNcoX4hD5tKS+2m9dp8y0WYPu3uYRXWUdrjKDqdUzBGfqpnwbGd7xqVoPZV97XpQ9cOEVAXPbEbDNzfyh5WhVptBI=
F0SsRGIYiIXR+mvnglHa7XD201r853xMcoX4hD5tKS+2m9dp8y0WYPu3uYRXWUdrjKDqdUzBGfqpnwbGd7xqVoPZV97XpQ9cOEVAXPbEbDNzfyh5WhVptBI=
l2JQJeqCA9RYkyA6fTas71Jx9r6GWrpp0FfJROc5t+scQLq1nKEJ+rl8Voan3PrW8znnnifFP1xIZXAcBmTcs+Pf+DmKNXm0Ag==
NUAImTl06QuWDrC9Xte9AXce2/sITBN6gJK/D+lGwGa3LFOR0s1ZBQeqmlwWiTIWArEervsgwu6z7Gx9vx/4Z0rnqw6t7zWzM3q0Bw==
aVHLzSBnF970l03/pKMB9nD201r853xKcoX4hD5tKS+2m9dp8y0WYPu3uYRXWUdrjKDqdUzBGfqpnAbGd7xqVoPZV97XpQ9cOEVAXPbEbDNzfyh5WhVptBI=
q3C8kTUYZxhOG13xanHeNHD201r853xMcoX4hD5tKS+2m9dp8y0WYPu3uYRXWUdrjKDqdUzBGfqpnAbGd7xqVoPZV97XpQ9cOEVAXPbEbDNzfyh5WhVptBI=
j+UfoxnswR6wIU1nsTOSRvctNglVOD0TPI8UR9ypi1QRI7M1QvbE406zandPkbNOUz1znARdREzSDCDT//fMCZ4tdbQO
2VTsDEZw6V+oV17o4yIkN/ctNglVOD0TPIsWSdypi1QRI7M1QvbE406zandPkbNOUz1znARdREzSDCDT//fMCZ4tdbQO
8pW8ncl875HnQkGmBGusTeX9Hq/Nsaz9g3TBlanJ5g9A5+6b7fwtbj6ojQ1xNQWrCeFqGLfq5g4veCQvZfjcg8IoQ84lEUM6eRzQewsV2IZhieUeJXGBh/zW6oAdCl18XYC0CucPtEpHupY3L1Y7Yw3O8rsz11NRIyT1A9w3Q9pzbPIKS/Cs6ddzaKNSG0s65WNFl4umtNM=
3N8FE6kMk0Z3nzIESDAo29G70I+EsA6KxURPr7Y22NeUzQh2D/EfrTqQ13IKqEeGzNMDnWDxLh370OHdHZUncLQJ
UTDzFX2BEE+3vvtj6V7pm5tYPfnBkJTgpMbEyIDU3lWlrx72h6NMM0bMsiEd3ycl6LiXEI7J+8c6eslNHMzoiO+yA7OEUAn39EG116jB0JLz9nMXCyVje21gMaVGBO25Lxq0tefTjLuTtvDhLnNmLSHJEDYWG6U1oQbR6Zk8bkmGxAAoSoP1M14h/Lm/tMQ=
Nn38zvkU27+dr/a2ZEIRLCld1vo8sT8wEDoMD3CO6dQUHX2Wli7e34zSDVJ/wTfc/9gnCuow1w5MW5MFAAle1bsY0eU9jTd4tAE=
HVHcFKjPQOaaccFkCQkaoJyzTw1KpHa8NZdfPKyFLM6+mdZMJwQ87vO+ipIeRCnpyy1xpKqO52G9GRFlQwDo1E201QNUR4eDlRVfhuso4ibjROzV79fYb1rP66Y9Z5V7Y1K0Lw==
iUwQEBj0Ftw+J09d2euLrTHe5PvT8cM9bd3TNrhiRmGEUl4WDWXH+KO1gUJbRB/lHPVaIXV43ZNcSzZJPGnr1LFjUzUiNmRjrvMKd2/RU84z/VOc5B3kzHJMwNPfN2yJfm1VtC4=
5Miifu3iGg+ZV8nUPeTi3Sy9lQathGIWMZ3jiGd9LSL3zJt1uC0GYamguYNYQ1pp0KGvZFXbL7XejgDTartmV4PZV97XpQ9cOEVAXPbEbDNzfyh5WhVptBI=
XgwyJhVe/N+utk2kOxUvTMkSiGRQhmA3s5FmFjWV/5iLRUkCE5S3hYRlwqHt6EUzNJv+CXRZA/TJU6s1WgacQ8bDwrcngbtuq23LHHyNfCzaHAgTl0dEaUYdbbQW
Ge82x0voNoJjIrUHpbnVfuAhp0FhtEEthJFmFjWV/5iLRUkCE5S3hYRlwqHt6EUzNJv+CXRZA/TJU6s1WgacQ8bDwrcngbtuq23LHHyNfCzaHAgTl0dEaUYdbbQW
JC1I/kRWrNgPLIOppvyrYvrAoBn2jzM/4JazGXkAHcm/smU4IR0iiWTBSwTja+I3iLmCFVUsDx/t9RxKWpuQjzSHUa1tNo2B7XNaYVo0zDB+I2FLUnFAEWu0EA==
ohWbIvmrSdt50Rbs8zip31A/hsxtcXzVZ+wELq8m/ij5dT8IMkEWd8W9sk7wzlX39K25JgZUt+xXu1mNX275LdMrcwJmz8zwrptH82ia6OMeEZzE6hNV15FcEKHckPFHfOFtB4DB+EIrVvun8+U7a2WACdXuhAUJVzq8pb+TNEsb1qgxxnMOffkpmEau230lqSYpWfGzxrm+pAg4ksONg9aBpOmXtOw=
WktC5K0uw4THVXovtvXj/Cld1vs8sT8wEDoMD3CO6dQUHX2Wli7e34zSDVJ/wTfc/9gnCuow1w5DW5MFAAle1bsY0eU9jTd4tAE=
wqB11NJT3bX/S0pkWocF5ch6o6hnuKqpwATC5ywZJS9gcwSNZIgMaF03Of9P9SuViWPmKCPBMtGUWlqWFdk2+l5cY+3hPJuizhvRsF6631mTrXO0wmL+byCu7E1euVBBUPuW5KuiB8lQ+iewwGLPXQ/M22PD7zmDDGHV19mXKEQqfPNa5UUcu1VttEpgjDBzs7sHBBbtaiDHa9p5OwvGQb5Ofc5di8VVjSdj2J+5COTjZYEieikJowLnvQ6+/UCzCLFv8b5qGGtLKW++/zUX0yDVqPyOdKTzOy/wmfJl0bSq
bCAUbSMQgiO6fxyjQqkoNE6Snp7Dn5E0LaTSxDhaaqOpGpChThMggbRxt4InLN8Ht6R77As2hVCJEcGNU2WYvvKGwEfRO8pn8Xrc81RwKSJfwMB3lEkXmVRXMeNH78HReRVgLiSAQdlwrDxN7EDNnl5I91Z5rhuV+05LRAm35EveEP6A4/sTPMdf5g0i38PCCfSwY1udmL7RIcVGtTmB/wy+ChjNAp3EbagU0vfHNLI3UvYvf957W71m0uOjn1Mp00wVmww/g2JDRFLSWzgjEaebCLsCkwsCVctlzxvutKs=
wDkWxz8wxFM7NOfMh8QvkP3gzraD0paY4cp1QPCS2PdmnJlFITn0ovODfCe1+rZS/UrHdXkvo3UIbkDPrPhBfzO3ZXw3N2jPcLrHMGCir10vjDDmZC9ZgywhNVd5V0hEyjxT2oWFPLu1LRTKAEwQc1P7p4R2LUogJyt6+VvL5kGejh1O/cslVa3nA1g/+ejkw6Xhotpp6aMiJ92OHr2gs2hxz3FeKjhrK+nPPh91N9NAFQh8bjSE81vvUBkSJfG0ig==
/JCPQ8kZKPB7kGo2cjeA3sXSv8VuqDuJe64HyrCl1qvIBgA9U3j/N341kUrzk7UpRQXYMRdEVtwdkNhFYkNk8pJrCbKoWt/OJLZmp0x9BYSIPi/JJ1ezhhXPBbbKVhbkNZA7qbqO7Jrnv60NEpmMeeSFHqQh5vXM7s27IDJIfqMfrP0pNsOQQSgTx7fRqlwa09iklezOaLPOD6ca7A546t1YFCotnnK98T2K9bSKwWc7Db/SIGJhOx+ES6IMv5V0XpbQY/UV1zGUODOuLGbQJdVRCsnAtge+e8W3KiQS4dxMFBB15v5QCNWnPFYSeJ3ko/ww5F8RXXHvPllnP3bLWcwfWroPBXP1uI5Qj1xYEX9jF5U8J9fYT6Cat/Dx1pBDXyyiqVfPCQPcASWXyTeYRJrc45qVpUw7ZU0kCpDs4HNjGzfEhg0aoJdLajkrazZBTi5tju2rldX9x/MYrxnY5DMFcWLqCTkjUgfNzq5d8LO4EX+xTgrI63sJ/36P1UfTcHWYvB4UVHPrD0BZ4oWhtNo=
K6L9J2PXTwBAY8JLJS7Guqo9pxtdZByKd1Un1BDgcbTR2HUl0bpsHig+kegBjXiN/gxHNmuiUFSyGYV/h54pjjRNl6wLWlGTf66WGWSRawU7RkRN9OCdVgkIbvhtospT4IV0gApELTsAZyJ6zTqh+38vGYEvsVDwWK6Eow98/AseDZPKViINV627WdUB8LvYrF8a1tKrgd3Qk5vjbcAmNfiruqgCK+7sUDnFrI9dGR0sosee51BmsRz6s5IGzD51KSaEyyxPB1S7POkpakTi5aATZZAbRR0xaDzWFueQ1j0k8sx5Du9x5/BbMMhVK3p7Hr4ERtYfkA4vhrkifB47hqA46ZllBR7u69htxRznA9Xekv/mnRqolkmj5w14UEyooMOTqvYd7RaBwvsBM3L74BF7ZL+2jK6EW1czaE8jFmn60wN2ISggpyNx+KqZnfViLXWBi+Si2pz1Lj0QZVRkNq9LdIafDuZrh7Kbz3VaYke7U9Pdu9BFn7STozbLOKK2gzTjpY9HmH96f2sWHXdV64OitN8=
qwWYG1ZRadSfFbb9PGlfWGZpaBfsBcG4zYVQDfrp72tqhC5X3WDx56BO+mJFJeTYQNPebmLLLoegeVQ45Rsae2SBZLdf5Xgmn3jEWTI353mHNwENGOakp68wMv0C2ASycH8KEbMEPlJpETFb1bbTY5MubJoghAOcHfHsImoqgfN7FRT1urlS6Zg896qT/Ojh7XiUxMjDqWDbMSDvVvFOn1Fvl8ZqGuW04k16Qg4DCCOxAsrCzopr1LJye7J0jZdxXG0y5nenDWG5yvYuB4uZKB36KrOjFGhadvtjuREB8jQldmoKZqVjPUwR1rphjr1pIbKC3te8ehg2LbBS1riz6+pOFBSrJBWQtnyJXTtB6RIPP5n6fTl603yiGSm1Rd4CxlcaNCd/VXvT5LFbvv9mtqHo1xomI+mgBPEB4w8zuk3zD09bLoSssOWCQ+kqi+PhclK24NYTVdeRXBCh3JDxR3zhbQeAwfhCK1b7p/PlO2tlgAnV7oQFCVc6vKW/kzRLG9aoMcZzDn35KZhGrtt9JakmKVnxs8a5vqQIOJLDjYPWgaTpl7Ts
xFZyUfZATaiXaxIUHNkLOo3I6O7gGZlDZugHn4ERMjTg4w+2zFvrfmwypnGq1cgIS9EosKqt5sBtPIGV6Xz4omixNUcUtYeXkDMsOOZd5S4PMuNSv+m2+2kSfOk3exDD9DW7SVNyRHGMpG36gZyOJDXG2l/I8bR8ssCd18gzAmbVHvE3l5uZPdd1INxQuuT/15hsh7b507ZuJj075W/5SZlUa5TEaxrqqu9xcVgHez81pDY50N96VLqvXgCYbeWwl3lJ0cQWRyIflBadFO7Tzt4orvmB0sS3FEs3OPPoSbXy4DKpyCdlrGMB7Z3gqDbKv/TGMQyGDIW2a8ELOA8Q1E0PKrf2CoT6LtvgIieS2X6k+qsKCMyp5V0BLoKjDM1ZhEPTmbam/9rlXlg6wTcH0SA0XKSIt1NWTpld+kmW2x0rVqss+c/kA05I3qhTQ1M0l8eG5VInQwoZLBDLa6VYNgE5JS5FQYG3nOYqMH263cw9MHQ6hz+0eieKVodP5rvTbX4yi1PnU2FDFDWzvIfDahPcMjorwKPZt0OoEzKry4qF04Wn65a04w==
xFZyUfZATaiXaxIUHNkLOo3I6O7gGZlDZugHn4ERMjTg4w+2zFvrfmwypnGq1cgIS9EosKqt5sBtPIGV6Xz4omixNUcUtYeXkDMsOOZd5S4PMuNSv+m2+2kSfOk3exDD9DW7SVNyRHGMpG36gZyOJDXG2l/I8bR8ssCd18gzAmbVHvE3l5uZPdd1INxQuuT/15hsh7b507ZuJj075W/5SZlUa5TEaxrqqu9xcVgHez81pDY50N96VLqvXgCYbeWwl3lJ0cQWRyIflBadFO7Tzt4orvmB0sS3FEs3OPPoSbXy4DKpyCdlrGMB7Z3gqDbKv/TGMQyGDIW2a8ELOA8Q1E0PKrf2CoT6LtvgIieS2X6k+qsKCMyp5V0BLoKjDM1ZhEPTmbam/9rlXlg6wTcH0SA0XKSIt1NWTpld+kmW2x0rVqss+c/kA05I3qhTQ1M0l8eG5VInQwoZLBDLa6VYNgE5JS5FQYG3nOYqMH263cw9MHQ6hz+0eieKVodP5rvTbX4yi1PnU2FDFDWzvIfDahPcMjorwKPZt0OoEzKry4qF04Wn65a04w==
vDhVLwOsK/RYcHX6LaFb+rJjNC3i6qW5sIy7MbZHSRotcOwfdD6peaA8PmnXj6ms+pYEQqGsVKII/SH/Dmh2DJjnK8IbqieLMBTjM6LnFQAPhh2TA5Fr5d7jpfPEx2AGNSRF1r7CCbTSUdzrVKr+gmVprJmS4EmMWVkjYdlL+5c4wlSwlNkrqiRJYqNzIOKkhcVBBSmPxQaDurBRGtzGzakvHM3LWYlWvrdERRoCdm0mPnxH9baLa2E/8GyH1LP2jgOQZCNooppmt9UI5KEYSQ9G1wIZ8y4yWgc8neUaj6O1QyTiBiyDhs4/GJzsU/opObVcpYBS0Z2C2ULwxIwCOfg8I5ipWFjI48Tclglz0YOWfAdmHZ/YETu3wpz/7Il8gGSF/be3nMbUKhwtMwCCWyXErbzLGzdEg8LNtST14ipGNtfJo5LrdU6rBv1jHBUuKLVPTwhw3etNgLH7AQFwRHLuufDtKgFCfDSTJVSsa8iuOStMK1Xx7Jrl5x0TF2/2La24jbNM7+569P+aA087wRDtlsEbTNmBbYmfrLTV
QG8A2izs26iJLPsRjvA3F51V23Bq2Cejqn0Lnd7i/B2+f5H78Tth1Bw77frLsBL6att163BontnCk0B10ATEL/BjZEOWZTuR0ZF7l//XXbwGN5ukg1D4HT9cxaPHzwh12c0z1cHXdQd4MADqcS9M7nSCLBWzOLLzjuj9JIsDZ6zjKr1NJA2Swibeh9HjCrtd7gM2xeMkJYaInZ/XyGgNg63oQYMBeYAskoZp6C2y0WrcnKMd1JRbYA4Re9RrTaEE+g2X5RPvHx5NReiV89S/xtpcz6KDdwtpsMVGWdtUCemN4W/UtK0=
rFCLPBNakNtlXWL9oK3hnZ1V23Bq2Cejqn0Lnd7i/B2+f5H78Tth1Bw77frLsBL6att163BontnFkUB10ATEL/BjZUOWZTuR0ZF7l//XXbwGN5ukg1D4HT9cxaPHzwh12c0z1cHXdQd4MADqcS9M7nSCLBWzOLLzjuj9JIsDZ6zjKr1NJA2Swibeh9HjCrtd7gM2xeMkJYaInZ/XyGgNg63oQYMBeYAskoZp6C2y0WrcnKMd1JRbYA4Re9RrTaEE+g2X5RPvHx5NReiV89S/xtpcz6KDdwtpsMVGWdtUCemN4W/UtK0=
cMQ6GbvGt86dZRDoOmH6m51V23Bq2Cejqn0Lnd7i/B2+f5H78Tth1Bw77frLsBL6att163BontnCk0B10ATEL/BjakOWZTuR0ZF7l//XXbwGN5ukg1D4HT9cxaPHzwh12c0z1cHXdQd4MADqcS9M7nSCLBWzOLLzjuj9JIsDZ6zjKr1NJA2Swibeh9HjCrtd7gM2xeMkJYaInZ/XyGgNg63oQYMBeYAskoZp6C2y0WrcnKMd1JRbYA4Re9RrTaEE+g2X5RPvHx5NReiV89S/xtpcz6KDdwtpsMVGWdtUCemN4W/UtK0=
IRX9O4DWoThwR9zZFwRZ9Z1V23Bq2Cejqn0Lnd7i/B2+f5H78Tth1Bw77frLsBL6att163BontnFkUB10ATEL/Bja0OWZTuR0ZF7l//XXbwGN5ukg1D4HT9cxaPHzwh12c0z1cHXdQd4MADqcS9M7nSCLBWzOLLzjuj9JIsDZ6zjKr1NJA2Swibeh9HjCrtd7gM2xeMkJYaInZ/XyGgNg63oQYMBeYAskoZp6C2y0WrcnKMd1JRbYA4Re9RrTaEE+g2X5RPvHx5NReiV89S/xtpcz6KDdwtpsMVGWdtUCemN4W/UtK0=
1hoziM55XyUDWn/yPZsF6J1V23Bq2Cejqn0Lnd7i/B2+f5H78Tth1Bw77frLsBL6att163BontnCk0B10ATEL/BjaEOWZTuR0ZF7l//XXbwGN5ukg1D4HT9cxaPHzwh12c0z1cHXdQd4MADqcS9M7nSCLBWzOLLzjuj9JIsDZ6zjKr1NJA2Swibeh9HjCrtd7gM2xeMkJYaInZ/XyGgNg63oQYMBeYAskoZp6C2y0WrcnKMd1JRbYA4Re9RrTaEE+g2X5RPvHx5NReiV89S/xtpcz6KDdwtpsMVGWdtUCemN4W/UtK0=
yQ5atEz4517+NJ6qssyTh51V23Bq2Cejqn0Lnd7i/B2+f5H78Tth1Bw77frLsBL6att163BontnFkUB10ATEL/BjaUOWZTuR0ZF7l//XXbwGN5ukg1D4HT9cxaPHzwh12c0z1cHXdQd4MADqcS9M7nSCLBWzOLLzjuj9JIsDZ6zjKr1NJA2Swibeh9HjCrtd7gM2xeMkJYaInZ/XyGgNg63oQYMBeYAskoZp6C2y0WrcnKMd1JRbYA4Re9RrTaEE+g2X5RPvHx5NReiV89S/xtpcz6KDdwtpsMVGWdtUCemN4W/UtK0=
yUhp51MsIAQ9/fmcSOlf7p1V23Bq2Cejqn0Lnd7i/B2+f5H78Tth1Bw77frLsBL6att163BontnCk0B10ATEL/BjbkOWZTuR0ZF7l//XXbwGN5ukg1D4HT9cxaPHzwh12c0z1cHXdQd4MADqcS9M7nSCLBWzOLLzjuj9JIsDZ6zjKr1NJA2Swibeh9HjCrtd7gM2xeMkJYaInZ/XyGgNg63oQYMBeYAskoZp6C2y0WrcnKMd1JRbYA4Re9RrTaEE+g2X5RPvHx5NReiV89S/xtpcz6KDdwtpsMVGWdtUCemN4W/UtK0=
F/LYInV01+QsCwfILkCAbZ1V23Bq2Cejqn0Lnd7i/B2+f5H78Tth1Bw77frLsBL6att163BontnFkUB10ATEL/Bjb0OWZTuR0ZF7l//XXbwGN5ukg1D4HT9cxaPHzwh12c0z1cHXdQd4MADqcS9M7nSCLBWzOLLzjuj9JIsDZ6zjKr1NJA2Swibeh9HjCrtd7gM2xeMkJYaInZ/XyGgNg63oQYMBeYAskoZp6C2y0WrcnKMd1JRbYA4Re9RrTaEE+g2X5RPvHx5NReiV89S/xtpcz6KDdwtpsMVGWdtUCemN4W/UtK0=
mYWEB3InQd9tz4q0eii1xp1V23Bq2Cejqn0Lnd7i/B2+f5H78Tth1Bw77frLsBL6att163BontnCk0B10ATEL/BjbEOWZTuR0ZF7l//XXbwGN5ukg1D4HT9cxaPHzwh12c0z1cHXdQd4MADqcS9M7nSCLBWzOLLzjuj9JIsDZ6zjKr1NJA2Swibeh9HjCrtd7gM2xeMkJYaInZ/XyGgNg63oQYMBeYAskoZp6C2y0WrcnKMd1JRbYA4Re9RrTaEE+g2X5RPvHx5NReiV89S/xtpcz6KDdwtpsMVGWdtUCemN4W/UtK0=
hF27KUr3F3ugNbwtR9PDJJ1V23Bq2Cejqn0Lnd7i/B2+f5H78Tth1Bw77frLsBL6att163BontnFkUB10ATEL/BjbUOWZTuR0ZF7l//XXbwGN5ukg1D4HT9cxaPHzwh12c0z1cHXdQd4MADqcS9M7nSCLBWzOLLzjuj9JIsDZ6zjKr1NJA2Swibeh9HjCrtd7gM2xeMkJYaInZ/XyGgNg63oQYMBeYAskoZp6C2y0WrcnKMd1JRbYA4Re9RrTaEE+g2X5RPvHx5NReiV89S/xtpcz6KDdwtpsMVGWdtUCemN4W/UtK0=
eg1FXauznsirmNMhQR0lQp1V23Bq2Cejqn0Lnd7i/B2+f5H78Tth1Bw77frLsBL6att163BontnCk0B10ATEL/BjZEKWZTuR0ZF7l//XXbwGN5ukg1D4HT9cxaPHzwh12c0z1cHXdQd4MADqcS9M7nSCLBWzOLLzjuj9JIsDZ6zjKr1NJA2Swibeh9HjCrtd7gM2xeMkJYaInZ/XyGgNg63oQYMBeYAskoZp6C2y0WrcnKMd1JRbYA4Re9RrTaEE+g2X5RPvHx5NReiV89S/xtpcz6KDdwtpsMVGWdtUCemN4W/UtK0=
0AMRChpOnmsTjGGZfLWaHp1V23Bq2Cejqn0Lnd7i/B2+f5H78Tth1Bw77frLsBL6att163BontnFkUB10ATEL/BjZUKWZTuR0ZF7l//XXbwGN5ukg1D4HT9cxaPHzwh12c0z1cHXdQd4MADqcS9M7nSCLBWzOLLzjuj9JIsDZ6zjKr1NJA2Swibeh9HjCrtd7gM2xeMkJYaInZ/XyGgNg63oQYMBeYAskoZp6C2y0WrcnKMd1JRbYA4Re9RrTaEE+g2X5RPvHx5NReiV89S/xtpcz6KDdwtpsMVGWdtUCemN4W/UtK0=
KIZtdAN3G3tJhw5/T1AHhJ1V23Bq2Cejqn0Lnd7i/B2+f5H78Tth1Bw77frLsBL6att163BontnCk0B10ATEL/BjakKWZTuR0ZF7l//XXbwGN5ukg1D4HT9cxaPHzwh12c0z1cHXdQd4MADqcS9M7nSCLBWzOLLzjuj9JIsDZ6zjKr1NJA2Swibeh9HjCrtd7gM2xeMkJYaInZ/XyGgNg63oQYMBeYAskoZp6C2y0WrcnKMd1JRbYA4Re9RrTaEE+g2X5RPvHx5NReiV89S/xtpcz6KDdwtpsMVGWdtUCemN4W/UtK0=
BNCBJIDKgiU25SeHXTd8k51V23Bq2Cejqn0Lnd7i/B2+f5H78Tth1Bw77frLsBL6att163BontnFkUB10ATEL/Bja0KWZTuR0ZF7l//XXbwGN5ukg1D4HT9cxaPHzwh12c0z1cHXdQd4MADqcS9M7nSCLBWzOLLzjuj9JIsDZ6zjKr1NJA2Swibeh9HjCrtd7gM2xeMkJYaInZ/XyGgNg63oQYMBeYAskoZp6C2y0WrcnKMd1JRbYA4Re9RrTaEE+g2X5RPvHx5NReiV89S/xtpcz6KDdwtpsMVGWdtUCemN4W/UtK0=
xP9x4I5E6hi8IVcwb17zp51V23Bq2Cejqn0Lnd7i/B2+f5H78Tth1Bw77frLsBL6att163BontnCk0B10ATEL/BjaEKWZTuR0ZF7l//XXbwGN5ukg1D4HT9cxaPHzwh12c0z1cHXdQd4MADqcS9M7nSCLBWzOLLzjuj9JIsDZ6zjKr1NJA2Swibeh9HjCrtd7gM2xeMkJYaInZ/XyGgNg63oQYMBeYAskoZp6C2y0WrcnKMd1JRbYA4Re9RrTaEE+g2X5RPvHx5NReiV89S/xtpcz6KDdwtpsMVGWdtUCemN4W/UtK0=
6NMYoGYCf8v7vTfri31L6J1V23Bq2Cejqn0Lnd7i/B2+f5H78Tth1Bw77frLsBL6att163BontnFkUB10ATEL/BjaUKWZTuR0ZF7l//XXbwGN5ukg1D4HT9cxaPHzwh12c0z1cHXdQd4MADqcS9M7nSCLBWzOLLzjuj9JIsDZ6zjKr1NJA2Swibeh9HjCrtd7gM2xeMkJYaInZ/XyGgNg63oQYMBeYAskoZp6C2y0WrcnKMd1JRbYA4Re9RrTaEE+g2X5RPvHx5NReiV89S/xtpcz6KDdwtpsMVGWdtUCemN4W/UtK0=
04TK03d7SbwDira8f3lEq51V23Bq2Cejqn0Lnd7i/B2+f5H78Tth1Bw77frLsBL6att163BontnCk0B10ATEL/BjbkKWZTuR0ZF7l//XXbwGN5ukg1D4HT9cxaPHzwh12c0z1cHXdQd4MADqcS9M7nSCLBWzOLLzjuj9JIsDZ6zjKr1NJA2Swibeh9HjCrtd7gM2xeMkJYaInZ/XyGgNg63oQYMBeYAskoZp6C2y0WrcnKMd1JRbYA4Re9RrTaEE+g2X5RPvHx5NReiV89S/xtpcz6KDdwtpsMVGWdtUCemN4W/UtK0=
OFe5vm1g3jDUn0XIWELuaJ1V23Bq2Cejqn0Lnd7i/B2+f5H78Tth1Bw77frLsBL6att163BontnFkUB10ATEL/Bjb0KWZTuR0ZF7l//XXbwGN5ukg1D4HT9cxaPHzwh12c0z1cHXdQd4MADqcS9M7nSCLBWzOLLzjuj9JIsDZ6zjKr1NJA2Swibeh9HjCrtd7gM2xeMkJYaInZ/XyGgNg63oQYMBeYAskoZp6C2y0WrcnKMd1JRbYA4Re9RrTaEE+g2X5RPvHx5NReiV89S/xtpcz6KDdwtpsMVGWdtUCemN4W/UtK0=
jHLW96DoxZLCGuYKRFfwLJ1V23Bq2Cejqn0Lnd7i/B2+f5H78Tth1Bw77frLsBL6att163BontnCk0B10ATEL/BjbEKWZTuR0ZF7l//XXbwGN5ukg1D4HT9cxaPHzwh12c0z1cHXdQd4MADqcS9M7nSCLBWzOLLzjuj9JIsDZ6zjKr1NJA2Swibeh9HjCrtd7gM2xeMkJYaInZ/XyGgNg63oQYMBeYAskoZp6C2y0WrcnKMd1JRbYA4Re9RrTaEE+g2X5RPvHx5NReiV89S/xtpcz6KDdwtpsMVGWdtUCemN4W/UtK0=
M8lWAIYLBscMyYo3MShRx51V23Bq2Cejqn0Lnd7i/B2+f5H78Tth1Bw77frLsBL6att163BontnFkUB10ATEL/BjbUKWZTuR0ZF7l//XXbwGN5ukg1D4HT9cxaPHzwh12c0z1cHXdQd4MADqcS9M7nSCLBWzOLLzjuj9JIsDZ6zjKr1NJA2Swibeh9HjCrtd7gM2xeMkJYaInZ/XyGgNg63oQYMBeYAskoZp6C2y0WrcnKMd1JRbYA4Re9RrTaEE+g2X5RPvHx5NReiV89S/xtpcz6KDdwtpsMVGWdtUCemN4W/UtK0=
3s56K3iZ4X4S6txC9XSj21Os+N9hxj0QH651Soy0pjmNPA3vs5Eh7PNZA6fPO3wdKHFancojp7ywZFadM7pMfnckM65NnAh16vUxWK/C6qFmRqNnnyvUxha3rumXtS2tMzWG7SLtbDYB34N2TwD9fydTsOmpkQvJwctNWwisuHaR83SyBJ8Axm3kCmb/tEX4ax9fsJN2BdGkkSqeVsK/zQPWAwGen44ZI/gdmvjBpwso9LUf3bR5nwFluHDiGtF0zW7pNqyAm8EUSOP8fk3DCItRmRiKUS95k3OnQj1Z0IkTCAeaqsB3fkOrM3XAmX6FO8ixdf29V8i0sQ==
ZJ0rstd0OnLm60lz3QWbEZ1V23Bq2Cejqn0Lnd7i/B2+f5H78Tth1Bw77frLsBL6att163BontnFkUB10ATEL/BjZE2WZTuR0ZF7l//XXbwGN5ukg1D4HT9cxaPHzwh12c0z1cHXdQd4MADqcS9M7nSCLBWzOLLzjuj9JIsDZ6zjKr1NJA2Swibeh9HjCrtd7gM2xeMkJYaInZ/XyGgNg63oQYMBeYAskoZp6C2y0WrcnKMd1JRbYA4Re9RrTaEE+g2X5RPvHx5NReiV89S/xtpcz6KDdwtpsMVGWdtUCemN4W/UtK0=
W82OSi057oBzajT26hR8paJhi8Z8dje0YUtkJ7+jWhuH5sXFKF4Szvm18eA8OsEBDHQ/1RTwGaXWuaZuM/uXupBNXIJpdvMTNaJPxoDP1Cmd9+Zqqn6Q+rWxPnGpeyWTdD9qah5lPK1aQVrv9MxZZk2Z+h6VOEL2Jf1lmBmr8YsTkwZlp/87Q2IEYKgR8pfBliv/CQaCothaU1mvBQwkCUBwja8o0VmfTME02h9mr0+PBafDUdCdreLEiTFD6shNozOIY8+mXCkK80JljdnMbhJ7YU1ddj1hfXPKQSp0PJAOo3HrArGQcdu0oA==
3s56K3iZ4X4S6txC9XSj21Os+N9hxj0QH651Soy0pjmNPA3vs5Eh7PNZA6fPO3wdKHFancojp7ywZFadM7pMfnckM65NnAh16vUxWK/C6qFmRqNnnyvUxha3rumXtS2tMzWG7SLtbDYB34N2TwD9fydTsOmpkQvJwctNWwisuHaR83SyBJ8Axm3kCmb/tEX4ax9fsJN2BdGkkSqeVsK/zQPWAwGen44ZI/gdmvjBpwso9LUf3bR5nwFluHDiGtF0zW7pNqyAm8EUSOP8fk3DCItRmRiKUS95k3OnQj1Z0IkTCAeaqsB3fkOrM3XAmX6FO8ixdf29V8i0sQ==
W82OSi057oBzajT26hR8paJhi8Z8dje0YUtkJ7+jWhuH5sXFKF4Szvm18eA8OsEBDHQ/1RTwGaXWuaZuM/uXupBNXIJpdvMTNaJPxoDP1Cmd9+Zqqn6Q+rWxPnGpeyWTdD9qah5lPK1aQVrv9MxZZk2Z+h6VOEL2Jf1lmBmr8YsTkwZlp/87Q2IEYKgR8pfBliv/CQaCothaU1mvBQwkCUBwja8o0VmfTME02h9mr0+PBafDUdCdreLEiTFD6shNozOIY8+mXCkK80JljdnMbhJ7YU1ddj1hfXPKQSp0PJAOo3HrArGQcdu0oA==
3s56K3iZ4X4S6txC9XSj21Os+N9hxj0QH651Soy0pjmNPA3vs5Eh7PNZA6fPO3wdKHFancojp7ywZFadM7pMfnckM65NnAh16vUxWK/C6qFmRqNnnyvUxha3rumXtS2tMzWG7SLtbDYB34N2TwD9fydTsOmpkQvJwctNWwisuHaR83SyBJ8Axm3kCmb/tEX4ax9fsJN2BdGkkSqeVsK/zQPWAwGen44ZI/gdmvjBpwso9LUf3bR5nwFluHDiGtF0zW7pNqyAm8EUSOP8fk3DCItRmRiKUS95k3OnQj1Z0IkTCAeaqsB3fkOrM3XAmX6FO8ixdf29V8i0sQ==
W82OSi057oBzajT26hR8paJhi8Z8dje0YUtkJ7+jWhuH5sXFKF4Szvm18eA8OsEBDHQ/1RTwGaXWuaZuM/uXupBNXIJpdvMTNaJPxoDP1Cmd9+Zqqn6Q+rWxPnGpeyWTdD9qah5lPK1aQVrv9MxZZk2Z+h6VOEL2Jf1lmBmr8YsTkwZlp/87Q2IEYKgR8pfBliv/CQaCothaU1mvBQwkCUBwja8o0VmfTME02h9mr0+PBafDUdCdreLEiTFD6shNozOIY8+mXCkK80JljdnMbhJ7YU1ddj1hfXPKQSp0PJAOo3HrArGQcdu0oA==
3s56K3iZ4X4S6txC9XSj21Os+N9hxj0QH651Soy0pjmNPA3vs5Eh7PNZA6fPO3wdKHFancojp7ywZFadM7pMfnckM65NnAh16vUxWK/C6qFmRqNnnyvUxha3rumXtS2tMzWG7SLtbDYB34N2TwD9fydTsOmpkQvJwctNWwisuHaR83SyBJ8Axm3kCmb/tEX4ax9fsJN2BdGkkSqeVsK/zQPWAwGen44ZI/gdmvjBpwso9LUf3bR5nwFluHDiGtF0zW7pNqyAm8EUSOP8fk3DCItRmRiKUS95k3OnQj1Z0IkTCAeaqsB3fkOrM3XAmX6FO8ixdf29V8i0sQ==
W82OSi057oBzajT26hR8paJhi8Z8dje0YUtkJ7+jWhuH5sXFKF4Szvm18eA8OsEBDHQ/1RTwGaXWuaZuM/uXupBNXIJpdvMTNaJPxoDP1Cmd9+Zqqn6Q+rWxPnGpeyWTdD9qah5lPK1aQVrv9MxZZk2Z+h6VOEL2Jf1lmBmr8YsTkwZlp/87Q2IEYKgR8pfBliv/CQaCothaU1mvBQwkCUBwja8o0VmfTME02h9mr0+PBafDUdCdreLEiTFD6shNozOIY8+mXCkK80JljdnMbhJ7YU1ddj1hfXPKQSp0PJAOo3HrArGQcdu0oA==
3s56K3iZ4X4S6txC9XSj21Os+N9hxj0QH651Soy0pjmNPA3vs5Eh7PNZA6fPO3wdKHFancojp7ywZFadM7pMfnckM65NnAh16vUxWK/C6qFmRqNnnyvUxha3rumXtS2tMzWG7SLtbDYB34N2TwD9fydTsOmpkQvJwctNWwisuHaR83SyBJ8Axm3kCmb/tEX4ax9fsJN2BdGkkSqeVsK/zQPWAwGen44ZI/gdmvjBpwso9LUf3bR5nwFluHDiGtF0zW7pNqyAm8EUSOP8fk3DCItRmRiKUS95k3OnQj1Z0IkTCAeaqsB3fkOrM3XAmX6FO8ixdf29V8i0sQ==
W82OSi057oBzajT26hR8paJhi8Z8dje0YUtkJ7+jWhuH5sXFKF4Szvm18eA8OsEBDHQ/1RTwGaXWuaZuM/uXupBNXIJpdvMTNaJPxoDP1Cmd9+Zqqn6Q+rWxPnGpeyWTdD9qah5lPK1aQVrv9MxZZk2Z+h6VOEL2Jf1lmBmr8YsTkwZlp/87Q2IEYKgR8pfBliv/CQaCothaU1mvBQwkCUBwja8o0VmfTME02h9mr0+PBafDUdCdreLEiTFD6shNozOIY8+mXCkK80JljdnMbhJ7YU1ddj1hfXPKQSp0PJAOo3HrArGQcdu0oA==
3s56K3iZ4X4S6txC9XSj21Os+N9hxj0QH651Soy0pjmNPA3vs5Eh7PNZA6fPO3wdKHFancojp7ywZFadM7pMfnckM65NnAh16vUxWK/C6qFmRqNnnyvUxha3rumXtS2tMzWG7SLtbDYB34N2TwD9fydTsOmpkQvJwctNWwisuHaR83SyBJ8Axm3kCmb/tEX4ax9fsJN2BdGkkSqeVsK/zQPWAwGen44ZI/gdmvjBpwso9LUf3bR5nwFluHDiGtF0zW7pNqyAm8EUSOP8fk3DCItRmRiKUS95k3OnQj1Z0IkTCAeaqsB3fkOrM3XAmX6FO8ixdf29V8i0sQ==
W82OSi057oBzajT26hR8paJhi8Z8dje0YUtkJ7+jWhuH5sXFKF4Szvm18eA8OsEBDHQ/1RTwGaXWuaZuM/uXupBNXIJpdvMTNaJPxoDP1Cmd9+Zqqn6Q+rWxPnGpeyWTdD9qah5lPK1aQVrv9MxZZk2Z+h6VOEL2Jf1lmBmr8YsTkwZlp/87Q2IEYKgR8pfBliv/CQaCothaU1mvBQwkCUBwja8o0VmfTME02h9mr0+PBafDUdCdreLEiTFD6shNozOIY8+mXCkK80JljdnMbhJ7YU1ddj1hfXPKQSp0PJAOo3HrArGQcdu0oA==
3s56K3iZ4X4S6txC9XSj21Os+N9hxj0QH651Soy0pjmNPA3vs5Eh7PNZA6fPO3wdKHFancojp7ywZFadM7pMfnckM65NnAh16vUxWK/C6qFmRqNnnyvUxha3rumXtS2tMzWG7SLtbDYB34N2TwD9fydTsOmpkQvJwctNWwisuHaR83SyBJ8Axm3kCmb/tEX4ax9fsJN2BdGkkSqeVsK/zQPWAwGen44ZI/gdmvjBpwso9LUf3bR5nwFluHDiGtF0zW7pNqyAm8EUSOP8fk3DCItRmRiKUS95k3OnQj1Z0IkTCAeaqsB3fkOrM3XAmX6FO8ixdf29V8i0sQ==
W82OSi057oBzajT26hR8paJhi8Z8dje0YUtkJ7+jWhuH5sXFKF4Szvm18eA8OsEBDHQ/1RTwGaXWuaZuM/uXupBNXIJpdvMTNaJPxoDP1Cmd9+Zqqn6Q+rWxPnGpeyWTdD9qah5lPK1aQVrv9MxZZk2Z+h6VOEL2Jf1lmBmr8YsTkwZlp/87Q2IEYKgR8pfBliv/CQaCothaU1mvBQwkCUBwja8o0VmfTME02h9mr0+PBafDUdCdreLEiTFD6shNozOIY8+mXCkK80JljdnMbhJ7YU1ddj1hfXPKQSp0PJAOo3HrArGQcdu0oA==
3s56K3iZ4X4S6txC9XSj21Os+N9hxj0QH651Soy0pjmNPA3vs5Eh7PNZA6fPO3wdKHFancojp7ywZFadM7pMfnckM65NnAh16vUxWK/C6qFmRqNnnyvUxha3rumXtS2tMzWG7SLtbDYB34N2TwD9fydTsOmpkQvJwctNWwisuHaR83SyBJ8Axm3kCmb/tEX4ax9fsJN2BdGkkSqeVsK/zQPWAwGen44ZI/gdmvjBpwso9LUf3bR5nwFluHDiGtF0zW7pNqyAm8EUSOP8fk3DCItRmRiKUS95k3OnQj1Z0IkTCAeaqsB3fkOrM3XAmX6FO8ixdf29V8i0sQ==
W82OSi057oBzajT26hR8paJhi8Z8dje0YUtkJ7+jWhuH5sXFKF4Szvm18eA8OsEBDHQ/1RTwGaXWuaZuM/uXupBNXIJpdvMTNaJPxoDP1Cmd9+Zqqn6Q+rWxPnGpeyWTdD9qah5lPK1aQVrv9MxZZk2Z+h6VOEL2Jf1lmBmr8YsTkwZlp/87Q2IEYKgR8pfBliv/CQaCothaU1mvBQwkCUBwja8o0VmfTME02h9mr0+PBafDUdCdreLEiTFD6shNozOIY8+mXCkK80JljdnMbhJ7YU1ddj1hfXPKQSp0PJAOo3HrArGQcdu0oA==
3s56K3iZ4X4S6txC9XSj21Os+N9hxj0QH651Soy0pjmNPA3vs5Eh7PNZA6fPO3wdKHFancojp7ywZFadM7pMfnckM65NnAh16vUxWK/C6qFmRqNnnyvUxha3rumXtS2tMzWG7SLtbDYB34N2TwD9fydTsOmpkQvJwctNWwisuHaR83SyBJ8Axm3kCmb/tEX4ax9fsJN2BdGkkSqeVsK/zQPWAwGen44ZI/gdmvjBpwso9LUf3bR5nwFluHDiGtF0zW7pNqyAm8EUSOP8fk3DCItRmRiKUS95k3OnQj1Z0IkTCAeaqsB3fkOrM3XAmX6FO8ixdf29V8i0sQ==
W82OSi057oBzajT26hR8paJhi8Z8dje0YUtkJ7+jWhuH5sXFKF4Szvm18eA8OsEBDHQ/1RTwGaXWuaZuM/uXupBNXIJpdvMTNaJPxoDP1Cmd9+Zqqn6Q+rWxPnGpeyWTdD9qah5lPK1aQVrv9MxZZk2Z+h6VOEL2Jf1lmBmr8YsTkwZlp/87Q2IEYKgR8pfBliv/CQaCothaU1mvBQwkCUBwja8o0VmfTME02h9mr0+PBafDUdCdreLEiTFD6shNozOIY8+mXCkK80JljdnMbhJ7YU1ddj1hfXPKQSp0PJAOo3HrArGQcdu0oA==
YFjQeWCAix/qMieS/B0s6pcBvR3SSuonovc+c4uISPXl7yg6kSUYe15Heb1lFrVRlfnmMaRUxCAW48n72hGYIXO0CA==
tURSHvkHdRypkfQ6ogY6yDYhPAqwJDDm9gMU2HBjGo/KPpSxy//twgMk0vKb2Cm15/2Im8JzC6IVq+Xv2w60Cw==
9K7seCCc+KG3Y5eBkU3mp87RUkHLkaU+ij8oliEVVX1vSIfaqgD3PklvszPAWf5FO4gxtf391wi0cQ==
9Psqvbv95xas97juPRza9o9d8kREad3BNHTEIZs7jcWZZlk5QbkymQjkeJiiQ50jhsH0yQe0fA==
PTcsaVIIudxpmsDZU/son6o9pxtdZByKd1Un1BDgcbTR2HUl0bpsHig+kegBjXiN/gxHNmuiUFSyGYV/h54pjzRNl6wLWlGTf66WGWSRawU7RkRN9OCdVgkIbvhtospT4IV0gApELTsAZyJ6zTqh+38vGYEvsVDwWK6Eow98/AseDZPKViINV627WdUB8LvYrF8a1tKrgd3Qk5vjbcAmNfiruqgCK+7sUDnFrI9dGR0sosee51BmsRz6s5IGzD51KSaEyyxPB1S7POkpakTi5aATZZAbRR0xaDzWFueQ1j0k8sx5Du9x5/BbMMhVK3p7Hr4ERtYfkA4vhrkifB47hqA46ZllBR7u69htxRznA9Xekv/mnRqolkmj5w14UEyooMOTqvYd7RaBwvsBM3L74BF7ZL+2jK6EW1czaE8jFmn60wN2ISggpyNx+KqZnfViLXWBi+Si2pz1Lj0QZVRkNq9LdIafDuZrh7Kbz3VaYke7U9Pdu9BFn7STozbLOKK2gzTpoY9BmH96f2sWHXdV64OitN8=
wb1rv2GECA6jzmNam+zmzJzP1f2lgahnsk0SVW1qlm5V0I846emoc47UP334jbn1AZK0Ms5gqRCa+bT3aWKJ5ud7mp1rxCxmv4L3iAnVO3RGpwjzw/OvzMTDaBIlMG2yniYh4IKFFK8U7jZWNT0EfTKE4RjJzavlWc9zA6hW/NQ0PYP+dJ2q5zNkKnDVkWnhCevtEpOuuFUa2M7ZuTs0qeu9oQLuY4wBWka+uXZq1KNV0iP/8at46AdQO2IelzgAg4wKzjZjHUyk5dCdXxL/5jmXBiZKEzSZ5R6Ht6VXDIYmyKvSnuvQ2KwXMv1p4fRBIDZ5CRJNynRECIqtaKiL/Am88JyzEBTSSTcZV8YoL4I9+/AFK6PKmP/ogWiQcK2Zl1O0koT+1GlzREqPdZAFWGt/n9ATVkUxpHFqvtaif60DdkMhHn/OuSNY3fp44WerKBT1/12Uuf8BBXhQYvqRlM3OKRYs4FthFOijHP5tg6iLMVl4CnFvmZOT52K9ORDpE6hHuiogN95JD/MTQLm+JTso8ZV9nZeotNE=
qyu+hDSp1pIDnwUI2afCnt60on7k8Htjj9JZRVtuXVGCZyJcNnQqq3AgxZrypg60MRm4wgkVVar9nYFjNGp6FGVGfXh1XET+f6P0bk/GxmOX2tun5dLCj2u70zVrGOUXJPvjXtswgn5T3GNJX4m4d2oXK36N//UjU0q0Nw==
Fq8Ngq1ecHCKsiPSDvzAhfrAoBn2jzM/4JazGXkAHcm/smU4IR0iiWTBSwTja+IzireCFVUsDx/t9RxKWpuQjzSHUa1tNo2B7XNeYVw0zDB+I2FLUnFAEWu0EA==
HOpwquJOCUYKv/9JvwF8GOAhp0FhtEEthJFmFjWV/5iLRUkCE5S3hYRlwqHt6EUzNJ/8B3RZA/TJU6s1WgacQ8bDwrcngbtuq23LE3iNeizaHAgTl0dEaUYdbbQW
QBmiR2apqm/uFmT9IW/12skSiGRQhmA3s5FmFjWV/5iLRUkCE5S3hYRlwqHt6EUzNJ/8B3RZA/TJU6s1WgacQ8bDwrcngbtuq23LE3iNeizaHAgTl0dEaUYdbbQW
71L1qubdnd/BE2pygHs5CCy9lQathGIWMZ3jiGd9LSL3zJt1uC0GYamguYNYR1hn0KGvZFXbL7XejgDTartmV4PZV97XpQ9TPEVGXPbEbDNzfyh5WhVptBI=
R55NJNVqRXUMmXl2SOa00jHe5PvT8cM9bd3TNrhiRmGEUl4WDWXH+KO1gUJbRB/lHPVaIXV43ZNcTzRHPGnr1LFjUzUiNmRjrvMKd2/RU84z/VOT4B3izHJMwNPfN2yJfm1VtC4=
dd7UteKjxuBK2xekgYGX4JyzTw1KpHa8NZdfPKyFLM6+mdZMJwQ87vO+ipIeRCnpyy1xpKqO52G5Gx9lQwDo1E201QNUR4eDlRVfhuso4ibjROPR79HYb1rP66Y9Z5V7Y1K0Lw==
h37oOL6IGOpi7tR2k8OroBEMbyIkGII8A88xR6uytoFTKX0gASowCMg+c3p2xc42DvFd+QxpRVm0dLKK3ZwnZtZ+P/UjUD36Qfc+gPNTViknYzJBSiZhntGz8fXZPy8o41GcJPfNPRK2sd3D9p+xXiLVdDM8mfMhspJsix+xI45DnQOTsL1SjEJscFMPF3xJ7o2ltN4=
svC3DYwc3n2dx7D6szm7Twl+bz9ce25+TeGGoEQFOva3uedQLrXOPFEuKcXx5ApvievfN0sw48mJ2Sxxv2yiBHlox3oq4LceQ09zU0D5PmU7aHFVfV0XaLQR
mEovVfuX1GEsAHDECqW1utPLyRgQhfdiZRSKLEWD28NihRGnB0Eb7sut6xOYzdqsutxoE7cHpOnm3Q20dg==
mEovVfuX1GEsAHDECqW1utPLyRgQhfdiZRSKLEWD28NihRGnB0Eb7sut6xOYzdqsutxoE7cHpOnm3Q20dg==
DDOgsy39u8xjiykUTDVkyb9O0TBsn0ZKcAtAnn8NWi/h3kLUnHpOUDLSetGrM55nIz7H8oWWsNeIuuGGzVR2DVdN/Sr+oGRn/YoNGV4sWhEkdRXzMUkSV3l6naZABoIIwifH4krlpknSv2FeOgBG8MDHCDwB5kA=
